[I 2025-05-03 23:22:07,767] Trial 537 finished with value: 0.8094349290001465 and parameters: {'max_depth': 7, 'n_estimators': 80, 'learning_rate': 0.14982784403416005, 'subsample': 0.5009665816866722, 'colsample_bytree': 0.9637614179929695}. Best is trial 503 with value: 0.8344894763673439.
c:\Users\x-hp\OneDrive - National Economics University\Desktop\ML Ops\.venv\Lib\site-packages\xgboost\training.py:183: UserWarning: [23:22:07] WARNING: C:\actions-runner\_work\xgboost\xgboost\src\learner.cc:738:
Parameters: { "use_label_encoder" } are not used.

  bst.update(dtrain, iteration=i, fobj=obj)
c:\Users\x-hp\OneDrive - National Economics University\Desktop\ML Ops\.venv\Lib\site-packages\xgboost\training.py:183: UserWarning: [23:22:08] WARNING: C:\actions-runner\_work\xgboost\xgboost\src\learner.cc:738:
Parameters: { "use_label_encoder" } are not used.

  bst.update(dtrain, iteration=i, fobj=obj)
c:\Users\x-hp\OneDrive - National Economics University\Desktop\ML Ops\.venv\Lib\site-packages\xgboost\training.py:183: UserWarning: [23:22:08] WARNING: C:\actions-runner\_work\xgboost\xgboost\src\learner.cc:738:
Parameters: { "use_label_encoder" } are not used.

  bst.update(dtrain, iteration=i, fobj=obj)
[I 2025-05-03 23:22:08,314] Trial 538 finished with value: 0.8278167986304865 and parameters: {'max_depth': 7, 'n_estimators': 83, 'learning_rate': 0.026669533171329134, 'subsample': 0.5173250366192793, 'colsample_bytree': 0.9999303175540915}. Best is trial 503 with value: 0.8344894763673439.
c:\Users\x-hp\OneDrive - National Economics University\Desktop\ML Ops\.venv\Lib\site-packages\xgboost\training.py:183: UserWarning: [23:22:08] WARNING: C:\actions-runner\_work\xgboost\xgboost\src\learner.cc:738:
Parameters: { "use_label_encoder" } are not used.

  bst.update(dtrain, iteration=i, fobj=obj)
c:\Users\x-hp\OneDrive - National Economics University\Desktop\ML Ops\.venv\Lib\site-packages\xgboost\training.py:183: UserWarning: [23:22:08] WARNING: C:\actions-runner\_work\xgboost\xgboost\src\learner.cc:738:
Parameters: { "use_label_encoder" } are not used.

  bst.update(dtrain, iteration=i, fobj=obj)
c:\Users\x-hp\OneDrive - National Economics University\Desktop\ML Ops\.venv\Lib\site-packages\xgboost\training.py:183: UserWarning: [23:22:08] WARNING: C:\actions-runner\_work\xgboost\xgboost\src\learner.cc:738:
Parameters: { "use_label_encoder" } are not used.

  bst.update(dtrain, iteration=i, fobj=obj)
[I 2025-05-03 23:22:08,833] Trial 539 finished with value: 0.8152233763567303 and parameters: {'max_depth': 7, 'n_estimators': 77, 'learning_rate': 0.036029713299155844, 'subsample': 0.5305249527586247, 'colsample_bytree': 0.9840290066650262}. Best is trial 503 with value: 0.8344894763673439.
c:\Users\x-hp\OneDrive - National Economics University\Desktop\ML Ops\.venv\Lib\site-packages\xgboost\training.py:183: UserWarning: [23:22:08] WARNING: C:\actions-runner\_work\xgboost\xgboost\src\learner.cc:738:
Parameters: { "use_label_encoder" } are not used.

  bst.update(dtrain, iteration=i, fobj=obj)
c:\Users\x-hp\OneDrive - National Economics University\Desktop\ML Ops\.venv\Lib\site-packages\xgboost\training.py:183: UserWarning: [23:22:09] WARNING: C:\actions-runner\_work\xgboost\xgboost\src\learner.cc:738:
Parameters: { "use_label_encoder" } are not used.

  bst.update(dtrain, iteration=i, fobj=obj)
c:\Users\x-hp\OneDrive - National Economics University\Desktop\ML Ops\.venv\Lib\site-packages\xgboost\training.py:183: UserWarning: [23:22:09] WARNING: C:\actions-runner\_work\xgboost\xgboost\src\learner.cc:738:
Parameters: { "use_label_encoder" } are not used.

  bst.update(dtrain, iteration=i, fobj=obj)
[I 2025-05-03 23:22:09,452] Trial 540 finished with value: 0.8213996320802451 and parameters: {'max_depth': 7, 'n_estimators': 95, 'learning_rate': 0.021466504528274158, 'subsample': 0.5080541646212562, 'colsample_bytree': 0.946279554800841}. Best is trial 503 with value: 0.8344894763673439.
c:\Users\x-hp\OneDrive - National Economics University\Desktop\ML Ops\.venv\Lib\site-packages\xgboost\training.py:183: UserWarning: [23:22:09] WARNING: C:\actions-runner\_work\xgboost\xgboost\src\learner.cc:738:
Parameters: { "use_label_encoder" } are not used.

  bst.update(dtrain, iteration=i, fobj=obj)
c:\Users\x-hp\OneDrive - National Economics University\Desktop\ML Ops\.venv\Lib\site-packages\xgboost\training.py:183: UserWarning: [23:22:09] WARNING: C:\actions-runner\_work\xgboost\xgboost\src\learner.cc:738:
Parameters: { "use_label_encoder" } are not used.

  bst.update(dtrain, iteration=i, fobj=obj)
c:\Users\x-hp\OneDrive - National Economics University\Desktop\ML Ops\.venv\Lib\site-packages\xgboost\training.py:183: UserWarning: [23:22:09] WARNING: C:\actions-runner\_work\xgboost\xgboost\src\learner.cc:738:
Parameters: { "use_label_encoder" } are not used.

  bst.update(dtrain, iteration=i, fobj=obj)
[I 2025-05-03 23:22:10,020] Trial 541 finished with value: 0.8262621908069724 and parameters: {'max_depth': 7, 'n_estimators': 91, 'learning_rate': 0.029682012292173522, 'subsample': 0.5240921383857665, 'colsample_bytree': 0.9598174717201674}. Best is trial 503 with value: 0.8344894763673439.
c:\Users\x-hp\OneDrive - National Economics University\Desktop\ML Ops\.venv\Lib\site-packages\xgboost\training.py:183: UserWarning: [23:22:10] WARNING: C:\actions-runner\_work\xgboost\xgboost\src\learner.cc:738:
Parameters: { "use_label_encoder" } are not used.

  bst.update(dtrain, iteration=i, fobj=obj)
c:\Users\x-hp\OneDrive - National Economics University\Desktop\ML Ops\.venv\Lib\site-packages\xgboost\training.py:183: UserWarning: [23:22:10] WARNING: C:\actions-runner\_work\xgboost\xgboost\src\learner.cc:738:
Parameters: { "use_label_encoder" } are not used.

  bst.update(dtrain, iteration=i, fobj=obj)
c:\Users\x-hp\OneDrive - National Economics University\Desktop\ML Ops\.venv\Lib\site-packages\xgboost\training.py:183: UserWarning: [23:22:10] WARNING: C:\actions-runner\_work\xgboost\xgboost\src\learner.cc:738:
Parameters: { "use_label_encoder" } are not used.

  bst.update(dtrain, iteration=i, fobj=obj)
[I 2025-05-03 23:22:10,536] Trial 542 finished with value: 0.8212252036450751 and parameters: {'max_depth': 7, 'n_estimators': 78, 'learning_rate': 0.03966194808750879, 'subsample': 0.5000397333040482, 'colsample_bytree': 0.9758771481728444}. Best is trial 503 with value: 0.8344894763673439.
c:\Users\x-hp\OneDrive - National Economics University\Desktop\ML Ops\.venv\Lib\site-packages\xgboost\training.py:183: UserWarning: [23:22:10] WARNING: C:\actions-runner\_work\xgboost\xgboost\src\learner.cc:738:
Parameters: { "use_label_encoder" } are not used.

  bst.update(dtrain, iteration=i, fobj=obj)
c:\Users\x-hp\OneDrive - National Economics University\Desktop\ML Ops\.venv\Lib\site-packages\xgboost\training.py:183: UserWarning: [23:22:10] WARNING: C:\actions-runner\_work\xgboost\xgboost\src\learner.cc:738:
Parameters: { "use_label_encoder" } are not used.

  bst.update(dtrain, iteration=i, fobj=obj)
c:\Users\x-hp\OneDrive - National Economics University\Desktop\ML Ops\.venv\Lib\site-packages\xgboost\training.py:183: UserWarning: [23:22:10] WARNING: C:\actions-runner\_work\xgboost\xgboost\src\learner.cc:738:
Parameters: { "use_label_encoder" } are not used.

  bst.update(dtrain, iteration=i, fobj=obj)
[I 2025-05-03 23:22:11,054] Trial 543 finished with value: 0.816407495279433 and parameters: {'max_depth': 7, 'n_estimators': 83, 'learning_rate': 0.03363820812250314, 'subsample': 0.5376963953341716, 'colsample_bytree': 0.7887914326543852}. Best is trial 503 with value: 0.8344894763673439.
c:\Users\x-hp\OneDrive - National Economics University\Desktop\ML Ops\.venv\Lib\site-packages\xgboost\training.py:183: UserWarning: [23:22:11] WARNING: C:\actions-runner\_work\xgboost\xgboost\src\learner.cc:738:
Parameters: { "use_label_encoder" } are not used.

  bst.update(dtrain, iteration=i, fobj=obj)
c:\Users\x-hp\OneDrive - National Economics University\Desktop\ML Ops\.venv\Lib\site-packages\xgboost\training.py:183: UserWarning: [23:22:11] WARNING: C:\actions-runner\_work\xgboost\xgboost\src\learner.cc:738:
Parameters: { "use_label_encoder" } are not used.

  bst.update(dtrain, iteration=i, fobj=obj)
c:\Users\x-hp\OneDrive - National Economics University\Desktop\ML Ops\.venv\Lib\site-packages\xgboost\training.py:183: UserWarning: [23:22:11] WARNING: C:\actions-runner\_work\xgboost\xgboost\src\learner.cc:738:
Parameters: { "use_label_encoder" } are not used.

  bst.update(dtrain, iteration=i, fobj=obj)
[I 2025-05-03 23:22:11,537] Trial 544 finished with value: 0.8115422775879174 and parameters: {'max_depth': 7, 'n_estimators': 75, 'learning_rate': 0.11245742229022854, 'subsample': 0.5165867651649197, 'colsample_bytree': 0.9907622055339513}. Best is trial 503 with value: 0.8344894763673439.
c:\Users\x-hp\OneDrive - National Economics University\Desktop\ML Ops\.venv\Lib\site-packages\xgboost\training.py:183: UserWarning: [23:22:11] WARNING: C:\actions-runner\_work\xgboost\xgboost\src\learner.cc:738:
Parameters: { "use_label_encoder" } are not used.

  bst.update(dtrain, iteration=i, fobj=obj)
c:\Users\x-hp\OneDrive - National Economics University\Desktop\ML Ops\.venv\Lib\site-packages\xgboost\training.py:183: UserWarning: [23:22:11] WARNING: C:\actions-runner\_work\xgboost\xgboost\src\learner.cc:738:
Parameters: { "use_label_encoder" } are not used.

  bst.update(dtrain, iteration=i, fobj=obj)
c:\Users\x-hp\OneDrive - National Economics University\Desktop\ML Ops\.venv\Lib\site-packages\xgboost\training.py:183: UserWarning: [23:22:11] WARNING: C:\actions-runner\_work\xgboost\xgboost\src\learner.cc:738:
Parameters: { "use_label_encoder" } are not used.

  bst.update(dtrain, iteration=i, fobj=obj)
[I 2025-05-03 23:22:12,050] Trial 545 finished with value: 0.8131290617696655 and parameters: {'max_depth': 7, 'n_estimators': 79, 'learning_rate': 0.028282277511512653, 'subsample': 0.5104281509710956, 'colsample_bytree': 0.9524249530294514}. Best is trial 503 with value: 0.8344894763673439.
c:\Users\x-hp\OneDrive - National Economics University\Desktop\ML Ops\.venv\Lib\site-packages\xgboost\training.py:183: UserWarning: [23:22:12] WARNING: C:\actions-runner\_work\xgboost\xgboost\src\learner.cc:738:
Parameters: { "use_label_encoder" } are not used.

  bst.update(dtrain, iteration=i, fobj=obj)
c:\Users\x-hp\OneDrive - National Economics University\Desktop\ML Ops\.venv\Lib\site-packages\xgboost\training.py:183: UserWarning: [23:22:12] WARNING: C:\actions-runner\_work\xgboost\xgboost\src\learner.cc:738:
Parameters: { "use_label_encoder" } are not used.

  bst.update(dtrain, iteration=i, fobj=obj)
c:\Users\x-hp\OneDrive - National Economics University\Desktop\ML Ops\.venv\Lib\site-packages\xgboost\training.py:183: UserWarning: [23:22:12] WARNING: C:\actions-runner\_work\xgboost\xgboost\src\learner.cc:738:
Parameters: { "use_label_encoder" } are not used.

  bst.update(dtrain, iteration=i, fobj=obj)
[I 2025-05-03 23:22:12,880] Trial 546 finished with value: 0.8175489453839969 and parameters: {'max_depth': 7, 'n_estimators': 172, 'learning_rate': 0.03884378874592458, 'subsample': 0.5270337735753855, 'colsample_bytree': 0.9693782921264347}. Best is trial 503 with value: 0.8344894763673439.
c:\Users\x-hp\OneDrive - National Economics University\Desktop\ML Ops\.venv\Lib\site-packages\xgboost\training.py:183: UserWarning: [23:22:13] WARNING: C:\actions-runner\_work\xgboost\xgboost\src\learner.cc:738:
Parameters: { "use_label_encoder" } are not used.

  bst.update(dtrain, iteration=i, fobj=obj)
c:\Users\x-hp\OneDrive - National Economics University\Desktop\ML Ops\.venv\Lib\site-packages\xgboost\training.py:183: UserWarning: [23:22:13] WARNING: C:\actions-runner\_work\xgboost\xgboost\src\learner.cc:738:
Parameters: { "use_label_encoder" } are not used.

  bst.update(dtrain, iteration=i, fobj=obj)
c:\Users\x-hp\OneDrive - National Economics University\Desktop\ML Ops\.venv\Lib\site-packages\xgboost\training.py:183: UserWarning: [23:22:13] WARNING: C:\actions-runner\_work\xgboost\xgboost\src\learner.cc:738:
Parameters: { "use_label_encoder" } are not used.

  bst.update(dtrain, iteration=i, fobj=obj)
[I 2025-05-03 23:22:13,389] Trial 547 finished with value: 0.8288866930171278 and parameters: {'max_depth': 8, 'n_estimators': 73, 'learning_rate': 0.04706428623249734, 'subsample': 0.5171277066749979, 'colsample_bytree': 0.9432339474901168}. Best is trial 503 with value: 0.8344894763673439.
c:\Users\x-hp\OneDrive - National Economics University\Desktop\ML Ops\.venv\Lib\site-packages\xgboost\training.py:183: UserWarning: [23:22:13] WARNING: C:\actions-runner\_work\xgboost\xgboost\src\learner.cc:738:
Parameters: { "use_label_encoder" } are not used.

  bst.update(dtrain, iteration=i, fobj=obj)
c:\Users\x-hp\OneDrive - National Economics University\Desktop\ML Ops\.venv\Lib\site-packages\xgboost\training.py:183: UserWarning: [23:22:13] WARNING: C:\actions-runner\_work\xgboost\xgboost\src\learner.cc:738:
Parameters: { "use_label_encoder" } are not used.

  bst.update(dtrain, iteration=i, fobj=obj)
c:\Users\x-hp\OneDrive - National Economics University\Desktop\ML Ops\.venv\Lib\site-packages\xgboost\training.py:183: UserWarning: [23:22:13] WARNING: C:\actions-runner\_work\xgboost\xgboost\src\learner.cc:738:
Parameters: { "use_label_encoder" } are not used.

  bst.update(dtrain, iteration=i, fobj=obj)
[I 2025-05-03 23:22:13,826] Trial 548 finished with value: 0.8228412420078723 and parameters: {'max_depth': 7, 'n_estimators': 71, 'learning_rate': 0.06429416116498364, 'subsample': 0.540157695093262, 'colsample_bytree': 0.9608321659562918}. Best is trial 503 with value: 0.8344894763673439.
c:\Users\x-hp\OneDrive - National Economics University\Desktop\ML Ops\.venv\Lib\site-packages\xgboost\training.py:183: UserWarning: [23:22:14] WARNING: C:\actions-runner\_work\xgboost\xgboost\src\learner.cc:738:
Parameters: { "use_label_encoder" } are not used.

  bst.update(dtrain, iteration=i, fobj=obj)
c:\Users\x-hp\OneDrive - National Economics University\Desktop\ML Ops\.venv\Lib\site-packages\xgboost\training.py:183: UserWarning: [23:22:14] WARNING: C:\actions-runner\_work\xgboost\xgboost\src\learner.cc:738:
Parameters: { "use_label_encoder" } are not used.

  bst.update(dtrain, iteration=i, fobj=obj)
c:\Users\x-hp\OneDrive - National Economics University\Desktop\ML Ops\.venv\Lib\site-packages\xgboost\training.py:183: UserWarning: [23:22:14] WARNING: C:\actions-runner\_work\xgboost\xgboost\src\learner.cc:738:
Parameters: { "use_label_encoder" } are not used.

  bst.update(dtrain, iteration=i, fobj=obj)
[I 2025-05-03 23:22:14,442] Trial 549 finished with value: 0.8258186245937295 and parameters: {'max_depth': 7, 'n_estimators': 76, 'learning_rate': 0.023514311491569365, 'subsample': 0.5080405714480275, 'colsample_bytree': 0.9804151312514595}. Best is trial 503 with value: 0.8344894763673439.
c:\Users\x-hp\OneDrive - National Economics University\Desktop\ML Ops\.venv\Lib\site-packages\xgboost\training.py:183: UserWarning: [23:22:14] WARNING: C:\actions-runner\_work\xgboost\xgboost\src\learner.cc:738:
Parameters: { "use_label_encoder" } are not used.

  bst.update(dtrain, iteration=i, fobj=obj)
c:\Users\x-hp\OneDrive - National Economics University\Desktop\ML Ops\.venv\Lib\site-packages\xgboost\training.py:183: UserWarning: [23:22:14] WARNING: C:\actions-runner\_work\xgboost\xgboost\src\learner.cc:738:
Parameters: { "use_label_encoder" } are not used.

  bst.update(dtrain, iteration=i, fobj=obj)
c:\Users\x-hp\OneDrive - National Economics University\Desktop\ML Ops\.venv\Lib\site-packages\xgboost\training.py:183: UserWarning: [23:22:15] WARNING: C:\actions-runner\_work\xgboost\xgboost\src\learner.cc:738:
Parameters: { "use_label_encoder" } are not used.

  bst.update(dtrain, iteration=i, fobj=obj)
[I 2025-05-03 23:22:15,131] Trial 550 finished with value: 0.8236463019086195 and parameters: {'max_depth': 7, 'n_estimators': 82, 'learning_rate': 0.03446494028222366, 'subsample': 0.5310165753357914, 'colsample_bytree': 0.9723219550353553}. Best is trial 503 with value: 0.8344894763673439.
c:\Users\x-hp\OneDrive - National Economics University\Desktop\ML Ops\.venv\Lib\site-packages\xgboost\training.py:183: UserWarning: [23:22:15] WARNING: C:\actions-runner\_work\xgboost\xgboost\src\learner.cc:738:
Parameters: { "use_label_encoder" } are not used.

  bst.update(dtrain, iteration=i, fobj=obj)
c:\Users\x-hp\OneDrive - National Economics University\Desktop\ML Ops\.venv\Lib\site-packages\xgboost\training.py:183: UserWarning: [23:22:15] WARNING: C:\actions-runner\_work\xgboost\xgboost\src\learner.cc:738:
Parameters: { "use_label_encoder" } are not used.

  bst.update(dtrain, iteration=i, fobj=obj)
c:\Users\x-hp\OneDrive - National Economics University\Desktop\ML Ops\.venv\Lib\site-packages\xgboost\training.py:183: UserWarning: [23:22:15] WARNING: C:\actions-runner\_work\xgboost\xgboost\src\learner.cc:738:
Parameters: { "use_label_encoder" } are not used.

  bst.update(dtrain, iteration=i, fobj=obj)
[I 2025-05-03 23:22:15,635] Trial 551 finished with value: 0.8283077446314183 and parameters: {'max_depth': 7, 'n_estimators': 86, 'learning_rate': 0.04181236084792225, 'subsample': 0.5197488241861027, 'colsample_bytree': 0.9885296510901227}. Best is trial 503 with value: 0.8344894763673439.
c:\Users\x-hp\OneDrive - National Economics University\Desktop\ML Ops\.venv\Lib\site-packages\xgboost\training.py:183: UserWarning: [23:22:15] WARNING: C:\actions-runner\_work\xgboost\xgboost\src\learner.cc:738:
Parameters: { "use_label_encoder" } are not used.

  bst.update(dtrain, iteration=i, fobj=obj)
c:\Users\x-hp\OneDrive - National Economics University\Desktop\ML Ops\.venv\Lib\site-packages\xgboost\training.py:183: UserWarning: [23:22:15] WARNING: C:\actions-runner\_work\xgboost\xgboost\src\learner.cc:738:
Parameters: { "use_label_encoder" } are not used.

  bst.update(dtrain, iteration=i, fobj=obj)
c:\Users\x-hp\OneDrive - National Economics University\Desktop\ML Ops\.venv\Lib\site-packages\xgboost\training.py:183: UserWarning: [23:22:15] WARNING: C:\actions-runner\_work\xgboost\xgboost\src\learner.cc:738:
Parameters: { "use_label_encoder" } are not used.

  bst.update(dtrain, iteration=i, fobj=obj)
[I 2025-05-03 23:22:16,049] Trial 552 finished with value: 0.8051628339453573 and parameters: {'max_depth': 7, 'n_estimators': 69, 'learning_rate': 0.28082331654251746, 'subsample': 0.5089901941778873, 'colsample_bytree': 0.9404043996362095}. Best is trial 503 with value: 0.8344894763673439.
c:\Users\x-hp\OneDrive - National Economics University\Desktop\ML Ops\.venv\Lib\site-packages\xgboost\training.py:183: UserWarning: [23:22:16] WARNING: C:\actions-runner\_work\xgboost\xgboost\src\learner.cc:738:
Parameters: { "use_label_encoder" } are not used.

  bst.update(dtrain, iteration=i, fobj=obj)
c:\Users\x-hp\OneDrive - National Economics University\Desktop\ML Ops\.venv\Lib\site-packages\xgboost\training.py:183: UserWarning: [23:22:16] WARNING: C:\actions-runner\_work\xgboost\xgboost\src\learner.cc:738:
Parameters: { "use_label_encoder" } are not used.

  bst.update(dtrain, iteration=i, fobj=obj)
c:\Users\x-hp\OneDrive - National Economics University\Desktop\ML Ops\.venv\Lib\site-packages\xgboost\training.py:183: UserWarning: [23:22:16] WARNING: C:\actions-runner\_work\xgboost\xgboost\src\learner.cc:738:
Parameters: { "use_label_encoder" } are not used.

  bst.update(dtrain, iteration=i, fobj=obj)
[I 2025-05-03 23:22:16,498] Trial 553 finished with value: 0.7953486289620745 and parameters: {'max_depth': 7, 'n_estimators': 76, 'learning_rate': 0.23595668171344064, 'subsample': 0.5001687956371921, 'colsample_bytree': 0.9561329164691769}. Best is trial 503 with value: 0.8344894763673439.
c:\Users\x-hp\OneDrive - National Economics University\Desktop\ML Ops\.venv\Lib\site-packages\xgboost\training.py:183: UserWarning: [23:22:16] WARNING: C:\actions-runner\_work\xgboost\xgboost\src\learner.cc:738:
Parameters: { "use_label_encoder" } are not used.

  bst.update(dtrain, iteration=i, fobj=obj)
c:\Users\x-hp\OneDrive - National Economics University\Desktop\ML Ops\.venv\Lib\site-packages\xgboost\training.py:183: UserWarning: [23:22:16] WARNING: C:\actions-runner\_work\xgboost\xgboost\src\learner.cc:738:
Parameters: { "use_label_encoder" } are not used.

  bst.update(dtrain, iteration=i, fobj=obj)
c:\Users\x-hp\OneDrive - National Economics University\Desktop\ML Ops\.venv\Lib\site-packages\xgboost\training.py:183: UserWarning: [23:22:16] WARNING: C:\actions-runner\_work\xgboost\xgboost\src\learner.cc:738:
Parameters: { "use_label_encoder" } are not used.

  bst.update(dtrain, iteration=i, fobj=obj)
[I 2025-05-03 23:22:16,983] Trial 554 finished with value: 0.8277734170591313 and parameters: {'max_depth': 7, 'n_estimators': 79, 'learning_rate': 0.031689201932269526, 'subsample': 0.5258288773029708, 'colsample_bytree': 0.9692803215043427}. Best is trial 503 with value: 0.8344894763673439.
c:\Users\x-hp\OneDrive - National Economics University\Desktop\ML Ops\.venv\Lib\site-packages\xgboost\training.py:183: UserWarning: [23:22:17] WARNING: C:\actions-runner\_work\xgboost\xgboost\src\learner.cc:738:
Parameters: { "use_label_encoder" } are not used.

  bst.update(dtrain, iteration=i, fobj=obj)
c:\Users\x-hp\OneDrive - National Economics University\Desktop\ML Ops\.venv\Lib\site-packages\xgboost\training.py:183: UserWarning: [23:22:17] WARNING: C:\actions-runner\_work\xgboost\xgboost\src\learner.cc:738:
Parameters: { "use_label_encoder" } are not used.

  bst.update(dtrain, iteration=i, fobj=obj)
c:\Users\x-hp\OneDrive - National Economics University\Desktop\ML Ops\.venv\Lib\site-packages\xgboost\training.py:183: UserWarning: [23:22:17] WARNING: C:\actions-runner\_work\xgboost\xgboost\src\learner.cc:738:
Parameters: { "use_label_encoder" } are not used.

  bst.update(dtrain, iteration=i, fobj=obj)
