[I 2025-05-03 23:23:32,957] Trial 681 finished with value: 0.8243903881465103 and parameters: {'max_depth': 7, 'n_estimators': 78, 'learning_rate': 0.03352643144763571, 'subsample': 0.5004336257398402, 'colsample_bytree': 0.9782341373603876}. Best is trial 503 with value: 0.8344894763673439.
c:\Users\x-hp\OneDrive - National Economics University\Desktop\ML Ops\.venv\Lib\site-packages\xgboost\training.py:183: UserWarning: [23:23:33] WARNING: C:\actions-runner\_work\xgboost\xgboost\src\learner.cc:738:
Parameters: { "use_label_encoder" } are not used.

  bst.update(dtrain, iteration=i, fobj=obj)
c:\Users\x-hp\OneDrive - National Economics University\Desktop\ML Ops\.venv\Lib\site-packages\xgboost\training.py:183: UserWarning: [23:23:33] WARNING: C:\actions-runner\_work\xgboost\xgboost\src\learner.cc:738:
Parameters: { "use_label_encoder" } are not used.

  bst.update(dtrain, iteration=i, fobj=obj)
c:\Users\x-hp\OneDrive - National Economics University\Desktop\ML Ops\.venv\Lib\site-packages\xgboost\training.py:183: UserWarning: [23:23:33] WARNING: C:\actions-runner\_work\xgboost\xgboost\src\learner.cc:738:
Parameters: { "use_label_encoder" } are not used.

  bst.update(dtrain, iteration=i, fobj=obj)
[I 2025-05-03 23:23:33,511] Trial 682 finished with value: 0.8052292687409892 and parameters: {'max_depth': 7, 'n_estimators': 62, 'learning_rate': 0.18734491779542678, 'subsample': 0.5181026886399314, 'colsample_bytree': 0.9534110070675919}. Best is trial 503 with value: 0.8344894763673439.
c:\Users\x-hp\OneDrive - National Economics University\Desktop\ML Ops\.venv\Lib\site-packages\xgboost\training.py:183: UserWarning: [23:23:33] WARNING: C:\actions-runner\_work\xgboost\xgboost\src\learner.cc:738:
Parameters: { "use_label_encoder" } are not used.

  bst.update(dtrain, iteration=i, fobj=obj)
c:\Users\x-hp\OneDrive - National Economics University\Desktop\ML Ops\.venv\Lib\site-packages\xgboost\training.py:183: UserWarning: [23:23:33] WARNING: C:\actions-runner\_work\xgboost\xgboost\src\learner.cc:738:
Parameters: { "use_label_encoder" } are not used.

  bst.update(dtrain, iteration=i, fobj=obj)
c:\Users\x-hp\OneDrive - National Economics University\Desktop\ML Ops\.venv\Lib\site-packages\xgboost\training.py:183: UserWarning: [23:23:33] WARNING: C:\actions-runner\_work\xgboost\xgboost\src\learner.cc:738:
Parameters: { "use_label_encoder" } are not used.

  bst.update(dtrain, iteration=i, fobj=obj)
[I 2025-05-03 23:23:34,050] Trial 683 finished with value: 0.7878449560681217 and parameters: {'max_depth': 7, 'n_estimators': 68, 'learning_rate': 0.19643277923214253, 'subsample': 0.5269886541170853, 'colsample_bytree': 0.9703513199187448}. Best is trial 503 with value: 0.8344894763673439.
c:\Users\x-hp\OneDrive - National Economics University\Desktop\ML Ops\.venv\Lib\site-packages\xgboost\training.py:183: UserWarning: [23:23:34] WARNING: C:\actions-runner\_work\xgboost\xgboost\src\learner.cc:738:
Parameters: { "use_label_encoder" } are not used.

  bst.update(dtrain, iteration=i, fobj=obj)
c:\Users\x-hp\OneDrive - National Economics University\Desktop\ML Ops\.venv\Lib\site-packages\xgboost\training.py:183: UserWarning: [23:23:34] WARNING: C:\actions-runner\_work\xgboost\xgboost\src\learner.cc:738:
Parameters: { "use_label_encoder" } are not used.

  bst.update(dtrain, iteration=i, fobj=obj)
c:\Users\x-hp\OneDrive - National Economics University\Desktop\ML Ops\.venv\Lib\site-packages\xgboost\training.py:183: UserWarning: [23:23:34] WARNING: C:\actions-runner\_work\xgboost\xgboost\src\learner.cc:738:
Parameters: { "use_label_encoder" } are not used.

  bst.update(dtrain, iteration=i, fobj=obj)
[I 2025-05-03 23:23:34,805] Trial 684 finished with value: 0.8224345298390764 and parameters: {'max_depth': 7, 'n_estimators': 75, 'learning_rate': 0.022827783804875844, 'subsample': 0.5092472361202097, 'colsample_bytree': 0.9910064358704511}. Best is trial 503 with value: 0.8344894763673439.
c:\Users\x-hp\OneDrive - National Economics University\Desktop\ML Ops\.venv\Lib\site-packages\xgboost\training.py:183: UserWarning: [23:23:35] WARNING: C:\actions-runner\_work\xgboost\xgboost\src\learner.cc:738:
Parameters: { "use_label_encoder" } are not used.

  bst.update(dtrain, iteration=i, fobj=obj)
c:\Users\x-hp\OneDrive - National Economics University\Desktop\ML Ops\.venv\Lib\site-packages\xgboost\training.py:183: UserWarning: [23:23:35] WARNING: C:\actions-runner\_work\xgboost\xgboost\src\learner.cc:738:
Parameters: { "use_label_encoder" } are not used.

  bst.update(dtrain, iteration=i, fobj=obj)
c:\Users\x-hp\OneDrive - National Economics University\Desktop\ML Ops\.venv\Lib\site-packages\xgboost\training.py:183: UserWarning: [23:23:35] WARNING: C:\actions-runner\_work\xgboost\xgboost\src\learner.cc:738:
Parameters: { "use_label_encoder" } are not used.

  bst.update(dtrain, iteration=i, fobj=obj)
[I 2025-05-03 23:23:35,581] Trial 685 finished with value: 0.8211468279908027 and parameters: {'max_depth': 7, 'n_estimators': 81, 'learning_rate': 0.05560540592478777, 'subsample': 0.5173297763382166, 'colsample_bytree': 0.9021699093992772}. Best is trial 503 with value: 0.8344894763673439.
c:\Users\x-hp\OneDrive - National Economics University\Desktop\ML Ops\.venv\Lib\site-packages\xgboost\training.py:183: UserWarning: [23:23:35] WARNING: C:\actions-runner\_work\xgboost\xgboost\src\learner.cc:738:
Parameters: { "use_label_encoder" } are not used.

  bst.update(dtrain, iteration=i, fobj=obj)
c:\Users\x-hp\OneDrive - National Economics University\Desktop\ML Ops\.venv\Lib\site-packages\xgboost\training.py:183: UserWarning: [23:23:35] WARNING: C:\actions-runner\_work\xgboost\xgboost\src\learner.cc:738:
Parameters: { "use_label_encoder" } are not used.

  bst.update(dtrain, iteration=i, fobj=obj)
c:\Users\x-hp\OneDrive - National Economics University\Desktop\ML Ops\.venv\Lib\site-packages\xgboost\training.py:183: UserWarning: [23:23:36] WARNING: C:\actions-runner\_work\xgboost\xgboost\src\learner.cc:738:
Parameters: { "use_label_encoder" } are not used.

  bst.update(dtrain, iteration=i, fobj=obj)
[I 2025-05-03 23:23:36,235] Trial 686 finished with value: 0.817718584538861 and parameters: {'max_depth': 7, 'n_estimators': 71, 'learning_rate': 0.04089091595209307, 'subsample': 0.5461509763745309, 'colsample_bytree': 0.9468759497322038}. Best is trial 503 with value: 0.8344894763673439.
c:\Users\x-hp\OneDrive - National Economics University\Desktop\ML Ops\.venv\Lib\site-packages\xgboost\training.py:183: UserWarning: [23:23:36] WARNING: C:\actions-runner\_work\xgboost\xgboost\src\learner.cc:738:
Parameters: { "use_label_encoder" } are not used.

  bst.update(dtrain, iteration=i, fobj=obj)
c:\Users\x-hp\OneDrive - National Economics University\Desktop\ML Ops\.venv\Lib\site-packages\xgboost\training.py:183: UserWarning: [23:23:36] WARNING: C:\actions-runner\_work\xgboost\xgboost\src\learner.cc:738:
Parameters: { "use_label_encoder" } are not used.

  bst.update(dtrain, iteration=i, fobj=obj)
c:\Users\x-hp\OneDrive - National Economics University\Desktop\ML Ops\.venv\Lib\site-packages\xgboost\training.py:183: UserWarning: [23:23:36] WARNING: C:\actions-runner\_work\xgboost\xgboost\src\learner.cc:738:
Parameters: { "use_label_encoder" } are not used.

  bst.update(dtrain, iteration=i, fobj=obj)
[I 2025-05-03 23:23:36,744] Trial 687 finished with value: 0.8292114268180087 and parameters: {'max_depth': 5, 'n_estimators': 65, 'learning_rate': 0.04628669383412793, 'subsample': 0.5283361324535725, 'colsample_bytree': 0.96119865741267}. Best is trial 503 with value: 0.8344894763673439.
c:\Users\x-hp\OneDrive - National Economics University\Desktop\ML Ops\.venv\Lib\site-packages\xgboost\training.py:183: UserWarning: [23:23:36] WARNING: C:\actions-runner\_work\xgboost\xgboost\src\learner.cc:738:
Parameters: { "use_label_encoder" } are not used.

  bst.update(dtrain, iteration=i, fobj=obj)
c:\Users\x-hp\OneDrive - National Economics University\Desktop\ML Ops\.venv\Lib\site-packages\xgboost\training.py:183: UserWarning: [23:23:37] WARNING: C:\actions-runner\_work\xgboost\xgboost\src\learner.cc:738:
Parameters: { "use_label_encoder" } are not used.

  bst.update(dtrain, iteration=i, fobj=obj)
c:\Users\x-hp\OneDrive - National Economics University\Desktop\ML Ops\.venv\Lib\site-packages\xgboost\training.py:183: UserWarning: [23:23:37] WARNING: C:\actions-runner\_work\xgboost\xgboost\src\learner.cc:738:
Parameters: { "use_label_encoder" } are not used.

  bst.update(dtrain, iteration=i, fobj=obj)
[I 2025-05-03 23:23:37,461] Trial 688 finished with value: 0.8219916796552935 and parameters: {'max_depth': 7, 'n_estimators': 73, 'learning_rate': 0.03706442083432302, 'subsample': 0.5089234760498854, 'colsample_bytree': 0.9296571997171142}. Best is trial 503 with value: 0.8344894763673439.
c:\Users\x-hp\OneDrive - National Economics University\Desktop\ML Ops\.venv\Lib\site-packages\xgboost\training.py:183: UserWarning: [23:23:37] WARNING: C:\actions-runner\_work\xgboost\xgboost\src\learner.cc:738:
Parameters: { "use_label_encoder" } are not used.

  bst.update(dtrain, iteration=i, fobj=obj)
c:\Users\x-hp\OneDrive - National Economics University\Desktop\ML Ops\.venv\Lib\site-packages\xgboost\training.py:183: UserWarning: [23:23:37] WARNING: C:\actions-runner\_work\xgboost\xgboost\src\learner.cc:738:
Parameters: { "use_label_encoder" } are not used.

  bst.update(dtrain, iteration=i, fobj=obj)
c:\Users\x-hp\OneDrive - National Economics University\Desktop\ML Ops\.venv\Lib\site-packages\xgboost\training.py:183: UserWarning: [23:23:37] WARNING: C:\actions-runner\_work\xgboost\xgboost\src\learner.cc:738:
Parameters: { "use_label_encoder" } are not used.

  bst.update(dtrain, iteration=i, fobj=obj)
[I 2025-05-03 23:23:38,105] Trial 689 finished with value: 0.8267866415859508 and parameters: {'max_depth': 7, 'n_estimators': 78, 'learning_rate': 0.030808198433378363, 'subsample': 0.5194236323200406, 'colsample_bytree': 0.9767284121423468}. Best is trial 503 with value: 0.8344894763673439.
c:\Users\x-hp\OneDrive - National Economics University\Desktop\ML Ops\.venv\Lib\site-packages\xgboost\training.py:183: UserWarning: [23:23:38] WARNING: C:\actions-runner\_work\xgboost\xgboost\src\learner.cc:738:
Parameters: { "use_label_encoder" } are not used.

  bst.update(dtrain, iteration=i, fobj=obj)
c:\Users\x-hp\OneDrive - National Economics University\Desktop\ML Ops\.venv\Lib\site-packages\xgboost\training.py:183: UserWarning: [23:23:38] WARNING: C:\actions-runner\_work\xgboost\xgboost\src\learner.cc:738:
Parameters: { "use_label_encoder" } are not used.

  bst.update(dtrain, iteration=i, fobj=obj)
c:\Users\x-hp\OneDrive - National Economics University\Desktop\ML Ops\.venv\Lib\site-packages\xgboost\training.py:183: UserWarning: [23:23:38] WARNING: C:\actions-runner\_work\xgboost\xgboost\src\learner.cc:738:
Parameters: { "use_label_encoder" } are not used.

  bst.update(dtrain, iteration=i, fobj=obj)
[I 2025-05-03 23:23:38,661] Trial 690 finished with value: 0.8207830652351874 and parameters: {'max_depth': 7, 'n_estimators': 69, 'learning_rate': 0.047849288259457466, 'subsample': 0.5004043370455417, 'colsample_bytree': 0.9851847119393868}. Best is trial 503 with value: 0.8344894763673439.
c:\Users\x-hp\OneDrive - National Economics University\Desktop\ML Ops\.venv\Lib\site-packages\xgboost\training.py:183: UserWarning: [23:23:38] WARNING: C:\actions-runner\_work\xgboost\xgboost\src\learner.cc:738:
Parameters: { "use_label_encoder" } are not used.

  bst.update(dtrain, iteration=i, fobj=obj)
c:\Users\x-hp\OneDrive - National Economics University\Desktop\ML Ops\.venv\Lib\site-packages\xgboost\training.py:183: UserWarning: [23:23:38] WARNING: C:\actions-runner\_work\xgboost\xgboost\src\learner.cc:738:
Parameters: { "use_label_encoder" } are not used.

  bst.update(dtrain, iteration=i, fobj=obj)
c:\Users\x-hp\OneDrive - National Economics University\Desktop\ML Ops\.venv\Lib\site-packages\xgboost\training.py:183: UserWarning: [23:23:39] WARNING: C:\actions-runner\_work\xgboost\xgboost\src\learner.cc:738:
Parameters: { "use_label_encoder" } are not used.

  bst.update(dtrain, iteration=i, fobj=obj)
[I 2025-05-03 23:23:39,197] Trial 691 finished with value: 0.8202147306907768 and parameters: {'max_depth': 7, 'n_estimators': 75, 'learning_rate': 0.06304032727442416, 'subsample': 0.5352801891180338, 'colsample_bytree': 0.9532194856658609}. Best is trial 503 with value: 0.8344894763673439.
c:\Users\x-hp\OneDrive - National Economics University\Desktop\ML Ops\.venv\Lib\site-packages\xgboost\training.py:183: UserWarning: [23:23:39] WARNING: C:\actions-runner\_work\xgboost\xgboost\src\learner.cc:738:
Parameters: { "use_label_encoder" } are not used.

  bst.update(dtrain, iteration=i, fobj=obj)
c:\Users\x-hp\OneDrive - National Economics University\Desktop\ML Ops\.venv\Lib\site-packages\xgboost\training.py:183: UserWarning: [23:23:39] WARNING: C:\actions-runner\_work\xgboost\xgboost\src\learner.cc:738:
Parameters: { "use_label_encoder" } are not used.

  bst.update(dtrain, iteration=i, fobj=obj)
c:\Users\x-hp\OneDrive - National Economics University\Desktop\ML Ops\.venv\Lib\site-packages\xgboost\training.py:183: UserWarning: [23:23:39] WARNING: C:\actions-runner\_work\xgboost\xgboost\src\learner.cc:738:
Parameters: { "use_label_encoder" } are not used.

  bst.update(dtrain, iteration=i, fobj=obj)
[I 2025-05-03 23:23:39,705] Trial 692 finished with value: 0.8174981835620673 and parameters: {'max_depth': 7, 'n_estimators': 63, 'learning_rate': 0.02561021191641128, 'subsample': 0.5594200288283588, 'colsample_bytree': 0.9677755180850278}. Best is trial 503 with value: 0.8344894763673439.
c:\Users\x-hp\OneDrive - National Economics University\Desktop\ML Ops\.venv\Lib\site-packages\xgboost\training.py:183: UserWarning: [23:23:39] WARNING: C:\actions-runner\_work\xgboost\xgboost\src\learner.cc:738:
Parameters: { "use_label_encoder" } are not used.

  bst.update(dtrain, iteration=i, fobj=obj)
c:\Users\x-hp\OneDrive - National Economics University\Desktop\ML Ops\.venv\Lib\site-packages\xgboost\training.py:183: UserWarning: [23:23:40] WARNING: C:\actions-runner\_work\xgboost\xgboost\src\learner.cc:738:
Parameters: { "use_label_encoder" } are not used.

  bst.update(dtrain, iteration=i, fobj=obj)
c:\Users\x-hp\OneDrive - National Economics University\Desktop\ML Ops\.venv\Lib\site-packages\xgboost\training.py:183: UserWarning: [23:23:40] WARNING: C:\actions-runner\_work\xgboost\xgboost\src\learner.cc:738:
Parameters: { "use_label_encoder" } are not used.

  bst.update(dtrain, iteration=i, fobj=obj)
[I 2025-05-03 23:23:40,359] Trial 693 finished with value: 0.8184719687615171 and parameters: {'max_depth': 7, 'n_estimators': 108, 'learning_rate': 0.04087813202317941, 'subsample': 0.5143375551845711, 'colsample_bytree': 0.9375209347737529}. Best is trial 503 with value: 0.8344894763673439.
c:\Users\x-hp\OneDrive - National Economics University\Desktop\ML Ops\.venv\Lib\site-packages\xgboost\training.py:183: UserWarning: [23:23:40] WARNING: C:\actions-runner\_work\xgboost\xgboost\src\learner.cc:738:
Parameters: { "use_label_encoder" } are not used.

  bst.update(dtrain, iteration=i, fobj=obj)
c:\Users\x-hp\OneDrive - National Economics University\Desktop\ML Ops\.venv\Lib\site-packages\xgboost\training.py:183: UserWarning: [23:23:40] WARNING: C:\actions-runner\_work\xgboost\xgboost\src\learner.cc:738:
Parameters: { "use_label_encoder" } are not used.

  bst.update(dtrain, iteration=i, fobj=obj)
c:\Users\x-hp\OneDrive - National Economics University\Desktop\ML Ops\.venv\Lib\site-packages\xgboost\training.py:183: UserWarning: [23:23:40] WARNING: C:\actions-runner\_work\xgboost\xgboost\src\learner.cc:738:
Parameters: { "use_label_encoder" } are not used.

  bst.update(dtrain, iteration=i, fobj=obj)
[I 2025-05-03 23:23:40,860] Trial 694 finished with value: 0.819663993890798 and parameters: {'max_depth': 7, 'n_estimators': 67, 'learning_rate': 0.03284964218740213, 'subsample': 0.5217805519941328, 'colsample_bytree': 0.9579255792810306}. Best is trial 503 with value: 0.8344894763673439.
c:\Users\x-hp\OneDrive - National Economics University\Desktop\ML Ops\.venv\Lib\site-packages\xgboost\training.py:183: UserWarning: [23:23:41] WARNING: C:\actions-runner\_work\xgboost\xgboost\src\learner.cc:738:
Parameters: { "use_label_encoder" } are not used.

  bst.update(dtrain, iteration=i, fobj=obj)
c:\Users\x-hp\OneDrive - National Economics University\Desktop\ML Ops\.venv\Lib\site-packages\xgboost\training.py:183: UserWarning: [23:23:41] WARNING: C:\actions-runner\_work\xgboost\xgboost\src\learner.cc:738:
Parameters: { "use_label_encoder" } are not used.

  bst.update(dtrain, iteration=i, fobj=obj)
c:\Users\x-hp\OneDrive - National Economics University\Desktop\ML Ops\.venv\Lib\site-packages\xgboost\training.py:183: UserWarning: [23:23:41] WARNING: C:\actions-runner\_work\xgboost\xgboost\src\learner.cc:738:
Parameters: { "use_label_encoder" } are not used.

  bst.update(dtrain, iteration=i, fobj=obj)
[I 2025-05-03 23:23:41,381] Trial 695 finished with value: 0.822779553889685 and parameters: {'max_depth': 7, 'n_estimators': 60, 'learning_rate': 0.05581016103312805, 'subsample': 0.5336533800634403, 'colsample_bytree': 0.9768678300456297}. Best is trial 503 with value: 0.8344894763673439.
c:\Users\x-hp\OneDrive - National Economics University\Desktop\ML Ops\.venv\Lib\site-packages\xgboost\training.py:183: UserWarning: [23:23:41] WARNING: C:\actions-runner\_work\xgboost\xgboost\src\learner.cc:738:
Parameters: { "use_label_encoder" } are not used.

  bst.update(dtrain, iteration=i, fobj=obj)
c:\Users\x-hp\OneDrive - National Economics University\Desktop\ML Ops\.venv\Lib\site-packages\xgboost\training.py:183: UserWarning: [23:23:41] WARNING: C:\actions-runner\_work\xgboost\xgboost\src\learner.cc:738:
Parameters: { "use_label_encoder" } are not used.

  bst.update(dtrain, iteration=i, fobj=obj)
c:\Users\x-hp\OneDrive - National Economics University\Desktop\ML Ops\.venv\Lib\site-packages\xgboost\training.py:183: UserWarning: [23:23:41] WARNING: C:\actions-runner\_work\xgboost\xgboost\src\learner.cc:738:
Parameters: { "use_label_encoder" } are not used.

  bst.update(dtrain, iteration=i, fobj=obj)
[I 2025-05-03 23:23:41,941] Trial 696 finished with value: 0.8234533457331384 and parameters: {'max_depth': 7, 'n_estimators': 82, 'learning_rate': 0.04422960181397713, 'subsample': 0.511617887233274, 'colsample_bytree': 0.9458411852648819}. Best is trial 503 with value: 0.8344894763673439.
c:\Users\x-hp\OneDrive - National Economics University\Desktop\ML Ops\.venv\Lib\site-packages\xgboost\training.py:183: UserWarning: [23:23:42] WARNING: C:\actions-runner\_work\xgboost\xgboost\src\learner.cc:738:
Parameters: { "use_label_encoder" } are not used.

  bst.update(dtrain, iteration=i, fobj=obj)
c:\Users\x-hp\OneDrive - National Economics University\Desktop\ML Ops\.venv\Lib\site-packages\xgboost\training.py:183: UserWarning: [23:23:42] WARNING: C:\actions-runner\_work\xgboost\xgboost\src\learner.cc:738:
Parameters: { "use_label_encoder" } are not used.

  bst.update(dtrain, iteration=i, fobj=obj)
c:\Users\x-hp\OneDrive - National Economics University\Desktop\ML Ops\.venv\Lib\site-packages\xgboost\training.py:183: UserWarning: [23:23:42] WARNING: C:\actions-runner\_work\xgboost\xgboost\src\learner.cc:738:
Parameters: { "use_label_encoder" } are not used.

  bst.update(dtrain, iteration=i, fobj=obj)
[I 2025-05-03 23:23:42,488] Trial 697 finished with value: 0.8165000850531697 and parameters: {'max_depth': 8, 'n_estimators': 71, 'learning_rate': 0.016447418669589, 'subsample': 0.5002481490428287, 'colsample_bytree': 0.9898842599658806}. Best is trial 503 with value: 0.8344894763673439.
c:\Users\x-hp\OneDrive - National Economics University\Desktop\ML Ops\.venv\Lib\site-packages\xgboost\training.py:183: UserWarning: [23:23:42] WARNING: C:\actions-runner\_work\xgboost\xgboost\src\learner.cc:738:
Parameters: { "use_label_encoder" } are not used.

  bst.update(dtrain, iteration=i, fobj=obj)
c:\Users\x-hp\OneDrive - National Economics University\Desktop\ML Ops\.venv\Lib\site-packages\xgboost\training.py:183: UserWarning: [23:23:43] WARNING: C:\actions-runner\_work\xgboost\xgboost\src\learner.cc:738:
Parameters: { "use_label_encoder" } are not used.

  bst.update(dtrain, iteration=i, fobj=obj)
c:\Users\x-hp\OneDrive - National Economics University\Desktop\ML Ops\.venv\Lib\site-packages\xgboost\training.py:183: UserWarning: [23:23:43] WARNING: C:\actions-runner\_work\xgboost\xgboost\src\learner.cc:738:
Parameters: { "use_label_encoder" } are not used.

  bst.update(dtrain, iteration=i, fobj=obj)
[I 2025-05-03 23:23:43,730] Trial 698 finished with value: 0.8230588154056768 and parameters: {'max_depth': 7, 'n_estimators': 87, 'learning_rate': 0.03783132349777761, 'subsample': 0.5241428587607019, 'colsample_bytree': 0.9142954009143657}. Best is trial 503 with value: 0.8344894763673439.
c:\Users\x-hp\OneDrive - National Economics University\Desktop\ML Ops\.venv\Lib\site-packages\xgboost\training.py:183: UserWarning: [23:23:43] WARNING: C:\actions-runner\_work\xgboost\xgboost\src\learner.cc:738:
Parameters: { "use_label_encoder" } are not used.

  bst.update(dtrain, iteration=i, fobj=obj)
c:\Users\x-hp\OneDrive - National Economics University\Desktop\ML Ops\.venv\Lib\site-packages\xgboost\training.py:183: UserWarning: [23:23:44] WARNING: C:\actions-runner\_work\xgboost\xgboost\src\learner.cc:738:
Parameters: { "use_label_encoder" } are not used.

  bst.update(dtrain, iteration=i, fobj=obj)
c:\Users\x-hp\OneDrive - National Economics University\Desktop\ML Ops\.venv\Lib\site-packages\xgboost\training.py:183: UserWarning: [23:23:44] WARNING: C:\actions-runner\_work\xgboost\xgboost\src\learner.cc:738:
Parameters: { "use_label_encoder" } are not used.

  bst.update(dtrain, iteration=i, fobj=obj)
