[I 2025-05-02 16:42:51,988] Trial 92 finished with value: 0.7177971014492753 and parameters: {'n_estimators': 253, 'max_depth': 4, 'learning_rate': 0.11353529705905488, 'subsample': 0.8730530623687701, 'colsample_bytree': 0.7500841033268106, 'gamma': 1.380455962710003, 'min_child_weight': 1}. Best is trial 36 with value: 0.7334944758045062.
c:\Users\Admin\anaconda3\envs\mlflow_demo\lib\site-packages\xgboost\training.py:183: UserWarning: [16:42:52] WARNING: C:\actions-runner\_work\xgboost\xgboost\src\learner.cc:738:
Parameters: { "use_label_encoder" } are not used.

  bst.update(dtrain, iteration=i, fobj=obj)
c:\Users\Admin\anaconda3\envs\mlflow_demo\lib\site-packages\xgboost\training.py:183: UserWarning: [16:42:52] WARNING: C:\actions-runner\_work\xgboost\xgboost\src\learner.cc:738:
Parameters: { "use_label_encoder" } are not used.

  bst.update(dtrain, iteration=i, fobj=obj)
c:\Users\Admin\anaconda3\envs\mlflow_demo\lib\site-packages\xgboost\training.py:183: UserWarning: [16:42:52] WARNING: C:\actions-runner\_work\xgboost\xgboost\src\learner.cc:738:
Parameters: { "use_label_encoder" } are not used.

  bst.update(dtrain, iteration=i, fobj=obj)
c:\Users\Admin\anaconda3\envs\mlflow_demo\lib\site-packages\xgboost\training.py:183: UserWarning: [16:42:52] WARNING: C:\actions-runner\_work\xgboost\xgboost\src\learner.cc:738:
Parameters: { "use_label_encoder" } are not used.

  bst.update(dtrain, iteration=i, fobj=obj)
c:\Users\Admin\anaconda3\envs\mlflow_demo\lib\site-packages\xgboost\training.py:183: UserWarning: [16:42:52] WARNING: C:\actions-runner\_work\xgboost\xgboost\src\learner.cc:738:
Parameters: { "use_label_encoder" } are not used.

  bst.update(dtrain, iteration=i, fobj=obj)
[I 2025-05-02 16:42:52,451] Trial 93 finished with value: 0.7179239200515797 and parameters: {'n_estimators': 236, 'max_depth': 4, 'learning_rate': 0.11465076113474854, 'subsample': 0.9129443932659239, 'colsample_bytree': 0.7223532086551993, 'gamma': 1.4789258260233729, 'min_child_weight': 1}. Best is trial 36 with value: 0.7334944758045062.
c:\Users\Admin\anaconda3\envs\mlflow_demo\lib\site-packages\xgboost\training.py:183: UserWarning: [16:42:52] WARNING: C:\actions-runner\_work\xgboost\xgboost\src\learner.cc:738:
Parameters: { "use_label_encoder" } are not used.

  bst.update(dtrain, iteration=i, fobj=obj)
c:\Users\Admin\anaconda3\envs\mlflow_demo\lib\site-packages\xgboost\training.py:183: UserWarning: [16:42:52] WARNING: C:\actions-runner\_work\xgboost\xgboost\src\learner.cc:738:
Parameters: { "use_label_encoder" } are not used.

  bst.update(dtrain, iteration=i, fobj=obj)
c:\Users\Admin\anaconda3\envs\mlflow_demo\lib\site-packages\xgboost\training.py:183: UserWarning: [16:42:52] WARNING: C:\actions-runner\_work\xgboost\xgboost\src\learner.cc:738:
Parameters: { "use_label_encoder" } are not used.

  bst.update(dtrain, iteration=i, fobj=obj)
c:\Users\Admin\anaconda3\envs\mlflow_demo\lib\site-packages\xgboost\training.py:183: UserWarning: [16:42:52] WARNING: C:\actions-runner\_work\xgboost\xgboost\src\learner.cc:738:
Parameters: { "use_label_encoder" } are not used.

  bst.update(dtrain, iteration=i, fobj=obj)
c:\Users\Admin\anaconda3\envs\mlflow_demo\lib\site-packages\xgboost\training.py:183: UserWarning: [16:42:52] WARNING: C:\actions-runner\_work\xgboost\xgboost\src\learner.cc:738:
Parameters: { "use_label_encoder" } are not used.

  bst.update(dtrain, iteration=i, fobj=obj)
[I 2025-05-02 16:42:52,943] Trial 94 finished with value: 0.7092198581560284 and parameters: {'n_estimators': 230, 'max_depth': 4, 'learning_rate': 0.14991752896150073, 'subsample': 0.8989556990842416, 'colsample_bytree': 0.6991031071359645, 'gamma': 1.576403424817231, 'min_child_weight': 2}. Best is trial 36 with value: 0.7334944758045062.
c:\Users\Admin\anaconda3\envs\mlflow_demo\lib\site-packages\xgboost\training.py:183: UserWarning: [16:42:53] WARNING: C:\actions-runner\_work\xgboost\xgboost\src\learner.cc:738:
Parameters: { "use_label_encoder" } are not used.

  bst.update(dtrain, iteration=i, fobj=obj)
c:\Users\Admin\anaconda3\envs\mlflow_demo\lib\site-packages\xgboost\training.py:183: UserWarning: [16:42:53] WARNING: C:\actions-runner\_work\xgboost\xgboost\src\learner.cc:738:
Parameters: { "use_label_encoder" } are not used.

  bst.update(dtrain, iteration=i, fobj=obj)
c:\Users\Admin\anaconda3\envs\mlflow_demo\lib\site-packages\xgboost\training.py:183: UserWarning: [16:42:53] WARNING: C:\actions-runner\_work\xgboost\xgboost\src\learner.cc:738:
Parameters: { "use_label_encoder" } are not used.

  bst.update(dtrain, iteration=i, fobj=obj)
c:\Users\Admin\anaconda3\envs\mlflow_demo\lib\site-packages\xgboost\training.py:183: UserWarning: [16:42:53] WARNING: C:\actions-runner\_work\xgboost\xgboost\src\learner.cc:738:
Parameters: { "use_label_encoder" } are not used.

  bst.update(dtrain, iteration=i, fobj=obj)
c:\Users\Admin\anaconda3\envs\mlflow_demo\lib\site-packages\xgboost\training.py:183: UserWarning: [16:42:53] WARNING: C:\actions-runner\_work\xgboost\xgboost\src\learner.cc:738:
Parameters: { "use_label_encoder" } are not used.

  bst.update(dtrain, iteration=i, fobj=obj)
[I 2025-05-02 16:42:53,390] Trial 95 finished with value: 0.7066534914361001 and parameters: {'n_estimators': 237, 'max_depth': 3, 'learning_rate': 0.09627205582825973, 'subsample': 0.9099743132735407, 'colsample_bytree': 0.7963330909540747, 'gamma': 2.1963065467281195, 'min_child_weight': 1}. Best is trial 36 with value: 0.7334944758045062.
c:\Users\Admin\anaconda3\envs\mlflow_demo\lib\site-packages\xgboost\training.py:183: UserWarning: [16:42:53] WARNING: C:\actions-runner\_work\xgboost\xgboost\src\learner.cc:738:
Parameters: { "use_label_encoder" } are not used.

  bst.update(dtrain, iteration=i, fobj=obj)
c:\Users\Admin\anaconda3\envs\mlflow_demo\lib\site-packages\xgboost\training.py:183: UserWarning: [16:42:53] WARNING: C:\actions-runner\_work\xgboost\xgboost\src\learner.cc:738:
Parameters: { "use_label_encoder" } are not used.

  bst.update(dtrain, iteration=i, fobj=obj)
c:\Users\Admin\anaconda3\envs\mlflow_demo\lib\site-packages\xgboost\training.py:183: UserWarning: [16:42:53] WARNING: C:\actions-runner\_work\xgboost\xgboost\src\learner.cc:738:
Parameters: { "use_label_encoder" } are not used.

  bst.update(dtrain, iteration=i, fobj=obj)
c:\Users\Admin\anaconda3\envs\mlflow_demo\lib\site-packages\xgboost\training.py:183: UserWarning: [16:42:53] WARNING: C:\actions-runner\_work\xgboost\xgboost\src\learner.cc:738:
Parameters: { "use_label_encoder" } are not used.

  bst.update(dtrain, iteration=i, fobj=obj)
c:\Users\Admin\anaconda3\envs\mlflow_demo\lib\site-packages\xgboost\training.py:183: UserWarning: [16:42:53] WARNING: C:\actions-runner\_work\xgboost\xgboost\src\learner.cc:738:
Parameters: { "use_label_encoder" } are not used.

  bst.update(dtrain, iteration=i, fobj=obj)
[I 2025-05-02 16:42:53,872] Trial 96 finished with value: 0.7158531075877201 and parameters: {'n_estimators': 244, 'max_depth': 4, 'learning_rate': 0.11918739903717748, 'subsample': 0.920900073838738, 'colsample_bytree': 0.6710247159394269, 'gamma': 1.180339531590917, 'min_child_weight': 1}. Best is trial 36 with value: 0.7334944758045062.
c:\Users\Admin\anaconda3\envs\mlflow_demo\lib\site-packages\xgboost\training.py:183: UserWarning: [16:42:53] WARNING: C:\actions-runner\_work\xgboost\xgboost\src\learner.cc:738:
Parameters: { "use_label_encoder" } are not used.

  bst.update(dtrain, iteration=i, fobj=obj)
c:\Users\Admin\anaconda3\envs\mlflow_demo\lib\site-packages\xgboost\training.py:183: UserWarning: [16:42:54] WARNING: C:\actions-runner\_work\xgboost\xgboost\src\learner.cc:738:
Parameters: { "use_label_encoder" } are not used.

  bst.update(dtrain, iteration=i, fobj=obj)
c:\Users\Admin\anaconda3\envs\mlflow_demo\lib\site-packages\xgboost\training.py:183: UserWarning: [16:42:54] WARNING: C:\actions-runner\_work\xgboost\xgboost\src\learner.cc:738:
Parameters: { "use_label_encoder" } are not used.

  bst.update(dtrain, iteration=i, fobj=obj)
c:\Users\Admin\anaconda3\envs\mlflow_demo\lib\site-packages\xgboost\training.py:183: UserWarning: [16:42:54] WARNING: C:\actions-runner\_work\xgboost\xgboost\src\learner.cc:738:
Parameters: { "use_label_encoder" } are not used.

  bst.update(dtrain, iteration=i, fobj=obj)
c:\Users\Admin\anaconda3\envs\mlflow_demo\lib\site-packages\xgboost\training.py:183: UserWarning: [16:42:54] WARNING: C:\actions-runner\_work\xgboost\xgboost\src\learner.cc:738:
Parameters: { "use_label_encoder" } are not used.

  bst.update(dtrain, iteration=i, fobj=obj)
[I 2025-05-02 16:42:54,412] Trial 97 finished with value: 0.7118633139909736 and parameters: {'n_estimators': 266, 'max_depth': 4, 'learning_rate': 0.18327480539728128, 'subsample': 0.9146651142306301, 'colsample_bytree': 0.7743540445414965, 'gamma': 1.7836872730002593, 'min_child_weight': 2}. Best is trial 36 with value: 0.7334944758045062.
c:\Users\Admin\anaconda3\envs\mlflow_demo\lib\site-packages\xgboost\training.py:183: UserWarning: [16:42:54] WARNING: C:\actions-runner\_work\xgboost\xgboost\src\learner.cc:738:
Parameters: { "use_label_encoder" } are not used.

  bst.update(dtrain, iteration=i, fobj=obj)
c:\Users\Admin\anaconda3\envs\mlflow_demo\lib\site-packages\xgboost\training.py:183: UserWarning: [16:42:54] WARNING: C:\actions-runner\_work\xgboost\xgboost\src\learner.cc:738:
Parameters: { "use_label_encoder" } are not used.

  bst.update(dtrain, iteration=i, fobj=obj)
c:\Users\Admin\anaconda3\envs\mlflow_demo\lib\site-packages\xgboost\training.py:183: UserWarning: [16:42:54] WARNING: C:\actions-runner\_work\xgboost\xgboost\src\learner.cc:738:
Parameters: { "use_label_encoder" } are not used.

  bst.update(dtrain, iteration=i, fobj=obj)
c:\Users\Admin\anaconda3\envs\mlflow_demo\lib\site-packages\xgboost\training.py:183: UserWarning: [16:42:54] WARNING: C:\actions-runner\_work\xgboost\xgboost\src\learner.cc:738:
Parameters: { "use_label_encoder" } are not used.

  bst.update(dtrain, iteration=i, fobj=obj)
c:\Users\Admin\anaconda3\envs\mlflow_demo\lib\site-packages\xgboost\training.py:183: UserWarning: [16:42:54] WARNING: C:\actions-runner\_work\xgboost\xgboost\src\learner.cc:738:
Parameters: { "use_label_encoder" } are not used.

  bst.update(dtrain, iteration=i, fobj=obj)
[I 2025-05-02 16:42:54,859] Trial 98 finished with value: 0.7125087610801896 and parameters: {'n_estimators': 259, 'max_depth': 3, 'learning_rate': 0.13441287121150233, 'subsample': 0.8898256664663406, 'colsample_bytree': 0.7261903710041272, 'gamma': 1.517035696260721, 'min_child_weight': 1}. Best is trial 36 with value: 0.7334944758045062.
c:\Users\Admin\anaconda3\envs\mlflow_demo\lib\site-packages\xgboost\training.py:183: UserWarning: [16:42:54] WARNING: C:\actions-runner\_work\xgboost\xgboost\src\learner.cc:738:
Parameters: { "use_label_encoder" } are not used.

  bst.update(dtrain, iteration=i, fobj=obj)
c:\Users\Admin\anaconda3\envs\mlflow_demo\lib\site-packages\xgboost\training.py:183: UserWarning: [16:42:55] WARNING: C:\actions-runner\_work\xgboost\xgboost\src\learner.cc:738:
Parameters: { "use_label_encoder" } are not used.

  bst.update(dtrain, iteration=i, fobj=obj)
c:\Users\Admin\anaconda3\envs\mlflow_demo\lib\site-packages\xgboost\training.py:183: UserWarning: [16:42:55] WARNING: C:\actions-runner\_work\xgboost\xgboost\src\learner.cc:738:
Parameters: { "use_label_encoder" } are not used.

  bst.update(dtrain, iteration=i, fobj=obj)
c:\Users\Admin\anaconda3\envs\mlflow_demo\lib\site-packages\xgboost\training.py:183: UserWarning: [16:42:55] WARNING: C:\actions-runner\_work\xgboost\xgboost\src\learner.cc:738:
Parameters: { "use_label_encoder" } are not used.

  bst.update(dtrain, iteration=i, fobj=obj)
c:\Users\Admin\anaconda3\envs\mlflow_demo\lib\site-packages\xgboost\training.py:183: UserWarning: [16:42:55] WARNING: C:\actions-runner\_work\xgboost\xgboost\src\learner.cc:738:
Parameters: { "use_label_encoder" } are not used.

  bst.update(dtrain, iteration=i, fobj=obj)
[I 2025-05-02 16:42:55,319] Trial 99 finished with value: 0.6876484494507024 and parameters: {'n_estimators': 214, 'max_depth': 4, 'learning_rate': 0.14637759510228016, 'subsample': 0.7216125382583122, 'colsample_bytree': 0.8052904072756868, 'gamma': 1.9863717818345232, 'min_child_weight': 2}. Best is trial 36 with value: 0.7334944758045062.
c:\Users\Admin\anaconda3\envs\mlflow_demo\lib\site-packages\xgboost\training.py:183: UserWarning: [16:42:55] WARNING: C:\actions-runner\_work\xgboost\xgboost\src\learner.cc:738:
Parameters: { "use_label_encoder" } are not used.

  bst.update(dtrain, iteration=i, fobj=obj)
c:\Users\Admin\anaconda3\envs\mlflow_demo\lib\site-packages\xgboost\training.py:183: UserWarning: [16:42:55] WARNING: C:\actions-runner\_work\xgboost\xgboost\src\learner.cc:738:
Parameters: { "use_label_encoder" } are not used.

  bst.update(dtrain, iteration=i, fobj=obj)
c:\Users\Admin\anaconda3\envs\mlflow_demo\lib\site-packages\xgboost\training.py:183: UserWarning: [16:42:55] WARNING: C:\actions-runner\_work\xgboost\xgboost\src\learner.cc:738:
Parameters: { "use_label_encoder" } are not used.

  bst.update(dtrain, iteration=i, fobj=obj)
c:\Users\Admin\anaconda3\envs\mlflow_demo\lib\site-packages\xgboost\training.py:183: UserWarning: [16:42:55] WARNING: C:\actions-runner\_work\xgboost\xgboost\src\learner.cc:738:
Parameters: { "use_label_encoder" } are not used.

  bst.update(dtrain, iteration=i, fobj=obj)
c:\Users\Admin\anaconda3\envs\mlflow_demo\lib\site-packages\xgboost\training.py:183: UserWarning: [16:42:55] WARNING: C:\actions-runner\_work\xgboost\xgboost\src\learner.cc:738:
Parameters: { "use_label_encoder" } are not used.

  bst.update(dtrain, iteration=i, fobj=obj)
[I 2025-05-02 16:42:55,881] Trial 100 finished with value: 0.6864314179572537 and parameters: {'n_estimators': 235, 'max_depth': 3, 'learning_rate': 0.10578554732311055, 'subsample': 0.6005720132018955, 'colsample_bytree': 0.7151044157883379, 'gamma': 0.6737733241251246, 'min_child_weight': 1}. Best is trial 36 with value: 0.7334944758045062.
c:\Users\Admin\anaconda3\envs\mlflow_demo\lib\site-packages\xgboost\training.py:183: UserWarning: [16:42:55] WARNING: C:\actions-runner\_work\xgboost\xgboost\src\learner.cc:738:
Parameters: { "use_label_encoder" } are not used.

  bst.update(dtrain, iteration=i, fobj=obj)
c:\Users\Admin\anaconda3\envs\mlflow_demo\lib\site-packages\xgboost\training.py:183: UserWarning: [16:42:56] WARNING: C:\actions-runner\_work\xgboost\xgboost\src\learner.cc:738:
Parameters: { "use_label_encoder" } are not used.

  bst.update(dtrain, iteration=i, fobj=obj)
c:\Users\Admin\anaconda3\envs\mlflow_demo\lib\site-packages\xgboost\training.py:183: UserWarning: [16:42:56] WARNING: C:\actions-runner\_work\xgboost\xgboost\src\learner.cc:738:
Parameters: { "use_label_encoder" } are not used.

  bst.update(dtrain, iteration=i, fobj=obj)
c:\Users\Admin\anaconda3\envs\mlflow_demo\lib\site-packages\xgboost\training.py:183: UserWarning: [16:42:56] WARNING: C:\actions-runner\_work\xgboost\xgboost\src\learner.cc:738:
Parameters: { "use_label_encoder" } are not used.

  bst.update(dtrain, iteration=i, fobj=obj)
c:\Users\Admin\anaconda3\envs\mlflow_demo\lib\site-packages\xgboost\training.py:183: UserWarning: [16:42:56] WARNING: C:\actions-runner\_work\xgboost\xgboost\src\learner.cc:738:
Parameters: { "use_label_encoder" } are not used.

  bst.update(dtrain, iteration=i, fobj=obj)
[I 2025-05-02 16:42:56,343] Trial 101 finished with value: 0.7163339248742975 and parameters: {'n_estimators': 255, 'max_depth': 4, 'learning_rate': 0.11531964656461663, 'subsample': 0.8715129390821633, 'colsample_bytree': 0.7516201833284704, 'gamma': 1.416719429113088, 'min_child_weight': 1}. Best is trial 36 with value: 0.7334944758045062.
c:\Users\Admin\anaconda3\envs\mlflow_demo\lib\site-packages\xgboost\training.py:183: UserWarning: [16:42:56] WARNING: C:\actions-runner\_work\xgboost\xgboost\src\learner.cc:738:
Parameters: { "use_label_encoder" } are not used.

  bst.update(dtrain, iteration=i, fobj=obj)
c:\Users\Admin\anaconda3\envs\mlflow_demo\lib\site-packages\xgboost\training.py:183: UserWarning: [16:42:56] WARNING: C:\actions-runner\_work\xgboost\xgboost\src\learner.cc:738:
Parameters: { "use_label_encoder" } are not used.

  bst.update(dtrain, iteration=i, fobj=obj)
c:\Users\Admin\anaconda3\envs\mlflow_demo\lib\site-packages\xgboost\training.py:183: UserWarning: [16:42:56] WARNING: C:\actions-runner\_work\xgboost\xgboost\src\learner.cc:738:
Parameters: { "use_label_encoder" } are not used.

  bst.update(dtrain, iteration=i, fobj=obj)
c:\Users\Admin\anaconda3\envs\mlflow_demo\lib\site-packages\xgboost\training.py:183: UserWarning: [16:42:56] WARNING: C:\actions-runner\_work\xgboost\xgboost\src\learner.cc:738:
Parameters: { "use_label_encoder" } are not used.

  bst.update(dtrain, iteration=i, fobj=obj)
c:\Users\Admin\anaconda3\envs\mlflow_demo\lib\site-packages\xgboost\training.py:183: UserWarning: [16:42:56] WARNING: C:\actions-runner\_work\xgboost\xgboost\src\learner.cc:738:
Parameters: { "use_label_encoder" } are not used.

  bst.update(dtrain, iteration=i, fobj=obj)
[I 2025-05-02 16:42:56,764] Trial 102 finished with value: 0.7282942609896242 and parameters: {'n_estimators': 245, 'max_depth': 4, 'learning_rate': 0.10941234186819801, 'subsample': 0.8660289312426358, 'colsample_bytree': 0.7642552176415809, 'gamma': 1.071788884128404, 'min_child_weight': 1}. Best is trial 36 with value: 0.7334944758045062.
c:\Users\Admin\anaconda3\envs\mlflow_demo\lib\site-packages\xgboost\training.py:183: UserWarning: [16:42:56] WARNING: C:\actions-runner\_work\xgboost\xgboost\src\learner.cc:738:
Parameters: { "use_label_encoder" } are not used.

  bst.update(dtrain, iteration=i, fobj=obj)
c:\Users\Admin\anaconda3\envs\mlflow_demo\lib\site-packages\xgboost\training.py:183: UserWarning: [16:42:56] WARNING: C:\actions-runner\_work\xgboost\xgboost\src\learner.cc:738:
Parameters: { "use_label_encoder" } are not used.

  bst.update(dtrain, iteration=i, fobj=obj)
c:\Users\Admin\anaconda3\envs\mlflow_demo\lib\site-packages\xgboost\training.py:183: UserWarning: [16:42:56] WARNING: C:\actions-runner\_work\xgboost\xgboost\src\learner.cc:738:
Parameters: { "use_label_encoder" } are not used.

  bst.update(dtrain, iteration=i, fobj=obj)
c:\Users\Admin\anaconda3\envs\mlflow_demo\lib\site-packages\xgboost\training.py:183: UserWarning: [16:42:57] WARNING: C:\actions-runner\_work\xgboost\xgboost\src\learner.cc:738:
Parameters: { "use_label_encoder" } are not used.

  bst.update(dtrain, iteration=i, fobj=obj)
c:\Users\Admin\anaconda3\envs\mlflow_demo\lib\site-packages\xgboost\training.py:183: UserWarning: [16:42:57] WARNING: C:\actions-runner\_work\xgboost\xgboost\src\learner.cc:738:
Parameters: { "use_label_encoder" } are not used.

  bst.update(dtrain, iteration=i, fobj=obj)
[I 2025-05-02 16:42:57,200] Trial 103 finished with value: 0.7246047124429329 and parameters: {'n_estimators': 241, 'max_depth': 4, 'learning_rate': 0.12070155255062161, 'subsample': 0.860666870740017, 'colsample_bytree': 0.8220617312819215, 'gamma': 1.040499094701918, 'min_child_weight': 1}. Best is trial 36 with value: 0.7334944758045062.
c:\Users\Admin\anaconda3\envs\mlflow_demo\lib\site-packages\xgboost\training.py:183: UserWarning: [16:42:57] WARNING: C:\actions-runner\_work\xgboost\xgboost\src\learner.cc:738:
Parameters: { "use_label_encoder" } are not used.

  bst.update(dtrain, iteration=i, fobj=obj)
c:\Users\Admin\anaconda3\envs\mlflow_demo\lib\site-packages\xgboost\training.py:183: UserWarning: [16:42:57] WARNING: C:\actions-runner\_work\xgboost\xgboost\src\learner.cc:738:
Parameters: { "use_label_encoder" } are not used.

  bst.update(dtrain, iteration=i, fobj=obj)
c:\Users\Admin\anaconda3\envs\mlflow_demo\lib\site-packages\xgboost\training.py:183: UserWarning: [16:42:57] WARNING: C:\actions-runner\_work\xgboost\xgboost\src\learner.cc:738:
Parameters: { "use_label_encoder" } are not used.

  bst.update(dtrain, iteration=i, fobj=obj)
c:\Users\Admin\anaconda3\envs\mlflow_demo\lib\site-packages\xgboost\training.py:183: UserWarning: [16:42:57] WARNING: C:\actions-runner\_work\xgboost\xgboost\src\learner.cc:738:
Parameters: { "use_label_encoder" } are not used.

  bst.update(dtrain, iteration=i, fobj=obj)
c:\Users\Admin\anaconda3\envs\mlflow_demo\lib\site-packages\xgboost\training.py:183: UserWarning: [16:42:57] WARNING: C:\actions-runner\_work\xgboost\xgboost\src\learner.cc:738:
Parameters: { "use_label_encoder" } are not used.

  bst.update(dtrain, iteration=i, fobj=obj)
