[I 2025-05-02 16:40:04,295] Trial 376 finished with value: 0.6835922419340013 and parameters: {'n_estimators': 142, 'max_depth': 8, 'min_samples_split': 2, 'min_samples_leaf': 2}. Best is trial 63 with value: 0.7059578966308309.
[I 2025-05-02 16:40:05,344] Trial 377 finished with value: 0.6628894024748423 and parameters: {'n_estimators': 140, 'max_depth': 10, 'min_samples_split': 8, 'min_samples_leaf': 2}. Best is trial 63 with value: 0.7059578966308309.
[I 2025-05-02 16:40:06,384] Trial 378 finished with value: 0.6915478386037515 and parameters: {'n_estimators': 134, 'max_depth': 10, 'min_samples_split': 2, 'min_samples_leaf': 2}. Best is trial 63 with value: 0.7059578966308309.
[I 2025-05-02 16:40:07,406] Trial 379 finished with value: 0.6707226297786287 and parameters: {'n_estimators': 144, 'max_depth': 9, 'min_samples_split': 2, 'min_samples_leaf': 2}. Best is trial 63 with value: 0.7059578966308309.
[I 2025-05-02 16:40:08,423] Trial 380 finished with value: 0.7059578966308309 and parameters: {'n_estimators': 139, 'max_depth': 10, 'min_samples_split': 2, 'min_samples_leaf': 2}. Best is trial 63 with value: 0.7059578966308309.
[I 2025-05-02 16:40:09,402] Trial 381 finished with value: 0.6819096742500997 and parameters: {'n_estimators': 148, 'max_depth': 10, 'min_samples_split': 2, 'min_samples_leaf': 3}. Best is trial 63 with value: 0.7059578966308309.
[I 2025-05-02 16:40:10,330] Trial 382 finished with value: 0.6968669875399217 and parameters: {'n_estimators': 136, 'max_depth': 10, 'min_samples_split': 3, 'min_samples_leaf': 2}. Best is trial 63 with value: 0.7059578966308309.
[I 2025-05-02 16:40:11,433] Trial 383 finished with value: 0.6998268184067294 and parameters: {'n_estimators': 142, 'max_depth': 10, 'min_samples_split': 2, 'min_samples_leaf': 2}. Best is trial 63 with value: 0.7059578966308309.
[I 2025-05-02 16:40:12,428] Trial 384 finished with value: 0.6968669875399217 and parameters: {'n_estimators': 138, 'max_depth': 10, 'min_samples_split': 2, 'min_samples_leaf': 2}. Best is trial 63 with value: 0.7059578966308309.
[I 2025-05-02 16:40:13,436] Trial 385 finished with value: 0.6915478386037515 and parameters: {'n_estimators': 133, 'max_depth': 10, 'min_samples_split': 2, 'min_samples_leaf': 2}. Best is trial 63 with value: 0.7059578966308309.
[I 2025-05-02 16:40:14,494] Trial 386 finished with value: 0.6968669875399217 and parameters: {'n_estimators': 145, 'max_depth': 10, 'min_samples_split': 2, 'min_samples_leaf': 2}. Best is trial 63 with value: 0.7059578966308309.
[I 2025-05-02 16:40:15,643] Trial 387 finished with value: 0.7059578966308309 and parameters: {'n_estimators': 141, 'max_depth': 10, 'min_samples_split': 2, 'min_samples_leaf': 2}. Best is trial 63 with value: 0.7059578966308309.
[I 2025-05-02 16:40:16,802] Trial 388 finished with value: 0.6946464298775897 and parameters: {'n_estimators': 151, 'max_depth': 10, 'min_samples_split': 2, 'min_samples_leaf': 2}. Best is trial 63 with value: 0.7059578966308309.
[I 2025-05-02 16:40:17,789] Trial 389 finished with value: 0.6707226297786287 and parameters: {'n_estimators': 138, 'max_depth': 9, 'min_samples_split': 2, 'min_samples_leaf': 2}. Best is trial 63 with value: 0.7059578966308309.
[I 2025-05-02 16:40:18,993] Trial 390 finished with value: 0.6968669875399217 and parameters: {'n_estimators': 145, 'max_depth': 10, 'min_samples_split': 2, 'min_samples_leaf': 2}. Best is trial 63 with value: 0.7059578966308309.
[I 2025-05-02 16:40:19,976] Trial 391 finished with value: 0.6859974223225305 and parameters: {'n_estimators': 135, 'max_depth': 10, 'min_samples_split': 2, 'min_samples_leaf': 2}. Best is trial 63 with value: 0.7059578966308309.
[I 2025-05-02 16:40:21,355] Trial 392 finished with value: 0.6798403326338269 and parameters: {'n_estimators': 198, 'max_depth': 10, 'min_samples_split': 2, 'min_samples_leaf': 2}. Best is trial 63 with value: 0.7059578966308309.
[I 2025-05-02 16:40:22,383] Trial 393 finished with value: 0.6998268184067294 and parameters: {'n_estimators': 142, 'max_depth': 10, 'min_samples_split': 2, 'min_samples_leaf': 2}. Best is trial 63 with value: 0.7059578966308309.
[I 2025-05-02 16:40:23,442] Trial 394 finished with value: 0.6968669875399217 and parameters: {'n_estimators': 140, 'max_depth': 10, 'min_samples_split': 2, 'min_samples_leaf': 2}. Best is trial 63 with value: 0.7059578966308309.
[I 2025-05-02 16:40:24,389] Trial 395 finished with value: 0.6915478386037515 and parameters: {'n_estimators': 131, 'max_depth': 10, 'min_samples_split': 2, 'min_samples_leaf': 2}. Best is trial 63 with value: 0.7059578966308309.
[I 2025-05-02 16:40:25,515] Trial 396 finished with value: 0.6968669875399217 and parameters: {'n_estimators': 144, 'max_depth': 10, 'min_samples_split': 2, 'min_samples_leaf': 2}. Best is trial 63 with value: 0.7059578966308309.
[I 2025-05-02 16:40:26,571] Trial 397 finished with value: 0.7026020265473398 and parameters: {'n_estimators': 148, 'max_depth': 10, 'min_samples_split': 3, 'min_samples_leaf': 2}. Best is trial 63 with value: 0.7059578966308309.
[I 2025-05-02 16:40:27,551] Trial 398 finished with value: 0.6976084446643576 and parameters: {'n_estimators': 137, 'max_depth': 10, 'min_samples_split': 2, 'min_samples_leaf': 2}. Best is trial 63 with value: 0.7059578966308309.
[I 2025-05-02 16:40:28,625] Trial 399 finished with value: 0.6968669875399217 and parameters: {'n_estimators': 140, 'max_depth': 10, 'min_samples_split': 2, 'min_samples_leaf': 2}. Best is trial 63 with value: 0.7059578966308309.
[I 2025-05-02 16:40:29,649] Trial 400 finished with value: 0.6707226297786287 and parameters: {'n_estimators': 143, 'max_depth': 9, 'min_samples_split': 2, 'min_samples_leaf': 2}. Best is trial 63 with value: 0.7059578966308309.
[I 2025-05-02 16:40:30,596] Trial 401 finished with value: 0.6915478386037515 and parameters: {'n_estimators': 134, 'max_depth': 10, 'min_samples_split': 2, 'min_samples_leaf': 2}. Best is trial 63 with value: 0.7059578966308309.
[I 2025-05-02 16:40:31,504] Trial 402 finished with value: 0.7059578966308309 and parameters: {'n_estimators': 139, 'max_depth': 10, 'min_samples_split': 2, 'min_samples_leaf': 2}. Best is trial 63 with value: 0.7059578966308309.
[I 2025-05-02 16:40:32,483] Trial 403 finished with value: 0.6478643578643578 and parameters: {'n_estimators': 147, 'max_depth': 10, 'min_samples_split': 2, 'min_samples_leaf': 4}. Best is trial 63 with value: 0.7059578966308309.
[I 2025-05-02 16:40:33,506] Trial 404 finished with value: 0.6675873682069495 and parameters: {'n_estimators': 136, 'max_depth': 10, 'min_samples_split': 6, 'min_samples_leaf': 2}. Best is trial 63 with value: 0.7059578966308309.
[I 2025-05-02 16:40:34,450] Trial 405 finished with value: 0.6968669875399217 and parameters: {'n_estimators': 143, 'max_depth': 10, 'min_samples_split': 2, 'min_samples_leaf': 2}. Best is trial 63 with value: 0.7059578966308309.
[I 2025-05-02 16:40:35,374] Trial 406 finished with value: 0.6968669875399217 and parameters: {'n_estimators': 140, 'max_depth': 10, 'min_samples_split': 2, 'min_samples_leaf': 2}. Best is trial 63 with value: 0.7059578966308309.
[I 2025-05-02 16:40:36,462] Trial 407 finished with value: 0.6690931367823996 and parameters: {'n_estimators': 137, 'max_depth': 10, 'min_samples_split': 2, 'min_samples_leaf': 3}. Best is trial 63 with value: 0.7059578966308309.
[I 2025-05-02 16:40:37,446] Trial 408 finished with value: 0.7026020265473398 and parameters: {'n_estimators': 146, 'max_depth': 10, 'min_samples_split': 3, 'min_samples_leaf': 2}. Best is trial 63 with value: 0.7059578966308309.
[I 2025-05-02 16:40:38,529] Trial 409 finished with value: 0.6148269301757674 and parameters: {'n_estimators': 133, 'max_depth': 4, 'min_samples_split': 2, 'min_samples_leaf': 2}. Best is trial 63 with value: 0.7059578966308309.
[I 2025-05-02 16:40:39,539] Trial 410 finished with value: 0.6998268184067294 and parameters: {'n_estimators': 142, 'max_depth': 10, 'min_samples_split': 2, 'min_samples_leaf': 2}. Best is trial 63 with value: 0.7059578966308309.
[I 2025-05-02 16:40:40,424] Trial 411 finished with value: 0.6717101177090798 and parameters: {'n_estimators': 129, 'max_depth': 10, 'min_samples_split': 2, 'min_samples_leaf': 1}. Best is trial 63 with value: 0.7059578966308309.
[I 2025-05-02 16:40:41,558] Trial 412 finished with value: 0.6916865990107821 and parameters: {'n_estimators': 153, 'max_depth': 10, 'min_samples_split': 2, 'min_samples_leaf': 2}. Best is trial 63 with value: 0.7059578966308309.
[I 2025-05-02 16:40:42,546] Trial 413 finished with value: 0.6703867910063723 and parameters: {'n_estimators': 138, 'max_depth': 10, 'min_samples_split': 7, 'min_samples_leaf': 2}. Best is trial 63 with value: 0.7059578966308309.
[I 2025-05-02 16:40:43,773] Trial 414 finished with value: 0.6789210699661832 and parameters: {'n_estimators': 150, 'max_depth': 9, 'min_samples_split': 2, 'min_samples_leaf': 2}. Best is trial 63 with value: 0.7059578966308309.
[I 2025-05-02 16:40:44,874] Trial 415 finished with value: 0.6968669875399217 and parameters: {'n_estimators': 144, 'max_depth': 10, 'min_samples_split': 2, 'min_samples_leaf': 2}. Best is trial 63 with value: 0.7059578966308309.
[I 2025-05-02 16:40:45,984] Trial 416 finished with value: 0.6968669875399217 and parameters: {'n_estimators': 140, 'max_depth': 10, 'min_samples_split': 2, 'min_samples_leaf': 2}. Best is trial 63 with value: 0.7059578966308309.
[I 2025-05-02 16:40:47,002] Trial 417 finished with value: 0.6859974223225305 and parameters: {'n_estimators': 135, 'max_depth': 10, 'min_samples_split': 2, 'min_samples_leaf': 2}. Best is trial 63 with value: 0.7059578966308309.
[I 2025-05-02 16:40:48,084] Trial 418 finished with value: 0.6998268184067294 and parameters: {'n_estimators': 142, 'max_depth': 10, 'min_samples_split': 2, 'min_samples_leaf': 2}. Best is trial 63 with value: 0.7059578966308309.
[I 2025-05-02 16:40:49,147] Trial 419 finished with value: 0.7026020265473398 and parameters: {'n_estimators': 146, 'max_depth': 10, 'min_samples_split': 3, 'min_samples_leaf': 2}. Best is trial 63 with value: 0.7059578966308309.
[I 2025-05-02 16:40:50,150] Trial 420 finished with value: 0.6968669875399217 and parameters: {'n_estimators': 138, 'max_depth': 10, 'min_samples_split': 2, 'min_samples_leaf': 2}. Best is trial 63 with value: 0.7059578966308309.
[I 2025-05-02 16:40:51,142] Trial 421 finished with value: 0.6968669875399217 and parameters: {'n_estimators': 132, 'max_depth': 10, 'min_samples_split': 2, 'min_samples_leaf': 2}. Best is trial 63 with value: 0.7059578966308309.
[I 2025-05-02 16:40:52,181] Trial 422 finished with value: 0.7059578966308309 and parameters: {'n_estimators': 141, 'max_depth': 10, 'min_samples_split': 2, 'min_samples_leaf': 2}. Best is trial 63 with value: 0.7059578966308309.
[I 2025-05-02 16:40:53,203] Trial 423 finished with value: 0.6968669875399217 and parameters: {'n_estimators': 136, 'max_depth': 10, 'min_samples_split': 2, 'min_samples_leaf': 2}. Best is trial 63 with value: 0.7059578966308309.
[I 2025-05-02 16:40:54,222] Trial 424 finished with value: 0.6968669875399217 and parameters: {'n_estimators': 144, 'max_depth': 10, 'min_samples_split': 2, 'min_samples_leaf': 2}. Best is trial 63 with value: 0.7059578966308309.
[I 2025-05-02 16:40:55,347] Trial 425 finished with value: 0.7026020265473398 and parameters: {'n_estimators': 149, 'max_depth': 10, 'min_samples_split': 2, 'min_samples_leaf': 2}. Best is trial 63 with value: 0.7059578966308309.
[I 2025-05-02 16:40:56,473] Trial 426 finished with value: 0.6734978379192393 and parameters: {'n_estimators': 140, 'max_depth': 9, 'min_samples_split': 2, 'min_samples_leaf': 2}. Best is trial 63 with value: 0.7059578966308309.
[I 2025-05-02 16:40:57,481] Trial 427 finished with value: 0.6968669875399217 and parameters: {'n_estimators': 138, 'max_depth': 10, 'min_samples_split': 2, 'min_samples_leaf': 2}. Best is trial 63 with value: 0.7059578966308309.
[I 2025-05-02 16:40:58,684] Trial 428 finished with value: 0.6789210699661832 and parameters: {'n_estimators': 146, 'max_depth': 10, 'min_samples_split': 5, 'min_samples_leaf': 2}. Best is trial 63 with value: 0.7059578966308309.
[I 2025-05-02 16:40:59,673] Trial 429 finished with value: 0.662888950169031 and parameters: {'n_estimators': 143, 'max_depth': 6, 'min_samples_split': 3, 'min_samples_leaf': 2}. Best is trial 63 with value: 0.7059578966308309.
[I 2025-05-02 16:41:00,630] Trial 430 finished with value: 0.6859974223225305 and parameters: {'n_estimators': 135, 'max_depth': 10, 'min_samples_split': 2, 'min_samples_leaf': 2}. Best is trial 63 with value: 0.7059578966308309.
[I 2025-05-02 16:41:01,749] Trial 431 finished with value: 0.6968669875399217 and parameters: {'n_estimators': 140, 'max_depth': 10, 'min_samples_split': 2, 'min_samples_leaf': 2}. Best is trial 63 with value: 0.7059578966308309.
[I 2025-05-02 16:41:02,771] Trial 432 finished with value: 0.6637262995402531 and parameters: {'n_estimators': 143, 'max_depth': 5, 'min_samples_split': 2, 'min_samples_leaf': 2}. Best is trial 63 with value: 0.7059578966308309.
[I 2025-05-02 16:41:04,002] Trial 433 finished with value: 0.6400988181097038 and parameters: {'n_estimators': 137, 'max_depth': 10, 'min_samples_split': 9, 'min_samples_leaf': 2}. Best is trial 63 with value: 0.7059578966308309.
[I 2025-05-02 16:41:05,201] Trial 434 finished with value: 0.6915478386037515 and parameters: {'n_estimators': 133, 'max_depth': 10, 'min_samples_split': 2, 'min_samples_leaf': 2}. Best is trial 63 with value: 0.7059578966308309.
[I 2025-05-02 16:41:06,491] Trial 435 finished with value: 0.6974216380182001 and parameters: {'n_estimators': 147, 'max_depth': 10, 'min_samples_split': 2, 'min_samples_leaf': 2}. Best is trial 63 with value: 0.7059578966308309.
[I 2025-05-02 16:41:07,658] Trial 436 finished with value: 0.7059578966308309 and parameters: {'n_estimators': 141, 'max_depth': 10, 'min_samples_split': 2, 'min_samples_leaf': 2}. Best is trial 63 with value: 0.7059578966308309.
[I 2025-05-02 16:41:08,820] Trial 437 finished with value: 0.6968669875399217 and parameters: {'n_estimators': 138, 'max_depth': 10, 'min_samples_split': 2, 'min_samples_leaf': 2}. Best is trial 63 with value: 0.7059578966308309.
[I 2025-05-02 16:41:09,836] Trial 438 finished with value: 0.6968669875399217 and parameters: {'n_estimators': 144, 'max_depth': 10, 'min_samples_split': 2, 'min_samples_leaf': 2}. Best is trial 63 with value: 0.7059578966308309.
[I 2025-05-02 16:41:10,740] Trial 439 finished with value: 0.6770651244932164 and parameters: {'n_estimators': 130, 'max_depth': 9, 'min_samples_split': 2, 'min_samples_leaf': 2}. Best is trial 63 with value: 0.7059578966308309.
[I 2025-05-02 16:41:11,648] Trial 440 finished with value: 0.6915478386037515 and parameters: {'n_estimators': 126, 'max_depth': 10, 'min_samples_split': 2, 'min_samples_leaf': 2}. Best is trial 63 with value: 0.7059578966308309.
[I 2025-05-02 16:41:12,674] Trial 441 finished with value: 0.6968669875399217 and parameters: {'n_estimators': 140, 'max_depth': 10, 'min_samples_split': 2, 'min_samples_leaf': 2}. Best is trial 63 with value: 0.7059578966308309.
[I 2025-05-02 16:41:13,675] Trial 442 finished with value: 0.6707666403826238 and parameters: {'n_estimators': 136, 'max_depth': 10, 'min_samples_split': 2, 'min_samples_leaf': 1}. Best is trial 63 with value: 0.7059578966308309.
[I 2025-05-02 16:41:14,974] Trial 443 finished with value: 0.7026020265473398 and parameters: {'n_estimators': 146, 'max_depth': 10, 'min_samples_split': 2, 'min_samples_leaf': 2}. Best is trial 63 with value: 0.7059578966308309.
[I 2025-05-02 16:41:15,974] Trial 444 finished with value: 0.6998268184067294 and parameters: {'n_estimators': 142, 'max_depth': 10, 'min_samples_split': 2, 'min_samples_leaf': 2}. Best is trial 63 with value: 0.7059578966308309.
[I 2025-05-02 16:41:16,991] Trial 445 finished with value: 0.7026020265473398 and parameters: {'n_estimators': 149, 'max_depth': 10, 'min_samples_split': 2, 'min_samples_leaf': 2}. Best is trial 63 with value: 0.7059578966308309.
[I 2025-05-02 16:41:17,952] Trial 446 finished with value: 0.6915478386037515 and parameters: {'n_estimators': 134, 'max_depth': 10, 'min_samples_split': 2, 'min_samples_leaf': 2}. Best is trial 63 with value: 0.7059578966308309.
[I 2025-05-02 16:41:18,952] Trial 447 finished with value: 0.7059578966308309 and parameters: {'n_estimators': 139, 'max_depth': 10, 'min_samples_split': 2, 'min_samples_leaf': 2}. Best is trial 63 with value: 0.7059578966308309.
[I 2025-05-02 16:41:20,051] Trial 448 finished with value: 0.6968669875399217 and parameters: {'n_estimators': 143, 'max_depth': 10, 'min_samples_split': 2, 'min_samples_leaf': 2}. Best is trial 63 with value: 0.7059578966308309.
[I 2025-05-02 16:41:20,934] Trial 449 finished with value: 0.6915478386037515 and parameters: {'n_estimators': 123, 'max_depth': 10, 'min_samples_split': 3, 'min_samples_leaf': 2}. Best is trial 63 with value: 0.7059578966308309.
[I 2025-05-02 16:41:21,900] Trial 450 finished with value: 0.6976084446643576 and parameters: {'n_estimators': 137, 'max_depth': 10, 'min_samples_split': 2, 'min_samples_leaf': 2}. Best is trial 63 with value: 0.7059578966308309.
[I 2025-05-02 16:41:22,958] Trial 451 finished with value: 0.6968669875399217 and parameters: {'n_estimators': 140, 'max_depth': 10, 'min_samples_split': 2, 'min_samples_leaf': 2}. Best is trial 63 with value: 0.7059578966308309.
[I 2025-05-02 16:41:24,066] Trial 452 finished with value: 0.6707226297786287 and parameters: {'n_estimators': 144, 'max_depth': 9, 'min_samples_split': 2, 'min_samples_leaf': 2}. Best is trial 63 with value: 0.7059578966308309.
[I 2025-05-02 16:41:25,182] Trial 453 finished with value: 0.6915478386037515 and parameters: {'n_estimators': 134, 'max_depth': 10, 'min_samples_split': 2, 'min_samples_leaf': 2}. Best is trial 63 with value: 0.7059578966308309.
[I 2025-05-02 16:41:26,340] Trial 454 finished with value: 0.7059578966308309 and parameters: {'n_estimators': 141, 'max_depth': 10, 'min_samples_split': 2, 'min_samples_leaf': 2}. Best is trial 63 with value: 0.7059578966308309.
[I 2025-05-02 16:41:27,360] Trial 455 finished with value: 0.6968669875399217 and parameters: {'n_estimators': 138, 'max_depth': 10, 'min_samples_split': 2, 'min_samples_leaf': 2}. Best is trial 63 with value: 0.7059578966308309.
[I 2025-05-02 16:41:28,420] Trial 456 finished with value: 0.7026020265473398 and parameters: {'n_estimators': 146, 'max_depth': 10, 'min_samples_split': 2, 'min_samples_leaf': 2}. Best is trial 63 with value: 0.7059578966308309.
[I 2025-05-02 16:41:29,685] Trial 457 finished with value: 0.6916865990107821 and parameters: {'n_estimators': 152, 'max_depth': 10, 'min_samples_split': 2, 'min_samples_leaf': 2}. Best is trial 63 with value: 0.7059578966308309.
[I 2025-05-02 16:41:30,617] Trial 458 finished with value: 0.6968669875399217 and parameters: {'n_estimators': 132, 'max_depth': 10, 'min_samples_split': 2, 'min_samples_leaf': 2}. Best is trial 63 with value: 0.7059578966308309.
[I 2025-05-02 16:41:31,624] Trial 459 finished with value: 0.6998268184067294 and parameters: {'n_estimators': 142, 'max_depth': 10, 'min_samples_split': 3, 'min_samples_leaf': 2}. Best is trial 63 with value: 0.7059578966308309.
[I 2025-05-02 16:41:32,605] Trial 460 finished with value: 0.6968669875399217 and parameters: {'n_estimators': 136, 'max_depth': 10, 'min_samples_split': 2, 'min_samples_leaf': 2}. Best is trial 63 with value: 0.7059578966308309.
[I 2025-05-02 16:41:33,734] Trial 461 finished with value: 0.7026020265473398 and parameters: {'n_estimators': 148, 'max_depth': 10, 'min_samples_split': 2, 'min_samples_leaf': 2}. Best is trial 63 with value: 0.7059578966308309.
[I 2025-05-02 16:41:34,889] Trial 462 finished with value: 0.7059578966308309 and parameters: {'n_estimators': 139, 'max_depth': 10, 'min_samples_split': 2, 'min_samples_leaf': 2}. Best is trial 63 with value: 0.7059578966308309.
[I 2025-05-02 16:41:36,033] Trial 463 finished with value: 0.6968669875399217 and parameters: {'n_estimators': 145, 'max_depth': 10, 'min_samples_split': 2, 'min_samples_leaf': 2}. Best is trial 63 with value: 0.7059578966308309.
[I 2025-05-02 16:41:37,204] Trial 464 finished with value: 0.6707226297786287 and parameters: {'n_estimators': 142, 'max_depth': 9, 'min_samples_split': 2, 'min_samples_leaf': 2}. Best is trial 63 with value: 0.7059578966308309.
[I 2025-05-02 16:41:38,342] Trial 465 finished with value: 0.6739010028926773 and parameters: {'n_estimators': 136, 'max_depth': 7, 'min_samples_split': 2, 'min_samples_leaf': 2}. Best is trial 63 with value: 0.7059578966308309.
[I 2025-05-02 16:41:39,425] Trial 466 finished with value: 0.7059578966308309 and parameters: {'n_estimators': 139, 'max_depth': 10, 'min_samples_split': 2, 'min_samples_leaf': 2}. Best is trial 63 with value: 0.7059578966308309.
[I 2025-05-02 16:41:39,930] Trial 467 finished with value: 0.6652410558698879 and parameters: {'n_estimators': 66, 'max_depth': 10, 'min_samples_split': 2, 'min_samples_leaf': 2}. Best is trial 63 with value: 0.7059578966308309.
[I 2025-05-02 16:41:41,030] Trial 468 finished with value: 0.6968669875399217 and parameters: {'n_estimators': 144, 'max_depth': 10, 'min_samples_split': 2, 'min_samples_leaf': 2}. Best is trial 63 with value: 0.7059578966308309.
[I 2025-05-02 16:41:41,984] Trial 469 finished with value: 0.6321659665534977 and parameters: {'n_estimators': 131, 'max_depth': 10, 'min_samples_split': 2, 'min_samples_leaf': 5}. Best is trial 63 with value: 0.7059578966308309.
[I 2025-05-02 16:41:42,970] Trial 470 finished with value: 0.7059578966308309 and parameters: {'n_estimators': 141, 'max_depth': 10, 'min_samples_split': 2, 'min_samples_leaf': 2}. Best is trial 63 with value: 0.7059578966308309.
