[I 2025-05-02 16:45:29,432] Trial 404 finished with value: 0.7169643909023283 and parameters: {'n_estimators': 137, 'max_depth': 9, 'learning_rate': 0.06822847850869768, 'subsample': 0.8140532697259741, 'colsample_bytree': 0.8501236876674511, 'gamma': 1.2746350293953628, 'min_child_weight': 2}. Best is trial 355 with value: 0.748056870473164.
c:\Users\Admin\anaconda3\envs\mlflow_demo\lib\site-packages\xgboost\training.py:183: UserWarning: [16:45:29] WARNING: C:\actions-runner\_work\xgboost\xgboost\src\learner.cc:738:
Parameters: { "use_label_encoder" } are not used.

  bst.update(dtrain, iteration=i, fobj=obj)
c:\Users\Admin\anaconda3\envs\mlflow_demo\lib\site-packages\xgboost\training.py:183: UserWarning: [16:45:29] WARNING: C:\actions-runner\_work\xgboost\xgboost\src\learner.cc:738:
Parameters: { "use_label_encoder" } are not used.

  bst.update(dtrain, iteration=i, fobj=obj)
c:\Users\Admin\anaconda3\envs\mlflow_demo\lib\site-packages\xgboost\training.py:183: UserWarning: [16:45:29] WARNING: C:\actions-runner\_work\xgboost\xgboost\src\learner.cc:738:
Parameters: { "use_label_encoder" } are not used.

  bst.update(dtrain, iteration=i, fobj=obj)
c:\Users\Admin\anaconda3\envs\mlflow_demo\lib\site-packages\xgboost\training.py:183: UserWarning: [16:45:29] WARNING: C:\actions-runner\_work\xgboost\xgboost\src\learner.cc:738:
Parameters: { "use_label_encoder" } are not used.

  bst.update(dtrain, iteration=i, fobj=obj)
c:\Users\Admin\anaconda3\envs\mlflow_demo\lib\site-packages\xgboost\training.py:183: UserWarning: [16:45:29] WARNING: C:\actions-runner\_work\xgboost\xgboost\src\learner.cc:738:
Parameters: { "use_label_encoder" } are not used.

  bst.update(dtrain, iteration=i, fobj=obj)
[I 2025-05-02 16:45:29,892] Trial 405 finished with value: 0.7253401360544218 and parameters: {'n_estimators': 134, 'max_depth': 9, 'learning_rate': 0.061089088233656136, 'subsample': 0.7986316362795572, 'colsample_bytree': 0.9864090621603577, 'gamma': 1.206861784182832, 'min_child_weight': 1}. Best is trial 355 with value: 0.748056870473164.
c:\Users\Admin\anaconda3\envs\mlflow_demo\lib\site-packages\xgboost\training.py:183: UserWarning: [16:45:30] WARNING: C:\actions-runner\_work\xgboost\xgboost\src\learner.cc:738:
Parameters: { "use_label_encoder" } are not used.

  bst.update(dtrain, iteration=i, fobj=obj)
c:\Users\Admin\anaconda3\envs\mlflow_demo\lib\site-packages\xgboost\training.py:183: UserWarning: [16:45:30] WARNING: C:\actions-runner\_work\xgboost\xgboost\src\learner.cc:738:
Parameters: { "use_label_encoder" } are not used.

  bst.update(dtrain, iteration=i, fobj=obj)
c:\Users\Admin\anaconda3\envs\mlflow_demo\lib\site-packages\xgboost\training.py:183: UserWarning: [16:45:30] WARNING: C:\actions-runner\_work\xgboost\xgboost\src\learner.cc:738:
Parameters: { "use_label_encoder" } are not used.

  bst.update(dtrain, iteration=i, fobj=obj)
c:\Users\Admin\anaconda3\envs\mlflow_demo\lib\site-packages\xgboost\training.py:183: UserWarning: [16:45:30] WARNING: C:\actions-runner\_work\xgboost\xgboost\src\learner.cc:738:
Parameters: { "use_label_encoder" } are not used.

  bst.update(dtrain, iteration=i, fobj=obj)
c:\Users\Admin\anaconda3\envs\mlflow_demo\lib\site-packages\xgboost\training.py:183: UserWarning: [16:45:30] WARNING: C:\actions-runner\_work\xgboost\xgboost\src\learner.cc:738:
Parameters: { "use_label_encoder" } are not used.

  bst.update(dtrain, iteration=i, fobj=obj)
[I 2025-05-02 16:45:30,316] Trial 406 finished with value: 0.7338974854932301 and parameters: {'n_estimators': 154, 'max_depth': 9, 'learning_rate': 0.06586928610583595, 'subsample': 0.8032837762868603, 'colsample_bytree': 0.8355258627601148, 'gamma': 1.4128199905676446, 'min_child_weight': 1}. Best is trial 355 with value: 0.748056870473164.
c:\Users\Admin\anaconda3\envs\mlflow_demo\lib\site-packages\xgboost\training.py:183: UserWarning: [16:45:30] WARNING: C:\actions-runner\_work\xgboost\xgboost\src\learner.cc:738:
Parameters: { "use_label_encoder" } are not used.

  bst.update(dtrain, iteration=i, fobj=obj)
c:\Users\Admin\anaconda3\envs\mlflow_demo\lib\site-packages\xgboost\training.py:183: UserWarning: [16:45:30] WARNING: C:\actions-runner\_work\xgboost\xgboost\src\learner.cc:738:
Parameters: { "use_label_encoder" } are not used.

  bst.update(dtrain, iteration=i, fobj=obj)
c:\Users\Admin\anaconda3\envs\mlflow_demo\lib\site-packages\xgboost\training.py:183: UserWarning: [16:45:30] WARNING: C:\actions-runner\_work\xgboost\xgboost\src\learner.cc:738:
Parameters: { "use_label_encoder" } are not used.

  bst.update(dtrain, iteration=i, fobj=obj)
c:\Users\Admin\anaconda3\envs\mlflow_demo\lib\site-packages\xgboost\training.py:183: UserWarning: [16:45:30] WARNING: C:\actions-runner\_work\xgboost\xgboost\src\learner.cc:738:
Parameters: { "use_label_encoder" } are not used.

  bst.update(dtrain, iteration=i, fobj=obj)
c:\Users\Admin\anaconda3\envs\mlflow_demo\lib\site-packages\xgboost\training.py:183: UserWarning: [16:45:30] WARNING: C:\actions-runner\_work\xgboost\xgboost\src\learner.cc:738:
Parameters: { "use_label_encoder" } are not used.

  bst.update(dtrain, iteration=i, fobj=obj)
[I 2025-05-02 16:45:30,909] Trial 407 finished with value: 0.7387415078186973 and parameters: {'n_estimators': 127, 'max_depth': 10, 'learning_rate': 0.06041106144726419, 'subsample': 0.8177650228093498, 'colsample_bytree': 0.845316012057165, 'gamma': 1.1380347775494823, 'min_child_weight': 1}. Best is trial 355 with value: 0.748056870473164.
c:\Users\Admin\anaconda3\envs\mlflow_demo\lib\site-packages\xgboost\training.py:183: UserWarning: [16:45:31] WARNING: C:\actions-runner\_work\xgboost\xgboost\src\learner.cc:738:
Parameters: { "use_label_encoder" } are not used.

  bst.update(dtrain, iteration=i, fobj=obj)
c:\Users\Admin\anaconda3\envs\mlflow_demo\lib\site-packages\xgboost\training.py:183: UserWarning: [16:45:31] WARNING: C:\actions-runner\_work\xgboost\xgboost\src\learner.cc:738:
Parameters: { "use_label_encoder" } are not used.

  bst.update(dtrain, iteration=i, fobj=obj)
c:\Users\Admin\anaconda3\envs\mlflow_demo\lib\site-packages\xgboost\training.py:183: UserWarning: [16:45:31] WARNING: C:\actions-runner\_work\xgboost\xgboost\src\learner.cc:738:
Parameters: { "use_label_encoder" } are not used.

  bst.update(dtrain, iteration=i, fobj=obj)
c:\Users\Admin\anaconda3\envs\mlflow_demo\lib\site-packages\xgboost\training.py:183: UserWarning: [16:45:31] WARNING: C:\actions-runner\_work\xgboost\xgboost\src\learner.cc:738:
Parameters: { "use_label_encoder" } are not used.

  bst.update(dtrain, iteration=i, fobj=obj)
c:\Users\Admin\anaconda3\envs\mlflow_demo\lib\site-packages\xgboost\training.py:183: UserWarning: [16:45:31] WARNING: C:\actions-runner\_work\xgboost\xgboost\src\learner.cc:738:
Parameters: { "use_label_encoder" } are not used.

  bst.update(dtrain, iteration=i, fobj=obj)
[I 2025-05-02 16:45:31,425] Trial 408 finished with value: 0.711826004415922 and parameters: {'n_estimators': 133, 'max_depth': 10, 'learning_rate': 0.07511368031440938, 'subsample': 0.6920042484977525, 'colsample_bytree': 0.8460038292805888, 'gamma': 1.055688657060413, 'min_child_weight': 1}. Best is trial 355 with value: 0.748056870473164.
c:\Users\Admin\anaconda3\envs\mlflow_demo\lib\site-packages\xgboost\training.py:183: UserWarning: [16:45:31] WARNING: C:\actions-runner\_work\xgboost\xgboost\src\learner.cc:738:
Parameters: { "use_label_encoder" } are not used.

  bst.update(dtrain, iteration=i, fobj=obj)
c:\Users\Admin\anaconda3\envs\mlflow_demo\lib\site-packages\xgboost\training.py:183: UserWarning: [16:45:31] WARNING: C:\actions-runner\_work\xgboost\xgboost\src\learner.cc:738:
Parameters: { "use_label_encoder" } are not used.

  bst.update(dtrain, iteration=i, fobj=obj)
c:\Users\Admin\anaconda3\envs\mlflow_demo\lib\site-packages\xgboost\training.py:183: UserWarning: [16:45:31] WARNING: C:\actions-runner\_work\xgboost\xgboost\src\learner.cc:738:
Parameters: { "use_label_encoder" } are not used.

  bst.update(dtrain, iteration=i, fobj=obj)
c:\Users\Admin\anaconda3\envs\mlflow_demo\lib\site-packages\xgboost\training.py:183: UserWarning: [16:45:31] WARNING: C:\actions-runner\_work\xgboost\xgboost\src\learner.cc:738:
Parameters: { "use_label_encoder" } are not used.

  bst.update(dtrain, iteration=i, fobj=obj)
c:\Users\Admin\anaconda3\envs\mlflow_demo\lib\site-packages\xgboost\training.py:183: UserWarning: [16:45:31] WARNING: C:\actions-runner\_work\xgboost\xgboost\src\learner.cc:738:
Parameters: { "use_label_encoder" } are not used.

  bst.update(dtrain, iteration=i, fobj=obj)
[I 2025-05-02 16:45:31,898] Trial 409 finished with value: 0.7097057427622212 and parameters: {'n_estimators': 136, 'max_depth': 10, 'learning_rate': 0.06012257031504872, 'subsample': 0.9852720301238979, 'colsample_bytree': 0.8618877734630304, 'gamma': 1.1353788643598661, 'min_child_weight': 1}. Best is trial 355 with value: 0.748056870473164.
c:\Users\Admin\anaconda3\envs\mlflow_demo\lib\site-packages\xgboost\training.py:183: UserWarning: [16:45:32] WARNING: C:\actions-runner\_work\xgboost\xgboost\src\learner.cc:738:
Parameters: { "use_label_encoder" } are not used.

  bst.update(dtrain, iteration=i, fobj=obj)
c:\Users\Admin\anaconda3\envs\mlflow_demo\lib\site-packages\xgboost\training.py:183: UserWarning: [16:45:32] WARNING: C:\actions-runner\_work\xgboost\xgboost\src\learner.cc:738:
Parameters: { "use_label_encoder" } are not used.

  bst.update(dtrain, iteration=i, fobj=obj)
c:\Users\Admin\anaconda3\envs\mlflow_demo\lib\site-packages\xgboost\training.py:183: UserWarning: [16:45:32] WARNING: C:\actions-runner\_work\xgboost\xgboost\src\learner.cc:738:
Parameters: { "use_label_encoder" } are not used.

  bst.update(dtrain, iteration=i, fobj=obj)
c:\Users\Admin\anaconda3\envs\mlflow_demo\lib\site-packages\xgboost\training.py:183: UserWarning: [16:45:32] WARNING: C:\actions-runner\_work\xgboost\xgboost\src\learner.cc:738:
Parameters: { "use_label_encoder" } are not used.

  bst.update(dtrain, iteration=i, fobj=obj)
c:\Users\Admin\anaconda3\envs\mlflow_demo\lib\site-packages\xgboost\training.py:183: UserWarning: [16:45:32] WARNING: C:\actions-runner\_work\xgboost\xgboost\src\learner.cc:738:
Parameters: { "use_label_encoder" } are not used.

  bst.update(dtrain, iteration=i, fobj=obj)
[I 2025-05-02 16:45:32,346] Trial 410 finished with value: 0.7288773097891639 and parameters: {'n_estimators': 132, 'max_depth': 10, 'learning_rate': 0.06610192392106785, 'subsample': 0.8146963726726255, 'colsample_bytree': 0.852356849791909, 'gamma': 1.003785201746144, 'min_child_weight': 1}. Best is trial 355 with value: 0.748056870473164.
c:\Users\Admin\anaconda3\envs\mlflow_demo\lib\site-packages\xgboost\training.py:183: UserWarning: [16:45:32] WARNING: C:\actions-runner\_work\xgboost\xgboost\src\learner.cc:738:
Parameters: { "use_label_encoder" } are not used.

  bst.update(dtrain, iteration=i, fobj=obj)
c:\Users\Admin\anaconda3\envs\mlflow_demo\lib\site-packages\xgboost\training.py:183: UserWarning: [16:45:32] WARNING: C:\actions-runner\_work\xgboost\xgboost\src\learner.cc:738:
Parameters: { "use_label_encoder" } are not used.

  bst.update(dtrain, iteration=i, fobj=obj)
c:\Users\Admin\anaconda3\envs\mlflow_demo\lib\site-packages\xgboost\training.py:183: UserWarning: [16:45:32] WARNING: C:\actions-runner\_work\xgboost\xgboost\src\learner.cc:738:
Parameters: { "use_label_encoder" } are not used.

  bst.update(dtrain, iteration=i, fobj=obj)
c:\Users\Admin\anaconda3\envs\mlflow_demo\lib\site-packages\xgboost\training.py:183: UserWarning: [16:45:32] WARNING: C:\actions-runner\_work\xgboost\xgboost\src\learner.cc:738:
Parameters: { "use_label_encoder" } are not used.

  bst.update(dtrain, iteration=i, fobj=obj)
c:\Users\Admin\anaconda3\envs\mlflow_demo\lib\site-packages\xgboost\training.py:183: UserWarning: [16:45:32] WARNING: C:\actions-runner\_work\xgboost\xgboost\src\learner.cc:738:
Parameters: { "use_label_encoder" } are not used.

  bst.update(dtrain, iteration=i, fobj=obj)
[I 2025-05-02 16:45:32,803] Trial 411 finished with value: 0.692445453611041 and parameters: {'n_estimators': 136, 'max_depth': 10, 'learning_rate': 0.055881931318571096, 'subsample': 0.7918562498340059, 'colsample_bytree': 0.8287282617271711, 'gamma': 2.9199023514116593, 'min_child_weight': 1}. Best is trial 355 with value: 0.748056870473164.
c:\Users\Admin\anaconda3\envs\mlflow_demo\lib\site-packages\xgboost\training.py:183: UserWarning: [16:45:32] WARNING: C:\actions-runner\_work\xgboost\xgboost\src\learner.cc:738:
Parameters: { "use_label_encoder" } are not used.

  bst.update(dtrain, iteration=i, fobj=obj)
c:\Users\Admin\anaconda3\envs\mlflow_demo\lib\site-packages\xgboost\training.py:183: UserWarning: [16:45:32] WARNING: C:\actions-runner\_work\xgboost\xgboost\src\learner.cc:738:
Parameters: { "use_label_encoder" } are not used.

  bst.update(dtrain, iteration=i, fobj=obj)
c:\Users\Admin\anaconda3\envs\mlflow_demo\lib\site-packages\xgboost\training.py:183: UserWarning: [16:45:33] WARNING: C:\actions-runner\_work\xgboost\xgboost\src\learner.cc:738:
Parameters: { "use_label_encoder" } are not used.

  bst.update(dtrain, iteration=i, fobj=obj)
c:\Users\Admin\anaconda3\envs\mlflow_demo\lib\site-packages\xgboost\training.py:183: UserWarning: [16:45:33] WARNING: C:\actions-runner\_work\xgboost\xgboost\src\learner.cc:738:
Parameters: { "use_label_encoder" } are not used.

  bst.update(dtrain, iteration=i, fobj=obj)
c:\Users\Admin\anaconda3\envs\mlflow_demo\lib\site-packages\xgboost\training.py:183: UserWarning: [16:45:33] WARNING: C:\actions-runner\_work\xgboost\xgboost\src\learner.cc:738:
Parameters: { "use_label_encoder" } are not used.

  bst.update(dtrain, iteration=i, fobj=obj)
[I 2025-05-02 16:45:33,180] Trial 412 finished with value: 0.7162339378607384 and parameters: {'n_estimators': 127, 'max_depth': 10, 'learning_rate': 0.06284077686378282, 'subsample': 0.8196634849105876, 'colsample_bytree': 0.8366904129752345, 'gamma': 2.3143910780822945, 'min_child_weight': 1}. Best is trial 355 with value: 0.748056870473164.
c:\Users\Admin\anaconda3\envs\mlflow_demo\lib\site-packages\xgboost\training.py:183: UserWarning: [16:45:33] WARNING: C:\actions-runner\_work\xgboost\xgboost\src\learner.cc:738:
Parameters: { "use_label_encoder" } are not used.

  bst.update(dtrain, iteration=i, fobj=obj)
c:\Users\Admin\anaconda3\envs\mlflow_demo\lib\site-packages\xgboost\training.py:183: UserWarning: [16:45:33] WARNING: C:\actions-runner\_work\xgboost\xgboost\src\learner.cc:738:
Parameters: { "use_label_encoder" } are not used.

  bst.update(dtrain, iteration=i, fobj=obj)
c:\Users\Admin\anaconda3\envs\mlflow_demo\lib\site-packages\xgboost\training.py:183: UserWarning: [16:45:33] WARNING: C:\actions-runner\_work\xgboost\xgboost\src\learner.cc:738:
Parameters: { "use_label_encoder" } are not used.

  bst.update(dtrain, iteration=i, fobj=obj)
c:\Users\Admin\anaconda3\envs\mlflow_demo\lib\site-packages\xgboost\training.py:183: UserWarning: [16:45:33] WARNING: C:\actions-runner\_work\xgboost\xgboost\src\learner.cc:738:
Parameters: { "use_label_encoder" } are not used.

  bst.update(dtrain, iteration=i, fobj=obj)
c:\Users\Admin\anaconda3\envs\mlflow_demo\lib\site-packages\xgboost\training.py:183: UserWarning: [16:45:33] WARNING: C:\actions-runner\_work\xgboost\xgboost\src\learner.cc:738:
Parameters: { "use_label_encoder" } are not used.

  bst.update(dtrain, iteration=i, fobj=obj)
[I 2025-05-02 16:45:33,843] Trial 413 finished with value: 0.7148550724637681 and parameters: {'n_estimators': 130, 'max_depth': 10, 'learning_rate': 0.05539709116776173, 'subsample': 0.8075245478792464, 'colsample_bytree': 0.8699767848743771, 'gamma': 0.46709720241229513, 'min_child_weight': 1}. Best is trial 355 with value: 0.748056870473164.
c:\Users\Admin\anaconda3\envs\mlflow_demo\lib\site-packages\xgboost\training.py:183: UserWarning: [16:45:33] WARNING: C:\actions-runner\_work\xgboost\xgboost\src\learner.cc:738:
Parameters: { "use_label_encoder" } are not used.

  bst.update(dtrain, iteration=i, fobj=obj)
c:\Users\Admin\anaconda3\envs\mlflow_demo\lib\site-packages\xgboost\training.py:183: UserWarning: [16:45:34] WARNING: C:\actions-runner\_work\xgboost\xgboost\src\learner.cc:738:
Parameters: { "use_label_encoder" } are not used.

  bst.update(dtrain, iteration=i, fobj=obj)
c:\Users\Admin\anaconda3\envs\mlflow_demo\lib\site-packages\xgboost\training.py:183: UserWarning: [16:45:34] WARNING: C:\actions-runner\_work\xgboost\xgboost\src\learner.cc:738:
Parameters: { "use_label_encoder" } are not used.

  bst.update(dtrain, iteration=i, fobj=obj)
c:\Users\Admin\anaconda3\envs\mlflow_demo\lib\site-packages\xgboost\training.py:183: UserWarning: [16:45:34] WARNING: C:\actions-runner\_work\xgboost\xgboost\src\learner.cc:738:
Parameters: { "use_label_encoder" } are not used.

  bst.update(dtrain, iteration=i, fobj=obj)
c:\Users\Admin\anaconda3\envs\mlflow_demo\lib\site-packages\xgboost\training.py:183: UserWarning: [16:45:34] WARNING: C:\actions-runner\_work\xgboost\xgboost\src\learner.cc:738:
Parameters: { "use_label_encoder" } are not used.

  bst.update(dtrain, iteration=i, fobj=obj)
[I 2025-05-02 16:45:34,366] Trial 414 finished with value: 0.7411622633549545 and parameters: {'n_estimators': 138, 'max_depth': 10, 'learning_rate': 0.05158779223139292, 'subsample': 0.8244715344287114, 'colsample_bytree': 0.8424664936381429, 'gamma': 1.1144997468596185, 'min_child_weight': 1}. Best is trial 355 with value: 0.748056870473164.
c:\Users\Admin\anaconda3\envs\mlflow_demo\lib\site-packages\xgboost\training.py:183: UserWarning: [16:45:34] WARNING: C:\actions-runner\_work\xgboost\xgboost\src\learner.cc:738:
Parameters: { "use_label_encoder" } are not used.

  bst.update(dtrain, iteration=i, fobj=obj)
c:\Users\Admin\anaconda3\envs\mlflow_demo\lib\site-packages\xgboost\training.py:183: UserWarning: [16:45:34] WARNING: C:\actions-runner\_work\xgboost\xgboost\src\learner.cc:738:
Parameters: { "use_label_encoder" } are not used.

  bst.update(dtrain, iteration=i, fobj=obj)
c:\Users\Admin\anaconda3\envs\mlflow_demo\lib\site-packages\xgboost\training.py:183: UserWarning: [16:45:34] WARNING: C:\actions-runner\_work\xgboost\xgboost\src\learner.cc:738:
Parameters: { "use_label_encoder" } are not used.

  bst.update(dtrain, iteration=i, fobj=obj)
c:\Users\Admin\anaconda3\envs\mlflow_demo\lib\site-packages\xgboost\training.py:183: UserWarning: [16:45:34] WARNING: C:\actions-runner\_work\xgboost\xgboost\src\learner.cc:738:
Parameters: { "use_label_encoder" } are not used.

  bst.update(dtrain, iteration=i, fobj=obj)
c:\Users\Admin\anaconda3\envs\mlflow_demo\lib\site-packages\xgboost\training.py:183: UserWarning: [16:45:34] WARNING: C:\actions-runner\_work\xgboost\xgboost\src\learner.cc:738:
Parameters: { "use_label_encoder" } are not used.

  bst.update(dtrain, iteration=i, fobj=obj)
[I 2025-05-02 16:45:34,780] Trial 415 finished with value: 0.7352636569779427 and parameters: {'n_estimators': 133, 'max_depth': 10, 'learning_rate': 0.052411812541732945, 'subsample': 0.827493028886433, 'colsample_bytree': 0.8283553122399806, 'gamma': 1.2003715297494029, 'min_child_weight': 1}. Best is trial 355 with value: 0.748056870473164.
c:\Users\Admin\anaconda3\envs\mlflow_demo\lib\site-packages\xgboost\training.py:183: UserWarning: [16:45:34] WARNING: C:\actions-runner\_work\xgboost\xgboost\src\learner.cc:738:
Parameters: { "use_label_encoder" } are not used.

  bst.update(dtrain, iteration=i, fobj=obj)
c:\Users\Admin\anaconda3\envs\mlflow_demo\lib\site-packages\xgboost\training.py:183: UserWarning: [16:45:34] WARNING: C:\actions-runner\_work\xgboost\xgboost\src\learner.cc:738:
Parameters: { "use_label_encoder" } are not used.

  bst.update(dtrain, iteration=i, fobj=obj)
c:\Users\Admin\anaconda3\envs\mlflow_demo\lib\site-packages\xgboost\training.py:183: UserWarning: [16:45:35] WARNING: C:\actions-runner\_work\xgboost\xgboost\src\learner.cc:738:
Parameters: { "use_label_encoder" } are not used.

  bst.update(dtrain, iteration=i, fobj=obj)
c:\Users\Admin\anaconda3\envs\mlflow_demo\lib\site-packages\xgboost\training.py:183: UserWarning: [16:45:35] WARNING: C:\actions-runner\_work\xgboost\xgboost\src\learner.cc:738:
Parameters: { "use_label_encoder" } are not used.

  bst.update(dtrain, iteration=i, fobj=obj)
c:\Users\Admin\anaconda3\envs\mlflow_demo\lib\site-packages\xgboost\training.py:183: UserWarning: [16:45:35] WARNING: C:\actions-runner\_work\xgboost\xgboost\src\learner.cc:738:
Parameters: { "use_label_encoder" } are not used.

  bst.update(dtrain, iteration=i, fobj=obj)
