02-05-2025 10:20:24 Downloading and reading train artifact
[34m[1mwandb[0m:   1 of 1 files downloaded.
02-05-2025 10:20:27 Spliting data into train/val
02-05-2025 10:20:30 x train: (375, 8)
02-05-2025 10:20:30 y train: (375,)
02-05-2025 10:20:30 x val: (162, 8)
02-05-2025 10:20:30 y val: (162,)
02-05-2025 10:20:33 Outlier Removal
02-05-2025 10:20:34 x_train shape [original]: (375, 8)
02-05-2025 10:20:34 x_train shape [outlier removal]: (357, 8)
02-05-2025 10:20:37 Data after SMOTE: (476, 8)
02-05-2025 10:20:41 [Logistic] Accuracy: 0.7037037037037037
02-05-2025 10:20:42 [Random Forest] Accuracy: 0.691358024691358
c:\Users\Admin\anaconda3\envs\mlflow_demo\lib\site-packages\xgboost\training.py:183: UserWarning: [10:20:42] WARNING: C:\actions-runner\_work\xgboost\xgboost\src\learner.cc:738:
Parameters: { "use_label_encoder" } are not used.

  bst.update(dtrain, iteration=i, fobj=obj)
02-05-2025 10:20:42 [XGBoost] Accuracy: 0.7098765432098766
                 Model  Accuracy
0  Logistic Regression  0.703704
1        Random Forest  0.691358
2              XGBoost  0.709877
[I 2025-05-02 10:20:50,383] A new study created in memory with name: no-name-acb11a01-a8c1-4793-a82d-45d8e42ce859
[I 2025-05-02 10:20:51,305] Trial 0 finished with value: 0.6192419208698279 and parameters: {'n_estimators': 78, 'max_depth': 4, 'min_samples_split': 9, 'min_samples_leaf': 1}. Best is trial 0 with value: 0.6192419208698279.
[I 2025-05-02 10:20:52,215] Trial 1 finished with value: 0.6225781229457843 and parameters: {'n_estimators': 72, 'max_depth': 6, 'min_samples_split': 6, 'min_samples_leaf': 5}. Best is trial 1 with value: 0.6225781229457843.
[I 2025-05-02 10:20:53,049] Trial 2 finished with value: 0.6567849485167645 and parameters: {'n_estimators': 70, 'max_depth': 9, 'min_samples_split': 4, 'min_samples_leaf': 1}. Best is trial 2 with value: 0.6567849485167645.
[I 2025-05-02 10:20:54,528] Trial 3 finished with value: 0.6426411157654839 and parameters: {'n_estimators': 119, 'max_depth': 5, 'min_samples_split': 3, 'min_samples_leaf': 1}. Best is trial 2 with value: 0.6567849485167645.
[I 2025-05-02 10:20:56,778] Trial 4 finished with value: 0.6350329818479465 and parameters: {'n_estimators': 200, 'max_depth': 6, 'min_samples_split': 2, 'min_samples_leaf': 1}. Best is trial 2 with value: 0.6567849485167645.
[I 2025-05-02 10:20:58,330] Trial 5 finished with value: 0.6748686225992695 and parameters: {'n_estimators': 135, 'max_depth': 9, 'min_samples_split': 6, 'min_samples_leaf': 1}. Best is trial 5 with value: 0.6748686225992695.
[I 2025-05-02 10:20:59,592] Trial 6 finished with value: 0.6222061634086592 and parameters: {'n_estimators': 115, 'max_depth': 4, 'min_samples_split': 4, 'min_samples_leaf': 1}. Best is trial 5 with value: 0.6748686225992695.
[I 2025-05-02 10:21:02,132] Trial 7 finished with value: 0.6834523009752612 and parameters: {'n_estimators': 199, 'max_depth': 10, 'min_samples_split': 3, 'min_samples_leaf': 1}. Best is trial 7 with value: 0.6834523009752612.
[I 2025-05-02 10:21:03,354] Trial 8 finished with value: 0.6198429477499244 and parameters: {'n_estimators': 116, 'max_depth': 3, 'min_samples_split': 2, 'min_samples_leaf': 2}. Best is trial 7 with value: 0.6834523009752612.
[I 2025-05-02 10:21:04,818] Trial 9 finished with value: 0.6513842746400886 and parameters: {'n_estimators': 121, 'max_depth': 5, 'min_samples_split': 3, 'min_samples_leaf': 4}. Best is trial 7 with value: 0.6834523009752612.
[I 2025-05-02 10:21:07,266] Trial 10 finished with value: 0.6662648539541167 and parameters: {'n_estimators': 198, 'max_depth': 10, 'min_samples_split': 10, 'min_samples_leaf': 3}. Best is trial 7 with value: 0.6834523009752612.
[I 2025-05-02 10:21:09,188] Trial 11 finished with value: 0.6525832442526666 and parameters: {'n_estimators': 166, 'max_depth': 8, 'min_samples_split': 7, 'min_samples_leaf': 2}. Best is trial 7 with value: 0.6834523009752612.
[I 2025-05-02 10:21:11,068] Trial 12 finished with value: 0.6856794547520189 and parameters: {'n_estimators': 159, 'max_depth': 8, 'min_samples_split': 6, 'min_samples_leaf': 2}. Best is trial 12 with value: 0.6856794547520189.
[I 2025-05-02 10:21:12,944] Trial 13 finished with value: 0.6525832442526666 and parameters: {'n_estimators': 171, 'max_depth': 8, 'min_samples_split': 7, 'min_samples_leaf': 2}. Best is trial 12 with value: 0.6856794547520189.
[I 2025-05-02 10:21:14,644] Trial 14 finished with value: 0.6728187651591907 and parameters: {'n_estimators': 169, 'max_depth': 10, 'min_samples_split': 5, 'min_samples_leaf': 3}. Best is trial 12 with value: 0.6856794547520189.
[I 2025-05-02 10:21:16,230] Trial 15 finished with value: 0.6570371163017936 and parameters: {'n_estimators': 148, 'max_depth': 7, 'min_samples_split': 8, 'min_samples_leaf': 2}. Best is trial 12 with value: 0.6856794547520189.
[I 2025-05-02 10:21:18,141] Trial 16 finished with value: 0.6463206179900404 and parameters: {'n_estimators': 183, 'max_depth': 8, 'min_samples_split': 5, 'min_samples_leaf': 4}. Best is trial 12 with value: 0.6856794547520189.
[I 2025-05-02 10:21:19,918] Trial 17 finished with value: 0.6916865990107821 and parameters: {'n_estimators': 156, 'max_depth': 10, 'min_samples_split': 4, 'min_samples_leaf': 2}. Best is trial 17 with value: 0.6916865990107821.
[I 2025-05-02 10:21:20,997] Trial 18 finished with value: 0.6637278560682816 and parameters: {'n_estimators': 95, 'max_depth': 9, 'min_samples_split': 5, 'min_samples_leaf': 3}. Best is trial 17 with value: 0.6916865990107821.
[I 2025-05-02 10:21:22,601] Trial 19 finished with value: 0.6528455545773705 and parameters: {'n_estimators': 149, 'max_depth': 7, 'min_samples_split': 7, 'min_samples_leaf': 2}. Best is trial 17 with value: 0.6916865990107821.
[I 2025-05-02 10:21:23,243] Trial 20 finished with value: 0.6458143493553343 and parameters: {'n_estimators': 52, 'max_depth': 7, 'min_samples_split': 4, 'min_samples_leaf': 3}. Best is trial 17 with value: 0.6916865990107821.
[I 2025-05-02 10:21:24,976] Trial 21 finished with value: 0.7026020265473398 and parameters: {'n_estimators': 150, 'max_depth': 10, 'min_samples_split': 3, 'min_samples_leaf': 2}. Best is trial 21 with value: 0.7026020265473398.
[I 2025-05-02 10:21:26,960] Trial 22 finished with value: 0.673601921030013 and parameters: {'n_estimators': 151, 'max_depth': 9, 'min_samples_split': 4, 'min_samples_leaf': 2}. Best is trial 21 with value: 0.7026020265473398.
[I 2025-05-02 10:21:28,589] Trial 23 finished with value: 0.6968669875399217 and parameters: {'n_estimators': 138, 'max_depth': 10, 'min_samples_split': 2, 'min_samples_leaf': 2}. Best is trial 21 with value: 0.7026020265473398.
[I 2025-05-02 10:21:30,272] Trial 24 finished with value: 0.6690931367823996 and parameters: {'n_estimators': 139, 'max_depth': 10, 'min_samples_split': 2, 'min_samples_leaf': 3}. Best is trial 21 with value: 0.7026020265473398.
[I 2025-05-02 10:21:31,800] Trial 25 finished with value: 0.5882130482130483 and parameters: {'n_estimators': 132, 'max_depth': 2, 'min_samples_split': 3, 'min_samples_leaf': 2}. Best is trial 21 with value: 0.7026020265473398.
[I 2025-05-02 10:21:33,044] Trial 26 finished with value: 0.6401378601793755 and parameters: {'n_estimators': 103, 'max_depth': 10, 'min_samples_split': 2, 'min_samples_leaf': 4}. Best is trial 21 with value: 0.7026020265473398.
[I 2025-05-02 10:21:35,225] Trial 27 finished with value: 0.6707226297786287 and parameters: {'n_estimators': 175, 'max_depth': 9, 'min_samples_split': 3, 'min_samples_leaf': 2}. Best is trial 21 with value: 0.7026020265473398.
[I 2025-05-02 10:21:37,370] Trial 28 finished with value: 0.6756470479874734 and parameters: {'n_estimators': 184, 'max_depth': 10, 'min_samples_split': 2, 'min_samples_leaf': 3}. Best is trial 21 with value: 0.7026020265473398.
[I 2025-05-02 10:21:39,285] Trial 29 finished with value: 0.673601921030013 and parameters: {'n_estimators': 157, 'max_depth': 9, 'min_samples_split': 4, 'min_samples_leaf': 2}. Best is trial 21 with value: 0.7026020265473398.
[I 2025-05-02 10:21:40,844] Trial 30 finished with value: 0.6362835636445342 and parameters: {'n_estimators': 139, 'max_depth': 8, 'min_samples_split': 5, 'min_samples_leaf': 5}. Best is trial 21 with value: 0.7026020265473398.
[I 2025-05-02 10:21:42,557] Trial 31 finished with value: 0.645297157622739 and parameters: {'n_estimators': 159, 'max_depth': 10, 'min_samples_split': 9, 'min_samples_leaf': 2}. Best is trial 21 with value: 0.7026020265473398.
[I 2025-05-02 10:21:44,163] Trial 32 finished with value: 0.6856794547520189 and parameters: {'n_estimators': 159, 'max_depth': 8, 'min_samples_split': 6, 'min_samples_leaf': 2}. Best is trial 21 with value: 0.7026020265473398.
[I 2025-05-02 10:21:45,687] Trial 33 finished with value: 0.660735830686719 and parameters: {'n_estimators': 130, 'max_depth': 9, 'min_samples_split': 3, 'min_samples_leaf': 1}. Best is trial 21 with value: 0.7026020265473398.
[I 2025-05-02 10:21:47,264] Trial 34 finished with value: 0.6707226297786287 and parameters: {'n_estimators': 145, 'max_depth': 9, 'min_samples_split': 4, 'min_samples_leaf': 2}. Best is trial 21 with value: 0.7026020265473398.
[I 2025-05-02 10:21:49,196] Trial 35 finished with value: 0.6734365577770693 and parameters: {'n_estimators': 182, 'max_depth': 10, 'min_samples_split': 8, 'min_samples_leaf': 3}. Best is trial 21 with value: 0.7026020265473398.
[I 2025-05-02 10:21:51,002] Trial 36 finished with value: 0.6748591505113244 and parameters: {'n_estimators': 163, 'max_depth': 7, 'min_samples_split': 3, 'min_samples_leaf': 1}. Best is trial 21 with value: 0.7026020265473398.
[I 2025-05-02 10:21:52,202] Trial 37 finished with value: 0.6380217873324978 and parameters: {'n_estimators': 106, 'max_depth': 6, 'min_samples_split': 2, 'min_samples_leaf': 1}. Best is trial 21 with value: 0.7026020265473398.
[I 2025-05-02 10:21:53,690] Trial 38 finished with value: 0.679970663415596 and parameters: {'n_estimators': 144, 'max_depth': 9, 'min_samples_split': 6, 'min_samples_leaf': 1}. Best is trial 21 with value: 0.7026020265473398.
[I 2025-05-02 10:21:55,091] Trial 39 finished with value: 0.662888950169031 and parameters: {'n_estimators': 127, 'max_depth': 6, 'min_samples_split': 3, 'min_samples_leaf': 2}. Best is trial 21 with value: 0.7026020265473398.
[I 2025-05-02 10:21:56,048] Trial 40 finished with value: 0.6651099601371744 and parameters: {'n_estimators': 86, 'max_depth': 10, 'min_samples_split': 4, 'min_samples_leaf': 3}. Best is trial 21 with value: 0.7026020265473398.
[I 2025-05-02 10:21:57,798] Trial 41 finished with value: 0.6796891165877678 and parameters: {'n_estimators': 155, 'max_depth': 8, 'min_samples_split': 6, 'min_samples_leaf': 2}. Best is trial 21 with value: 0.7026020265473398.
[I 2025-05-02 10:21:59,548] Trial 42 finished with value: 0.651797711332595 and parameters: {'n_estimators': 176, 'max_depth': 5, 'min_samples_split': 6, 'min_samples_leaf': 2}. Best is trial 21 with value: 0.7026020265473398.
[I 2025-05-02 10:22:01,104] Trial 43 finished with value: 0.6856794547520189 and parameters: {'n_estimators': 162, 'max_depth': 9, 'min_samples_split': 5, 'min_samples_leaf': 1}. Best is trial 21 with value: 0.7026020265473398.
[I 2025-05-02 10:22:02,649] Trial 44 finished with value: 0.6491999092414245 and parameters: {'n_estimators': 140, 'max_depth': 8, 'min_samples_split': 7, 'min_samples_leaf': 2}. Best is trial 21 with value: 0.7026020265473398.
[I 2025-05-02 10:22:04,770] Trial 45 finished with value: 0.6550214553450145 and parameters: {'n_estimators': 192, 'max_depth': 5, 'min_samples_split': 8, 'min_samples_leaf': 2}. Best is trial 21 with value: 0.7026020265473398.
[I 2025-05-02 10:22:06,560] Trial 46 finished with value: 0.671124240434951 and parameters: {'n_estimators': 153, 'max_depth': 10, 'min_samples_split': 2, 'min_samples_leaf': 1}. Best is trial 21 with value: 0.7026020265473398.
[I 2025-05-02 10:22:07,997] Trial 47 finished with value: 0.6547255980229273 and parameters: {'n_estimators': 123, 'max_depth': 8, 'min_samples_split': 6, 'min_samples_leaf': 3}. Best is trial 21 with value: 0.7026020265473398.
[I 2025-05-02 10:22:09,747] Trial 48 finished with value: 0.6294252630837998 and parameters: {'n_estimators': 164, 'max_depth': 4, 'min_samples_split': 5, 'min_samples_leaf': 2}. Best is trial 21 with value: 0.7026020265473398.
[I 2025-05-02 10:22:11,685] Trial 49 finished with value: 0.6734264903251415 and parameters: {'n_estimators': 171, 'max_depth': 7, 'min_samples_split': 7, 'min_samples_leaf': 1}. Best is trial 21 with value: 0.7026020265473398.
[I 2025-05-02 10:22:13,375] Trial 50 finished with value: 0.6976084446643576 and parameters: {'n_estimators': 137, 'max_depth': 10, 'min_samples_split': 2, 'min_samples_leaf': 2}. Best is trial 21 with value: 0.7026020265473398.
[I 2025-05-02 10:22:15,260] Trial 51 finished with value: 0.6976084446643576 and parameters: {'n_estimators': 137, 'max_depth': 10, 'min_samples_split': 2, 'min_samples_leaf': 2}. Best is trial 21 with value: 0.7026020265473398.
[I 2025-05-02 10:22:16,814] Trial 52 finished with value: 0.6915478386037515 and parameters: {'n_estimators': 111, 'max_depth': 10, 'min_samples_split': 2, 'min_samples_leaf': 2}. Best is trial 21 with value: 0.7026020265473398.
[I 2025-05-02 10:22:18,402] Trial 53 finished with value: 0.6915478386037515 and parameters: {'n_estimators': 133, 'max_depth': 10, 'min_samples_split': 2, 'min_samples_leaf': 2}. Best is trial 21 with value: 0.7026020265473398.
[I 2025-05-02 10:22:19,741] Trial 54 finished with value: 0.688588007736944 and parameters: {'n_estimators': 120, 'max_depth': 10, 'min_samples_split': 2, 'min_samples_leaf': 2}. Best is trial 21 with value: 0.7026020265473398.
[I 2025-05-02 10:22:20,952] Trial 55 finished with value: 0.6856987142252724 and parameters: {'n_estimators': 102, 'max_depth': 10, 'min_samples_split': 3, 'min_samples_leaf': 2}. Best is trial 21 with value: 0.7026020265473398.
[I 2025-05-02 10:22:22,118] Trial 56 finished with value: 0.6690931367823996 and parameters: {'n_estimators': 111, 'max_depth': 9, 'min_samples_split': 2, 'min_samples_leaf': 3}. Best is trial 21 with value: 0.7026020265473398.
[I 2025-05-02 10:22:23,284] Trial 57 finished with value: 0.6890899746773937 and parameters: {'n_estimators': 116, 'max_depth': 10, 'min_samples_split': 3, 'min_samples_leaf': 2}. Best is trial 21 with value: 0.7026020265473398.
[I 2025-05-02 10:22:24,679] Trial 58 finished with value: 0.6720529676492072 and parameters: {'n_estimators': 136, 'max_depth': 10, 'min_samples_split': 2, 'min_samples_leaf': 3}. Best is trial 21 with value: 0.7026020265473398.
[I 2025-05-02 10:22:26,083] Trial 59 finished with value: 0.6823842734293867 and parameters: {'n_estimators': 126, 'max_depth': 9, 'min_samples_split': 3, 'min_samples_leaf': 2}. Best is trial 21 with value: 0.7026020265473398.
[I 2025-05-02 10:22:27,620] Trial 60 finished with value: 0.671124240434951 and parameters: {'n_estimators': 145, 'max_depth': 10, 'min_samples_split': 2, 'min_samples_leaf': 1}. Best is trial 21 with value: 0.7026020265473398.
[I 2025-05-02 10:22:29,006] Trial 61 finished with value: 0.6968669875399217 and parameters: {'n_estimators': 132, 'max_depth': 10, 'min_samples_split': 2, 'min_samples_leaf': 2}. Best is trial 21 with value: 0.7026020265473398.
[I 2025-05-02 10:22:30,356] Trial 62 finished with value: 0.6945076694705592 and parameters: {'n_estimators': 128, 'max_depth': 10, 'min_samples_split': 2, 'min_samples_leaf': 2}. Best is trial 21 with value: 0.7026020265473398.
[I 2025-05-02 10:22:31,989] Trial 63 finished with value: 0.7059578966308309 and parameters: {'n_estimators': 141, 'max_depth': 10, 'min_samples_split': 2, 'min_samples_leaf': 2}. Best is trial 63 with value: 0.7059578966308309.
[I 2025-05-02 10:22:33,746] Trial 64 finished with value: 0.6734978379192393 and parameters: {'n_estimators': 136, 'max_depth': 9, 'min_samples_split': 2, 'min_samples_leaf': 2}. Best is trial 63 with value: 0.7059578966308309.
[I 2025-05-02 10:22:35,227] Trial 65 finished with value: 0.6945076694705592 and parameters: {'n_estimators': 128, 'max_depth': 10, 'min_samples_split': 2, 'min_samples_leaf': 2}. Best is trial 63 with value: 0.7059578966308309.
[I 2025-05-02 10:22:36,882] Trial 66 finished with value: 0.6968669875399217 and parameters: {'n_estimators': 140, 'max_depth': 10, 'min_samples_split': 3, 'min_samples_leaf': 2}. Best is trial 63 with value: 0.7059578966308309.
[I 2025-05-02 10:22:38,590] Trial 67 finished with value: 0.6734978379192393 and parameters: {'n_estimators': 141, 'max_depth': 9, 'min_samples_split': 3, 'min_samples_leaf': 2}. Best is trial 63 with value: 0.7059578966308309.
[I 2025-05-02 10:22:40,353] Trial 68 finished with value: 0.6478643578643578 and parameters: {'n_estimators': 149, 'max_depth': 10, 'min_samples_split': 3, 'min_samples_leaf': 4}. Best is trial 63 with value: 0.7059578966308309.
[I 2025-05-02 10:22:41,895] Trial 69 finished with value: 0.6734978379192393 and parameters: {'n_estimators': 136, 'max_depth': 9, 'min_samples_split': 3, 'min_samples_leaf': 2}. Best is trial 63 with value: 0.7059578966308309.
[I 2025-05-02 10:22:43,666] Trial 70 finished with value: 0.6839260277904513 and parameters: {'n_estimators': 143, 'max_depth': 10, 'min_samples_split': 2, 'min_samples_leaf': 3}. Best is trial 63 with value: 0.7059578966308309.
[I 2025-05-02 10:22:45,394] Trial 71 finished with value: 0.6915478386037515 and parameters: {'n_estimators': 131, 'max_depth': 10, 'min_samples_split': 2, 'min_samples_leaf': 2}. Best is trial 63 with value: 0.7059578966308309.
[I 2025-05-02 10:22:47,099] Trial 72 finished with value: 0.7026020265473398 and parameters: {'n_estimators': 148, 'max_depth': 10, 'min_samples_split': 2, 'min_samples_leaf': 2}. Best is trial 63 with value: 0.7059578966308309.
[I 2025-05-02 10:22:48,862] Trial 73 finished with value: 0.7026020265473398 and parameters: {'n_estimators': 146, 'max_depth': 10, 'min_samples_split': 2, 'min_samples_leaf': 2}. Best is trial 63 with value: 0.7059578966308309.
[I 2025-05-02 10:22:50,454] Trial 74 finished with value: 0.6734978379192393 and parameters: {'n_estimators': 147, 'max_depth': 9, 'min_samples_split': 2, 'min_samples_leaf': 2}. Best is trial 63 with value: 0.7059578966308309.
[I 2025-05-02 10:22:52,010] Trial 75 finished with value: 0.6916865990107821 and parameters: {'n_estimators': 152, 'max_depth': 10, 'min_samples_split': 2, 'min_samples_leaf': 2}. Best is trial 63 with value: 0.7059578966308309.
[I 2025-05-02 10:22:53,613] Trial 76 finished with value: 0.6296107981446707 and parameters: {'n_estimators': 150, 'max_depth': 10, 'min_samples_split': 2, 'min_samples_leaf': 5}. Best is trial 63 with value: 0.7059578966308309.
[I 2025-05-02 10:22:55,334] Trial 77 finished with value: 0.6823842734293867 and parameters: {'n_estimators': 122, 'max_depth': 9, 'min_samples_split': 3, 'min_samples_leaf': 2}. Best is trial 63 with value: 0.7059578966308309.
[I 2025-05-02 10:22:56,810] Trial 78 finished with value: 0.6571331531610968 and parameters: {'n_estimators': 133, 'max_depth': 9, 'min_samples_split': 2, 'min_samples_leaf': 1}. Best is trial 63 with value: 0.7059578966308309.
[I 2025-05-02 10:22:58,360] Trial 79 finished with value: 0.7026020265473398 and parameters: {'n_estimators': 146, 'max_depth': 10, 'min_samples_split': 2, 'min_samples_leaf': 2}. Best is trial 63 with value: 0.7059578966308309.
[I 2025-05-02 10:23:00,175] Trial 80 finished with value: 0.6834076192078042 and parameters: {'n_estimators': 157, 'max_depth': 10, 'min_samples_split': 3, 'min_samples_leaf': 2}. Best is trial 63 with value: 0.7059578966308309.
[I 2025-05-02 10:23:01,860] Trial 81 finished with value: 0.7026020265473398 and parameters: {'n_estimators': 146, 'max_depth': 10, 'min_samples_split': 2, 'min_samples_leaf': 2}. Best is trial 63 with value: 0.7059578966308309.
[I 2025-05-02 10:23:03,566] Trial 82 finished with value: 0.7026020265473398 and parameters: {'n_estimators': 146, 'max_depth': 10, 'min_samples_split': 2, 'min_samples_leaf': 2}. Best is trial 63 with value: 0.7059578966308309.
[I 2025-05-02 10:23:05,351] Trial 83 finished with value: 0.6968669875399217 and parameters: {'n_estimators': 145, 'max_depth': 10, 'min_samples_split': 2, 'min_samples_leaf': 2}. Best is trial 63 with value: 0.7059578966308309.
[I 2025-05-02 10:23:07,293] Trial 84 finished with value: 0.6946464298775897 and parameters: {'n_estimators': 151, 'max_depth': 10, 'min_samples_split': 2, 'min_samples_leaf': 2}. Best is trial 63 with value: 0.7059578966308309.
[I 2025-05-02 10:23:08,045] Trial 85 finished with value: 0.6883677903749759 and parameters: {'n_estimators': 60, 'max_depth': 10, 'min_samples_split': 3, 'min_samples_leaf': 2}. Best is trial 63 with value: 0.7059578966308309.
[I 2025-05-02 10:23:09,772] Trial 86 finished with value: 0.6226304041959174 and parameters: {'n_estimators': 154, 'max_depth': 3, 'min_samples_split': 2, 'min_samples_leaf': 3}. Best is trial 63 with value: 0.7059578966308309.
[I 2025-05-02 10:23:11,736] Trial 87 finished with value: 0.6707226297786287 and parameters: {'n_estimators': 168, 'max_depth': 9, 'min_samples_split': 2, 'min_samples_leaf': 2}. Best is trial 63 with value: 0.7059578966308309.
[I 2025-05-02 10:23:13,582] Trial 88 finished with value: 0.6834076192078042 and parameters: {'n_estimators': 161, 'max_depth': 10, 'min_samples_split': 3, 'min_samples_leaf': 2}. Best is trial 63 with value: 0.7059578966308309.
[I 2025-05-02 10:23:15,391] Trial 89 finished with value: 0.6571331531610968 and parameters: {'n_estimators': 147, 'max_depth': 9, 'min_samples_split': 2, 'min_samples_leaf': 1}. Best is trial 63 with value: 0.7059578966308309.
[I 2025-05-02 10:23:17,069] Trial 90 finished with value: 0.6707226297786287 and parameters: {'n_estimators': 142, 'max_depth': 9, 'min_samples_split': 2, 'min_samples_leaf': 2}. Best is trial 63 with value: 0.7059578966308309.
