[I 2025-05-02 16:46:12,553] Trial 488 finished with value: 0.6984049800328871 and parameters: {'n_estimators': 114, 'max_depth': 10, 'learning_rate': 0.05711688840839083, 'subsample': 0.8046168110191514, 'colsample_bytree': 0.9566514951558909, 'gamma': 1.9167617413499183, 'min_child_weight': 1}. Best is trial 355 with value: 0.748056870473164.
c:\Users\Admin\anaconda3\envs\mlflow_demo\lib\site-packages\xgboost\training.py:183: UserWarning: [16:46:12] WARNING: C:\actions-runner\_work\xgboost\xgboost\src\learner.cc:738:
Parameters: { "use_label_encoder" } are not used.

  bst.update(dtrain, iteration=i, fobj=obj)
c:\Users\Admin\anaconda3\envs\mlflow_demo\lib\site-packages\xgboost\training.py:183: UserWarning: [16:46:12] WARNING: C:\actions-runner\_work\xgboost\xgboost\src\learner.cc:738:
Parameters: { "use_label_encoder" } are not used.

  bst.update(dtrain, iteration=i, fobj=obj)
c:\Users\Admin\anaconda3\envs\mlflow_demo\lib\site-packages\xgboost\training.py:183: UserWarning: [16:46:12] WARNING: C:\actions-runner\_work\xgboost\xgboost\src\learner.cc:738:
Parameters: { "use_label_encoder" } are not used.

  bst.update(dtrain, iteration=i, fobj=obj)
c:\Users\Admin\anaconda3\envs\mlflow_demo\lib\site-packages\xgboost\training.py:183: UserWarning: [16:46:12] WARNING: C:\actions-runner\_work\xgboost\xgboost\src\learner.cc:738:
Parameters: { "use_label_encoder" } are not used.

  bst.update(dtrain, iteration=i, fobj=obj)
c:\Users\Admin\anaconda3\envs\mlflow_demo\lib\site-packages\xgboost\training.py:183: UserWarning: [16:46:12] WARNING: C:\actions-runner\_work\xgboost\xgboost\src\learner.cc:738:
Parameters: { "use_label_encoder" } are not used.

  bst.update(dtrain, iteration=i, fobj=obj)
[I 2025-05-02 16:46:13,042] Trial 489 finished with value: 0.738404452690167 and parameters: {'n_estimators': 112, 'max_depth': 10, 'learning_rate': 0.05707201335067638, 'subsample': 0.8236547812257066, 'colsample_bytree': 0.8440092626847877, 'gamma': 1.001046834835398, 'min_child_weight': 1}. Best is trial 355 with value: 0.748056870473164.
c:\Users\Admin\anaconda3\envs\mlflow_demo\lib\site-packages\xgboost\training.py:183: UserWarning: [16:46:13] WARNING: C:\actions-runner\_work\xgboost\xgboost\src\learner.cc:738:
Parameters: { "use_label_encoder" } are not used.

  bst.update(dtrain, iteration=i, fobj=obj)
c:\Users\Admin\anaconda3\envs\mlflow_demo\lib\site-packages\xgboost\training.py:183: UserWarning: [16:46:13] WARNING: C:\actions-runner\_work\xgboost\xgboost\src\learner.cc:738:
Parameters: { "use_label_encoder" } are not used.

  bst.update(dtrain, iteration=i, fobj=obj)
c:\Users\Admin\anaconda3\envs\mlflow_demo\lib\site-packages\xgboost\training.py:183: UserWarning: [16:46:13] WARNING: C:\actions-runner\_work\xgboost\xgboost\src\learner.cc:738:
Parameters: { "use_label_encoder" } are not used.

  bst.update(dtrain, iteration=i, fobj=obj)
c:\Users\Admin\anaconda3\envs\mlflow_demo\lib\site-packages\xgboost\training.py:183: UserWarning: [16:46:13] WARNING: C:\actions-runner\_work\xgboost\xgboost\src\learner.cc:738:
Parameters: { "use_label_encoder" } are not used.

  bst.update(dtrain, iteration=i, fobj=obj)
c:\Users\Admin\anaconda3\envs\mlflow_demo\lib\site-packages\xgboost\training.py:183: UserWarning: [16:46:13] WARNING: C:\actions-runner\_work\xgboost\xgboost\src\learner.cc:738:
Parameters: { "use_label_encoder" } are not used.

  bst.update(dtrain, iteration=i, fobj=obj)
[I 2025-05-02 16:46:13,444] Trial 490 finished with value: 0.7395039622614374 and parameters: {'n_estimators': 104, 'max_depth': 10, 'learning_rate': 0.06408816580153147, 'subsample': 0.8125981080176632, 'colsample_bytree': 0.8068330094656783, 'gamma': 0.8994894971935558, 'min_child_weight': 1}. Best is trial 355 with value: 0.748056870473164.
c:\Users\Admin\anaconda3\envs\mlflow_demo\lib\site-packages\xgboost\training.py:183: UserWarning: [16:46:13] WARNING: C:\actions-runner\_work\xgboost\xgboost\src\learner.cc:738:
Parameters: { "use_label_encoder" } are not used.

  bst.update(dtrain, iteration=i, fobj=obj)
c:\Users\Admin\anaconda3\envs\mlflow_demo\lib\site-packages\xgboost\training.py:183: UserWarning: [16:46:13] WARNING: C:\actions-runner\_work\xgboost\xgboost\src\learner.cc:738:
Parameters: { "use_label_encoder" } are not used.

  bst.update(dtrain, iteration=i, fobj=obj)
c:\Users\Admin\anaconda3\envs\mlflow_demo\lib\site-packages\xgboost\training.py:183: UserWarning: [16:46:13] WARNING: C:\actions-runner\_work\xgboost\xgboost\src\learner.cc:738:
Parameters: { "use_label_encoder" } are not used.

  bst.update(dtrain, iteration=i, fobj=obj)
c:\Users\Admin\anaconda3\envs\mlflow_demo\lib\site-packages\xgboost\training.py:183: UserWarning: [16:46:13] WARNING: C:\actions-runner\_work\xgboost\xgboost\src\learner.cc:738:
Parameters: { "use_label_encoder" } are not used.

  bst.update(dtrain, iteration=i, fobj=obj)
c:\Users\Admin\anaconda3\envs\mlflow_demo\lib\site-packages\xgboost\training.py:183: UserWarning: [16:46:13] WARNING: C:\actions-runner\_work\xgboost\xgboost\src\learner.cc:738:
Parameters: { "use_label_encoder" } are not used.

  bst.update(dtrain, iteration=i, fobj=obj)
[I 2025-05-02 16:46:13,866] Trial 491 finished with value: 0.7317571059431525 and parameters: {'n_estimators': 116, 'max_depth': 10, 'learning_rate': 0.07558547114759907, 'subsample': 0.785815455614783, 'colsample_bytree': 0.8535192161514267, 'gamma': 1.024153557576504, 'min_child_weight': 1}. Best is trial 355 with value: 0.748056870473164.
c:\Users\Admin\anaconda3\envs\mlflow_demo\lib\site-packages\xgboost\training.py:183: UserWarning: [16:46:13] WARNING: C:\actions-runner\_work\xgboost\xgboost\src\learner.cc:738:
Parameters: { "use_label_encoder" } are not used.

  bst.update(dtrain, iteration=i, fobj=obj)
c:\Users\Admin\anaconda3\envs\mlflow_demo\lib\site-packages\xgboost\training.py:183: UserWarning: [16:46:14] WARNING: C:\actions-runner\_work\xgboost\xgboost\src\learner.cc:738:
Parameters: { "use_label_encoder" } are not used.

  bst.update(dtrain, iteration=i, fobj=obj)
c:\Users\Admin\anaconda3\envs\mlflow_demo\lib\site-packages\xgboost\training.py:183: UserWarning: [16:46:14] WARNING: C:\actions-runner\_work\xgboost\xgboost\src\learner.cc:738:
Parameters: { "use_label_encoder" } are not used.

  bst.update(dtrain, iteration=i, fobj=obj)
c:\Users\Admin\anaconda3\envs\mlflow_demo\lib\site-packages\xgboost\training.py:183: UserWarning: [16:46:14] WARNING: C:\actions-runner\_work\xgboost\xgboost\src\learner.cc:738:
Parameters: { "use_label_encoder" } are not used.

  bst.update(dtrain, iteration=i, fobj=obj)
c:\Users\Admin\anaconda3\envs\mlflow_demo\lib\site-packages\xgboost\training.py:183: UserWarning: [16:46:14] WARNING: C:\actions-runner\_work\xgboost\xgboost\src\learner.cc:738:
Parameters: { "use_label_encoder" } are not used.

  bst.update(dtrain, iteration=i, fobj=obj)
[I 2025-05-02 16:46:14,290] Trial 492 finished with value: 0.7307881136950904 and parameters: {'n_estimators': 109, 'max_depth': 10, 'learning_rate': 0.056153335258883046, 'subsample': 0.8327984363770349, 'colsample_bytree': 0.8392834697914722, 'gamma': 1.1318327354161568, 'min_child_weight': 1}. Best is trial 355 with value: 0.748056870473164.
c:\Users\Admin\anaconda3\envs\mlflow_demo\lib\site-packages\xgboost\training.py:183: UserWarning: [16:46:14] WARNING: C:\actions-runner\_work\xgboost\xgboost\src\learner.cc:738:
Parameters: { "use_label_encoder" } are not used.

  bst.update(dtrain, iteration=i, fobj=obj)
c:\Users\Admin\anaconda3\envs\mlflow_demo\lib\site-packages\xgboost\training.py:183: UserWarning: [16:46:14] WARNING: C:\actions-runner\_work\xgboost\xgboost\src\learner.cc:738:
Parameters: { "use_label_encoder" } are not used.

  bst.update(dtrain, iteration=i, fobj=obj)
c:\Users\Admin\anaconda3\envs\mlflow_demo\lib\site-packages\xgboost\training.py:183: UserWarning: [16:46:14] WARNING: C:\actions-runner\_work\xgboost\xgboost\src\learner.cc:738:
Parameters: { "use_label_encoder" } are not used.

  bst.update(dtrain, iteration=i, fobj=obj)
c:\Users\Admin\anaconda3\envs\mlflow_demo\lib\site-packages\xgboost\training.py:183: UserWarning: [16:46:14] WARNING: C:\actions-runner\_work\xgboost\xgboost\src\learner.cc:738:
Parameters: { "use_label_encoder" } are not used.

  bst.update(dtrain, iteration=i, fobj=obj)
c:\Users\Admin\anaconda3\envs\mlflow_demo\lib\site-packages\xgboost\training.py:183: UserWarning: [16:46:14] WARNING: C:\actions-runner\_work\xgboost\xgboost\src\learner.cc:738:
Parameters: { "use_label_encoder" } are not used.

  bst.update(dtrain, iteration=i, fobj=obj)
[I 2025-05-02 16:46:14,749] Trial 493 finished with value: 0.6901966766605452 and parameters: {'n_estimators': 100, 'max_depth': 10, 'learning_rate': 0.051960290029355344, 'subsample': 0.799393384520624, 'colsample_bytree': 0.8604872866307978, 'gamma': 0.9450988933201097, 'min_child_weight': 2}. Best is trial 355 with value: 0.748056870473164.
c:\Users\Admin\anaconda3\envs\mlflow_demo\lib\site-packages\xgboost\training.py:183: UserWarning: [16:46:14] WARNING: C:\actions-runner\_work\xgboost\xgboost\src\learner.cc:738:
Parameters: { "use_label_encoder" } are not used.

  bst.update(dtrain, iteration=i, fobj=obj)
c:\Users\Admin\anaconda3\envs\mlflow_demo\lib\site-packages\xgboost\training.py:183: UserWarning: [16:46:14] WARNING: C:\actions-runner\_work\xgboost\xgboost\src\learner.cc:738:
Parameters: { "use_label_encoder" } are not used.

  bst.update(dtrain, iteration=i, fobj=obj)
c:\Users\Admin\anaconda3\envs\mlflow_demo\lib\site-packages\xgboost\training.py:183: UserWarning: [16:46:14] WARNING: C:\actions-runner\_work\xgboost\xgboost\src\learner.cc:738:
Parameters: { "use_label_encoder" } are not used.

  bst.update(dtrain, iteration=i, fobj=obj)
c:\Users\Admin\anaconda3\envs\mlflow_demo\lib\site-packages\xgboost\training.py:183: UserWarning: [16:46:15] WARNING: C:\actions-runner\_work\xgboost\xgboost\src\learner.cc:738:
Parameters: { "use_label_encoder" } are not used.

  bst.update(dtrain, iteration=i, fobj=obj)
c:\Users\Admin\anaconda3\envs\mlflow_demo\lib\site-packages\xgboost\training.py:183: UserWarning: [16:46:15] WARNING: C:\actions-runner\_work\xgboost\xgboost\src\learner.cc:738:
Parameters: { "use_label_encoder" } are not used.

  bst.update(dtrain, iteration=i, fobj=obj)
[I 2025-05-02 16:46:15,137] Trial 494 finished with value: 0.7116318597632196 and parameters: {'n_estimators': 107, 'max_depth': 10, 'learning_rate': 0.07128672070700394, 'subsample': 0.8232112038523914, 'colsample_bytree': 0.6035172726789303, 'gamma': 1.269942322101969, 'min_child_weight': 1}. Best is trial 355 with value: 0.748056870473164.
c:\Users\Admin\anaconda3\envs\mlflow_demo\lib\site-packages\xgboost\training.py:183: UserWarning: [16:46:15] WARNING: C:\actions-runner\_work\xgboost\xgboost\src\learner.cc:738:
Parameters: { "use_label_encoder" } are not used.

  bst.update(dtrain, iteration=i, fobj=obj)
c:\Users\Admin\anaconda3\envs\mlflow_demo\lib\site-packages\xgboost\training.py:183: UserWarning: [16:46:15] WARNING: C:\actions-runner\_work\xgboost\xgboost\src\learner.cc:738:
Parameters: { "use_label_encoder" } are not used.

  bst.update(dtrain, iteration=i, fobj=obj)
c:\Users\Admin\anaconda3\envs\mlflow_demo\lib\site-packages\xgboost\training.py:183: UserWarning: [16:46:15] WARNING: C:\actions-runner\_work\xgboost\xgboost\src\learner.cc:738:
Parameters: { "use_label_encoder" } are not used.

  bst.update(dtrain, iteration=i, fobj=obj)
c:\Users\Admin\anaconda3\envs\mlflow_demo\lib\site-packages\xgboost\training.py:183: UserWarning: [16:46:15] WARNING: C:\actions-runner\_work\xgboost\xgboost\src\learner.cc:738:
Parameters: { "use_label_encoder" } are not used.

  bst.update(dtrain, iteration=i, fobj=obj)
c:\Users\Admin\anaconda3\envs\mlflow_demo\lib\site-packages\xgboost\training.py:183: UserWarning: [16:46:15] WARNING: C:\actions-runner\_work\xgboost\xgboost\src\learner.cc:738:
Parameters: { "use_label_encoder" } are not used.

  bst.update(dtrain, iteration=i, fobj=obj)
[I 2025-05-02 16:46:15,625] Trial 495 finished with value: 0.7260700823174846 and parameters: {'n_estimators': 113, 'max_depth': 10, 'learning_rate': 0.06169239665629874, 'subsample': 0.8122927782566942, 'colsample_bytree': 0.8262181549714112, 'gamma': 0.8884526209732302, 'min_child_weight': 1}. Best is trial 355 with value: 0.748056870473164.
c:\Users\Admin\anaconda3\envs\mlflow_demo\lib\site-packages\xgboost\training.py:183: UserWarning: [16:46:15] WARNING: C:\actions-runner\_work\xgboost\xgboost\src\learner.cc:738:
Parameters: { "use_label_encoder" } are not used.

  bst.update(dtrain, iteration=i, fobj=obj)
c:\Users\Admin\anaconda3\envs\mlflow_demo\lib\site-packages\xgboost\training.py:183: UserWarning: [16:46:15] WARNING: C:\actions-runner\_work\xgboost\xgboost\src\learner.cc:738:
Parameters: { "use_label_encoder" } are not used.

  bst.update(dtrain, iteration=i, fobj=obj)
c:\Users\Admin\anaconda3\envs\mlflow_demo\lib\site-packages\xgboost\training.py:183: UserWarning: [16:46:15] WARNING: C:\actions-runner\_work\xgboost\xgboost\src\learner.cc:738:
Parameters: { "use_label_encoder" } are not used.

  bst.update(dtrain, iteration=i, fobj=obj)
c:\Users\Admin\anaconda3\envs\mlflow_demo\lib\site-packages\xgboost\training.py:183: UserWarning: [16:46:15] WARNING: C:\actions-runner\_work\xgboost\xgboost\src\learner.cc:738:
Parameters: { "use_label_encoder" } are not used.

  bst.update(dtrain, iteration=i, fobj=obj)
c:\Users\Admin\anaconda3\envs\mlflow_demo\lib\site-packages\xgboost\training.py:183: UserWarning: [16:46:16] WARNING: C:\actions-runner\_work\xgboost\xgboost\src\learner.cc:738:
Parameters: { "use_label_encoder" } are not used.

  bst.update(dtrain, iteration=i, fobj=obj)
[I 2025-05-02 16:46:16,067] Trial 496 finished with value: 0.7221998723547677 and parameters: {'n_estimators': 118, 'max_depth': 10, 'learning_rate': 0.051840475495477545, 'subsample': 0.777734834935436, 'colsample_bytree': 0.8150132303258806, 'gamma': 1.0813851001881953, 'min_child_weight': 1}. Best is trial 355 with value: 0.748056870473164.
c:\Users\Admin\anaconda3\envs\mlflow_demo\lib\site-packages\xgboost\training.py:183: UserWarning: [16:46:16] WARNING: C:\actions-runner\_work\xgboost\xgboost\src\learner.cc:738:
Parameters: { "use_label_encoder" } are not used.

  bst.update(dtrain, iteration=i, fobj=obj)
c:\Users\Admin\anaconda3\envs\mlflow_demo\lib\site-packages\xgboost\training.py:183: UserWarning: [16:46:16] WARNING: C:\actions-runner\_work\xgboost\xgboost\src\learner.cc:738:
Parameters: { "use_label_encoder" } are not used.

  bst.update(dtrain, iteration=i, fobj=obj)
c:\Users\Admin\anaconda3\envs\mlflow_demo\lib\site-packages\xgboost\training.py:183: UserWarning: [16:46:16] WARNING: C:\actions-runner\_work\xgboost\xgboost\src\learner.cc:738:
Parameters: { "use_label_encoder" } are not used.

  bst.update(dtrain, iteration=i, fobj=obj)
c:\Users\Admin\anaconda3\envs\mlflow_demo\lib\site-packages\xgboost\training.py:183: UserWarning: [16:46:16] WARNING: C:\actions-runner\_work\xgboost\xgboost\src\learner.cc:738:
Parameters: { "use_label_encoder" } are not used.

  bst.update(dtrain, iteration=i, fobj=obj)
c:\Users\Admin\anaconda3\envs\mlflow_demo\lib\site-packages\xgboost\training.py:183: UserWarning: [16:46:16] WARNING: C:\actions-runner\_work\xgboost\xgboost\src\learner.cc:738:
Parameters: { "use_label_encoder" } are not used.

  bst.update(dtrain, iteration=i, fobj=obj)
[I 2025-05-02 16:46:16,474] Trial 497 finished with value: 0.7222304353045853 and parameters: {'n_estimators': 106, 'max_depth': 10, 'learning_rate': 0.06599578694490313, 'subsample': 0.7909584108077982, 'colsample_bytree': 0.8307564304620221, 'gamma': 1.21175112405514, 'min_child_weight': 1}. Best is trial 355 with value: 0.748056870473164.
c:\Users\Admin\anaconda3\envs\mlflow_demo\lib\site-packages\xgboost\training.py:183: UserWarning: [16:46:16] WARNING: C:\actions-runner\_work\xgboost\xgboost\src\learner.cc:738:
Parameters: { "use_label_encoder" } are not used.

  bst.update(dtrain, iteration=i, fobj=obj)
c:\Users\Admin\anaconda3\envs\mlflow_demo\lib\site-packages\xgboost\training.py:183: UserWarning: [16:46:16] WARNING: C:\actions-runner\_work\xgboost\xgboost\src\learner.cc:738:
Parameters: { "use_label_encoder" } are not used.

  bst.update(dtrain, iteration=i, fobj=obj)
c:\Users\Admin\anaconda3\envs\mlflow_demo\lib\site-packages\xgboost\training.py:183: UserWarning: [16:46:16] WARNING: C:\actions-runner\_work\xgboost\xgboost\src\learner.cc:738:
Parameters: { "use_label_encoder" } are not used.

  bst.update(dtrain, iteration=i, fobj=obj)
c:\Users\Admin\anaconda3\envs\mlflow_demo\lib\site-packages\xgboost\training.py:183: UserWarning: [16:46:16] WARNING: C:\actions-runner\_work\xgboost\xgboost\src\learner.cc:738:
Parameters: { "use_label_encoder" } are not used.

  bst.update(dtrain, iteration=i, fobj=obj)
c:\Users\Admin\anaconda3\envs\mlflow_demo\lib\site-packages\xgboost\training.py:183: UserWarning: [16:46:16] WARNING: C:\actions-runner\_work\xgboost\xgboost\src\learner.cc:738:
Parameters: { "use_label_encoder" } are not used.

  bst.update(dtrain, iteration=i, fobj=obj)
[I 2025-05-02 16:46:16,894] Trial 498 finished with value: 0.7233902391164185 and parameters: {'n_estimators': 111, 'max_depth': 10, 'learning_rate': 0.05990816155130642, 'subsample': 0.8299807425598579, 'colsample_bytree': 0.6767016172763032, 'gamma': 0.9819967369899659, 'min_child_weight': 1}. Best is trial 355 with value: 0.748056870473164.
c:\Users\Admin\anaconda3\envs\mlflow_demo\lib\site-packages\xgboost\training.py:183: UserWarning: [16:46:17] WARNING: C:\actions-runner\_work\xgboost\xgboost\src\learner.cc:738:
Parameters: { "use_label_encoder" } are not used.

  bst.update(dtrain, iteration=i, fobj=obj)
c:\Users\Admin\anaconda3\envs\mlflow_demo\lib\site-packages\xgboost\training.py:183: UserWarning: [16:46:17] WARNING: C:\actions-runner\_work\xgboost\xgboost\src\learner.cc:738:
Parameters: { "use_label_encoder" } are not used.

  bst.update(dtrain, iteration=i, fobj=obj)
c:\Users\Admin\anaconda3\envs\mlflow_demo\lib\site-packages\xgboost\training.py:183: UserWarning: [16:46:17] WARNING: C:\actions-runner\_work\xgboost\xgboost\src\learner.cc:738:
Parameters: { "use_label_encoder" } are not used.

  bst.update(dtrain, iteration=i, fobj=obj)
c:\Users\Admin\anaconda3\envs\mlflow_demo\lib\site-packages\xgboost\training.py:183: UserWarning: [16:46:17] WARNING: C:\actions-runner\_work\xgboost\xgboost\src\learner.cc:738:
Parameters: { "use_label_encoder" } are not used.

  bst.update(dtrain, iteration=i, fobj=obj)
c:\Users\Admin\anaconda3\envs\mlflow_demo\lib\site-packages\xgboost\training.py:183: UserWarning: [16:46:17] WARNING: C:\actions-runner\_work\xgboost\xgboost\src\learner.cc:738:
Parameters: { "use_label_encoder" } are not used.

  bst.update(dtrain, iteration=i, fobj=obj)
[I 2025-05-02 16:46:17,519] Trial 499 finished with value: 0.7306661929762234 and parameters: {'n_estimators': 103, 'max_depth': 10, 'learning_rate': 0.050942877648770056, 'subsample': 0.807115238763011, 'colsample_bytree': 0.8469515405827415, 'gamma': 1.3750492623471824, 'min_child_weight': 1}. Best is trial 355 with value: 0.748056870473164.
✅ Best XGBoost Parameters: {'n_estimators': 125, 'max_depth': 9, 'learning_rate': 0.05173129482636509, 'subsample': 0.7608251920841966, 'colsample_bytree': 0.8330949953660839, 'gamma': 0.6001660094027901, 'min_child_weight': 1}
✅ Best model selected based on F1: RandomForest
02-05-2025 16:46:18 Retraining best model on original full dataset...
[34m[1mwandb[0m: [33mWARNING[0m Calling wandb.login() after wandb.init() has no effect.
[34m[1mwandb[0m: [32m[41mERROR[0m The nbformat package was not found. It is required to save notebook history.
