[I 2025-05-02 16:43:26,345] Trial 152 finished with value: 0.6676814769967105 and parameters: {'n_estimators': 157, 'max_depth': 9, 'learning_rate': 0.03746493287347098, 'subsample': 0.7751076123475907, 'colsample_bytree': 0.8846672389628557, 'gamma': 4.083298298519379, 'min_child_weight': 1}. Best is trial 129 with value: 0.7391300762729334.
c:\Users\Admin\anaconda3\envs\mlflow_demo\lib\site-packages\xgboost\training.py:183: UserWarning: [16:43:26] WARNING: C:\actions-runner\_work\xgboost\xgboost\src\learner.cc:738:
Parameters: { "use_label_encoder" } are not used.

  bst.update(dtrain, iteration=i, fobj=obj)
c:\Users\Admin\anaconda3\envs\mlflow_demo\lib\site-packages\xgboost\training.py:183: UserWarning: [16:43:26] WARNING: C:\actions-runner\_work\xgboost\xgboost\src\learner.cc:738:
Parameters: { "use_label_encoder" } are not used.

  bst.update(dtrain, iteration=i, fobj=obj)
c:\Users\Admin\anaconda3\envs\mlflow_demo\lib\site-packages\xgboost\training.py:183: UserWarning: [16:43:26] WARNING: C:\actions-runner\_work\xgboost\xgboost\src\learner.cc:738:
Parameters: { "use_label_encoder" } are not used.

  bst.update(dtrain, iteration=i, fobj=obj)
c:\Users\Admin\anaconda3\envs\mlflow_demo\lib\site-packages\xgboost\training.py:183: UserWarning: [16:43:26] WARNING: C:\actions-runner\_work\xgboost\xgboost\src\learner.cc:738:
Parameters: { "use_label_encoder" } are not used.

  bst.update(dtrain, iteration=i, fobj=obj)
c:\Users\Admin\anaconda3\envs\mlflow_demo\lib\site-packages\xgboost\training.py:183: UserWarning: [16:43:26] WARNING: C:\actions-runner\_work\xgboost\xgboost\src\learner.cc:738:
Parameters: { "use_label_encoder" } are not used.

  bst.update(dtrain, iteration=i, fobj=obj)
[I 2025-05-02 16:43:26,931] Trial 153 finished with value: 0.738929445295905 and parameters: {'n_estimators': 148, 'max_depth': 9, 'learning_rate': 0.04583595109986975, 'subsample': 0.7646858318862559, 'colsample_bytree': 0.8694016942749345, 'gamma': 0.9250676373454623, 'min_child_weight': 1}. Best is trial 129 with value: 0.7391300762729334.
c:\Users\Admin\anaconda3\envs\mlflow_demo\lib\site-packages\xgboost\training.py:183: UserWarning: [16:43:27] WARNING: C:\actions-runner\_work\xgboost\xgboost\src\learner.cc:738:
Parameters: { "use_label_encoder" } are not used.

  bst.update(dtrain, iteration=i, fobj=obj)
c:\Users\Admin\anaconda3\envs\mlflow_demo\lib\site-packages\xgboost\training.py:183: UserWarning: [16:43:27] WARNING: C:\actions-runner\_work\xgboost\xgboost\src\learner.cc:738:
Parameters: { "use_label_encoder" } are not used.

  bst.update(dtrain, iteration=i, fobj=obj)
c:\Users\Admin\anaconda3\envs\mlflow_demo\lib\site-packages\xgboost\training.py:183: UserWarning: [16:43:27] WARNING: C:\actions-runner\_work\xgboost\xgboost\src\learner.cc:738:
Parameters: { "use_label_encoder" } are not used.

  bst.update(dtrain, iteration=i, fobj=obj)
c:\Users\Admin\anaconda3\envs\mlflow_demo\lib\site-packages\xgboost\training.py:183: UserWarning: [16:43:27] WARNING: C:\actions-runner\_work\xgboost\xgboost\src\learner.cc:738:
Parameters: { "use_label_encoder" } are not used.

  bst.update(dtrain, iteration=i, fobj=obj)
c:\Users\Admin\anaconda3\envs\mlflow_demo\lib\site-packages\xgboost\training.py:183: UserWarning: [16:43:27] WARNING: C:\actions-runner\_work\xgboost\xgboost\src\learner.cc:738:
Parameters: { "use_label_encoder" } are not used.

  bst.update(dtrain, iteration=i, fobj=obj)
[I 2025-05-02 16:43:27,422] Trial 154 finished with value: 0.7355500184569952 and parameters: {'n_estimators': 143, 'max_depth': 9, 'learning_rate': 0.04364895229660376, 'subsample': 0.7530306381475166, 'colsample_bytree': 0.8698686213451008, 'gamma': 0.9597341645485706, 'min_child_weight': 1}. Best is trial 129 with value: 0.7391300762729334.
c:\Users\Admin\anaconda3\envs\mlflow_demo\lib\site-packages\xgboost\training.py:183: UserWarning: [16:43:27] WARNING: C:\actions-runner\_work\xgboost\xgboost\src\learner.cc:738:
Parameters: { "use_label_encoder" } are not used.

  bst.update(dtrain, iteration=i, fobj=obj)
c:\Users\Admin\anaconda3\envs\mlflow_demo\lib\site-packages\xgboost\training.py:183: UserWarning: [16:43:27] WARNING: C:\actions-runner\_work\xgboost\xgboost\src\learner.cc:738:
Parameters: { "use_label_encoder" } are not used.

  bst.update(dtrain, iteration=i, fobj=obj)
c:\Users\Admin\anaconda3\envs\mlflow_demo\lib\site-packages\xgboost\training.py:183: UserWarning: [16:43:27] WARNING: C:\actions-runner\_work\xgboost\xgboost\src\learner.cc:738:
Parameters: { "use_label_encoder" } are not used.

  bst.update(dtrain, iteration=i, fobj=obj)
c:\Users\Admin\anaconda3\envs\mlflow_demo\lib\site-packages\xgboost\training.py:183: UserWarning: [16:43:27] WARNING: C:\actions-runner\_work\xgboost\xgboost\src\learner.cc:738:
Parameters: { "use_label_encoder" } are not used.

  bst.update(dtrain, iteration=i, fobj=obj)
c:\Users\Admin\anaconda3\envs\mlflow_demo\lib\site-packages\xgboost\training.py:183: UserWarning: [16:43:27] WARNING: C:\actions-runner\_work\xgboost\xgboost\src\learner.cc:738:
Parameters: { "use_label_encoder" } are not used.

  bst.update(dtrain, iteration=i, fobj=obj)
[I 2025-05-02 16:43:27,979] Trial 155 finished with value: 0.7313378684807257 and parameters: {'n_estimators': 144, 'max_depth': 9, 'learning_rate': 0.0423880160951246, 'subsample': 0.7460331425363305, 'colsample_bytree': 0.8711303445266799, 'gamma': 0.9091539145218025, 'min_child_weight': 1}. Best is trial 129 with value: 0.7391300762729334.
c:\Users\Admin\anaconda3\envs\mlflow_demo\lib\site-packages\xgboost\training.py:183: UserWarning: [16:43:28] WARNING: C:\actions-runner\_work\xgboost\xgboost\src\learner.cc:738:
Parameters: { "use_label_encoder" } are not used.

  bst.update(dtrain, iteration=i, fobj=obj)
c:\Users\Admin\anaconda3\envs\mlflow_demo\lib\site-packages\xgboost\training.py:183: UserWarning: [16:43:28] WARNING: C:\actions-runner\_work\xgboost\xgboost\src\learner.cc:738:
Parameters: { "use_label_encoder" } are not used.

  bst.update(dtrain, iteration=i, fobj=obj)
c:\Users\Admin\anaconda3\envs\mlflow_demo\lib\site-packages\xgboost\training.py:183: UserWarning: [16:43:28] WARNING: C:\actions-runner\_work\xgboost\xgboost\src\learner.cc:738:
Parameters: { "use_label_encoder" } are not used.

  bst.update(dtrain, iteration=i, fobj=obj)
c:\Users\Admin\anaconda3\envs\mlflow_demo\lib\site-packages\xgboost\training.py:183: UserWarning: [16:43:28] WARNING: C:\actions-runner\_work\xgboost\xgboost\src\learner.cc:738:
Parameters: { "use_label_encoder" } are not used.

  bst.update(dtrain, iteration=i, fobj=obj)
c:\Users\Admin\anaconda3\envs\mlflow_demo\lib\site-packages\xgboost\training.py:183: UserWarning: [16:43:28] WARNING: C:\actions-runner\_work\xgboost\xgboost\src\learner.cc:738:
Parameters: { "use_label_encoder" } are not used.

  bst.update(dtrain, iteration=i, fobj=obj)
[I 2025-05-02 16:43:28,479] Trial 156 finished with value: 0.7366218425354638 and parameters: {'n_estimators': 142, 'max_depth': 9, 'learning_rate': 0.04290359439453942, 'subsample': 0.7542429417652646, 'colsample_bytree': 0.8716315945385054, 'gamma': 0.9460246403666938, 'min_child_weight': 1}. Best is trial 129 with value: 0.7391300762729334.
c:\Users\Admin\anaconda3\envs\mlflow_demo\lib\site-packages\xgboost\training.py:183: UserWarning: [16:43:28] WARNING: C:\actions-runner\_work\xgboost\xgboost\src\learner.cc:738:
Parameters: { "use_label_encoder" } are not used.

  bst.update(dtrain, iteration=i, fobj=obj)
c:\Users\Admin\anaconda3\envs\mlflow_demo\lib\site-packages\xgboost\training.py:183: UserWarning: [16:43:28] WARNING: C:\actions-runner\_work\xgboost\xgboost\src\learner.cc:738:
Parameters: { "use_label_encoder" } are not used.

  bst.update(dtrain, iteration=i, fobj=obj)
c:\Users\Admin\anaconda3\envs\mlflow_demo\lib\site-packages\xgboost\training.py:183: UserWarning: [16:43:28] WARNING: C:\actions-runner\_work\xgboost\xgboost\src\learner.cc:738:
Parameters: { "use_label_encoder" } are not used.

  bst.update(dtrain, iteration=i, fobj=obj)
c:\Users\Admin\anaconda3\envs\mlflow_demo\lib\site-packages\xgboost\training.py:183: UserWarning: [16:43:28] WARNING: C:\actions-runner\_work\xgboost\xgboost\src\learner.cc:738:
Parameters: { "use_label_encoder" } are not used.

  bst.update(dtrain, iteration=i, fobj=obj)
c:\Users\Admin\anaconda3\envs\mlflow_demo\lib\site-packages\xgboost\training.py:183: UserWarning: [16:43:28] WARNING: C:\actions-runner\_work\xgboost\xgboost\src\learner.cc:738:
Parameters: { "use_label_encoder" } are not used.

  bst.update(dtrain, iteration=i, fobj=obj)
[I 2025-05-02 16:43:28,944] Trial 157 finished with value: 0.6404728132387707 and parameters: {'n_estimators': 146, 'max_depth': 9, 'learning_rate': 0.04388262518913217, 'subsample': 0.7480564249171842, 'colsample_bytree': 0.8705116024039268, 'gamma': 0.9007395503716871, 'min_child_weight': 6}. Best is trial 129 with value: 0.7391300762729334.
c:\Users\Admin\anaconda3\envs\mlflow_demo\lib\site-packages\xgboost\training.py:183: UserWarning: [16:43:29] WARNING: C:\actions-runner\_work\xgboost\xgboost\src\learner.cc:738:
Parameters: { "use_label_encoder" } are not used.

  bst.update(dtrain, iteration=i, fobj=obj)
c:\Users\Admin\anaconda3\envs\mlflow_demo\lib\site-packages\xgboost\training.py:183: UserWarning: [16:43:29] WARNING: C:\actions-runner\_work\xgboost\xgboost\src\learner.cc:738:
Parameters: { "use_label_encoder" } are not used.

  bst.update(dtrain, iteration=i, fobj=obj)
c:\Users\Admin\anaconda3\envs\mlflow_demo\lib\site-packages\xgboost\training.py:183: UserWarning: [16:43:29] WARNING: C:\actions-runner\_work\xgboost\xgboost\src\learner.cc:738:
Parameters: { "use_label_encoder" } are not used.

  bst.update(dtrain, iteration=i, fobj=obj)
c:\Users\Admin\anaconda3\envs\mlflow_demo\lib\site-packages\xgboost\training.py:183: UserWarning: [16:43:29] WARNING: C:\actions-runner\_work\xgboost\xgboost\src\learner.cc:738:
Parameters: { "use_label_encoder" } are not used.

  bst.update(dtrain, iteration=i, fobj=obj)
c:\Users\Admin\anaconda3\envs\mlflow_demo\lib\site-packages\xgboost\training.py:183: UserWarning: [16:43:29] WARNING: C:\actions-runner\_work\xgboost\xgboost\src\learner.cc:738:
Parameters: { "use_label_encoder" } are not used.

  bst.update(dtrain, iteration=i, fobj=obj)
[I 2025-05-02 16:43:29,577] Trial 158 finished with value: 0.7181120804221108 and parameters: {'n_estimators': 153, 'max_depth': 9, 'learning_rate': 0.02657023213284999, 'subsample': 0.7337314954283486, 'colsample_bytree': 0.8784117717034873, 'gamma': 0.9356127613448076, 'min_child_weight': 1}. Best is trial 129 with value: 0.7391300762729334.
c:\Users\Admin\anaconda3\envs\mlflow_demo\lib\site-packages\xgboost\training.py:183: UserWarning: [16:43:29] WARNING: C:\actions-runner\_work\xgboost\xgboost\src\learner.cc:738:
Parameters: { "use_label_encoder" } are not used.

  bst.update(dtrain, iteration=i, fobj=obj)
c:\Users\Admin\anaconda3\envs\mlflow_demo\lib\site-packages\xgboost\training.py:183: UserWarning: [16:43:29] WARNING: C:\actions-runner\_work\xgboost\xgboost\src\learner.cc:738:
Parameters: { "use_label_encoder" } are not used.

  bst.update(dtrain, iteration=i, fobj=obj)
c:\Users\Admin\anaconda3\envs\mlflow_demo\lib\site-packages\xgboost\training.py:183: UserWarning: [16:43:29] WARNING: C:\actions-runner\_work\xgboost\xgboost\src\learner.cc:738:
Parameters: { "use_label_encoder" } are not used.

  bst.update(dtrain, iteration=i, fobj=obj)
c:\Users\Admin\anaconda3\envs\mlflow_demo\lib\site-packages\xgboost\training.py:183: UserWarning: [16:43:29] WARNING: C:\actions-runner\_work\xgboost\xgboost\src\learner.cc:738:
Parameters: { "use_label_encoder" } are not used.

  bst.update(dtrain, iteration=i, fobj=obj)
c:\Users\Admin\anaconda3\envs\mlflow_demo\lib\site-packages\xgboost\training.py:183: UserWarning: [16:43:29] WARNING: C:\actions-runner\_work\xgboost\xgboost\src\learner.cc:738:
Parameters: { "use_label_encoder" } are not used.

  bst.update(dtrain, iteration=i, fobj=obj)
[I 2025-05-02 16:43:30,070] Trial 159 finished with value: 0.7169573283858999 and parameters: {'n_estimators': 141, 'max_depth': 9, 'learning_rate': 0.03520836128293432, 'subsample': 0.7616922248480227, 'colsample_bytree': 0.8709511179054825, 'gamma': 0.5711415280327169, 'min_child_weight': 1}. Best is trial 129 with value: 0.7391300762729334.
c:\Users\Admin\anaconda3\envs\mlflow_demo\lib\site-packages\xgboost\training.py:183: UserWarning: [16:43:30] WARNING: C:\actions-runner\_work\xgboost\xgboost\src\learner.cc:738:
Parameters: { "use_label_encoder" } are not used.

  bst.update(dtrain, iteration=i, fobj=obj)
c:\Users\Admin\anaconda3\envs\mlflow_demo\lib\site-packages\xgboost\training.py:183: UserWarning: [16:43:30] WARNING: C:\actions-runner\_work\xgboost\xgboost\src\learner.cc:738:
Parameters: { "use_label_encoder" } are not used.

  bst.update(dtrain, iteration=i, fobj=obj)
c:\Users\Admin\anaconda3\envs\mlflow_demo\lib\site-packages\xgboost\training.py:183: UserWarning: [16:43:30] WARNING: C:\actions-runner\_work\xgboost\xgboost\src\learner.cc:738:
Parameters: { "use_label_encoder" } are not used.

  bst.update(dtrain, iteration=i, fobj=obj)
c:\Users\Admin\anaconda3\envs\mlflow_demo\lib\site-packages\xgboost\training.py:183: UserWarning: [16:43:30] WARNING: C:\actions-runner\_work\xgboost\xgboost\src\learner.cc:738:
Parameters: { "use_label_encoder" } are not used.

  bst.update(dtrain, iteration=i, fobj=obj)
c:\Users\Admin\anaconda3\envs\mlflow_demo\lib\site-packages\xgboost\training.py:183: UserWarning: [16:43:30] WARNING: C:\actions-runner\_work\xgboost\xgboost\src\learner.cc:738:
Parameters: { "use_label_encoder" } are not used.

  bst.update(dtrain, iteration=i, fobj=obj)
[I 2025-05-02 16:43:30,556] Trial 160 finished with value: 0.6748317201025849 and parameters: {'n_estimators': 146, 'max_depth': 9, 'learning_rate': 0.04302442847634194, 'subsample': 0.7488322788681405, 'colsample_bytree': 0.8968121994295655, 'gamma': 0.6555918438227087, 'min_child_weight': 2}. Best is trial 129 with value: 0.7391300762729334.
c:\Users\Admin\anaconda3\envs\mlflow_demo\lib\site-packages\xgboost\training.py:183: UserWarning: [16:43:30] WARNING: C:\actions-runner\_work\xgboost\xgboost\src\learner.cc:738:
Parameters: { "use_label_encoder" } are not used.

  bst.update(dtrain, iteration=i, fobj=obj)
c:\Users\Admin\anaconda3\envs\mlflow_demo\lib\site-packages\xgboost\training.py:183: UserWarning: [16:43:30] WARNING: C:\actions-runner\_work\xgboost\xgboost\src\learner.cc:738:
Parameters: { "use_label_encoder" } are not used.

  bst.update(dtrain, iteration=i, fobj=obj)
c:\Users\Admin\anaconda3\envs\mlflow_demo\lib\site-packages\xgboost\training.py:183: UserWarning: [16:43:30] WARNING: C:\actions-runner\_work\xgboost\xgboost\src\learner.cc:738:
Parameters: { "use_label_encoder" } are not used.

  bst.update(dtrain, iteration=i, fobj=obj)
c:\Users\Admin\anaconda3\envs\mlflow_demo\lib\site-packages\xgboost\training.py:183: UserWarning: [16:43:30] WARNING: C:\actions-runner\_work\xgboost\xgboost\src\learner.cc:738:
Parameters: { "use_label_encoder" } are not used.

  bst.update(dtrain, iteration=i, fobj=obj)
c:\Users\Admin\anaconda3\envs\mlflow_demo\lib\site-packages\xgboost\training.py:183: UserWarning: [16:43:31] WARNING: C:\actions-runner\_work\xgboost\xgboost\src\learner.cc:738:
Parameters: { "use_label_encoder" } are not used.

  bst.update(dtrain, iteration=i, fobj=obj)
[I 2025-05-02 16:43:31,107] Trial 161 finished with value: 0.7046969696969697 and parameters: {'n_estimators': 135, 'max_depth': 8, 'learning_rate': 0.01920639499587954, 'subsample': 0.7541296802255032, 'colsample_bytree': 0.8530369628577305, 'gamma': 0.9753067599770133, 'min_child_weight': 1}. Best is trial 129 with value: 0.7391300762729334.
c:\Users\Admin\anaconda3\envs\mlflow_demo\lib\site-packages\xgboost\training.py:183: UserWarning: [16:43:31] WARNING: C:\actions-runner\_work\xgboost\xgboost\src\learner.cc:738:
Parameters: { "use_label_encoder" } are not used.

  bst.update(dtrain, iteration=i, fobj=obj)
c:\Users\Admin\anaconda3\envs\mlflow_demo\lib\site-packages\xgboost\training.py:183: UserWarning: [16:43:31] WARNING: C:\actions-runner\_work\xgboost\xgboost\src\learner.cc:738:
Parameters: { "use_label_encoder" } are not used.

  bst.update(dtrain, iteration=i, fobj=obj)
c:\Users\Admin\anaconda3\envs\mlflow_demo\lib\site-packages\xgboost\training.py:183: UserWarning: [16:43:31] WARNING: C:\actions-runner\_work\xgboost\xgboost\src\learner.cc:738:
Parameters: { "use_label_encoder" } are not used.

  bst.update(dtrain, iteration=i, fobj=obj)
c:\Users\Admin\anaconda3\envs\mlflow_demo\lib\site-packages\xgboost\training.py:183: UserWarning: [16:43:31] WARNING: C:\actions-runner\_work\xgboost\xgboost\src\learner.cc:738:
Parameters: { "use_label_encoder" } are not used.

  bst.update(dtrain, iteration=i, fobj=obj)
c:\Users\Admin\anaconda3\envs\mlflow_demo\lib\site-packages\xgboost\training.py:183: UserWarning: [16:43:31] WARNING: C:\actions-runner\_work\xgboost\xgboost\src\learner.cc:738:
Parameters: { "use_label_encoder" } are not used.

  bst.update(dtrain, iteration=i, fobj=obj)
[I 2025-05-02 16:43:31,743] Trial 162 finished with value: 0.7123754152823921 and parameters: {'n_estimators': 141, 'max_depth': 9, 'learning_rate': 0.03126699049729242, 'subsample': 0.7766966387051704, 'colsample_bytree': 0.8812866676072203, 'gamma': 0.7880440758354185, 'min_child_weight': 1}. Best is trial 129 with value: 0.7391300762729334.
c:\Users\Admin\anaconda3\envs\mlflow_demo\lib\site-packages\xgboost\training.py:183: UserWarning: [16:43:31] WARNING: C:\actions-runner\_work\xgboost\xgboost\src\learner.cc:738:
Parameters: { "use_label_encoder" } are not used.

  bst.update(dtrain, iteration=i, fobj=obj)
c:\Users\Admin\anaconda3\envs\mlflow_demo\lib\site-packages\xgboost\training.py:183: UserWarning: [16:43:31] WARNING: C:\actions-runner\_work\xgboost\xgboost\src\learner.cc:738:
Parameters: { "use_label_encoder" } are not used.

  bst.update(dtrain, iteration=i, fobj=obj)
c:\Users\Admin\anaconda3\envs\mlflow_demo\lib\site-packages\xgboost\training.py:183: UserWarning: [16:43:32] WARNING: C:\actions-runner\_work\xgboost\xgboost\src\learner.cc:738:
Parameters: { "use_label_encoder" } are not used.

  bst.update(dtrain, iteration=i, fobj=obj)
c:\Users\Admin\anaconda3\envs\mlflow_demo\lib\site-packages\xgboost\training.py:183: UserWarning: [16:43:32] WARNING: C:\actions-runner\_work\xgboost\xgboost\src\learner.cc:738:
Parameters: { "use_label_encoder" } are not used.

  bst.update(dtrain, iteration=i, fobj=obj)
c:\Users\Admin\anaconda3\envs\mlflow_demo\lib\site-packages\xgboost\training.py:183: UserWarning: [16:43:32] WARNING: C:\actions-runner\_work\xgboost\xgboost\src\learner.cc:738:
Parameters: { "use_label_encoder" } are not used.

  bst.update(dtrain, iteration=i, fobj=obj)
[I 2025-05-02 16:43:32,318] Trial 163 finished with value: 0.7237377860235004 and parameters: {'n_estimators': 135, 'max_depth': 9, 'learning_rate': 0.05387999781566993, 'subsample': 0.7183332122209907, 'colsample_bytree': 0.8674071155436193, 'gamma': 0.43210878701947464, 'min_child_weight': 1}. Best is trial 129 with value: 0.7391300762729334.
c:\Users\Admin\anaconda3\envs\mlflow_demo\lib\site-packages\xgboost\training.py:183: UserWarning: [16:43:32] WARNING: C:\actions-runner\_work\xgboost\xgboost\src\learner.cc:738:
Parameters: { "use_label_encoder" } are not used.

  bst.update(dtrain, iteration=i, fobj=obj)
c:\Users\Admin\anaconda3\envs\mlflow_demo\lib\site-packages\xgboost\training.py:183: UserWarning: [16:43:32] WARNING: C:\actions-runner\_work\xgboost\xgboost\src\learner.cc:738:
Parameters: { "use_label_encoder" } are not used.

  bst.update(dtrain, iteration=i, fobj=obj)
c:\Users\Admin\anaconda3\envs\mlflow_demo\lib\site-packages\xgboost\training.py:183: UserWarning: [16:43:32] WARNING: C:\actions-runner\_work\xgboost\xgboost\src\learner.cc:738:
Parameters: { "use_label_encoder" } are not used.

  bst.update(dtrain, iteration=i, fobj=obj)
c:\Users\Admin\anaconda3\envs\mlflow_demo\lib\site-packages\xgboost\training.py:183: UserWarning: [16:43:32] WARNING: C:\actions-runner\_work\xgboost\xgboost\src\learner.cc:738:
Parameters: { "use_label_encoder" } are not used.

  bst.update(dtrain, iteration=i, fobj=obj)
c:\Users\Admin\anaconda3\envs\mlflow_demo\lib\site-packages\xgboost\training.py:183: UserWarning: [16:43:32] WARNING: C:\actions-runner\_work\xgboost\xgboost\src\learner.cc:738:
Parameters: { "use_label_encoder" } are not used.

  bst.update(dtrain, iteration=i, fobj=obj)
