[I 2025-05-02 16:41:44,018] Trial 471 finished with value: 0.6768098253363835 and parameters: {'n_estimators': 135, 'max_depth': 10, 'min_samples_split': 6, 'min_samples_leaf': 2}. Best is trial 63 with value: 0.7059578966308309.
[I 2025-05-02 16:41:45,135] Trial 472 finished with value: 0.6968669875399217 and parameters: {'n_estimators': 138, 'max_depth': 10, 'min_samples_split': 3, 'min_samples_leaf': 2}. Best is trial 63 with value: 0.7059578966308309.
[I 2025-05-02 16:41:46,336] Trial 473 finished with value: 0.7026020265473398 and parameters: {'n_estimators': 148, 'max_depth': 10, 'min_samples_split': 2, 'min_samples_leaf': 2}. Best is trial 63 with value: 0.7059578966308309.
[I 2025-05-02 16:41:47,348] Trial 474 finished with value: 0.6839260277904513 and parameters: {'n_estimators': 143, 'max_depth': 10, 'min_samples_split': 2, 'min_samples_leaf': 3}. Best is trial 63 with value: 0.7059578966308309.
[I 2025-05-02 16:41:48,399] Trial 475 finished with value: 0.6968669875399217 and parameters: {'n_estimators': 140, 'max_depth': 10, 'min_samples_split': 2, 'min_samples_leaf': 2}. Best is trial 63 with value: 0.7059578966308309.
[I 2025-05-02 16:41:49,392] Trial 476 finished with value: 0.6155572334642102 and parameters: {'n_estimators': 146, 'max_depth': 3, 'min_samples_split': 2, 'min_samples_leaf': 2}. Best is trial 63 with value: 0.7059578966308309.
[I 2025-05-02 16:41:50,320] Trial 477 finished with value: 0.6587964400403304 and parameters: {'n_estimators': 115, 'max_depth': 9, 'min_samples_split': 2, 'min_samples_leaf': 1}. Best is trial 63 with value: 0.7059578966308309.
[I 2025-05-02 16:41:51,420] Trial 478 finished with value: 0.6915478386037515 and parameters: {'n_estimators': 134, 'max_depth': 10, 'min_samples_split': 2, 'min_samples_leaf': 2}. Best is trial 63 with value: 0.7059578966308309.
[I 2025-05-02 16:41:52,385] Trial 479 finished with value: 0.6469769012668568 and parameters: {'n_estimators': 137, 'max_depth': 10, 'min_samples_split': 10, 'min_samples_leaf': 2}. Best is trial 63 with value: 0.7059578966308309.
[I 2025-05-02 16:41:53,488] Trial 480 finished with value: 0.6968669875399217 and parameters: {'n_estimators': 143, 'max_depth': 10, 'min_samples_split': 2, 'min_samples_leaf': 2}. Best is trial 63 with value: 0.7059578966308309.
[I 2025-05-02 16:41:54,628] Trial 481 finished with value: 0.7026020265473398 and parameters: {'n_estimators': 150, 'max_depth': 10, 'min_samples_split': 3, 'min_samples_leaf': 2}. Best is trial 63 with value: 0.7059578966308309.
[I 2025-05-02 16:41:55,712] Trial 482 finished with value: 0.6968669875399217 and parameters: {'n_estimators': 140, 'max_depth': 10, 'min_samples_split': 2, 'min_samples_leaf': 2}. Best is trial 63 with value: 0.7059578966308309.
[I 2025-05-02 16:41:56,943] Trial 483 finished with value: 0.5934798534798535 and parameters: {'n_estimators': 181, 'max_depth': 2, 'min_samples_split': 2, 'min_samples_leaf': 2}. Best is trial 63 with value: 0.7059578966308309.
[I 2025-05-02 16:41:58,086] Trial 484 finished with value: 0.6968669875399217 and parameters: {'n_estimators': 138, 'max_depth': 10, 'min_samples_split': 2, 'min_samples_leaf': 2}. Best is trial 63 with value: 0.7059578966308309.
[I 2025-05-02 16:41:59,044] Trial 485 finished with value: 0.6915478386037515 and parameters: {'n_estimators': 130, 'max_depth': 10, 'min_samples_split': 2, 'min_samples_leaf': 2}. Best is trial 63 with value: 0.7059578966308309.
[I 2025-05-02 16:42:00,115] Trial 486 finished with value: 0.6813782599351518 and parameters: {'n_estimators': 145, 'max_depth': 8, 'min_samples_split': 8, 'min_samples_leaf': 3}. Best is trial 63 with value: 0.7059578966308309.
[I 2025-05-02 16:42:01,130] Trial 487 finished with value: 0.6998268184067294 and parameters: {'n_estimators': 142, 'max_depth': 10, 'min_samples_split': 2, 'min_samples_leaf': 2}. Best is trial 63 with value: 0.7059578966308309.
[I 2025-05-02 16:42:02,158] Trial 488 finished with value: 0.6915478386037515 and parameters: {'n_estimators': 134, 'max_depth': 10, 'min_samples_split': 2, 'min_samples_leaf': 2}. Best is trial 63 with value: 0.7059578966308309.
[I 2025-05-02 16:42:03,176] Trial 489 finished with value: 0.6976084446643576 and parameters: {'n_estimators': 137, 'max_depth': 10, 'min_samples_split': 2, 'min_samples_leaf': 2}. Best is trial 63 with value: 0.7059578966308309.
[I 2025-05-02 16:42:04,274] Trial 490 finished with value: 0.7059578966308309 and parameters: {'n_estimators': 141, 'max_depth': 10, 'min_samples_split': 2, 'min_samples_leaf': 2}. Best is trial 63 with value: 0.7059578966308309.
[I 2025-05-02 16:42:05,363] Trial 491 finished with value: 0.6968669875399217 and parameters: {'n_estimators': 145, 'max_depth': 10, 'min_samples_split': 4, 'min_samples_leaf': 2}. Best is trial 63 with value: 0.7059578966308309.
[I 2025-05-02 16:42:06,426] Trial 492 finished with value: 0.7059578966308309 and parameters: {'n_estimators': 139, 'max_depth': 10, 'min_samples_split': 2, 'min_samples_leaf': 2}. Best is trial 63 with value: 0.7059578966308309.
[I 2025-05-02 16:42:07,236] Trial 493 finished with value: 0.6764638293960842 and parameters: {'n_estimators': 107, 'max_depth': 9, 'min_samples_split': 3, 'min_samples_leaf': 2}. Best is trial 63 with value: 0.7059578966308309.
[I 2025-05-02 16:42:07,963] Trial 494 finished with value: 0.6627659813504101 and parameters: {'n_estimators': 91, 'max_depth': 10, 'min_samples_split': 2, 'min_samples_leaf': 2}. Best is trial 63 with value: 0.7059578966308309.
[I 2025-05-02 16:42:09,226] Trial 495 finished with value: 0.6916865990107821 and parameters: {'n_estimators': 154, 'max_depth': 10, 'min_samples_split': 2, 'min_samples_leaf': 2}. Best is trial 63 with value: 0.7059578966308309.
[I 2025-05-02 16:42:10,717] Trial 496 finished with value: 0.6974216380182001 and parameters: {'n_estimators': 147, 'max_depth': 10, 'min_samples_split': 2, 'min_samples_leaf': 2}. Best is trial 63 with value: 0.7059578966308309.
[I 2025-05-02 16:42:11,295] Trial 497 finished with value: 0.680350522413212 and parameters: {'n_estimators': 57, 'max_depth': 10, 'min_samples_split': 2, 'min_samples_leaf': 2}. Best is trial 63 with value: 0.7059578966308309.
[I 2025-05-02 16:42:12,531] Trial 498 finished with value: 0.6968669875399217 and parameters: {'n_estimators': 136, 'max_depth': 10, 'min_samples_split': 2, 'min_samples_leaf': 2}. Best is trial 63 with value: 0.7059578966308309.
[I 2025-05-02 16:42:13,648] Trial 499 finished with value: 0.6998268184067294 and parameters: {'n_estimators': 142, 'max_depth': 10, 'min_samples_split': 2, 'min_samples_leaf': 2}. Best is trial 63 with value: 0.7059578966308309.
✅ Best Random Forest Parameters: {'n_estimators': 141, 'max_depth': 10, 'min_samples_split': 2, 'min_samples_leaf': 2}
[I 2025-05-02 16:42:13,660] A new study created in memory with name: no-name-e3831156-962a-486d-b943-60d7ed36d612
c:\Users\Admin\anaconda3\envs\mlflow_demo\lib\site-packages\xgboost\training.py:183: UserWarning: [16:42:13] WARNING: C:\actions-runner\_work\xgboost\xgboost\src\learner.cc:738:
Parameters: { "use_label_encoder" } are not used.

  bst.update(dtrain, iteration=i, fobj=obj)
c:\Users\Admin\anaconda3\envs\mlflow_demo\lib\site-packages\xgboost\training.py:183: UserWarning: [16:42:13] WARNING: C:\actions-runner\_work\xgboost\xgboost\src\learner.cc:738:
Parameters: { "use_label_encoder" } are not used.

  bst.update(dtrain, iteration=i, fobj=obj)
c:\Users\Admin\anaconda3\envs\mlflow_demo\lib\site-packages\xgboost\training.py:183: UserWarning: [16:42:13] WARNING: C:\actions-runner\_work\xgboost\xgboost\src\learner.cc:738:
Parameters: { "use_label_encoder" } are not used.

  bst.update(dtrain, iteration=i, fobj=obj)
c:\Users\Admin\anaconda3\envs\mlflow_demo\lib\site-packages\xgboost\training.py:183: UserWarning: [16:42:13] WARNING: C:\actions-runner\_work\xgboost\xgboost\src\learner.cc:738:
Parameters: { "use_label_encoder" } are not used.

  bst.update(dtrain, iteration=i, fobj=obj)
c:\Users\Admin\anaconda3\envs\mlflow_demo\lib\site-packages\xgboost\training.py:183: UserWarning: [16:42:14] WARNING: C:\actions-runner\_work\xgboost\xgboost\src\learner.cc:738:
Parameters: { "use_label_encoder" } are not used.

  bst.update(dtrain, iteration=i, fobj=obj)
[I 2025-05-02 16:42:14,089] Trial 0 finished with value: 0.7037549407114624 and parameters: {'n_estimators': 259, 'max_depth': 5, 'learning_rate': 0.042833853151531674, 'subsample': 0.6541040521107369, 'colsample_bytree': 0.9088690885374909, 'gamma': 2.330965287774246, 'min_child_weight': 1}. Best is trial 0 with value: 0.7037549407114624.
c:\Users\Admin\anaconda3\envs\mlflow_demo\lib\site-packages\xgboost\training.py:183: UserWarning: [16:42:14] WARNING: C:\actions-runner\_work\xgboost\xgboost\src\learner.cc:738:
Parameters: { "use_label_encoder" } are not used.

  bst.update(dtrain, iteration=i, fobj=obj)
c:\Users\Admin\anaconda3\envs\mlflow_demo\lib\site-packages\xgboost\training.py:183: UserWarning: [16:42:14] WARNING: C:\actions-runner\_work\xgboost\xgboost\src\learner.cc:738:
Parameters: { "use_label_encoder" } are not used.

  bst.update(dtrain, iteration=i, fobj=obj)
c:\Users\Admin\anaconda3\envs\mlflow_demo\lib\site-packages\xgboost\training.py:183: UserWarning: [16:42:14] WARNING: C:\actions-runner\_work\xgboost\xgboost\src\learner.cc:738:
Parameters: { "use_label_encoder" } are not used.

  bst.update(dtrain, iteration=i, fobj=obj)
c:\Users\Admin\anaconda3\envs\mlflow_demo\lib\site-packages\xgboost\training.py:183: UserWarning: [16:42:14] WARNING: C:\actions-runner\_work\xgboost\xgboost\src\learner.cc:738:
Parameters: { "use_label_encoder" } are not used.

  bst.update(dtrain, iteration=i, fobj=obj)
c:\Users\Admin\anaconda3\envs\mlflow_demo\lib\site-packages\xgboost\training.py:183: UserWarning: [16:42:14] WARNING: C:\actions-runner\_work\xgboost\xgboost\src\learner.cc:738:
Parameters: { "use_label_encoder" } are not used.

  bst.update(dtrain, iteration=i, fobj=obj)
[I 2025-05-02 16:42:14,408] Trial 1 finished with value: 0.6038365280496812 and parameters: {'n_estimators': 242, 'max_depth': 10, 'learning_rate': 0.2192161965224928, 'subsample': 0.7363792762058687, 'colsample_bytree': 0.889248160466193, 'gamma': 3.431251432224559, 'min_child_weight': 8}. Best is trial 0 with value: 0.7037549407114624.
c:\Users\Admin\anaconda3\envs\mlflow_demo\lib\site-packages\xgboost\training.py:183: UserWarning: [16:42:14] WARNING: C:\actions-runner\_work\xgboost\xgboost\src\learner.cc:738:
Parameters: { "use_label_encoder" } are not used.

  bst.update(dtrain, iteration=i, fobj=obj)
c:\Users\Admin\anaconda3\envs\mlflow_demo\lib\site-packages\xgboost\training.py:183: UserWarning: [16:42:14] WARNING: C:\actions-runner\_work\xgboost\xgboost\src\learner.cc:738:
Parameters: { "use_label_encoder" } are not used.

  bst.update(dtrain, iteration=i, fobj=obj)
c:\Users\Admin\anaconda3\envs\mlflow_demo\lib\site-packages\xgboost\training.py:183: UserWarning: [16:42:14] WARNING: C:\actions-runner\_work\xgboost\xgboost\src\learner.cc:738:
Parameters: { "use_label_encoder" } are not used.

  bst.update(dtrain, iteration=i, fobj=obj)
c:\Users\Admin\anaconda3\envs\mlflow_demo\lib\site-packages\xgboost\training.py:183: UserWarning: [16:42:14] WARNING: C:\actions-runner\_work\xgboost\xgboost\src\learner.cc:738:
Parameters: { "use_label_encoder" } are not used.

  bst.update(dtrain, iteration=i, fobj=obj)
c:\Users\Admin\anaconda3\envs\mlflow_demo\lib\site-packages\xgboost\training.py:183: UserWarning: [16:42:14] WARNING: C:\actions-runner\_work\xgboost\xgboost\src\learner.cc:738:
Parameters: { "use_label_encoder" } are not used.

  bst.update(dtrain, iteration=i, fobj=obj)
[I 2025-05-02 16:42:14,720] Trial 2 finished with value: 0.6779439165008083 and parameters: {'n_estimators': 160, 'max_depth': 4, 'learning_rate': 0.08866629893077052, 'subsample': 0.8834485568771556, 'colsample_bytree': 0.7488520443759297, 'gamma': 3.424600217786708, 'min_child_weight': 3}. Best is trial 0 with value: 0.7037549407114624.
c:\Users\Admin\anaconda3\envs\mlflow_demo\lib\site-packages\xgboost\training.py:183: UserWarning: [16:42:14] WARNING: C:\actions-runner\_work\xgboost\xgboost\src\learner.cc:738:
Parameters: { "use_label_encoder" } are not used.

  bst.update(dtrain, iteration=i, fobj=obj)
c:\Users\Admin\anaconda3\envs\mlflow_demo\lib\site-packages\xgboost\training.py:183: UserWarning: [16:42:14] WARNING: C:\actions-runner\_work\xgboost\xgboost\src\learner.cc:738:
Parameters: { "use_label_encoder" } are not used.

  bst.update(dtrain, iteration=i, fobj=obj)
c:\Users\Admin\anaconda3\envs\mlflow_demo\lib\site-packages\xgboost\training.py:183: UserWarning: [16:42:14] WARNING: C:\actions-runner\_work\xgboost\xgboost\src\learner.cc:738:
Parameters: { "use_label_encoder" } are not used.

  bst.update(dtrain, iteration=i, fobj=obj)
c:\Users\Admin\anaconda3\envs\mlflow_demo\lib\site-packages\xgboost\training.py:183: UserWarning: [16:42:14] WARNING: C:\actions-runner\_work\xgboost\xgboost\src\learner.cc:738:
Parameters: { "use_label_encoder" } are not used.

  bst.update(dtrain, iteration=i, fobj=obj)
c:\Users\Admin\anaconda3\envs\mlflow_demo\lib\site-packages\xgboost\training.py:183: UserWarning: [16:42:15] WARNING: C:\actions-runner\_work\xgboost\xgboost\src\learner.cc:738:
Parameters: { "use_label_encoder" } are not used.

  bst.update(dtrain, iteration=i, fobj=obj)
[I 2025-05-02 16:42:15,082] Trial 3 finished with value: 0.6263791606663194 and parameters: {'n_estimators': 278, 'max_depth': 8, 'learning_rate': 0.10660025645661339, 'subsample': 0.6620084792422657, 'colsample_bytree': 0.6401055281820456, 'gamma': 4.438664777067402, 'min_child_weight': 7}. Best is trial 0 with value: 0.7037549407114624.
c:\Users\Admin\anaconda3\envs\mlflow_demo\lib\site-packages\xgboost\training.py:183: UserWarning: [16:42:15] WARNING: C:\actions-runner\_work\xgboost\xgboost\src\learner.cc:738:
Parameters: { "use_label_encoder" } are not used.

  bst.update(dtrain, iteration=i, fobj=obj)
c:\Users\Admin\anaconda3\envs\mlflow_demo\lib\site-packages\xgboost\training.py:183: UserWarning: [16:42:15] WARNING: C:\actions-runner\_work\xgboost\xgboost\src\learner.cc:738:
Parameters: { "use_label_encoder" } are not used.

  bst.update(dtrain, iteration=i, fobj=obj)
c:\Users\Admin\anaconda3\envs\mlflow_demo\lib\site-packages\xgboost\training.py:183: UserWarning: [16:42:15] WARNING: C:\actions-runner\_work\xgboost\xgboost\src\learner.cc:738:
Parameters: { "use_label_encoder" } are not used.

  bst.update(dtrain, iteration=i, fobj=obj)
c:\Users\Admin\anaconda3\envs\mlflow_demo\lib\site-packages\xgboost\training.py:183: UserWarning: [16:42:15] WARNING: C:\actions-runner\_work\xgboost\xgboost\src\learner.cc:738:
Parameters: { "use_label_encoder" } are not used.

  bst.update(dtrain, iteration=i, fobj=obj)
c:\Users\Admin\anaconda3\envs\mlflow_demo\lib\site-packages\xgboost\training.py:183: UserWarning: [16:42:15] WARNING: C:\actions-runner\_work\xgboost\xgboost\src\learner.cc:738:
Parameters: { "use_label_encoder" } are not used.

  bst.update(dtrain, iteration=i, fobj=obj)
[I 2025-05-02 16:42:15,426] Trial 4 finished with value: 0.6596525943680818 and parameters: {'n_estimators': 293, 'max_depth': 5, 'learning_rate': 0.17908301688585868, 'subsample': 0.9243050812029995, 'colsample_bytree': 0.6490534866734973, 'gamma': 3.1658472031947693, 'min_child_weight': 4}. Best is trial 0 with value: 0.7037549407114624.
c:\Users\Admin\anaconda3\envs\mlflow_demo\lib\site-packages\xgboost\training.py:183: UserWarning: [16:42:15] WARNING: C:\actions-runner\_work\xgboost\xgboost\src\learner.cc:738:
Parameters: { "use_label_encoder" } are not used.

  bst.update(dtrain, iteration=i, fobj=obj)
c:\Users\Admin\anaconda3\envs\mlflow_demo\lib\site-packages\xgboost\training.py:183: UserWarning: [16:42:15] WARNING: C:\actions-runner\_work\xgboost\xgboost\src\learner.cc:738:
Parameters: { "use_label_encoder" } are not used.

  bst.update(dtrain, iteration=i, fobj=obj)
c:\Users\Admin\anaconda3\envs\mlflow_demo\lib\site-packages\xgboost\training.py:183: UserWarning: [16:42:15] WARNING: C:\actions-runner\_work\xgboost\xgboost\src\learner.cc:738:
Parameters: { "use_label_encoder" } are not used.

  bst.update(dtrain, iteration=i, fobj=obj)
c:\Users\Admin\anaconda3\envs\mlflow_demo\lib\site-packages\xgboost\training.py:183: UserWarning: [16:42:15] WARNING: C:\actions-runner\_work\xgboost\xgboost\src\learner.cc:738:
Parameters: { "use_label_encoder" } are not used.

  bst.update(dtrain, iteration=i, fobj=obj)
c:\Users\Admin\anaconda3\envs\mlflow_demo\lib\site-packages\xgboost\training.py:183: UserWarning: [16:42:15] WARNING: C:\actions-runner\_work\xgboost\xgboost\src\learner.cc:738:
Parameters: { "use_label_encoder" } are not used.

  bst.update(dtrain, iteration=i, fobj=obj)
[I 2025-05-02 16:42:15,945] Trial 5 finished with value: 0.6433230547846644 and parameters: {'n_estimators': 219, 'max_depth': 4, 'learning_rate': 0.031919470964405866, 'subsample': 0.891118042091108, 'colsample_bytree': 0.9332006848646337, 'gamma': 0.38299635683051725, 'min_child_weight': 8}. Best is trial 0 with value: 0.7037549407114624.
c:\Users\Admin\anaconda3\envs\mlflow_demo\lib\site-packages\xgboost\training.py:183: UserWarning: [16:42:15] WARNING: C:\actions-runner\_work\xgboost\xgboost\src\learner.cc:738:
Parameters: { "use_label_encoder" } are not used.

  bst.update(dtrain, iteration=i, fobj=obj)
c:\Users\Admin\anaconda3\envs\mlflow_demo\lib\site-packages\xgboost\training.py:183: UserWarning: [16:42:16] WARNING: C:\actions-runner\_work\xgboost\xgboost\src\learner.cc:738:
Parameters: { "use_label_encoder" } are not used.

  bst.update(dtrain, iteration=i, fobj=obj)
c:\Users\Admin\anaconda3\envs\mlflow_demo\lib\site-packages\xgboost\training.py:183: UserWarning: [16:42:16] WARNING: C:\actions-runner\_work\xgboost\xgboost\src\learner.cc:738:
Parameters: { "use_label_encoder" } are not used.

  bst.update(dtrain, iteration=i, fobj=obj)
c:\Users\Admin\anaconda3\envs\mlflow_demo\lib\site-packages\xgboost\training.py:183: UserWarning: [16:42:16] WARNING: C:\actions-runner\_work\xgboost\xgboost\src\learner.cc:738:
Parameters: { "use_label_encoder" } are not used.

  bst.update(dtrain, iteration=i, fobj=obj)
c:\Users\Admin\anaconda3\envs\mlflow_demo\lib\site-packages\xgboost\training.py:183: UserWarning: [16:42:16] WARNING: C:\actions-runner\_work\xgboost\xgboost\src\learner.cc:738:
Parameters: { "use_label_encoder" } are not used.

  bst.update(dtrain, iteration=i, fobj=obj)
[I 2025-05-02 16:42:16,429] Trial 6 finished with value: 0.6594283258113045 and parameters: {'n_estimators': 279, 'max_depth': 10, 'learning_rate': 0.011291361195479802, 'subsample': 0.7254580987139679, 'colsample_bytree': 0.6292034339138811, 'gamma': 2.327217979611164, 'min_child_weight': 2}. Best is trial 0 with value: 0.7037549407114624.
c:\Users\Admin\anaconda3\envs\mlflow_demo\lib\site-packages\xgboost\training.py:183: UserWarning: [16:42:16] WARNING: C:\actions-runner\_work\xgboost\xgboost\src\learner.cc:738:
Parameters: { "use_label_encoder" } are not used.

  bst.update(dtrain, iteration=i, fobj=obj)
c:\Users\Admin\anaconda3\envs\mlflow_demo\lib\site-packages\xgboost\training.py:183: UserWarning: [16:42:16] WARNING: C:\actions-runner\_work\xgboost\xgboost\src\learner.cc:738:
Parameters: { "use_label_encoder" } are not used.

  bst.update(dtrain, iteration=i, fobj=obj)
c:\Users\Admin\anaconda3\envs\mlflow_demo\lib\site-packages\xgboost\training.py:183: UserWarning: [16:42:16] WARNING: C:\actions-runner\_work\xgboost\xgboost\src\learner.cc:738:
Parameters: { "use_label_encoder" } are not used.

  bst.update(dtrain, iteration=i, fobj=obj)
c:\Users\Admin\anaconda3\envs\mlflow_demo\lib\site-packages\xgboost\training.py:183: UserWarning: [16:42:16] WARNING: C:\actions-runner\_work\xgboost\xgboost\src\learner.cc:738:
Parameters: { "use_label_encoder" } are not used.

  bst.update(dtrain, iteration=i, fobj=obj)
c:\Users\Admin\anaconda3\envs\mlflow_demo\lib\site-packages\xgboost\training.py:183: UserWarning: [16:42:16] WARNING: C:\actions-runner\_work\xgboost\xgboost\src\learner.cc:738:
Parameters: { "use_label_encoder" } are not used.

  bst.update(dtrain, iteration=i, fobj=obj)
[I 2025-05-02 16:42:16,807] Trial 7 finished with value: 0.6238747725704247 and parameters: {'n_estimators': 283, 'max_depth': 8, 'learning_rate': 0.039334132682011136, 'subsample': 0.7455799276320936, 'colsample_bytree': 0.6285989721640511, 'gamma': 4.595438815671423, 'min_child_weight': 8}. Best is trial 0 with value: 0.7037549407114624.
c:\Users\Admin\anaconda3\envs\mlflow_demo\lib\site-packages\xgboost\training.py:183: UserWarning: [16:42:16] WARNING: C:\actions-runner\_work\xgboost\xgboost\src\learner.cc:738:
Parameters: { "use_label_encoder" } are not used.

  bst.update(dtrain, iteration=i, fobj=obj)
c:\Users\Admin\anaconda3\envs\mlflow_demo\lib\site-packages\xgboost\training.py:183: UserWarning: [16:42:16] WARNING: C:\actions-runner\_work\xgboost\xgboost\src\learner.cc:738:
Parameters: { "use_label_encoder" } are not used.

  bst.update(dtrain, iteration=i, fobj=obj)
c:\Users\Admin\anaconda3\envs\mlflow_demo\lib\site-packages\xgboost\training.py:183: UserWarning: [16:42:16] WARNING: C:\actions-runner\_work\xgboost\xgboost\src\learner.cc:738:
Parameters: { "use_label_encoder" } are not used.

  bst.update(dtrain, iteration=i, fobj=obj)
c:\Users\Admin\anaconda3\envs\mlflow_demo\lib\site-packages\xgboost\training.py:183: UserWarning: [16:42:16] WARNING: C:\actions-runner\_work\xgboost\xgboost\src\learner.cc:738:
Parameters: { "use_label_encoder" } are not used.

  bst.update(dtrain, iteration=i, fobj=obj)
c:\Users\Admin\anaconda3\envs\mlflow_demo\lib\site-packages\xgboost\training.py:183: UserWarning: [16:42:17] WARNING: C:\actions-runner\_work\xgboost\xgboost\src\learner.cc:738:
Parameters: { "use_label_encoder" } are not used.

  bst.update(dtrain, iteration=i, fobj=obj)
