[I 2025-05-02 16:45:41,599] Trial 428 finished with value: 0.7237680438028871 and parameters: {'n_estimators': 137, 'max_depth': 10, 'learning_rate': 0.03239515210585707, 'subsample': 0.8109185592369832, 'colsample_bytree': 0.8184949063204765, 'gamma': 0.8690716440655949, 'min_child_weight': 1}. Best is trial 355 with value: 0.748056870473164.
c:\Users\Admin\anaconda3\envs\mlflow_demo\lib\site-packages\xgboost\training.py:183: UserWarning: [16:45:41] WARNING: C:\actions-runner\_work\xgboost\xgboost\src\learner.cc:738:
Parameters: { "use_label_encoder" } are not used.

  bst.update(dtrain, iteration=i, fobj=obj)
c:\Users\Admin\anaconda3\envs\mlflow_demo\lib\site-packages\xgboost\training.py:183: UserWarning: [16:45:41] WARNING: C:\actions-runner\_work\xgboost\xgboost\src\learner.cc:738:
Parameters: { "use_label_encoder" } are not used.

  bst.update(dtrain, iteration=i, fobj=obj)
c:\Users\Admin\anaconda3\envs\mlflow_demo\lib\site-packages\xgboost\training.py:183: UserWarning: [16:45:41] WARNING: C:\actions-runner\_work\xgboost\xgboost\src\learner.cc:738:
Parameters: { "use_label_encoder" } are not used.

  bst.update(dtrain, iteration=i, fobj=obj)
c:\Users\Admin\anaconda3\envs\mlflow_demo\lib\site-packages\xgboost\training.py:183: UserWarning: [16:45:41] WARNING: C:\actions-runner\_work\xgboost\xgboost\src\learner.cc:738:
Parameters: { "use_label_encoder" } are not used.

  bst.update(dtrain, iteration=i, fobj=obj)
c:\Users\Admin\anaconda3\envs\mlflow_demo\lib\site-packages\xgboost\training.py:183: UserWarning: [16:45:42] WARNING: C:\actions-runner\_work\xgboost\xgboost\src\learner.cc:738:
Parameters: { "use_label_encoder" } are not used.

  bst.update(dtrain, iteration=i, fobj=obj)
[I 2025-05-02 16:45:42,064] Trial 429 finished with value: 0.7446952810782598 and parameters: {'n_estimators': 147, 'max_depth': 10, 'learning_rate': 0.04157892882335029, 'subsample': 0.83443087847164, 'colsample_bytree': 0.8324033572502256, 'gamma': 1.2125152476951442, 'min_child_weight': 1}. Best is trial 355 with value: 0.748056870473164.
c:\Users\Admin\anaconda3\envs\mlflow_demo\lib\site-packages\xgboost\training.py:183: UserWarning: [16:45:42] WARNING: C:\actions-runner\_work\xgboost\xgboost\src\learner.cc:738:
Parameters: { "use_label_encoder" } are not used.

  bst.update(dtrain, iteration=i, fobj=obj)
c:\Users\Admin\anaconda3\envs\mlflow_demo\lib\site-packages\xgboost\training.py:183: UserWarning: [16:45:42] WARNING: C:\actions-runner\_work\xgboost\xgboost\src\learner.cc:738:
Parameters: { "use_label_encoder" } are not used.

  bst.update(dtrain, iteration=i, fobj=obj)
c:\Users\Admin\anaconda3\envs\mlflow_demo\lib\site-packages\xgboost\training.py:183: UserWarning: [16:45:42] WARNING: C:\actions-runner\_work\xgboost\xgboost\src\learner.cc:738:
Parameters: { "use_label_encoder" } are not used.

  bst.update(dtrain, iteration=i, fobj=obj)
c:\Users\Admin\anaconda3\envs\mlflow_demo\lib\site-packages\xgboost\training.py:183: UserWarning: [16:45:42] WARNING: C:\actions-runner\_work\xgboost\xgboost\src\learner.cc:738:
Parameters: { "use_label_encoder" } are not used.

  bst.update(dtrain, iteration=i, fobj=obj)
c:\Users\Admin\anaconda3\envs\mlflow_demo\lib\site-packages\xgboost\training.py:183: UserWarning: [16:45:42] WARNING: C:\actions-runner\_work\xgboost\xgboost\src\learner.cc:738:
Parameters: { "use_label_encoder" } are not used.

  bst.update(dtrain, iteration=i, fobj=obj)
[I 2025-05-02 16:45:42,638] Trial 430 finished with value: 0.7211337868480726 and parameters: {'n_estimators': 147, 'max_depth': 10, 'learning_rate': 0.038078686718711126, 'subsample': 0.8373081403470032, 'colsample_bytree': 0.8305561218297467, 'gamma': 0.9829178100102781, 'min_child_weight': 1}. Best is trial 355 with value: 0.748056870473164.
c:\Users\Admin\anaconda3\envs\mlflow_demo\lib\site-packages\xgboost\training.py:183: UserWarning: [16:45:42] WARNING: C:\actions-runner\_work\xgboost\xgboost\src\learner.cc:738:
Parameters: { "use_label_encoder" } are not used.

  bst.update(dtrain, iteration=i, fobj=obj)
c:\Users\Admin\anaconda3\envs\mlflow_demo\lib\site-packages\xgboost\training.py:183: UserWarning: [16:45:42] WARNING: C:\actions-runner\_work\xgboost\xgboost\src\learner.cc:738:
Parameters: { "use_label_encoder" } are not used.

  bst.update(dtrain, iteration=i, fobj=obj)
c:\Users\Admin\anaconda3\envs\mlflow_demo\lib\site-packages\xgboost\training.py:183: UserWarning: [16:45:42] WARNING: C:\actions-runner\_work\xgboost\xgboost\src\learner.cc:738:
Parameters: { "use_label_encoder" } are not used.

  bst.update(dtrain, iteration=i, fobj=obj)
c:\Users\Admin\anaconda3\envs\mlflow_demo\lib\site-packages\xgboost\training.py:183: UserWarning: [16:45:43] WARNING: C:\actions-runner\_work\xgboost\xgboost\src\learner.cc:738:
Parameters: { "use_label_encoder" } are not used.

  bst.update(dtrain, iteration=i, fobj=obj)
c:\Users\Admin\anaconda3\envs\mlflow_demo\lib\site-packages\xgboost\training.py:183: UserWarning: [16:45:43] WARNING: C:\actions-runner\_work\xgboost\xgboost\src\learner.cc:738:
Parameters: { "use_label_encoder" } are not used.

  bst.update(dtrain, iteration=i, fobj=obj)
[I 2025-05-02 16:45:43,196] Trial 431 finished with value: 0.7295413725743998 and parameters: {'n_estimators': 144, 'max_depth': 10, 'learning_rate': 0.04373446811327198, 'subsample': 0.8294921312261666, 'colsample_bytree': 0.8251443718305117, 'gamma': 0.5766487434614807, 'min_child_weight': 1}. Best is trial 355 with value: 0.748056870473164.
c:\Users\Admin\anaconda3\envs\mlflow_demo\lib\site-packages\xgboost\training.py:183: UserWarning: [16:45:43] WARNING: C:\actions-runner\_work\xgboost\xgboost\src\learner.cc:738:
Parameters: { "use_label_encoder" } are not used.

  bst.update(dtrain, iteration=i, fobj=obj)
c:\Users\Admin\anaconda3\envs\mlflow_demo\lib\site-packages\xgboost\training.py:183: UserWarning: [16:45:43] WARNING: C:\actions-runner\_work\xgboost\xgboost\src\learner.cc:738:
Parameters: { "use_label_encoder" } are not used.

  bst.update(dtrain, iteration=i, fobj=obj)
c:\Users\Admin\anaconda3\envs\mlflow_demo\lib\site-packages\xgboost\training.py:183: UserWarning: [16:45:43] WARNING: C:\actions-runner\_work\xgboost\xgboost\src\learner.cc:738:
Parameters: { "use_label_encoder" } are not used.

  bst.update(dtrain, iteration=i, fobj=obj)
c:\Users\Admin\anaconda3\envs\mlflow_demo\lib\site-packages\xgboost\training.py:183: UserWarning: [16:45:43] WARNING: C:\actions-runner\_work\xgboost\xgboost\src\learner.cc:738:
Parameters: { "use_label_encoder" } are not used.

  bst.update(dtrain, iteration=i, fobj=obj)
c:\Users\Admin\anaconda3\envs\mlflow_demo\lib\site-packages\xgboost\training.py:183: UserWarning: [16:45:43] WARNING: C:\actions-runner\_work\xgboost\xgboost\src\learner.cc:738:
Parameters: { "use_label_encoder" } are not used.

  bst.update(dtrain, iteration=i, fobj=obj)
[I 2025-05-02 16:45:43,800] Trial 432 finished with value: 0.73499438036084 and parameters: {'n_estimators': 150, 'max_depth': 10, 'learning_rate': 0.030160052861693685, 'subsample': 0.8445867283143758, 'colsample_bytree': 0.8138834909213793, 'gamma': 0.8254098875598598, 'min_child_weight': 1}. Best is trial 355 with value: 0.748056870473164.
c:\Users\Admin\anaconda3\envs\mlflow_demo\lib\site-packages\xgboost\training.py:183: UserWarning: [16:45:43] WARNING: C:\actions-runner\_work\xgboost\xgboost\src\learner.cc:738:
Parameters: { "use_label_encoder" } are not used.

  bst.update(dtrain, iteration=i, fobj=obj)
c:\Users\Admin\anaconda3\envs\mlflow_demo\lib\site-packages\xgboost\training.py:183: UserWarning: [16:45:43] WARNING: C:\actions-runner\_work\xgboost\xgboost\src\learner.cc:738:
Parameters: { "use_label_encoder" } are not used.

  bst.update(dtrain, iteration=i, fobj=obj)
c:\Users\Admin\anaconda3\envs\mlflow_demo\lib\site-packages\xgboost\training.py:183: UserWarning: [16:45:44] WARNING: C:\actions-runner\_work\xgboost\xgboost\src\learner.cc:738:
Parameters: { "use_label_encoder" } are not used.

  bst.update(dtrain, iteration=i, fobj=obj)
c:\Users\Admin\anaconda3\envs\mlflow_demo\lib\site-packages\xgboost\training.py:183: UserWarning: [16:45:44] WARNING: C:\actions-runner\_work\xgboost\xgboost\src\learner.cc:738:
Parameters: { "use_label_encoder" } are not used.

  bst.update(dtrain, iteration=i, fobj=obj)
c:\Users\Admin\anaconda3\envs\mlflow_demo\lib\site-packages\xgboost\training.py:183: UserWarning: [16:45:44] WARNING: C:\actions-runner\_work\xgboost\xgboost\src\learner.cc:738:
Parameters: { "use_label_encoder" } are not used.

  bst.update(dtrain, iteration=i, fobj=obj)
[I 2025-05-02 16:45:44,207] Trial 433 finished with value: 0.7389043389085802 and parameters: {'n_estimators': 137, 'max_depth': 10, 'learning_rate': 0.040745874299500336, 'subsample': 0.832226923533622, 'colsample_bytree': 0.8362713061185041, 'gamma': 1.1140151523226307, 'min_child_weight': 1}. Best is trial 355 with value: 0.748056870473164.
c:\Users\Admin\anaconda3\envs\mlflow_demo\lib\site-packages\xgboost\training.py:183: UserWarning: [16:45:44] WARNING: C:\actions-runner\_work\xgboost\xgboost\src\learner.cc:738:
Parameters: { "use_label_encoder" } are not used.

  bst.update(dtrain, iteration=i, fobj=obj)
c:\Users\Admin\anaconda3\envs\mlflow_demo\lib\site-packages\xgboost\training.py:183: UserWarning: [16:45:44] WARNING: C:\actions-runner\_work\xgboost\xgboost\src\learner.cc:738:
Parameters: { "use_label_encoder" } are not used.

  bst.update(dtrain, iteration=i, fobj=obj)
c:\Users\Admin\anaconda3\envs\mlflow_demo\lib\site-packages\xgboost\training.py:183: UserWarning: [16:45:44] WARNING: C:\actions-runner\_work\xgboost\xgboost\src\learner.cc:738:
Parameters: { "use_label_encoder" } are not used.

  bst.update(dtrain, iteration=i, fobj=obj)
c:\Users\Admin\anaconda3\envs\mlflow_demo\lib\site-packages\xgboost\training.py:183: UserWarning: [16:45:44] WARNING: C:\actions-runner\_work\xgboost\xgboost\src\learner.cc:738:
Parameters: { "use_label_encoder" } are not used.

  bst.update(dtrain, iteration=i, fobj=obj)
c:\Users\Admin\anaconda3\envs\mlflow_demo\lib\site-packages\xgboost\training.py:183: UserWarning: [16:45:44] WARNING: C:\actions-runner\_work\xgboost\xgboost\src\learner.cc:738:
Parameters: { "use_label_encoder" } are not used.

  bst.update(dtrain, iteration=i, fobj=obj)
[I 2025-05-02 16:45:45,043] Trial 434 finished with value: 0.7092040363817367 and parameters: {'n_estimators': 144, 'max_depth': 10, 'learning_rate': 0.03548738335346104, 'subsample': 0.8221200581836519, 'colsample_bytree': 0.8226216946984016, 'gamma': 0.33966327061713786, 'min_child_weight': 1}. Best is trial 355 with value: 0.748056870473164.
c:\Users\Admin\anaconda3\envs\mlflow_demo\lib\site-packages\xgboost\training.py:183: UserWarning: [16:45:45] WARNING: C:\actions-runner\_work\xgboost\xgboost\src\learner.cc:738:
Parameters: { "use_label_encoder" } are not used.

  bst.update(dtrain, iteration=i, fobj=obj)
c:\Users\Admin\anaconda3\envs\mlflow_demo\lib\site-packages\xgboost\training.py:183: UserWarning: [16:45:45] WARNING: C:\actions-runner\_work\xgboost\xgboost\src\learner.cc:738:
Parameters: { "use_label_encoder" } are not used.

  bst.update(dtrain, iteration=i, fobj=obj)
c:\Users\Admin\anaconda3\envs\mlflow_demo\lib\site-packages\xgboost\training.py:183: UserWarning: [16:45:45] WARNING: C:\actions-runner\_work\xgboost\xgboost\src\learner.cc:738:
Parameters: { "use_label_encoder" } are not used.

  bst.update(dtrain, iteration=i, fobj=obj)
c:\Users\Admin\anaconda3\envs\mlflow_demo\lib\site-packages\xgboost\training.py:183: UserWarning: [16:45:45] WARNING: C:\actions-runner\_work\xgboost\xgboost\src\learner.cc:738:
Parameters: { "use_label_encoder" } are not used.

  bst.update(dtrain, iteration=i, fobj=obj)
c:\Users\Admin\anaconda3\envs\mlflow_demo\lib\site-packages\xgboost\training.py:183: UserWarning: [16:45:45] WARNING: C:\actions-runner\_work\xgboost\xgboost\src\learner.cc:738:
Parameters: { "use_label_encoder" } are not used.

  bst.update(dtrain, iteration=i, fobj=obj)
[I 2025-05-02 16:45:45,554] Trial 435 finished with value: 0.7414545454545455 and parameters: {'n_estimators': 151, 'max_depth': 10, 'learning_rate': 0.04773191885828235, 'subsample': 0.8390980518744081, 'colsample_bytree': 0.8319863509763156, 'gamma': 0.7175251619961317, 'min_child_weight': 1}. Best is trial 355 with value: 0.748056870473164.
c:\Users\Admin\anaconda3\envs\mlflow_demo\lib\site-packages\xgboost\training.py:183: UserWarning: [16:45:45] WARNING: C:\actions-runner\_work\xgboost\xgboost\src\learner.cc:738:
Parameters: { "use_label_encoder" } are not used.

  bst.update(dtrain, iteration=i, fobj=obj)
c:\Users\Admin\anaconda3\envs\mlflow_demo\lib\site-packages\xgboost\training.py:183: UserWarning: [16:45:45] WARNING: C:\actions-runner\_work\xgboost\xgboost\src\learner.cc:738:
Parameters: { "use_label_encoder" } are not used.

  bst.update(dtrain, iteration=i, fobj=obj)
c:\Users\Admin\anaconda3\envs\mlflow_demo\lib\site-packages\xgboost\training.py:183: UserWarning: [16:45:45] WARNING: C:\actions-runner\_work\xgboost\xgboost\src\learner.cc:738:
Parameters: { "use_label_encoder" } are not used.

  bst.update(dtrain, iteration=i, fobj=obj)
c:\Users\Admin\anaconda3\envs\mlflow_demo\lib\site-packages\xgboost\training.py:183: UserWarning: [16:45:45] WARNING: C:\actions-runner\_work\xgboost\xgboost\src\learner.cc:738:
Parameters: { "use_label_encoder" } are not used.

  bst.update(dtrain, iteration=i, fobj=obj)
c:\Users\Admin\anaconda3\envs\mlflow_demo\lib\site-packages\xgboost\training.py:183: UserWarning: [16:45:46] WARNING: C:\actions-runner\_work\xgboost\xgboost\src\learner.cc:738:
Parameters: { "use_label_encoder" } are not used.

  bst.update(dtrain, iteration=i, fobj=obj)
[I 2025-05-02 16:45:46,148] Trial 436 finished with value: 0.7013457556935818 and parameters: {'n_estimators': 157, 'max_depth': 10, 'learning_rate': 0.02129751154403115, 'subsample': 0.8415442763298355, 'colsample_bytree': 0.8327565825788169, 'gamma': 0.6855887809977353, 'min_child_weight': 2}. Best is trial 355 with value: 0.748056870473164.
c:\Users\Admin\anaconda3\envs\mlflow_demo\lib\site-packages\xgboost\training.py:183: UserWarning: [16:45:46] WARNING: C:\actions-runner\_work\xgboost\xgboost\src\learner.cc:738:
Parameters: { "use_label_encoder" } are not used.

  bst.update(dtrain, iteration=i, fobj=obj)
c:\Users\Admin\anaconda3\envs\mlflow_demo\lib\site-packages\xgboost\training.py:183: UserWarning: [16:45:46] WARNING: C:\actions-runner\_work\xgboost\xgboost\src\learner.cc:738:
Parameters: { "use_label_encoder" } are not used.

  bst.update(dtrain, iteration=i, fobj=obj)
c:\Users\Admin\anaconda3\envs\mlflow_demo\lib\site-packages\xgboost\training.py:183: UserWarning: [16:45:46] WARNING: C:\actions-runner\_work\xgboost\xgboost\src\learner.cc:738:
Parameters: { "use_label_encoder" } are not used.

  bst.update(dtrain, iteration=i, fobj=obj)
c:\Users\Admin\anaconda3\envs\mlflow_demo\lib\site-packages\xgboost\training.py:183: UserWarning: [16:45:46] WARNING: C:\actions-runner\_work\xgboost\xgboost\src\learner.cc:738:
Parameters: { "use_label_encoder" } are not used.

  bst.update(dtrain, iteration=i, fobj=obj)
c:\Users\Admin\anaconda3\envs\mlflow_demo\lib\site-packages\xgboost\training.py:183: UserWarning: [16:45:46] WARNING: C:\actions-runner\_work\xgboost\xgboost\src\learner.cc:738:
Parameters: { "use_label_encoder" } are not used.

  bst.update(dtrain, iteration=i, fobj=obj)
[I 2025-05-02 16:45:46,685] Trial 437 finished with value: 0.7323636363636363 and parameters: {'n_estimators': 139, 'max_depth': 10, 'learning_rate': 0.04790582648517454, 'subsample': 0.8357169958877442, 'colsample_bytree': 0.8190691064559816, 'gamma': 0.5530679519659826, 'min_child_weight': 1}. Best is trial 355 with value: 0.748056870473164.
c:\Users\Admin\anaconda3\envs\mlflow_demo\lib\site-packages\xgboost\training.py:183: UserWarning: [16:45:46] WARNING: C:\actions-runner\_work\xgboost\xgboost\src\learner.cc:738:
Parameters: { "use_label_encoder" } are not used.

  bst.update(dtrain, iteration=i, fobj=obj)
c:\Users\Admin\anaconda3\envs\mlflow_demo\lib\site-packages\xgboost\training.py:183: UserWarning: [16:45:46] WARNING: C:\actions-runner\_work\xgboost\xgboost\src\learner.cc:738:
Parameters: { "use_label_encoder" } are not used.

  bst.update(dtrain, iteration=i, fobj=obj)
c:\Users\Admin\anaconda3\envs\mlflow_demo\lib\site-packages\xgboost\training.py:183: UserWarning: [16:45:46] WARNING: C:\actions-runner\_work\xgboost\xgboost\src\learner.cc:738:
Parameters: { "use_label_encoder" } are not used.

  bst.update(dtrain, iteration=i, fobj=obj)
c:\Users\Admin\anaconda3\envs\mlflow_demo\lib\site-packages\xgboost\training.py:183: UserWarning: [16:45:47] WARNING: C:\actions-runner\_work\xgboost\xgboost\src\learner.cc:738:
Parameters: { "use_label_encoder" } are not used.

  bst.update(dtrain, iteration=i, fobj=obj)
c:\Users\Admin\anaconda3\envs\mlflow_demo\lib\site-packages\xgboost\training.py:183: UserWarning: [16:45:47] WARNING: C:\actions-runner\_work\xgboost\xgboost\src\learner.cc:738:
Parameters: { "use_label_encoder" } are not used.

  bst.update(dtrain, iteration=i, fobj=obj)
[I 2025-05-02 16:45:47,426] Trial 438 finished with value: 0.7353345989558615 and parameters: {'n_estimators': 149, 'max_depth': 10, 'learning_rate': 0.04196923218063623, 'subsample': 0.8514585092440392, 'colsample_bytree': 0.8301472013047841, 'gamma': 0.7071177068990679, 'min_child_weight': 1}. Best is trial 355 with value: 0.748056870473164.
c:\Users\Admin\anaconda3\envs\mlflow_demo\lib\site-packages\xgboost\training.py:183: UserWarning: [16:45:47] WARNING: C:\actions-runner\_work\xgboost\xgboost\src\learner.cc:738:
Parameters: { "use_label_encoder" } are not used.

  bst.update(dtrain, iteration=i, fobj=obj)
c:\Users\Admin\anaconda3\envs\mlflow_demo\lib\site-packages\xgboost\training.py:183: UserWarning: [16:45:47] WARNING: C:\actions-runner\_work\xgboost\xgboost\src\learner.cc:738:
Parameters: { "use_label_encoder" } are not used.

  bst.update(dtrain, iteration=i, fobj=obj)
c:\Users\Admin\anaconda3\envs\mlflow_demo\lib\site-packages\xgboost\training.py:183: UserWarning: [16:45:47] WARNING: C:\actions-runner\_work\xgboost\xgboost\src\learner.cc:738:
Parameters: { "use_label_encoder" } are not used.

  bst.update(dtrain, iteration=i, fobj=obj)
c:\Users\Admin\anaconda3\envs\mlflow_demo\lib\site-packages\xgboost\training.py:183: UserWarning: [16:45:47] WARNING: C:\actions-runner\_work\xgboost\xgboost\src\learner.cc:738:
Parameters: { "use_label_encoder" } are not used.

  bst.update(dtrain, iteration=i, fobj=obj)
c:\Users\Admin\anaconda3\envs\mlflow_demo\lib\site-packages\xgboost\training.py:183: UserWarning: [16:45:47] WARNING: C:\actions-runner\_work\xgboost\xgboost\src\learner.cc:738:
Parameters: { "use_label_encoder" } are not used.

  bst.update(dtrain, iteration=i, fobj=obj)
[I 2025-05-02 16:45:47,915] Trial 439 finished with value: 0.738404452690167 and parameters: {'n_estimators': 153, 'max_depth': 10, 'learning_rate': 0.050636311626213924, 'subsample': 0.8244521830247031, 'colsample_bytree': 0.8131014157602033, 'gamma': 1.4783734697670365, 'min_child_weight': 1}. Best is trial 355 with value: 0.748056870473164.
c:\Users\Admin\anaconda3\envs\mlflow_demo\lib\site-packages\xgboost\training.py:183: UserWarning: [16:45:48] WARNING: C:\actions-runner\_work\xgboost\xgboost\src\learner.cc:738:
Parameters: { "use_label_encoder" } are not used.

  bst.update(dtrain, iteration=i, fobj=obj)
c:\Users\Admin\anaconda3\envs\mlflow_demo\lib\site-packages\xgboost\training.py:183: UserWarning: [16:45:48] WARNING: C:\actions-runner\_work\xgboost\xgboost\src\learner.cc:738:
Parameters: { "use_label_encoder" } are not used.

  bst.update(dtrain, iteration=i, fobj=obj)
c:\Users\Admin\anaconda3\envs\mlflow_demo\lib\site-packages\xgboost\training.py:183: UserWarning: [16:45:48] WARNING: C:\actions-runner\_work\xgboost\xgboost\src\learner.cc:738:
Parameters: { "use_label_encoder" } are not used.

  bst.update(dtrain, iteration=i, fobj=obj)
c:\Users\Admin\anaconda3\envs\mlflow_demo\lib\site-packages\xgboost\training.py:183: UserWarning: [16:45:48] WARNING: C:\actions-runner\_work\xgboost\xgboost\src\learner.cc:738:
Parameters: { "use_label_encoder" } are not used.

  bst.update(dtrain, iteration=i, fobj=obj)
c:\Users\Admin\anaconda3\envs\mlflow_demo\lib\site-packages\xgboost\training.py:183: UserWarning: [16:45:48] WARNING: C:\actions-runner\_work\xgboost\xgboost\src\learner.cc:738:
Parameters: { "use_label_encoder" } are not used.

  bst.update(dtrain, iteration=i, fobj=obj)
