[I 2025-05-02 10:25:50,940] Trial 186 finished with value: 0.6968669875399217 and parameters: {'n_estimators': 140, 'max_depth': 10, 'min_samples_split': 2, 'min_samples_leaf': 2}. Best is trial 63 with value: 0.7059578966308309.
[I 2025-05-02 10:25:52,521] Trial 187 finished with value: 0.6915478386037515 and parameters: {'n_estimators': 134, 'max_depth': 10, 'min_samples_split': 2, 'min_samples_leaf': 2}. Best is trial 63 with value: 0.7059578966308309.
[I 2025-05-02 10:25:54,067] Trial 188 finished with value: 0.6968669875399217 and parameters: {'n_estimators': 138, 'max_depth': 10, 'min_samples_split': 2, 'min_samples_leaf': 2}. Best is trial 63 with value: 0.7059578966308309.
[I 2025-05-02 10:25:55,558] Trial 189 finished with value: 0.6968669875399217 and parameters: {'n_estimators': 140, 'max_depth': 10, 'min_samples_split': 2, 'min_samples_leaf': 2}. Best is trial 63 with value: 0.7059578966308309.
[I 2025-05-02 10:25:57,321] Trial 190 finished with value: 0.6998268184067294 and parameters: {'n_estimators': 142, 'max_depth': 10, 'min_samples_split': 2, 'min_samples_leaf': 2}. Best is trial 63 with value: 0.7059578966308309.
[I 2025-05-02 10:25:59,078] Trial 191 finished with value: 0.6968669875399217 and parameters: {'n_estimators': 144, 'max_depth': 10, 'min_samples_split': 2, 'min_samples_leaf': 2}. Best is trial 63 with value: 0.7059578966308309.
[I 2025-05-02 10:26:00,787] Trial 192 finished with value: 0.6968669875399217 and parameters: {'n_estimators': 138, 'max_depth': 10, 'min_samples_split': 2, 'min_samples_leaf': 2}. Best is trial 63 with value: 0.7059578966308309.
[I 2025-05-02 10:26:02,242] Trial 193 finished with value: 0.6915478386037515 and parameters: {'n_estimators': 131, 'max_depth': 10, 'min_samples_split': 2, 'min_samples_leaf': 2}. Best is trial 63 with value: 0.7059578966308309.
[I 2025-05-02 10:26:03,708] Trial 194 finished with value: 0.6859974223225305 and parameters: {'n_estimators': 135, 'max_depth': 10, 'min_samples_split': 2, 'min_samples_leaf': 2}. Best is trial 63 with value: 0.7059578966308309.
[I 2025-05-02 10:26:05,317] Trial 195 finished with value: 0.6998268184067294 and parameters: {'n_estimators': 142, 'max_depth': 10, 'min_samples_split': 2, 'min_samples_leaf': 2}. Best is trial 63 with value: 0.7059578966308309.
[I 2025-05-02 10:26:06,839] Trial 196 finished with value: 0.6968669875399217 and parameters: {'n_estimators': 136, 'max_depth': 10, 'min_samples_split': 2, 'min_samples_leaf': 2}. Best is trial 63 with value: 0.7059578966308309.
[I 2025-05-02 10:26:08,583] Trial 197 finished with value: 0.6968669875399217 and parameters: {'n_estimators': 144, 'max_depth': 10, 'min_samples_split': 2, 'min_samples_leaf': 2}. Best is trial 63 with value: 0.7059578966308309.
[I 2025-05-02 10:26:10,132] Trial 198 finished with value: 0.6968669875399217 and parameters: {'n_estimators': 140, 'max_depth': 10, 'min_samples_split': 2, 'min_samples_leaf': 2}. Best is trial 63 with value: 0.7059578966308309.
[I 2025-05-02 10:26:11,246] Trial 199 finished with value: 0.653199071459941 and parameters: {'n_estimators': 90, 'max_depth': 10, 'min_samples_split': 2, 'min_samples_leaf': 2}. Best is trial 63 with value: 0.7059578966308309.
[I 2025-05-02 10:26:12,878] Trial 200 finished with value: 0.6770651244932164 and parameters: {'n_estimators': 133, 'max_depth': 9, 'min_samples_split': 2, 'min_samples_leaf': 2}. Best is trial 63 with value: 0.7059578966308309.
[I 2025-05-02 10:26:14,420] Trial 201 finished with value: 0.6968669875399217 and parameters: {'n_estimators': 144, 'max_depth': 10, 'min_samples_split': 2, 'min_samples_leaf': 2}. Best is trial 63 with value: 0.7059578966308309.
[I 2025-05-02 10:26:15,886] Trial 202 finished with value: 0.6968669875399217 and parameters: {'n_estimators': 140, 'max_depth': 10, 'min_samples_split': 2, 'min_samples_leaf': 2}. Best is trial 63 with value: 0.7059578966308309.
[I 2025-05-02 10:26:17,413] Trial 203 finished with value: 0.7026020265473398 and parameters: {'n_estimators': 146, 'max_depth': 10, 'min_samples_split': 2, 'min_samples_leaf': 2}. Best is trial 63 with value: 0.7059578966308309.
[I 2025-05-02 10:26:18,932] Trial 204 finished with value: 0.6976084446643576 and parameters: {'n_estimators': 137, 'max_depth': 10, 'min_samples_split': 2, 'min_samples_leaf': 2}. Best is trial 63 with value: 0.7059578966308309.
[I 2025-05-02 10:26:20,637] Trial 205 finished with value: 0.6998268184067294 and parameters: {'n_estimators': 142, 'max_depth': 10, 'min_samples_split': 2, 'min_samples_leaf': 2}. Best is trial 63 with value: 0.7059578966308309.
[I 2025-05-02 10:26:22,141] Trial 206 finished with value: 0.6968669875399217 and parameters: {'n_estimators': 138, 'max_depth': 10, 'min_samples_split': 2, 'min_samples_leaf': 2}. Best is trial 63 with value: 0.7059578966308309.
[I 2025-05-02 10:26:23,670] Trial 207 finished with value: 0.6637262995402531 and parameters: {'n_estimators': 144, 'max_depth': 5, 'min_samples_split': 2, 'min_samples_leaf': 2}. Best is trial 63 with value: 0.7059578966308309.
[I 2025-05-02 10:26:25,235] Trial 208 finished with value: 0.7059578966308309 and parameters: {'n_estimators': 141, 'max_depth': 10, 'min_samples_split': 2, 'min_samples_leaf': 2}. Best is trial 63 with value: 0.7059578966308309.
[I 2025-05-02 10:26:26,814] Trial 209 finished with value: 0.7059578966308309 and parameters: {'n_estimators': 141, 'max_depth': 10, 'min_samples_split': 2, 'min_samples_leaf': 2}. Best is trial 63 with value: 0.7059578966308309.
[I 2025-05-02 10:26:27,681] Trial 210 finished with value: 0.6769941786037993 and parameters: {'n_estimators': 75, 'max_depth': 10, 'min_samples_split': 2, 'min_samples_leaf': 2}. Best is trial 63 with value: 0.7059578966308309.
[I 2025-05-02 10:26:29,403] Trial 211 finished with value: 0.6998268184067294 and parameters: {'n_estimators': 142, 'max_depth': 10, 'min_samples_split': 2, 'min_samples_leaf': 2}. Best is trial 63 with value: 0.7059578966308309.
[I 2025-05-02 10:26:30,941] Trial 212 finished with value: 0.6968669875399217 and parameters: {'n_estimators': 136, 'max_depth': 10, 'min_samples_split': 2, 'min_samples_leaf': 2}. Best is trial 63 with value: 0.7059578966308309.
[I 2025-05-02 10:26:32,522] Trial 213 finished with value: 0.7059578966308309 and parameters: {'n_estimators': 139, 'max_depth': 10, 'min_samples_split': 2, 'min_samples_leaf': 2}. Best is trial 63 with value: 0.7059578966308309.
[I 2025-05-02 10:26:34,205] Trial 214 finished with value: 0.6968669875399217 and parameters: {'n_estimators': 140, 'max_depth': 10, 'min_samples_split': 2, 'min_samples_leaf': 2}. Best is trial 63 with value: 0.7059578966308309.
[I 2025-05-02 10:26:35,851] Trial 215 finished with value: 0.6968669875399217 and parameters: {'n_estimators': 138, 'max_depth': 10, 'min_samples_split': 2, 'min_samples_leaf': 2}. Best is trial 63 with value: 0.7059578966308309.
[I 2025-05-02 10:26:37,641] Trial 216 finished with value: 0.6915478386037515 and parameters: {'n_estimators': 133, 'max_depth': 10, 'min_samples_split': 2, 'min_samples_leaf': 2}. Best is trial 63 with value: 0.7059578966308309.
[I 2025-05-02 10:26:39,433] Trial 217 finished with value: 0.7059578966308309 and parameters: {'n_estimators': 141, 'max_depth': 10, 'min_samples_split': 2, 'min_samples_leaf': 2}. Best is trial 63 with value: 0.7059578966308309.
[I 2025-05-02 10:26:41,053] Trial 218 finished with value: 0.6859974223225305 and parameters: {'n_estimators': 135, 'max_depth': 10, 'min_samples_split': 2, 'min_samples_leaf': 2}. Best is trial 63 with value: 0.7059578966308309.
[I 2025-05-02 10:26:42,695] Trial 219 finished with value: 0.6968669875399217 and parameters: {'n_estimators': 144, 'max_depth': 10, 'min_samples_split': 2, 'min_samples_leaf': 2}. Best is trial 63 with value: 0.7059578966308309.
[I 2025-05-02 10:26:44,242] Trial 220 finished with value: 0.6968669875399217 and parameters: {'n_estimators': 138, 'max_depth': 10, 'min_samples_split': 2, 'min_samples_leaf': 2}. Best is trial 63 with value: 0.7059578966308309.
[I 2025-05-02 10:26:45,712] Trial 221 finished with value: 0.6998268184067294 and parameters: {'n_estimators': 142, 'max_depth': 10, 'min_samples_split': 2, 'min_samples_leaf': 2}. Best is trial 63 with value: 0.7059578966308309.
[I 2025-05-02 10:26:47,326] Trial 222 finished with value: 0.6968669875399217 and parameters: {'n_estimators': 140, 'max_depth': 10, 'min_samples_split': 2, 'min_samples_leaf': 2}. Best is trial 63 with value: 0.7059578966308309.
[I 2025-05-02 10:26:48,917] Trial 223 finished with value: 0.7059578966308309 and parameters: {'n_estimators': 141, 'max_depth': 10, 'min_samples_split': 2, 'min_samples_leaf': 2}. Best is trial 63 with value: 0.7059578966308309.
[I 2025-05-02 10:26:50,330] Trial 224 finished with value: 0.6534920634920635 and parameters: {'n_estimators': 136, 'max_depth': 10, 'min_samples_split': 2, 'min_samples_leaf': 4}. Best is trial 63 with value: 0.7059578966308309.
[I 2025-05-02 10:26:51,970] Trial 225 finished with value: 0.7026020265473398 and parameters: {'n_estimators': 146, 'max_depth': 10, 'min_samples_split': 2, 'min_samples_leaf': 2}. Best is trial 63 with value: 0.7059578966308309.
[I 2025-05-02 10:26:53,448] Trial 226 finished with value: 0.7059578966308309 and parameters: {'n_estimators': 139, 'max_depth': 10, 'min_samples_split': 2, 'min_samples_leaf': 2}. Best is trial 63 with value: 0.7059578966308309.
[I 2025-05-02 10:26:55,124] Trial 227 finished with value: 0.6628894024748423 and parameters: {'n_estimators': 142, 'max_depth': 10, 'min_samples_split': 8, 'min_samples_leaf': 2}. Best is trial 63 with value: 0.7059578966308309.
[I 2025-05-02 10:26:56,630] Trial 228 finished with value: 0.6915478386037515 and parameters: {'n_estimators': 130, 'max_depth': 10, 'min_samples_split': 2, 'min_samples_leaf': 2}. Best is trial 63 with value: 0.7059578966308309.
[I 2025-05-02 10:26:58,302] Trial 229 finished with value: 0.6968669875399217 and parameters: {'n_estimators': 145, 'max_depth': 10, 'min_samples_split': 2, 'min_samples_leaf': 2}. Best is trial 63 with value: 0.7059578966308309.
[I 2025-05-02 10:27:00,067] Trial 230 finished with value: 0.6976084446643576 and parameters: {'n_estimators': 137, 'max_depth': 10, 'min_samples_split': 2, 'min_samples_leaf': 2}. Best is trial 63 with value: 0.7059578966308309.
[I 2025-05-02 10:27:01,724] Trial 231 finished with value: 0.6998268184067294 and parameters: {'n_estimators': 142, 'max_depth': 10, 'min_samples_split': 2, 'min_samples_leaf': 2}. Best is trial 63 with value: 0.7059578966308309.
[I 2025-05-02 10:27:03,430] Trial 232 finished with value: 0.7059578966308309 and parameters: {'n_estimators': 141, 'max_depth': 10, 'min_samples_split': 2, 'min_samples_leaf': 2}. Best is trial 63 with value: 0.7059578966308309.
[I 2025-05-02 10:27:04,916] Trial 233 finished with value: 0.7059578966308309 and parameters: {'n_estimators': 139, 'max_depth': 10, 'min_samples_split': 2, 'min_samples_leaf': 2}. Best is trial 63 with value: 0.7059578966308309.
[I 2025-05-02 10:27:06,228] Trial 234 finished with value: 0.6915478386037515 and parameters: {'n_estimators': 134, 'max_depth': 10, 'min_samples_split': 2, 'min_samples_leaf': 2}. Best is trial 63 with value: 0.7059578966308309.
[I 2025-05-02 10:27:07,783] Trial 235 finished with value: 0.6968669875399217 and parameters: {'n_estimators': 144, 'max_depth': 10, 'min_samples_split': 2, 'min_samples_leaf': 2}. Best is trial 63 with value: 0.7059578966308309.
[I 2025-05-02 10:27:09,346] Trial 236 finished with value: 0.6968669875399217 and parameters: {'n_estimators': 140, 'max_depth': 10, 'min_samples_split': 2, 'min_samples_leaf': 2}. Best is trial 63 with value: 0.7059578966308309.
[I 2025-05-02 10:27:11,001] Trial 237 finished with value: 0.7026020265473398 and parameters: {'n_estimators': 146, 'max_depth': 10, 'min_samples_split': 2, 'min_samples_leaf': 2}. Best is trial 63 with value: 0.7059578966308309.
[I 2025-05-02 10:27:12,595] Trial 238 finished with value: 0.6703867910063723 and parameters: {'n_estimators': 142, 'max_depth': 10, 'min_samples_split': 7, 'min_samples_leaf': 2}. Best is trial 63 with value: 0.7059578966308309.
[I 2025-05-02 10:27:14,344] Trial 239 finished with value: 0.6968669875399217 and parameters: {'n_estimators': 136, 'max_depth': 10, 'min_samples_split': 2, 'min_samples_leaf': 2}. Best is trial 63 with value: 0.7059578966308309.
[I 2025-05-02 10:27:15,997] Trial 240 finished with value: 0.7059578966308309 and parameters: {'n_estimators': 139, 'max_depth': 10, 'min_samples_split': 2, 'min_samples_leaf': 2}. Best is trial 63 with value: 0.7059578966308309.
[I 2025-05-02 10:27:17,745] Trial 241 finished with value: 0.7059578966308309 and parameters: {'n_estimators': 139, 'max_depth': 10, 'min_samples_split': 2, 'min_samples_leaf': 2}. Best is trial 63 with value: 0.7059578966308309.
[I 2025-05-02 10:27:19,772] Trial 242 finished with value: 0.6968669875399217 and parameters: {'n_estimators': 140, 'max_depth': 10, 'min_samples_split': 2, 'min_samples_leaf': 2}. Best is trial 63 with value: 0.7059578966308309.
[I 2025-05-02 10:27:21,507] Trial 243 finished with value: 0.6998268184067294 and parameters: {'n_estimators': 142, 'max_depth': 10, 'min_samples_split': 2, 'min_samples_leaf': 2}. Best is trial 63 with value: 0.7059578966308309.
[I 2025-05-02 10:27:23,188] Trial 244 finished with value: 0.6976084446643576 and parameters: {'n_estimators': 137, 'max_depth': 10, 'min_samples_split': 2, 'min_samples_leaf': 2}. Best is trial 63 with value: 0.7059578966308309.
[I 2025-05-02 10:27:25,000] Trial 245 finished with value: 0.6968669875399217 and parameters: {'n_estimators': 144, 'max_depth': 10, 'min_samples_split': 2, 'min_samples_leaf': 2}. Best is trial 63 with value: 0.7059578966308309.
[I 2025-05-02 10:27:26,740] Trial 246 finished with value: 0.6915478386037515 and parameters: {'n_estimators': 133, 'max_depth': 10, 'min_samples_split': 2, 'min_samples_leaf': 2}. Best is trial 63 with value: 0.7059578966308309.
[I 2025-05-02 10:27:28,487] Trial 247 finished with value: 0.6968669875399217 and parameters: {'n_estimators': 138, 'max_depth': 10, 'min_samples_split': 2, 'min_samples_leaf': 2}. Best is trial 63 with value: 0.7059578966308309.
[I 2025-05-02 10:27:30,200] Trial 248 finished with value: 0.6974216380182001 and parameters: {'n_estimators': 147, 'max_depth': 10, 'min_samples_split': 2, 'min_samples_leaf': 2}. Best is trial 63 with value: 0.7059578966308309.
[I 2025-05-02 10:27:31,783] Trial 249 finished with value: 0.7059578966308309 and parameters: {'n_estimators': 141, 'max_depth': 10, 'min_samples_split': 2, 'min_samples_leaf': 2}. Best is trial 63 with value: 0.7059578966308309.
[I 2025-05-02 10:27:33,576] Trial 250 finished with value: 0.6859974223225305 and parameters: {'n_estimators': 135, 'max_depth': 10, 'min_samples_split': 2, 'min_samples_leaf': 2}. Best is trial 63 with value: 0.7059578966308309.
[I 2025-05-02 10:27:35,376] Trial 251 finished with value: 0.6968669875399217 and parameters: {'n_estimators': 144, 'max_depth': 10, 'min_samples_split': 2, 'min_samples_leaf': 2}. Best is trial 63 with value: 0.7059578966308309.
[I 2025-05-02 10:27:36,905] Trial 252 finished with value: 0.7059578966308309 and parameters: {'n_estimators': 139, 'max_depth': 10, 'min_samples_split': 2, 'min_samples_leaf': 2}. Best is trial 63 with value: 0.7059578966308309.
[I 2025-05-02 10:27:38,475] Trial 253 finished with value: 0.6998268184067294 and parameters: {'n_estimators': 142, 'max_depth': 10, 'min_samples_split': 2, 'min_samples_leaf': 2}. Best is trial 63 with value: 0.7059578966308309.
[I 2025-05-02 10:27:39,852] Trial 254 finished with value: 0.6968669875399217 and parameters: {'n_estimators': 136, 'max_depth': 10, 'min_samples_split': 2, 'min_samples_leaf': 2}. Best is trial 63 with value: 0.7059578966308309.
[I 2025-05-02 10:27:41,476] Trial 255 finished with value: 0.7026020265473398 and parameters: {'n_estimators': 146, 'max_depth': 10, 'min_samples_split': 2, 'min_samples_leaf': 2}. Best is trial 63 with value: 0.7059578966308309.
[I 2025-05-02 10:27:43,101] Trial 256 finished with value: 0.6968669875399217 and parameters: {'n_estimators': 132, 'max_depth': 10, 'min_samples_split': 2, 'min_samples_leaf': 2}. Best is trial 63 with value: 0.7059578966308309.
[I 2025-05-02 10:27:44,711] Trial 257 finished with value: 0.7059578966308309 and parameters: {'n_estimators': 139, 'max_depth': 10, 'min_samples_split': 2, 'min_samples_leaf': 2}. Best is trial 63 with value: 0.7059578966308309.
[I 2025-05-02 10:27:46,346] Trial 258 finished with value: 0.6968669875399217 and parameters: {'n_estimators': 143, 'max_depth': 10, 'min_samples_split': 2, 'min_samples_leaf': 2}. Best is trial 63 with value: 0.7059578966308309.
[I 2025-05-02 10:27:47,982] Trial 259 finished with value: 0.6976084446643576 and parameters: {'n_estimators': 137, 'max_depth': 10, 'min_samples_split': 2, 'min_samples_leaf': 2}. Best is trial 63 with value: 0.7059578966308309.
[I 2025-05-02 10:27:49,419] Trial 260 finished with value: 0.7059578966308309 and parameters: {'n_estimators': 141, 'max_depth': 10, 'min_samples_split': 2, 'min_samples_leaf': 2}. Best is trial 63 with value: 0.7059578966308309.
[I 2025-05-02 10:27:51,043] Trial 261 finished with value: 0.6974216380182001 and parameters: {'n_estimators': 147, 'max_depth': 10, 'min_samples_split': 2, 'min_samples_leaf': 2}. Best is trial 63 with value: 0.7059578966308309.
[I 2025-05-02 10:27:52,419] Trial 262 finished with value: 0.6859974223225305 and parameters: {'n_estimators': 135, 'max_depth': 10, 'min_samples_split': 2, 'min_samples_leaf': 2}. Best is trial 63 with value: 0.7059578966308309.
[I 2025-05-02 10:27:53,056] Trial 263 finished with value: 0.6127000906070673 and parameters: {'n_estimators': 63, 'max_depth': 3, 'min_samples_split': 2, 'min_samples_leaf': 2}. Best is trial 63 with value: 0.7059578966308309.
[I 2025-05-02 10:27:54,505] Trial 264 finished with value: 0.6643355812342324 and parameters: {'n_estimators': 144, 'max_depth': 9, 'min_samples_split': 10, 'min_samples_leaf': 2}. Best is trial 63 with value: 0.7059578966308309.
[I 2025-05-02 10:27:56,104] Trial 265 finished with value: 0.7059578966308309 and parameters: {'n_estimators': 139, 'max_depth': 10, 'min_samples_split': 2, 'min_samples_leaf': 2}. Best is trial 63 with value: 0.7059578966308309.
[I 2025-05-02 10:27:57,545] Trial 266 finished with value: 0.7059578966308309 and parameters: {'n_estimators': 141, 'max_depth': 10, 'min_samples_split': 2, 'min_samples_leaf': 2}. Best is trial 63 with value: 0.7059578966308309.
[I 2025-05-02 10:27:58,996] Trial 267 finished with value: 0.6976084446643576 and parameters: {'n_estimators': 137, 'max_depth': 10, 'min_samples_split': 2, 'min_samples_leaf': 2}. Best is trial 63 with value: 0.7059578966308309.
[I 2025-05-02 10:28:00,475] Trial 268 finished with value: 0.6968669875399217 and parameters: {'n_estimators': 144, 'max_depth': 10, 'min_samples_split': 2, 'min_samples_leaf': 2}. Best is trial 63 with value: 0.7059578966308309.
[I 2025-05-02 10:28:01,954] Trial 269 finished with value: 0.6968669875399217 and parameters: {'n_estimators': 132, 'max_depth': 10, 'min_samples_split': 2, 'min_samples_leaf': 2}. Best is trial 63 with value: 0.7059578966308309.
[I 2025-05-02 10:28:03,553] Trial 270 finished with value: 0.6974216380182001 and parameters: {'n_estimators': 147, 'max_depth': 10, 'min_samples_split': 2, 'min_samples_leaf': 2}. Best is trial 63 with value: 0.7059578966308309.
[I 2025-05-02 10:28:05,200] Trial 271 finished with value: 0.6739010028926773 and parameters: {'n_estimators': 141, 'max_depth': 7, 'min_samples_split': 2, 'min_samples_leaf': 2}. Best is trial 63 with value: 0.7059578966308309.
[I 2025-05-02 10:28:06,456] Trial 272 finished with value: 0.6945076694705592 and parameters: {'n_estimators': 128, 'max_depth': 10, 'min_samples_split': 2, 'min_samples_leaf': 2}. Best is trial 63 with value: 0.7059578966308309.
[I 2025-05-02 10:28:07,879] Trial 273 finished with value: 0.6915478386037515 and parameters: {'n_estimators': 134, 'max_depth': 10, 'min_samples_split': 2, 'min_samples_leaf': 2}. Best is trial 63 with value: 0.7059578966308309.
[I 2025-05-02 10:28:09,290] Trial 274 finished with value: 0.6707226297786287 and parameters: {'n_estimators': 138, 'max_depth': 9, 'min_samples_split': 2, 'min_samples_leaf': 2}. Best is trial 63 with value: 0.7059578966308309.
[I 2025-05-02 10:28:10,753] Trial 275 finished with value: 0.6968669875399217 and parameters: {'n_estimators': 143, 'max_depth': 10, 'min_samples_split': 2, 'min_samples_leaf': 2}. Best is trial 63 with value: 0.7059578966308309.
[I 2025-05-02 10:28:12,310] Trial 276 finished with value: 0.6968669875399217 and parameters: {'n_estimators': 140, 'max_depth': 10, 'min_samples_split': 2, 'min_samples_leaf': 2}. Best is trial 63 with value: 0.7059578966308309.
[I 2025-05-02 10:28:13,820] Trial 277 finished with value: 0.6968669875399217 and parameters: {'n_estimators': 136, 'max_depth': 10, 'min_samples_split': 2, 'min_samples_leaf': 2}. Best is trial 63 with value: 0.7059578966308309.
[I 2025-05-02 10:28:15,347] Trial 278 finished with value: 0.6968669875399217 and parameters: {'n_estimators': 145, 'max_depth': 10, 'min_samples_split': 2, 'min_samples_leaf': 2}. Best is trial 63 with value: 0.7059578966308309.
[I 2025-05-02 10:28:16,901] Trial 279 finished with value: 0.6756470479874734 and parameters: {'n_estimators': 149, 'max_depth': 10, 'min_samples_split': 2, 'min_samples_leaf': 3}. Best is trial 63 with value: 0.7059578966308309.
[I 2025-05-02 10:28:18,360] Trial 280 finished with value: 0.7059578966308309 and parameters: {'n_estimators': 141, 'max_depth': 10, 'min_samples_split': 2, 'min_samples_leaf': 2}. Best is trial 63 with value: 0.7059578966308309.
