[I 2025-05-02 10:28:19,942] Trial 281 finished with value: 0.6968669875399217 and parameters: {'n_estimators': 138, 'max_depth': 10, 'min_samples_split': 2, 'min_samples_leaf': 2}. Best is trial 63 with value: 0.7059578966308309.
[I 2025-05-02 10:28:21,375] Trial 282 finished with value: 0.668570914488777 and parameters: {'n_estimators': 134, 'max_depth': 6, 'min_samples_split': 5, 'min_samples_leaf': 2}. Best is trial 63 with value: 0.7059578966308309.
[I 2025-05-02 10:28:23,006] Trial 283 finished with value: 0.6968669875399217 and parameters: {'n_estimators': 144, 'max_depth': 10, 'min_samples_split': 2, 'min_samples_leaf': 2}. Best is trial 63 with value: 0.7059578966308309.
[I 2025-05-02 10:28:24,661] Trial 284 finished with value: 0.6968669875399217 and parameters: {'n_estimators': 140, 'max_depth': 10, 'min_samples_split': 2, 'min_samples_leaf': 2}. Best is trial 63 with value: 0.7059578966308309.
[I 2025-05-02 10:28:26,269] Trial 285 finished with value: 0.6974216380182001 and parameters: {'n_estimators': 147, 'max_depth': 10, 'min_samples_split': 2, 'min_samples_leaf': 2}. Best is trial 63 with value: 0.7059578966308309.
[I 2025-05-02 10:28:27,732] Trial 286 finished with value: 0.6976084446643576 and parameters: {'n_estimators': 137, 'max_depth': 10, 'min_samples_split': 2, 'min_samples_leaf': 2}. Best is trial 63 with value: 0.7059578966308309.
[I 2025-05-02 10:28:29,421] Trial 287 finished with value: 0.6707226297786287 and parameters: {'n_estimators': 142, 'max_depth': 9, 'min_samples_split': 2, 'min_samples_leaf': 2}. Best is trial 63 with value: 0.7059578966308309.
[I 2025-05-02 10:28:30,715] Trial 288 finished with value: 0.6915478386037515 and parameters: {'n_estimators': 131, 'max_depth': 10, 'min_samples_split': 2, 'min_samples_leaf': 2}. Best is trial 63 with value: 0.7059578966308309.
[I 2025-05-02 10:28:32,012] Trial 289 finished with value: 0.7059578966308309 and parameters: {'n_estimators': 139, 'max_depth': 10, 'min_samples_split': 2, 'min_samples_leaf': 2}. Best is trial 63 with value: 0.7059578966308309.
[I 2025-05-02 16:35:31,763] Trial 290 finished with value: 0.6505200078622005 and parameters: {'n_estimators': 145, 'max_depth': 10, 'min_samples_split': 9, 'min_samples_leaf': 2}. Best is trial 63 with value: 0.7059578966308309.
[I 2025-05-02 16:38:18,812] Trial 291 finished with value: 0.688588007736944 and parameters: {'n_estimators': 125, 'max_depth': 10, 'min_samples_split': 2, 'min_samples_leaf': 2}. Best is trial 63 with value: 0.7059578966308309.
[I 2025-05-02 16:38:21,075] Trial 292 finished with value: 0.6998268184067294 and parameters: {'n_estimators': 142, 'max_depth': 10, 'min_samples_split': 2, 'min_samples_leaf': 2}. Best is trial 63 with value: 0.7059578966308309.
[I 2025-05-02 16:38:23,979] Trial 293 finished with value: 0.6859974223225305 and parameters: {'n_estimators': 135, 'max_depth': 10, 'min_samples_split': 2, 'min_samples_leaf': 2}. Best is trial 63 with value: 0.7059578966308309.
[I 2025-05-02 16:38:25,974] Trial 294 finished with value: 0.6968669875399217 and parameters: {'n_estimators': 138, 'max_depth': 10, 'min_samples_split': 2, 'min_samples_leaf': 2}. Best is trial 63 with value: 0.7059578966308309.
[I 2025-05-02 16:38:28,834] Trial 295 finished with value: 0.6806324110671936 and parameters: {'n_estimators': 189, 'max_depth': 10, 'min_samples_split': 2, 'min_samples_leaf': 2}. Best is trial 63 with value: 0.7059578966308309.
[I 2025-05-02 16:38:30,666] Trial 296 finished with value: 0.688588007736944 and parameters: {'n_estimators': 119, 'max_depth': 10, 'min_samples_split': 2, 'min_samples_leaf': 2}. Best is trial 63 with value: 0.7059578966308309.
[I 2025-05-02 16:38:32,574] Trial 297 finished with value: 0.7026020265473398 and parameters: {'n_estimators': 148, 'max_depth': 10, 'min_samples_split': 2, 'min_samples_leaf': 2}. Best is trial 63 with value: 0.7059578966308309.
[I 2025-05-02 16:38:34,368] Trial 298 finished with value: 0.6968669875399217 and parameters: {'n_estimators': 143, 'max_depth': 10, 'min_samples_split': 2, 'min_samples_leaf': 2}. Best is trial 63 with value: 0.7059578966308309.
[I 2025-05-02 16:38:35,905] Trial 299 finished with value: 0.5961789088104877 and parameters: {'n_estimators': 135, 'max_depth': 2, 'min_samples_split': 2, 'min_samples_leaf': 2}. Best is trial 63 with value: 0.7059578966308309.
[I 2025-05-02 16:38:37,488] Trial 300 finished with value: 0.6734978379192393 and parameters: {'n_estimators': 140, 'max_depth': 9, 'min_samples_split': 2, 'min_samples_leaf': 2}. Best is trial 63 with value: 0.7059578966308309.
[I 2025-05-02 16:38:38,970] Trial 301 finished with value: 0.6968669875399217 and parameters: {'n_estimators': 145, 'max_depth': 10, 'min_samples_split': 2, 'min_samples_leaf': 2}. Best is trial 63 with value: 0.7059578966308309.
[I 2025-05-02 16:38:40,087] Trial 302 finished with value: 0.6543434343434343 and parameters: {'n_estimators': 132, 'max_depth': 5, 'min_samples_split': 2, 'min_samples_leaf': 2}. Best is trial 63 with value: 0.7059578966308309.
[I 2025-05-02 16:38:41,349] Trial 303 finished with value: 0.6968669875399217 and parameters: {'n_estimators': 138, 'max_depth': 10, 'min_samples_split': 2, 'min_samples_leaf': 2}. Best is trial 63 with value: 0.7059578966308309.
[I 2025-05-02 16:38:42,411] Trial 304 finished with value: 0.6998268184067294 and parameters: {'n_estimators': 142, 'max_depth': 10, 'min_samples_split': 2, 'min_samples_leaf': 2}. Best is trial 63 with value: 0.7059578966308309.
[I 2025-05-02 16:38:43,685] Trial 305 finished with value: 0.6707666403826238 and parameters: {'n_estimators': 136, 'max_depth': 10, 'min_samples_split': 2, 'min_samples_leaf': 1}. Best is trial 63 with value: 0.7059578966308309.
[I 2025-05-02 16:38:44,853] Trial 306 finished with value: 0.6756470479874734 and parameters: {'n_estimators': 150, 'max_depth': 10, 'min_samples_split': 2, 'min_samples_leaf': 3}. Best is trial 63 with value: 0.7059578966308309.
[I 2025-05-02 16:38:46,138] Trial 307 finished with value: 0.6968669875399217 and parameters: {'n_estimators': 140, 'max_depth': 10, 'min_samples_split': 2, 'min_samples_leaf': 2}. Best is trial 63 with value: 0.7059578966308309.
[I 2025-05-02 16:38:47,359] Trial 308 finished with value: 0.6820484346571303 and parameters: {'n_estimators': 146, 'max_depth': 10, 'min_samples_split': 6, 'min_samples_leaf': 2}. Best is trial 63 with value: 0.7059578966308309.
[I 2025-05-02 16:38:48,895] Trial 309 finished with value: 0.6998268184067294 and parameters: {'n_estimators': 142, 'max_depth': 10, 'min_samples_split': 2, 'min_samples_leaf': 2}. Best is trial 63 with value: 0.7059578966308309.
[I 2025-05-02 16:38:50,080] Trial 310 finished with value: 0.6915478386037516 and parameters: {'n_estimators': 129, 'max_depth': 10, 'min_samples_split': 2, 'min_samples_leaf': 2}. Best is trial 63 with value: 0.7059578966308309.
[I 2025-05-02 16:38:51,473] Trial 311 finished with value: 0.6968669875399217 and parameters: {'n_estimators': 138, 'max_depth': 10, 'min_samples_split': 2, 'min_samples_leaf': 2}. Best is trial 63 with value: 0.7059578966308309.
[I 2025-05-02 16:38:52,764] Trial 312 finished with value: 0.6915478386037515 and parameters: {'n_estimators': 134, 'max_depth': 10, 'min_samples_split': 2, 'min_samples_leaf': 2}. Best is trial 63 with value: 0.7059578966308309.
[I 2025-05-02 16:38:53,854] Trial 313 finished with value: 0.6968669875399217 and parameters: {'n_estimators': 144, 'max_depth': 10, 'min_samples_split': 2, 'min_samples_leaf': 2}. Best is trial 63 with value: 0.7059578966308309.
[I 2025-05-02 16:38:54,981] Trial 314 finished with value: 0.6734978379192393 and parameters: {'n_estimators': 140, 'max_depth': 9, 'min_samples_split': 2, 'min_samples_leaf': 2}. Best is trial 63 with value: 0.7059578966308309.
[I 2025-05-02 16:38:56,389] Trial 315 finished with value: 0.6976084446643576 and parameters: {'n_estimators': 137, 'max_depth': 10, 'min_samples_split': 2, 'min_samples_leaf': 2}. Best is trial 63 with value: 0.7059578966308309.
[I 2025-05-02 16:38:57,705] Trial 316 finished with value: 0.6974216380182001 and parameters: {'n_estimators': 147, 'max_depth': 10, 'min_samples_split': 2, 'min_samples_leaf': 2}. Best is trial 63 with value: 0.7059578966308309.
[I 2025-05-02 16:38:59,213] Trial 317 finished with value: 0.6968669875399217 and parameters: {'n_estimators': 143, 'max_depth': 10, 'min_samples_split': 2, 'min_samples_leaf': 2}. Best is trial 63 with value: 0.7059578966308309.
[I 2025-05-02 16:39:00,487] Trial 318 finished with value: 0.67760190376975 and parameters: {'n_estimators': 133, 'max_depth': 8, 'min_samples_split': 2, 'min_samples_leaf': 2}. Best is trial 63 with value: 0.7059578966308309.
[I 2025-05-02 16:39:01,807] Trial 319 finished with value: 0.6968669875399217 and parameters: {'n_estimators': 140, 'max_depth': 10, 'min_samples_split': 2, 'min_samples_leaf': 2}. Best is trial 63 with value: 0.7059578966308309.
[I 2025-05-02 16:39:03,190] Trial 320 finished with value: 0.6976084446643576 and parameters: {'n_estimators': 137, 'max_depth': 10, 'min_samples_split': 3, 'min_samples_leaf': 2}. Best is trial 63 with value: 0.7059578966308309.
[I 2025-05-02 16:39:05,043] Trial 321 finished with value: 0.6600606673407482 and parameters: {'n_estimators': 145, 'max_depth': 6, 'min_samples_split': 2, 'min_samples_leaf': 2}. Best is trial 63 with value: 0.7059578966308309.
[I 2025-05-02 16:39:07,735] Trial 322 finished with value: 0.7059578966308309 and parameters: {'n_estimators': 141, 'max_depth': 10, 'min_samples_split': 2, 'min_samples_leaf': 2}. Best is trial 63 with value: 0.7059578966308309.
[I 2025-05-02 16:39:08,966] Trial 323 finished with value: 0.6451249458327315 and parameters: {'n_estimators': 151, 'max_depth': 10, 'min_samples_split': 2, 'min_samples_leaf': 5}. Best is trial 63 with value: 0.7059578966308309.
[I 2025-05-02 16:39:10,086] Trial 324 finished with value: 0.6968669875399217 and parameters: {'n_estimators': 136, 'max_depth': 10, 'min_samples_split': 2, 'min_samples_leaf': 2}. Best is trial 63 with value: 0.7059578966308309.
[I 2025-05-02 16:39:11,417] Trial 325 finished with value: 0.6968669875399217 and parameters: {'n_estimators': 143, 'max_depth': 10, 'min_samples_split': 2, 'min_samples_leaf': 2}. Best is trial 63 with value: 0.7059578966308309.
[I 2025-05-02 16:39:12,581] Trial 326 finished with value: 0.7026020265473398 and parameters: {'n_estimators': 148, 'max_depth': 10, 'min_samples_split': 2, 'min_samples_leaf': 2}. Best is trial 63 with value: 0.7059578966308309.
[I 2025-05-02 16:39:13,653] Trial 327 finished with value: 0.7059578966308309 and parameters: {'n_estimators': 141, 'max_depth': 10, 'min_samples_split': 2, 'min_samples_leaf': 2}. Best is trial 63 with value: 0.7059578966308309.
[I 2025-05-02 16:39:14,710] Trial 328 finished with value: 0.6915478386037515 and parameters: {'n_estimators': 131, 'max_depth': 10, 'min_samples_split': 2, 'min_samples_leaf': 2}. Best is trial 63 with value: 0.7059578966308309.
[I 2025-05-02 16:39:15,765] Trial 329 finished with value: 0.6968669875399217 and parameters: {'n_estimators': 138, 'max_depth': 10, 'min_samples_split': 2, 'min_samples_leaf': 2}. Best is trial 63 with value: 0.7059578966308309.
[I 2025-05-02 16:39:16,525] Trial 330 finished with value: 0.6770651244932164 and parameters: {'n_estimators': 100, 'max_depth': 9, 'min_samples_split': 2, 'min_samples_leaf': 2}. Best is trial 63 with value: 0.7059578966308309.
[I 2025-05-02 16:39:17,618] Trial 331 finished with value: 0.6968669875399217 and parameters: {'n_estimators': 145, 'max_depth': 10, 'min_samples_split': 3, 'min_samples_leaf': 2}. Best is trial 63 with value: 0.7059578966308309.
[I 2025-05-02 16:39:18,764] Trial 332 finished with value: 0.6915478386037515 and parameters: {'n_estimators': 134, 'max_depth': 10, 'min_samples_split': 2, 'min_samples_leaf': 2}. Best is trial 63 with value: 0.7059578966308309.
[I 2025-05-02 16:39:19,647] Trial 333 finished with value: 0.6476935175822941 and parameters: {'n_estimators': 82, 'max_depth': 10, 'min_samples_split': 2, 'min_samples_leaf': 2}. Best is trial 63 with value: 0.7059578966308309.
[I 2025-05-02 16:39:20,695] Trial 334 finished with value: 0.7059578966308309 and parameters: {'n_estimators': 139, 'max_depth': 10, 'min_samples_split': 2, 'min_samples_leaf': 2}. Best is trial 63 with value: 0.7059578966308309.
[I 2025-05-02 16:39:21,154] Trial 335 finished with value: 0.66122980865067 and parameters: {'n_estimators': 50, 'max_depth': 10, 'min_samples_split': 2, 'min_samples_leaf': 1}. Best is trial 63 with value: 0.7059578966308309.
[I 2025-05-02 16:39:22,321] Trial 336 finished with value: 0.6968669875399217 and parameters: {'n_estimators': 143, 'max_depth': 10, 'min_samples_split': 2, 'min_samples_leaf': 2}. Best is trial 63 with value: 0.7059578966308309.
[I 2025-05-02 16:39:23,409] Trial 337 finished with value: 0.6968669875399217 and parameters: {'n_estimators': 140, 'max_depth': 10, 'min_samples_split': 2, 'min_samples_leaf': 2}. Best is trial 63 with value: 0.7059578966308309.
[I 2025-05-02 16:39:24,586] Trial 338 finished with value: 0.6734978379192393 and parameters: {'n_estimators': 135, 'max_depth': 9, 'min_samples_split': 2, 'min_samples_leaf': 2}. Best is trial 63 with value: 0.7059578966308309.
[I 2025-05-02 16:39:26,015] Trial 339 finished with value: 0.6974216380182001 and parameters: {'n_estimators': 147, 'max_depth': 10, 'min_samples_split': 2, 'min_samples_leaf': 2}. Best is trial 63 with value: 0.7059578966308309.
[I 2025-05-02 16:39:27,089] Trial 340 finished with value: 0.6998268184067294 and parameters: {'n_estimators': 142, 'max_depth': 10, 'min_samples_split': 2, 'min_samples_leaf': 2}. Best is trial 63 with value: 0.7059578966308309.
[I 2025-05-02 16:39:28,273] Trial 341 finished with value: 0.6489682432581987 and parameters: {'n_estimators': 138, 'max_depth': 10, 'min_samples_split': 7, 'min_samples_leaf': 4}. Best is trial 63 with value: 0.7059578966308309.
[I 2025-05-02 16:39:29,392] Trial 342 finished with value: 0.6968669875399217 and parameters: {'n_estimators': 145, 'max_depth': 10, 'min_samples_split': 3, 'min_samples_leaf': 2}. Best is trial 63 with value: 0.7059578966308309.
[I 2025-05-02 16:39:30,371] Trial 343 finished with value: 0.6739010028926773 and parameters: {'n_estimators': 136, 'max_depth': 7, 'min_samples_split': 2, 'min_samples_leaf': 2}. Best is trial 63 with value: 0.7059578966308309.
[I 2025-05-02 16:39:31,348] Trial 344 finished with value: 0.6222628276116648 and parameters: {'n_estimators': 140, 'max_depth': 4, 'min_samples_split': 2, 'min_samples_leaf': 2}. Best is trial 63 with value: 0.7059578966308309.
[I 2025-05-02 16:39:32,312] Trial 345 finished with value: 0.6968669875399217 and parameters: {'n_estimators': 132, 'max_depth': 10, 'min_samples_split': 2, 'min_samples_leaf': 2}. Best is trial 63 with value: 0.7059578966308309.
[I 2025-05-02 16:39:33,397] Trial 346 finished with value: 0.7026020265473398 and parameters: {'n_estimators': 149, 'max_depth': 10, 'min_samples_split': 2, 'min_samples_leaf': 2}. Best is trial 63 with value: 0.7059578966308309.
[I 2025-05-02 16:39:34,444] Trial 347 finished with value: 0.6968669875399217 and parameters: {'n_estimators': 143, 'max_depth': 10, 'min_samples_split': 2, 'min_samples_leaf': 2}. Best is trial 63 with value: 0.7059578966308309.
[I 2025-05-02 16:39:35,538] Trial 348 finished with value: 0.6968669875399217 and parameters: {'n_estimators': 138, 'max_depth': 10, 'min_samples_split': 2, 'min_samples_leaf': 2}. Best is trial 63 with value: 0.7059578966308309.
[I 2025-05-02 16:39:36,532] Trial 349 finished with value: 0.688588007736944 and parameters: {'n_estimators': 127, 'max_depth': 10, 'min_samples_split': 2, 'min_samples_leaf': 2}. Best is trial 63 with value: 0.7059578966308309.
[I 2025-05-02 16:39:37,508] Trial 350 finished with value: 0.6998268184067294 and parameters: {'n_estimators': 142, 'max_depth': 10, 'min_samples_split': 2, 'min_samples_leaf': 2}. Best is trial 63 with value: 0.7059578966308309.
[I 2025-05-02 16:39:38,802] Trial 351 finished with value: 0.6852104899930987 and parameters: {'n_estimators': 175, 'max_depth': 9, 'min_samples_split': 5, 'min_samples_leaf': 2}. Best is trial 63 with value: 0.7059578966308309.
[I 2025-05-02 16:39:39,748] Trial 352 finished with value: 0.6859974223225305 and parameters: {'n_estimators': 135, 'max_depth': 10, 'min_samples_split': 2, 'min_samples_leaf': 2}. Best is trial 63 with value: 0.7059578966308309.
[I 2025-05-02 16:39:40,636] Trial 353 finished with value: 0.6155572334642102 and parameters: {'n_estimators': 145, 'max_depth': 3, 'min_samples_split': 2, 'min_samples_leaf': 2}. Best is trial 63 with value: 0.7059578966308309.
[I 2025-05-02 16:39:41,612] Trial 354 finished with value: 0.7059578966308309 and parameters: {'n_estimators': 139, 'max_depth': 10, 'min_samples_split': 2, 'min_samples_leaf': 2}. Best is trial 63 with value: 0.7059578966308309.
[I 2025-05-02 16:39:42,556] Trial 355 finished with value: 0.7059578966308309 and parameters: {'n_estimators': 141, 'max_depth': 10, 'min_samples_split': 2, 'min_samples_leaf': 2}. Best is trial 63 with value: 0.7059578966308309.
[I 2025-05-02 16:39:43,578] Trial 356 finished with value: 0.6505200078622005 and parameters: {'n_estimators': 147, 'max_depth': 10, 'min_samples_split': 9, 'min_samples_leaf': 2}. Best is trial 63 with value: 0.7059578966308309.
[I 2025-05-02 16:39:44,524] Trial 357 finished with value: 0.6976084446643576 and parameters: {'n_estimators': 137, 'max_depth': 10, 'min_samples_split': 3, 'min_samples_leaf': 2}. Best is trial 63 with value: 0.7059578966308309.
[I 2025-05-02 16:39:45,432] Trial 358 finished with value: 0.6915478386037515 and parameters: {'n_estimators': 133, 'max_depth': 10, 'min_samples_split': 2, 'min_samples_leaf': 2}. Best is trial 63 with value: 0.7059578966308309.
[I 2025-05-02 16:39:46,426] Trial 359 finished with value: 0.6998268184067294 and parameters: {'n_estimators': 142, 'max_depth': 10, 'min_samples_split': 2, 'min_samples_leaf': 2}. Best is trial 63 with value: 0.7059578966308309.
[I 2025-05-02 16:39:47,443] Trial 360 finished with value: 0.6968669875399217 and parameters: {'n_estimators': 145, 'max_depth': 10, 'min_samples_split': 2, 'min_samples_leaf': 2}. Best is trial 63 with value: 0.7059578966308309.
[I 2025-05-02 16:39:48,515] Trial 361 finished with value: 0.6968669875399217 and parameters: {'n_estimators': 138, 'max_depth': 10, 'min_samples_split': 2, 'min_samples_leaf': 2}. Best is trial 63 with value: 0.7059578966308309.
[I 2025-05-02 16:39:49,543] Trial 362 finished with value: 0.6946464298775897 and parameters: {'n_estimators': 151, 'max_depth': 10, 'min_samples_split': 2, 'min_samples_leaf': 2}. Best is trial 63 with value: 0.7059578966308309.
[I 2025-05-02 16:39:50,532] Trial 363 finished with value: 0.7059578966308309 and parameters: {'n_estimators': 141, 'max_depth': 10, 'min_samples_split': 2, 'min_samples_leaf': 2}. Best is trial 63 with value: 0.7059578966308309.
[I 2025-05-02 16:39:51,480] Trial 364 finished with value: 0.6734978379192393 and parameters: {'n_estimators': 135, 'max_depth': 9, 'min_samples_split': 2, 'min_samples_leaf': 2}. Best is trial 63 with value: 0.7059578966308309.
[I 2025-05-02 16:39:52,708] Trial 365 finished with value: 0.6968669875399217 and parameters: {'n_estimators': 144, 'max_depth': 10, 'min_samples_split': 2, 'min_samples_leaf': 2}. Best is trial 63 with value: 0.7059578966308309.
[I 2025-05-02 16:39:53,694] Trial 366 finished with value: 0.7059578966308309 and parameters: {'n_estimators': 139, 'max_depth': 10, 'min_samples_split': 2, 'min_samples_leaf': 2}. Best is trial 63 with value: 0.7059578966308309.
[I 2025-05-02 16:39:54,704] Trial 367 finished with value: 0.6915478386037515 and parameters: {'n_estimators': 131, 'max_depth': 10, 'min_samples_split': 2, 'min_samples_leaf': 2}. Best is trial 63 with value: 0.7059578966308309.
[I 2025-05-02 16:39:55,529] Trial 368 finished with value: 0.6915478386037515 and parameters: {'n_estimators': 111, 'max_depth': 10, 'min_samples_split': 2, 'min_samples_leaf': 2}. Best is trial 63 with value: 0.7059578966308309.
[I 2025-05-02 16:39:56,607] Trial 369 finished with value: 0.7026020265473398 and parameters: {'n_estimators': 148, 'max_depth': 10, 'min_samples_split': 3, 'min_samples_leaf': 2}. Best is trial 63 with value: 0.7059578966308309.
[I 2025-05-02 16:39:57,655] Trial 370 finished with value: 0.6968669875399217 and parameters: {'n_estimators': 136, 'max_depth': 10, 'min_samples_split': 2, 'min_samples_leaf': 2}. Best is trial 63 with value: 0.7059578966308309.
[I 2025-05-02 16:39:58,909] Trial 371 finished with value: 0.6968669875399217 and parameters: {'n_estimators': 143, 'max_depth': 10, 'min_samples_split': 2, 'min_samples_leaf': 2}. Best is trial 63 with value: 0.7059578966308309.
[I 2025-05-02 16:40:00,149] Trial 372 finished with value: 0.6968669875399217 and parameters: {'n_estimators': 140, 'max_depth': 10, 'min_samples_split': 2, 'min_samples_leaf': 2}. Best is trial 63 with value: 0.7059578966308309.
[I 2025-05-02 16:40:01,263] Trial 373 finished with value: 0.6915478386037516 and parameters: {'n_estimators': 129, 'max_depth': 10, 'min_samples_split': 2, 'min_samples_leaf': 2}. Best is trial 63 with value: 0.7059578966308309.
[I 2025-05-02 16:40:02,335] Trial 374 finished with value: 0.7026020265473398 and parameters: {'n_estimators': 146, 'max_depth': 10, 'min_samples_split': 2, 'min_samples_leaf': 2}. Best is trial 63 with value: 0.7059578966308309.
[I 2025-05-02 16:40:03,284] Trial 375 finished with value: 0.6976084446643576 and parameters: {'n_estimators': 137, 'max_depth': 10, 'min_samples_split': 2, 'min_samples_leaf': 2}. Best is trial 63 with value: 0.7059578966308309.
