[I 2025-05-01 23:13:17,098] Trial 21 finished with value: 0.7160493827160493 and parameters: {'n_estimators': 263, 'max_depth': 4, 'learning_rate': 0.1378504577786015}. Best is trial 0 with value: 0.7283950617283951.
[I 2025-05-01 23:13:17,374] Trial 22 finished with value: 0.7160493827160493 and parameters: {'n_estimators': 271, 'max_depth': 3, 'learning_rate': 0.14074728382758286}. Best is trial 0 with value: 0.7283950617283951.
[I 2025-05-01 23:13:17,659] Trial 23 finished with value: 0.7283950617283951 and parameters: {'n_estimators': 242, 'max_depth': 4, 'learning_rate': 0.1878784583404266}. Best is trial 0 with value: 0.7283950617283951.
[I 2025-05-01 23:13:17,924] Trial 24 finished with value: 0.7037037037037037 and parameters: {'n_estimators': 236, 'max_depth': 4, 'learning_rate': 0.19349602448078473}. Best is trial 0 with value: 0.7283950617283951.
[I 2025-05-01 23:13:18,432] Trial 25 finished with value: 0.7037037037037037 and parameters: {'n_estimators': 211, 'max_depth': 5, 'learning_rate': 0.21769550507781005}. Best is trial 0 with value: 0.7283950617283951.
[I 2025-05-01 23:13:18,708] Trial 26 finished with value: 0.7098765432098766 and parameters: {'n_estimators': 280, 'max_depth': 3, 'learning_rate': 0.03548422920505931}. Best is trial 0 with value: 0.7283950617283951.
[I 2025-05-01 23:13:19,057] Trial 27 finished with value: 0.691358024691358 and parameters: {'n_estimators': 237, 'max_depth': 7, 'learning_rate': 0.08435549830222944}. Best is trial 0 with value: 0.7283950617283951.
[I 2025-05-01 23:13:19,255] Trial 28 finished with value: 0.7098765432098766 and parameters: {'n_estimators': 133, 'max_depth': 6, 'learning_rate': 0.178399792709893}. Best is trial 0 with value: 0.7283950617283951.
[I 2025-05-01 23:13:19,471] Trial 29 finished with value: 0.7098765432098766 and parameters: {'n_estimators': 106, 'max_depth': 8, 'learning_rate': 0.1202029628896959}. Best is trial 0 with value: 0.7283950617283951.
[I 2025-05-01 23:13:19,770] Trial 30 finished with value: 0.7098765432098766 and parameters: {'n_estimators': 281, 'max_depth': 4, 'learning_rate': 0.1522078973473631}. Best is trial 0 with value: 0.7283950617283951.
[I 2025-05-01 23:13:20,056] Trial 31 finished with value: 0.7345679012345679 and parameters: {'n_estimators': 250, 'max_depth': 4, 'learning_rate': 0.14988731074173264}. Best is trial 31 with value: 0.7345679012345679.
[I 2025-05-01 23:13:20,310] Trial 32 finished with value: 0.7037037037037037 and parameters: {'n_estimators': 267, 'max_depth': 3, 'learning_rate': 0.06707368220895643}. Best is trial 31 with value: 0.7345679012345679.
[I 2025-05-01 23:13:20,592] Trial 33 finished with value: 0.7098765432098766 and parameters: {'n_estimators': 223, 'max_depth': 5, 'learning_rate': 0.22882935285110712}. Best is trial 31 with value: 0.7345679012345679.
[I 2025-05-01 23:13:20,857] Trial 34 finished with value: 0.7345679012345679 and parameters: {'n_estimators': 241, 'max_depth': 4, 'learning_rate': 0.18101133659813362}. Best is trial 31 with value: 0.7345679012345679.
[I 2025-05-01 23:13:21,153] Trial 35 finished with value: 0.7160493827160493 and parameters: {'n_estimators': 240, 'max_depth': 5, 'learning_rate': 0.1824137057310694}. Best is trial 31 with value: 0.7345679012345679.
[I 2025-05-01 23:13:21,441] Trial 36 finished with value: 0.6851851851851852 and parameters: {'n_estimators': 211, 'max_depth': 9, 'learning_rate': 0.2421280808644352}. Best is trial 31 with value: 0.7345679012345679.
[I 2025-05-01 23:13:21,674] Trial 37 finished with value: 0.7222222222222222 and parameters: {'n_estimators': 156, 'max_depth': 10, 'learning_rate': 0.27597852311999616}. Best is trial 31 with value: 0.7345679012345679.
[I 2025-05-01 23:13:22,023] Trial 38 finished with value: 0.7222222222222222 and parameters: {'n_estimators': 180, 'max_depth': 8, 'learning_rate': 0.21356185449839246}. Best is trial 31 with value: 0.7345679012345679.
[I 2025-05-01 23:13:22,386] Trial 39 finished with value: 0.7098765432098766 and parameters: {'n_estimators': 291, 'max_depth': 4, 'learning_rate': 0.15528278567823262}. Best is trial 31 with value: 0.7345679012345679.
[I 2025-05-01 23:13:22,657] Trial 40 finished with value: 0.7098765432098766 and parameters: {'n_estimators': 197, 'max_depth': 5, 'learning_rate': 0.26772969128052926}. Best is trial 31 with value: 0.7345679012345679.
[I 2025-05-01 23:13:22,948] Trial 41 finished with value: 0.7098765432098766 and parameters: {'n_estimators': 255, 'max_depth': 4, 'learning_rate': 0.17713454824402636}. Best is trial 31 with value: 0.7345679012345679.
[I 2025-05-01 23:13:23,181] Trial 42 finished with value: 0.691358024691358 and parameters: {'n_estimators': 225, 'max_depth': 3, 'learning_rate': 0.16012495108204258}. Best is trial 31 with value: 0.7345679012345679.
[I 2025-05-01 23:13:23,463] Trial 43 finished with value: 0.7037037037037037 and parameters: {'n_estimators': 247, 'max_depth': 4, 'learning_rate': 0.12336387622933721}. Best is trial 31 with value: 0.7345679012345679.
[I 2025-05-01 23:13:23,726] Trial 44 finished with value: 0.7469135802469136 and parameters: {'n_estimators': 293, 'max_depth': 3, 'learning_rate': 0.19968984539879137}. Best is trial 44 with value: 0.7469135802469136.
[I 2025-05-01 23:13:23,980] Trial 45 finished with value: 0.6790123456790124 and parameters: {'n_estimators': 300, 'max_depth': 3, 'learning_rate': 0.20409695599687588}. Best is trial 44 with value: 0.7469135802469136.
[I 2025-05-01 23:13:24,203] Trial 46 finished with value: 0.7037037037037037 and parameters: {'n_estimators': 287, 'max_depth': 3, 'learning_rate': 0.24470197245956102}. Best is trial 44 with value: 0.7469135802469136.
[I 2025-05-01 23:13:24,365] Trial 47 finished with value: 0.7037037037037037 and parameters: {'n_estimators': 164, 'max_depth': 3, 'learning_rate': 0.1917608403304923}. Best is trial 44 with value: 0.7469135802469136.
[I 2025-05-01 23:13:24,657] Trial 48 finished with value: 0.7037037037037037 and parameters: {'n_estimators': 262, 'max_depth': 5, 'learning_rate': 0.2162108938024671}. Best is trial 44 with value: 0.7469135802469136.
[I 2025-05-01 23:13:24,941] Trial 49 finished with value: 0.7222222222222222 and parameters: {'n_estimators': 218, 'max_depth': 4, 'learning_rate': 0.053015270992660596}. Best is trial 44 with value: 0.7469135802469136.
[I 2025-05-01 23:13:25,189] Trial 50 finished with value: 0.7098765432098766 and parameters: {'n_estimators': 116, 'max_depth': 6, 'learning_rate': 0.032594306359844505}. Best is trial 44 with value: 0.7469135802469136.
[I 2025-05-01 23:13:25,488] Trial 51 finished with value: 0.7283950617283951 and parameters: {'n_estimators': 275, 'max_depth': 4, 'learning_rate': 0.1675887072636321}. Best is trial 44 with value: 0.7469135802469136.
[I 2025-05-01 23:13:25,790] Trial 52 finished with value: 0.7160493827160493 and parameters: {'n_estimators': 277, 'max_depth': 4, 'learning_rate': 0.14838196295210565}. Best is trial 44 with value: 0.7469135802469136.
[I 2025-05-01 23:13:26,043] Trial 53 finished with value: 0.6975308641975309 and parameters: {'n_estimators': 257, 'max_depth': 3, 'learning_rate': 0.16445587985192994}. Best is trial 44 with value: 0.7469135802469136.
[I 2025-05-01 23:13:26,358] Trial 54 finished with value: 0.7098765432098766 and parameters: {'n_estimators': 291, 'max_depth': 5, 'learning_rate': 0.20482194587041008}. Best is trial 44 with value: 0.7469135802469136.
[I 2025-05-01 23:13:26,631] Trial 55 finished with value: 0.7098765432098766 and parameters: {'n_estimators': 245, 'max_depth': 4, 'learning_rate': 0.18469192121332675}. Best is trial 44 with value: 0.7469135802469136.
[I 2025-05-01 23:13:27,136] Trial 56 finished with value: 0.6975308641975309 and parameters: {'n_estimators': 232, 'max_depth': 3, 'learning_rate': 0.1668945554172939}. Best is trial 44 with value: 0.7469135802469136.
[I 2025-05-01 23:13:27,431] Trial 57 finished with value: 0.7098765432098766 and parameters: {'n_estimators': 271, 'max_depth': 4, 'learning_rate': 0.23107385158130456}. Best is trial 44 with value: 0.7469135802469136.
[I 2025-05-01 23:13:27,801] Trial 58 finished with value: 0.7098765432098766 and parameters: {'n_estimators': 286, 'max_depth': 5, 'learning_rate': 0.09637334025495159}. Best is trial 44 with value: 0.7469135802469136.
[I 2025-05-01 23:13:28,139] Trial 59 finished with value: 0.691358024691358 and parameters: {'n_estimators': 255, 'max_depth': 6, 'learning_rate': 0.17282024816498848}. Best is trial 44 with value: 0.7469135802469136.
[I 2025-05-01 23:13:28,358] Trial 60 finished with value: 0.7160493827160493 and parameters: {'n_estimators': 206, 'max_depth': 3, 'learning_rate': 0.19989325498429683}. Best is trial 44 with value: 0.7469135802469136.
[I 2025-05-01 23:13:28,681] Trial 61 finished with value: 0.7283950617283951 and parameters: {'n_estimators': 272, 'max_depth': 4, 'learning_rate': 0.14299606731148082}. Best is trial 44 with value: 0.7469135802469136.
[I 2025-05-01 23:13:29,004] Trial 62 finished with value: 0.7222222222222222 and parameters: {'n_estimators': 265, 'max_depth': 4, 'learning_rate': 0.1328767237741464}. Best is trial 44 with value: 0.7469135802469136.
[I 2025-05-01 23:13:29,318] Trial 63 finished with value: 0.7345679012345679 and parameters: {'n_estimators': 274, 'max_depth': 4, 'learning_rate': 0.11601522902028033}. Best is trial 44 with value: 0.7469135802469136.
[I 2025-05-01 23:13:29,557] Trial 64 finished with value: 0.7160493827160493 and parameters: {'n_estimators': 173, 'max_depth': 4, 'learning_rate': 0.11622264022362128}. Best is trial 44 with value: 0.7469135802469136.
[I 2025-05-01 23:13:30,022] Trial 65 finished with value: 0.7037037037037037 and parameters: {'n_estimators': 294, 'max_depth': 7, 'learning_rate': 0.07650817636838157}. Best is trial 44 with value: 0.7469135802469136.
[I 2025-05-01 23:13:30,316] Trial 66 finished with value: 0.6975308641975309 and parameters: {'n_estimators': 242, 'max_depth': 5, 'learning_rate': 0.18561787204720953}. Best is trial 44 with value: 0.7469135802469136.
[I 2025-05-01 23:13:30,639] Trial 67 finished with value: 0.7160493827160493 and parameters: {'n_estimators': 284, 'max_depth': 4, 'learning_rate': 0.10903724092699807}. Best is trial 44 with value: 0.7469135802469136.
[I 2025-05-01 23:13:30,909] Trial 68 finished with value: 0.6975308641975309 and parameters: {'n_estimators': 276, 'max_depth': 3, 'learning_rate': 0.15901298911218856}. Best is trial 44 with value: 0.7469135802469136.
[I 2025-05-01 23:13:31,240] Trial 69 finished with value: 0.7283950617283951 and parameters: {'n_estimators': 253, 'max_depth': 5, 'learning_rate': 0.12925330374375765}. Best is trial 44 with value: 0.7469135802469136.
[I 2025-05-01 23:13:31,565] Trial 70 finished with value: 0.7222222222222222 and parameters: {'n_estimators': 261, 'max_depth': 4, 'learning_rate': 0.025267259604878828}. Best is trial 44 with value: 0.7469135802469136.
[I 2025-05-01 23:13:31,863] Trial 71 finished with value: 0.7098765432098766 and parameters: {'n_estimators': 271, 'max_depth': 4, 'learning_rate': 0.14611086346757443}. Best is trial 44 with value: 0.7469135802469136.
[I 2025-05-01 23:13:32,181] Trial 72 finished with value: 0.7098765432098766 and parameters: {'n_estimators': 295, 'max_depth': 4, 'learning_rate': 0.17123374341271327}. Best is trial 44 with value: 0.7469135802469136.
[I 2025-05-01 23:13:32,636] Trial 73 finished with value: 0.6975308641975309 and parameters: {'n_estimators': 267, 'max_depth': 8, 'learning_rate': 0.14282670132805064}. Best is trial 44 with value: 0.7469135802469136.
[I 2025-05-01 23:13:32,964] Trial 74 finished with value: 0.6975308641975309 and parameters: {'n_estimators': 280, 'max_depth': 4, 'learning_rate': 0.19409572643517112}. Best is trial 44 with value: 0.7469135802469136.
[I 2025-05-01 23:13:33,207] Trial 75 finished with value: 0.7098765432098766 and parameters: {'n_estimators': 234, 'max_depth': 3, 'learning_rate': 0.1536345272707919}. Best is trial 44 with value: 0.7469135802469136.
[I 2025-05-01 23:13:33,566] Trial 76 finished with value: 0.7037037037037037 and parameters: {'n_estimators': 274, 'max_depth': 9, 'learning_rate': 0.2114662507422651}. Best is trial 44 with value: 0.7469135802469136.
[I 2025-05-01 23:13:33,848] Trial 77 finished with value: 0.7098765432098766 and parameters: {'n_estimators': 248, 'max_depth': 4, 'learning_rate': 0.1781852034910971}. Best is trial 44 with value: 0.7469135802469136.
[I 2025-05-01 23:13:34,194] Trial 78 finished with value: 0.7098765432098766 and parameters: {'n_estimators': 288, 'max_depth': 5, 'learning_rate': 0.13887840534925616}. Best is trial 44 with value: 0.7469135802469136.
[I 2025-05-01 23:13:34,443] Trial 79 finished with value: 0.6975308641975309 and parameters: {'n_estimators': 261, 'max_depth': 3, 'learning_rate': 0.18760302120679898}. Best is trial 44 with value: 0.7469135802469136.
[I 2025-05-01 23:13:34,701] Trial 80 finished with value: 0.691358024691358 and parameters: {'n_estimators': 149, 'max_depth': 7, 'learning_rate': 0.08594311828763776}. Best is trial 44 with value: 0.7469135802469136.
[I 2025-05-01 23:13:35,014] Trial 81 finished with value: 0.7160493827160493 and parameters: {'n_estimators': 252, 'max_depth': 5, 'learning_rate': 0.10261575397673695}. Best is trial 44 with value: 0.7469135802469136.
[I 2025-05-01 23:13:35,346] Trial 82 finished with value: 0.7160493827160493 and parameters: {'n_estimators': 252, 'max_depth': 5, 'learning_rate': 0.13232839226337326}. Best is trial 44 with value: 0.7469135802469136.
[I 2025-05-01 23:13:35,700] Trial 83 finished with value: 0.7098765432098766 and parameters: {'n_estimators': 241, 'max_depth': 6, 'learning_rate': 0.12039562525861877}. Best is trial 44 with value: 0.7469135802469136.
[I 2025-05-01 23:13:35,996] Trial 84 finished with value: 0.7222222222222222 and parameters: {'n_estimators': 258, 'max_depth': 4, 'learning_rate': 0.1292797913078502}. Best is trial 44 with value: 0.7469135802469136.
[I 2025-05-01 23:13:36,315] Trial 85 finished with value: 0.7222222222222222 and parameters: {'n_estimators': 268, 'max_depth': 5, 'learning_rate': 0.1630263001361154}. Best is trial 44 with value: 0.7469135802469136.
[I 2025-05-01 23:13:36,648] Trial 86 finished with value: 0.7283950617283951 and parameters: {'n_estimators': 227, 'max_depth': 5, 'learning_rate': 0.06431815768787515}. Best is trial 44 with value: 0.7469135802469136.
[I 2025-05-01 23:13:37,046] Trial 87 finished with value: 0.7283950617283951 and parameters: {'n_estimators': 100, 'max_depth': 4, 'learning_rate': 0.1503518144721582}. Best is trial 44 with value: 0.7469135802469136.
[I 2025-05-01 23:13:37,521] Trial 88 finished with value: 0.7098765432098766 and parameters: {'n_estimators': 282, 'max_depth': 6, 'learning_rate': 0.043330564308249456}. Best is trial 44 with value: 0.7469135802469136.
[I 2025-05-01 23:13:37,827] Trial 89 finished with value: 0.7098765432098766 and parameters: {'n_estimators': 191, 'max_depth': 4, 'learning_rate': 0.22396104655229113}. Best is trial 44 with value: 0.7469135802469136.
[I 2025-05-01 23:13:38,154] Trial 90 finished with value: 0.7037037037037037 and parameters: {'n_estimators': 218, 'max_depth': 5, 'learning_rate': 0.17166796806383938}. Best is trial 44 with value: 0.7469135802469136.
[I 2025-05-01 23:13:38,557] Trial 91 finished with value: 0.7222222222222222 and parameters: {'n_estimators': 238, 'max_depth': 5, 'learning_rate': 0.06169232264039707}. Best is trial 44 with value: 0.7469135802469136.
[I 2025-05-01 23:13:38,949] Trial 92 finished with value: 0.7098765432098766 and parameters: {'n_estimators': 229, 'max_depth': 6, 'learning_rate': 0.04393124846976689}. Best is trial 44 with value: 0.7469135802469136.
[I 2025-05-01 23:13:39,239] Trial 93 finished with value: 0.7160493827160493 and parameters: {'n_estimators': 228, 'max_depth': 4, 'learning_rate': 0.05259808240344099}. Best is trial 44 with value: 0.7469135802469136.
[I 2025-05-01 23:13:39,429] Trial 94 finished with value: 0.7160493827160493 and parameters: {'n_estimators': 128, 'max_depth': 4, 'learning_rate': 0.07024316785076269}. Best is trial 44 with value: 0.7469135802469136.
[I 2025-05-01 23:13:39,681] Trial 95 finished with value: 0.7222222222222222 and parameters: {'n_estimators': 252, 'max_depth': 3, 'learning_rate': 0.013479594221781872}. Best is trial 44 with value: 0.7469135802469136.
[I 2025-05-01 23:13:39,933] Trial 96 finished with value: 0.7037037037037037 and parameters: {'n_estimators': 244, 'max_depth': 5, 'learning_rate': 0.19792376479414686}. Best is trial 44 with value: 0.7469135802469136.
[I 2025-05-01 23:13:40,204] Trial 97 finished with value: 0.7345679012345679 and parameters: {'n_estimators': 248, 'max_depth': 4, 'learning_rate': 0.12644903360765522}. Best is trial 44 with value: 0.7469135802469136.
[I 2025-05-01 23:13:40,530] Trial 98 finished with value: 0.7222222222222222 and parameters: {'n_estimators': 297, 'max_depth': 4, 'learning_rate': 0.11117380589507966}. Best is trial 44 with value: 0.7469135802469136.
[I 2025-05-01 23:13:40,792] Trial 99 finished with value: 0.6975308641975309 and parameters: {'n_estimators': 268, 'max_depth': 3, 'learning_rate': 0.12641194597041636}. Best is trial 44 with value: 0.7469135802469136.
Best params for XGBoost: {'n_estimators': 293, 'max_depth': 3, 'learning_rate': 0.19968984539879137}
Best model: XGBoost
01-05-2025 23:13:41 Retraining best model on original full dataset...
01-05-2025 23:13:41 ✅ Exported and logged final model to W&B as artifact: final_model_xgboost.pkl
Requirement already satisfied: wandb in c:\users\x-hp\anaconda3\lib\site-packages (0.19.8)
Requirement already satisfied: click!=8.0.0,>=7.1 in c:\users\x-hp\anaconda3\lib\site-packages (from wandb) (8.1.7)
Requirement already satisfied: docker-pycreds>=0.4.0 in c:\users\x-hp\anaconda3\lib\site-packages (from wandb) (0.4.0)
Requirement already satisfied: gitpython!=3.1.29,>=1.0.0 in c:\users\x-hp\anaconda3\lib\site-packages (from wandb) (3.1.43)
Requirement already satisfied: platformdirs in c:\users\x-hp\anaconda3\lib\site-packages (from wandb) (3.10.0)
Requirement already satisfied: protobuf!=4.21.0,!=5.28.0,<6,>=3.19.0 in c:\users\x-hp\anaconda3\lib\site-packages (from wandb) (4.25.3)
Requirement already satisfied: psutil>=5.0.0 in c:\users\x-hp\anaconda3\lib\site-packages (from wandb) (5.9.0)
Requirement already satisfied: pydantic<3,>=2.6 in c:\users\x-hp\anaconda3\lib\site-packages (from wandb) (2.8.2)
Requirement already satisfied: pyyaml in c:\users\x-hp\anaconda3\lib\site-packages (from wandb) (6.0.1)
Requirement already satisfied: requests<3,>=2.0.0 in c:\users\x-hp\anaconda3\lib\site-packages (from wandb) (2.32.3)
Requirement already satisfied: sentry-sdk>=2.0.0 in c:\users\x-hp\anaconda3\lib\site-packages (from wandb) (2.18.0)
Requirement already satisfied: setproctitle in c:\users\x-hp\anaconda3\lib\site-packages (from wandb) (1.3.5)
Requirement already satisfied: setuptools in c:\users\x-hp\anaconda3\lib\site-packages (from wandb) (75.1.0)
Requirement already satisfied: colorama in c:\users\x-hp\anaconda3\lib\site-packages (from click!=8.0.0,>=7.1->wandb) (0.4.6)
Requirement already satisfied: six>=1.4.0 in c:\users\x-hp\anaconda3\lib\site-packages (from docker-pycreds>=0.4.0->wandb) (1.17.0)
Requirement already satisfied: gitdb<5,>=4.0.1 in c:\users\x-hp\anaconda3\lib\site-packages (from gitpython!=3.1.29,>=1.0.0->wandb) (4.0.7)
Requirement already satisfied: annotated-types>=0.4.0 in c:\users\x-hp\anaconda3\lib\site-packages (from pydantic<3,>=2.6->wandb) (0.6.0)
Requirement already satisfied: pydantic-core==2.20.1 in c:\users\x-hp\anaconda3\lib\site-packages (from pydantic<3,>=2.6->wandb) (2.20.1)
Requirement already satisfied: typing-extensions>=4.6.1 in c:\users\x-hp\anaconda3\lib\site-packages (from pydantic<3,>=2.6->wandb) (4.11.0)
Requirement already satisfied: charset-normalizer<4,>=2 in c:\users\x-hp\anaconda3\lib\site-packages (from requests<3,>=2.0.0->wandb) (3.3.2)
Requirement already satisfied: idna<4,>=2.5 in c:\users\x-hp\anaconda3\lib\site-packages (from requests<3,>=2.0.0->wandb) (3.7)
Requirement already satisfied: urllib3<3,>=1.21.1 in c:\users\x-hp\anaconda3\lib\site-packages (from requests<3,>=2.0.0->wandb) (2.2.3)
Requirement already satisfied: certifi>=2017.4.17 in c:\users\x-hp\anaconda3\lib\site-packages (from requests<3,>=2.0.0->wandb) (2025.1.31)
Requirement already satisfied: smmap<5,>=3.0.1 in c:\users\x-hp\anaconda3\lib\site-packages (from gitdb<5,>=4.0.1->gitpython!=3.1.29,>=1.0.0->wandb) (4.0.0)
[34m[1mwandb[0m: [33mWARNING[0m Calling wandb.login() after wandb.init() has no effect.
01-05-2025 23:27:44 Downloading and reading train artifact
[34m[1mwandb[0m:   1 of 1 files downloaded.
01-05-2025 23:27:46 Spliting data into train/val
01-05-2025 23:27:46 x train: (375, 28)
01-05-2025 23:27:46 y train: (375,)
01-05-2025 23:27:46 x val: (162, 28)
01-05-2025 23:27:46 y val: (162,)
01-05-2025 23:27:46 Outlier Removal
01-05-2025 23:27:46 x_train shape [original]: (375, 28)
01-05-2025 23:27:46 x_train shape [outlier removal]: (357, 28)
01-05-2025 23:27:47 Data after SMOTE: (476, 28)
01-05-2025 23:27:47 [Logistic] Accuracy: 0.7469135802469136
01-05-2025 23:27:47 [Random Forest] Accuracy: 0.7222222222222222
c:\Users\x-hp\AppData\Local\Programs\Python\Python311\Lib\site-packages\xgboost\training.py:183: UserWarning: [23:27:47] WARNING: C:\actions-runner\_work\xgboost\xgboost\src\learner.cc:738:
Parameters: { "use_label_encoder" } are not used.

  bst.update(dtrain, iteration=i, fobj=obj)
01-05-2025 23:27:48 [XGBoost] Accuracy: 0.7222222222222222
                 Model  Accuracy
0  Logistic Regression  0.746914
1        Random Forest  0.722222
2              XGBoost  0.722222
[I 2025-05-01 23:27:52,421] A new study created in memory with name: no-name-77fd9985-5e0a-41ba-8ddb-e6552e1deb1f
