[I 2025-05-01 23:32:05,675] Trial 94 finished with value: 0.8697368421052631 and parameters: {'n_estimators': 179, 'max_depth': 9, 'learning_rate': 0.12027326172035163, 'subsample': 0.9354912940895914, 'colsample_bytree': 0.8079060304443633, 'gamma': 0.7379178148482408, 'min_child_weight': 1}. Best is trial 22 with value: 0.8760964912280702.
c:\Users\x-hp\AppData\Local\Programs\Python\Python311\Lib\site-packages\xgboost\training.py:183: UserWarning: [23:32:05] WARNING: C:\actions-runner\_work\xgboost\xgboost\src\learner.cc:738:
Parameters: { "use_label_encoder" } are not used.

  bst.update(dtrain, iteration=i, fobj=obj)
c:\Users\x-hp\AppData\Local\Programs\Python\Python311\Lib\site-packages\xgboost\training.py:183: UserWarning: [23:32:05] WARNING: C:\actions-runner\_work\xgboost\xgboost\src\learner.cc:738:
Parameters: { "use_label_encoder" } are not used.

  bst.update(dtrain, iteration=i, fobj=obj)
c:\Users\x-hp\AppData\Local\Programs\Python\Python311\Lib\site-packages\xgboost\training.py:183: UserWarning: [23:32:05] WARNING: C:\actions-runner\_work\xgboost\xgboost\src\learner.cc:738:
Parameters: { "use_label_encoder" } are not used.

  bst.update(dtrain, iteration=i, fobj=obj)
c:\Users\x-hp\AppData\Local\Programs\Python\Python311\Lib\site-packages\xgboost\training.py:183: UserWarning: [23:32:06] WARNING: C:\actions-runner\_work\xgboost\xgboost\src\learner.cc:738:
Parameters: { "use_label_encoder" } are not used.

  bst.update(dtrain, iteration=i, fobj=obj)
c:\Users\x-hp\AppData\Local\Programs\Python\Python311\Lib\site-packages\xgboost\training.py:183: UserWarning: [23:32:06] WARNING: C:\actions-runner\_work\xgboost\xgboost\src\learner.cc:738:
Parameters: { "use_label_encoder" } are not used.

  bst.update(dtrain, iteration=i, fobj=obj)
[I 2025-05-01 23:32:06,306] Trial 95 finished with value: 0.8592324561403508 and parameters: {'n_estimators': 162, 'max_depth': 9, 'learning_rate': 0.16610459830634516, 'subsample': 0.9599225103361447, 'colsample_bytree': 0.7776162226498615, 'gamma': 0.9085914810882255, 'min_child_weight': 1}. Best is trial 22 with value: 0.8760964912280702.
c:\Users\x-hp\AppData\Local\Programs\Python\Python311\Lib\site-packages\xgboost\training.py:183: UserWarning: [23:32:06] WARNING: C:\actions-runner\_work\xgboost\xgboost\src\learner.cc:738:
Parameters: { "use_label_encoder" } are not used.

  bst.update(dtrain, iteration=i, fobj=obj)
c:\Users\x-hp\AppData\Local\Programs\Python\Python311\Lib\site-packages\xgboost\training.py:183: UserWarning: [23:32:06] WARNING: C:\actions-runner\_work\xgboost\xgboost\src\learner.cc:738:
Parameters: { "use_label_encoder" } are not used.

  bst.update(dtrain, iteration=i, fobj=obj)
c:\Users\x-hp\AppData\Local\Programs\Python\Python311\Lib\site-packages\xgboost\training.py:183: UserWarning: [23:32:07] WARNING: C:\actions-runner\_work\xgboost\xgboost\src\learner.cc:738:
Parameters: { "use_label_encoder" } are not used.

  bst.update(dtrain, iteration=i, fobj=obj)
c:\Users\x-hp\AppData\Local\Programs\Python\Python311\Lib\site-packages\xgboost\training.py:183: UserWarning: [23:32:07] WARNING: C:\actions-runner\_work\xgboost\xgboost\src\learner.cc:738:
Parameters: { "use_label_encoder" } are not used.

  bst.update(dtrain, iteration=i, fobj=obj)
c:\Users\x-hp\AppData\Local\Programs\Python\Python311\Lib\site-packages\xgboost\training.py:183: UserWarning: [23:32:07] WARNING: C:\actions-runner\_work\xgboost\xgboost\src\learner.cc:738:
Parameters: { "use_label_encoder" } are not used.

  bst.update(dtrain, iteration=i, fobj=obj)
[I 2025-05-01 23:32:07,541] Trial 96 finished with value: 0.8760307017543859 and parameters: {'n_estimators': 209, 'max_depth': 8, 'learning_rate': 0.12934025317879536, 'subsample': 0.9447281884481931, 'colsample_bytree': 0.7177482639314924, 'gamma': 0.34717277039170985, 'min_child_weight': 1}. Best is trial 22 with value: 0.8760964912280702.
c:\Users\x-hp\AppData\Local\Programs\Python\Python311\Lib\site-packages\xgboost\training.py:183: UserWarning: [23:32:07] WARNING: C:\actions-runner\_work\xgboost\xgboost\src\learner.cc:738:
Parameters: { "use_label_encoder" } are not used.

  bst.update(dtrain, iteration=i, fobj=obj)
c:\Users\x-hp\AppData\Local\Programs\Python\Python311\Lib\site-packages\xgboost\training.py:183: UserWarning: [23:32:07] WARNING: C:\actions-runner\_work\xgboost\xgboost\src\learner.cc:738:
Parameters: { "use_label_encoder" } are not used.

  bst.update(dtrain, iteration=i, fobj=obj)
c:\Users\x-hp\AppData\Local\Programs\Python\Python311\Lib\site-packages\xgboost\training.py:183: UserWarning: [23:32:07] WARNING: C:\actions-runner\_work\xgboost\xgboost\src\learner.cc:738:
Parameters: { "use_label_encoder" } are not used.

  bst.update(dtrain, iteration=i, fobj=obj)
c:\Users\x-hp\AppData\Local\Programs\Python\Python311\Lib\site-packages\xgboost\training.py:183: UserWarning: [23:32:08] WARNING: C:\actions-runner\_work\xgboost\xgboost\src\learner.cc:738:
Parameters: { "use_label_encoder" } are not used.

  bst.update(dtrain, iteration=i, fobj=obj)
c:\Users\x-hp\AppData\Local\Programs\Python\Python311\Lib\site-packages\xgboost\training.py:183: UserWarning: [23:32:08] WARNING: C:\actions-runner\_work\xgboost\xgboost\src\learner.cc:738:
Parameters: { "use_label_encoder" } are not used.

  bst.update(dtrain, iteration=i, fobj=obj)
[I 2025-05-01 23:32:08,493] Trial 97 finished with value: 0.857171052631579 and parameters: {'n_estimators': 209, 'max_depth': 7, 'learning_rate': 0.1465206903037706, 'subsample': 0.9427506624911244, 'colsample_bytree': 0.6779350871897606, 'gamma': 0.36563879219648415, 'min_child_weight': 2}. Best is trial 22 with value: 0.8760964912280702.
c:\Users\x-hp\AppData\Local\Programs\Python\Python311\Lib\site-packages\xgboost\training.py:183: UserWarning: [23:32:08] WARNING: C:\actions-runner\_work\xgboost\xgboost\src\learner.cc:738:
Parameters: { "use_label_encoder" } are not used.

  bst.update(dtrain, iteration=i, fobj=obj)
c:\Users\x-hp\AppData\Local\Programs\Python\Python311\Lib\site-packages\xgboost\training.py:183: UserWarning: [23:32:08] WARNING: C:\actions-runner\_work\xgboost\xgboost\src\learner.cc:738:
Parameters: { "use_label_encoder" } are not used.

  bst.update(dtrain, iteration=i, fobj=obj)
c:\Users\x-hp\AppData\Local\Programs\Python\Python311\Lib\site-packages\xgboost\training.py:183: UserWarning: [23:32:09] WARNING: C:\actions-runner\_work\xgboost\xgboost\src\learner.cc:738:
Parameters: { "use_label_encoder" } are not used.

  bst.update(dtrain, iteration=i, fobj=obj)
c:\Users\x-hp\AppData\Local\Programs\Python\Python311\Lib\site-packages\xgboost\training.py:183: UserWarning: [23:32:09] WARNING: C:\actions-runner\_work\xgboost\xgboost\src\learner.cc:738:
Parameters: { "use_label_encoder" } are not used.

  bst.update(dtrain, iteration=i, fobj=obj)
c:\Users\x-hp\AppData\Local\Programs\Python\Python311\Lib\site-packages\xgboost\training.py:183: UserWarning: [23:32:09] WARNING: C:\actions-runner\_work\xgboost\xgboost\src\learner.cc:738:
Parameters: { "use_label_encoder" } are not used.

  bst.update(dtrain, iteration=i, fobj=obj)
[I 2025-05-01 23:32:09,572] Trial 98 finished with value: 0.8676754385964912 and parameters: {'n_estimators': 171, 'max_depth': 8, 'learning_rate': 0.10628097307905067, 'subsample': 0.9800243529888603, 'colsample_bytree': 0.7150581635519215, 'gamma': 0.5106104731212894, 'min_child_weight': 1}. Best is trial 22 with value: 0.8760964912280702.
c:\Users\x-hp\AppData\Local\Programs\Python\Python311\Lib\site-packages\xgboost\training.py:183: UserWarning: [23:32:09] WARNING: C:\actions-runner\_work\xgboost\xgboost\src\learner.cc:738:
Parameters: { "use_label_encoder" } are not used.

  bst.update(dtrain, iteration=i, fobj=obj)
c:\Users\x-hp\AppData\Local\Programs\Python\Python311\Lib\site-packages\xgboost\training.py:183: UserWarning: [23:32:09] WARNING: C:\actions-runner\_work\xgboost\xgboost\src\learner.cc:738:
Parameters: { "use_label_encoder" } are not used.

  bst.update(dtrain, iteration=i, fobj=obj)
c:\Users\x-hp\AppData\Local\Programs\Python\Python311\Lib\site-packages\xgboost\training.py:183: UserWarning: [23:32:09] WARNING: C:\actions-runner\_work\xgboost\xgboost\src\learner.cc:738:
Parameters: { "use_label_encoder" } are not used.

  bst.update(dtrain, iteration=i, fobj=obj)
c:\Users\x-hp\AppData\Local\Programs\Python\Python311\Lib\site-packages\xgboost\training.py:183: UserWarning: [23:32:10] WARNING: C:\actions-runner\_work\xgboost\xgboost\src\learner.cc:738:
Parameters: { "use_label_encoder" } are not used.

  bst.update(dtrain, iteration=i, fobj=obj)
c:\Users\x-hp\AppData\Local\Programs\Python\Python311\Lib\site-packages\xgboost\training.py:183: UserWarning: [23:32:10] WARNING: C:\actions-runner\_work\xgboost\xgboost\src\learner.cc:738:
Parameters: { "use_label_encoder" } are not used.

  bst.update(dtrain, iteration=i, fobj=obj)
[I 2025-05-01 23:32:10,397] Trial 99 finished with value: 0.8488157894736842 and parameters: {'n_estimators': 231, 'max_depth': 7, 'learning_rate': 0.14070708963023296, 'subsample': 0.928166099413663, 'colsample_bytree': 0.6869305218217027, 'gamma': 1.4403434396315058, 'min_child_weight': 2}. Best is trial 22 with value: 0.8760964912280702.
✅ Best XGBoost Parameters: {'n_estimators': 117, 'max_depth': 8, 'learning_rate': 0.16334865624436007, 'subsample': 0.9239199089668532, 'colsample_bytree': 0.763399102069695, 'gamma': 1.2878301473077314, 'min_child_weight': 1}
c:\Users\x-hp\AppData\Local\Programs\Python\Python311\Lib\site-packages\xgboost\training.py:183: UserWarning: [23:32:11] WARNING: C:\actions-runner\_work\xgboost\xgboost\src\learner.cc:738:
Parameters: { "use_label_encoder" } are not used.

  bst.update(dtrain, iteration=i, fobj=obj)
✅ Best model selected based on F1: RandomForest
01-05-2025 23:32:11 Retraining best model on original full dataset...
01-05-2025 23:32:11 ✅ Exported and logged final model to W&B as artifact: final_model_randomforest.pkl
Requirement already satisfied: wandb in c:\users\x-hp\anaconda3\lib\site-packages (0.19.8)
Requirement already satisfied: click!=8.0.0,>=7.1 in c:\users\x-hp\anaconda3\lib\site-packages (from wandb) (8.1.7)
Requirement already satisfied: docker-pycreds>=0.4.0 in c:\users\x-hp\anaconda3\lib\site-packages (from wandb) (0.4.0)
Requirement already satisfied: gitpython!=3.1.29,>=1.0.0 in c:\users\x-hp\anaconda3\lib\site-packages (from wandb) (3.1.43)
Requirement already satisfied: platformdirs in c:\users\x-hp\anaconda3\lib\site-packages (from wandb) (3.10.0)
Requirement already satisfied: protobuf!=4.21.0,!=5.28.0,<6,>=3.19.0 in c:\users\x-hp\anaconda3\lib\site-packages (from wandb) (4.25.3)
Requirement already satisfied: psutil>=5.0.0 in c:\users\x-hp\anaconda3\lib\site-packages (from wandb) (5.9.0)
Requirement already satisfied: pydantic<3,>=2.6 in c:\users\x-hp\anaconda3\lib\site-packages (from wandb) (2.8.2)
Requirement already satisfied: pyyaml in c:\users\x-hp\anaconda3\lib\site-packages (from wandb) (6.0.1)
Requirement already satisfied: requests<3,>=2.0.0 in c:\users\x-hp\anaconda3\lib\site-packages (from wandb) (2.32.3)
Requirement already satisfied: sentry-sdk>=2.0.0 in c:\users\x-hp\anaconda3\lib\site-packages (from wandb) (2.18.0)
Requirement already satisfied: setproctitle in c:\users\x-hp\anaconda3\lib\site-packages (from wandb) (1.3.5)
Requirement already satisfied: setuptools in c:\users\x-hp\anaconda3\lib\site-packages (from wandb) (75.1.0)
Requirement already satisfied: colorama in c:\users\x-hp\anaconda3\lib\site-packages (from click!=8.0.0,>=7.1->wandb) (0.4.6)
Requirement already satisfied: six>=1.4.0 in c:\users\x-hp\anaconda3\lib\site-packages (from docker-pycreds>=0.4.0->wandb) (1.17.0)
Requirement already satisfied: gitdb<5,>=4.0.1 in c:\users\x-hp\anaconda3\lib\site-packages (from gitpython!=3.1.29,>=1.0.0->wandb) (4.0.7)
Requirement already satisfied: annotated-types>=0.4.0 in c:\users\x-hp\anaconda3\lib\site-packages (from pydantic<3,>=2.6->wandb) (0.6.0)
Requirement already satisfied: pydantic-core==2.20.1 in c:\users\x-hp\anaconda3\lib\site-packages (from pydantic<3,>=2.6->wandb) (2.20.1)
Requirement already satisfied: typing-extensions>=4.6.1 in c:\users\x-hp\anaconda3\lib\site-packages (from pydantic<3,>=2.6->wandb) (4.11.0)
Requirement already satisfied: charset-normalizer<4,>=2 in c:\users\x-hp\anaconda3\lib\site-packages (from requests<3,>=2.0.0->wandb) (3.3.2)
Requirement already satisfied: idna<4,>=2.5 in c:\users\x-hp\anaconda3\lib\site-packages (from requests<3,>=2.0.0->wandb) (3.7)
Requirement already satisfied: urllib3<3,>=1.21.1 in c:\users\x-hp\anaconda3\lib\site-packages (from requests<3,>=2.0.0->wandb) (2.2.3)
Requirement already satisfied: certifi>=2017.4.17 in c:\users\x-hp\anaconda3\lib\site-packages (from requests<3,>=2.0.0->wandb) (2025.1.31)
Requirement already satisfied: smmap<5,>=3.0.1 in c:\users\x-hp\anaconda3\lib\site-packages (from gitdb<5,>=4.0.1->gitpython!=3.1.29,>=1.0.0->wandb) (4.0.0)
[34m[1mwandb[0m: [33mWARNING[0m Calling wandb.login() after wandb.init() has no effect.
01-05-2025 23:36:10 Downloading and reading train artifact
[34m[1mwandb[0m:   1 of 1 files downloaded.
01-05-2025 23:36:12 Spliting data into train/val
01-05-2025 23:36:12 x train: (375, 28)
01-05-2025 23:36:12 y train: (375,)
01-05-2025 23:36:12 x val: (162, 28)
01-05-2025 23:36:12 y val: (162,)
01-05-2025 23:36:12 Outlier Removal
01-05-2025 23:36:12 x_train shape [original]: (375, 28)
01-05-2025 23:36:12 x_train shape [outlier removal]: (357, 28)
01-05-2025 23:36:13 Data after SMOTE: (476, 28)
01-05-2025 23:36:14 [Logistic] Accuracy: 0.7469135802469136
01-05-2025 23:36:15 [Random Forest] Accuracy: 0.7222222222222222
c:\Users\x-hp\AppData\Local\Programs\Python\Python311\Lib\site-packages\xgboost\training.py:183: UserWarning: [23:36:15] WARNING: C:\actions-runner\_work\xgboost\xgboost\src\learner.cc:738:
Parameters: { "use_label_encoder" } are not used.

  bst.update(dtrain, iteration=i, fobj=obj)
01-05-2025 23:36:17 [XGBoost] Accuracy: 0.7222222222222222
                 Model  Accuracy
0  Logistic Regression  0.746914
1        Random Forest  0.722222
2              XGBoost  0.722222
[I 2025-05-01 23:36:20,816] A new study created in memory with name: no-name-4dc1d3ff-4cce-4f6a-8210-b6a60cbbb96d
[I 2025-05-01 23:36:24,483] Trial 0 finished with value: 0.8382675438596492 and parameters: {'n_estimators': 73, 'max_depth': 6, 'min_samples_split': 5, 'min_samples_leaf': 4}. Best is trial 0 with value: 0.8382675438596492.
[I 2025-05-01 23:36:26,410] Trial 1 finished with value: 0.7962280701754387 and parameters: {'n_estimators': 63, 'max_depth': 3, 'min_samples_split': 7, 'min_samples_leaf': 5}. Best is trial 0 with value: 0.8382675438596492.
[I 2025-05-01 23:36:28,453] Trial 2 finished with value: 0.7899122807017542 and parameters: {'n_estimators': 119, 'max_depth': 2, 'min_samples_split': 5, 'min_samples_leaf': 4}. Best is trial 0 with value: 0.8382675438596492.
[I 2025-05-01 23:36:32,460] Trial 3 finished with value: 0.7962061403508772 and parameters: {'n_estimators': 99, 'max_depth': 3, 'min_samples_split': 2, 'min_samples_leaf': 4}. Best is trial 0 with value: 0.8382675438596492.
[I 2025-05-01 23:36:37,992] Trial 4 finished with value: 0.8550219298245614 and parameters: {'n_estimators': 155, 'max_depth': 8, 'min_samples_split': 9, 'min_samples_leaf': 1}. Best is trial 4 with value: 0.8550219298245614.
[I 2025-05-01 23:36:41,476] Trial 5 finished with value: 0.8193421052631578 and parameters: {'n_estimators': 154, 'max_depth': 4, 'min_samples_split': 9, 'min_samples_leaf': 5}. Best is trial 4 with value: 0.8550219298245614.
[I 2025-05-01 23:36:43,373] Trial 6 finished with value: 0.8550657894736842 and parameters: {'n_estimators': 94, 'max_depth': 10, 'min_samples_split': 10, 'min_samples_leaf': 1}. Best is trial 6 with value: 0.8550657894736842.
[I 2025-05-01 23:36:44,453] Trial 7 finished with value: 0.8277412280701754 and parameters: {'n_estimators': 50, 'max_depth': 4, 'min_samples_split': 8, 'min_samples_leaf': 2}. Best is trial 6 with value: 0.8550657894736842.
[I 2025-05-01 23:36:48,232] Trial 8 finished with value: 0.8403289473684209 and parameters: {'n_estimators': 173, 'max_depth': 9, 'min_samples_split': 4, 'min_samples_leaf': 5}. Best is trial 6 with value: 0.8550657894736842.
[I 2025-05-01 23:36:51,841] Trial 9 finished with value: 0.7836184210526316 and parameters: {'n_estimators': 200, 'max_depth': 2, 'min_samples_split': 5, 'min_samples_leaf': 1}. Best is trial 6 with value: 0.8550657894736842.
[I 2025-05-01 23:36:53,839] Trial 10 finished with value: 0.8466666666666667 and parameters: {'n_estimators': 90, 'max_depth': 10, 'min_samples_split': 10, 'min_samples_leaf': 2}. Best is trial 6 with value: 0.8550657894736842.
[I 2025-05-01 23:36:56,878] Trial 11 finished with value: 0.8529605263157893 and parameters: {'n_estimators': 137, 'max_depth': 8, 'min_samples_split': 10, 'min_samples_leaf': 1}. Best is trial 6 with value: 0.8550657894736842.
[I 2025-05-01 23:36:59,087] Trial 12 finished with value: 0.8487719298245613 and parameters: {'n_estimators': 117, 'max_depth': 7, 'min_samples_split': 8, 'min_samples_leaf': 2}. Best is trial 6 with value: 0.8550657894736842.
[I 2025-05-01 23:37:04,442] Trial 13 finished with value: 0.8550657894736842 and parameters: {'n_estimators': 160, 'max_depth': 10, 'min_samples_split': 10, 'min_samples_leaf': 1}. Best is trial 6 with value: 0.8550657894736842.
[I 2025-05-01 23:37:08,976] Trial 14 finished with value: 0.8424561403508772 and parameters: {'n_estimators': 184, 'max_depth': 10, 'min_samples_split': 10, 'min_samples_leaf': 3}. Best is trial 6 with value: 0.8550657894736842.
[I 2025-05-01 23:37:12,200] Trial 15 finished with value: 0.8424780701754386 and parameters: {'n_estimators': 140, 'max_depth': 6, 'min_samples_split': 7, 'min_samples_leaf': 2}. Best is trial 6 with value: 0.8550657894736842.
[I 2025-05-01 23:37:14,368] Trial 16 finished with value: 0.8550438596491228 and parameters: {'n_estimators': 98, 'max_depth': 9, 'min_samples_split': 9, 'min_samples_leaf': 1}. Best is trial 6 with value: 0.8550657894736842.
[I 2025-05-01 23:37:17,812] Trial 17 finished with value: 0.8466666666666667 and parameters: {'n_estimators': 166, 'max_depth': 10, 'min_samples_split': 7, 'min_samples_leaf': 3}. Best is trial 6 with value: 0.8550657894736842.
[I 2025-05-01 23:37:21,006] Trial 18 finished with value: 0.8508552631578947 and parameters: {'n_estimators': 133, 'max_depth': 8, 'min_samples_split': 2, 'min_samples_leaf': 3}. Best is trial 6 with value: 0.8550657894736842.
[I 2025-05-01 23:37:22,765] Trial 19 finished with value: 0.8445614035087718 and parameters: {'n_estimators': 81, 'max_depth': 9, 'min_samples_split': 8, 'min_samples_leaf': 1}. Best is trial 6 with value: 0.8550657894736842.
[I 2025-05-01 23:37:25,108] Trial 20 finished with value: 0.8466666666666667 and parameters: {'n_estimators': 112, 'max_depth': 7, 'min_samples_split': 10, 'min_samples_leaf': 2}. Best is trial 6 with value: 0.8550657894736842.
[I 2025-05-01 23:37:27,339] Trial 21 finished with value: 0.8613377192982457 and parameters: {'n_estimators': 100, 'max_depth': 9, 'min_samples_split': 9, 'min_samples_leaf': 1}. Best is trial 21 with value: 0.8613377192982457.
[I 2025-05-01 23:37:29,170] Trial 22 finished with value: 0.8613157894736843 and parameters: {'n_estimators': 104, 'max_depth': 10, 'min_samples_split': 9, 'min_samples_leaf': 1}. Best is trial 21 with value: 0.8613377192982457.
[I 2025-05-01 23:37:31,111] Trial 23 finished with value: 0.8550438596491228 and parameters: {'n_estimators': 98, 'max_depth': 9, 'min_samples_split': 9, 'min_samples_leaf': 1}. Best is trial 21 with value: 0.8613377192982457.
[I 2025-05-01 23:37:33,144] Trial 24 finished with value: 0.8508333333333333 and parameters: {'n_estimators': 105, 'max_depth': 10, 'min_samples_split': 8, 'min_samples_leaf': 2}. Best is trial 21 with value: 0.8613377192982457.
[I 2025-05-01 23:37:34,766] Trial 25 finished with value: 0.8424122807017543 and parameters: {'n_estimators': 84, 'max_depth': 7, 'min_samples_split': 9, 'min_samples_leaf': 1}. Best is trial 21 with value: 0.8613377192982457.
[I 2025-05-01 23:37:36,099] Trial 26 finished with value: 0.8424342105263157 and parameters: {'n_estimators': 71, 'max_depth': 9, 'min_samples_split': 6, 'min_samples_leaf': 2}. Best is trial 21 with value: 0.8613377192982457.
[I 2025-05-01 23:37:38,792] Trial 27 finished with value: 0.8466008771929825 and parameters: {'n_estimators': 129, 'max_depth': 8, 'min_samples_split': 9, 'min_samples_leaf': 1}. Best is trial 21 with value: 0.8613377192982457.
[I 2025-05-01 23:37:40,610] Trial 28 finished with value: 0.8424999999999999 and parameters: {'n_estimators': 108, 'max_depth': 10, 'min_samples_split': 8, 'min_samples_leaf': 3}. Best is trial 21 with value: 0.8613377192982457.
[I 2025-05-01 23:37:41,951] Trial 29 finished with value: 0.831951754385965 and parameters: {'n_estimators': 71, 'max_depth': 5, 'min_samples_split': 6, 'min_samples_leaf': 1}. Best is trial 21 with value: 0.8613377192982457.
[I 2025-05-01 23:37:43,605] Trial 30 finished with value: 0.8445394736842105 and parameters: {'n_estimators': 90, 'max_depth': 9, 'min_samples_split': 3, 'min_samples_leaf': 2}. Best is trial 21 with value: 0.8613377192982457.
[I 2025-05-01 23:37:45,730] Trial 31 finished with value: 0.8571710526315789 and parameters: {'n_estimators': 123, 'max_depth': 10, 'min_samples_split': 10, 'min_samples_leaf': 1}. Best is trial 21 with value: 0.8613377192982457.
[I 2025-05-01 23:37:47,837] Trial 32 finished with value: 0.8571710526315789 and parameters: {'n_estimators': 121, 'max_depth': 10, 'min_samples_split': 10, 'min_samples_leaf': 1}. Best is trial 21 with value: 0.8613377192982457.
[I 2025-05-01 23:37:49,987] Trial 33 finished with value: 0.8550438596491228 and parameters: {'n_estimators': 120, 'max_depth': 9, 'min_samples_split': 9, 'min_samples_leaf': 1}. Best is trial 21 with value: 0.8613377192982457.
