[I 2025-05-01 23:37:52,107] Trial 34 finished with value: 0.8466666666666667 and parameters: {'n_estimators': 122, 'max_depth': 10, 'min_samples_split': 7, 'min_samples_leaf': 1}. Best is trial 21 with value: 0.8613377192982457.
[I 2025-05-01 23:37:54,484] Trial 35 finished with value: 0.8382456140350877 and parameters: {'n_estimators': 141, 'max_depth': 8, 'min_samples_split': 10, 'min_samples_leaf': 2}. Best is trial 21 with value: 0.8613377192982457.
[I 2025-05-01 23:37:56,995] Trial 36 finished with value: 0.8592543859649122 and parameters: {'n_estimators': 145, 'max_depth': 9, 'min_samples_split': 9, 'min_samples_leaf': 1}. Best is trial 21 with value: 0.8613377192982457.
[I 2025-05-01 23:37:59,393] Trial 37 finished with value: 0.8487280701754385 and parameters: {'n_estimators': 146, 'max_depth': 7, 'min_samples_split': 9, 'min_samples_leaf': 4}. Best is trial 21 with value: 0.8613377192982457.
[I 2025-05-01 23:38:02,218] Trial 38 finished with value: 0.8445614035087718 and parameters: {'n_estimators': 147, 'max_depth': 5, 'min_samples_split': 8, 'min_samples_leaf': 1}. Best is trial 21 with value: 0.8613377192982457.
[I 2025-05-01 23:38:04,542] Trial 39 finished with value: 0.8508771929824561 and parameters: {'n_estimators': 128, 'max_depth': 8, 'min_samples_split': 7, 'min_samples_leaf': 2}. Best is trial 21 with value: 0.8613377192982457.
[I 2025-05-01 23:38:06,354] Trial 40 finished with value: 0.8571491228070174 and parameters: {'n_estimators': 105, 'max_depth': 9, 'min_samples_split': 9, 'min_samples_leaf': 1}. Best is trial 21 with value: 0.8613377192982457.
[I 2025-05-01 23:38:08,573] Trial 41 finished with value: 0.8571710526315789 and parameters: {'n_estimators': 117, 'max_depth': 10, 'min_samples_split': 10, 'min_samples_leaf': 1}. Best is trial 21 with value: 0.8613377192982457.
[I 2025-05-01 23:38:11,128] Trial 42 finished with value: 0.8529824561403508 and parameters: {'n_estimators': 128, 'max_depth': 9, 'min_samples_split': 10, 'min_samples_leaf': 1}. Best is trial 21 with value: 0.8613377192982457.
[I 2025-05-01 23:38:13,052] Trial 43 finished with value: 0.8592324561403508 and parameters: {'n_estimators': 112, 'max_depth': 10, 'min_samples_split': 9, 'min_samples_leaf': 1}. Best is trial 21 with value: 0.8613377192982457.
[I 2025-05-01 23:38:15,157] Trial 44 finished with value: 0.8550219298245614 and parameters: {'n_estimators': 111, 'max_depth': 10, 'min_samples_split': 9, 'min_samples_leaf': 1}. Best is trial 21 with value: 0.8613377192982457.
[I 2025-05-01 23:38:16,238] Trial 45 finished with value: 0.8424780701754386 and parameters: {'n_estimators': 55, 'max_depth': 9, 'min_samples_split': 8, 'min_samples_leaf': 4}. Best is trial 21 with value: 0.8613377192982457.
[I 2025-05-01 23:38:17,927] Trial 46 finished with value: 0.8466008771929824 and parameters: {'n_estimators': 87, 'max_depth': 8, 'min_samples_split': 9, 'min_samples_leaf': 2}. Best is trial 21 with value: 0.8613377192982457.
[I 2025-05-01 23:38:19,683] Trial 47 finished with value: 0.8319298245614034 and parameters: {'n_estimators': 102, 'max_depth': 10, 'min_samples_split': 8, 'min_samples_leaf': 5}. Best is trial 21 with value: 0.8613377192982457.
[I 2025-05-01 23:38:22,792] Trial 48 finished with value: 0.8508771929824561 and parameters: {'n_estimators': 153, 'max_depth': 10, 'min_samples_split': 4, 'min_samples_leaf': 1}. Best is trial 21 with value: 0.8613377192982457.
[I 2025-05-01 23:38:24,906] Trial 49 finished with value: 0.8550438596491228 and parameters: {'n_estimators': 113, 'max_depth': 9, 'min_samples_split': 9, 'min_samples_leaf': 1}. Best is trial 21 with value: 0.8613377192982457.
[I 2025-05-01 23:38:26,197] Trial 50 finished with value: 0.7815350877192981 and parameters: {'n_estimators': 80, 'max_depth': 2, 'min_samples_split': 10, 'min_samples_leaf': 2}. Best is trial 21 with value: 0.8613377192982457.
[I 2025-05-01 23:38:28,442] Trial 51 finished with value: 0.8529824561403508 and parameters: {'n_estimators': 124, 'max_depth': 10, 'min_samples_split': 10, 'min_samples_leaf': 1}. Best is trial 21 with value: 0.8613377192982457.
[I 2025-05-01 23:38:30,189] Trial 52 finished with value: 0.8571710526315789 and parameters: {'n_estimators': 93, 'max_depth': 10, 'min_samples_split': 10, 'min_samples_leaf': 1}. Best is trial 21 with value: 0.8613377192982457.
[I 2025-05-01 23:38:33,046] Trial 53 finished with value: 0.8571710526315789 and parameters: {'n_estimators': 135, 'max_depth': 10, 'min_samples_split': 10, 'min_samples_leaf': 1}. Best is trial 21 with value: 0.8613377192982457.
[I 2025-05-01 23:38:34,951] Trial 54 finished with value: 0.7983114035087719 and parameters: {'n_estimators': 113, 'max_depth': 3, 'min_samples_split': 9, 'min_samples_leaf': 1}. Best is trial 21 with value: 0.8613377192982457.
[I 2025-05-01 23:38:37,533] Trial 55 finished with value: 0.8445833333333332 and parameters: {'n_estimators': 118, 'max_depth': 9, 'min_samples_split': 10, 'min_samples_leaf': 1}. Best is trial 21 with value: 0.8613377192982457.
[I 2025-05-01 23:38:39,290] Trial 56 finished with value: 0.8445833333333332 and parameters: {'n_estimators': 100, 'max_depth': 10, 'min_samples_split': 8, 'min_samples_leaf': 1}. Best is trial 21 with value: 0.8613377192982457.
[I 2025-05-01 23:38:41,632] Trial 57 finished with value: 0.8550657894736842 and parameters: {'n_estimators': 133, 'max_depth': 9, 'min_samples_split': 9, 'min_samples_leaf': 2}. Best is trial 21 with value: 0.8613377192982457.
[I 2025-05-01 23:38:44,998] Trial 58 finished with value: 0.8550438596491228 and parameters: {'n_estimators': 185, 'max_depth': 10, 'min_samples_split': 9, 'min_samples_leaf': 1}. Best is trial 21 with value: 0.8613377192982457.
[I 2025-05-01 23:38:47,208] Trial 59 finished with value: 0.8403508771929824 and parameters: {'n_estimators': 96, 'max_depth': 8, 'min_samples_split': 10, 'min_samples_leaf': 2}. Best is trial 21 with value: 0.8613377192982457.
[I 2025-05-01 23:38:48,993] Trial 60 finished with value: 0.8424342105263157 and parameters: {'n_estimators': 107, 'max_depth': 6, 'min_samples_split': 9, 'min_samples_leaf': 1}. Best is trial 21 with value: 0.8613377192982457.
[I 2025-05-01 23:38:51,061] Trial 61 finished with value: 0.8550877192982457 and parameters: {'n_estimators': 116, 'max_depth': 10, 'min_samples_split': 10, 'min_samples_leaf': 1}. Best is trial 21 with value: 0.8613377192982457.
[I 2025-05-01 23:38:53,360] Trial 62 finished with value: 0.8529824561403508 and parameters: {'n_estimators': 125, 'max_depth': 9, 'min_samples_split': 10, 'min_samples_leaf': 1}. Best is trial 21 with value: 0.8613377192982457.
[I 2025-05-01 23:38:55,440] Trial 63 finished with value: 0.8550877192982457 and parameters: {'n_estimators': 118, 'max_depth': 10, 'min_samples_split': 10, 'min_samples_leaf': 1}. Best is trial 21 with value: 0.8613377192982457.
[I 2025-05-01 23:38:58,574] Trial 64 finished with value: 0.8592543859649122 and parameters: {'n_estimators': 143, 'max_depth': 10, 'min_samples_split': 5, 'min_samples_leaf': 1}. Best is trial 21 with value: 0.8613377192982457.
[I 2025-05-01 23:39:01,725] Trial 65 finished with value: 0.8550438596491228 and parameters: {'n_estimators': 146, 'max_depth': 10, 'min_samples_split': 5, 'min_samples_leaf': 1}. Best is trial 21 with value: 0.8613377192982457.
[I 2025-05-01 23:39:04,199] Trial 66 finished with value: 0.8487719298245613 and parameters: {'n_estimators': 140, 'max_depth': 9, 'min_samples_split': 5, 'min_samples_leaf': 1}. Best is trial 21 with value: 0.8613377192982457.
[I 2025-05-01 23:39:07,074] Trial 67 finished with value: 0.8529605263157893 and parameters: {'n_estimators': 154, 'max_depth': 9, 'min_samples_split': 4, 'min_samples_leaf': 1}. Best is trial 21 with value: 0.8613377192982457.
[I 2025-05-01 23:39:09,891] Trial 68 finished with value: 0.8487938596491228 and parameters: {'n_estimators': 164, 'max_depth': 10, 'min_samples_split': 6, 'min_samples_leaf': 2}. Best is trial 21 with value: 0.8613377192982457.
[I 2025-05-01 23:39:12,273] Trial 69 finished with value: 0.8445833333333332 and parameters: {'n_estimators': 131, 'max_depth': 5, 'min_samples_split': 3, 'min_samples_leaf': 1}. Best is trial 21 with value: 0.8613377192982457.
[I 2025-05-01 23:39:14,160] Trial 70 finished with value: 0.8529166666666667 and parameters: {'n_estimators': 104, 'max_depth': 10, 'min_samples_split': 6, 'min_samples_leaf': 1}. Best is trial 21 with value: 0.8613377192982457.
[I 2025-05-01 23:39:16,133] Trial 71 finished with value: 0.8529824561403508 and parameters: {'n_estimators': 110, 'max_depth': 10, 'min_samples_split': 4, 'min_samples_leaf': 1}. Best is trial 21 with value: 0.8613377192982457.
[I 2025-05-01 23:39:18,266] Trial 72 finished with value: 0.8529385964912282 and parameters: {'n_estimators': 123, 'max_depth': 9, 'min_samples_split': 9, 'min_samples_leaf': 1}. Best is trial 21 with value: 0.8613377192982457.
[I 2025-05-01 23:39:20,682] Trial 73 finished with value: 0.8571710526315789 and parameters: {'n_estimators': 137, 'max_depth': 10, 'min_samples_split': 10, 'min_samples_leaf': 1}. Best is trial 21 with value: 0.8613377192982457.
[I 2025-05-01 23:39:22,614] Trial 74 finished with value: 0.8571271929824562 and parameters: {'n_estimators': 115, 'max_depth': 10, 'min_samples_split': 9, 'min_samples_leaf': 1}. Best is trial 21 with value: 0.8613377192982457.
[I 2025-05-01 23:39:25,239] Trial 75 finished with value: 0.8466666666666667 and parameters: {'n_estimators': 149, 'max_depth': 9, 'min_samples_split': 7, 'min_samples_leaf': 1}. Best is trial 21 with value: 0.8613377192982457.
[I 2025-05-01 23:39:27,889] Trial 76 finished with value: 0.8487938596491228 and parameters: {'n_estimators': 158, 'max_depth': 10, 'min_samples_split': 8, 'min_samples_leaf': 1}. Best is trial 21 with value: 0.8613377192982457.
[I 2025-05-01 23:39:30,545] Trial 77 finished with value: 0.8508771929824561 and parameters: {'n_estimators': 142, 'max_depth': 9, 'min_samples_split': 10, 'min_samples_leaf': 2}. Best is trial 21 with value: 0.8613377192982457.
[I 2025-05-01 23:39:32,672] Trial 78 finished with value: 0.8466447368421053 and parameters: {'n_estimators': 126, 'max_depth': 8, 'min_samples_split': 9, 'min_samples_leaf': 3}. Best is trial 21 with value: 0.8613377192982457.
[I 2025-05-01 23:39:34,775] Trial 79 finished with value: 0.8487500000000001 and parameters: {'n_estimators': 121, 'max_depth': 10, 'min_samples_split': 8, 'min_samples_leaf': 1}. Best is trial 21 with value: 0.8613377192982457.
[I 2025-05-01 23:39:36,658] Trial 80 finished with value: 0.8592324561403508 and parameters: {'n_estimators': 92, 'max_depth': 10, 'min_samples_split': 9, 'min_samples_leaf': 1}. Best is trial 21 with value: 0.8613377192982457.
[I 2025-05-01 23:39:38,238] Trial 81 finished with value: 0.8592324561403508 and parameters: {'n_estimators': 90, 'max_depth': 10, 'min_samples_split': 9, 'min_samples_leaf': 1}. Best is trial 21 with value: 0.8613377192982457.
[I 2025-05-01 23:39:39,909] Trial 82 finished with value: 0.8571271929824562 and parameters: {'n_estimators': 91, 'max_depth': 10, 'min_samples_split': 9, 'min_samples_leaf': 1}. Best is trial 21 with value: 0.8613377192982457.
[I 2025-05-01 23:39:41,213] Trial 83 finished with value: 0.8634429824561403 and parameters: {'n_estimators': 76, 'max_depth': 10, 'min_samples_split': 9, 'min_samples_leaf': 1}. Best is trial 83 with value: 0.8634429824561403.
[I 2025-05-01 23:39:42,573] Trial 84 finished with value: 0.8487719298245613 and parameters: {'n_estimators': 77, 'max_depth': 9, 'min_samples_split': 8, 'min_samples_leaf': 1}. Best is trial 83 with value: 0.8634429824561403.
[I 2025-05-01 23:39:44,052] Trial 85 finished with value: 0.8613377192982457 and parameters: {'n_estimators': 87, 'max_depth': 10, 'min_samples_split': 9, 'min_samples_leaf': 1}. Best is trial 83 with value: 0.8634429824561403.
[I 2025-05-01 23:39:45,287] Trial 86 finished with value: 0.8445833333333332 and parameters: {'n_estimators': 68, 'max_depth': 10, 'min_samples_split': 8, 'min_samples_leaf': 1}. Best is trial 83 with value: 0.8634429824561403.
[I 2025-05-01 23:39:46,857] Trial 87 finished with value: 0.8613377192982457 and parameters: {'n_estimators': 86, 'max_depth': 10, 'min_samples_split': 9, 'min_samples_leaf': 1}. Best is trial 83 with value: 0.8634429824561403.
[I 2025-05-01 23:39:48,311] Trial 88 finished with value: 0.8424561403508772 and parameters: {'n_estimators': 84, 'max_depth': 9, 'min_samples_split': 8, 'min_samples_leaf': 1}. Best is trial 83 with value: 0.8634429824561403.
[I 2025-05-01 23:39:49,709] Trial 89 finished with value: 0.8424122807017543 and parameters: {'n_estimators': 63, 'max_depth': 10, 'min_samples_split': 9, 'min_samples_leaf': 2}. Best is trial 83 with value: 0.8634429824561403.
[I 2025-05-01 23:39:51,011] Trial 90 finished with value: 0.8571491228070174 and parameters: {'n_estimators': 74, 'max_depth': 9, 'min_samples_split': 9, 'min_samples_leaf': 1}. Best is trial 83 with value: 0.8634429824561403.
[I 2025-05-01 23:39:52,563] Trial 91 finished with value: 0.8613377192982457 and parameters: {'n_estimators': 87, 'max_depth': 10, 'min_samples_split': 9, 'min_samples_leaf': 1}. Best is trial 83 with value: 0.8634429824561403.
[I 2025-05-01 23:39:54,127] Trial 92 finished with value: 0.8613377192982457 and parameters: {'n_estimators': 87, 'max_depth': 10, 'min_samples_split': 9, 'min_samples_leaf': 1}. Best is trial 83 with value: 0.8634429824561403.
[I 2025-05-01 23:39:55,938] Trial 93 finished with value: 0.8424342105263157 and parameters: {'n_estimators': 87, 'max_depth': 10, 'min_samples_split': 9, 'min_samples_leaf': 4}. Best is trial 83 with value: 0.8634429824561403.
[I 2025-05-01 23:39:57,434] Trial 94 finished with value: 0.861359649122807 and parameters: {'n_estimators': 82, 'max_depth': 10, 'min_samples_split': 9, 'min_samples_leaf': 1}. Best is trial 83 with value: 0.8634429824561403.
[I 2025-05-01 23:39:58,865] Trial 95 finished with value: 0.8613596491228069 and parameters: {'n_estimators': 81, 'max_depth': 10, 'min_samples_split': 9, 'min_samples_leaf': 1}. Best is trial 83 with value: 0.8634429824561403.
[I 2025-05-01 23:40:00,453] Trial 96 finished with value: 0.8613596491228069 and parameters: {'n_estimators': 81, 'max_depth': 10, 'min_samples_split': 9, 'min_samples_leaf': 1}. Best is trial 83 with value: 0.8634429824561403.
[I 2025-05-01 23:40:02,086] Trial 97 finished with value: 0.8487500000000001 and parameters: {'n_estimators': 79, 'max_depth': 10, 'min_samples_split': 8, 'min_samples_leaf': 1}. Best is trial 83 with value: 0.8634429824561403.
[I 2025-05-01 23:40:03,806] Trial 98 finished with value: 0.8634649122807018 and parameters: {'n_estimators': 83, 'max_depth': 10, 'min_samples_split': 9, 'min_samples_leaf': 1}. Best is trial 98 with value: 0.8634649122807018.
[I 2025-05-01 23:40:05,607] Trial 99 finished with value: 0.8487280701754386 and parameters: {'n_estimators': 85, 'max_depth': 7, 'min_samples_split': 9, 'min_samples_leaf': 1}. Best is trial 98 with value: 0.8634649122807018.
✅ Best Random Forest Parameters: {'n_estimators': 83, 'max_depth': 10, 'min_samples_split': 9, 'min_samples_leaf': 1}
[I 2025-05-01 23:40:05,608] A new study created in memory with name: no-name-c844028f-5021-4b08-9ae7-e416ac025175
c:\Users\x-hp\AppData\Local\Programs\Python\Python311\Lib\site-packages\xgboost\training.py:183: UserWarning: [23:40:05] WARNING: C:\actions-runner\_work\xgboost\xgboost\src\learner.cc:738:
Parameters: { "use_label_encoder" } are not used.

  bst.update(dtrain, iteration=i, fobj=obj)
c:\Users\x-hp\AppData\Local\Programs\Python\Python311\Lib\site-packages\xgboost\training.py:183: UserWarning: [23:40:05] WARNING: C:\actions-runner\_work\xgboost\xgboost\src\learner.cc:738:
Parameters: { "use_label_encoder" } are not used.

  bst.update(dtrain, iteration=i, fobj=obj)
c:\Users\x-hp\AppData\Local\Programs\Python\Python311\Lib\site-packages\xgboost\training.py:183: UserWarning: [23:40:05] WARNING: C:\actions-runner\_work\xgboost\xgboost\src\learner.cc:738:
Parameters: { "use_label_encoder" } are not used.

  bst.update(dtrain, iteration=i, fobj=obj)
c:\Users\x-hp\AppData\Local\Programs\Python\Python311\Lib\site-packages\xgboost\training.py:183: UserWarning: [23:40:06] WARNING: C:\actions-runner\_work\xgboost\xgboost\src\learner.cc:738:
Parameters: { "use_label_encoder" } are not used.

  bst.update(dtrain, iteration=i, fobj=obj)
c:\Users\x-hp\AppData\Local\Programs\Python\Python311\Lib\site-packages\xgboost\training.py:183: UserWarning: [23:40:06] WARNING: C:\actions-runner\_work\xgboost\xgboost\src\learner.cc:738:
Parameters: { "use_label_encoder" } are not used.

  bst.update(dtrain, iteration=i, fobj=obj)
[I 2025-05-01 23:40:06,267] Trial 0 finished with value: 0.8361184210526315 and parameters: {'n_estimators': 117, 'max_depth': 8, 'learning_rate': 0.141781349338635, 'subsample': 0.7564905103397797, 'colsample_bytree': 0.8276723890747341, 'gamma': 3.798656373873024, 'min_child_weight': 6}. Best is trial 0 with value: 0.8361184210526315.
c:\Users\x-hp\AppData\Local\Programs\Python\Python311\Lib\site-packages\xgboost\training.py:183: UserWarning: [23:40:06] WARNING: C:\actions-runner\_work\xgboost\xgboost\src\learner.cc:738:
Parameters: { "use_label_encoder" } are not used.

  bst.update(dtrain, iteration=i, fobj=obj)
c:\Users\x-hp\AppData\Local\Programs\Python\Python311\Lib\site-packages\xgboost\training.py:183: UserWarning: [23:40:06] WARNING: C:\actions-runner\_work\xgboost\xgboost\src\learner.cc:738:
Parameters: { "use_label_encoder" } are not used.

  bst.update(dtrain, iteration=i, fobj=obj)
c:\Users\x-hp\AppData\Local\Programs\Python\Python311\Lib\site-packages\xgboost\training.py:183: UserWarning: [23:40:06] WARNING: C:\actions-runner\_work\xgboost\xgboost\src\learner.cc:738:
Parameters: { "use_label_encoder" } are not used.

  bst.update(dtrain, iteration=i, fobj=obj)
c:\Users\x-hp\AppData\Local\Programs\Python\Python311\Lib\site-packages\xgboost\training.py:183: UserWarning: [23:40:07] WARNING: C:\actions-runner\_work\xgboost\xgboost\src\learner.cc:738:
Parameters: { "use_label_encoder" } are not used.

  bst.update(dtrain, iteration=i, fobj=obj)
c:\Users\x-hp\AppData\Local\Programs\Python\Python311\Lib\site-packages\xgboost\training.py:183: UserWarning: [23:40:07] WARNING: C:\actions-runner\_work\xgboost\xgboost\src\learner.cc:738:
Parameters: { "use_label_encoder" } are not used.

  bst.update(dtrain, iteration=i, fobj=obj)
[I 2025-05-01 23:40:07,587] Trial 1 finished with value: 0.8340570175438596 and parameters: {'n_estimators': 240, 'max_depth': 10, 'learning_rate': 0.0281561469675563, 'subsample': 0.6837665753607125, 'colsample_bytree': 0.6632564102842993, 'gamma': 1.3595903061752024, 'min_child_weight': 6}. Best is trial 0 with value: 0.8361184210526315.
c:\Users\x-hp\AppData\Local\Programs\Python\Python311\Lib\site-packages\xgboost\training.py:183: UserWarning: [23:40:07] WARNING: C:\actions-runner\_work\xgboost\xgboost\src\learner.cc:738:
Parameters: { "use_label_encoder" } are not used.

  bst.update(dtrain, iteration=i, fobj=obj)
c:\Users\x-hp\AppData\Local\Programs\Python\Python311\Lib\site-packages\xgboost\training.py:183: UserWarning: [23:40:07] WARNING: C:\actions-runner\_work\xgboost\xgboost\src\learner.cc:738:
Parameters: { "use_label_encoder" } are not used.

  bst.update(dtrain, iteration=i, fobj=obj)
c:\Users\x-hp\AppData\Local\Programs\Python\Python311\Lib\site-packages\xgboost\training.py:183: UserWarning: [23:40:08] WARNING: C:\actions-runner\_work\xgboost\xgboost\src\learner.cc:738:
Parameters: { "use_label_encoder" } are not used.

  bst.update(dtrain, iteration=i, fobj=obj)
c:\Users\x-hp\AppData\Local\Programs\Python\Python311\Lib\site-packages\xgboost\training.py:183: UserWarning: [23:40:08] WARNING: C:\actions-runner\_work\xgboost\xgboost\src\learner.cc:738:
Parameters: { "use_label_encoder" } are not used.

  bst.update(dtrain, iteration=i, fobj=obj)
c:\Users\x-hp\AppData\Local\Programs\Python\Python311\Lib\site-packages\xgboost\training.py:183: UserWarning: [23:40:08] WARNING: C:\actions-runner\_work\xgboost\xgboost\src\learner.cc:738:
Parameters: { "use_label_encoder" } are not used.

  bst.update(dtrain, iteration=i, fobj=obj)
