[I 2025-05-01 22:50:00,240] Trial 49 finished with value: 0.7160493827160493 and parameters: {'n_estimators': 232, 'max_depth': 10, 'learning_rate': 0.25367317489773733}. Best is trial 40 with value: 0.7530864197530864.
Best params for XGBoost: {'n_estimators': 218, 'max_depth': 3, 'learning_rate': 0.29837475808045516}
Best model: XGBoost
01-05-2025 22:50:00 Retraining best model on original full dataset...
01-05-2025 22:50:01 ✅ Exported and logged final model to W&B as artifact: final_model_xgboost.pkl
Requirement already satisfied: wandb in c:\users\x-hp\anaconda3\lib\site-packages (0.19.8)
Requirement already satisfied: click!=8.0.0,>=7.1 in c:\users\x-hp\anaconda3\lib\site-packages (from wandb) (8.1.7)
Requirement already satisfied: docker-pycreds>=0.4.0 in c:\users\x-hp\anaconda3\lib\site-packages (from wandb) (0.4.0)
Requirement already satisfied: gitpython!=3.1.29,>=1.0.0 in c:\users\x-hp\anaconda3\lib\site-packages (from wandb) (3.1.43)
Requirement already satisfied: platformdirs in c:\users\x-hp\anaconda3\lib\site-packages (from wandb) (3.10.0)
Requirement already satisfied: protobuf!=4.21.0,!=5.28.0,<6,>=3.19.0 in c:\users\x-hp\anaconda3\lib\site-packages (from wandb) (4.25.3)
Requirement already satisfied: psutil>=5.0.0 in c:\users\x-hp\anaconda3\lib\site-packages (from wandb) (5.9.0)
Requirement already satisfied: pydantic<3,>=2.6 in c:\users\x-hp\anaconda3\lib\site-packages (from wandb) (2.8.2)
Requirement already satisfied: pyyaml in c:\users\x-hp\anaconda3\lib\site-packages (from wandb) (6.0.1)
Requirement already satisfied: requests<3,>=2.0.0 in c:\users\x-hp\anaconda3\lib\site-packages (from wandb) (2.32.3)
Requirement already satisfied: sentry-sdk>=2.0.0 in c:\users\x-hp\anaconda3\lib\site-packages (from wandb) (2.18.0)
Requirement already satisfied: setproctitle in c:\users\x-hp\anaconda3\lib\site-packages (from wandb) (1.3.5)
Requirement already satisfied: setuptools in c:\users\x-hp\anaconda3\lib\site-packages (from wandb) (75.1.0)
Requirement already satisfied: colorama in c:\users\x-hp\anaconda3\lib\site-packages (from click!=8.0.0,>=7.1->wandb) (0.4.6)
Requirement already satisfied: six>=1.4.0 in c:\users\x-hp\anaconda3\lib\site-packages (from docker-pycreds>=0.4.0->wandb) (1.17.0)
Requirement already satisfied: gitdb<5,>=4.0.1 in c:\users\x-hp\anaconda3\lib\site-packages (from gitpython!=3.1.29,>=1.0.0->wandb) (4.0.7)
Requirement already satisfied: annotated-types>=0.4.0 in c:\users\x-hp\anaconda3\lib\site-packages (from pydantic<3,>=2.6->wandb) (0.6.0)
Requirement already satisfied: pydantic-core==2.20.1 in c:\users\x-hp\anaconda3\lib\site-packages (from pydantic<3,>=2.6->wandb) (2.20.1)
Requirement already satisfied: typing-extensions>=4.6.1 in c:\users\x-hp\anaconda3\lib\site-packages (from pydantic<3,>=2.6->wandb) (4.11.0)
Requirement already satisfied: charset-normalizer<4,>=2 in c:\users\x-hp\anaconda3\lib\site-packages (from requests<3,>=2.0.0->wandb) (3.3.2)
Requirement already satisfied: idna<4,>=2.5 in c:\users\x-hp\anaconda3\lib\site-packages (from requests<3,>=2.0.0->wandb) (3.7)
Requirement already satisfied: urllib3<3,>=1.21.1 in c:\users\x-hp\anaconda3\lib\site-packages (from requests<3,>=2.0.0->wandb) (2.2.3)
Requirement already satisfied: certifi>=2017.4.17 in c:\users\x-hp\anaconda3\lib\site-packages (from requests<3,>=2.0.0->wandb) (2025.1.31)
Requirement already satisfied: smmap<5,>=3.0.1 in c:\users\x-hp\anaconda3\lib\site-packages (from gitdb<5,>=4.0.1->gitpython!=3.1.29,>=1.0.0->wandb) (4.0.0)
[34m[1mwandb[0m: [33mWARNING[0m Calling wandb.login() after wandb.init() has no effect.
01-05-2025 22:52:49 Downloading and reading train artifact
[34m[1mwandb[0m:   1 of 1 files downloaded.
01-05-2025 22:52:51 Spliting data into train/val
01-05-2025 22:52:51 x train: (375, 28)
01-05-2025 22:52:51 y train: (375,)
01-05-2025 22:52:51 x val: (162, 28)
01-05-2025 22:52:51 y val: (162,)
01-05-2025 22:52:52 Outlier Removal
01-05-2025 22:52:52 x_train shape [original]: (375, 28)
01-05-2025 22:52:52 x_train shape [outlier removal]: (357, 28)
01-05-2025 22:52:52 Data after SMOTE: (476, 28)
01-05-2025 22:52:52 [Logistic] Accuracy: 0.7469135802469136
01-05-2025 22:52:53 [Random Forest] Accuracy: 0.7222222222222222
c:\Users\x-hp\AppData\Local\Programs\Python\Python311\Lib\site-packages\xgboost\training.py:183: UserWarning: [22:52:53] WARNING: C:\actions-runner\_work\xgboost\xgboost\src\learner.cc:738:
Parameters: { "use_label_encoder" } are not used.

  bst.update(dtrain, iteration=i, fobj=obj)
01-05-2025 22:52:53 [XGBoost] Accuracy: 0.7222222222222222
                 Model  Accuracy
0  Logistic Regression  0.746914
1        Random Forest  0.722222
2              XGBoost  0.722222
Tuning RandomForest with Optuna...
[I 2025-05-01 22:52:55,110] A new study created in memory with name: no-name-33d3d127-bbfc-4a4a-ba81-264fd7954f02
[I 2025-05-01 22:52:55,780] Trial 0 finished with value: 0.7037037037037037 and parameters: {'n_estimators': 133, 'max_depth': 13, 'min_samples_split': 10}. Best is trial 0 with value: 0.7037037037037037.
[I 2025-05-01 22:52:56,373] Trial 1 finished with value: 0.7160493827160493 and parameters: {'n_estimators': 111, 'max_depth': 13, 'min_samples_split': 3}. Best is trial 1 with value: 0.7160493827160493.
[I 2025-05-01 22:52:56,805] Trial 2 finished with value: 0.7037037037037037 and parameters: {'n_estimators': 182, 'max_depth': 17, 'min_samples_split': 5}. Best is trial 1 with value: 0.7160493827160493.
[I 2025-05-01 22:52:57,200] Trial 3 finished with value: 0.6851851851851852 and parameters: {'n_estimators': 195, 'max_depth': 5, 'min_samples_split': 7}. Best is trial 1 with value: 0.7160493827160493.
[I 2025-05-01 22:52:57,395] Trial 4 finished with value: 0.7222222222222222 and parameters: {'n_estimators': 78, 'max_depth': 15, 'min_samples_split': 8}. Best is trial 4 with value: 0.7222222222222222.
[I 2025-05-01 22:52:57,768] Trial 5 finished with value: 0.7222222222222222 and parameters: {'n_estimators': 161, 'max_depth': 12, 'min_samples_split': 4}. Best is trial 4 with value: 0.7222222222222222.
[I 2025-05-01 22:52:58,262] Trial 6 finished with value: 0.7098765432098766 and parameters: {'n_estimators': 120, 'max_depth': 10, 'min_samples_split': 2}. Best is trial 4 with value: 0.7222222222222222.
[I 2025-05-01 22:52:58,467] Trial 7 finished with value: 0.7160493827160493 and parameters: {'n_estimators': 93, 'max_depth': 10, 'min_samples_split': 8}. Best is trial 4 with value: 0.7222222222222222.
[I 2025-05-01 22:52:58,724] Trial 8 finished with value: 0.7160493827160493 and parameters: {'n_estimators': 106, 'max_depth': 20, 'min_samples_split': 7}. Best is trial 4 with value: 0.7222222222222222.
[I 2025-05-01 22:52:59,083] Trial 9 finished with value: 0.6975308641975309 and parameters: {'n_estimators': 165, 'max_depth': 12, 'min_samples_split': 9}. Best is trial 4 with value: 0.7222222222222222.
[I 2025-05-01 22:52:59,235] Trial 10 finished with value: 0.7098765432098766 and parameters: {'n_estimators': 56, 'max_depth': 17, 'min_samples_split': 6}. Best is trial 4 with value: 0.7222222222222222.
[I 2025-05-01 22:52:59,406] Trial 11 finished with value: 0.7222222222222222 and parameters: {'n_estimators': 57, 'max_depth': 16, 'min_samples_split': 4}. Best is trial 4 with value: 0.7222222222222222.
[I 2025-05-01 22:52:59,762] Trial 12 finished with value: 0.7098765432098766 and parameters: {'n_estimators': 159, 'max_depth': 5, 'min_samples_split': 5}. Best is trial 4 with value: 0.7222222222222222.
[I 2025-05-01 22:52:59,973] Trial 13 finished with value: 0.7098765432098766 and parameters: {'n_estimators': 80, 'max_depth': 15, 'min_samples_split': 3}. Best is trial 4 with value: 0.7222222222222222.
[I 2025-05-01 22:53:00,311] Trial 14 finished with value: 0.7037037037037037 and parameters: {'n_estimators': 143, 'max_depth': 8, 'min_samples_split': 8}. Best is trial 4 with value: 0.7222222222222222.
[I 2025-05-01 22:53:00,507] Trial 15 finished with value: 0.7098765432098766 and parameters: {'n_estimators': 76, 'max_depth': 20, 'min_samples_split': 10}. Best is trial 4 with value: 0.7222222222222222.
[I 2025-05-01 22:53:00,893] Trial 16 finished with value: 0.7283950617283951 and parameters: {'n_estimators': 150, 'max_depth': 14, 'min_samples_split': 5}. Best is trial 16 with value: 0.7283950617283951.
[I 2025-05-01 22:53:01,238] Trial 17 finished with value: 0.7222222222222222 and parameters: {'n_estimators': 142, 'max_depth': 15, 'min_samples_split': 6}. Best is trial 16 with value: 0.7283950617283951.
[I 2025-05-01 22:53:01,476] Trial 18 finished with value: 0.7037037037037037 and parameters: {'n_estimators': 93, 'max_depth': 18, 'min_samples_split': 8}. Best is trial 16 with value: 0.7283950617283951.
[I 2025-05-01 22:53:01,687] Trial 19 finished with value: 0.6975308641975309 and parameters: {'n_estimators': 77, 'max_depth': 14, 'min_samples_split': 7}. Best is trial 16 with value: 0.7283950617283951.
[I 2025-05-01 22:53:02,118] Trial 20 finished with value: 0.7160493827160493 and parameters: {'n_estimators': 177, 'max_depth': 10, 'min_samples_split': 5}. Best is trial 16 with value: 0.7283950617283951.
[I 2025-05-01 22:53:02,483] Trial 21 finished with value: 0.7160493827160493 and parameters: {'n_estimators': 155, 'max_depth': 12, 'min_samples_split': 4}. Best is trial 16 with value: 0.7283950617283951.
[I 2025-05-01 22:53:02,798] Trial 22 finished with value: 0.7222222222222222 and parameters: {'n_estimators': 131, 'max_depth': 11, 'min_samples_split': 4}. Best is trial 16 with value: 0.7283950617283951.
[I 2025-05-01 22:53:03,205] Trial 23 finished with value: 0.7037037037037037 and parameters: {'n_estimators': 174, 'max_depth': 8, 'min_samples_split': 6}. Best is trial 16 with value: 0.7283950617283951.
[I 2025-05-01 22:53:03,579] Trial 24 finished with value: 0.7222222222222222 and parameters: {'n_estimators': 149, 'max_depth': 14, 'min_samples_split': 2}. Best is trial 16 with value: 0.7283950617283951.
[I 2025-05-01 22:53:04,021] Trial 25 finished with value: 0.7222222222222222 and parameters: {'n_estimators': 188, 'max_depth': 18, 'min_samples_split': 3}. Best is trial 16 with value: 0.7283950617283951.
[I 2025-05-01 22:53:04,401] Trial 26 finished with value: 0.7160493827160493 and parameters: {'n_estimators': 170, 'max_depth': 15, 'min_samples_split': 9}. Best is trial 16 with value: 0.7283950617283951.
[I 2025-05-01 22:53:04,701] Trial 27 finished with value: 0.691358024691358 and parameters: {'n_estimators': 121, 'max_depth': 14, 'min_samples_split': 5}. Best is trial 16 with value: 0.7283950617283951.
[I 2025-05-01 22:53:05,008] Trial 28 finished with value: 0.7037037037037037 and parameters: {'n_estimators': 140, 'max_depth': 7, 'min_samples_split': 4}. Best is trial 16 with value: 0.7283950617283951.
[I 2025-05-01 22:53:05,488] Trial 29 finished with value: 0.6975308641975309 and parameters: {'n_estimators': 134, 'max_depth': 13, 'min_samples_split': 9}. Best is trial 16 with value: 0.7283950617283951.
[I 2025-05-01 22:53:05,838] Trial 30 finished with value: 0.7098765432098766 and parameters: {'n_estimators': 158, 'max_depth': 11, 'min_samples_split': 7}. Best is trial 16 with value: 0.7283950617283951.
[I 2025-05-01 22:53:05,986] Trial 31 finished with value: 0.7160493827160493 and parameters: {'n_estimators': 55, 'max_depth': 16, 'min_samples_split': 4}. Best is trial 16 with value: 0.7283950617283951.
[I 2025-05-01 22:53:06,151] Trial 32 finished with value: 0.7283950617283951 and parameters: {'n_estimators': 64, 'max_depth': 16, 'min_samples_split': 3}. Best is trial 16 with value: 0.7283950617283951.
[I 2025-05-01 22:53:06,342] Trial 33 finished with value: 0.7160493827160493 and parameters: {'n_estimators': 68, 'max_depth': 13, 'min_samples_split': 3}. Best is trial 16 with value: 0.7283950617283951.
[I 2025-05-01 22:53:06,609] Trial 34 finished with value: 0.7283950617283951 and parameters: {'n_estimators': 106, 'max_depth': 16, 'min_samples_split': 2}. Best is trial 16 with value: 0.7283950617283951.
[I 2025-05-01 22:53:06,863] Trial 35 finished with value: 0.7283950617283951 and parameters: {'n_estimators': 96, 'max_depth': 18, 'min_samples_split': 2}. Best is trial 16 with value: 0.7283950617283951.
[I 2025-05-01 22:53:07,117] Trial 36 finished with value: 0.7160493827160493 and parameters: {'n_estimators': 107, 'max_depth': 19, 'min_samples_split': 2}. Best is trial 16 with value: 0.7283950617283951.
[I 2025-05-01 22:53:07,351] Trial 37 finished with value: 0.7283950617283951 and parameters: {'n_estimators': 90, 'max_depth': 17, 'min_samples_split': 2}. Best is trial 16 with value: 0.7283950617283951.
[I 2025-05-01 22:53:07,642] Trial 38 finished with value: 0.7345679012345679 and parameters: {'n_estimators': 112, 'max_depth': 18, 'min_samples_split': 3}. Best is trial 38 with value: 0.7345679012345679.
[I 2025-05-01 22:53:07,932] Trial 39 finished with value: 0.7222222222222222 and parameters: {'n_estimators': 114, 'max_depth': 16, 'min_samples_split': 3}. Best is trial 38 with value: 0.7345679012345679.
[I 2025-05-01 22:53:08,292] Trial 40 finished with value: 0.7222222222222222 and parameters: {'n_estimators': 127, 'max_depth': 19, 'min_samples_split': 3}. Best is trial 38 with value: 0.7345679012345679.
[I 2025-05-01 22:53:08,589] Trial 41 finished with value: 0.7345679012345679 and parameters: {'n_estimators': 100, 'max_depth': 18, 'min_samples_split': 2}. Best is trial 38 with value: 0.7345679012345679.
[I 2025-05-01 22:53:08,943] Trial 42 finished with value: 0.7283950617283951 and parameters: {'n_estimators': 115, 'max_depth': 17, 'min_samples_split': 2}. Best is trial 38 with value: 0.7345679012345679.
[I 2025-05-01 22:53:09,217] Trial 43 finished with value: 0.7160493827160493 and parameters: {'n_estimators': 99, 'max_depth': 19, 'min_samples_split': 3}. Best is trial 38 with value: 0.7345679012345679.
[I 2025-05-01 22:53:09,554] Trial 44 finished with value: 0.7160493827160493 and parameters: {'n_estimators': 102, 'max_depth': 16, 'min_samples_split': 2}. Best is trial 38 with value: 0.7345679012345679.
[I 2025-05-01 22:53:09,746] Trial 45 finished with value: 0.7407407407407407 and parameters: {'n_estimators': 65, 'max_depth': 18, 'min_samples_split': 2}. Best is trial 45 with value: 0.7407407407407407.
[I 2025-05-01 22:53:09,909] Trial 46 finished with value: 0.7283950617283951 and parameters: {'n_estimators': 50, 'max_depth': 18, 'min_samples_split': 3}. Best is trial 45 with value: 0.7407407407407407.
[I 2025-05-01 22:53:10,102] Trial 47 finished with value: 0.7037037037037037 and parameters: {'n_estimators': 63, 'max_depth': 20, 'min_samples_split': 5}. Best is trial 45 with value: 0.7407407407407407.
[I 2025-05-01 22:53:10,333] Trial 48 finished with value: 0.7222222222222222 and parameters: {'n_estimators': 87, 'max_depth': 17, 'min_samples_split': 3}. Best is trial 45 with value: 0.7407407407407407.
[I 2025-05-01 22:53:10,571] Trial 49 finished with value: 0.7283950617283951 and parameters: {'n_estimators': 85, 'max_depth': 19, 'min_samples_split': 2}. Best is trial 45 with value: 0.7407407407407407.
[I 2025-05-01 22:53:10,767] Trial 50 finished with value: 0.7160493827160493 and parameters: {'n_estimators': 69, 'max_depth': 18, 'min_samples_split': 4}. Best is trial 45 with value: 0.7407407407407407.
[I 2025-05-01 22:53:11,059] Trial 51 finished with value: 0.7530864197530864 and parameters: {'n_estimators': 108, 'max_depth': 17, 'min_samples_split': 2}. Best is trial 51 with value: 0.7530864197530864.
[I 2025-05-01 22:53:11,444] Trial 52 finished with value: 0.6975308641975309 and parameters: {'n_estimators': 120, 'max_depth': 17, 'min_samples_split': 3}. Best is trial 51 with value: 0.7530864197530864.
[I 2025-05-01 22:53:11,705] Trial 53 finished with value: 0.7160493827160493 and parameters: {'n_estimators': 70, 'max_depth': 14, 'min_samples_split': 2}. Best is trial 51 with value: 0.7530864197530864.
[I 2025-05-01 22:53:11,970] Trial 54 finished with value: 0.7160493827160493 and parameters: {'n_estimators': 82, 'max_depth': 15, 'min_samples_split': 2}. Best is trial 51 with value: 0.7530864197530864.
[I 2025-05-01 22:53:12,491] Trial 55 finished with value: 0.7098765432098766 and parameters: {'n_estimators': 109, 'max_depth': 20, 'min_samples_split': 3}. Best is trial 51 with value: 0.7530864197530864.
[I 2025-05-01 22:53:12,699] Trial 56 finished with value: 0.7098765432098766 and parameters: {'n_estimators': 63, 'max_depth': 15, 'min_samples_split': 4}. Best is trial 51 with value: 0.7530864197530864.
[I 2025-05-01 22:53:13,203] Trial 57 finished with value: 0.7160493827160493 and parameters: {'n_estimators': 198, 'max_depth': 18, 'min_samples_split': 2}. Best is trial 51 with value: 0.7530864197530864.
[I 2025-05-01 22:53:13,563] Trial 58 finished with value: 0.7222222222222222 and parameters: {'n_estimators': 74, 'max_depth': 17, 'min_samples_split': 3}. Best is trial 51 with value: 0.7530864197530864.
[I 2025-05-01 22:53:13,899] Trial 59 finished with value: 0.7160493827160493 and parameters: {'n_estimators': 135, 'max_depth': 19, 'min_samples_split': 4}. Best is trial 51 with value: 0.7530864197530864.
[I 2025-05-01 22:53:14,183] Trial 60 finished with value: 0.7160493827160493 and parameters: {'n_estimators': 117, 'max_depth': 16, 'min_samples_split': 2}. Best is trial 51 with value: 0.7530864197530864.
[I 2025-05-01 22:53:14,450] Trial 61 finished with value: 0.7098765432098766 and parameters: {'n_estimators': 102, 'max_depth': 16, 'min_samples_split': 2}. Best is trial 51 with value: 0.7530864197530864.
[I 2025-05-01 22:53:14,800] Trial 62 finished with value: 0.691358024691358 and parameters: {'n_estimators': 112, 'max_depth': 17, 'min_samples_split': 2}. Best is trial 51 with value: 0.7530864197530864.
[I 2025-05-01 22:53:15,091] Trial 63 finished with value: 0.7037037037037037 and parameters: {'n_estimators': 104, 'max_depth': 15, 'min_samples_split': 3}. Best is trial 51 with value: 0.7530864197530864.
[I 2025-05-01 22:53:15,442] Trial 64 finished with value: 0.7098765432098766 and parameters: {'n_estimators': 126, 'max_depth': 18, 'min_samples_split': 2}. Best is trial 51 with value: 0.7530864197530864.
[I 2025-05-01 22:53:15,724] Trial 65 finished with value: 0.6975308641975309 and parameters: {'n_estimators': 94, 'max_depth': 16, 'min_samples_split': 5}. Best is trial 51 with value: 0.7530864197530864.
[I 2025-05-01 22:53:16,137] Trial 66 finished with value: 0.7283950617283951 and parameters: {'n_estimators': 151, 'max_depth': 14, 'min_samples_split': 3}. Best is trial 51 with value: 0.7530864197530864.
[I 2025-05-01 22:53:16,493] Trial 67 finished with value: 0.7345679012345679 and parameters: {'n_estimators': 122, 'max_depth': 17, 'min_samples_split': 2}. Best is trial 51 with value: 0.7530864197530864.
[I 2025-05-01 22:53:16,886] Trial 68 finished with value: 0.7160493827160493 and parameters: {'n_estimators': 122, 'max_depth': 17, 'min_samples_split': 7}. Best is trial 51 with value: 0.7530864197530864.
[I 2025-05-01 22:53:17,270] Trial 69 finished with value: 0.7283950617283951 and parameters: {'n_estimators': 139, 'max_depth': 18, 'min_samples_split': 3}. Best is trial 51 with value: 0.7530864197530864.
[I 2025-05-01 22:53:17,611] Trial 70 finished with value: 0.7222222222222222 and parameters: {'n_estimators': 131, 'max_depth': 19, 'min_samples_split': 6}. Best is trial 51 with value: 0.7530864197530864.
[I 2025-05-01 22:53:17,915] Trial 71 finished with value: 0.7222222222222222 and parameters: {'n_estimators': 111, 'max_depth': 17, 'min_samples_split': 2}. Best is trial 51 with value: 0.7530864197530864.
[I 2025-05-01 22:53:18,182] Trial 72 finished with value: 0.7098765432098766 and parameters: {'n_estimators': 99, 'max_depth': 15, 'min_samples_split': 2}. Best is trial 51 with value: 0.7530864197530864.
[I 2025-05-01 22:53:18,482] Trial 73 finished with value: 0.7160493827160493 and parameters: {'n_estimators': 118, 'max_depth': 16, 'min_samples_split': 2}. Best is trial 51 with value: 0.7530864197530864.
[I 2025-05-01 22:53:18,815] Trial 74 finished with value: 0.7222222222222222 and parameters: {'n_estimators': 147, 'max_depth': 18, 'min_samples_split': 2}. Best is trial 51 with value: 0.7530864197530864.
[I 2025-05-01 22:53:19,111] Trial 75 finished with value: 0.7160493827160493 and parameters: {'n_estimators': 124, 'max_depth': 16, 'min_samples_split': 6}. Best is trial 51 with value: 0.7530864197530864.
[I 2025-05-01 22:53:19,369] Trial 76 finished with value: 0.7160493827160493 and parameters: {'n_estimators': 107, 'max_depth': 17, 'min_samples_split': 3}. Best is trial 51 with value: 0.7530864197530864.
[I 2025-05-01 22:53:19,765] Trial 77 finished with value: 0.7098765432098766 and parameters: {'n_estimators': 163, 'max_depth': 20, 'min_samples_split': 2}. Best is trial 51 with value: 0.7530864197530864.
[I 2025-05-01 22:53:19,998] Trial 78 finished with value: 0.7345679012345679 and parameters: {'n_estimators': 91, 'max_depth': 13, 'min_samples_split': 4}. Best is trial 51 with value: 0.7530864197530864.
[I 2025-05-01 22:53:20,183] Trial 79 finished with value: 0.7160493827160493 and parameters: {'n_estimators': 61, 'max_depth': 13, 'min_samples_split': 4}. Best is trial 51 with value: 0.7530864197530864.
[I 2025-05-01 22:53:20,426] Trial 80 finished with value: 0.7222222222222222 and parameters: {'n_estimators': 89, 'max_depth': 11, 'min_samples_split': 5}. Best is trial 51 with value: 0.7530864197530864.
[I 2025-05-01 22:53:20,695] Trial 81 finished with value: 0.7283950617283951 and parameters: {'n_estimators': 96, 'max_depth': 12, 'min_samples_split': 3}. Best is trial 51 with value: 0.7530864197530864.
[I 2025-05-01 22:53:20,958] Trial 82 finished with value: 0.7160493827160493 and parameters: {'n_estimators': 99, 'max_depth': 14, 'min_samples_split': 4}. Best is trial 51 with value: 0.7530864197530864.
