[I 2025-05-01 23:09:48,525] Trial 54 finished with value: 0.8445394736842105 and parameters: {'n_estimators': 164, 'max_depth': 10, 'min_samples_split': 4, 'min_samples_leaf': 4}. Best is trial 37 with value: 0.8697587719298246.
[I 2025-05-01 23:09:49,141] Trial 55 finished with value: 0.8487499999999999 and parameters: {'n_estimators': 50, 'max_depth': 8, 'min_samples_split': 5, 'min_samples_leaf': 1}. Best is trial 37 with value: 0.8697587719298246.
[I 2025-05-01 23:09:49,966] Trial 56 finished with value: 0.8613377192982457 and parameters: {'n_estimators': 76, 'max_depth': 10, 'min_samples_split': 2, 'min_samples_leaf': 1}. Best is trial 37 with value: 0.8697587719298246.
[I 2025-05-01 23:09:50,750] Trial 57 finished with value: 0.819298245614035 and parameters: {'n_estimators': 78, 'max_depth': 4, 'min_samples_split': 2, 'min_samples_leaf': 2}. Best is trial 37 with value: 0.8697587719298246.
[I 2025-05-01 23:09:51,458] Trial 58 finished with value: 0.8529605263157893 and parameters: {'n_estimators': 63, 'max_depth': 9, 'min_samples_split': 2, 'min_samples_leaf': 2}. Best is trial 37 with value: 0.8697587719298246.
[I 2025-05-01 23:09:52,353] Trial 59 finished with value: 0.8277192982456139 and parameters: {'n_estimators': 74, 'max_depth': 8, 'min_samples_split': 2, 'min_samples_leaf': 5}. Best is trial 37 with value: 0.8697587719298246.
[I 2025-05-01 23:09:53,493] Trial 60 finished with value: 0.8466447368421053 and parameters: {'n_estimators': 94, 'max_depth': 9, 'min_samples_split': 3, 'min_samples_leaf': 1}. Best is trial 37 with value: 0.8697587719298246.
[I 2025-05-01 23:09:55,232] Trial 61 finished with value: 0.8613815789473683 and parameters: {'n_estimators': 151, 'max_depth': 10, 'min_samples_split': 3, 'min_samples_leaf': 1}. Best is trial 37 with value: 0.8697587719298246.
[I 2025-05-01 23:09:56,948] Trial 62 finished with value: 0.8718640350877193 and parameters: {'n_estimators': 152, 'max_depth': 10, 'min_samples_split': 2, 'min_samples_leaf': 1}. Best is trial 62 with value: 0.8718640350877193.
[I 2025-05-01 23:09:58,915] Trial 63 finished with value: 0.8655701754385964 and parameters: {'n_estimators': 133, 'max_depth': 10, 'min_samples_split': 2, 'min_samples_leaf': 1}. Best is trial 62 with value: 0.8718640350877193.
[I 2025-05-01 23:10:00,377] Trial 64 finished with value: 0.8571491228070176 and parameters: {'n_estimators': 134, 'max_depth': 9, 'min_samples_split': 2, 'min_samples_leaf': 1}. Best is trial 62 with value: 0.8718640350877193.
[I 2025-05-01 23:10:02,614] Trial 65 finished with value: 0.8718421052631579 and parameters: {'n_estimators': 142, 'max_depth': 10, 'min_samples_split': 2, 'min_samples_leaf': 1}. Best is trial 62 with value: 0.8718640350877193.
[I 2025-05-01 23:10:04,423] Trial 66 finished with value: 0.8571271929824562 and parameters: {'n_estimators': 142, 'max_depth': 10, 'min_samples_split': 6, 'min_samples_leaf': 1}. Best is trial 62 with value: 0.8718640350877193.
[I 2025-05-01 23:10:05,847] Trial 67 finished with value: 0.855109649122807 and parameters: {'n_estimators': 129, 'max_depth': 7, 'min_samples_split': 2, 'min_samples_leaf': 1}. Best is trial 62 with value: 0.8718640350877193.
[I 2025-05-01 23:10:07,249] Trial 68 finished with value: 0.8592763157894737 and parameters: {'n_estimators': 123, 'max_depth': 9, 'min_samples_split': 2, 'min_samples_leaf': 2}. Best is trial 62 with value: 0.8718640350877193.
[I 2025-05-01 23:10:09,013] Trial 69 finished with value: 0.8571491228070176 and parameters: {'n_estimators': 136, 'max_depth': 9, 'min_samples_split': 2, 'min_samples_leaf': 1}. Best is trial 62 with value: 0.8718640350877193.
[I 2025-05-01 23:10:10,185] Trial 70 finished with value: 0.8361622807017544 and parameters: {'n_estimators': 117, 'max_depth': 5, 'min_samples_split': 5, 'min_samples_leaf': 1}. Best is trial 62 with value: 0.8718640350877193.
[I 2025-05-01 23:10:11,905] Trial 71 finished with value: 0.8613815789473683 and parameters: {'n_estimators': 150, 'max_depth': 10, 'min_samples_split': 3, 'min_samples_leaf': 1}. Best is trial 62 with value: 0.8718640350877193.
[I 2025-05-01 23:10:13,945] Trial 72 finished with value: 0.8466228070175438 and parameters: {'n_estimators': 154, 'max_depth': 10, 'min_samples_split': 3, 'min_samples_leaf': 4}. Best is trial 62 with value: 0.8718640350877193.
[I 2025-05-01 23:10:15,532] Trial 73 finished with value: 0.8697587719298246 and parameters: {'n_estimators': 145, 'max_depth': 10, 'min_samples_split': 2, 'min_samples_leaf': 1}. Best is trial 62 with value: 0.8718640350877193.
[I 2025-05-01 23:10:17,207] Trial 74 finished with value: 0.8676315789473683 and parameters: {'n_estimators': 141, 'max_depth': 10, 'min_samples_split': 2, 'min_samples_leaf': 1}. Best is trial 62 with value: 0.8718640350877193.
[I 2025-05-01 23:10:18,978] Trial 75 finished with value: 0.8676315789473683 and parameters: {'n_estimators': 141, 'max_depth': 10, 'min_samples_split': 2, 'min_samples_leaf': 1}. Best is trial 62 with value: 0.8718640350877193.
[I 2025-05-01 23:10:20,509] Trial 76 finished with value: 0.8718421052631579 and parameters: {'n_estimators': 142, 'max_depth': 10, 'min_samples_split': 2, 'min_samples_leaf': 1}. Best is trial 62 with value: 0.8718640350877193.
[I 2025-05-01 23:10:22,436] Trial 77 finished with value: 0.8676535087719298 and parameters: {'n_estimators': 143, 'max_depth': 10, 'min_samples_split': 2, 'min_samples_leaf': 1}. Best is trial 62 with value: 0.8718640350877193.
[I 2025-05-01 23:10:24,644] Trial 78 finished with value: 0.8697587719298246 and parameters: {'n_estimators': 144, 'max_depth': 10, 'min_samples_split': 2, 'min_samples_leaf': 1}. Best is trial 62 with value: 0.8718640350877193.
[I 2025-05-01 23:10:26,208] Trial 79 finished with value: 0.8697587719298246 and parameters: {'n_estimators': 145, 'max_depth': 10, 'min_samples_split': 2, 'min_samples_leaf': 1}. Best is trial 62 with value: 0.8718640350877193.
[I 2025-05-01 23:10:28,058] Trial 80 finished with value: 0.8529385964912279 and parameters: {'n_estimators': 128, 'max_depth': 10, 'min_samples_split': 9, 'min_samples_leaf': 2}. Best is trial 62 with value: 0.8718640350877193.
[I 2025-05-01 23:10:30,108] Trial 81 finished with value: 0.8697587719298246 and parameters: {'n_estimators': 145, 'max_depth': 10, 'min_samples_split': 2, 'min_samples_leaf': 1}. Best is trial 62 with value: 0.8718640350877193.
[I 2025-05-01 23:10:31,874] Trial 82 finished with value: 0.8697587719298246 and parameters: {'n_estimators': 147, 'max_depth': 10, 'min_samples_split': 2, 'min_samples_leaf': 1}. Best is trial 62 with value: 0.8718640350877193.
[I 2025-05-01 23:10:33,867] Trial 83 finished with value: 0.8697587719298246 and parameters: {'n_estimators': 148, 'max_depth': 10, 'min_samples_split': 2, 'min_samples_leaf': 1}. Best is trial 62 with value: 0.8718640350877193.
[I 2025-05-01 23:10:35,593] Trial 84 finished with value: 0.8592324561403508 and parameters: {'n_estimators': 156, 'max_depth': 9, 'min_samples_split': 2, 'min_samples_leaf': 1}. Best is trial 62 with value: 0.8718640350877193.
[I 2025-05-01 23:10:37,259] Trial 85 finished with value: 0.8697587719298246 and parameters: {'n_estimators': 145, 'max_depth': 10, 'min_samples_split': 2, 'min_samples_leaf': 1}. Best is trial 62 with value: 0.8718640350877193.
[I 2025-05-01 23:10:39,058] Trial 86 finished with value: 0.8550657894736842 and parameters: {'n_estimators': 139, 'max_depth': 9, 'min_samples_split': 3, 'min_samples_leaf': 1}. Best is trial 62 with value: 0.8718640350877193.
[I 2025-05-01 23:10:40,784] Trial 87 finished with value: 0.8718640350877193 and parameters: {'n_estimators': 158, 'max_depth': 10, 'min_samples_split': 2, 'min_samples_leaf': 1}. Best is trial 62 with value: 0.8718640350877193.
[I 2025-05-01 23:10:42,433] Trial 88 finished with value: 0.8424561403508772 and parameters: {'n_estimators': 152, 'max_depth': 10, 'min_samples_split': 2, 'min_samples_leaf': 3}. Best is trial 62 with value: 0.8718640350877193.
[I 2025-05-01 23:10:44,149] Trial 89 finished with value: 0.8004385964912281 and parameters: {'n_estimators': 160, 'max_depth': 3, 'min_samples_split': 3, 'min_samples_leaf': 1}. Best is trial 62 with value: 0.8718640350877193.
[I 2025-05-01 23:10:45,886] Trial 90 finished with value: 0.8634429824561403 and parameters: {'n_estimators': 157, 'max_depth': 9, 'min_samples_split': 2, 'min_samples_leaf': 1}. Best is trial 62 with value: 0.8718640350877193.
[I 2025-05-01 23:10:47,593] Trial 91 finished with value: 0.8697587719298246 and parameters: {'n_estimators': 146, 'max_depth': 10, 'min_samples_split': 2, 'min_samples_leaf': 1}. Best is trial 62 with value: 0.8718640350877193.
[I 2025-05-01 23:10:49,302] Trial 92 finished with value: 0.8676535087719298 and parameters: {'n_estimators': 136, 'max_depth': 10, 'min_samples_split': 2, 'min_samples_leaf': 1}. Best is trial 62 with value: 0.8718640350877193.
[I 2025-05-01 23:10:51,156] Trial 93 finished with value: 0.8655701754385964 and parameters: {'n_estimators': 132, 'max_depth': 10, 'min_samples_split': 2, 'min_samples_leaf': 1}. Best is trial 62 with value: 0.8718640350877193.
[I 2025-05-01 23:10:52,873] Trial 94 finished with value: 0.8697587719298246 and parameters: {'n_estimators': 147, 'max_depth': 10, 'min_samples_split': 2, 'min_samples_leaf': 1}. Best is trial 62 with value: 0.8718640350877193.
[I 2025-05-01 23:10:54,978] Trial 95 finished with value: 0.8592763157894737 and parameters: {'n_estimators': 153, 'max_depth': 10, 'min_samples_split': 3, 'min_samples_leaf': 1}. Best is trial 62 with value: 0.8718640350877193.
[I 2025-05-01 23:10:56,512] Trial 96 finished with value: 0.8676535087719298 and parameters: {'n_estimators': 139, 'max_depth': 10, 'min_samples_split': 2, 'min_samples_leaf': 1}. Best is trial 62 with value: 0.8718640350877193.
[I 2025-05-01 23:10:58,538] Trial 97 finished with value: 0.8697587719298246 and parameters: {'n_estimators': 169, 'max_depth': 10, 'min_samples_split': 2, 'min_samples_leaf': 1}. Best is trial 62 with value: 0.8718640350877193.
[I 2025-05-01 23:11:00,397] Trial 98 finished with value: 0.8550657894736842 and parameters: {'n_estimators': 149, 'max_depth': 9, 'min_samples_split': 3, 'min_samples_leaf': 1}. Best is trial 62 with value: 0.8718640350877193.
[I 2025-05-01 23:11:02,213] Trial 99 finished with value: 0.8697587719298246 and parameters: {'n_estimators': 159, 'max_depth': 10, 'min_samples_split': 2, 'min_samples_leaf': 1}. Best is trial 62 with value: 0.8718640350877193.
✅ Best Random Forest Parameters: {'n_estimators': 152, 'max_depth': 10, 'min_samples_split': 2, 'min_samples_leaf': 1}
[I 2025-05-01 23:11:02,219] A new study created in memory with name: no-name-d23fe620-131c-4d75-8361-b44d922a80d7
c:\Users\x-hp\AppData\Local\Programs\Python\Python311\Lib\site-packages\xgboost\training.py:183: UserWarning: [23:11:02] WARNING: C:\actions-runner\_work\xgboost\xgboost\src\learner.cc:738:
Parameters: { "use_label_encoder" } are not used.

  bst.update(dtrain, iteration=i, fobj=obj)
c:\Users\x-hp\AppData\Local\Programs\Python\Python311\Lib\site-packages\xgboost\training.py:183: UserWarning: [23:11:02] WARNING: C:\actions-runner\_work\xgboost\xgboost\src\learner.cc:738:
Parameters: { "use_label_encoder" } are not used.

  bst.update(dtrain, iteration=i, fobj=obj)
c:\Users\x-hp\AppData\Local\Programs\Python\Python311\Lib\site-packages\xgboost\training.py:183: UserWarning: [23:11:02] WARNING: C:\actions-runner\_work\xgboost\xgboost\src\learner.cc:738:
Parameters: { "use_label_encoder" } are not used.

  bst.update(dtrain, iteration=i, fobj=obj)
c:\Users\x-hp\AppData\Local\Programs\Python\Python311\Lib\site-packages\xgboost\training.py:183: UserWarning: [23:11:02] WARNING: C:\actions-runner\_work\xgboost\xgboost\src\learner.cc:738:
Parameters: { "use_label_encoder" } are not used.

  bst.update(dtrain, iteration=i, fobj=obj)
c:\Users\x-hp\AppData\Local\Programs\Python\Python311\Lib\site-packages\xgboost\training.py:183: UserWarning: [23:11:02] WARNING: C:\actions-runner\_work\xgboost\xgboost\src\learner.cc:738:
Parameters: { "use_label_encoder" } are not used.

  bst.update(dtrain, iteration=i, fobj=obj)
[I 2025-05-01 23:11:02,942] Trial 0 finished with value: 0.8025438596491228 and parameters: {'n_estimators': 284, 'max_depth': 3, 'learning_rate': 0.28943730042543786, 'subsample': 0.9089660237075582, 'colsample_bytree': 0.7670008142722481, 'gamma': 4.4125793403267, 'min_child_weight': 10}. Best is trial 0 with value: 0.8025438596491228.
c:\Users\x-hp\AppData\Local\Programs\Python\Python311\Lib\site-packages\xgboost\training.py:183: UserWarning: [23:11:02] WARNING: C:\actions-runner\_work\xgboost\xgboost\src\learner.cc:738:
Parameters: { "use_label_encoder" } are not used.

  bst.update(dtrain, iteration=i, fobj=obj)
c:\Users\x-hp\AppData\Local\Programs\Python\Python311\Lib\site-packages\xgboost\training.py:183: UserWarning: [23:11:03] WARNING: C:\actions-runner\_work\xgboost\xgboost\src\learner.cc:738:
Parameters: { "use_label_encoder" } are not used.

  bst.update(dtrain, iteration=i, fobj=obj)
c:\Users\x-hp\AppData\Local\Programs\Python\Python311\Lib\site-packages\xgboost\training.py:183: UserWarning: [23:11:03] WARNING: C:\actions-runner\_work\xgboost\xgboost\src\learner.cc:738:
Parameters: { "use_label_encoder" } are not used.

  bst.update(dtrain, iteration=i, fobj=obj)
c:\Users\x-hp\AppData\Local\Programs\Python\Python311\Lib\site-packages\xgboost\training.py:183: UserWarning: [23:11:03] WARNING: C:\actions-runner\_work\xgboost\xgboost\src\learner.cc:738:
Parameters: { "use_label_encoder" } are not used.

  bst.update(dtrain, iteration=i, fobj=obj)
c:\Users\x-hp\AppData\Local\Programs\Python\Python311\Lib\site-packages\xgboost\training.py:183: UserWarning: [23:11:03] WARNING: C:\actions-runner\_work\xgboost\xgboost\src\learner.cc:738:
Parameters: { "use_label_encoder" } are not used.

  bst.update(dtrain, iteration=i, fobj=obj)
[I 2025-05-01 23:11:03,929] Trial 1 finished with value: 0.8152192982456141 and parameters: {'n_estimators': 116, 'max_depth': 8, 'learning_rate': 0.24541971750529343, 'subsample': 0.6639979565132473, 'colsample_bytree': 0.6048099008416857, 'gamma': 0.0759608571122633, 'min_child_weight': 8}. Best is trial 1 with value: 0.8152192982456141.
c:\Users\x-hp\AppData\Local\Programs\Python\Python311\Lib\site-packages\xgboost\training.py:183: UserWarning: [23:11:03] WARNING: C:\actions-runner\_work\xgboost\xgboost\src\learner.cc:738:
Parameters: { "use_label_encoder" } are not used.

  bst.update(dtrain, iteration=i, fobj=obj)
c:\Users\x-hp\AppData\Local\Programs\Python\Python311\Lib\site-packages\xgboost\training.py:183: UserWarning: [23:11:04] WARNING: C:\actions-runner\_work\xgboost\xgboost\src\learner.cc:738:
Parameters: { "use_label_encoder" } are not used.

  bst.update(dtrain, iteration=i, fobj=obj)
c:\Users\x-hp\AppData\Local\Programs\Python\Python311\Lib\site-packages\xgboost\training.py:183: UserWarning: [23:11:04] WARNING: C:\actions-runner\_work\xgboost\xgboost\src\learner.cc:738:
Parameters: { "use_label_encoder" } are not used.

  bst.update(dtrain, iteration=i, fobj=obj)
c:\Users\x-hp\AppData\Local\Programs\Python\Python311\Lib\site-packages\xgboost\training.py:183: UserWarning: [23:11:04] WARNING: C:\actions-runner\_work\xgboost\xgboost\src\learner.cc:738:
Parameters: { "use_label_encoder" } are not used.

  bst.update(dtrain, iteration=i, fobj=obj)
c:\Users\x-hp\AppData\Local\Programs\Python\Python311\Lib\site-packages\xgboost\training.py:183: UserWarning: [23:11:04] WARNING: C:\actions-runner\_work\xgboost\xgboost\src\learner.cc:738:
Parameters: { "use_label_encoder" } are not used.

  bst.update(dtrain, iteration=i, fobj=obj)
[I 2025-05-01 23:11:04,864] Trial 2 finished with value: 0.8046491228070174 and parameters: {'n_estimators': 259, 'max_depth': 5, 'learning_rate': 0.2988122765392874, 'subsample': 0.7199725276139581, 'colsample_bytree': 0.818873853448878, 'gamma': 0.9585285909532315, 'min_child_weight': 7}. Best is trial 1 with value: 0.8152192982456141.
c:\Users\x-hp\AppData\Local\Programs\Python\Python311\Lib\site-packages\xgboost\training.py:183: UserWarning: [23:11:04] WARNING: C:\actions-runner\_work\xgboost\xgboost\src\learner.cc:738:
Parameters: { "use_label_encoder" } are not used.

  bst.update(dtrain, iteration=i, fobj=obj)
c:\Users\x-hp\AppData\Local\Programs\Python\Python311\Lib\site-packages\xgboost\training.py:183: UserWarning: [23:11:05] WARNING: C:\actions-runner\_work\xgboost\xgboost\src\learner.cc:738:
Parameters: { "use_label_encoder" } are not used.

  bst.update(dtrain, iteration=i, fobj=obj)
c:\Users\x-hp\AppData\Local\Programs\Python\Python311\Lib\site-packages\xgboost\training.py:183: UserWarning: [23:11:05] WARNING: C:\actions-runner\_work\xgboost\xgboost\src\learner.cc:738:
Parameters: { "use_label_encoder" } are not used.

  bst.update(dtrain, iteration=i, fobj=obj)
c:\Users\x-hp\AppData\Local\Programs\Python\Python311\Lib\site-packages\xgboost\training.py:183: UserWarning: [23:11:05] WARNING: C:\actions-runner\_work\xgboost\xgboost\src\learner.cc:738:
Parameters: { "use_label_encoder" } are not used.

  bst.update(dtrain, iteration=i, fobj=obj)
c:\Users\x-hp\AppData\Local\Programs\Python\Python311\Lib\site-packages\xgboost\training.py:183: UserWarning: [23:11:05] WARNING: C:\actions-runner\_work\xgboost\xgboost\src\learner.cc:738:
Parameters: { "use_label_encoder" } are not used.

  bst.update(dtrain, iteration=i, fobj=obj)
[I 2025-05-01 23:11:05,454] Trial 3 finished with value: 0.8152192982456141 and parameters: {'n_estimators': 218, 'max_depth': 7, 'learning_rate': 0.16661181075681114, 'subsample': 0.9411145946362603, 'colsample_bytree': 0.7887217874121961, 'gamma': 3.91225140085631, 'min_child_weight': 8}. Best is trial 1 with value: 0.8152192982456141.
c:\Users\x-hp\AppData\Local\Programs\Python\Python311\Lib\site-packages\xgboost\training.py:183: UserWarning: [23:11:05] WARNING: C:\actions-runner\_work\xgboost\xgboost\src\learner.cc:738:
Parameters: { "use_label_encoder" } are not used.

  bst.update(dtrain, iteration=i, fobj=obj)
c:\Users\x-hp\AppData\Local\Programs\Python\Python311\Lib\site-packages\xgboost\training.py:183: UserWarning: [23:11:05] WARNING: C:\actions-runner\_work\xgboost\xgboost\src\learner.cc:738:
Parameters: { "use_label_encoder" } are not used.

  bst.update(dtrain, iteration=i, fobj=obj)
c:\Users\x-hp\AppData\Local\Programs\Python\Python311\Lib\site-packages\xgboost\training.py:183: UserWarning: [23:11:05] WARNING: C:\actions-runner\_work\xgboost\xgboost\src\learner.cc:738:
Parameters: { "use_label_encoder" } are not used.

  bst.update(dtrain, iteration=i, fobj=obj)
c:\Users\x-hp\AppData\Local\Programs\Python\Python311\Lib\site-packages\xgboost\training.py:183: UserWarning: [23:11:05] WARNING: C:\actions-runner\_work\xgboost\xgboost\src\learner.cc:738:
Parameters: { "use_label_encoder" } are not used.

  bst.update(dtrain, iteration=i, fobj=obj)
c:\Users\x-hp\AppData\Local\Programs\Python\Python311\Lib\site-packages\xgboost\training.py:183: UserWarning: [23:11:06] WARNING: C:\actions-runner\_work\xgboost\xgboost\src\learner.cc:738:
Parameters: { "use_label_encoder" } are not used.

  bst.update(dtrain, iteration=i, fobj=obj)
[I 2025-05-01 23:11:06,166] Trial 4 finished with value: 0.8193421052631578 and parameters: {'n_estimators': 192, 'max_depth': 5, 'learning_rate': 0.07021837703355142, 'subsample': 0.788963815553998, 'colsample_bytree': 0.813154583437679, 'gamma': 0.30416578323183674, 'min_child_weight': 10}. Best is trial 4 with value: 0.8193421052631578.
c:\Users\x-hp\AppData\Local\Programs\Python\Python311\Lib\site-packages\xgboost\training.py:183: UserWarning: [23:11:06] WARNING: C:\actions-runner\_work\xgboost\xgboost\src\learner.cc:738:
Parameters: { "use_label_encoder" } are not used.

  bst.update(dtrain, iteration=i, fobj=obj)
c:\Users\x-hp\AppData\Local\Programs\Python\Python311\Lib\site-packages\xgboost\training.py:183: UserWarning: [23:11:06] WARNING: C:\actions-runner\_work\xgboost\xgboost\src\learner.cc:738:
Parameters: { "use_label_encoder" } are not used.

  bst.update(dtrain, iteration=i, fobj=obj)
c:\Users\x-hp\AppData\Local\Programs\Python\Python311\Lib\site-packages\xgboost\training.py:183: UserWarning: [23:11:06] WARNING: C:\actions-runner\_work\xgboost\xgboost\src\learner.cc:738:
Parameters: { "use_label_encoder" } are not used.

  bst.update(dtrain, iteration=i, fobj=obj)
c:\Users\x-hp\AppData\Local\Programs\Python\Python311\Lib\site-packages\xgboost\training.py:183: UserWarning: [23:11:06] WARNING: C:\actions-runner\_work\xgboost\xgboost\src\learner.cc:738:
Parameters: { "use_label_encoder" } are not used.

  bst.update(dtrain, iteration=i, fobj=obj)
c:\Users\x-hp\AppData\Local\Programs\Python\Python311\Lib\site-packages\xgboost\training.py:183: UserWarning: [23:11:06] WARNING: C:\actions-runner\_work\xgboost\xgboost\src\learner.cc:738:
Parameters: { "use_label_encoder" } are not used.

  bst.update(dtrain, iteration=i, fobj=obj)
