[I 2025-05-01 22:24:23,168] Trial 14 finished with value: 0.7283950617283951 and parameters: {'n_estimators': 159, 'max_depth': 4, 'learning_rate': 0.06415798296539638, 'subsample': 0.6724628804901824, 'colsample_bytree': 0.6424041442917354}. Best is trial 8 with value: 0.7283950617283951.
c:\Users\x-hp\AppData\Local\Programs\Python\Python311\Lib\site-packages\xgboost\training.py:183: UserWarning: [22:24:23] WARNING: C:\actions-runner\_work\xgboost\xgboost\src\learner.cc:738:
Parameters: { "use_label_encoder" } are not used.

  bst.update(dtrain, iteration=i, fobj=obj)
[34m[1mwandb[0m: [33mWARNING[0m Tried to log to step 3 that is less than the current step 21. Steps must be monotonically increasing, so this data will be ignored. See https://wandb.me/define-metric to log data out of order.
[34m[1mwandb[0m: [33mWARNING[0m Tried to log to step 4 that is less than the current step 21. Steps must be monotonically increasing, so this data will be ignored. See https://wandb.me/define-metric to log data out of order.
[34m[1mwandb[0m: [33mWARNING[0m Tried to log to step 5 that is less than the current step 21. Steps must be monotonically increasing, so this data will be ignored. See https://wandb.me/define-metric to log data out of order.
[34m[1mwandb[0m: [33mWARNING[0m Tried to log to step 6 that is less than the current step 21. Steps must be monotonically increasing, so this data will be ignored. See https://wandb.me/define-metric to log data out of order.
[34m[1mwandb[0m: [33mWARNING[0m Tried to log to step 7 that is less than the current step 21. Steps must be monotonically increasing, so this data will be ignored. See https://wandb.me/define-metric to log data out of order.
[34m[1mwandb[0m: [33mWARNING[0m Tried to log to step 8 that is less than the current step 21. Steps must be monotonically increasing, so this data will be ignored. See https://wandb.me/define-metric to log data out of order.
[34m[1mwandb[0m: [33mWARNING[0m Tried to log to step 9 that is less than the current step 21. Steps must be monotonically increasing, so this data will be ignored. See https://wandb.me/define-metric to log data out of order.
[34m[1mwandb[0m: [33mWARNING[0m Tried to log to step 10 that is less than the current step 21. Steps must be monotonically increasing, so this data will be ignored. See https://wandb.me/define-metric to log data out of order.
[34m[1mwandb[0m: [33mWARNING[0m Tried to log to step 11 that is less than the current step 21. Steps must be monotonically increasing, so this data will be ignored. See https://wandb.me/define-metric to log data out of order.
[34m[1mwandb[0m: [33mWARNING[0m Tried to log to step 12 that is less than the current step 21. Steps must be monotonically increasing, so this data will be ignored. See https://wandb.me/define-metric to log data out of order.
[34m[1mwandb[0m: [33mWARNING[0m Tried to log to step 13 that is less than the current step 21. Steps must be monotonically increasing, so this data will be ignored. See https://wandb.me/define-metric to log data out of order.
[34m[1mwandb[0m: [33mWARNING[0m Tried to log to step 14 that is less than the current step 21. Steps must be monotonically increasing, so this data will be ignored. See https://wandb.me/define-metric to log data out of order.
[I 2025-05-01 22:24:24,588] Trial 15 finished with value: 0.7283950617283951 and parameters: {'n_estimators': 141, 'max_depth': 4, 'learning_rate': 0.1620548119597452, 'subsample': 0.6803820151623122, 'colsample_bytree': 0.907481041843879}. Best is trial 8 with value: 0.7283950617283951.
c:\Users\x-hp\AppData\Local\Programs\Python\Python311\Lib\site-packages\xgboost\training.py:183: UserWarning: [22:24:24] WARNING: C:\actions-runner\_work\xgboost\xgboost\src\learner.cc:738:
Parameters: { "use_label_encoder" } are not used.

  bst.update(dtrain, iteration=i, fobj=obj)
[I 2025-05-01 22:24:25,287] Trial 16 finished with value: 0.7037037037037037 and parameters: {'n_estimators': 245, 'max_depth': 4, 'learning_rate': 0.06479252039988194, 'subsample': 0.6678821819267372, 'colsample_bytree': 0.7348531410734555}. Best is trial 8 with value: 0.7283950617283951.
c:\Users\x-hp\AppData\Local\Programs\Python\Python311\Lib\site-packages\xgboost\training.py:183: UserWarning: [22:24:25] WARNING: C:\actions-runner\_work\xgboost\xgboost\src\learner.cc:738:
Parameters: { "use_label_encoder" } are not used.

  bst.update(dtrain, iteration=i, fobj=obj)
[I 2025-05-01 22:24:25,613] Trial 17 finished with value: 0.7345679012345679 and parameters: {'n_estimators': 146, 'max_depth': 8, 'learning_rate': 0.1468756755067478, 'subsample': 0.8875662261524461, 'colsample_bytree': 0.6011113845998436}. Best is trial 17 with value: 0.7345679012345679.
c:\Users\x-hp\AppData\Local\Programs\Python\Python311\Lib\site-packages\xgboost\training.py:183: UserWarning: [22:24:25] WARNING: C:\actions-runner\_work\xgboost\xgboost\src\learner.cc:738:
Parameters: { "use_label_encoder" } are not used.

  bst.update(dtrain, iteration=i, fobj=obj)
[I 2025-05-01 22:24:25,983] Trial 18 finished with value: 0.7283950617283951 and parameters: {'n_estimators': 222, 'max_depth': 8, 'learning_rate': 0.15689962134846638, 'subsample': 0.8965792085272607, 'colsample_bytree': 0.6137570346487639}. Best is trial 17 with value: 0.7345679012345679.
c:\Users\x-hp\AppData\Local\Programs\Python\Python311\Lib\site-packages\xgboost\training.py:183: UserWarning: [22:24:26] WARNING: C:\actions-runner\_work\xgboost\xgboost\src\learner.cc:738:
Parameters: { "use_label_encoder" } are not used.

  bst.update(dtrain, iteration=i, fobj=obj)
[I 2025-05-01 22:24:26,288] Trial 19 finished with value: 0.7345679012345679 and parameters: {'n_estimators': 131, 'max_depth': 8, 'learning_rate': 0.12073945790376481, 'subsample': 0.8484531208732551, 'colsample_bytree': 0.6942775509658652}. Best is trial 17 with value: 0.7345679012345679.
c:\Users\x-hp\AppData\Local\Programs\Python\Python311\Lib\site-packages\xgboost\training.py:183: UserWarning: [22:24:26] WARNING: C:\actions-runner\_work\xgboost\xgboost\src\learner.cc:738:
Parameters: { "use_label_encoder" } are not used.

  bst.update(dtrain, iteration=i, fobj=obj)
✅ Saved and logged best XGBoost model with Optuna tuning.
[34m[1mwandb[0m: [33mWARNING[0m Tried to log to step 15 that is less than the current step 21. Steps must be monotonically increasing, so this data will be ignored. See https://wandb.me/define-metric to log data out of order.
[34m[1mwandb[0m: [33mWARNING[0m Tried to log to step 16 that is less than the current step 21. Steps must be monotonically increasing, so this data will be ignored. See https://wandb.me/define-metric to log data out of order.
[34m[1mwandb[0m: [33mWARNING[0m Tried to log to step 17 that is less than the current step 21. Steps must be monotonically increasing, so this data will be ignored. See https://wandb.me/define-metric to log data out of order.
[34m[1mwandb[0m: [33mWARNING[0m Tried to log to step 18 that is less than the current step 21. Steps must be monotonically increasing, so this data will be ignored. See https://wandb.me/define-metric to log data out of order.
[34m[1mwandb[0m: [33mWARNING[0m Tried to log to step 19 that is less than the current step 21. Steps must be monotonically increasing, so this data will be ignored. See https://wandb.me/define-metric to log data out of order.
Tuning RandomForest with Optuna...
[I 2025-05-01 22:36:52,820] A new study created in memory with name: no-name-a111a1de-d02d-4570-aaea-e67b4f63b37b
[W 2025-05-01 22:36:52,829] Trial 0 failed with parameters: {'n_estimators': 70, 'max_depth': 14, 'min_samples_split': 6} because of the following error: NameError("name 'y_resampled' is not defined").
Traceback (most recent call last):
  File "c:\Users\x-hp\AppData\Local\Programs\Python\Python311\Lib\site-packages\optuna\study\_optimize.py", line 197, in _run_trial
    value_or_values = func(trial)
                      ^^^^^^^^^^^
  File "C:\Users\x-hp\AppData\Local\Temp\ipykernel_14124\2607794363.py", line 9, in objective
    model.fit(X_train_scaled, y_resampled)
                              ^^^^^^^^^^^
NameError: name 'y_resampled' is not defined
[W 2025-05-01 22:36:52,851] Trial 0 failed with value None.
Tuning RandomForest with Optuna...
[I 2025-05-01 22:37:37,527] A new study created in memory with name: no-name-2cbc9dcf-a9c4-46fa-99f8-3f57817a9b5a
[I 2025-05-01 22:37:38,009] Trial 0 finished with value: 0.7160493827160493 and parameters: {'n_estimators': 122, 'max_depth': 10, 'min_samples_split': 2}. Best is trial 0 with value: 0.7160493827160493.
[I 2025-05-01 22:37:38,367] Trial 1 finished with value: 0.7283950617283951 and parameters: {'n_estimators': 58, 'max_depth': 16, 'min_samples_split': 5}. Best is trial 1 with value: 0.7283950617283951.
[I 2025-05-01 22:37:39,090] Trial 2 finished with value: 0.7098765432098766 and parameters: {'n_estimators': 141, 'max_depth': 6, 'min_samples_split': 4}. Best is trial 1 with value: 0.7283950617283951.
[I 2025-05-01 22:37:39,393] Trial 3 finished with value: 0.7098765432098766 and parameters: {'n_estimators': 129, 'max_depth': 6, 'min_samples_split': 2}. Best is trial 1 with value: 0.7283950617283951.
[I 2025-05-01 22:37:39,782] Trial 4 finished with value: 0.6851851851851852 and parameters: {'n_estimators': 164, 'max_depth': 7, 'min_samples_split': 4}. Best is trial 1 with value: 0.7283950617283951.
[I 2025-05-01 22:37:40,115] Trial 5 finished with value: 0.7037037037037037 and parameters: {'n_estimators': 143, 'max_depth': 12, 'min_samples_split': 9}. Best is trial 1 with value: 0.7283950617283951.
[I 2025-05-01 22:37:40,460] Trial 6 finished with value: 0.7160493827160493 and parameters: {'n_estimators': 136, 'max_depth': 16, 'min_samples_split': 10}. Best is trial 1 with value: 0.7283950617283951.
[I 2025-05-01 22:37:41,298] Trial 7 finished with value: 0.7222222222222222 and parameters: {'n_estimators': 192, 'max_depth': 14, 'min_samples_split': 3}. Best is trial 1 with value: 0.7283950617283951.
[I 2025-05-01 22:37:41,726] Trial 8 finished with value: 0.7037037037037037 and parameters: {'n_estimators': 168, 'max_depth': 19, 'min_samples_split': 7}. Best is trial 1 with value: 0.7283950617283951.
[I 2025-05-01 22:37:41,974] Trial 9 finished with value: 0.7098765432098766 and parameters: {'n_estimators': 90, 'max_depth': 17, 'min_samples_split': 10}. Best is trial 1 with value: 0.7283950617283951.
[I 2025-05-01 22:37:42,159] Trial 10 finished with value: 0.7037037037037037 and parameters: {'n_estimators': 58, 'max_depth': 20, 'min_samples_split': 6}. Best is trial 1 with value: 0.7283950617283951.
[I 2025-05-01 22:37:42,656] Trial 11 finished with value: 0.7037037037037037 and parameters: {'n_estimators': 200, 'max_depth': 14, 'min_samples_split': 4}. Best is trial 1 with value: 0.7283950617283951.
[I 2025-05-01 22:37:42,839] Trial 12 finished with value: 0.7222222222222222 and parameters: {'n_estimators': 57, 'max_depth': 14, 'min_samples_split': 6}. Best is trial 1 with value: 0.7283950617283951.
[I 2025-05-01 22:37:43,083] Trial 13 finished with value: 0.7098765432098766 and parameters: {'n_estimators': 90, 'max_depth': 11, 'min_samples_split': 3}. Best is trial 1 with value: 0.7283950617283951.
[I 2025-05-01 22:37:43,571] Trial 14 finished with value: 0.7098765432098766 and parameters: {'n_estimators': 193, 'max_depth': 16, 'min_samples_split': 5}. Best is trial 1 with value: 0.7283950617283951.
[I 2025-05-01 22:37:43,849] Trial 15 finished with value: 0.6975308641975309 and parameters: {'n_estimators': 100, 'max_depth': 9, 'min_samples_split': 8}. Best is trial 1 with value: 0.7283950617283951.
[I 2025-05-01 22:37:44,104] Trial 16 finished with value: 0.7222222222222222 and parameters: {'n_estimators': 71, 'max_depth': 14, 'min_samples_split': 5}. Best is trial 1 with value: 0.7283950617283951.
[I 2025-05-01 22:37:44,418] Trial 17 finished with value: 0.7098765432098766 and parameters: {'n_estimators': 109, 'max_depth': 18, 'min_samples_split': 3}. Best is trial 1 with value: 0.7283950617283951.
[I 2025-05-01 22:37:44,906] Trial 18 finished with value: 0.7160493827160493 and parameters: {'n_estimators': 170, 'max_depth': 15, 'min_samples_split': 5}. Best is trial 1 with value: 0.7283950617283951.
[I 2025-05-01 22:37:45,358] Trial 19 finished with value: 0.7098765432098766 and parameters: {'n_estimators': 155, 'max_depth': 12, 'min_samples_split': 7}. Best is trial 1 with value: 0.7283950617283951.
Best params for RandomForest: {'n_estimators': 58, 'max_depth': 16, 'min_samples_split': 5}
Tuning RandomForest with Optuna...
[I 2025-05-01 22:38:21,472] A new study created in memory with name: no-name-b4f1bf15-7563-45b1-824f-a544dd50f749
[I 2025-05-01 22:38:22,632] Trial 0 finished with value: 0.7037037037037037 and parameters: {'n_estimators': 175, 'max_depth': 19, 'min_samples_split': 9}. Best is trial 0 with value: 0.7037037037037037.
[I 2025-05-01 22:38:23,100] Trial 1 finished with value: 0.7283950617283951 and parameters: {'n_estimators': 150, 'max_depth': 9, 'min_samples_split': 10}. Best is trial 1 with value: 0.7283950617283951.
[I 2025-05-01 22:38:23,441] Trial 2 finished with value: 0.7160493827160493 and parameters: {'n_estimators': 126, 'max_depth': 17, 'min_samples_split': 5}. Best is trial 1 with value: 0.7283950617283951.
[I 2025-05-01 22:38:23,672] Trial 3 finished with value: 0.7160493827160493 and parameters: {'n_estimators': 83, 'max_depth': 11, 'min_samples_split': 2}. Best is trial 1 with value: 0.7283950617283951.
[I 2025-05-01 22:38:24,004] Trial 4 finished with value: 0.7098765432098766 and parameters: {'n_estimators': 112, 'max_depth': 8, 'min_samples_split': 9}. Best is trial 1 with value: 0.7283950617283951.
[I 2025-05-01 22:38:24,588] Trial 5 finished with value: 0.7222222222222222 and parameters: {'n_estimators': 135, 'max_depth': 19, 'min_samples_split': 2}. Best is trial 1 with value: 0.7283950617283951.
[I 2025-05-01 22:38:24,893] Trial 6 finished with value: 0.691358024691358 and parameters: {'n_estimators': 81, 'max_depth': 7, 'min_samples_split': 7}. Best is trial 1 with value: 0.7283950617283951.
[I 2025-05-01 22:38:25,575] Trial 7 finished with value: 0.7160493827160493 and parameters: {'n_estimators': 178, 'max_depth': 14, 'min_samples_split': 2}. Best is trial 1 with value: 0.7283950617283951.
[I 2025-05-01 22:38:26,344] Trial 8 finished with value: 0.7222222222222222 and parameters: {'n_estimators': 169, 'max_depth': 16, 'min_samples_split': 4}. Best is trial 1 with value: 0.7283950617283951.
[I 2025-05-01 22:38:26,656] Trial 9 finished with value: 0.6851851851851852 and parameters: {'n_estimators': 142, 'max_depth': 5, 'min_samples_split': 6}. Best is trial 1 with value: 0.7283950617283951.
[I 2025-05-01 22:38:27,147] Trial 10 finished with value: 0.7098765432098766 and parameters: {'n_estimators': 196, 'max_depth': 10, 'min_samples_split': 10}. Best is trial 1 with value: 0.7283950617283951.
[I 2025-05-01 22:38:27,855] Trial 11 finished with value: 0.7283950617283951 and parameters: {'n_estimators': 145, 'max_depth': 14, 'min_samples_split': 7}. Best is trial 1 with value: 0.7283950617283951.
[I 2025-05-01 22:38:28,250] Trial 12 finished with value: 0.7160493827160493 and parameters: {'n_estimators': 152, 'max_depth': 13, 'min_samples_split': 8}. Best is trial 1 with value: 0.7283950617283951.
[I 2025-05-01 22:38:28,691] Trial 13 finished with value: 0.7037037037037037 and parameters: {'n_estimators': 105, 'max_depth': 10, 'min_samples_split': 10}. Best is trial 1 with value: 0.7283950617283951.
[I 2025-05-01 22:38:28,899] Trial 14 finished with value: 0.7098765432098766 and parameters: {'n_estimators': 55, 'max_depth': 14, 'min_samples_split': 7}. Best is trial 1 with value: 0.7283950617283951.
[I 2025-05-01 22:38:29,646] Trial 15 finished with value: 0.6975308641975309 and parameters: {'n_estimators': 156, 'max_depth': 8, 'min_samples_split': 8}. Best is trial 1 with value: 0.7283950617283951.
[I 2025-05-01 22:38:30,414] Trial 16 finished with value: 0.7037037037037037 and parameters: {'n_estimators': 110, 'max_depth': 12, 'min_samples_split': 5}. Best is trial 1 with value: 0.7283950617283951.
[I 2025-05-01 22:38:31,090] Trial 17 finished with value: 0.7222222222222222 and parameters: {'n_estimators': 199, 'max_depth': 16, 'min_samples_split': 4}. Best is trial 1 with value: 0.7283950617283951.
[I 2025-05-01 22:38:31,464] Trial 18 finished with value: 0.6851851851851852 and parameters: {'n_estimators': 157, 'max_depth': 5, 'min_samples_split': 9}. Best is trial 1 with value: 0.7283950617283951.
[I 2025-05-01 22:38:31,852] Trial 19 finished with value: 0.7098765432098766 and parameters: {'n_estimators': 134, 'max_depth': 9, 'min_samples_split': 7}. Best is trial 1 with value: 0.7283950617283951.
Best params for RandomForest: {'n_estimators': 150, 'max_depth': 9, 'min_samples_split': 10}
Tuning XGBoost with Optuna...
[I 2025-05-01 22:38:32,363] A new study created in memory with name: no-name-7d2a0b7e-86a8-410b-85a6-30e6092ecb33
[I 2025-05-01 22:38:33,010] Trial 0 finished with value: 0.7037037037037037 and parameters: {'n_estimators': 295, 'max_depth': 8, 'learning_rate': 0.255724997672593}. Best is trial 0 with value: 0.7037037037037037.
[I 2025-05-01 22:38:33,403] Trial 1 finished with value: 0.7098765432098766 and parameters: {'n_estimators': 244, 'max_depth': 9, 'learning_rate': 0.13806115957815202}. Best is trial 1 with value: 0.7098765432098766.
[I 2025-05-01 22:38:33,673] Trial 2 finished with value: 0.7098765432098766 and parameters: {'n_estimators': 208, 'max_depth': 9, 'learning_rate': 0.2908597956721467}. Best is trial 1 with value: 0.7098765432098766.
[I 2025-05-01 22:38:33,900] Trial 3 finished with value: 0.7098765432098766 and parameters: {'n_estimators': 166, 'max_depth': 7, 'learning_rate': 0.24929276630481945}. Best is trial 1 with value: 0.7098765432098766.
[I 2025-05-01 22:38:34,197] Trial 4 finished with value: 0.7345679012345679 and parameters: {'n_estimators': 277, 'max_depth': 7, 'learning_rate': 0.2941604613582456}. Best is trial 4 with value: 0.7345679012345679.
[I 2025-05-01 22:38:34,431] Trial 5 finished with value: 0.7098765432098766 and parameters: {'n_estimators': 126, 'max_depth': 7, 'learning_rate': 0.18570917198078746}. Best is trial 4 with value: 0.7345679012345679.
[I 2025-05-01 22:38:34,734] Trial 6 finished with value: 0.7037037037037037 and parameters: {'n_estimators': 139, 'max_depth': 6, 'learning_rate': 0.21423198961239176}. Best is trial 4 with value: 0.7345679012345679.
[I 2025-05-01 22:38:34,979] Trial 7 finished with value: 0.7160493827160493 and parameters: {'n_estimators': 155, 'max_depth': 5, 'learning_rate': 0.26401320244252696}. Best is trial 4 with value: 0.7345679012345679.
[I 2025-05-01 22:38:35,464] Trial 8 finished with value: 0.691358024691358 and parameters: {'n_estimators': 240, 'max_depth': 7, 'learning_rate': 0.05251285152487319}. Best is trial 4 with value: 0.7345679012345679.
[I 2025-05-01 22:38:35,908] Trial 9 finished with value: 0.7037037037037037 and parameters: {'n_estimators': 279, 'max_depth': 9, 'learning_rate': 0.11333313156081848}. Best is trial 4 with value: 0.7345679012345679.
[I 2025-05-01 22:38:36,199] Trial 10 finished with value: 0.7283950617283951 and parameters: {'n_estimators': 251, 'max_depth': 3, 'learning_rate': 0.029999395916382343}. Best is trial 4 with value: 0.7345679012345679.
[I 2025-05-01 22:38:36,502] Trial 11 finished with value: 0.7160493827160493 and parameters: {'n_estimators': 257, 'max_depth': 3, 'learning_rate': 0.04118078655566396}. Best is trial 4 with value: 0.7345679012345679.
[I 2025-05-01 22:38:36,766] Trial 12 finished with value: 0.7098765432098766 and parameters: {'n_estimators': 210, 'max_depth': 4, 'learning_rate': 0.10157139576902678}. Best is trial 4 with value: 0.7345679012345679.
[I 2025-05-01 22:38:37,128] Trial 13 finished with value: 0.6975308641975309 and parameters: {'n_estimators': 274, 'max_depth': 5, 'learning_rate': 0.07667118628364022}. Best is trial 4 with value: 0.7345679012345679.
[I 2025-05-01 22:38:37,732] Trial 14 finished with value: 0.7283950617283951 and parameters: {'n_estimators': 225, 'max_depth': 3, 'learning_rate': 0.01764541370146755}. Best is trial 4 with value: 0.7345679012345679.
[I 2025-05-01 22:38:38,431] Trial 15 finished with value: 0.7160493827160493 and parameters: {'n_estimators': 180, 'max_depth': 5, 'learning_rate': 0.1845279883564858}. Best is trial 4 with value: 0.7345679012345679.
[I 2025-05-01 22:38:38,952] Trial 16 finished with value: 0.7098765432098766 and parameters: {'n_estimators': 296, 'max_depth': 10, 'learning_rate': 0.15258456757316813}. Best is trial 4 with value: 0.7345679012345679.
[I 2025-05-01 22:38:39,471] Trial 17 finished with value: 0.7098765432098766 and parameters: {'n_estimators': 264, 'max_depth': 6, 'learning_rate': 0.20585517895237887}. Best is trial 4 with value: 0.7345679012345679.
[I 2025-05-01 22:38:39,848] Trial 18 finished with value: 0.7222222222222222 and parameters: {'n_estimators': 105, 'max_depth': 4, 'learning_rate': 0.11654943406294607}. Best is trial 4 with value: 0.7345679012345679.
