[I 2025-05-01 23:42:45,534] Trial 98 finished with value: 0.861359649122807 and parameters: {'n_estimators': 246, 'max_depth': 10, 'learning_rate': 0.014537602242096572, 'subsample': 0.9999788519451228, 'colsample_bytree': 0.6439780718549563, 'gamma': 1.1175474447212197, 'min_child_weight': 1}. Best is trial 91 with value: 0.8718640350877193.
c:\Users\x-hp\AppData\Local\Programs\Python\Python311\Lib\site-packages\xgboost\training.py:183: UserWarning: [23:42:45] WARNING: C:\actions-runner\_work\xgboost\xgboost\src\learner.cc:738:
Parameters: { "use_label_encoder" } are not used.

  bst.update(dtrain, iteration=i, fobj=obj)
c:\Users\x-hp\AppData\Local\Programs\Python\Python311\Lib\site-packages\xgboost\training.py:183: UserWarning: [23:42:45] WARNING: C:\actions-runner\_work\xgboost\xgboost\src\learner.cc:738:
Parameters: { "use_label_encoder" } are not used.

  bst.update(dtrain, iteration=i, fobj=obj)
c:\Users\x-hp\AppData\Local\Programs\Python\Python311\Lib\site-packages\xgboost\training.py:183: UserWarning: [23:42:46] WARNING: C:\actions-runner\_work\xgboost\xgboost\src\learner.cc:738:
Parameters: { "use_label_encoder" } are not used.

  bst.update(dtrain, iteration=i, fobj=obj)
c:\Users\x-hp\AppData\Local\Programs\Python\Python311\Lib\site-packages\xgboost\training.py:183: UserWarning: [23:42:46] WARNING: C:\actions-runner\_work\xgboost\xgboost\src\learner.cc:738:
Parameters: { "use_label_encoder" } are not used.

  bst.update(dtrain, iteration=i, fobj=obj)
c:\Users\x-hp\AppData\Local\Programs\Python\Python311\Lib\site-packages\xgboost\training.py:183: UserWarning: [23:42:47] WARNING: C:\actions-runner\_work\xgboost\xgboost\src\learner.cc:738:
Parameters: { "use_label_encoder" } are not used.

  bst.update(dtrain, iteration=i, fobj=obj)
[I 2025-05-01 23:42:47,351] Trial 99 finished with value: 0.8550877192982457 and parameters: {'n_estimators': 229, 'max_depth': 9, 'learning_rate': 0.04544518469372745, 'subsample': 0.9582534771761431, 'colsample_bytree': 0.6586855472884099, 'gamma': 0.1732656887781961, 'min_child_weight': 2}. Best is trial 91 with value: 0.8718640350877193.
✅ Best XGBoost Parameters: {'n_estimators': 207, 'max_depth': 10, 'learning_rate': 0.01984393003584142, 'subsample': 0.9993738633955225, 'colsample_bytree': 0.658973270280266, 'gamma': 0.4136771466451134, 'min_child_weight': 1}
c:\Users\x-hp\AppData\Local\Programs\Python\Python311\Lib\site-packages\xgboost\training.py:183: UserWarning: [23:42:47] WARNING: C:\actions-runner\_work\xgboost\xgboost\src\learner.cc:738:
Parameters: { "use_label_encoder" } are not used.

  bst.update(dtrain, iteration=i, fobj=obj)
✅ Best model selected based on F1: RandomForest
01-05-2025 23:42:48 Retraining best model on original full dataset...
✅ Best model selected based on F1: RandomForest
[I 2025-05-01 23:51:12,559] A new study created in memory with name: no-name-9ad7f9b0-d55c-4282-9980-a8b86c6f1570
[I 2025-05-01 23:51:14,736] Trial 0 finished with value: 0.7816901408450704 and parameters: {'n_estimators': 62, 'max_depth': 5, 'min_samples_split': 4, 'min_samples_leaf': 1}. Best is trial 0 with value: 0.7816901408450704.
[I 2025-05-01 23:51:18,477] Trial 1 finished with value: 0.7731611893583723 and parameters: {'n_estimators': 103, 'max_depth': 10, 'min_samples_split': 3, 'min_samples_leaf': 5}. Best is trial 0 with value: 0.7816901408450704.
[I 2025-05-01 23:51:20,856] Trial 2 finished with value: 0.7732394366197182 and parameters: {'n_estimators': 120, 'max_depth': 2, 'min_samples_split': 8, 'min_samples_leaf': 3}. Best is trial 0 with value: 0.7816901408450704.
[I 2025-05-01 23:51:23,228] Trial 3 finished with value: 0.7872456964006259 and parameters: {'n_estimators': 76, 'max_depth': 7, 'min_samples_split': 8, 'min_samples_leaf': 3}. Best is trial 3 with value: 0.7872456964006259.
[I 2025-05-01 23:51:25,130] Trial 4 finished with value: 0.7900625978090767 and parameters: {'n_estimators': 104, 'max_depth': 8, 'min_samples_split': 9, 'min_samples_leaf': 1}. Best is trial 4 with value: 0.7900625978090767.
[I 2025-05-01 23:51:28,279] Trial 5 finished with value: 0.7900234741784038 and parameters: {'n_estimators': 175, 'max_depth': 10, 'min_samples_split': 10, 'min_samples_leaf': 3}. Best is trial 4 with value: 0.7900625978090767.
[I 2025-05-01 23:51:29,503] Trial 6 finished with value: 0.7704616588419405 and parameters: {'n_estimators': 75, 'max_depth': 4, 'min_samples_split': 5, 'min_samples_leaf': 4}. Best is trial 4 with value: 0.7900625978090767.
[I 2025-05-01 23:51:32,753] Trial 7 finished with value: 0.7844679186228483 and parameters: {'n_estimators': 179, 'max_depth': 10, 'min_samples_split': 9, 'min_samples_leaf': 5}. Best is trial 4 with value: 0.7900625978090767.
[I 2025-05-01 23:51:35,188] Trial 8 finished with value: 0.776056338028169 and parameters: {'n_estimators': 173, 'max_depth': 3, 'min_samples_split': 9, 'min_samples_leaf': 1}. Best is trial 4 with value: 0.7900625978090767.
[I 2025-05-01 23:51:37,289] Trial 9 finished with value: 0.7816510172143974 and parameters: {'n_estimators': 144, 'max_depth': 3, 'min_samples_split': 2, 'min_samples_leaf': 2}. Best is trial 4 with value: 0.7900625978090767.
[I 2025-05-01 23:51:38,751] Trial 10 finished with value: 0.7704225352112676 and parameters: {'n_estimators': 99, 'max_depth': 7, 'min_samples_split': 6, 'min_samples_leaf': 2}. Best is trial 4 with value: 0.7900625978090767.
[I 2025-05-01 23:51:42,429] Trial 11 finished with value: 0.8012910798122064 and parameters: {'n_estimators': 200, 'max_depth': 8, 'min_samples_split': 10, 'min_samples_leaf': 2}. Best is trial 11 with value: 0.8012910798122064.
[I 2025-05-01 23:51:45,199] Trial 12 finished with value: 0.7928794992175273 and parameters: {'n_estimators': 143, 'max_depth': 8, 'min_samples_split': 10, 'min_samples_leaf': 2}. Best is trial 11 with value: 0.8012910798122064.
[I 2025-05-01 23:51:48,507] Trial 13 finished with value: 0.8041079812206572 and parameters: {'n_estimators': 197, 'max_depth': 8, 'min_samples_split': 10, 'min_samples_leaf': 2}. Best is trial 13 with value: 0.8041079812206572.
[I 2025-05-01 23:51:51,634] Trial 14 finished with value: 0.7844287949921753 and parameters: {'n_estimators': 200, 'max_depth': 8, 'min_samples_split': 7, 'min_samples_leaf': 2}. Best is trial 13 with value: 0.8041079812206572.
[I 2025-05-01 23:51:54,272] Trial 15 finished with value: 0.7788341158059466 and parameters: {'n_estimators': 199, 'max_depth': 6, 'min_samples_split': 7, 'min_samples_leaf': 4}. Best is trial 13 with value: 0.8041079812206572.
[I 2025-05-01 23:51:56,707] Trial 16 finished with value: 0.7900625978090765 and parameters: {'n_estimators': 153, 'max_depth': 9, 'min_samples_split': 10, 'min_samples_leaf': 2}. Best is trial 13 with value: 0.8041079812206572.
[I 2025-05-01 23:51:58,969] Trial 17 finished with value: 0.7788341158059469 and parameters: {'n_estimators': 161, 'max_depth': 6, 'min_samples_split': 8, 'min_samples_leaf': 4}. Best is trial 13 with value: 0.8041079812206572.
[I 2025-05-01 23:52:02,296] Trial 18 finished with value: 0.7957355242566511 and parameters: {'n_estimators': 188, 'max_depth': 9, 'min_samples_split': 7, 'min_samples_leaf': 1}. Best is trial 13 with value: 0.8041079812206572.
[I 2025-05-01 23:52:04,498] Trial 19 finished with value: 0.7816118935837245 and parameters: {'n_estimators': 127, 'max_depth': 7, 'min_samples_split': 5, 'min_samples_leaf': 2}. Best is trial 13 with value: 0.8041079812206572.
[I 2025-05-01 23:52:07,450] Trial 20 finished with value: 0.7816118935837245 and parameters: {'n_estimators': 162, 'max_depth': 9, 'min_samples_split': 10, 'min_samples_leaf': 3}. Best is trial 13 with value: 0.8041079812206572.
[I 2025-05-01 23:52:10,492] Trial 21 finished with value: 0.7957355242566511 and parameters: {'n_estimators': 188, 'max_depth': 9, 'min_samples_split': 7, 'min_samples_leaf': 1}. Best is trial 13 with value: 0.8041079812206572.
[I 2025-05-01 23:52:13,277] Trial 22 finished with value: 0.7928794992175273 and parameters: {'n_estimators': 188, 'max_depth': 8, 'min_samples_split': 9, 'min_samples_leaf': 1}. Best is trial 13 with value: 0.8041079812206572.
[I 2025-05-01 23:52:16,196] Trial 23 finished with value: 0.7873239436619718 and parameters: {'n_estimators': 188, 'max_depth': 9, 'min_samples_split': 6, 'min_samples_leaf': 2}. Best is trial 13 with value: 0.8041079812206572.
[I 2025-05-01 23:52:19,838] Trial 24 finished with value: 0.7788732394366196 and parameters: {'n_estimators': 197, 'max_depth': 7, 'min_samples_split': 8, 'min_samples_leaf': 1}. Best is trial 13 with value: 0.8041079812206572.
[I 2025-05-01 23:52:23,401] Trial 25 finished with value: 0.7872848200312988 and parameters: {'n_estimators': 171, 'max_depth': 5, 'min_samples_split': 9, 'min_samples_leaf': 2}. Best is trial 13 with value: 0.8041079812206572.
[I 2025-05-01 23:52:26,546] Trial 26 finished with value: 0.7844287949921753 and parameters: {'n_estimators': 185, 'max_depth': 9, 'min_samples_split': 5, 'min_samples_leaf': 1}. Best is trial 13 with value: 0.8041079812206572.
[I 2025-05-01 23:52:29,012] Trial 27 finished with value: 0.7900625978090767 and parameters: {'n_estimators': 164, 'max_depth': 8, 'min_samples_split': 10, 'min_samples_leaf': 2}. Best is trial 13 with value: 0.8041079812206572.
[I 2025-05-01 23:52:31,240] Trial 28 finished with value: 0.7901017214397497 and parameters: {'n_estimators': 143, 'max_depth': 10, 'min_samples_split': 7, 'min_samples_leaf': 1}. Best is trial 13 with value: 0.8041079812206572.
[I 2025-05-01 23:52:34,443] Trial 29 finished with value: 0.7873239436619718 and parameters: {'n_estimators': 193, 'max_depth': 5, 'min_samples_split': 4, 'min_samples_leaf': 1}. Best is trial 13 with value: 0.8041079812206572.
[I 2025-05-01 23:52:38,053] Trial 30 finished with value: 0.7844679186228483 and parameters: {'n_estimators': 179, 'max_depth': 6, 'min_samples_split': 4, 'min_samples_leaf': 3}. Best is trial 13 with value: 0.8041079812206572.
[I 2025-05-01 23:52:41,292] Trial 31 finished with value: 0.7957355242566511 and parameters: {'n_estimators': 187, 'max_depth': 9, 'min_samples_split': 7, 'min_samples_leaf': 1}. Best is trial 13 with value: 0.8041079812206572.
[I 2025-05-01 23:52:44,826] Trial 32 finished with value: 0.7984741784037558 and parameters: {'n_estimators': 200, 'max_depth': 9, 'min_samples_split': 6, 'min_samples_leaf': 1}. Best is trial 13 with value: 0.8041079812206572.
[I 2025-05-01 23:52:47,641] Trial 33 finished with value: 0.7928794992175273 and parameters: {'n_estimators': 199, 'max_depth': 10, 'min_samples_split': 6, 'min_samples_leaf': 1}. Best is trial 13 with value: 0.8041079812206572.
[I 2025-05-01 23:52:50,955] Trial 34 finished with value: 0.7844679186228483 and parameters: {'n_estimators': 181, 'max_depth': 8, 'min_samples_split': 3, 'min_samples_leaf': 3}. Best is trial 13 with value: 0.8041079812206572.
[I 2025-05-01 23:52:54,255] Trial 35 finished with value: 0.7844679186228483 and parameters: {'n_estimators': 171, 'max_depth': 7, 'min_samples_split': 6, 'min_samples_leaf': 2}. Best is trial 13 with value: 0.8041079812206572.
[I 2025-05-01 23:52:57,662] Trial 36 finished with value: 0.8041079812206572 and parameters: {'n_estimators': 192, 'max_depth': 10, 'min_samples_split': 8, 'min_samples_leaf': 1}. Best is trial 13 with value: 0.8041079812206572.
[I 2025-05-01 23:52:58,685] Trial 37 finished with value: 0.7900625978090765 and parameters: {'n_estimators': 57, 'max_depth': 10, 'min_samples_split': 8, 'min_samples_leaf': 2}. Best is trial 13 with value: 0.8041079812206572.
[I 2025-05-01 23:53:01,632] Trial 38 finished with value: 0.7872456964006259 and parameters: {'n_estimators': 194, 'max_depth': 10, 'min_samples_split': 8, 'min_samples_leaf': 3}. Best is trial 13 with value: 0.8041079812206572.
[I 2025-05-01 23:53:03,880] Trial 39 finished with value: 0.7900234741784038 and parameters: {'n_estimators': 115, 'max_depth': 7, 'min_samples_split': 9, 'min_samples_leaf': 1}. Best is trial 13 with value: 0.8041079812206572.
[I 2025-05-01 23:53:04,931] Trial 40 finished with value: 0.784467918622848 and parameters: {'n_estimators': 71, 'max_depth': 8, 'min_samples_split': 10, 'min_samples_leaf': 1}. Best is trial 13 with value: 0.8041079812206572.
[I 2025-05-01 23:53:07,524] Trial 41 finished with value: 0.7956572769953052 and parameters: {'n_estimators': 192, 'max_depth': 9, 'min_samples_split': 9, 'min_samples_leaf': 1}. Best is trial 13 with value: 0.8041079812206572.
[I 2025-05-01 23:53:10,572] Trial 42 finished with value: 0.7956964006259781 and parameters: {'n_estimators': 180, 'max_depth': 10, 'min_samples_split': 8, 'min_samples_leaf': 1}. Best is trial 13 with value: 0.8041079812206572.
[I 2025-05-01 23:53:12,213] Trial 43 finished with value: 0.7929186228482002 and parameters: {'n_estimators': 88, 'max_depth': 9, 'min_samples_split': 6, 'min_samples_leaf': 2}. Best is trial 13 with value: 0.8041079812206572.
[I 2025-05-01 23:53:15,121] Trial 44 finished with value: 0.795618153364632 and parameters: {'n_estimators': 174, 'max_depth': 8, 'min_samples_split': 7, 'min_samples_leaf': 1}. Best is trial 13 with value: 0.8041079812206572.
[I 2025-05-01 23:53:18,037] Trial 45 finished with value: 0.7928794992175273 and parameters: {'n_estimators': 200, 'max_depth': 10, 'min_samples_split': 9, 'min_samples_leaf': 1}. Best is trial 13 with value: 0.8041079812206572.
[I 2025-05-01 23:53:21,260] Trial 46 finished with value: 0.7844679186228483 and parameters: {'n_estimators': 167, 'max_depth': 9, 'min_samples_split': 5, 'min_samples_leaf': 5}. Best is trial 13 with value: 0.8041079812206572.
[I 2025-05-01 23:53:23,364] Trial 47 finished with value: 0.7704616588419405 and parameters: {'n_estimators': 151, 'max_depth': 2, 'min_samples_split': 10, 'min_samples_leaf': 2}. Best is trial 13 with value: 0.8041079812206572.
[I 2025-05-01 23:53:26,379] Trial 48 finished with value: 0.7900234741784036 and parameters: {'n_estimators': 181, 'max_depth': 8, 'min_samples_split': 8, 'min_samples_leaf': 4}. Best is trial 13 with value: 0.8041079812206572.
[I 2025-05-01 23:53:29,130] Trial 49 finished with value: 0.7928794992175273 and parameters: {'n_estimators': 156, 'max_depth': 10, 'min_samples_split': 9, 'min_samples_leaf': 2}. Best is trial 13 with value: 0.8041079812206572.
[I 2025-05-01 23:53:31,873] Trial 50 finished with value: 0.7957355242566511 and parameters: {'n_estimators': 192, 'max_depth': 9, 'min_samples_split': 7, 'min_samples_leaf': 1}. Best is trial 13 with value: 0.8041079812206572.
[I 2025-05-01 23:53:34,790] Trial 51 finished with value: 0.7957355242566511 and parameters: {'n_estimators': 186, 'max_depth': 9, 'min_samples_split': 7, 'min_samples_leaf': 1}. Best is trial 13 with value: 0.8041079812206572.
[I 2025-05-01 23:53:38,449] Trial 52 finished with value: 0.7956964006259779 and parameters: {'n_estimators': 192, 'max_depth': 9, 'min_samples_split': 6, 'min_samples_leaf': 1}. Best is trial 13 with value: 0.8041079812206572.
[I 2025-05-01 23:53:40,476] Trial 53 finished with value: 0.78716744913928 and parameters: {'n_estimators': 128, 'max_depth': 8, 'min_samples_split': 7, 'min_samples_leaf': 1}. Best is trial 13 with value: 0.8041079812206572.
[I 2025-05-01 23:53:43,629] Trial 54 finished with value: 0.7901017214397497 and parameters: {'n_estimators': 200, 'max_depth': 10, 'min_samples_split': 5, 'min_samples_leaf': 2}. Best is trial 13 with value: 0.8041079812206572.
[I 2025-05-01 23:53:48,783] Trial 55 finished with value: 0.7900234741784038 and parameters: {'n_estimators': 184, 'max_depth': 8, 'min_samples_split': 8, 'min_samples_leaf': 1}. Best is trial 13 with value: 0.8041079812206572.
[I 2025-05-01 23:53:54,789] Trial 56 finished with value: 0.7985133020344287 and parameters: {'n_estimators': 175, 'max_depth': 9, 'min_samples_split': 10, 'min_samples_leaf': 2}. Best is trial 13 with value: 0.8041079812206572.
[I 2025-05-01 23:54:01,266] Trial 57 finished with value: 0.7788732394366196 and parameters: {'n_estimators': 178, 'max_depth': 3, 'min_samples_split': 10, 'min_samples_leaf': 2}. Best is trial 13 with value: 0.8041079812206572.
[I 2025-05-01 23:54:06,103] Trial 58 finished with value: 0.7844679186228483 and parameters: {'n_estimators': 193, 'max_depth': 9, 'min_samples_split': 10, 'min_samples_leaf': 3}. Best is trial 13 with value: 0.8041079812206572.
[I 2025-05-01 23:54:08,521] Trial 59 finished with value: 0.7928403755868544 and parameters: {'n_estimators': 168, 'max_depth': 8, 'min_samples_split': 10, 'min_samples_leaf': 2}. Best is trial 13 with value: 0.8041079812206572.
[I 2025-05-01 23:54:11,599] Trial 60 finished with value: 0.7872456964006259 and parameters: {'n_estimators': 134, 'max_depth': 7, 'min_samples_split': 9, 'min_samples_leaf': 2}. Best is trial 13 with value: 0.8041079812206572.
[I 2025-05-01 23:54:15,840] Trial 61 finished with value: 0.7957355242566511 and parameters: {'n_estimators': 189, 'max_depth': 9, 'min_samples_split': 7, 'min_samples_leaf': 1}. Best is trial 13 with value: 0.8041079812206572.
[I 2025-05-01 23:54:19,403] Trial 62 finished with value: 0.8012128325508607 and parameters: {'n_estimators': 175, 'max_depth': 9, 'min_samples_split': 10, 'min_samples_leaf': 1}. Best is trial 13 with value: 0.8041079812206572.
[I 2025-05-01 23:54:22,111] Trial 63 finished with value: 0.7956964006259781 and parameters: {'n_estimators': 174, 'max_depth': 10, 'min_samples_split': 10, 'min_samples_leaf': 2}. Best is trial 13 with value: 0.8041079812206572.
[I 2025-05-01 23:54:24,357] Trial 64 finished with value: 0.8012128325508607 and parameters: {'n_estimators': 196, 'max_depth': 9, 'min_samples_split': 10, 'min_samples_leaf': 1}. Best is trial 13 with value: 0.8041079812206572.
[I 2025-05-01 23:54:26,266] Trial 65 finished with value: 0.8013302034428795 and parameters: {'n_estimators': 196, 'max_depth': 9, 'min_samples_split': 10, 'min_samples_leaf': 2}. Best is trial 13 with value: 0.8041079812206572.
[I 2025-05-01 23:54:28,860] Trial 66 finished with value: 0.784467918622848 and parameters: {'n_estimators': 194, 'max_depth': 7, 'min_samples_split': 10, 'min_samples_leaf': 3}. Best is trial 13 with value: 0.8041079812206572.
[I 2025-05-01 23:54:30,798] Trial 67 finished with value: 0.7928403755868544 and parameters: {'n_estimators': 158, 'max_depth': 8, 'min_samples_split': 10, 'min_samples_leaf': 2}. Best is trial 13 with value: 0.8041079812206572.
[I 2025-05-01 23:54:33,197] Trial 68 finished with value: 0.7985133020344287 and parameters: {'n_estimators': 177, 'max_depth': 9, 'min_samples_split': 9, 'min_samples_leaf': 2}. Best is trial 13 with value: 0.8041079812206572.
[I 2025-05-01 23:54:35,030] Trial 69 finished with value: 0.7872848200312988 and parameters: {'n_estimators': 182, 'max_depth': 10, 'min_samples_split': 10, 'min_samples_leaf': 4}. Best is trial 13 with value: 0.8041079812206572.
[I 2025-05-01 23:54:37,055] Trial 70 finished with value: 0.7901017214397497 and parameters: {'n_estimators': 196, 'max_depth': 6, 'min_samples_split': 9, 'min_samples_leaf': 2}. Best is trial 13 with value: 0.8041079812206572.
[I 2025-05-01 23:54:39,130] Trial 71 finished with value: 0.7985133020344287 and parameters: {'n_estimators': 176, 'max_depth': 9, 'min_samples_split': 9, 'min_samples_leaf': 2}. Best is trial 13 with value: 0.8041079812206572.
[I 2025-05-01 23:54:41,026] Trial 72 finished with value: 0.7985133020344287 and parameters: {'n_estimators': 188, 'max_depth': 9, 'min_samples_split': 10, 'min_samples_leaf': 2}. Best is trial 13 with value: 0.8041079812206572.
[I 2025-05-01 23:54:42,973] Trial 73 finished with value: 0.7928794992175273 and parameters: {'n_estimators': 168, 'max_depth': 9, 'min_samples_split': 10, 'min_samples_leaf': 2}. Best is trial 13 with value: 0.8041079812206572.
[I 2025-05-01 23:54:45,120] Trial 74 finished with value: 0.7928794992175273 and parameters: {'n_estimators': 183, 'max_depth': 8, 'min_samples_split': 9, 'min_samples_leaf': 3}. Best is trial 13 with value: 0.8041079812206572.
[I 2025-05-01 23:54:47,148] Trial 75 finished with value: 0.7900234741784038 and parameters: {'n_estimators': 196, 'max_depth': 10, 'min_samples_split': 10, 'min_samples_leaf': 3}. Best is trial 13 with value: 0.8041079812206572.
[I 2025-05-01 23:54:48,954] Trial 76 finished with value: 0.7956964006259779 and parameters: {'n_estimators': 150, 'max_depth': 9, 'min_samples_split': 9, 'min_samples_leaf': 2}. Best is trial 13 with value: 0.8041079812206572.
[I 2025-05-01 23:54:50,854] Trial 77 finished with value: 0.7901408450704224 and parameters: {'n_estimators': 189, 'max_depth': 10, 'min_samples_split': 10, 'min_samples_leaf': 2}. Best is trial 13 with value: 0.8041079812206572.
[I 2025-05-01 23:54:52,864] Trial 78 finished with value: 0.7956964006259779 and parameters: {'n_estimators': 177, 'max_depth': 8, 'min_samples_split': 9, 'min_samples_leaf': 2}. Best is trial 13 with value: 0.8041079812206572.
[I 2025-05-01 23:54:55,223] Trial 79 finished with value: 0.7984741784037558 and parameters: {'n_estimators': 197, 'max_depth': 8, 'min_samples_split': 10, 'min_samples_leaf': 1}. Best is trial 13 with value: 0.8041079812206572.
[I 2025-05-01 23:54:56,906] Trial 80 finished with value: 0.7928403755868544 and parameters: {'n_estimators': 163, 'max_depth': 9, 'min_samples_split': 10, 'min_samples_leaf': 2}. Best is trial 13 with value: 0.8041079812206572.
[I 2025-05-01 23:54:58,965] Trial 81 finished with value: 0.7985133020344287 and parameters: {'n_estimators': 176, 'max_depth': 9, 'min_samples_split': 9, 'min_samples_leaf': 2}. Best is trial 13 with value: 0.8041079812206572.
[I 2025-05-01 23:55:00,749] Trial 82 finished with value: 0.7985133020344287 and parameters: {'n_estimators': 171, 'max_depth': 9, 'min_samples_split': 9, 'min_samples_leaf': 2}. Best is trial 13 with value: 0.8041079812206572.
