[I 2025-05-01 23:41:07,639] Trial 50 finished with value: 0.8571929824561403 and parameters: {'n_estimators': 246, 'max_depth': 7, 'learning_rate': 0.09908667341365536, 'subsample': 0.9742261027446042, 'colsample_bytree': 0.7523004860580981, 'gamma': 1.6075457356765073, 'min_child_weight': 2}. Best is trial 43 with value: 0.8676535087719298.
c:\Users\x-hp\AppData\Local\Programs\Python\Python311\Lib\site-packages\xgboost\training.py:183: UserWarning: [23:41:07] WARNING: C:\actions-runner\_work\xgboost\xgboost\src\learner.cc:738:
Parameters: { "use_label_encoder" } are not used.

  bst.update(dtrain, iteration=i, fobj=obj)
c:\Users\x-hp\AppData\Local\Programs\Python\Python311\Lib\site-packages\xgboost\training.py:183: UserWarning: [23:41:08] WARNING: C:\actions-runner\_work\xgboost\xgboost\src\learner.cc:738:
Parameters: { "use_label_encoder" } are not used.

  bst.update(dtrain, iteration=i, fobj=obj)
c:\Users\x-hp\AppData\Local\Programs\Python\Python311\Lib\site-packages\xgboost\training.py:183: UserWarning: [23:41:08] WARNING: C:\actions-runner\_work\xgboost\xgboost\src\learner.cc:738:
Parameters: { "use_label_encoder" } are not used.

  bst.update(dtrain, iteration=i, fobj=obj)
c:\Users\x-hp\AppData\Local\Programs\Python\Python311\Lib\site-packages\xgboost\training.py:183: UserWarning: [23:41:08] WARNING: C:\actions-runner\_work\xgboost\xgboost\src\learner.cc:738:
Parameters: { "use_label_encoder" } are not used.

  bst.update(dtrain, iteration=i, fobj=obj)
c:\Users\x-hp\AppData\Local\Programs\Python\Python311\Lib\site-packages\xgboost\training.py:183: UserWarning: [23:41:09] WARNING: C:\actions-runner\_work\xgboost\xgboost\src\learner.cc:738:
Parameters: { "use_label_encoder" } are not used.

  bst.update(dtrain, iteration=i, fobj=obj)
[I 2025-05-01 23:41:10,015] Trial 51 finished with value: 0.8592105263157895 and parameters: {'n_estimators': 241, 'max_depth': 6, 'learning_rate': 0.05915329185467213, 'subsample': 0.9705748691103797, 'colsample_bytree': 0.6723945825118447, 'gamma': 0.12471918946857041, 'min_child_weight': 1}. Best is trial 43 with value: 0.8676535087719298.
c:\Users\x-hp\AppData\Local\Programs\Python\Python311\Lib\site-packages\xgboost\training.py:183: UserWarning: [23:41:10] WARNING: C:\actions-runner\_work\xgboost\xgboost\src\learner.cc:738:
Parameters: { "use_label_encoder" } are not used.

  bst.update(dtrain, iteration=i, fobj=obj)
c:\Users\x-hp\AppData\Local\Programs\Python\Python311\Lib\site-packages\xgboost\training.py:183: UserWarning: [23:41:10] WARNING: C:\actions-runner\_work\xgboost\xgboost\src\learner.cc:738:
Parameters: { "use_label_encoder" } are not used.

  bst.update(dtrain, iteration=i, fobj=obj)
c:\Users\x-hp\AppData\Local\Programs\Python\Python311\Lib\site-packages\xgboost\training.py:183: UserWarning: [23:41:10] WARNING: C:\actions-runner\_work\xgboost\xgboost\src\learner.cc:738:
Parameters: { "use_label_encoder" } are not used.

  bst.update(dtrain, iteration=i, fobj=obj)
c:\Users\x-hp\AppData\Local\Programs\Python\Python311\Lib\site-packages\xgboost\training.py:183: UserWarning: [23:41:11] WARNING: C:\actions-runner\_work\xgboost\xgboost\src\learner.cc:738:
Parameters: { "use_label_encoder" } are not used.

  bst.update(dtrain, iteration=i, fobj=obj)
c:\Users\x-hp\AppData\Local\Programs\Python\Python311\Lib\site-packages\xgboost\training.py:183: UserWarning: [23:41:11] WARNING: C:\actions-runner\_work\xgboost\xgboost\src\learner.cc:738:
Parameters: { "use_label_encoder" } are not used.

  bst.update(dtrain, iteration=i, fobj=obj)
[I 2025-05-01 23:41:11,956] Trial 52 finished with value: 0.8530263157894737 and parameters: {'n_estimators': 256, 'max_depth': 6, 'learning_rate': 0.05358597023518075, 'subsample': 0.9840785006708318, 'colsample_bytree': 0.7061711637825029, 'gamma': 0.020933181911615986, 'min_child_weight': 2}. Best is trial 43 with value: 0.8676535087719298.
c:\Users\x-hp\AppData\Local\Programs\Python\Python311\Lib\site-packages\xgboost\training.py:183: UserWarning: [23:41:12] WARNING: C:\actions-runner\_work\xgboost\xgboost\src\learner.cc:738:
Parameters: { "use_label_encoder" } are not used.

  bst.update(dtrain, iteration=i, fobj=obj)
c:\Users\x-hp\AppData\Local\Programs\Python\Python311\Lib\site-packages\xgboost\training.py:183: UserWarning: [23:41:12] WARNING: C:\actions-runner\_work\xgboost\xgboost\src\learner.cc:738:
Parameters: { "use_label_encoder" } are not used.

  bst.update(dtrain, iteration=i, fobj=obj)
c:\Users\x-hp\AppData\Local\Programs\Python\Python311\Lib\site-packages\xgboost\training.py:183: UserWarning: [23:41:13] WARNING: C:\actions-runner\_work\xgboost\xgboost\src\learner.cc:738:
Parameters: { "use_label_encoder" } are not used.

  bst.update(dtrain, iteration=i, fobj=obj)
c:\Users\x-hp\AppData\Local\Programs\Python\Python311\Lib\site-packages\xgboost\training.py:183: UserWarning: [23:41:13] WARNING: C:\actions-runner\_work\xgboost\xgboost\src\learner.cc:738:
Parameters: { "use_label_encoder" } are not used.

  bst.update(dtrain, iteration=i, fobj=obj)
c:\Users\x-hp\AppData\Local\Programs\Python\Python311\Lib\site-packages\xgboost\training.py:183: UserWarning: [23:41:14] WARNING: C:\actions-runner\_work\xgboost\xgboost\src\learner.cc:738:
Parameters: { "use_label_encoder" } are not used.

  bst.update(dtrain, iteration=i, fobj=obj)
[I 2025-05-01 23:41:14,662] Trial 53 finished with value: 0.8613815789473683 and parameters: {'n_estimators': 233, 'max_depth': 7, 'learning_rate': 0.010389575229780873, 'subsample': 0.9929647160777677, 'colsample_bytree': 0.729335985678042, 'gamma': 0.37076580589665165, 'min_child_weight': 1}. Best is trial 43 with value: 0.8676535087719298.
c:\Users\x-hp\AppData\Local\Programs\Python\Python311\Lib\site-packages\xgboost\training.py:183: UserWarning: [23:41:14] WARNING: C:\actions-runner\_work\xgboost\xgboost\src\learner.cc:738:
Parameters: { "use_label_encoder" } are not used.

  bst.update(dtrain, iteration=i, fobj=obj)
c:\Users\x-hp\AppData\Local\Programs\Python\Python311\Lib\site-packages\xgboost\training.py:183: UserWarning: [23:41:15] WARNING: C:\actions-runner\_work\xgboost\xgboost\src\learner.cc:738:
Parameters: { "use_label_encoder" } are not used.

  bst.update(dtrain, iteration=i, fobj=obj)
c:\Users\x-hp\AppData\Local\Programs\Python\Python311\Lib\site-packages\xgboost\training.py:183: UserWarning: [23:41:15] WARNING: C:\actions-runner\_work\xgboost\xgboost\src\learner.cc:738:
Parameters: { "use_label_encoder" } are not used.

  bst.update(dtrain, iteration=i, fobj=obj)
c:\Users\x-hp\AppData\Local\Programs\Python\Python311\Lib\site-packages\xgboost\training.py:183: UserWarning: [23:41:16] WARNING: C:\actions-runner\_work\xgboost\xgboost\src\learner.cc:738:
Parameters: { "use_label_encoder" } are not used.

  bst.update(dtrain, iteration=i, fobj=obj)
c:\Users\x-hp\AppData\Local\Programs\Python\Python311\Lib\site-packages\xgboost\training.py:183: UserWarning: [23:41:16] WARNING: C:\actions-runner\_work\xgboost\xgboost\src\learner.cc:738:
Parameters: { "use_label_encoder" } are not used.

  bst.update(dtrain, iteration=i, fobj=obj)
[I 2025-05-01 23:41:17,029] Trial 54 finished with value: 0.8592324561403508 and parameters: {'n_estimators': 194, 'max_depth': 7, 'learning_rate': 0.011146416368422618, 'subsample': 0.9084148498907372, 'colsample_bytree': 0.6509009200813564, 'gamma': 0.9851490092829334, 'min_child_weight': 1}. Best is trial 43 with value: 0.8676535087719298.
c:\Users\x-hp\AppData\Local\Programs\Python\Python311\Lib\site-packages\xgboost\training.py:183: UserWarning: [23:41:17] WARNING: C:\actions-runner\_work\xgboost\xgboost\src\learner.cc:738:
Parameters: { "use_label_encoder" } are not used.

  bst.update(dtrain, iteration=i, fobj=obj)
c:\Users\x-hp\AppData\Local\Programs\Python\Python311\Lib\site-packages\xgboost\training.py:183: UserWarning: [23:41:17] WARNING: C:\actions-runner\_work\xgboost\xgboost\src\learner.cc:738:
Parameters: { "use_label_encoder" } are not used.

  bst.update(dtrain, iteration=i, fobj=obj)
c:\Users\x-hp\AppData\Local\Programs\Python\Python311\Lib\site-packages\xgboost\training.py:183: UserWarning: [23:41:18] WARNING: C:\actions-runner\_work\xgboost\xgboost\src\learner.cc:738:
Parameters: { "use_label_encoder" } are not used.

  bst.update(dtrain, iteration=i, fobj=obj)
c:\Users\x-hp\AppData\Local\Programs\Python\Python311\Lib\site-packages\xgboost\training.py:183: UserWarning: [23:41:18] WARNING: C:\actions-runner\_work\xgboost\xgboost\src\learner.cc:738:
Parameters: { "use_label_encoder" } are not used.

  bst.update(dtrain, iteration=i, fobj=obj)
c:\Users\x-hp\AppData\Local\Programs\Python\Python311\Lib\site-packages\xgboost\training.py:183: UserWarning: [23:41:18] WARNING: C:\actions-runner\_work\xgboost\xgboost\src\learner.cc:738:
Parameters: { "use_label_encoder" } are not used.

  bst.update(dtrain, iteration=i, fobj=obj)
[I 2025-05-01 23:41:19,343] Trial 55 finished with value: 0.8634649122807018 and parameters: {'n_estimators': 232, 'max_depth': 7, 'learning_rate': 0.025588314816709992, 'subsample': 0.9437875635427149, 'colsample_bytree': 0.734237514629999, 'gamma': 0.37677004500554734, 'min_child_weight': 1}. Best is trial 43 with value: 0.8676535087719298.
c:\Users\x-hp\AppData\Local\Programs\Python\Python311\Lib\site-packages\xgboost\training.py:183: UserWarning: [23:41:19] WARNING: C:\actions-runner\_work\xgboost\xgboost\src\learner.cc:738:
Parameters: { "use_label_encoder" } are not used.

  bst.update(dtrain, iteration=i, fobj=obj)
c:\Users\x-hp\AppData\Local\Programs\Python\Python311\Lib\site-packages\xgboost\training.py:183: UserWarning: [23:41:19] WARNING: C:\actions-runner\_work\xgboost\xgboost\src\learner.cc:738:
Parameters: { "use_label_encoder" } are not used.

  bst.update(dtrain, iteration=i, fobj=obj)
c:\Users\x-hp\AppData\Local\Programs\Python\Python311\Lib\site-packages\xgboost\training.py:183: UserWarning: [23:41:20] WARNING: C:\actions-runner\_work\xgboost\xgboost\src\learner.cc:738:
Parameters: { "use_label_encoder" } are not used.

  bst.update(dtrain, iteration=i, fobj=obj)
c:\Users\x-hp\AppData\Local\Programs\Python\Python311\Lib\site-packages\xgboost\training.py:183: UserWarning: [23:41:20] WARNING: C:\actions-runner\_work\xgboost\xgboost\src\learner.cc:738:
Parameters: { "use_label_encoder" } are not used.

  bst.update(dtrain, iteration=i, fobj=obj)
c:\Users\x-hp\AppData\Local\Programs\Python\Python311\Lib\site-packages\xgboost\training.py:183: UserWarning: [23:41:21] WARNING: C:\actions-runner\_work\xgboost\xgboost\src\learner.cc:738:
Parameters: { "use_label_encoder" } are not used.

  bst.update(dtrain, iteration=i, fobj=obj)
[I 2025-05-01 23:41:21,807] Trial 56 finished with value: 0.8592543859649122 and parameters: {'n_estimators': 286, 'max_depth': 8, 'learning_rate': 0.024090014288485957, 'subsample': 0.9423214775758731, 'colsample_bytree': 0.7258075285674069, 'gamma': 0.5173663372373198, 'min_child_weight': 2}. Best is trial 43 with value: 0.8676535087719298.
c:\Users\x-hp\AppData\Local\Programs\Python\Python311\Lib\site-packages\xgboost\training.py:183: UserWarning: [23:41:21] WARNING: C:\actions-runner\_work\xgboost\xgboost\src\learner.cc:738:
Parameters: { "use_label_encoder" } are not used.

  bst.update(dtrain, iteration=i, fobj=obj)
c:\Users\x-hp\AppData\Local\Programs\Python\Python311\Lib\site-packages\xgboost\training.py:183: UserWarning: [23:41:22] WARNING: C:\actions-runner\_work\xgboost\xgboost\src\learner.cc:738:
Parameters: { "use_label_encoder" } are not used.

  bst.update(dtrain, iteration=i, fobj=obj)
c:\Users\x-hp\AppData\Local\Programs\Python\Python311\Lib\site-packages\xgboost\training.py:183: UserWarning: [23:41:22] WARNING: C:\actions-runner\_work\xgboost\xgboost\src\learner.cc:738:
Parameters: { "use_label_encoder" } are not used.

  bst.update(dtrain, iteration=i, fobj=obj)
c:\Users\x-hp\AppData\Local\Programs\Python\Python311\Lib\site-packages\xgboost\training.py:183: UserWarning: [23:41:22] WARNING: C:\actions-runner\_work\xgboost\xgboost\src\learner.cc:738:
Parameters: { "use_label_encoder" } are not used.

  bst.update(dtrain, iteration=i, fobj=obj)
c:\Users\x-hp\AppData\Local\Programs\Python\Python311\Lib\site-packages\xgboost\training.py:183: UserWarning: [23:41:23] WARNING: C:\actions-runner\_work\xgboost\xgboost\src\learner.cc:738:
Parameters: { "use_label_encoder" } are not used.

  bst.update(dtrain, iteration=i, fobj=obj)
[I 2025-05-01 23:41:23,268] Trial 57 finished with value: 0.8445614035087718 and parameters: {'n_estimators': 208, 'max_depth': 7, 'learning_rate': 0.03577398985249214, 'subsample': 0.878647207262654, 'colsample_bytree': 0.6277404242585637, 'gamma': 2.0500355768613057, 'min_child_weight': 1}. Best is trial 43 with value: 0.8676535087719298.
c:\Users\x-hp\AppData\Local\Programs\Python\Python311\Lib\site-packages\xgboost\training.py:183: UserWarning: [23:41:23] WARNING: C:\actions-runner\_work\xgboost\xgboost\src\learner.cc:738:
Parameters: { "use_label_encoder" } are not used.

  bst.update(dtrain, iteration=i, fobj=obj)
c:\Users\x-hp\AppData\Local\Programs\Python\Python311\Lib\site-packages\xgboost\training.py:183: UserWarning: [23:41:23] WARNING: C:\actions-runner\_work\xgboost\xgboost\src\learner.cc:738:
Parameters: { "use_label_encoder" } are not used.

  bst.update(dtrain, iteration=i, fobj=obj)
c:\Users\x-hp\AppData\Local\Programs\Python\Python311\Lib\site-packages\xgboost\training.py:183: UserWarning: [23:41:23] WARNING: C:\actions-runner\_work\xgboost\xgboost\src\learner.cc:738:
Parameters: { "use_label_encoder" } are not used.

  bst.update(dtrain, iteration=i, fobj=obj)
c:\Users\x-hp\AppData\Local\Programs\Python\Python311\Lib\site-packages\xgboost\training.py:183: UserWarning: [23:41:23] WARNING: C:\actions-runner\_work\xgboost\xgboost\src\learner.cc:738:
Parameters: { "use_label_encoder" } are not used.

  bst.update(dtrain, iteration=i, fobj=obj)
c:\Users\x-hp\AppData\Local\Programs\Python\Python311\Lib\site-packages\xgboost\training.py:183: UserWarning: [23:41:24] WARNING: C:\actions-runner\_work\xgboost\xgboost\src\learner.cc:738:
Parameters: { "use_label_encoder" } are not used.

  bst.update(dtrain, iteration=i, fobj=obj)
[I 2025-05-01 23:41:24,141] Trial 58 finished with value: 0.8571052631578947 and parameters: {'n_estimators': 248, 'max_depth': 8, 'learning_rate': 0.17501907700075903, 'subsample': 0.8524555605497974, 'colsample_bytree': 0.7550908552019835, 'gamma': 1.1530459421959496, 'min_child_weight': 2}. Best is trial 43 with value: 0.8676535087719298.
c:\Users\x-hp\AppData\Local\Programs\Python\Python311\Lib\site-packages\xgboost\training.py:183: UserWarning: [23:41:24] WARNING: C:\actions-runner\_work\xgboost\xgboost\src\learner.cc:738:
Parameters: { "use_label_encoder" } are not used.

  bst.update(dtrain, iteration=i, fobj=obj)
c:\Users\x-hp\AppData\Local\Programs\Python\Python311\Lib\site-packages\xgboost\training.py:183: UserWarning: [23:41:24] WARNING: C:\actions-runner\_work\xgboost\xgboost\src\learner.cc:738:
Parameters: { "use_label_encoder" } are not used.

  bst.update(dtrain, iteration=i, fobj=obj)
c:\Users\x-hp\AppData\Local\Programs\Python\Python311\Lib\site-packages\xgboost\training.py:183: UserWarning: [23:41:24] WARNING: C:\actions-runner\_work\xgboost\xgboost\src\learner.cc:738:
Parameters: { "use_label_encoder" } are not used.

  bst.update(dtrain, iteration=i, fobj=obj)
c:\Users\x-hp\AppData\Local\Programs\Python\Python311\Lib\site-packages\xgboost\training.py:183: UserWarning: [23:41:25] WARNING: C:\actions-runner\_work\xgboost\xgboost\src\learner.cc:738:
Parameters: { "use_label_encoder" } are not used.

  bst.update(dtrain, iteration=i, fobj=obj)
c:\Users\x-hp\AppData\Local\Programs\Python\Python311\Lib\site-packages\xgboost\training.py:183: UserWarning: [23:41:25] WARNING: C:\actions-runner\_work\xgboost\xgboost\src\learner.cc:738:
Parameters: { "use_label_encoder" } are not used.

  bst.update(dtrain, iteration=i, fobj=obj)
[I 2025-05-01 23:41:25,504] Trial 59 finished with value: 0.8508552631578947 and parameters: {'n_estimators': 264, 'max_depth': 5, 'learning_rate': 0.028069075313260555, 'subsample': 0.818365419874122, 'colsample_bytree': 0.8187828239152132, 'gamma': 2.5252083122261184, 'min_child_weight': 1}. Best is trial 43 with value: 0.8676535087719298.
c:\Users\x-hp\AppData\Local\Programs\Python\Python311\Lib\site-packages\xgboost\training.py:183: UserWarning: [23:41:25] WARNING: C:\actions-runner\_work\xgboost\xgboost\src\learner.cc:738:
Parameters: { "use_label_encoder" } are not used.

  bst.update(dtrain, iteration=i, fobj=obj)
c:\Users\x-hp\AppData\Local\Programs\Python\Python311\Lib\site-packages\xgboost\training.py:183: UserWarning: [23:41:25] WARNING: C:\actions-runner\_work\xgboost\xgboost\src\learner.cc:738:
Parameters: { "use_label_encoder" } are not used.

  bst.update(dtrain, iteration=i, fobj=obj)
c:\Users\x-hp\AppData\Local\Programs\Python\Python311\Lib\site-packages\xgboost\training.py:183: UserWarning: [23:41:26] WARNING: C:\actions-runner\_work\xgboost\xgboost\src\learner.cc:738:
Parameters: { "use_label_encoder" } are not used.

  bst.update(dtrain, iteration=i, fobj=obj)
c:\Users\x-hp\AppData\Local\Programs\Python\Python311\Lib\site-packages\xgboost\training.py:183: UserWarning: [23:41:26] WARNING: C:\actions-runner\_work\xgboost\xgboost\src\learner.cc:738:
Parameters: { "use_label_encoder" } are not used.

  bst.update(dtrain, iteration=i, fobj=obj)
c:\Users\x-hp\AppData\Local\Programs\Python\Python311\Lib\site-packages\xgboost\training.py:183: UserWarning: [23:41:26] WARNING: C:\actions-runner\_work\xgboost\xgboost\src\learner.cc:738:
Parameters: { "use_label_encoder" } are not used.

  bst.update(dtrain, iteration=i, fobj=obj)
[I 2025-05-01 23:41:26,729] Trial 60 finished with value: 0.8571271929824562 and parameters: {'n_estimators': 185, 'max_depth': 9, 'learning_rate': 0.048442584740369006, 'subsample': 0.7652894506920507, 'colsample_bytree': 0.7771821383522803, 'gamma': 1.3307978926206934, 'min_child_weight': 2}. Best is trial 43 with value: 0.8676535087719298.
c:\Users\x-hp\AppData\Local\Programs\Python\Python311\Lib\site-packages\xgboost\training.py:183: UserWarning: [23:41:26] WARNING: C:\actions-runner\_work\xgboost\xgboost\src\learner.cc:738:
Parameters: { "use_label_encoder" } are not used.

  bst.update(dtrain, iteration=i, fobj=obj)
c:\Users\x-hp\AppData\Local\Programs\Python\Python311\Lib\site-packages\xgboost\training.py:183: UserWarning: [23:41:27] WARNING: C:\actions-runner\_work\xgboost\xgboost\src\learner.cc:738:
Parameters: { "use_label_encoder" } are not used.

  bst.update(dtrain, iteration=i, fobj=obj)
c:\Users\x-hp\AppData\Local\Programs\Python\Python311\Lib\site-packages\xgboost\training.py:183: UserWarning: [23:41:27] WARNING: C:\actions-runner\_work\xgboost\xgboost\src\learner.cc:738:
Parameters: { "use_label_encoder" } are not used.

  bst.update(dtrain, iteration=i, fobj=obj)
c:\Users\x-hp\AppData\Local\Programs\Python\Python311\Lib\site-packages\xgboost\training.py:183: UserWarning: [23:41:28] WARNING: C:\actions-runner\_work\xgboost\xgboost\src\learner.cc:738:
Parameters: { "use_label_encoder" } are not used.

  bst.update(dtrain, iteration=i, fobj=obj)
c:\Users\x-hp\AppData\Local\Programs\Python\Python311\Lib\site-packages\xgboost\training.py:183: UserWarning: [23:41:28] WARNING: C:\actions-runner\_work\xgboost\xgboost\src\learner.cc:738:
Parameters: { "use_label_encoder" } are not used.

  bst.update(dtrain, iteration=i, fobj=obj)
[I 2025-05-01 23:41:28,899] Trial 61 finished with value: 0.8655921052631579 and parameters: {'n_estimators': 233, 'max_depth': 7, 'learning_rate': 0.024914284937229553, 'subsample': 0.9541121653943269, 'colsample_bytree': 0.7369793758045317, 'gamma': 0.31839934007888737, 'min_child_weight': 1}. Best is trial 43 with value: 0.8676535087719298.
c:\Users\x-hp\AppData\Local\Programs\Python\Python311\Lib\site-packages\xgboost\training.py:183: UserWarning: [23:41:29] WARNING: C:\actions-runner\_work\xgboost\xgboost\src\learner.cc:738:
Parameters: { "use_label_encoder" } are not used.

  bst.update(dtrain, iteration=i, fobj=obj)
c:\Users\x-hp\AppData\Local\Programs\Python\Python311\Lib\site-packages\xgboost\training.py:183: UserWarning: [23:41:29] WARNING: C:\actions-runner\_work\xgboost\xgboost\src\learner.cc:738:
Parameters: { "use_label_encoder" } are not used.

  bst.update(dtrain, iteration=i, fobj=obj)
c:\Users\x-hp\AppData\Local\Programs\Python\Python311\Lib\site-packages\xgboost\training.py:183: UserWarning: [23:41:29] WARNING: C:\actions-runner\_work\xgboost\xgboost\src\learner.cc:738:
Parameters: { "use_label_encoder" } are not used.

  bst.update(dtrain, iteration=i, fobj=obj)
c:\Users\x-hp\AppData\Local\Programs\Python\Python311\Lib\site-packages\xgboost\training.py:183: UserWarning: [23:41:30] WARNING: C:\actions-runner\_work\xgboost\xgboost\src\learner.cc:738:
Parameters: { "use_label_encoder" } are not used.

  bst.update(dtrain, iteration=i, fobj=obj)
c:\Users\x-hp\AppData\Local\Programs\Python\Python311\Lib\site-packages\xgboost\training.py:183: UserWarning: [23:41:30] WARNING: C:\actions-runner\_work\xgboost\xgboost\src\learner.cc:738:
Parameters: { "use_label_encoder" } are not used.

  bst.update(dtrain, iteration=i, fobj=obj)
