[I 2025-05-01 22:38:40,259] Trial 19 finished with value: 0.7098765432098766 and parameters: {'n_estimators': 237, 'max_depth': 8, 'learning_rate': 0.2922138403593238}. Best is trial 4 with value: 0.7345679012345679.
Best params for XGBoost: {'n_estimators': 277, 'max_depth': 7, 'learning_rate': 0.2941604613582456}
Best model: XGBoost
01-05-2025 22:38:40 Retraining best model on original full dataset...
Requirement already satisfied: wandb in c:\users\x-hp\anaconda3\lib\site-packages (0.19.8)
Requirement already satisfied: click!=8.0.0,>=7.1 in c:\users\x-hp\anaconda3\lib\site-packages (from wandb) (8.1.7)
Requirement already satisfied: docker-pycreds>=0.4.0 in c:\users\x-hp\anaconda3\lib\site-packages (from wandb) (0.4.0)
Requirement already satisfied: gitpython!=3.1.29,>=1.0.0 in c:\users\x-hp\anaconda3\lib\site-packages (from wandb) (3.1.43)
Requirement already satisfied: platformdirs in c:\users\x-hp\anaconda3\lib\site-packages (from wandb) (3.10.0)
Requirement already satisfied: protobuf!=4.21.0,!=5.28.0,<6,>=3.19.0 in c:\users\x-hp\anaconda3\lib\site-packages (from wandb) (4.25.3)
Requirement already satisfied: psutil>=5.0.0 in c:\users\x-hp\anaconda3\lib\site-packages (from wandb) (5.9.0)
Requirement already satisfied: pydantic<3,>=2.6 in c:\users\x-hp\anaconda3\lib\site-packages (from wandb) (2.8.2)
Requirement already satisfied: pyyaml in c:\users\x-hp\anaconda3\lib\site-packages (from wandb) (6.0.1)
Requirement already satisfied: requests<3,>=2.0.0 in c:\users\x-hp\anaconda3\lib\site-packages (from wandb) (2.32.3)
Requirement already satisfied: sentry-sdk>=2.0.0 in c:\users\x-hp\anaconda3\lib\site-packages (from wandb) (2.18.0)
Requirement already satisfied: setproctitle in c:\users\x-hp\anaconda3\lib\site-packages (from wandb) (1.3.5)
Requirement already satisfied: setuptools in c:\users\x-hp\anaconda3\lib\site-packages (from wandb) (75.1.0)
Requirement already satisfied: colorama in c:\users\x-hp\anaconda3\lib\site-packages (from click!=8.0.0,>=7.1->wandb) (0.4.6)
Requirement already satisfied: six>=1.4.0 in c:\users\x-hp\anaconda3\lib\site-packages (from docker-pycreds>=0.4.0->wandb) (1.17.0)
Requirement already satisfied: gitdb<5,>=4.0.1 in c:\users\x-hp\anaconda3\lib\site-packages (from gitpython!=3.1.29,>=1.0.0->wandb) (4.0.7)
Requirement already satisfied: annotated-types>=0.4.0 in c:\users\x-hp\anaconda3\lib\site-packages (from pydantic<3,>=2.6->wandb) (0.6.0)
Requirement already satisfied: pydantic-core==2.20.1 in c:\users\x-hp\anaconda3\lib\site-packages (from pydantic<3,>=2.6->wandb) (2.20.1)
Requirement already satisfied: typing-extensions>=4.6.1 in c:\users\x-hp\anaconda3\lib\site-packages (from pydantic<3,>=2.6->wandb) (4.11.0)
Requirement already satisfied: charset-normalizer<4,>=2 in c:\users\x-hp\anaconda3\lib\site-packages (from requests<3,>=2.0.0->wandb) (3.3.2)
Requirement already satisfied: idna<4,>=2.5 in c:\users\x-hp\anaconda3\lib\site-packages (from requests<3,>=2.0.0->wandb) (3.7)
Requirement already satisfied: urllib3<3,>=1.21.1 in c:\users\x-hp\anaconda3\lib\site-packages (from requests<3,>=2.0.0->wandb) (2.2.3)
Requirement already satisfied: certifi>=2017.4.17 in c:\users\x-hp\anaconda3\lib\site-packages (from requests<3,>=2.0.0->wandb) (2025.1.31)
Requirement already satisfied: smmap<5,>=3.0.1 in c:\users\x-hp\anaconda3\lib\site-packages (from gitdb<5,>=4.0.1->gitpython!=3.1.29,>=1.0.0->wandb) (4.0.0)
[34m[1mwandb[0m: [33mWARNING[0m Calling wandb.login() after wandb.init() has no effect.
01-05-2025 22:41:39 Downloading and reading train artifact
[34m[1mwandb[0m:   1 of 1 files downloaded.
01-05-2025 22:41:42 Spliting data into train/val
01-05-2025 22:41:42 x train: (375, 28)
01-05-2025 22:41:42 y train: (375,)
01-05-2025 22:41:42 x val: (162, 28)
01-05-2025 22:41:42 y val: (162,)
01-05-2025 22:41:42 Outlier Removal
01-05-2025 22:41:42 x_train shape [original]: (375, 28)
01-05-2025 22:41:42 x_train shape [outlier removal]: (357, 28)
01-05-2025 22:41:43 Data after SMOTE: (476, 28)
01-05-2025 22:41:43 [Logistic] Accuracy: 0.7469135802469136
01-05-2025 22:41:44 [Random Forest] Accuracy: 0.7222222222222222
c:\Users\x-hp\AppData\Local\Programs\Python\Python311\Lib\site-packages\xgboost\training.py:183: UserWarning: [22:41:44] WARNING: C:\actions-runner\_work\xgboost\xgboost\src\learner.cc:738:
Parameters: { "use_label_encoder" } are not used.

  bst.update(dtrain, iteration=i, fobj=obj)
01-05-2025 22:41:44 [XGBoost] Accuracy: 0.7222222222222222
                 Model  Accuracy
0  Logistic Regression  0.746914
1        Random Forest  0.722222
2              XGBoost  0.722222
Tuning RandomForest with Optuna...
[I 2025-05-01 22:41:48,690] A new study created in memory with name: no-name-ec798fd7-f4bd-4db6-a9a0-cf0fe3c2ff7e
[I 2025-05-01 22:41:49,403] Trial 0 finished with value: 0.7160493827160493 and parameters: {'n_estimators': 193, 'max_depth': 15, 'min_samples_split': 4}. Best is trial 0 with value: 0.7160493827160493.
[I 2025-05-01 22:41:49,871] Trial 1 finished with value: 0.7160493827160493 and parameters: {'n_estimators': 69, 'max_depth': 13, 'min_samples_split': 3}. Best is trial 0 with value: 0.7160493827160493.
[I 2025-05-01 22:41:50,707] Trial 2 finished with value: 0.7098765432098766 and parameters: {'n_estimators': 84, 'max_depth': 20, 'min_samples_split': 5}. Best is trial 0 with value: 0.7160493827160493.
[I 2025-05-01 22:41:51,901] Trial 3 finished with value: 0.7037037037037037 and parameters: {'n_estimators': 180, 'max_depth': 12, 'min_samples_split': 9}. Best is trial 0 with value: 0.7160493827160493.
[I 2025-05-01 22:41:52,586] Trial 4 finished with value: 0.6975308641975309 and parameters: {'n_estimators': 84, 'max_depth': 7, 'min_samples_split': 5}. Best is trial 0 with value: 0.7160493827160493.
[I 2025-05-01 22:41:53,318] Trial 5 finished with value: 0.6790123456790124 and parameters: {'n_estimators': 157, 'max_depth': 7, 'min_samples_split': 8}. Best is trial 0 with value: 0.7160493827160493.
[I 2025-05-01 22:41:53,641] Trial 6 finished with value: 0.7160493827160493 and parameters: {'n_estimators': 90, 'max_depth': 18, 'min_samples_split': 4}. Best is trial 0 with value: 0.7160493827160493.
[I 2025-05-01 22:41:54,044] Trial 7 finished with value: 0.7037037037037037 and parameters: {'n_estimators': 111, 'max_depth': 9, 'min_samples_split': 9}. Best is trial 0 with value: 0.7160493827160493.
[I 2025-05-01 22:41:54,684] Trial 8 finished with value: 0.7283950617283951 and parameters: {'n_estimators': 172, 'max_depth': 14, 'min_samples_split': 2}. Best is trial 8 with value: 0.7283950617283951.
[I 2025-05-01 22:41:55,195] Trial 9 finished with value: 0.7160493827160493 and parameters: {'n_estimators': 175, 'max_depth': 10, 'min_samples_split': 5}. Best is trial 8 with value: 0.7283950617283951.
[I 2025-05-01 22:41:55,661] Trial 10 finished with value: 0.7098765432098766 and parameters: {'n_estimators': 144, 'max_depth': 16, 'min_samples_split': 2}. Best is trial 8 with value: 0.7283950617283951.
[I 2025-05-01 22:41:56,213] Trial 11 finished with value: 0.7037037037037037 and parameters: {'n_estimators': 192, 'max_depth': 15, 'min_samples_split': 2}. Best is trial 8 with value: 0.7283950617283951.
[I 2025-05-01 22:41:56,756] Trial 12 finished with value: 0.7222222222222222 and parameters: {'n_estimators': 199, 'max_depth': 15, 'min_samples_split': 7}. Best is trial 8 with value: 0.7283950617283951.
[I 2025-05-01 22:41:57,183] Trial 13 finished with value: 0.7222222222222222 and parameters: {'n_estimators': 154, 'max_depth': 13, 'min_samples_split': 7}. Best is trial 8 with value: 0.7283950617283951.
[I 2025-05-01 22:41:57,728] Trial 14 finished with value: 0.7222222222222222 and parameters: {'n_estimators': 200, 'max_depth': 17, 'min_samples_split': 7}. Best is trial 8 with value: 0.7283950617283951.
[I 2025-05-01 22:41:58,119] Trial 15 finished with value: 0.7160493827160493 and parameters: {'n_estimators': 133, 'max_depth': 19, 'min_samples_split': 10}. Best is trial 8 with value: 0.7283950617283951.
[I 2025-05-01 22:41:58,847] Trial 16 finished with value: 0.7222222222222222 and parameters: {'n_estimators': 164, 'max_depth': 11, 'min_samples_split': 7}. Best is trial 8 with value: 0.7283950617283951.
[I 2025-05-01 22:41:59,309] Trial 17 finished with value: 0.7160493827160493 and parameters: {'n_estimators': 122, 'max_depth': 14, 'min_samples_split': 6}. Best is trial 8 with value: 0.7283950617283951.
[I 2025-05-01 22:41:59,868] Trial 18 finished with value: 0.691358024691358 and parameters: {'n_estimators': 174, 'max_depth': 5, 'min_samples_split': 6}. Best is trial 8 with value: 0.7283950617283951.
[I 2025-05-01 22:42:00,436] Trial 19 finished with value: 0.7037037037037037 and parameters: {'n_estimators': 182, 'max_depth': 17, 'min_samples_split': 3}. Best is trial 8 with value: 0.7283950617283951.
Best params for RandomForest: {'n_estimators': 172, 'max_depth': 14, 'min_samples_split': 2}
Tuning XGBoost with Optuna...
[I 2025-05-01 22:42:01,067] A new study created in memory with name: no-name-bb942afe-a4eb-4f68-9980-d932f5221736
[I 2025-05-01 22:42:01,408] Trial 0 finished with value: 0.691358024691358 and parameters: {'n_estimators': 155, 'max_depth': 10, 'learning_rate': 0.11407727412170478}. Best is trial 0 with value: 0.691358024691358.
[I 2025-05-01 22:42:01,692] Trial 1 finished with value: 0.7037037037037037 and parameters: {'n_estimators': 194, 'max_depth': 10, 'learning_rate': 0.27084710573533055}. Best is trial 1 with value: 0.7037037037037037.
[I 2025-05-01 22:42:01,935] Trial 2 finished with value: 0.7283950617283951 and parameters: {'n_estimators': 234, 'max_depth': 3, 'learning_rate': 0.2652306339277749}. Best is trial 2 with value: 0.7283950617283951.
[I 2025-05-01 22:42:02,112] Trial 3 finished with value: 0.7222222222222222 and parameters: {'n_estimators': 108, 'max_depth': 4, 'learning_rate': 0.16062962618601992}. Best is trial 2 with value: 0.7283950617283951.
[I 2025-05-01 22:42:02,474] Trial 4 finished with value: 0.7037037037037037 and parameters: {'n_estimators': 297, 'max_depth': 9, 'learning_rate': 0.278021608979701}. Best is trial 2 with value: 0.7283950617283951.
[I 2025-05-01 22:42:02,818] Trial 5 finished with value: 0.7222222222222222 and parameters: {'n_estimators': 297, 'max_depth': 5, 'learning_rate': 0.29253871616798366}. Best is trial 2 with value: 0.7283950617283951.
[I 2025-05-01 22:42:03,204] Trial 6 finished with value: 0.7345679012345679 and parameters: {'n_estimators': 290, 'max_depth': 4, 'learning_rate': 0.1220454596118358}. Best is trial 6 with value: 0.7345679012345679.
[I 2025-05-01 22:42:03,844] Trial 7 finished with value: 0.7098765432098766 and parameters: {'n_estimators': 244, 'max_depth': 8, 'learning_rate': 0.014720313613836283}. Best is trial 6 with value: 0.7345679012345679.
[I 2025-05-01 22:42:04,399] Trial 8 finished with value: 0.7283950617283951 and parameters: {'n_estimators': 246, 'max_depth': 4, 'learning_rate': 0.11383519765282792}. Best is trial 6 with value: 0.7345679012345679.
[I 2025-05-01 22:42:05,051] Trial 9 finished with value: 0.6975308641975309 and parameters: {'n_estimators': 262, 'max_depth': 7, 'learning_rate': 0.055255486813114194}. Best is trial 6 with value: 0.7345679012345679.
[I 2025-05-01 22:42:05,660] Trial 10 finished with value: 0.7037037037037037 and parameters: {'n_estimators': 191, 'max_depth': 6, 'learning_rate': 0.1937996026207913}. Best is trial 6 with value: 0.7345679012345679.
[I 2025-05-01 22:42:05,928] Trial 11 finished with value: 0.7222222222222222 and parameters: {'n_estimators': 226, 'max_depth': 3, 'learning_rate': 0.21681637446059726}. Best is trial 6 with value: 0.7345679012345679.
[I 2025-05-01 22:42:06,212] Trial 12 finished with value: 0.6975308641975309 and parameters: {'n_estimators': 277, 'max_depth': 3, 'learning_rate': 0.11278637546014736}. Best is trial 6 with value: 0.7345679012345679.
[I 2025-05-01 22:42:06,476] Trial 13 finished with value: 0.6975308641975309 and parameters: {'n_estimators': 218, 'max_depth': 5, 'learning_rate': 0.23091100675302997}. Best is trial 6 with value: 0.7345679012345679.
[I 2025-05-01 22:42:06,655] Trial 14 finished with value: 0.7160493827160493 and parameters: {'n_estimators': 163, 'max_depth': 3, 'learning_rate': 0.16046788642338752}. Best is trial 6 with value: 0.7345679012345679.
[I 2025-05-01 22:42:07,025] Trial 15 finished with value: 0.7160493827160493 and parameters: {'n_estimators': 272, 'max_depth': 5, 'learning_rate': 0.07372671885201551}. Best is trial 6 with value: 0.7345679012345679.
[I 2025-05-01 22:42:07,557] Trial 16 finished with value: 0.7098765432098766 and parameters: {'n_estimators': 223, 'max_depth': 4, 'learning_rate': 0.19454717229927518}. Best is trial 6 with value: 0.7345679012345679.
[I 2025-05-01 22:42:07,895] Trial 17 finished with value: 0.6851851851851852 and parameters: {'n_estimators': 257, 'max_depth': 6, 'learning_rate': 0.25111416508042644}. Best is trial 6 with value: 0.7345679012345679.
[I 2025-05-01 22:42:08,132] Trial 18 finished with value: 0.7222222222222222 and parameters: {'n_estimators': 162, 'max_depth': 4, 'learning_rate': 0.14317083905089836}. Best is trial 6 with value: 0.7345679012345679.
[I 2025-05-01 22:42:08,619] Trial 19 finished with value: 0.6975308641975309 and parameters: {'n_estimators': 283, 'max_depth': 7, 'learning_rate': 0.07298820437115572}. Best is trial 6 with value: 0.7345679012345679.
Best params for XGBoost: {'n_estimators': 290, 'max_depth': 4, 'learning_rate': 0.1220454596118358}
Best model: XGBoost
01-05-2025 22:42:09 Retraining best model on original full dataset...
01-05-2025 22:46:34 Retraining best model on original full dataset...
01-05-2025 22:46:47 Retraining best model on original full dataset...
01-05-2025 22:47:10 Retraining best model on original full dataset...
01-05-2025 22:47:31 Retraining best model on original full dataset...
01-05-2025 22:47:31 ✅ Exported and logged final model to W&B as artifact: final_model_xgboost.pkl
Requirement already satisfied: wandb in c:\users\x-hp\anaconda3\lib\site-packages (0.19.8)
Requirement already satisfied: click!=8.0.0,>=7.1 in c:\users\x-hp\anaconda3\lib\site-packages (from wandb) (8.1.7)
Requirement already satisfied: docker-pycreds>=0.4.0 in c:\users\x-hp\anaconda3\lib\site-packages (from wandb) (0.4.0)
Requirement already satisfied: gitpython!=3.1.29,>=1.0.0 in c:\users\x-hp\anaconda3\lib\site-packages (from wandb) (3.1.43)
Requirement already satisfied: platformdirs in c:\users\x-hp\anaconda3\lib\site-packages (from wandb) (3.10.0)
Requirement already satisfied: protobuf!=4.21.0,!=5.28.0,<6,>=3.19.0 in c:\users\x-hp\anaconda3\lib\site-packages (from wandb) (4.25.3)
Requirement already satisfied: psutil>=5.0.0 in c:\users\x-hp\anaconda3\lib\site-packages (from wandb) (5.9.0)
Requirement already satisfied: pydantic<3,>=2.6 in c:\users\x-hp\anaconda3\lib\site-packages (from wandb) (2.8.2)
Requirement already satisfied: pyyaml in c:\users\x-hp\anaconda3\lib\site-packages (from wandb) (6.0.1)
Requirement already satisfied: requests<3,>=2.0.0 in c:\users\x-hp\anaconda3\lib\site-packages (from wandb) (2.32.3)
Requirement already satisfied: sentry-sdk>=2.0.0 in c:\users\x-hp\anaconda3\lib\site-packages (from wandb) (2.18.0)
Requirement already satisfied: setproctitle in c:\users\x-hp\anaconda3\lib\site-packages (from wandb) (1.3.5)
Requirement already satisfied: setuptools in c:\users\x-hp\anaconda3\lib\site-packages (from wandb) (75.1.0)
Requirement already satisfied: colorama in c:\users\x-hp\anaconda3\lib\site-packages (from click!=8.0.0,>=7.1->wandb) (0.4.6)
Requirement already satisfied: six>=1.4.0 in c:\users\x-hp\anaconda3\lib\site-packages (from docker-pycreds>=0.4.0->wandb) (1.17.0)
Requirement already satisfied: gitdb<5,>=4.0.1 in c:\users\x-hp\anaconda3\lib\site-packages (from gitpython!=3.1.29,>=1.0.0->wandb) (4.0.7)
Requirement already satisfied: annotated-types>=0.4.0 in c:\users\x-hp\anaconda3\lib\site-packages (from pydantic<3,>=2.6->wandb) (0.6.0)
Requirement already satisfied: pydantic-core==2.20.1 in c:\users\x-hp\anaconda3\lib\site-packages (from pydantic<3,>=2.6->wandb) (2.20.1)
Requirement already satisfied: typing-extensions>=4.6.1 in c:\users\x-hp\anaconda3\lib\site-packages (from pydantic<3,>=2.6->wandb) (4.11.0)
Requirement already satisfied: charset-normalizer<4,>=2 in c:\users\x-hp\anaconda3\lib\site-packages (from requests<3,>=2.0.0->wandb) (3.3.2)
Requirement already satisfied: idna<4,>=2.5 in c:\users\x-hp\anaconda3\lib\site-packages (from requests<3,>=2.0.0->wandb) (3.7)
Requirement already satisfied: urllib3<3,>=1.21.1 in c:\users\x-hp\anaconda3\lib\site-packages (from requests<3,>=2.0.0->wandb) (2.2.3)
Requirement already satisfied: certifi>=2017.4.17 in c:\users\x-hp\anaconda3\lib\site-packages (from requests<3,>=2.0.0->wandb) (2025.1.31)
Requirement already satisfied: smmap<5,>=3.0.1 in c:\users\x-hp\anaconda3\lib\site-packages (from gitdb<5,>=4.0.1->gitpython!=3.1.29,>=1.0.0->wandb) (4.0.0)
[34m[1mwandb[0m: [33mWARNING[0m Calling wandb.login() after wandb.init() has no effect.
01-05-2025 22:49:22 Downloading and reading train artifact
[34m[1mwandb[0m:   1 of 1 files downloaded.
01-05-2025 22:49:24 Spliting data into train/val
01-05-2025 22:49:24 x train: (375, 28)
01-05-2025 22:49:24 y train: (375,)
01-05-2025 22:49:24 x val: (162, 28)
01-05-2025 22:49:24 y val: (162,)
01-05-2025 22:49:24 Outlier Removal
01-05-2025 22:49:25 x_train shape [original]: (375, 28)
01-05-2025 22:49:25 x_train shape [outlier removal]: (357, 28)
01-05-2025 22:49:25 Data after SMOTE: (476, 28)
01-05-2025 22:49:25 [Logistic] Accuracy: 0.7469135802469136
01-05-2025 22:49:25 [Random Forest] Accuracy: 0.7222222222222222
c:\Users\x-hp\AppData\Local\Programs\Python\Python311\Lib\site-packages\xgboost\training.py:183: UserWarning: [22:49:25] WARNING: C:\actions-runner\_work\xgboost\xgboost\src\learner.cc:738:
Parameters: { "use_label_encoder" } are not used.

  bst.update(dtrain, iteration=i, fobj=obj)
01-05-2025 22:49:26 [XGBoost] Accuracy: 0.7222222222222222
                 Model  Accuracy
0  Logistic Regression  0.746914
1        Random Forest  0.722222
2              XGBoost  0.722222
Tuning RandomForest with Optuna...
[I 2025-05-01 22:49:28,225] A new study created in memory with name: no-name-a80d3701-b940-4592-b7da-e0dfb0e2b458
[I 2025-05-01 22:49:29,538] Trial 0 finished with value: 0.7222222222222222 and parameters: {'n_estimators': 185, 'max_depth': 18, 'min_samples_split': 8}. Best is trial 0 with value: 0.7222222222222222.
[I 2025-05-01 22:49:29,941] Trial 1 finished with value: 0.6975308641975309 and parameters: {'n_estimators': 110, 'max_depth': 7, 'min_samples_split': 6}. Best is trial 0 with value: 0.7222222222222222.
[I 2025-05-01 22:49:30,455] Trial 2 finished with value: 0.6975308641975309 and parameters: {'n_estimators': 100, 'max_depth': 9, 'min_samples_split': 10}. Best is trial 0 with value: 0.7222222222222222.
[I 2025-05-01 22:49:30,899] Trial 3 finished with value: 0.7098765432098766 and parameters: {'n_estimators': 133, 'max_depth': 11, 'min_samples_split': 3}. Best is trial 0 with value: 0.7222222222222222.
[I 2025-05-01 22:49:31,072] Trial 4 finished with value: 0.7345679012345679 and parameters: {'n_estimators': 56, 'max_depth': 15, 'min_samples_split': 7}. Best is trial 4 with value: 0.7345679012345679.
[I 2025-05-01 22:49:31,861] Trial 5 finished with value: 0.7160493827160493 and parameters: {'n_estimators': 184, 'max_depth': 13, 'min_samples_split': 10}. Best is trial 4 with value: 0.7345679012345679.
[I 2025-05-01 22:49:32,346] Trial 6 finished with value: 0.7222222222222222 and parameters: {'n_estimators': 194, 'max_depth': 11, 'min_samples_split': 7}. Best is trial 4 with value: 0.7345679012345679.
[I 2025-05-01 22:49:32,780] Trial 7 finished with value: 0.7222222222222222 and parameters: {'n_estimators': 142, 'max_depth': 14, 'min_samples_split': 10}. Best is trial 4 with value: 0.7345679012345679.
[I 2025-05-01 22:49:33,113] Trial 8 finished with value: 0.7160493827160493 and parameters: {'n_estimators': 98, 'max_depth': 11, 'min_samples_split': 6}. Best is trial 4 with value: 0.7345679012345679.
[I 2025-05-01 22:49:33,373] Trial 9 finished with value: 0.7160493827160493 and parameters: {'n_estimators': 76, 'max_depth': 14, 'min_samples_split': 9}. Best is trial 4 with value: 0.7345679012345679.
[I 2025-05-01 22:49:33,579] Trial 10 finished with value: 0.7160493827160493 and parameters: {'n_estimators': 50, 'max_depth': 20, 'min_samples_split': 4}. Best is trial 4 with value: 0.7345679012345679.
[I 2025-05-01 22:49:34,033] Trial 11 finished with value: 0.7037037037037037 and parameters: {'n_estimators': 157, 'max_depth': 18, 'min_samples_split': 8}. Best is trial 4 with value: 0.7345679012345679.
[I 2025-05-01 22:49:34,496] Trial 12 finished with value: 0.7098765432098766 and parameters: {'n_estimators': 159, 'max_depth': 16, 'min_samples_split': 5}. Best is trial 4 with value: 0.7345679012345679.
[I 2025-05-01 22:49:34,668] Trial 13 finished with value: 0.7160493827160493 and parameters: {'n_estimators': 53, 'max_depth': 18, 'min_samples_split': 8}. Best is trial 4 with value: 0.7345679012345679.
[I 2025-05-01 22:49:35,101] Trial 14 finished with value: 0.7160493827160493 and parameters: {'n_estimators': 173, 'max_depth': 17, 'min_samples_split': 7}. Best is trial 4 with value: 0.7345679012345679.
[I 2025-05-01 22:49:35,304] Trial 15 finished with value: 0.7098765432098766 and parameters: {'n_estimators': 75, 'max_depth': 16, 'min_samples_split': 2}. Best is trial 4 with value: 0.7345679012345679.
[I 2025-05-01 22:49:35,600] Trial 16 finished with value: 0.7222222222222222 and parameters: {'n_estimators': 119, 'max_depth': 19, 'min_samples_split': 8}. Best is trial 4 with value: 0.7345679012345679.
