[I 2025-05-01 22:22:52,642] Trial 2 finished with value: 0.7037037037037037 and parameters: {'n_estimators': 162, 'max_depth': 3, 'learning_rate': 0.11225906439078312, 'subsample': 0.7244433588587978, 'colsample_bytree': 0.723147458974333}. Best is trial 1 with value: 0.7098765432098766.
c:\Users\x-hp\AppData\Local\Programs\Python\Python311\Lib\site-packages\xgboost\training.py:183: UserWarning: [22:22:52] WARNING: C:\actions-runner\_work\xgboost\xgboost\src\learner.cc:738:
Parameters: { "use_label_encoder" } are not used.

  bst.update(dtrain, iteration=i, fobj=obj)
[34m[1mwandb[0m: [33mWARNING[0m Tried to log to step 0 that is less than the current step 7. Steps must be monotonically increasing, so this data will be ignored. See https://wandb.me/define-metric to log data out of order.
[34m[1mwandb[0m: [33mWARNING[0m Tried to log to step 1 that is less than the current step 7. Steps must be monotonically increasing, so this data will be ignored. See https://wandb.me/define-metric to log data out of order.
[34m[1mwandb[0m: [33mWARNING[0m Tried to log to step 2 that is less than the current step 7. Steps must be monotonically increasing, so this data will be ignored. See https://wandb.me/define-metric to log data out of order.
[I 2025-05-01 22:22:53,941] Trial 3 finished with value: 0.7222222222222222 and parameters: {'n_estimators': 253, 'max_depth': 3, 'learning_rate': 0.2025528393742984, 'subsample': 0.6838799882212594, 'colsample_bytree': 0.7782115452594391}. Best is trial 3 with value: 0.7222222222222222.
c:\Users\x-hp\AppData\Local\Programs\Python\Python311\Lib\site-packages\xgboost\training.py:183: UserWarning: [22:22:54] WARNING: C:\actions-runner\_work\xgboost\xgboost\src\learner.cc:738:
Parameters: { "use_label_encoder" } are not used.

  bst.update(dtrain, iteration=i, fobj=obj)
[I 2025-05-01 22:22:55,157] Trial 4 finished with value: 0.7222222222222222 and parameters: {'n_estimators': 166, 'max_depth': 3, 'learning_rate': 0.09393005215374337, 'subsample': 0.6702460561209486, 'colsample_bytree': 0.6556152642291578}. Best is trial 3 with value: 0.7222222222222222.
c:\Users\x-hp\AppData\Local\Programs\Python\Python311\Lib\site-packages\xgboost\training.py:183: UserWarning: [22:22:55] WARNING: C:\actions-runner\_work\xgboost\xgboost\src\learner.cc:738:
Parameters: { "use_label_encoder" } are not used.

  bst.update(dtrain, iteration=i, fobj=obj)
[I 2025-05-01 22:22:58,878] Trial 5 finished with value: 0.7345679012345679 and parameters: {'n_estimators': 291, 'max_depth': 4, 'learning_rate': 0.0939631904833631, 'subsample': 0.6091227167181786, 'colsample_bytree': 0.7511169166117629}. Best is trial 5 with value: 0.7345679012345679.
c:\Users\x-hp\AppData\Local\Programs\Python\Python311\Lib\site-packages\xgboost\training.py:183: UserWarning: [22:22:58] WARNING: C:\actions-runner\_work\xgboost\xgboost\src\learner.cc:738:
Parameters: { "use_label_encoder" } are not used.

  bst.update(dtrain, iteration=i, fobj=obj)
[34m[1mwandb[0m: [33mWARNING[0m Tried to log to step 3 that is less than the current step 7. Steps must be monotonically increasing, so this data will be ignored. See https://wandb.me/define-metric to log data out of order.
[34m[1mwandb[0m: [33mWARNING[0m Tried to log to step 4 that is less than the current step 7. Steps must be monotonically increasing, so this data will be ignored. See https://wandb.me/define-metric to log data out of order.
[34m[1mwandb[0m: [33mWARNING[0m Tried to log to step 5 that is less than the current step 7. Steps must be monotonically increasing, so this data will be ignored. See https://wandb.me/define-metric to log data out of order.
[I 2025-05-01 22:23:06,219] Trial 6 finished with value: 0.7283950617283951 and parameters: {'n_estimators': 217, 'max_depth': 3, 'learning_rate': 0.15768692998563907, 'subsample': 0.7288374722084823, 'colsample_bytree': 0.857778658649782}. Best is trial 5 with value: 0.7345679012345679.
c:\Users\x-hp\AppData\Local\Programs\Python\Python311\Lib\site-packages\xgboost\training.py:183: UserWarning: [22:23:06] WARNING: C:\actions-runner\_work\xgboost\xgboost\src\learner.cc:738:
Parameters: { "use_label_encoder" } are not used.

  bst.update(dtrain, iteration=i, fobj=obj)
[I 2025-05-01 22:23:10,459] Trial 7 finished with value: 0.7160493827160493 and parameters: {'n_estimators': 249, 'max_depth': 5, 'learning_rate': 0.0806811770216957, 'subsample': 0.6421897656745219, 'colsample_bytree': 0.9274148787271578}. Best is trial 5 with value: 0.7345679012345679.
c:\Users\x-hp\AppData\Local\Programs\Python\Python311\Lib\site-packages\xgboost\training.py:183: UserWarning: [22:23:10] WARNING: C:\actions-runner\_work\xgboost\xgboost\src\learner.cc:738:
Parameters: { "use_label_encoder" } are not used.

  bst.update(dtrain, iteration=i, fobj=obj)
[I 2025-05-01 22:23:12,861] Trial 8 finished with value: 0.7037037037037037 and parameters: {'n_estimators': 108, 'max_depth': 5, 'learning_rate': 0.0452085723544168, 'subsample': 0.8327531379974671, 'colsample_bytree': 0.8556749841123392}. Best is trial 5 with value: 0.7345679012345679.
c:\Users\x-hp\AppData\Local\Programs\Python\Python311\Lib\site-packages\xgboost\training.py:183: UserWarning: [22:23:13] WARNING: C:\actions-runner\_work\xgboost\xgboost\src\learner.cc:738:
Parameters: { "use_label_encoder" } are not used.

  bst.update(dtrain, iteration=i, fobj=obj)
[34m[1mwandb[0m: [33mWARNING[0m Tried to log to step 6 that is less than the current step 7. Steps must be monotonically increasing, so this data will be ignored. See https://wandb.me/define-metric to log data out of order.
[I 2025-05-01 22:23:17,392] Trial 9 finished with value: 0.7160493827160493 and parameters: {'n_estimators': 160, 'max_depth': 6, 'learning_rate': 0.249346516052363, 'subsample': 0.9652077569264503, 'colsample_bytree': 0.9392630802838288}. Best is trial 5 with value: 0.7345679012345679.
c:\Users\x-hp\AppData\Local\Programs\Python\Python311\Lib\site-packages\xgboost\training.py:183: UserWarning: [22:23:17] WARNING: C:\actions-runner\_work\xgboost\xgboost\src\learner.cc:738:
Parameters: { "use_label_encoder" } are not used.

  bst.update(dtrain, iteration=i, fobj=obj)
[I 2025-05-01 22:23:19,455] Trial 10 finished with value: 0.6975308641975309 and parameters: {'n_estimators': 291, 'max_depth': 7, 'learning_rate': 0.014641496683650335, 'subsample': 0.8352695920415049, 'colsample_bytree': 0.6010822340312701}. Best is trial 5 with value: 0.7345679012345679.
c:\Users\x-hp\AppData\Local\Programs\Python\Python311\Lib\site-packages\xgboost\training.py:183: UserWarning: [22:23:19] WARNING: C:\actions-runner\_work\xgboost\xgboost\src\learner.cc:738:
Parameters: { "use_label_encoder" } are not used.

  bst.update(dtrain, iteration=i, fobj=obj)
[I 2025-05-01 22:23:20,110] Trial 11 finished with value: 0.6975308641975309 and parameters: {'n_estimators': 217, 'max_depth': 4, 'learning_rate': 0.1746343237902611, 'subsample': 0.7482301024573387, 'colsample_bytree': 0.8569100461553544}. Best is trial 5 with value: 0.7345679012345679.
c:\Users\x-hp\AppData\Local\Programs\Python\Python311\Lib\site-packages\xgboost\training.py:183: UserWarning: [22:23:20] WARNING: C:\actions-runner\_work\xgboost\xgboost\src\learner.cc:738:
Parameters: { "use_label_encoder" } are not used.

  bst.update(dtrain, iteration=i, fobj=obj)
[I 2025-05-01 22:23:20,582] Trial 12 finished with value: 0.7037037037037037 and parameters: {'n_estimators': 220, 'max_depth': 5, 'learning_rate': 0.14911121317236664, 'subsample': 0.7498512007314404, 'colsample_bytree': 0.8315799377531798}. Best is trial 5 with value: 0.7345679012345679.
c:\Users\x-hp\AppData\Local\Programs\Python\Python311\Lib\site-packages\xgboost\training.py:183: UserWarning: [22:23:20] WARNING: C:\actions-runner\_work\xgboost\xgboost\src\learner.cc:738:
Parameters: { "use_label_encoder" } are not used.

  bst.update(dtrain, iteration=i, fobj=obj)
[I 2025-05-01 22:23:21,293] Trial 13 finished with value: 0.6851851851851852 and parameters: {'n_estimators': 256, 'max_depth': 10, 'learning_rate': 0.284948397172423, 'subsample': 0.9224983265875986, 'colsample_bytree': 0.9844989458750965}. Best is trial 5 with value: 0.7345679012345679.
c:\Users\x-hp\AppData\Local\Programs\Python\Python311\Lib\site-packages\xgboost\training.py:183: UserWarning: [22:23:21] WARNING: C:\actions-runner\_work\xgboost\xgboost\src\learner.cc:738:
Parameters: { "use_label_encoder" } are not used.

  bst.update(dtrain, iteration=i, fobj=obj)
[I 2025-05-01 22:23:21,930] Trial 14 finished with value: 0.7283950617283951 and parameters: {'n_estimators': 106, 'max_depth': 4, 'learning_rate': 0.12442947003905415, 'subsample': 0.7980265017340916, 'colsample_bytree': 0.7790410358656424}. Best is trial 5 with value: 0.7345679012345679.
c:\Users\x-hp\AppData\Local\Programs\Python\Python311\Lib\site-packages\xgboost\training.py:183: UserWarning: [22:23:22] WARNING: C:\actions-runner\_work\xgboost\xgboost\src\learner.cc:738:
Parameters: { "use_label_encoder" } are not used.

  bst.update(dtrain, iteration=i, fobj=obj)
[I 2025-05-01 22:23:22,712] Trial 15 finished with value: 0.7160493827160493 and parameters: {'n_estimators': 299, 'max_depth': 4, 'learning_rate': 0.06267579954341329, 'subsample': 0.704570679023378, 'colsample_bytree': 0.8947323485133793}. Best is trial 5 with value: 0.7345679012345679.
c:\Users\x-hp\AppData\Local\Programs\Python\Python311\Lib\site-packages\xgboost\training.py:183: UserWarning: [22:23:22] WARNING: C:\actions-runner\_work\xgboost\xgboost\src\learner.cc:738:
Parameters: { "use_label_encoder" } are not used.

  bst.update(dtrain, iteration=i, fobj=obj)
[I 2025-05-01 22:23:23,356] Trial 16 finished with value: 0.7407407407407407 and parameters: {'n_estimators': 199, 'max_depth': 6, 'learning_rate': 0.18146693782516765, 'subsample': 0.6076510419631096, 'colsample_bytree': 0.8108119629798756}. Best is trial 16 with value: 0.7407407407407407.
c:\Users\x-hp\AppData\Local\Programs\Python\Python311\Lib\site-packages\xgboost\training.py:183: UserWarning: [22:23:23] WARNING: C:\actions-runner\_work\xgboost\xgboost\src\learner.cc:738:
Parameters: { "use_label_encoder" } are not used.

  bst.update(dtrain, iteration=i, fobj=obj)
[I 2025-05-01 22:23:24,072] Trial 17 finished with value: 0.7222222222222222 and parameters: {'n_estimators': 187, 'max_depth': 7, 'learning_rate': 0.19426168508621713, 'subsample': 0.6006609848975496, 'colsample_bytree': 0.7941888756484843}. Best is trial 16 with value: 0.7407407407407407.
c:\Users\x-hp\AppData\Local\Programs\Python\Python311\Lib\site-packages\xgboost\training.py:183: UserWarning: [22:23:24] WARNING: C:\actions-runner\_work\xgboost\xgboost\src\learner.cc:738:
Parameters: { "use_label_encoder" } are not used.

  bst.update(dtrain, iteration=i, fobj=obj)
[I 2025-05-01 22:23:24,643] Trial 18 finished with value: 0.7160493827160493 and parameters: {'n_estimators': 138, 'max_depth': 6, 'learning_rate': 0.02849755980153937, 'subsample': 0.6457414409949012, 'colsample_bytree': 0.6833943487765417}. Best is trial 16 with value: 0.7407407407407407.
c:\Users\x-hp\AppData\Local\Programs\Python\Python311\Lib\site-packages\xgboost\training.py:183: UserWarning: [22:23:24] WARNING: C:\actions-runner\_work\xgboost\xgboost\src\learner.cc:738:
Parameters: { "use_label_encoder" } are not used.

  bst.update(dtrain, iteration=i, fobj=obj)
[I 2025-05-01 22:23:24,931] Trial 19 finished with value: 0.6975308641975309 and parameters: {'n_estimators': 198, 'max_depth': 8, 'learning_rate': 0.2947631780847094, 'subsample': 0.9028110050008213, 'colsample_bytree': 0.7559740410408184}. Best is trial 16 with value: 0.7407407407407407.
c:\Users\x-hp\AppData\Local\Programs\Python\Python311\Lib\site-packages\xgboost\training.py:183: UserWarning: [22:23:24] WARNING: C:\actions-runner\_work\xgboost\xgboost\src\learner.cc:738:
Parameters: { "use_label_encoder" } are not used.

  bst.update(dtrain, iteration=i, fobj=obj)
C:\Users\x-hp\AppData\Local\Temp\ipykernel_14124\2652961358.py:22: ExperimentalWarning: WeightsAndBiasesCallback is experimental (supported from v2.9.0). The interface can change in the future.
  wandb_callback = WeightsAndBiasesCallback(metric_name="accuracy", wandb_kwargs={"project": "diabetes"})
[I 2025-05-01 22:24:08,681] A new study created in memory with name: no-name-a2f11c88-ace8-4ffd-a089-09ef0ecbed8e
c:\Users\x-hp\AppData\Local\Programs\Python\Python311\Lib\site-packages\xgboost\training.py:183: UserWarning: [22:24:08] WARNING: C:\actions-runner\_work\xgboost\xgboost\src\learner.cc:738:
Parameters: { "use_label_encoder" } are not used.

  bst.update(dtrain, iteration=i, fobj=obj)
[I 2025-05-01 22:24:09,326] Trial 0 finished with value: 0.6975308641975309 and parameters: {'n_estimators': 112, 'max_depth': 9, 'learning_rate': 0.2914388455300805, 'subsample': 0.7510049134399402, 'colsample_bytree': 0.7090212853384275}. Best is trial 0 with value: 0.6975308641975309.
c:\Users\x-hp\AppData\Local\Programs\Python\Python311\Lib\site-packages\xgboost\training.py:183: UserWarning: [22:24:09] WARNING: C:\actions-runner\_work\xgboost\xgboost\src\learner.cc:738:
Parameters: { "use_label_encoder" } are not used.

  bst.update(dtrain, iteration=i, fobj=obj)
[I 2025-05-01 22:24:09,644] Trial 1 finished with value: 0.7037037037037037 and parameters: {'n_estimators': 205, 'max_depth': 6, 'learning_rate': 0.23663356563434484, 'subsample': 0.7981587394456615, 'colsample_bytree': 0.854287039682077}. Best is trial 1 with value: 0.7037037037037037.
c:\Users\x-hp\AppData\Local\Programs\Python\Python311\Lib\site-packages\xgboost\training.py:183: UserWarning: [22:24:09] WARNING: C:\actions-runner\_work\xgboost\xgboost\src\learner.cc:738:
Parameters: { "use_label_encoder" } are not used.

  bst.update(dtrain, iteration=i, fobj=obj)
[I 2025-05-01 22:24:12,342] Trial 2 finished with value: 0.7160493827160493 and parameters: {'n_estimators': 186, 'max_depth': 5, 'learning_rate': 0.010465602598928123, 'subsample': 0.6139330861862117, 'colsample_bytree': 0.6468828113919968}. Best is trial 2 with value: 0.7160493827160493.
c:\Users\x-hp\AppData\Local\Programs\Python\Python311\Lib\site-packages\xgboost\training.py:183: UserWarning: [22:24:12] WARNING: C:\actions-runner\_work\xgboost\xgboost\src\learner.cc:738:
Parameters: { "use_label_encoder" } are not used.

  bst.update(dtrain, iteration=i, fobj=obj)
[34m[1mwandb[0m: [33mWARNING[0m Tried to log to step 0 that is less than the current step 21. Steps must be monotonically increasing, so this data will be ignored. See https://wandb.me/define-metric to log data out of order.
[34m[1mwandb[0m: [33mWARNING[0m Tried to log to step 1 that is less than the current step 21. Steps must be monotonically increasing, so this data will be ignored. See https://wandb.me/define-metric to log data out of order.
[34m[1mwandb[0m: [33mWARNING[0m Tried to log to step 2 that is less than the current step 21. Steps must be monotonically increasing, so this data will be ignored. See https://wandb.me/define-metric to log data out of order.
[I 2025-05-01 22:24:14,409] Trial 3 finished with value: 0.6851851851851852 and parameters: {'n_estimators': 288, 'max_depth': 7, 'learning_rate': 0.23628896264894095, 'subsample': 0.9937201999810554, 'colsample_bytree': 0.7958120465056814}. Best is trial 2 with value: 0.7160493827160493.
c:\Users\x-hp\AppData\Local\Programs\Python\Python311\Lib\site-packages\xgboost\training.py:183: UserWarning: [22:24:14] WARNING: C:\actions-runner\_work\xgboost\xgboost\src\learner.cc:738:
Parameters: { "use_label_encoder" } are not used.

  bst.update(dtrain, iteration=i, fobj=obj)
[I 2025-05-01 22:24:15,545] Trial 4 finished with value: 0.7160493827160493 and parameters: {'n_estimators': 243, 'max_depth': 4, 'learning_rate': 0.10762913398154941, 'subsample': 0.8218845930441614, 'colsample_bytree': 0.8101833498207986}. Best is trial 2 with value: 0.7160493827160493.
c:\Users\x-hp\AppData\Local\Programs\Python\Python311\Lib\site-packages\xgboost\training.py:183: UserWarning: [22:24:15] WARNING: C:\actions-runner\_work\xgboost\xgboost\src\learner.cc:738:
Parameters: { "use_label_encoder" } are not used.

  bst.update(dtrain, iteration=i, fobj=obj)
[I 2025-05-01 22:24:16,336] Trial 5 finished with value: 0.7037037037037037 and parameters: {'n_estimators': 118, 'max_depth': 5, 'learning_rate': 0.2681033992367235, 'subsample': 0.9447590453029424, 'colsample_bytree': 0.7641041410292895}. Best is trial 2 with value: 0.7160493827160493.
c:\Users\x-hp\AppData\Local\Programs\Python\Python311\Lib\site-packages\xgboost\training.py:183: UserWarning: [22:24:16] WARNING: C:\actions-runner\_work\xgboost\xgboost\src\learner.cc:738:
Parameters: { "use_label_encoder" } are not used.

  bst.update(dtrain, iteration=i, fobj=obj)
[I 2025-05-01 22:24:17,223] Trial 6 finished with value: 0.7098765432098766 and parameters: {'n_estimators': 193, 'max_depth': 5, 'learning_rate': 0.23191470823865007, 'subsample': 0.7391145376893022, 'colsample_bytree': 0.6653598817901755}. Best is trial 2 with value: 0.7160493827160493.
c:\Users\x-hp\AppData\Local\Programs\Python\Python311\Lib\site-packages\xgboost\training.py:183: UserWarning: [22:24:17] WARNING: C:\actions-runner\_work\xgboost\xgboost\src\learner.cc:738:
Parameters: { "use_label_encoder" } are not used.

  bst.update(dtrain, iteration=i, fobj=obj)
[I 2025-05-01 22:24:17,373] Trial 7 finished with value: 0.7098765432098766 and parameters: {'n_estimators': 102, 'max_depth': 3, 'learning_rate': 0.19974399930467468, 'subsample': 0.7405241839529044, 'colsample_bytree': 0.7704850376865453}. Best is trial 2 with value: 0.7160493827160493.
c:\Users\x-hp\AppData\Local\Programs\Python\Python311\Lib\site-packages\xgboost\training.py:183: UserWarning: [22:24:17] WARNING: C:\actions-runner\_work\xgboost\xgboost\src\learner.cc:738:
Parameters: { "use_label_encoder" } are not used.

  bst.update(dtrain, iteration=i, fobj=obj)
[I 2025-05-01 22:24:17,635] Trial 8 finished with value: 0.7283950617283951 and parameters: {'n_estimators': 224, 'max_depth': 3, 'learning_rate': 0.14381468765192162, 'subsample': 0.8556200253132973, 'colsample_bytree': 0.6972227993535005}. Best is trial 8 with value: 0.7283950617283951.
c:\Users\x-hp\AppData\Local\Programs\Python\Python311\Lib\site-packages\xgboost\training.py:183: UserWarning: [22:24:17] WARNING: C:\actions-runner\_work\xgboost\xgboost\src\learner.cc:738:
Parameters: { "use_label_encoder" } are not used.

  bst.update(dtrain, iteration=i, fobj=obj)
[I 2025-05-01 22:24:19,045] Trial 9 finished with value: 0.6975308641975309 and parameters: {'n_estimators': 212, 'max_depth': 5, 'learning_rate': 0.20580353946930077, 'subsample': 0.7830163682791824, 'colsample_bytree': 0.631781324073852}. Best is trial 8 with value: 0.7283950617283951.
c:\Users\x-hp\AppData\Local\Programs\Python\Python311\Lib\site-packages\xgboost\training.py:183: UserWarning: [22:24:19] WARNING: C:\actions-runner\_work\xgboost\xgboost\src\learner.cc:738:
Parameters: { "use_label_encoder" } are not used.

  bst.update(dtrain, iteration=i, fobj=obj)
[I 2025-05-01 22:24:20,693] Trial 10 finished with value: 0.7160493827160493 and parameters: {'n_estimators': 278, 'max_depth': 10, 'learning_rate': 0.12332506451635694, 'subsample': 0.8903631394019056, 'colsample_bytree': 0.961099977894704}. Best is trial 8 with value: 0.7283950617283951.
c:\Users\x-hp\AppData\Local\Programs\Python\Python311\Lib\site-packages\xgboost\training.py:183: UserWarning: [22:24:20] WARNING: C:\actions-runner\_work\xgboost\xgboost\src\learner.cc:738:
Parameters: { "use_label_encoder" } are not used.

  bst.update(dtrain, iteration=i, fobj=obj)
[I 2025-05-01 22:24:21,322] Trial 11 finished with value: 0.7098765432098766 and parameters: {'n_estimators': 165, 'max_depth': 3, 'learning_rate': 0.013714838318579736, 'subsample': 0.6005514523228174, 'colsample_bytree': 0.6035213988814441}. Best is trial 8 with value: 0.7283950617283951.
c:\Users\x-hp\AppData\Local\Programs\Python\Python311\Lib\site-packages\xgboost\training.py:183: UserWarning: [22:24:21] WARNING: C:\actions-runner\_work\xgboost\xgboost\src\learner.cc:738:
Parameters: { "use_label_encoder" } are not used.

  bst.update(dtrain, iteration=i, fobj=obj)
[I 2025-05-01 22:24:21,984] Trial 12 finished with value: 0.7098765432098766 and parameters: {'n_estimators': 164, 'max_depth': 3, 'learning_rate': 0.014510534459034302, 'subsample': 0.6073179710796403, 'colsample_bytree': 0.6980865287678629}. Best is trial 8 with value: 0.7283950617283951.
c:\Users\x-hp\AppData\Local\Programs\Python\Python311\Lib\site-packages\xgboost\training.py:183: UserWarning: [22:24:22] WARNING: C:\actions-runner\_work\xgboost\xgboost\src\learner.cc:738:
Parameters: { "use_label_encoder" } are not used.

  bst.update(dtrain, iteration=i, fobj=obj)
[I 2025-05-01 22:24:22,880] Trial 13 finished with value: 0.691358024691358 and parameters: {'n_estimators': 236, 'max_depth': 7, 'learning_rate': 0.06816289425629837, 'subsample': 0.865766714981941, 'colsample_bytree': 0.707033278228092}. Best is trial 8 with value: 0.7283950617283951.
c:\Users\x-hp\AppData\Local\Programs\Python\Python311\Lib\site-packages\xgboost\training.py:183: UserWarning: [22:24:22] WARNING: C:\actions-runner\_work\xgboost\xgboost\src\learner.cc:738:
Parameters: { "use_label_encoder" } are not used.

  bst.update(dtrain, iteration=i, fobj=obj)
