[I 2025-05-01 22:53:46,955] Trial 83 finished with value: 0.7098765432098766 and parameters: {'n_estimators': 111, 'max_depth': 4, 'learning_rate': 0.060458227891701966}. Best is trial 7 with value: 0.7407407407407407.
[I 2025-05-01 22:53:47,160] Trial 84 finished with value: 0.7222222222222222 and parameters: {'n_estimators': 125, 'max_depth': 4, 'learning_rate': 0.019631775863456144}. Best is trial 7 with value: 0.7407407407407407.
[I 2025-05-01 22:53:47,369] Trial 85 finished with value: 0.7345679012345679 and parameters: {'n_estimators': 110, 'max_depth': 4, 'learning_rate': 0.028482202139854872}. Best is trial 7 with value: 0.7407407407407407.
[I 2025-05-01 22:53:47,646] Trial 86 finished with value: 0.7283950617283951 and parameters: {'n_estimators': 118, 'max_depth': 5, 'learning_rate': 0.05143202205483377}. Best is trial 7 with value: 0.7407407407407407.
[I 2025-05-01 22:53:47,860] Trial 87 finished with value: 0.7345679012345679 and parameters: {'n_estimators': 138, 'max_depth': 3, 'learning_rate': 0.04198036341888473}. Best is trial 7 with value: 0.7407407407407407.
[I 2025-05-01 22:53:48,064] Trial 88 finished with value: 0.7283950617283951 and parameters: {'n_estimators': 106, 'max_depth': 4, 'learning_rate': 0.015754215114837128}. Best is trial 7 with value: 0.7407407407407407.
[I 2025-05-01 22:53:48,244] Trial 89 finished with value: 0.7345679012345679 and parameters: {'n_estimators': 131, 'max_depth': 3, 'learning_rate': 0.02538785758283442}. Best is trial 7 with value: 0.7407407407407407.
[I 2025-05-01 22:53:48,587] Trial 90 finished with value: 0.7283950617283951 and parameters: {'n_estimators': 225, 'max_depth': 5, 'learning_rate': 0.06878982662772617}. Best is trial 7 with value: 0.7407407407407407.
[I 2025-05-01 22:53:48,831] Trial 91 finished with value: 0.7345679012345679 and parameters: {'n_estimators': 118, 'max_depth': 5, 'learning_rate': 0.017384706017894103}. Best is trial 7 with value: 0.7407407407407407.
[I 2025-05-01 22:53:49,008] Trial 92 finished with value: 0.7407407407407407 and parameters: {'n_estimators': 101, 'max_depth': 4, 'learning_rate': 0.03481516663533167}. Best is trial 7 with value: 0.7407407407407407.
[I 2025-05-01 22:53:49,182] Trial 93 finished with value: 0.7407407407407407 and parameters: {'n_estimators': 107, 'max_depth': 4, 'learning_rate': 0.03463797575485425}. Best is trial 7 with value: 0.7407407407407407.
[I 2025-05-01 22:53:49,360] Trial 94 finished with value: 0.7222222222222222 and parameters: {'n_estimators': 104, 'max_depth': 4, 'learning_rate': 0.05586871137275494}. Best is trial 7 with value: 0.7407407407407407.
[I 2025-05-01 22:53:49,524] Trial 95 finished with value: 0.7345679012345679 and parameters: {'n_estimators': 100, 'max_depth': 4, 'learning_rate': 0.04604044061616613}. Best is trial 7 with value: 0.7407407407407407.
[I 2025-05-01 22:53:49,690] Trial 96 finished with value: 0.7345679012345679 and parameters: {'n_estimators': 109, 'max_depth': 4, 'learning_rate': 0.030938440826419545}. Best is trial 7 with value: 0.7407407407407407.
[I 2025-05-01 22:53:49,858] Trial 97 finished with value: 0.7345679012345679 and parameters: {'n_estimators': 113, 'max_depth': 4, 'learning_rate': 0.022422589026306075}. Best is trial 7 with value: 0.7407407407407407.
[I 2025-05-01 22:53:50,071] Trial 98 finished with value: 0.7222222222222222 and parameters: {'n_estimators': 217, 'max_depth': 3, 'learning_rate': 0.034722454070856335}. Best is trial 7 with value: 0.7407407407407407.
[I 2025-05-01 22:53:50,293] Trial 99 finished with value: 0.6975308641975309 and parameters: {'n_estimators': 105, 'max_depth': 5, 'learning_rate': 0.013028197027850186}. Best is trial 7 with value: 0.7407407407407407.
Best params for XGBoost: {'n_estimators': 230, 'max_depth': 4, 'learning_rate': 0.015587859161726298}
Best model: XGBoost
01-05-2025 22:53:50 Retraining best model on original full dataset...
01-05-2025 22:53:52 ✅ Exported and logged final model to W&B as artifact: final_model_xgboost.pkl
[I 2025-05-01 23:06:30,190] A new study created in memory with name: no-name-9fe4f26d-ff37-4f9b-9e5c-23bc311f4bab
[I 2025-05-01 23:06:33,338] Trial 0 finished with value: 0.8003947368421052 and parameters: {'n_estimators': 157, 'max_depth': 3, 'min_samples_split': 4, 'min_samples_leaf': 3}. Best is trial 0 with value: 0.8003947368421052.
[I 2025-05-01 23:06:34,819] Trial 1 finished with value: 0.8508771929824561 and parameters: {'n_estimators': 64, 'max_depth': 8, 'min_samples_split': 2, 'min_samples_leaf': 1}. Best is trial 1 with value: 0.8508771929824561.
[I 2025-05-01 23:06:35,725] Trial 2 finished with value: 0.8424780701754386 and parameters: {'n_estimators': 60, 'max_depth': 10, 'min_samples_split': 10, 'min_samples_leaf': 2}. Best is trial 1 with value: 0.8508771929824561.
[I 2025-05-01 23:06:36,446] Trial 3 finished with value: 0.8487280701754386 and parameters: {'n_estimators': 58, 'max_depth': 10, 'min_samples_split': 2, 'min_samples_leaf': 4}. Best is trial 1 with value: 0.8508771929824561.
[I 2025-05-01 23:06:38,721] Trial 4 finished with value: 0.8487499999999999 and parameters: {'n_estimators': 125, 'max_depth': 7, 'min_samples_split': 10, 'min_samples_leaf': 3}. Best is trial 1 with value: 0.8508771929824561.
[I 2025-05-01 23:06:41,231] Trial 5 finished with value: 0.8235526315789474 and parameters: {'n_estimators': 112, 'max_depth': 6, 'min_samples_split': 9, 'min_samples_leaf': 5}. Best is trial 1 with value: 0.8508771929824561.
[I 2025-05-01 23:06:43,432] Trial 6 finished with value: 0.7878070175438596 and parameters: {'n_estimators': 113, 'max_depth': 2, 'min_samples_split': 6, 'min_samples_leaf': 2}. Best is trial 1 with value: 0.8508771929824561.
[I 2025-05-01 23:06:47,094] Trial 7 finished with value: 0.8424122807017543 and parameters: {'n_estimators': 176, 'max_depth': 7, 'min_samples_split': 9, 'min_samples_leaf': 1}. Best is trial 1 with value: 0.8508771929824561.
[I 2025-05-01 23:06:49,688] Trial 8 finished with value: 0.785701754385965 and parameters: {'n_estimators': 122, 'max_depth': 2, 'min_samples_split': 2, 'min_samples_leaf': 3}. Best is trial 1 with value: 0.8508771929824561.
[I 2025-05-01 23:06:50,700] Trial 9 finished with value: 0.8172368421052632 and parameters: {'n_estimators': 88, 'max_depth': 4, 'min_samples_split': 9, 'min_samples_leaf': 2}. Best is trial 1 with value: 0.8508771929824561.
[I 2025-05-01 23:06:51,952] Trial 10 finished with value: 0.8529385964912282 and parameters: {'n_estimators': 82, 'max_depth': 8, 'min_samples_split': 5, 'min_samples_leaf': 1}. Best is trial 10 with value: 0.8529385964912282.
[I 2025-05-01 23:06:53,289] Trial 11 finished with value: 0.8529385964912282 and parameters: {'n_estimators': 84, 'max_depth': 8, 'min_samples_split': 5, 'min_samples_leaf': 1}. Best is trial 10 with value: 0.8529385964912282.
[I 2025-05-01 23:06:56,949] Trial 12 finished with value: 0.8466666666666667 and parameters: {'n_estimators': 100, 'max_depth': 9, 'min_samples_split': 6, 'min_samples_leaf': 1}. Best is trial 10 with value: 0.8529385964912282.
[I 2025-05-01 23:06:58,089] Trial 13 finished with value: 0.8403947368421052 and parameters: {'n_estimators': 87, 'max_depth': 5, 'min_samples_split': 4, 'min_samples_leaf': 1}. Best is trial 10 with value: 0.8529385964912282.
[I 2025-05-01 23:06:59,258] Trial 14 finished with value: 0.8466666666666667 and parameters: {'n_estimators': 79, 'max_depth': 8, 'min_samples_split': 4, 'min_samples_leaf': 2}. Best is trial 10 with value: 0.8529385964912282.
[I 2025-05-01 23:07:02,947] Trial 15 finished with value: 0.8508771929824561 and parameters: {'n_estimators': 158, 'max_depth': 8, 'min_samples_split': 7, 'min_samples_leaf': 1}. Best is trial 10 with value: 0.8529385964912282.
[I 2025-05-01 23:07:04,889] Trial 16 finished with value: 0.8424561403508772 and parameters: {'n_estimators': 145, 'max_depth': 6, 'min_samples_split': 5, 'min_samples_leaf': 4}. Best is trial 10 with value: 0.8529385964912282.
[I 2025-05-01 23:07:06,033] Trial 17 finished with value: 0.8508552631578947 and parameters: {'n_estimators': 76, 'max_depth': 9, 'min_samples_split': 7, 'min_samples_leaf': 2}. Best is trial 10 with value: 0.8529385964912282.
[I 2025-05-01 23:07:10,537] Trial 18 finished with value: 0.8382456140350877 and parameters: {'n_estimators': 196, 'max_depth': 7, 'min_samples_split': 5, 'min_samples_leaf': 4}. Best is trial 10 with value: 0.8529385964912282.
[I 2025-05-01 23:07:13,292] Trial 19 finished with value: 0.8550438596491228 and parameters: {'n_estimators': 100, 'max_depth': 9, 'min_samples_split': 3, 'min_samples_leaf': 1}. Best is trial 19 with value: 0.8550438596491228.
[I 2025-05-01 23:07:15,498] Trial 20 finished with value: 0.8319298245614034 and parameters: {'n_estimators': 101, 'max_depth': 9, 'min_samples_split': 3, 'min_samples_leaf': 5}. Best is trial 19 with value: 0.8550438596491228.
[I 2025-05-01 23:07:16,624] Trial 21 finished with value: 0.8571271929824562 and parameters: {'n_estimators': 50, 'max_depth': 8, 'min_samples_split': 3, 'min_samples_leaf': 1}. Best is trial 21 with value: 0.8571271929824562.
[I 2025-05-01 23:07:18,186] Trial 22 finished with value: 0.8508552631578947 and parameters: {'n_estimators': 51, 'max_depth': 10, 'min_samples_split': 3, 'min_samples_leaf': 1}. Best is trial 21 with value: 0.8571271929824562.
[I 2025-05-01 23:07:19,419] Trial 23 finished with value: 0.8466666666666667 and parameters: {'n_estimators': 67, 'max_depth': 9, 'min_samples_split': 3, 'min_samples_leaf': 2}. Best is trial 21 with value: 0.8571271929824562.
[I 2025-05-01 23:07:22,391] Trial 24 finished with value: 0.8487719298245613 and parameters: {'n_estimators': 100, 'max_depth': 6, 'min_samples_split': 3, 'min_samples_leaf': 1}. Best is trial 21 with value: 0.8571271929824562.
[I 2025-05-01 23:07:25,314] Trial 25 finished with value: 0.8424561403508772 and parameters: {'n_estimators': 73, 'max_depth': 7, 'min_samples_split': 4, 'min_samples_leaf': 2}. Best is trial 21 with value: 0.8571271929824562.
[I 2025-05-01 23:07:26,018] Trial 26 finished with value: 0.8487499999999999 and parameters: {'n_estimators': 53, 'max_depth': 9, 'min_samples_split': 7, 'min_samples_leaf': 1}. Best is trial 21 with value: 0.8571271929824562.
[I 2025-05-01 23:07:27,527] Trial 27 finished with value: 0.8571271929824562 and parameters: {'n_estimators': 133, 'max_depth': 8, 'min_samples_split': 5, 'min_samples_leaf': 2}. Best is trial 21 with value: 0.8571271929824562.
[I 2025-05-01 23:07:29,374] Trial 28 finished with value: 0.8424780701754384 and parameters: {'n_estimators': 140, 'max_depth': 5, 'min_samples_split': 3, 'min_samples_leaf': 2}. Best is trial 21 with value: 0.8571271929824562.
[I 2025-05-01 23:07:31,964] Trial 29 finished with value: 0.8466666666666667 and parameters: {'n_estimators': 138, 'max_depth': 10, 'min_samples_split': 4, 'min_samples_leaf': 3}. Best is trial 21 with value: 0.8571271929824562.
[I 2025-05-01 23:07:37,152] Trial 30 finished with value: 0.8466885964912281 and parameters: {'n_estimators': 156, 'max_depth': 7, 'min_samples_split': 2, 'min_samples_leaf': 2}. Best is trial 21 with value: 0.8571271929824562.
[I 2025-05-01 23:07:38,891] Trial 31 finished with value: 0.8550438596491228 and parameters: {'n_estimators': 93, 'max_depth': 8, 'min_samples_split': 5, 'min_samples_leaf': 1}. Best is trial 21 with value: 0.8571271929824562.
[I 2025-05-01 23:07:41,218] Trial 32 finished with value: 0.8508552631578947 and parameters: {'n_estimators': 129, 'max_depth': 8, 'min_samples_split': 6, 'min_samples_leaf': 1}. Best is trial 21 with value: 0.8571271929824562.
[I 2025-05-01 23:07:44,030] Trial 33 finished with value: 0.8508771929824561 and parameters: {'n_estimators': 111, 'max_depth': 9, 'min_samples_split': 5, 'min_samples_leaf': 1}. Best is trial 21 with value: 0.8571271929824562.
[I 2025-05-01 23:07:45,591] Trial 34 finished with value: 0.8445614035087721 and parameters: {'n_estimators': 94, 'max_depth': 8, 'min_samples_split': 6, 'min_samples_leaf': 2}. Best is trial 21 with value: 0.8571271929824562.
[I 2025-05-01 23:07:46,779] Trial 35 finished with value: 0.8529824561403508 and parameters: {'n_estimators': 66, 'max_depth': 10, 'min_samples_split': 4, 'min_samples_leaf': 1}. Best is trial 21 with value: 0.8571271929824562.
[I 2025-05-01 23:07:51,125] Trial 36 finished with value: 0.8445833333333332 and parameters: {'n_estimators': 117, 'max_depth': 7, 'min_samples_split': 2, 'min_samples_leaf': 3}. Best is trial 21 with value: 0.8571271929824562.
[I 2025-05-01 23:07:56,014] Trial 37 finished with value: 0.8529824561403508 and parameters: {'n_estimators': 130, 'max_depth': 9, 'min_samples_split': 4, 'min_samples_leaf': 1}. Best is trial 21 with value: 0.8571271929824562.
[I 2025-05-01 23:07:57,303] Trial 38 finished with value: 0.8508333333333333 and parameters: {'n_estimators': 108, 'max_depth': 6, 'min_samples_split': 8, 'min_samples_leaf': 2}. Best is trial 21 with value: 0.8571271929824562.
