[I 2025-05-01 23:08:00,105] Trial 39 finished with value: 0.8571710526315789 and parameters: {'n_estimators': 157, 'max_depth': 10, 'min_samples_split': 3, 'min_samples_leaf': 1}. Best is trial 39 with value: 0.8571710526315789.
[W 2025-05-01 23:08:00,635] Trial 40 failed with parameters: {'n_estimators': 165, 'max_depth': 10, 'min_samples_split': 2, 'min_samples_leaf': 3} because of the following error: KeyboardInterrupt().
Traceback (most recent call last):
  File "c:\Users\x-hp\AppData\Local\Programs\Python\Python311\Lib\site-packages\optuna\study\_optimize.py", line 197, in _run_trial
    value_or_values = func(trial)
                      ^^^^^^^^^^^
  File "C:\Users\x-hp\AppData\Local\Temp\ipykernel_14124\3991562111.py", line 20, in objective_rf
    score = cross_val_score(model, X_train_scaled, y_train_res, cv=5, scoring='accuracy').mean()
            ^^^^^^^^^^^^^^^^^^^^^^^^^^^^^^^^^^^^^^^^^^^^^^^^^^^^^^^^^^^^^^^^^^^^^^^^^^^^^
  File "c:\Users\x-hp\AppData\Local\Programs\Python\Python311\Lib\site-packages\sklearn\utils\_param_validation.py", line 213, in wrapper
    return func(*args, **kwargs)
           ^^^^^^^^^^^^^^^^^^^^^
  File "c:\Users\x-hp\AppData\Local\Programs\Python\Python311\Lib\site-packages\sklearn\model_selection\_validation.py", line 712, in cross_val_score
    cv_results = cross_validate(
                 ^^^^^^^^^^^^^^^
  File "c:\Users\x-hp\AppData\Local\Programs\Python\Python311\Lib\site-packages\sklearn\utils\_param_validation.py", line 213, in wrapper
    return func(*args, **kwargs)
           ^^^^^^^^^^^^^^^^^^^^^
  File "c:\Users\x-hp\AppData\Local\Programs\Python\Python311\Lib\site-packages\sklearn\model_selection\_validation.py", line 423, in cross_validate
    results = parallel(
              ^^^^^^^^^
  File "c:\Users\x-hp\AppData\Local\Programs\Python\Python311\Lib\site-packages\sklearn\utils\parallel.py", line 74, in __call__
    return super().__call__(iterable_with_config)
           ^^^^^^^^^^^^^^^^^^^^^^^^^^^^^^^^^^^^^^
  File "c:\Users\x-hp\AppData\Local\Programs\Python\Python311\Lib\site-packages\joblib\parallel.py", line 1918, in __call__
    return output if self.return_generator else list(output)
                                                ^^^^^^^^^^^^
  File "c:\Users\x-hp\AppData\Local\Programs\Python\Python311\Lib\site-packages\joblib\parallel.py", line 1847, in _get_sequential_output
    res = func(*args, **kwargs)
          ^^^^^^^^^^^^^^^^^^^^^
  File "c:\Users\x-hp\AppData\Local\Programs\Python\Python311\Lib\site-packages\sklearn\utils\parallel.py", line 136, in __call__
    return self.function(*args, **kwargs)
           ^^^^^^^^^^^^^^^^^^^^^^^^^^^^^^
  File "c:\Users\x-hp\AppData\Local\Programs\Python\Python311\Lib\site-packages\sklearn\model_selection\_validation.py", line 888, in _fit_and_score
    estimator.fit(X_train, y_train, **fit_params)
  File "c:\Users\x-hp\AppData\Local\Programs\Python\Python311\Lib\site-packages\sklearn\base.py", line 1473, in wrapper
    return fit_method(estimator, *args, **kwargs)
           ^^^^^^^^^^^^^^^^^^^^^^^^^^^^^^^^^^^^^^
  File "c:\Users\x-hp\AppData\Local\Programs\Python\Python311\Lib\site-packages\sklearn\ensemble\_forest.py", line 489, in fit
    trees = Parallel(
            ^^^^^^^^^
  File "c:\Users\x-hp\AppData\Local\Programs\Python\Python311\Lib\site-packages\sklearn\utils\parallel.py", line 74, in __call__
    return super().__call__(iterable_with_config)
           ^^^^^^^^^^^^^^^^^^^^^^^^^^^^^^^^^^^^^^
  File "c:\Users\x-hp\AppData\Local\Programs\Python\Python311\Lib\site-packages\joblib\parallel.py", line 1918, in __call__
    return output if self.return_generator else list(output)
                                                ^^^^^^^^^^^^
  File "c:\Users\x-hp\AppData\Local\Programs\Python\Python311\Lib\site-packages\joblib\parallel.py", line 1847, in _get_sequential_output
    res = func(*args, **kwargs)
          ^^^^^^^^^^^^^^^^^^^^^
  File "c:\Users\x-hp\AppData\Local\Programs\Python\Python311\Lib\site-packages\sklearn\utils\parallel.py", line 136, in __call__
    return self.function(*args, **kwargs)
           ^^^^^^^^^^^^^^^^^^^^^^^^^^^^^^
  File "c:\Users\x-hp\AppData\Local\Programs\Python\Python311\Lib\site-packages\sklearn\ensemble\_forest.py", line 192, in _parallel_build_trees
    tree._fit(
  File "c:\Users\x-hp\AppData\Local\Programs\Python\Python311\Lib\site-packages\sklearn\tree\_classes.py", line 294, in _fit
    check_classification_targets(y)
  File "c:\Users\x-hp\AppData\Local\Programs\Python\Python311\Lib\site-packages\sklearn\utils\multiclass.py", line 211, in check_classification_targets
    y_type = type_of_target(y, input_name="y")
             ^^^^^^^^^^^^^^^^^^^^^^^^^^^^^^^^^
  File "c:\Users\x-hp\AppData\Local\Programs\Python\Python311\Lib\site-packages\sklearn\utils\multiclass.py", line 397, in type_of_target
    if xp.any(data != xp.astype(data, int)):
                      ^^^^^^^^^^^^^^^^^^^^
  File "c:\Users\x-hp\AppData\Local\Programs\Python\Python311\Lib\site-packages\sklearn\utils\_array_api.py", line 390, in astype
    return x.astype(dtype, copy=copy, casting=casting)
           ^^^^^^^^^^^^^^^^^^^^^^^^^^^^^^^^^^^^^^^^^^^
KeyboardInterrupt
[W 2025-05-01 23:08:00,782] Trial 40 failed with value None.
Requirement already satisfied: wandb in c:\users\x-hp\anaconda3\lib\site-packages (0.19.8)
Requirement already satisfied: click!=8.0.0,>=7.1 in c:\users\x-hp\anaconda3\lib\site-packages (from wandb) (8.1.7)
Requirement already satisfied: docker-pycreds>=0.4.0 in c:\users\x-hp\anaconda3\lib\site-packages (from wandb) (0.4.0)
Requirement already satisfied: gitpython!=3.1.29,>=1.0.0 in c:\users\x-hp\anaconda3\lib\site-packages (from wandb) (3.1.43)
Requirement already satisfied: platformdirs in c:\users\x-hp\anaconda3\lib\site-packages (from wandb) (3.10.0)
Requirement already satisfied: protobuf!=4.21.0,!=5.28.0,<6,>=3.19.0 in c:\users\x-hp\anaconda3\lib\site-packages (from wandb) (4.25.3)
Requirement already satisfied: psutil>=5.0.0 in c:\users\x-hp\anaconda3\lib\site-packages (from wandb) (5.9.0)
Requirement already satisfied: pydantic<3,>=2.6 in c:\users\x-hp\anaconda3\lib\site-packages (from wandb) (2.8.2)
Requirement already satisfied: pyyaml in c:\users\x-hp\anaconda3\lib\site-packages (from wandb) (6.0.1)
Requirement already satisfied: requests<3,>=2.0.0 in c:\users\x-hp\anaconda3\lib\site-packages (from wandb) (2.32.3)
Requirement already satisfied: sentry-sdk>=2.0.0 in c:\users\x-hp\anaconda3\lib\site-packages (from wandb) (2.18.0)
Requirement already satisfied: setproctitle in c:\users\x-hp\anaconda3\lib\site-packages (from wandb) (1.3.5)
Requirement already satisfied: setuptools in c:\users\x-hp\anaconda3\lib\site-packages (from wandb) (75.1.0)
Requirement already satisfied: colorama in c:\users\x-hp\anaconda3\lib\site-packages (from click!=8.0.0,>=7.1->wandb) (0.4.6)
Requirement already satisfied: six>=1.4.0 in c:\users\x-hp\anaconda3\lib\site-packages (from docker-pycreds>=0.4.0->wandb) (1.17.0)
Requirement already satisfied: gitdb<5,>=4.0.1 in c:\users\x-hp\anaconda3\lib\site-packages (from gitpython!=3.1.29,>=1.0.0->wandb) (4.0.7)
Requirement already satisfied: annotated-types>=0.4.0 in c:\users\x-hp\anaconda3\lib\site-packages (from pydantic<3,>=2.6->wandb) (0.6.0)
Requirement already satisfied: pydantic-core==2.20.1 in c:\users\x-hp\anaconda3\lib\site-packages (from pydantic<3,>=2.6->wandb) (2.20.1)
Requirement already satisfied: typing-extensions>=4.6.1 in c:\users\x-hp\anaconda3\lib\site-packages (from pydantic<3,>=2.6->wandb) (4.11.0)
Requirement already satisfied: charset-normalizer<4,>=2 in c:\users\x-hp\anaconda3\lib\site-packages (from requests<3,>=2.0.0->wandb) (3.3.2)
Requirement already satisfied: idna<4,>=2.5 in c:\users\x-hp\anaconda3\lib\site-packages (from requests<3,>=2.0.0->wandb) (3.7)
Requirement already satisfied: urllib3<3,>=1.21.1 in c:\users\x-hp\anaconda3\lib\site-packages (from requests<3,>=2.0.0->wandb) (2.2.3)
Requirement already satisfied: certifi>=2017.4.17 in c:\users\x-hp\anaconda3\lib\site-packages (from requests<3,>=2.0.0->wandb) (2025.1.31)
Requirement already satisfied: smmap<5,>=3.0.1 in c:\users\x-hp\anaconda3\lib\site-packages (from gitdb<5,>=4.0.1->gitpython!=3.1.29,>=1.0.0->wandb) (4.0.0)
[34m[1mwandb[0m: [33mWARNING[0m Calling wandb.login() after wandb.init() has no effect.
01-05-2025 23:08:11 Downloading and reading train artifact
[34m[1mwandb[0m:   1 of 1 files downloaded.
01-05-2025 23:08:13 Spliting data into train/val
01-05-2025 23:08:13 x train: (375, 28)
01-05-2025 23:08:13 y train: (375,)
01-05-2025 23:08:13 x val: (162, 28)
01-05-2025 23:08:13 y val: (162,)
01-05-2025 23:08:13 Outlier Removal
01-05-2025 23:08:14 x_train shape [original]: (375, 28)
01-05-2025 23:08:14 x_train shape [outlier removal]: (357, 28)
01-05-2025 23:08:14 Data after SMOTE: (476, 28)
01-05-2025 23:08:14 [Logistic] Accuracy: 0.7469135802469136
01-05-2025 23:08:14 [Random Forest] Accuracy: 0.7222222222222222
c:\Users\x-hp\AppData\Local\Programs\Python\Python311\Lib\site-packages\xgboost\training.py:183: UserWarning: [23:08:14] WARNING: C:\actions-runner\_work\xgboost\xgboost\src\learner.cc:738:
Parameters: { "use_label_encoder" } are not used.

  bst.update(dtrain, iteration=i, fobj=obj)
01-05-2025 23:08:15 [XGBoost] Accuracy: 0.7222222222222222
                 Model  Accuracy
0  Logistic Regression  0.746914
1        Random Forest  0.722222
2              XGBoost  0.722222
[I 2025-05-01 23:08:17,187] A new study created in memory with name: no-name-fc9c59fb-7ffd-4292-b294-b7b3626fb2aa
[I 2025-05-01 23:08:19,224] Trial 0 finished with value: 0.8571491228070174 and parameters: {'n_estimators': 117, 'max_depth': 9, 'min_samples_split': 5, 'min_samples_leaf': 3}. Best is trial 0 with value: 0.8571491228070174.
[I 2025-05-01 23:08:21,424] Trial 1 finished with value: 0.8382456140350877 and parameters: {'n_estimators': 185, 'max_depth': 7, 'min_samples_split': 5, 'min_samples_leaf': 4}. Best is trial 0 with value: 0.8571491228070174.
[I 2025-05-01 23:08:22,288] Trial 2 finished with value: 0.8445614035087718 and parameters: {'n_estimators': 70, 'max_depth': 10, 'min_samples_split': 10, 'min_samples_leaf': 2}. Best is trial 0 with value: 0.8571491228070174.
[I 2025-05-01 23:08:24,455] Trial 3 finished with value: 0.8424780701754386 and parameters: {'n_estimators': 196, 'max_depth': 7, 'min_samples_split': 8, 'min_samples_leaf': 1}. Best is trial 0 with value: 0.8571491228070174.
[I 2025-05-01 23:08:26,219] Trial 4 finished with value: 0.8445394736842105 and parameters: {'n_estimators': 150, 'max_depth': 9, 'min_samples_split': 5, 'min_samples_leaf': 4}. Best is trial 0 with value: 0.8571491228070174.
[I 2025-05-01 23:08:27,015] Trial 5 finished with value: 0.8298464912280702 and parameters: {'n_estimators': 58, 'max_depth': 5, 'min_samples_split': 5, 'min_samples_leaf': 1}. Best is trial 0 with value: 0.8571491228070174.
[I 2025-05-01 23:08:28,591] Trial 6 finished with value: 0.7961842105263158 and parameters: {'n_estimators': 154, 'max_depth': 3, 'min_samples_split': 5, 'min_samples_leaf': 3}. Best is trial 0 with value: 0.8571491228070174.
[I 2025-05-01 23:08:29,507] Trial 7 finished with value: 0.8403728070175438 and parameters: {'n_estimators': 53, 'max_depth': 6, 'min_samples_split': 4, 'min_samples_leaf': 1}. Best is trial 0 with value: 0.8571491228070174.
[I 2025-05-01 23:08:31,188] Trial 8 finished with value: 0.8382456140350877 and parameters: {'n_estimators': 112, 'max_depth': 8, 'min_samples_split': 5, 'min_samples_leaf': 4}. Best is trial 0 with value: 0.8571491228070174.
[I 2025-05-01 23:08:33,262] Trial 9 finished with value: 0.7794298245614034 and parameters: {'n_estimators': 178, 'max_depth': 2, 'min_samples_split': 3, 'min_samples_leaf': 5}. Best is trial 0 with value: 0.8571491228070174.
[I 2025-05-01 23:08:34,300] Trial 10 finished with value: 0.8508333333333333 and parameters: {'n_estimators': 100, 'max_depth': 10, 'min_samples_split': 2, 'min_samples_leaf': 3}. Best is trial 0 with value: 0.8571491228070174.
[I 2025-05-01 23:08:35,445] Trial 11 finished with value: 0.8508333333333333 and parameters: {'n_estimators': 101, 'max_depth': 10, 'min_samples_split': 2, 'min_samples_leaf': 3}. Best is trial 0 with value: 0.8571491228070174.
[I 2025-05-01 23:08:36,594] Trial 12 finished with value: 0.8508552631578947 and parameters: {'n_estimators': 87, 'max_depth': 9, 'min_samples_split': 7, 'min_samples_leaf': 2}. Best is trial 0 with value: 0.8571491228070174.
[I 2025-05-01 23:08:37,563] Trial 13 finished with value: 0.8508991228070176 and parameters: {'n_estimators': 80, 'max_depth': 8, 'min_samples_split': 7, 'min_samples_leaf': 2}. Best is trial 0 with value: 0.8571491228070174.
[I 2025-05-01 23:08:38,972] Trial 14 finished with value: 0.8466666666666667 and parameters: {'n_estimators': 134, 'max_depth': 8, 'min_samples_split': 8, 'min_samples_leaf': 2}. Best is trial 0 with value: 0.8571491228070174.
[I 2025-05-01 23:08:39,802] Trial 15 finished with value: 0.8319078947368421 and parameters: {'n_estimators': 81, 'max_depth': 5, 'min_samples_split': 7, 'min_samples_leaf': 2}. Best is trial 0 with value: 0.8571491228070174.
[I 2025-05-01 23:08:41,179] Trial 16 finished with value: 0.8298026315789473 and parameters: {'n_estimators': 125, 'max_depth': 8, 'min_samples_split': 10, 'min_samples_leaf': 5}. Best is trial 0 with value: 0.8571491228070174.
[I 2025-05-01 23:08:42,977] Trial 17 finished with value: 0.8382675438596492 and parameters: {'n_estimators': 124, 'max_depth': 6, 'min_samples_split': 7, 'min_samples_leaf': 2}. Best is trial 0 with value: 0.8571491228070174.
[I 2025-05-01 23:08:43,888] Trial 18 finished with value: 0.8487280701754386 and parameters: {'n_estimators': 86, 'max_depth': 9, 'min_samples_split': 9, 'min_samples_leaf': 3}. Best is trial 0 with value: 0.8571491228070174.
[I 2025-05-01 23:08:45,301] Trial 19 finished with value: 0.8466666666666667 and parameters: {'n_estimators': 104, 'max_depth': 7, 'min_samples_split': 6, 'min_samples_leaf': 4}. Best is trial 0 with value: 0.8571491228070174.
[I 2025-05-01 23:08:47,010] Trial 20 finished with value: 0.8172149122807018 and parameters: {'n_estimators': 145, 'max_depth': 4, 'min_samples_split': 6, 'min_samples_leaf': 3}. Best is trial 0 with value: 0.8571491228070174.
[I 2025-05-01 23:08:47,976] Trial 21 finished with value: 0.8508552631578947 and parameters: {'n_estimators': 84, 'max_depth': 9, 'min_samples_split': 7, 'min_samples_leaf': 2}. Best is trial 0 with value: 0.8571491228070174.
[I 2025-05-01 23:08:48,943] Trial 22 finished with value: 0.8466447368421053 and parameters: {'n_estimators': 91, 'max_depth': 9, 'min_samples_split': 8, 'min_samples_leaf': 2}. Best is trial 0 with value: 0.8571491228070174.
[I 2025-05-01 23:08:49,688] Trial 23 finished with value: 0.8508771929824561 and parameters: {'n_estimators': 69, 'max_depth': 8, 'min_samples_split': 7, 'min_samples_leaf': 1}. Best is trial 0 with value: 0.8571491228070174.
[I 2025-05-01 23:08:50,468] Trial 24 finished with value: 0.8655482456140351 and parameters: {'n_estimators': 69, 'max_depth': 8, 'min_samples_split': 4, 'min_samples_leaf': 1}. Best is trial 24 with value: 0.8655482456140351.
[I 2025-05-01 23:08:51,209] Trial 25 finished with value: 0.8424780701754386 and parameters: {'n_estimators': 65, 'max_depth': 7, 'min_samples_split': 4, 'min_samples_leaf': 1}. Best is trial 24 with value: 0.8655482456140351.
[I 2025-05-01 23:08:52,711] Trial 26 finished with value: 0.8634649122807018 and parameters: {'n_estimators': 116, 'max_depth': 8, 'min_samples_split': 4, 'min_samples_leaf': 1}. Best is trial 24 with value: 0.8655482456140351.
[I 2025-05-01 23:08:54,909] Trial 27 finished with value: 0.8592763157894737 and parameters: {'n_estimators': 163, 'max_depth': 10, 'min_samples_split': 3, 'min_samples_leaf': 1}. Best is trial 24 with value: 0.8655482456140351.
[I 2025-05-01 23:08:56,911] Trial 28 finished with value: 0.8592763157894737 and parameters: {'n_estimators': 164, 'max_depth': 10, 'min_samples_split': 3, 'min_samples_leaf': 1}. Best is trial 24 with value: 0.8655482456140351.
[I 2025-05-01 23:08:58,866] Trial 29 finished with value: 0.8592763157894737 and parameters: {'n_estimators': 167, 'max_depth': 10, 'min_samples_split': 3, 'min_samples_leaf': 1}. Best is trial 24 with value: 0.8655482456140351.
[I 2025-05-01 23:09:00,303] Trial 30 finished with value: 0.8424780701754386 and parameters: {'n_estimators': 137, 'max_depth': 5, 'min_samples_split': 4, 'min_samples_leaf': 1}. Best is trial 24 with value: 0.8655482456140351.
[I 2025-05-01 23:09:02,559] Trial 31 finished with value: 0.8571710526315789 and parameters: {'n_estimators': 158, 'max_depth': 10, 'min_samples_split': 3, 'min_samples_leaf': 1}. Best is trial 24 with value: 0.8655482456140351.
[I 2025-05-01 23:09:04,356] Trial 32 finished with value: 0.8592763157894737 and parameters: {'n_estimators': 167, 'max_depth': 10, 'min_samples_split': 3, 'min_samples_leaf': 1}. Best is trial 24 with value: 0.8655482456140351.
[I 2025-05-01 23:09:06,337] Trial 33 finished with value: 0.8571710526315789 and parameters: {'n_estimators': 185, 'max_depth': 9, 'min_samples_split': 4, 'min_samples_leaf': 1}. Best is trial 24 with value: 0.8655482456140351.
[I 2025-05-01 23:09:08,427] Trial 34 finished with value: 0.8445833333333332 and parameters: {'n_estimators': 173, 'max_depth': 6, 'min_samples_split': 2, 'min_samples_leaf': 1}. Best is trial 24 with value: 0.8655482456140351.
[I 2025-05-01 23:09:10,473] Trial 35 finished with value: 0.8487499999999999 and parameters: {'n_estimators': 192, 'max_depth': 9, 'min_samples_split': 3, 'min_samples_leaf': 1}. Best is trial 24 with value: 0.8655482456140351.
[I 2025-05-01 23:09:12,850] Trial 36 finished with value: 0.8445614035087721 and parameters: {'n_estimators': 200, 'max_depth': 7, 'min_samples_split': 4, 'min_samples_leaf': 2}. Best is trial 24 with value: 0.8655482456140351.
[I 2025-05-01 23:09:14,434] Trial 37 finished with value: 0.8697587719298246 and parameters: {'n_estimators': 144, 'max_depth': 10, 'min_samples_split': 2, 'min_samples_leaf': 1}. Best is trial 37 with value: 0.8697587719298246.
[I 2025-05-01 23:09:16,146] Trial 38 finished with value: 0.8550877192982457 and parameters: {'n_estimators': 141, 'max_depth': 8, 'min_samples_split': 2, 'min_samples_leaf': 1}. Best is trial 37 with value: 0.8697587719298246.
[I 2025-05-01 23:09:17,793] Trial 39 finished with value: 0.8550438596491228 and parameters: {'n_estimators': 129, 'max_depth': 10, 'min_samples_split': 2, 'min_samples_leaf': 2}. Best is trial 37 with value: 0.8697587719298246.
[I 2025-05-01 23:09:19,098] Trial 40 finished with value: 0.8487719298245613 and parameters: {'n_estimators': 118, 'max_depth': 7, 'min_samples_split': 4, 'min_samples_leaf': 1}. Best is trial 37 with value: 0.8697587719298246.
[I 2025-05-01 23:09:21,237] Trial 41 finished with value: 0.8571710526315789 and parameters: {'n_estimators': 161, 'max_depth': 10, 'min_samples_split': 3, 'min_samples_leaf': 1}. Best is trial 37 with value: 0.8697587719298246.
[I 2025-05-01 23:09:24,135] Trial 42 finished with value: 0.8529605263157893 and parameters: {'n_estimators': 150, 'max_depth': 9, 'min_samples_split': 3, 'min_samples_leaf': 1}. Best is trial 37 with value: 0.8697587719298246.
[I 2025-05-01 23:09:26,895] Trial 43 finished with value: 0.8571491228070174 and parameters: {'n_estimators': 147, 'max_depth': 10, 'min_samples_split': 5, 'min_samples_leaf': 1}. Best is trial 37 with value: 0.8697587719298246.
[I 2025-05-01 23:09:29,436] Trial 44 finished with value: 0.8676535087719298 and parameters: {'n_estimators': 177, 'max_depth': 10, 'min_samples_split': 2, 'min_samples_leaf': 1}. Best is trial 37 with value: 0.8697587719298246.
[I 2025-05-01 23:09:31,611] Trial 45 finished with value: 0.8550877192982457 and parameters: {'n_estimators': 176, 'max_depth': 9, 'min_samples_split': 2, 'min_samples_leaf': 2}. Best is trial 37 with value: 0.8697587719298246.
[I 2025-05-01 23:09:33,827] Trial 46 finished with value: 0.8529824561403508 and parameters: {'n_estimators': 185, 'max_depth': 8, 'min_samples_split': 2, 'min_samples_leaf': 1}. Best is trial 37 with value: 0.8697587719298246.
[I 2025-05-01 23:09:35,472] Trial 47 finished with value: 0.8529605263157893 and parameters: {'n_estimators': 155, 'max_depth': 9, 'min_samples_split': 4, 'min_samples_leaf': 1}. Best is trial 37 with value: 0.8697587719298246.
[I 2025-05-01 23:09:36,040] Trial 48 finished with value: 0.7815350877192981 and parameters: {'n_estimators': 56, 'max_depth': 2, 'min_samples_split': 2, 'min_samples_leaf': 2}. Best is trial 37 with value: 0.8697587719298246.
[I 2025-05-01 23:09:37,627] Trial 49 finished with value: 0.8466447368421053 and parameters: {'n_estimators': 111, 'max_depth': 10, 'min_samples_split': 5, 'min_samples_leaf': 1}. Best is trial 37 with value: 0.8697587719298246.
[I 2025-05-01 23:09:40,211] Trial 50 finished with value: 0.8466666666666667 and parameters: {'n_estimators': 192, 'max_depth': 6, 'min_samples_split': 2, 'min_samples_leaf': 2}. Best is trial 37 with value: 0.8697587719298246.
[I 2025-05-01 23:09:42,059] Trial 51 finished with value: 0.8571710526315789 and parameters: {'n_estimators': 161, 'max_depth': 10, 'min_samples_split': 3, 'min_samples_leaf': 1}. Best is trial 37 with value: 0.8697587719298246.
[I 2025-05-01 23:09:44,459] Trial 52 finished with value: 0.8592763157894737 and parameters: {'n_estimators': 169, 'max_depth': 10, 'min_samples_split': 3, 'min_samples_leaf': 1}. Best is trial 37 with value: 0.8697587719298246.
[I 2025-05-01 23:09:46,467] Trial 53 finished with value: 0.8487499999999999 and parameters: {'n_estimators': 180, 'max_depth': 9, 'min_samples_split': 3, 'min_samples_leaf': 1}. Best is trial 37 with value: 0.8697587719298246.
