[I 2025-05-01 23:27:56,125] Trial 0 finished with value: 0.8277631578947368 and parameters: {'n_estimators': 162, 'max_depth': 5, 'min_samples_split': 2, 'min_samples_leaf': 3}. Best is trial 0 with value: 0.8277631578947368.
[I 2025-05-01 23:27:58,065] Trial 1 finished with value: 0.8466447368421053 and parameters: {'n_estimators': 173, 'max_depth': 9, 'min_samples_split': 2, 'min_samples_leaf': 3}. Best is trial 1 with value: 0.8466447368421053.
[I 2025-05-01 23:28:00,097] Trial 2 finished with value: 0.7815350877192982 and parameters: {'n_estimators': 180, 'max_depth': 2, 'min_samples_split': 2, 'min_samples_leaf': 5}. Best is trial 1 with value: 0.8466447368421053.
[I 2025-05-01 23:28:01,211] Trial 3 finished with value: 0.7962280701754386 and parameters: {'n_estimators': 113, 'max_depth': 3, 'min_samples_split': 2, 'min_samples_leaf': 1}. Best is trial 1 with value: 0.8466447368421053.
[I 2025-05-01 23:28:03,007] Trial 4 finished with value: 0.7983114035087719 and parameters: {'n_estimators': 131, 'max_depth': 3, 'min_samples_split': 3, 'min_samples_leaf': 1}. Best is trial 1 with value: 0.8466447368421053.
[I 2025-05-01 23:28:05,286] Trial 5 finished with value: 0.8172587719298245 and parameters: {'n_estimators': 69, 'max_depth': 4, 'min_samples_split': 7, 'min_samples_leaf': 4}. Best is trial 1 with value: 0.8466447368421053.
[I 2025-05-01 23:28:10,480] Trial 6 finished with value: 0.8403728070175438 and parameters: {'n_estimators': 110, 'max_depth': 7, 'min_samples_split': 9, 'min_samples_leaf': 2}. Best is trial 1 with value: 0.8466447368421053.
[I 2025-05-01 23:28:12,130] Trial 7 finished with value: 0.8424561403508772 and parameters: {'n_estimators': 146, 'max_depth': 7, 'min_samples_split': 5, 'min_samples_leaf': 5}. Best is trial 1 with value: 0.8466447368421053.
[I 2025-05-01 23:28:13,157] Trial 8 finished with value: 0.8403947368421052 and parameters: {'n_estimators': 79, 'max_depth': 7, 'min_samples_split': 6, 'min_samples_leaf': 3}. Best is trial 1 with value: 0.8466447368421053.
[I 2025-05-01 23:28:14,487] Trial 9 finished with value: 0.7899122807017542 and parameters: {'n_estimators': 102, 'max_depth': 2, 'min_samples_split': 2, 'min_samples_leaf': 4}. Best is trial 1 with value: 0.8466447368421053.
[I 2025-05-01 23:28:17,598] Trial 10 finished with value: 0.8466666666666667 and parameters: {'n_estimators': 198, 'max_depth': 10, 'min_samples_split': 10, 'min_samples_leaf': 2}. Best is trial 10 with value: 0.8466666666666667.
[I 2025-05-01 23:28:20,201] Trial 11 finished with value: 0.8529385964912279 and parameters: {'n_estimators': 199, 'max_depth': 10, 'min_samples_split': 9, 'min_samples_leaf': 2}. Best is trial 11 with value: 0.8529385964912279.
[I 2025-05-01 23:28:22,326] Trial 12 finished with value: 0.8466666666666667 and parameters: {'n_estimators': 199, 'max_depth': 10, 'min_samples_split': 10, 'min_samples_leaf': 2}. Best is trial 11 with value: 0.8529385964912279.
[I 2025-05-01 23:28:24,781] Trial 13 finished with value: 0.8529385964912282 and parameters: {'n_estimators': 197, 'max_depth': 10, 'min_samples_split': 8, 'min_samples_leaf': 2}. Best is trial 13 with value: 0.8529385964912282.
[I 2025-05-01 23:28:26,525] Trial 14 finished with value: 0.8529385964912282 and parameters: {'n_estimators': 151, 'max_depth': 9, 'min_samples_split': 8, 'min_samples_leaf': 2}. Best is trial 13 with value: 0.8529385964912282.
[I 2025-05-01 23:28:28,275] Trial 15 finished with value: 0.8508771929824561 and parameters: {'n_estimators': 152, 'max_depth': 8, 'min_samples_split': 8, 'min_samples_leaf': 1}. Best is trial 13 with value: 0.8529385964912282.
[I 2025-05-01 23:28:30,472] Trial 16 finished with value: 0.8529385964912282 and parameters: {'n_estimators': 134, 'max_depth': 9, 'min_samples_split': 7, 'min_samples_leaf': 2}. Best is trial 13 with value: 0.8529385964912282.
[I 2025-05-01 23:28:32,393] Trial 17 finished with value: 0.8445394736842105 and parameters: {'n_estimators': 178, 'max_depth': 8, 'min_samples_split': 5, 'min_samples_leaf': 4}. Best is trial 13 with value: 0.8529385964912282.
[I 2025-05-01 23:28:34,302] Trial 18 finished with value: 0.8424561403508772 and parameters: {'n_estimators': 161, 'max_depth': 6, 'min_samples_split': 8, 'min_samples_leaf': 1}. Best is trial 13 with value: 0.8529385964912282.
[I 2025-05-01 23:28:35,582] Trial 19 finished with value: 0.8508771929824561 and parameters: {'n_estimators': 93, 'max_depth': 9, 'min_samples_split': 7, 'min_samples_leaf': 2}. Best is trial 13 with value: 0.8529385964912282.
[I 2025-05-01 23:28:37,184] Trial 20 finished with value: 0.8445833333333332 and parameters: {'n_estimators': 142, 'max_depth': 8, 'min_samples_split': 8, 'min_samples_leaf': 3}. Best is trial 13 with value: 0.8529385964912282.
[I 2025-05-01 23:28:38,703] Trial 21 finished with value: 0.8508552631578947 and parameters: {'n_estimators': 128, 'max_depth': 9, 'min_samples_split': 7, 'min_samples_leaf': 2}. Best is trial 13 with value: 0.8529385964912282.
[I 2025-05-01 23:28:40,551] Trial 22 finished with value: 0.8466666666666667 and parameters: {'n_estimators': 135, 'max_depth': 9, 'min_samples_split': 6, 'min_samples_leaf': 2}. Best is trial 13 with value: 0.8529385964912282.
[I 2025-05-01 23:28:41,936] Trial 23 finished with value: 0.8529166666666667 and parameters: {'n_estimators': 123, 'max_depth': 10, 'min_samples_split': 9, 'min_samples_leaf': 1}. Best is trial 13 with value: 0.8529385964912282.
[I 2025-05-01 23:28:42,556] Trial 24 finished with value: 0.8487719298245613 and parameters: {'n_estimators': 53, 'max_depth': 8, 'min_samples_split': 6, 'min_samples_leaf': 2}. Best is trial 13 with value: 0.8529385964912282.
[I 2025-05-01 23:28:45,108] Trial 25 finished with value: 0.8445394736842105 and parameters: {'n_estimators': 183, 'max_depth': 6, 'min_samples_split': 8, 'min_samples_leaf': 3}. Best is trial 13 with value: 0.8529385964912282.
[I 2025-05-01 23:28:46,972] Trial 26 finished with value: 0.8487719298245613 and parameters: {'n_estimators': 162, 'max_depth': 9, 'min_samples_split': 5, 'min_samples_leaf': 2}. Best is trial 13 with value: 0.8529385964912282.
[I 2025-05-01 23:28:48,397] Trial 27 finished with value: 0.8508552631578947 and parameters: {'n_estimators': 117, 'max_depth': 10, 'min_samples_split': 7, 'min_samples_leaf': 1}. Best is trial 13 with value: 0.8529385964912282.
[I 2025-05-01 23:28:50,312] Trial 28 finished with value: 0.8445394736842105 and parameters: {'n_estimators': 150, 'max_depth': 8, 'min_samples_split': 9, 'min_samples_leaf': 3}. Best is trial 13 with value: 0.8529385964912282.
[I 2025-05-01 23:28:52,133] Trial 29 finished with value: 0.8424780701754386 and parameters: {'n_estimators': 164, 'max_depth': 7, 'min_samples_split': 8, 'min_samples_leaf': 3}. Best is trial 13 with value: 0.8529385964912282.
[I 2025-05-01 23:28:54,189] Trial 30 finished with value: 0.8340570175438596 and parameters: {'n_estimators': 186, 'max_depth': 5, 'min_samples_split': 4, 'min_samples_leaf': 2}. Best is trial 13 with value: 0.8529385964912282.
[I 2025-05-01 23:28:56,605] Trial 31 finished with value: 0.8529385964912279 and parameters: {'n_estimators': 190, 'max_depth': 10, 'min_samples_split': 9, 'min_samples_leaf': 2}. Best is trial 13 with value: 0.8529385964912282.
[I 2025-05-01 23:28:58,486] Trial 32 finished with value: 0.8487719298245613 and parameters: {'n_estimators': 173, 'max_depth': 9, 'min_samples_split': 10, 'min_samples_leaf': 2}. Best is trial 13 with value: 0.8529385964912282.
[I 2025-05-01 23:29:00,999] Trial 33 finished with value: 0.8445175438596492 and parameters: {'n_estimators': 191, 'max_depth': 10, 'min_samples_split': 9, 'min_samples_leaf': 3}. Best is trial 13 with value: 0.8529385964912282.
[I 2025-05-01 23:29:02,874] Trial 34 finished with value: 0.8487719298245613 and parameters: {'n_estimators': 171, 'max_depth': 9, 'min_samples_split': 7, 'min_samples_leaf': 1}. Best is trial 13 with value: 0.8529385964912282.
[I 2025-05-01 23:29:04,485] Trial 35 finished with value: 0.8550438596491228 and parameters: {'n_estimators': 139, 'max_depth': 10, 'min_samples_split': 8, 'min_samples_leaf': 2}. Best is trial 35 with value: 0.8550438596491228.
[I 2025-05-01 23:29:06,347] Trial 36 finished with value: 0.8508552631578947 and parameters: {'n_estimators': 143, 'max_depth': 9, 'min_samples_split': 8, 'min_samples_leaf': 1}. Best is trial 35 with value: 0.8550438596491228.
[I 2025-05-01 23:29:08,377] Trial 37 finished with value: 0.8466666666666667 and parameters: {'n_estimators': 155, 'max_depth': 10, 'min_samples_split': 6, 'min_samples_leaf': 3}. Best is trial 35 with value: 0.8550438596491228.
[I 2025-05-01 23:29:10,299] Trial 38 finished with value: 0.8340350877192982 and parameters: {'n_estimators': 136, 'max_depth': 5, 'min_samples_split': 7, 'min_samples_leaf': 2}. Best is trial 35 with value: 0.8550438596491228.
[I 2025-05-01 23:29:11,601] Trial 39 finished with value: 0.8487499999999999 and parameters: {'n_estimators': 105, 'max_depth': 9, 'min_samples_split': 8, 'min_samples_leaf': 1}. Best is trial 35 with value: 0.8550438596491228.
[I 2025-05-01 23:29:12,904] Trial 40 finished with value: 0.8466885964912281 and parameters: {'n_estimators': 116, 'max_depth': 8, 'min_samples_split': 7, 'min_samples_leaf': 2}. Best is trial 35 with value: 0.8550438596491228.
[I 2025-05-01 23:29:14,437] Trial 41 finished with value: 0.8529385964912279 and parameters: {'n_estimators': 125, 'max_depth': 10, 'min_samples_split': 9, 'min_samples_leaf': 2}. Best is trial 35 with value: 0.8550438596491228.
[I 2025-05-01 23:29:16,867] Trial 42 finished with value: 0.8529385964912282 and parameters: {'n_estimators': 195, 'max_depth': 10, 'min_samples_split': 8, 'min_samples_leaf': 2}. Best is trial 35 with value: 0.8550438596491228.
[I 2025-05-01 23:29:18,704] Trial 43 finished with value: 0.8508552631578947 and parameters: {'n_estimators': 173, 'max_depth': 10, 'min_samples_split': 8, 'min_samples_leaf': 2}. Best is trial 35 with value: 0.8550438596491228.
[I 2025-05-01 23:29:20,525] Trial 44 finished with value: 0.8487719298245613 and parameters: {'n_estimators': 138, 'max_depth': 9, 'min_samples_split': 7, 'min_samples_leaf': 3}. Best is trial 35 with value: 0.8550438596491228.
[I 2025-05-01 23:29:21,666] Trial 45 finished with value: 0.8487719298245613 and parameters: {'n_estimators': 88, 'max_depth': 10, 'min_samples_split': 6, 'min_samples_leaf': 2}. Best is trial 35 with value: 0.8550438596491228.
[I 2025-05-01 23:29:23,314] Trial 46 finished with value: 0.7961842105263157 and parameters: {'n_estimators': 157, 'max_depth': 3, 'min_samples_split': 8, 'min_samples_leaf': 5}. Best is trial 35 with value: 0.8550438596491228.
[I 2025-05-01 23:29:25,674] Trial 47 finished with value: 0.8487719298245613 and parameters: {'n_estimators': 168, 'max_depth': 10, 'min_samples_split': 10, 'min_samples_leaf': 1}. Best is trial 35 with value: 0.8550438596491228.
[I 2025-05-01 23:29:27,882] Trial 48 finished with value: 0.8445394736842105 and parameters: {'n_estimators': 195, 'max_depth': 9, 'min_samples_split': 8, 'min_samples_leaf': 4}. Best is trial 35 with value: 0.8550438596491228.
[I 2025-05-01 23:29:29,910] Trial 49 finished with value: 0.8445175438596492 and parameters: {'n_estimators': 121, 'max_depth': 8, 'min_samples_split': 9, 'min_samples_leaf': 2}. Best is trial 35 with value: 0.8550438596491228.
[I 2025-05-01 23:29:32,923] Trial 50 finished with value: 0.8487719298245613 and parameters: {'n_estimators': 178, 'max_depth': 7, 'min_samples_split': 7, 'min_samples_leaf': 3}. Best is trial 35 with value: 0.8550438596491228.
[I 2025-05-01 23:29:35,289] Trial 51 finished with value: 0.8529385964912279 and parameters: {'n_estimators': 198, 'max_depth': 10, 'min_samples_split': 9, 'min_samples_leaf': 2}. Best is trial 35 with value: 0.8550438596491228.
[I 2025-05-01 23:29:37,609] Trial 52 finished with value: 0.8508333333333333 and parameters: {'n_estimators': 192, 'max_depth': 10, 'min_samples_split': 8, 'min_samples_leaf': 2}. Best is trial 35 with value: 0.8550438596491228.
[I 2025-05-01 23:29:39,636] Trial 53 finished with value: 0.8529385964912282 and parameters: {'n_estimators': 187, 'max_depth': 9, 'min_samples_split': 9, 'min_samples_leaf': 2}. Best is trial 35 with value: 0.8550438596491228.
[I 2025-05-01 23:29:41,510] Trial 54 finished with value: 0.8445614035087718 and parameters: {'n_estimators': 148, 'max_depth': 9, 'min_samples_split': 10, 'min_samples_leaf': 2}. Best is trial 35 with value: 0.8550438596491228.
[I 2025-05-01 23:29:43,510] Trial 55 finished with value: 0.8466228070175438 and parameters: {'n_estimators': 187, 'max_depth': 8, 'min_samples_split': 9, 'min_samples_leaf': 2}. Best is trial 35 with value: 0.8550438596491228.
[I 2025-05-01 23:29:45,671] Trial 56 finished with value: 0.8529385964912282 and parameters: {'n_estimators': 181, 'max_depth': 9, 'min_samples_split': 8, 'min_samples_leaf': 2}. Best is trial 35 with value: 0.8550438596491228.
[I 2025-05-01 23:29:47,359] Trial 57 finished with value: 0.8529605263157896 and parameters: {'n_estimators': 130, 'max_depth': 9, 'min_samples_split': 7, 'min_samples_leaf': 1}. Best is trial 35 with value: 0.8550438596491228.
[I 2025-05-01 23:29:48,847] Trial 58 finished with value: 0.8466666666666667 and parameters: {'n_estimators': 130, 'max_depth': 10, 'min_samples_split': 7, 'min_samples_leaf': 1}. Best is trial 35 with value: 0.8550438596491228.
[I 2025-05-01 23:29:50,212] Trial 59 finished with value: 0.8445614035087721 and parameters: {'n_estimators': 111, 'max_depth': 9, 'min_samples_split': 6, 'min_samples_leaf': 1}. Best is trial 35 with value: 0.8550438596491228.
[I 2025-05-01 23:29:52,097] Trial 60 finished with value: 0.8277192982456139 and parameters: {'n_estimators': 133, 'max_depth': 4, 'min_samples_split': 7, 'min_samples_leaf': 1}. Best is trial 35 with value: 0.8550438596491228.
[I 2025-05-01 23:29:53,680] Trial 61 finished with value: 0.8487719298245613 and parameters: {'n_estimators': 145, 'max_depth': 8, 'min_samples_split': 8, 'min_samples_leaf': 2}. Best is trial 35 with value: 0.8550438596491228.
[I 2025-05-01 23:29:55,306] Trial 62 finished with value: 0.8529385964912282 and parameters: {'n_estimators': 139, 'max_depth': 9, 'min_samples_split': 8, 'min_samples_leaf': 2}. Best is trial 35 with value: 0.8550438596491228.
[I 2025-05-01 23:29:57,512] Trial 63 finished with value: 0.8466666666666667 and parameters: {'n_estimators': 179, 'max_depth': 10, 'min_samples_split': 7, 'min_samples_leaf': 3}. Best is trial 35 with value: 0.8550438596491228.
[I 2025-05-01 23:29:59,802] Trial 64 finished with value: 0.8487719298245613 and parameters: {'n_estimators': 200, 'max_depth': 9, 'min_samples_split': 8, 'min_samples_leaf': 2}. Best is trial 35 with value: 0.8550438596491228.
[I 2025-05-01 23:30:01,504] Trial 65 finished with value: 0.8550219298245614 and parameters: {'n_estimators': 130, 'max_depth': 10, 'min_samples_split': 9, 'min_samples_leaf': 1}. Best is trial 35 with value: 0.8550438596491228.
[I 2025-05-01 23:30:03,068] Trial 66 finished with value: 0.8592982456140351 and parameters: {'n_estimators': 127, 'max_depth': 10, 'min_samples_split': 3, 'min_samples_leaf': 1}. Best is trial 66 with value: 0.8592982456140351.
[I 2025-05-01 23:30:04,371] Trial 67 finished with value: 0.8466885964912281 and parameters: {'n_estimators': 120, 'max_depth': 7, 'min_samples_split': 4, 'min_samples_leaf': 1}. Best is trial 66 with value: 0.8592982456140351.
[I 2025-05-01 23:30:05,934] Trial 68 finished with value: 0.8592982456140351 and parameters: {'n_estimators': 127, 'max_depth': 10, 'min_samples_split': 3, 'min_samples_leaf': 1}. Best is trial 66 with value: 0.8592982456140351.
[I 2025-05-01 23:30:07,639] Trial 69 finished with value: 0.8592763157894737 and parameters: {'n_estimators': 128, 'max_depth': 10, 'min_samples_split': 3, 'min_samples_leaf': 1}. Best is trial 66 with value: 0.8592982456140351.
[I 2025-05-01 23:30:09,100] Trial 70 finished with value: 0.8592982456140351 and parameters: {'n_estimators': 127, 'max_depth': 10, 'min_samples_split': 3, 'min_samples_leaf': 1}. Best is trial 66 with value: 0.8592982456140351.
[I 2025-05-01 23:30:10,690] Trial 71 finished with value: 0.8592763157894737 and parameters: {'n_estimators': 128, 'max_depth': 10, 'min_samples_split': 3, 'min_samples_leaf': 1}. Best is trial 66 with value: 0.8592982456140351.
[I 2025-05-01 23:30:12,383] Trial 72 finished with value: 0.8592982456140351 and parameters: {'n_estimators': 127, 'max_depth': 10, 'min_samples_split': 3, 'min_samples_leaf': 1}. Best is trial 66 with value: 0.8592982456140351.
[I 2025-05-01 23:30:13,934] Trial 73 finished with value: 0.8592763157894737 and parameters: {'n_estimators': 128, 'max_depth': 10, 'min_samples_split': 3, 'min_samples_leaf': 1}. Best is trial 66 with value: 0.8592982456140351.
[I 2025-05-01 23:30:15,427] Trial 74 finished with value: 0.8592982456140351 and parameters: {'n_estimators': 125, 'max_depth': 10, 'min_samples_split': 3, 'min_samples_leaf': 1}. Best is trial 66 with value: 0.8592982456140351.
[I 2025-05-01 23:30:17,318] Trial 75 finished with value: 0.8571710526315789 and parameters: {'n_estimators': 108, 'max_depth': 10, 'min_samples_split': 3, 'min_samples_leaf': 1}. Best is trial 66 with value: 0.8592982456140351.
[I 2025-05-01 23:30:18,679] Trial 76 finished with value: 0.8592982456140351 and parameters: {'n_estimators': 115, 'max_depth': 10, 'min_samples_split': 3, 'min_samples_leaf': 1}. Best is trial 66 with value: 0.8592982456140351.
[I 2025-05-01 23:30:19,879] Trial 77 finished with value: 0.8634649122807018 and parameters: {'n_estimators': 100, 'max_depth': 10, 'min_samples_split': 2, 'min_samples_leaf': 1}. Best is trial 77 with value: 0.8634649122807018.
[I 2025-05-01 23:30:21,115] Trial 78 finished with value: 0.8655701754385964 and parameters: {'n_estimators': 95, 'max_depth': 10, 'min_samples_split': 2, 'min_samples_leaf': 1}. Best is trial 78 with value: 0.8655701754385964.
[I 2025-05-01 23:30:22,564] Trial 79 finished with value: 0.8634649122807018 and parameters: {'n_estimators': 98, 'max_depth': 10, 'min_samples_split': 2, 'min_samples_leaf': 1}. Best is trial 78 with value: 0.8655701754385964.
[I 2025-05-01 23:30:23,784] Trial 80 finished with value: 0.8634649122807018 and parameters: {'n_estimators': 99, 'max_depth': 10, 'min_samples_split': 2, 'min_samples_leaf': 1}. Best is trial 78 with value: 0.8655701754385964.
[I 2025-05-01 23:30:25,098] Trial 81 finished with value: 0.8634649122807018 and parameters: {'n_estimators': 99, 'max_depth': 10, 'min_samples_split': 2, 'min_samples_leaf': 1}. Best is trial 78 with value: 0.8655701754385964.
[I 2025-05-01 23:30:26,431] Trial 82 finished with value: 0.8634649122807018 and parameters: {'n_estimators': 99, 'max_depth': 10, 'min_samples_split': 2, 'min_samples_leaf': 1}. Best is trial 78 with value: 0.8655701754385964.
[I 2025-05-01 23:30:27,881] Trial 83 finished with value: 0.8634649122807018 and parameters: {'n_estimators': 98, 'max_depth': 10, 'min_samples_split': 2, 'min_samples_leaf': 1}. Best is trial 78 with value: 0.8655701754385964.
[I 2025-05-01 23:30:29,305] Trial 84 finished with value: 0.8634649122807018 and parameters: {'n_estimators': 96, 'max_depth': 10, 'min_samples_split': 2, 'min_samples_leaf': 1}. Best is trial 78 with value: 0.8655701754385964.
[I 2025-05-01 23:30:30,780] Trial 85 finished with value: 0.8634649122807018 and parameters: {'n_estimators': 96, 'max_depth': 10, 'min_samples_split': 2, 'min_samples_leaf': 1}. Best is trial 78 with value: 0.8655701754385964.
[I 2025-05-01 23:30:32,418] Trial 86 finished with value: 0.8634649122807018 and parameters: {'n_estimators': 97, 'max_depth': 10, 'min_samples_split': 2, 'min_samples_leaf': 1}. Best is trial 78 with value: 0.8655701754385964.
[I 2025-05-01 23:30:33,534] Trial 87 finished with value: 0.8634649122807018 and parameters: {'n_estimators': 86, 'max_depth': 10, 'min_samples_split': 2, 'min_samples_leaf': 1}. Best is trial 78 with value: 0.8655701754385964.
[I 2025-05-01 23:30:34,465] Trial 88 finished with value: 0.7815131578947369 and parameters: {'n_estimators': 99, 'max_depth': 2, 'min_samples_split': 2, 'min_samples_leaf': 1}. Best is trial 78 with value: 0.8655701754385964.
[I 2025-05-01 23:30:35,381] Trial 89 finished with value: 0.8424999999999999 and parameters: {'n_estimators': 75, 'max_depth': 6, 'min_samples_split': 2, 'min_samples_leaf': 1}. Best is trial 78 with value: 0.8655701754385964.
[I 2025-05-01 23:30:36,496] Trial 90 finished with value: 0.8550438596491228 and parameters: {'n_estimators': 92, 'max_depth': 9, 'min_samples_split': 2, 'min_samples_leaf': 1}. Best is trial 78 with value: 0.8655701754385964.
[I 2025-05-01 23:30:37,964] Trial 91 finished with value: 0.8634649122807018 and parameters: {'n_estimators': 99, 'max_depth': 10, 'min_samples_split': 2, 'min_samples_leaf': 1}. Best is trial 78 with value: 0.8655701754385964.
[I 2025-05-01 23:30:39,139] Trial 92 finished with value: 0.8655701754385964 and parameters: {'n_estimators': 95, 'max_depth': 10, 'min_samples_split': 2, 'min_samples_leaf': 1}. Best is trial 78 with value: 0.8655701754385964.
[I 2025-05-01 23:30:40,137] Trial 93 finished with value: 0.8655482456140351 and parameters: {'n_estimators': 82, 'max_depth': 10, 'min_samples_split': 2, 'min_samples_leaf': 1}. Best is trial 78 with value: 0.8655701754385964.
[I 2025-05-01 23:30:41,131] Trial 94 finished with value: 0.8655482456140351 and parameters: {'n_estimators': 82, 'max_depth': 10, 'min_samples_split': 2, 'min_samples_leaf': 1}. Best is trial 78 with value: 0.8655701754385964.
[I 2025-05-01 23:30:42,277] Trial 95 finished with value: 0.8655482456140351 and parameters: {'n_estimators': 82, 'max_depth': 10, 'min_samples_split': 2, 'min_samples_leaf': 1}. Best is trial 78 with value: 0.8655701754385964.
