[I 2025-05-01 23:12:30,302] Trial 89 finished with value: 0.8487280701754386 and parameters: {'n_estimators': 209, 'max_depth': 3, 'learning_rate': 0.11001554185159312, 'subsample': 0.9895354906090785, 'colsample_bytree': 0.6989341132219942, 'gamma': 2.16609243862953, 'min_child_weight': 2}. Best is trial 85 with value: 0.8760745614035088.
c:\Users\x-hp\AppData\Local\Programs\Python\Python311\Lib\site-packages\xgboost\training.py:183: UserWarning: [23:12:30] WARNING: C:\actions-runner\_work\xgboost\xgboost\src\learner.cc:738:
Parameters: { "use_label_encoder" } are not used.

  bst.update(dtrain, iteration=i, fobj=obj)
c:\Users\x-hp\AppData\Local\Programs\Python\Python311\Lib\site-packages\xgboost\training.py:183: UserWarning: [23:12:30] WARNING: C:\actions-runner\_work\xgboost\xgboost\src\learner.cc:738:
Parameters: { "use_label_encoder" } are not used.

  bst.update(dtrain, iteration=i, fobj=obj)
c:\Users\x-hp\AppData\Local\Programs\Python\Python311\Lib\site-packages\xgboost\training.py:183: UserWarning: [23:12:30] WARNING: C:\actions-runner\_work\xgboost\xgboost\src\learner.cc:738:
Parameters: { "use_label_encoder" } are not used.

  bst.update(dtrain, iteration=i, fobj=obj)
c:\Users\x-hp\AppData\Local\Programs\Python\Python311\Lib\site-packages\xgboost\training.py:183: UserWarning: [23:12:31] WARNING: C:\actions-runner\_work\xgboost\xgboost\src\learner.cc:738:
Parameters: { "use_label_encoder" } are not used.

  bst.update(dtrain, iteration=i, fobj=obj)
c:\Users\x-hp\AppData\Local\Programs\Python\Python311\Lib\site-packages\xgboost\training.py:183: UserWarning: [23:12:31] WARNING: C:\actions-runner\_work\xgboost\xgboost\src\learner.cc:738:
Parameters: { "use_label_encoder" } are not used.

  bst.update(dtrain, iteration=i, fobj=obj)
[I 2025-05-01 23:12:31,436] Trial 90 finished with value: 0.8718421052631579 and parameters: {'n_estimators': 200, 'max_depth': 4, 'learning_rate': 0.09062880733640112, 'subsample': 0.9514381939852651, 'colsample_bytree': 0.6957944242455302, 'gamma': 1.126438121128946, 'min_child_weight': 1}. Best is trial 85 with value: 0.8760745614035088.
c:\Users\x-hp\AppData\Local\Programs\Python\Python311\Lib\site-packages\xgboost\training.py:183: UserWarning: [23:12:31] WARNING: C:\actions-runner\_work\xgboost\xgboost\src\learner.cc:738:
Parameters: { "use_label_encoder" } are not used.

  bst.update(dtrain, iteration=i, fobj=obj)
c:\Users\x-hp\AppData\Local\Programs\Python\Python311\Lib\site-packages\xgboost\training.py:183: UserWarning: [23:12:31] WARNING: C:\actions-runner\_work\xgboost\xgboost\src\learner.cc:738:
Parameters: { "use_label_encoder" } are not used.

  bst.update(dtrain, iteration=i, fobj=obj)
c:\Users\x-hp\AppData\Local\Programs\Python\Python311\Lib\site-packages\xgboost\training.py:183: UserWarning: [23:12:31] WARNING: C:\actions-runner\_work\xgboost\xgboost\src\learner.cc:738:
Parameters: { "use_label_encoder" } are not used.

  bst.update(dtrain, iteration=i, fobj=obj)
c:\Users\x-hp\AppData\Local\Programs\Python\Python311\Lib\site-packages\xgboost\training.py:183: UserWarning: [23:12:32] WARNING: C:\actions-runner\_work\xgboost\xgboost\src\learner.cc:738:
Parameters: { "use_label_encoder" } are not used.

  bst.update(dtrain, iteration=i, fobj=obj)
c:\Users\x-hp\AppData\Local\Programs\Python\Python311\Lib\site-packages\xgboost\training.py:183: UserWarning: [23:12:32] WARNING: C:\actions-runner\_work\xgboost\xgboost\src\learner.cc:738:
Parameters: { "use_label_encoder" } are not used.

  bst.update(dtrain, iteration=i, fobj=obj)
[I 2025-05-01 23:12:32,542] Trial 91 finished with value: 0.8676096491228071 and parameters: {'n_estimators': 193, 'max_depth': 4, 'learning_rate': 0.06860183994837574, 'subsample': 0.9521482310351779, 'colsample_bytree': 0.6451557541510043, 'gamma': 0.23686097214610335, 'min_child_weight': 1}. Best is trial 85 with value: 0.8760745614035088.
c:\Users\x-hp\AppData\Local\Programs\Python\Python311\Lib\site-packages\xgboost\training.py:183: UserWarning: [23:12:32] WARNING: C:\actions-runner\_work\xgboost\xgboost\src\learner.cc:738:
Parameters: { "use_label_encoder" } are not used.

  bst.update(dtrain, iteration=i, fobj=obj)
c:\Users\x-hp\AppData\Local\Programs\Python\Python311\Lib\site-packages\xgboost\training.py:183: UserWarning: [23:12:32] WARNING: C:\actions-runner\_work\xgboost\xgboost\src\learner.cc:738:
Parameters: { "use_label_encoder" } are not used.

  bst.update(dtrain, iteration=i, fobj=obj)
c:\Users\x-hp\AppData\Local\Programs\Python\Python311\Lib\site-packages\xgboost\training.py:183: UserWarning: [23:12:32] WARNING: C:\actions-runner\_work\xgboost\xgboost\src\learner.cc:738:
Parameters: { "use_label_encoder" } are not used.

  bst.update(dtrain, iteration=i, fobj=obj)
c:\Users\x-hp\AppData\Local\Programs\Python\Python311\Lib\site-packages\xgboost\training.py:183: UserWarning: [23:12:33] WARNING: C:\actions-runner\_work\xgboost\xgboost\src\learner.cc:738:
Parameters: { "use_label_encoder" } are not used.

  bst.update(dtrain, iteration=i, fobj=obj)
c:\Users\x-hp\AppData\Local\Programs\Python\Python311\Lib\site-packages\xgboost\training.py:183: UserWarning: [23:12:33] WARNING: C:\actions-runner\_work\xgboost\xgboost\src\learner.cc:738:
Parameters: { "use_label_encoder" } are not used.

  bst.update(dtrain, iteration=i, fobj=obj)
[I 2025-05-01 23:12:33,512] Trial 92 finished with value: 0.8633991228070176 and parameters: {'n_estimators': 203, 'max_depth': 4, 'learning_rate': 0.09022236362330814, 'subsample': 0.818700197239353, 'colsample_bytree': 0.6932362142740854, 'gamma': 0.693758801262599, 'min_child_weight': 1}. Best is trial 85 with value: 0.8760745614035088.
c:\Users\x-hp\AppData\Local\Programs\Python\Python311\Lib\site-packages\xgboost\training.py:183: UserWarning: [23:12:33] WARNING: C:\actions-runner\_work\xgboost\xgboost\src\learner.cc:738:
Parameters: { "use_label_encoder" } are not used.

  bst.update(dtrain, iteration=i, fobj=obj)
c:\Users\x-hp\AppData\Local\Programs\Python\Python311\Lib\site-packages\xgboost\training.py:183: UserWarning: [23:12:33] WARNING: C:\actions-runner\_work\xgboost\xgboost\src\learner.cc:738:
Parameters: { "use_label_encoder" } are not used.

  bst.update(dtrain, iteration=i, fobj=obj)
c:\Users\x-hp\AppData\Local\Programs\Python\Python311\Lib\site-packages\xgboost\training.py:183: UserWarning: [23:12:33] WARNING: C:\actions-runner\_work\xgboost\xgboost\src\learner.cc:738:
Parameters: { "use_label_encoder" } are not used.

  bst.update(dtrain, iteration=i, fobj=obj)
c:\Users\x-hp\AppData\Local\Programs\Python\Python311\Lib\site-packages\xgboost\training.py:183: UserWarning: [23:12:34] WARNING: C:\actions-runner\_work\xgboost\xgboost\src\learner.cc:738:
Parameters: { "use_label_encoder" } are not used.

  bst.update(dtrain, iteration=i, fobj=obj)
c:\Users\x-hp\AppData\Local\Programs\Python\Python311\Lib\site-packages\xgboost\training.py:183: UserWarning: [23:12:34] WARNING: C:\actions-runner\_work\xgboost\xgboost\src\learner.cc:738:
Parameters: { "use_label_encoder" } are not used.

  bst.update(dtrain, iteration=i, fobj=obj)
[I 2025-05-01 23:12:34,274] Trial 93 finished with value: 0.8676535087719298 and parameters: {'n_estimators': 210, 'max_depth': 4, 'learning_rate': 0.10177078152408872, 'subsample': 0.9664033262894317, 'colsample_bytree': 0.7157106188420622, 'gamma': 1.0827336583931029, 'min_child_weight': 1}. Best is trial 85 with value: 0.8760745614035088.
c:\Users\x-hp\AppData\Local\Programs\Python\Python311\Lib\site-packages\xgboost\training.py:183: UserWarning: [23:12:34] WARNING: C:\actions-runner\_work\xgboost\xgboost\src\learner.cc:738:
Parameters: { "use_label_encoder" } are not used.

  bst.update(dtrain, iteration=i, fobj=obj)
c:\Users\x-hp\AppData\Local\Programs\Python\Python311\Lib\site-packages\xgboost\training.py:183: UserWarning: [23:12:34] WARNING: C:\actions-runner\_work\xgboost\xgboost\src\learner.cc:738:
Parameters: { "use_label_encoder" } are not used.

  bst.update(dtrain, iteration=i, fobj=obj)
c:\Users\x-hp\AppData\Local\Programs\Python\Python311\Lib\site-packages\xgboost\training.py:183: UserWarning: [23:12:34] WARNING: C:\actions-runner\_work\xgboost\xgboost\src\learner.cc:738:
Parameters: { "use_label_encoder" } are not used.

  bst.update(dtrain, iteration=i, fobj=obj)
c:\Users\x-hp\AppData\Local\Programs\Python\Python311\Lib\site-packages\xgboost\training.py:183: UserWarning: [23:12:34] WARNING: C:\actions-runner\_work\xgboost\xgboost\src\learner.cc:738:
Parameters: { "use_label_encoder" } are not used.

  bst.update(dtrain, iteration=i, fobj=obj)
c:\Users\x-hp\AppData\Local\Programs\Python\Python311\Lib\site-packages\xgboost\training.py:183: UserWarning: [23:12:34] WARNING: C:\actions-runner\_work\xgboost\xgboost\src\learner.cc:738:
Parameters: { "use_label_encoder" } are not used.

  bst.update(dtrain, iteration=i, fobj=obj)
[I 2025-05-01 23:12:35,091] Trial 94 finished with value: 0.8529824561403508 and parameters: {'n_estimators': 197, 'max_depth': 4, 'learning_rate': 0.12636593837670748, 'subsample': 0.9796539735544157, 'colsample_bytree': 0.6490711030591569, 'gamma': 0.42359463873751513, 'min_child_weight': 2}. Best is trial 85 with value: 0.8760745614035088.
c:\Users\x-hp\AppData\Local\Programs\Python\Python311\Lib\site-packages\xgboost\training.py:183: UserWarning: [23:12:35] WARNING: C:\actions-runner\_work\xgboost\xgboost\src\learner.cc:738:
Parameters: { "use_label_encoder" } are not used.

  bst.update(dtrain, iteration=i, fobj=obj)
c:\Users\x-hp\AppData\Local\Programs\Python\Python311\Lib\site-packages\xgboost\training.py:183: UserWarning: [23:12:35] WARNING: C:\actions-runner\_work\xgboost\xgboost\src\learner.cc:738:
Parameters: { "use_label_encoder" } are not used.

  bst.update(dtrain, iteration=i, fobj=obj)
c:\Users\x-hp\AppData\Local\Programs\Python\Python311\Lib\site-packages\xgboost\training.py:183: UserWarning: [23:12:35] WARNING: C:\actions-runner\_work\xgboost\xgboost\src\learner.cc:738:
Parameters: { "use_label_encoder" } are not used.

  bst.update(dtrain, iteration=i, fobj=obj)
c:\Users\x-hp\AppData\Local\Programs\Python\Python311\Lib\site-packages\xgboost\training.py:183: UserWarning: [23:12:35] WARNING: C:\actions-runner\_work\xgboost\xgboost\src\learner.cc:738:
Parameters: { "use_label_encoder" } are not used.

  bst.update(dtrain, iteration=i, fobj=obj)
c:\Users\x-hp\AppData\Local\Programs\Python\Python311\Lib\site-packages\xgboost\training.py:183: UserWarning: [23:12:36] WARNING: C:\actions-runner\_work\xgboost\xgboost\src\learner.cc:738:
Parameters: { "use_label_encoder" } are not used.

  bst.update(dtrain, iteration=i, fobj=obj)
[I 2025-05-01 23:12:36,797] Trial 95 finished with value: 0.8424780701754386 and parameters: {'n_estimators': 229, 'max_depth': 5, 'learning_rate': 0.13514247426447676, 'subsample': 0.92435987644277, 'colsample_bytree': 0.671519938085838, 'gamma': 0.14134704374795928, 'min_child_weight': 5}. Best is trial 85 with value: 0.8760745614035088.
c:\Users\x-hp\AppData\Local\Programs\Python\Python311\Lib\site-packages\xgboost\training.py:183: UserWarning: [23:12:36] WARNING: C:\actions-runner\_work\xgboost\xgboost\src\learner.cc:738:
Parameters: { "use_label_encoder" } are not used.

  bst.update(dtrain, iteration=i, fobj=obj)
c:\Users\x-hp\AppData\Local\Programs\Python\Python311\Lib\site-packages\xgboost\training.py:183: UserWarning: [23:12:37] WARNING: C:\actions-runner\_work\xgboost\xgboost\src\learner.cc:738:
Parameters: { "use_label_encoder" } are not used.

  bst.update(dtrain, iteration=i, fobj=obj)
c:\Users\x-hp\AppData\Local\Programs\Python\Python311\Lib\site-packages\xgboost\training.py:183: UserWarning: [23:12:37] WARNING: C:\actions-runner\_work\xgboost\xgboost\src\learner.cc:738:
Parameters: { "use_label_encoder" } are not used.

  bst.update(dtrain, iteration=i, fobj=obj)
c:\Users\x-hp\AppData\Local\Programs\Python\Python311\Lib\site-packages\xgboost\training.py:183: UserWarning: [23:12:37] WARNING: C:\actions-runner\_work\xgboost\xgboost\src\learner.cc:738:
Parameters: { "use_label_encoder" } are not used.

  bst.update(dtrain, iteration=i, fobj=obj)
c:\Users\x-hp\AppData\Local\Programs\Python\Python311\Lib\site-packages\xgboost\training.py:183: UserWarning: [23:12:37] WARNING: C:\actions-runner\_work\xgboost\xgboost\src\learner.cc:738:
Parameters: { "use_label_encoder" } are not used.

  bst.update(dtrain, iteration=i, fobj=obj)
[I 2025-05-01 23:12:37,801] Trial 96 finished with value: 0.8592105263157895 and parameters: {'n_estimators': 217, 'max_depth': 4, 'learning_rate': 0.08527260692738407, 'subsample': 0.8720538242304268, 'colsample_bytree': 0.6903886341968203, 'gamma': 0.5428619586044972, 'min_child_weight': 1}. Best is trial 85 with value: 0.8760745614035088.
c:\Users\x-hp\AppData\Local\Programs\Python\Python311\Lib\site-packages\xgboost\training.py:183: UserWarning: [23:12:37] WARNING: C:\actions-runner\_work\xgboost\xgboost\src\learner.cc:738:
Parameters: { "use_label_encoder" } are not used.

  bst.update(dtrain, iteration=i, fobj=obj)
c:\Users\x-hp\AppData\Local\Programs\Python\Python311\Lib\site-packages\xgboost\training.py:183: UserWarning: [23:12:38] WARNING: C:\actions-runner\_work\xgboost\xgboost\src\learner.cc:738:
Parameters: { "use_label_encoder" } are not used.

  bst.update(dtrain, iteration=i, fobj=obj)
c:\Users\x-hp\AppData\Local\Programs\Python\Python311\Lib\site-packages\xgboost\training.py:183: UserWarning: [23:12:38] WARNING: C:\actions-runner\_work\xgboost\xgboost\src\learner.cc:738:
Parameters: { "use_label_encoder" } are not used.

  bst.update(dtrain, iteration=i, fobj=obj)
c:\Users\x-hp\AppData\Local\Programs\Python\Python311\Lib\site-packages\xgboost\training.py:183: UserWarning: [23:12:38] WARNING: C:\actions-runner\_work\xgboost\xgboost\src\learner.cc:738:
Parameters: { "use_label_encoder" } are not used.

  bst.update(dtrain, iteration=i, fobj=obj)
c:\Users\x-hp\AppData\Local\Programs\Python\Python311\Lib\site-packages\xgboost\training.py:183: UserWarning: [23:12:38] WARNING: C:\actions-runner\_work\xgboost\xgboost\src\learner.cc:738:
Parameters: { "use_label_encoder" } are not used.

  bst.update(dtrain, iteration=i, fobj=obj)
[I 2025-05-01 23:12:38,449] Trial 97 finished with value: 0.8592105263157895 and parameters: {'n_estimators': 182, 'max_depth': 3, 'learning_rate': 0.09373826365313895, 'subsample': 0.9924464338026749, 'colsample_bytree': 0.7120924600647329, 'gamma': 0.7981334990115003, 'min_child_weight': 1}. Best is trial 85 with value: 0.8760745614035088.
c:\Users\x-hp\AppData\Local\Programs\Python\Python311\Lib\site-packages\xgboost\training.py:183: UserWarning: [23:12:38] WARNING: C:\actions-runner\_work\xgboost\xgboost\src\learner.cc:738:
Parameters: { "use_label_encoder" } are not used.

  bst.update(dtrain, iteration=i, fobj=obj)
c:\Users\x-hp\AppData\Local\Programs\Python\Python311\Lib\site-packages\xgboost\training.py:183: UserWarning: [23:12:38] WARNING: C:\actions-runner\_work\xgboost\xgboost\src\learner.cc:738:
Parameters: { "use_label_encoder" } are not used.

  bst.update(dtrain, iteration=i, fobj=obj)
c:\Users\x-hp\AppData\Local\Programs\Python\Python311\Lib\site-packages\xgboost\training.py:183: UserWarning: [23:12:38] WARNING: C:\actions-runner\_work\xgboost\xgboost\src\learner.cc:738:
Parameters: { "use_label_encoder" } are not used.

  bst.update(dtrain, iteration=i, fobj=obj)
c:\Users\x-hp\AppData\Local\Programs\Python\Python311\Lib\site-packages\xgboost\training.py:183: UserWarning: [23:12:39] WARNING: C:\actions-runner\_work\xgboost\xgboost\src\learner.cc:738:
Parameters: { "use_label_encoder" } are not used.

  bst.update(dtrain, iteration=i, fobj=obj)
c:\Users\x-hp\AppData\Local\Programs\Python\Python311\Lib\site-packages\xgboost\training.py:183: UserWarning: [23:12:39] WARNING: C:\actions-runner\_work\xgboost\xgboost\src\learner.cc:738:
Parameters: { "use_label_encoder" } are not used.

  bst.update(dtrain, iteration=i, fobj=obj)
[I 2025-05-01 23:12:39,351] Trial 98 finished with value: 0.8571491228070176 and parameters: {'n_estimators': 223, 'max_depth': 4, 'learning_rate': 0.11356062286932939, 'subsample': 0.9726337250125993, 'colsample_bytree': 0.6710342001134686, 'gamma': 1.1957036662325597, 'min_child_weight': 2}. Best is trial 85 with value: 0.8760745614035088.
c:\Users\x-hp\AppData\Local\Programs\Python\Python311\Lib\site-packages\xgboost\training.py:183: UserWarning: [23:12:39] WARNING: C:\actions-runner\_work\xgboost\xgboost\src\learner.cc:738:
Parameters: { "use_label_encoder" } are not used.

  bst.update(dtrain, iteration=i, fobj=obj)
c:\Users\x-hp\AppData\Local\Programs\Python\Python311\Lib\site-packages\xgboost\training.py:183: UserWarning: [23:12:39] WARNING: C:\actions-runner\_work\xgboost\xgboost\src\learner.cc:738:
Parameters: { "use_label_encoder" } are not used.

  bst.update(dtrain, iteration=i, fobj=obj)
c:\Users\x-hp\AppData\Local\Programs\Python\Python311\Lib\site-packages\xgboost\training.py:183: UserWarning: [23:12:39] WARNING: C:\actions-runner\_work\xgboost\xgboost\src\learner.cc:738:
Parameters: { "use_label_encoder" } are not used.

  bst.update(dtrain, iteration=i, fobj=obj)
c:\Users\x-hp\AppData\Local\Programs\Python\Python311\Lib\site-packages\xgboost\training.py:183: UserWarning: [23:12:40] WARNING: C:\actions-runner\_work\xgboost\xgboost\src\learner.cc:738:
Parameters: { "use_label_encoder" } are not used.

  bst.update(dtrain, iteration=i, fobj=obj)
c:\Users\x-hp\AppData\Local\Programs\Python\Python311\Lib\site-packages\xgboost\training.py:183: UserWarning: [23:12:40] WARNING: C:\actions-runner\_work\xgboost\xgboost\src\learner.cc:738:
Parameters: { "use_label_encoder" } are not used.

  bst.update(dtrain, iteration=i, fobj=obj)
[I 2025-05-01 23:12:40,590] Trial 99 finished with value: 0.8739692982456141 and parameters: {'n_estimators': 246, 'max_depth': 4, 'learning_rate': 0.1025996794226064, 'subsample': 0.9997340789376308, 'colsample_bytree': 0.7250948251587906, 'gamma': 0.08656275583561687, 'min_child_weight': 1}. Best is trial 85 with value: 0.8760745614035088.
✅ Best XGBoost Parameters: {'n_estimators': 226, 'max_depth': 4, 'learning_rate': 0.10773910850586058, 'subsample': 0.9895671416044908, 'colsample_bytree': 0.688286467478683, 'gamma': 0.22999718425706003, 'min_child_weight': 1}
Tuning RandomForest with Optuna...
[I 2025-05-01 23:12:40,793] A new study created in memory with name: no-name-cf6475ad-799f-4901-bfc2-dd8b6d37d9d8
[I 2025-05-01 23:12:41,818] Trial 0 finished with value: 0.6975308641975309 and parameters: {'n_estimators': 172, 'max_depth': 8, 'min_samples_split': 10}. Best is trial 0 with value: 0.6975308641975309.
[I 2025-05-01 23:12:42,030] Trial 1 finished with value: 0.7160493827160493 and parameters: {'n_estimators': 65, 'max_depth': 13, 'min_samples_split': 10}. Best is trial 1 with value: 0.7160493827160493.
[I 2025-05-01 23:12:42,437] Trial 2 finished with value: 0.7037037037037037 and parameters: {'n_estimators': 148, 'max_depth': 17, 'min_samples_split': 6}. Best is trial 1 with value: 0.7160493827160493.
[I 2025-05-01 23:12:42,834] Trial 3 finished with value: 0.7098765432098766 and parameters: {'n_estimators': 152, 'max_depth': 10, 'min_samples_split': 10}. Best is trial 1 with value: 0.7160493827160493.
[I 2025-05-01 23:12:43,050] Trial 4 finished with value: 0.7222222222222222 and parameters: {'n_estimators': 88, 'max_depth': 14, 'min_samples_split': 5}. Best is trial 4 with value: 0.7222222222222222.
[I 2025-05-01 23:12:43,285] Trial 5 finished with value: 0.7222222222222222 and parameters: {'n_estimators': 103, 'max_depth': 18, 'min_samples_split': 6}. Best is trial 4 with value: 0.7222222222222222.
[I 2025-05-01 23:12:43,633] Trial 6 finished with value: 0.7098765432098766 and parameters: {'n_estimators': 159, 'max_depth': 20, 'min_samples_split': 8}. Best is trial 4 with value: 0.7222222222222222.
[I 2025-05-01 23:12:43,951] Trial 7 finished with value: 0.7037037037037037 and parameters: {'n_estimators': 152, 'max_depth': 9, 'min_samples_split': 10}. Best is trial 4 with value: 0.7222222222222222.
[I 2025-05-01 23:12:44,218] Trial 8 finished with value: 0.7037037037037037 and parameters: {'n_estimators': 105, 'max_depth': 15, 'min_samples_split': 7}. Best is trial 4 with value: 0.7222222222222222.
[I 2025-05-01 23:12:44,382] Trial 9 finished with value: 0.7283950617283951 and parameters: {'n_estimators': 71, 'max_depth': 13, 'min_samples_split': 10}. Best is trial 9 with value: 0.7283950617283951.
[I 2025-05-01 23:12:44,544] Trial 10 finished with value: 0.7037037037037037 and parameters: {'n_estimators': 55, 'max_depth': 5, 'min_samples_split': 2}. Best is trial 9 with value: 0.7283950617283951.
[I 2025-05-01 23:12:44,796] Trial 11 finished with value: 0.7160493827160493 and parameters: {'n_estimators': 84, 'max_depth': 13, 'min_samples_split': 4}. Best is trial 9 with value: 0.7283950617283951.
[I 2025-05-01 23:12:45,032] Trial 12 finished with value: 0.7098765432098766 and parameters: {'n_estimators': 84, 'max_depth': 15, 'min_samples_split': 4}. Best is trial 9 with value: 0.7283950617283951.
[I 2025-05-01 23:12:45,374] Trial 13 finished with value: 0.691358024691358 and parameters: {'n_estimators': 123, 'max_depth': 11, 'min_samples_split': 8}. Best is trial 9 with value: 0.7283950617283951.
[I 2025-05-01 23:12:45,932] Trial 14 finished with value: 0.7222222222222222 and parameters: {'n_estimators': 194, 'max_depth': 15, 'min_samples_split': 4}. Best is trial 9 with value: 0.7283950617283951.
[I 2025-05-01 23:12:46,204] Trial 15 finished with value: 0.7222222222222222 and parameters: {'n_estimators': 76, 'max_depth': 12, 'min_samples_split': 5}. Best is trial 9 with value: 0.7283950617283951.
[I 2025-05-01 23:12:46,524] Trial 16 finished with value: 0.7037037037037037 and parameters: {'n_estimators': 105, 'max_depth': 7, 'min_samples_split': 2}. Best is trial 9 with value: 0.7283950617283951.
