01-05-2025 22:19:32 Downloading and reading train artifact
[34m[1mwandb[0m:   1 of 1 files downloaded.
01-05-2025 22:19:35 Spliting data into train/val
01-05-2025 22:19:35 x train: (375, 28)
01-05-2025 22:19:35 y train: (375,)
01-05-2025 22:19:35 x val: (162, 28)
01-05-2025 22:19:35 y val: (162,)
01-05-2025 22:19:35 Outlier Removal
01-05-2025 22:19:36 x_train shape [original]: (375, 28)
01-05-2025 22:19:36 x_train shape [outlier removal]: (357, 28)
Requirement already satisfied: wandb in c:\users\x-hp\anaconda3\lib\site-packages (0.19.8)
Requirement already satisfied: click!=8.0.0,>=7.1 in c:\users\x-hp\anaconda3\lib\site-packages (from wandb) (8.1.7)
Requirement already satisfied: docker-pycreds>=0.4.0 in c:\users\x-hp\anaconda3\lib\site-packages (from wandb) (0.4.0)
Requirement already satisfied: gitpython!=3.1.29,>=1.0.0 in c:\users\x-hp\anaconda3\lib\site-packages (from wandb) (3.1.43)
Requirement already satisfied: platformdirs in c:\users\x-hp\anaconda3\lib\site-packages (from wandb) (3.10.0)
Requirement already satisfied: protobuf!=4.21.0,!=5.28.0,<6,>=3.19.0 in c:\users\x-hp\anaconda3\lib\site-packages (from wandb) (4.25.3)
Requirement already satisfied: psutil>=5.0.0 in c:\users\x-hp\anaconda3\lib\site-packages (from wandb) (5.9.0)
Requirement already satisfied: pydantic<3,>=2.6 in c:\users\x-hp\anaconda3\lib\site-packages (from wandb) (2.8.2)
Requirement already satisfied: pyyaml in c:\users\x-hp\anaconda3\lib\site-packages (from wandb) (6.0.1)
Requirement already satisfied: requests<3,>=2.0.0 in c:\users\x-hp\anaconda3\lib\site-packages (from wandb) (2.32.3)
Requirement already satisfied: sentry-sdk>=2.0.0 in c:\users\x-hp\anaconda3\lib\site-packages (from wandb) (2.18.0)
Requirement already satisfied: setproctitle in c:\users\x-hp\anaconda3\lib\site-packages (from wandb) (1.3.5)
Requirement already satisfied: setuptools in c:\users\x-hp\anaconda3\lib\site-packages (from wandb) (75.1.0)
Requirement already satisfied: colorama in c:\users\x-hp\anaconda3\lib\site-packages (from click!=8.0.0,>=7.1->wandb) (0.4.6)
Requirement already satisfied: six>=1.4.0 in c:\users\x-hp\anaconda3\lib\site-packages (from docker-pycreds>=0.4.0->wandb) (1.17.0)
Requirement already satisfied: gitdb<5,>=4.0.1 in c:\users\x-hp\anaconda3\lib\site-packages (from gitpython!=3.1.29,>=1.0.0->wandb) (4.0.7)
Requirement already satisfied: annotated-types>=0.4.0 in c:\users\x-hp\anaconda3\lib\site-packages (from pydantic<3,>=2.6->wandb) (0.6.0)
Requirement already satisfied: pydantic-core==2.20.1 in c:\users\x-hp\anaconda3\lib\site-packages (from pydantic<3,>=2.6->wandb) (2.20.1)
Requirement already satisfied: typing-extensions>=4.6.1 in c:\users\x-hp\anaconda3\lib\site-packages (from pydantic<3,>=2.6->wandb) (4.11.0)
Requirement already satisfied: charset-normalizer<4,>=2 in c:\users\x-hp\anaconda3\lib\site-packages (from requests<3,>=2.0.0->wandb) (3.3.2)
Requirement already satisfied: idna<4,>=2.5 in c:\users\x-hp\anaconda3\lib\site-packages (from requests<3,>=2.0.0->wandb) (3.7)
Requirement already satisfied: urllib3<3,>=1.21.1 in c:\users\x-hp\anaconda3\lib\site-packages (from requests<3,>=2.0.0->wandb) (2.2.3)
Requirement already satisfied: certifi>=2017.4.17 in c:\users\x-hp\anaconda3\lib\site-packages (from requests<3,>=2.0.0->wandb) (2025.1.31)
Requirement already satisfied: smmap<5,>=3.0.1 in c:\users\x-hp\anaconda3\lib\site-packages (from gitdb<5,>=4.0.1->gitpython!=3.1.29,>=1.0.0->wandb) (4.0.0)
[34m[1mwandb[0m: [33mWARNING[0m Calling wandb.login() after wandb.init() has no effect.
01-05-2025 22:21:11 Downloading and reading train artifact
[34m[1mwandb[0m:   1 of 1 files downloaded.
01-05-2025 22:21:13 Spliting data into train/val
01-05-2025 22:21:13 x train: (375, 28)
01-05-2025 22:21:13 y train: (375,)
01-05-2025 22:21:13 x val: (162, 28)
01-05-2025 22:21:13 y val: (162,)
01-05-2025 22:21:13 Outlier Removal
01-05-2025 22:21:14 x_train shape [original]: (375, 28)
01-05-2025 22:21:14 x_train shape [outlier removal]: (357, 28)
01-05-2025 22:21:14 Data after SMOTE: (476, 28)
Requirement already satisfied: wandb in c:\users\x-hp\anaconda3\lib\site-packages (0.19.8)
Requirement already satisfied: click!=8.0.0,>=7.1 in c:\users\x-hp\anaconda3\lib\site-packages (from wandb) (8.1.7)
Requirement already satisfied: docker-pycreds>=0.4.0 in c:\users\x-hp\anaconda3\lib\site-packages (from wandb) (0.4.0)
Requirement already satisfied: gitpython!=3.1.29,>=1.0.0 in c:\users\x-hp\anaconda3\lib\site-packages (from wandb) (3.1.43)
Requirement already satisfied: platformdirs in c:\users\x-hp\anaconda3\lib\site-packages (from wandb) (3.10.0)
Requirement already satisfied: protobuf!=4.21.0,!=5.28.0,<6,>=3.19.0 in c:\users\x-hp\anaconda3\lib\site-packages (from wandb) (4.25.3)
Requirement already satisfied: psutil>=5.0.0 in c:\users\x-hp\anaconda3\lib\site-packages (from wandb) (5.9.0)
Requirement already satisfied: pydantic<3,>=2.6 in c:\users\x-hp\anaconda3\lib\site-packages (from wandb) (2.8.2)
Requirement already satisfied: pyyaml in c:\users\x-hp\anaconda3\lib\site-packages (from wandb) (6.0.1)
Requirement already satisfied: requests<3,>=2.0.0 in c:\users\x-hp\anaconda3\lib\site-packages (from wandb) (2.32.3)
Requirement already satisfied: sentry-sdk>=2.0.0 in c:\users\x-hp\anaconda3\lib\site-packages (from wandb) (2.18.0)
Requirement already satisfied: setproctitle in c:\users\x-hp\anaconda3\lib\site-packages (from wandb) (1.3.5)
Requirement already satisfied: setuptools in c:\users\x-hp\anaconda3\lib\site-packages (from wandb) (75.1.0)
Requirement already satisfied: colorama in c:\users\x-hp\anaconda3\lib\site-packages (from click!=8.0.0,>=7.1->wandb) (0.4.6)
Requirement already satisfied: six>=1.4.0 in c:\users\x-hp\anaconda3\lib\site-packages (from docker-pycreds>=0.4.0->wandb) (1.17.0)
Requirement already satisfied: gitdb<5,>=4.0.1 in c:\users\x-hp\anaconda3\lib\site-packages (from gitpython!=3.1.29,>=1.0.0->wandb) (4.0.7)
Requirement already satisfied: annotated-types>=0.4.0 in c:\users\x-hp\anaconda3\lib\site-packages (from pydantic<3,>=2.6->wandb) (0.6.0)
Requirement already satisfied: pydantic-core==2.20.1 in c:\users\x-hp\anaconda3\lib\site-packages (from pydantic<3,>=2.6->wandb) (2.20.1)
Requirement already satisfied: typing-extensions>=4.6.1 in c:\users\x-hp\anaconda3\lib\site-packages (from pydantic<3,>=2.6->wandb) (4.11.0)
Requirement already satisfied: charset-normalizer<4,>=2 in c:\users\x-hp\anaconda3\lib\site-packages (from requests<3,>=2.0.0->wandb) (3.3.2)
Requirement already satisfied: idna<4,>=2.5 in c:\users\x-hp\anaconda3\lib\site-packages (from requests<3,>=2.0.0->wandb) (3.7)
Requirement already satisfied: urllib3<3,>=1.21.1 in c:\users\x-hp\anaconda3\lib\site-packages (from requests<3,>=2.0.0->wandb) (2.2.3)
Requirement already satisfied: certifi>=2017.4.17 in c:\users\x-hp\anaconda3\lib\site-packages (from requests<3,>=2.0.0->wandb) (2025.1.31)
Requirement already satisfied: smmap<5,>=3.0.1 in c:\users\x-hp\anaconda3\lib\site-packages (from gitdb<5,>=4.0.1->gitpython!=3.1.29,>=1.0.0->wandb) (4.0.0)
[34m[1mwandb[0m: [33mWARNING[0m Calling wandb.login() after wandb.init() has no effect.
01-05-2025 22:21:47 Downloading and reading train artifact
[34m[1mwandb[0m:   1 of 1 files downloaded.
01-05-2025 22:21:49 Spliting data into train/val
01-05-2025 22:21:49 x train: (375, 28)
01-05-2025 22:21:49 y train: (375,)
01-05-2025 22:21:49 x val: (162, 28)
01-05-2025 22:21:49 y val: (162,)
01-05-2025 22:21:49 Outlier Removal
01-05-2025 22:21:49 x_train shape [original]: (375, 28)
01-05-2025 22:21:49 x_train shape [outlier removal]: (357, 28)
01-05-2025 22:21:49 Data after SMOTE: (476, 28)
01-05-2025 22:21:50 [Logistic] Accuracy: 0.7469135802469136
01-05-2025 22:21:50 [Random Forest] Accuracy: 0.7222222222222222
c:\Users\x-hp\AppData\Local\Programs\Python\Python311\Lib\site-packages\xgboost\training.py:183: UserWarning: [22:21:50] WARNING: C:\actions-runner\_work\xgboost\xgboost\src\learner.cc:738:
Parameters: { "use_label_encoder" } are not used.

  bst.update(dtrain, iteration=i, fobj=obj)
01-05-2025 22:21:50 [XGBoost] Accuracy: 0.7222222222222222
                 Model  Accuracy
0  Logistic Regression  0.746914
1        Random Forest  0.722222
2              XGBoost  0.722222
Requirement already satisfied: optuna-integration[wandb] in c:\users\x-hp\anaconda3\lib\site-packages (4.3.0)
Requirement already satisfied: optuna in c:\users\x-hp\anaconda3\lib\site-packages (from optuna-integration[wandb]) (4.2.1)
Requirement already satisfied: wandb in c:\users\x-hp\anaconda3\lib\site-packages (from optuna-integration[wandb]) (0.19.8)
Requirement already satisfied: alembic>=1.5.0 in c:\users\x-hp\anaconda3\lib\site-packages (from optuna->optuna-integration[wandb]) (1.13.3)
Requirement already satisfied: colorlog in c:\users\x-hp\anaconda3\lib\site-packages (from optuna->optuna-integration[wandb]) (6.9.0)
Requirement already satisfied: numpy in c:\users\x-hp\anaconda3\lib\site-packages (from optuna->optuna-integration[wandb]) (2.0.2)
Requirement already satisfied: packaging>=20.0 in c:\users\x-hp\anaconda3\lib\site-packages (from optuna->optuna-integration[wandb]) (24.2)
Requirement already satisfied: sqlalchemy>=1.4.2 in c:\users\x-hp\anaconda3\lib\site-packages (from optuna->optuna-integration[wandb]) (2.0.34)
Requirement already satisfied: tqdm in c:\users\x-hp\anaconda3\lib\site-packages (from optuna->optuna-integration[wandb]) (4.66.5)
Requirement already satisfied: PyYAML in c:\users\x-hp\anaconda3\lib\site-packages (from optuna->optuna-integration[wandb]) (6.0.1)
Requirement already satisfied: click!=8.0.0,>=7.1 in c:\users\x-hp\anaconda3\lib\site-packages (from wandb->optuna-integration[wandb]) (8.1.7)
Requirement already satisfied: docker-pycreds>=0.4.0 in c:\users\x-hp\anaconda3\lib\site-packages (from wandb->optuna-integration[wandb]) (0.4.0)
Requirement already satisfied: gitpython!=3.1.29,>=1.0.0 in c:\users\x-hp\anaconda3\lib\site-packages (from wandb->optuna-integration[wandb]) (3.1.43)
Requirement already satisfied: platformdirs in c:\users\x-hp\anaconda3\lib\site-packages (from wandb->optuna-integration[wandb]) (3.10.0)
Requirement already satisfied: protobuf!=4.21.0,!=5.28.0,<6,>=3.19.0 in c:\users\x-hp\anaconda3\lib\site-packages (from wandb->optuna-integration[wandb]) (4.25.3)
Requirement already satisfied: psutil>=5.0.0 in c:\users\x-hp\anaconda3\lib\site-packages (from wandb->optuna-integration[wandb]) (5.9.0)
Requirement already satisfied: pydantic<3,>=2.6 in c:\users\x-hp\anaconda3\lib\site-packages (from wandb->optuna-integration[wandb]) (2.8.2)
Requirement already satisfied: requests<3,>=2.0.0 in c:\users\x-hp\anaconda3\lib\site-packages (from wandb->optuna-integration[wandb]) (2.32.3)
Requirement already satisfied: sentry-sdk>=2.0.0 in c:\users\x-hp\anaconda3\lib\site-packages (from wandb->optuna-integration[wandb]) (2.18.0)
Requirement already satisfied: setproctitle in c:\users\x-hp\anaconda3\lib\site-packages (from wandb->optuna-integration[wandb]) (1.3.5)
Requirement already satisfied: setuptools in c:\users\x-hp\anaconda3\lib\site-packages (from wandb->optuna-integration[wandb]) (75.1.0)
Requirement already satisfied: Mako in c:\users\x-hp\anaconda3\lib\site-packages (from alembic>=1.5.0->optuna->optuna-integration[wandb]) (1.2.3)
Requirement already satisfied: typing-extensions>=4 in c:\users\x-hp\anaconda3\lib\site-packages (from alembic>=1.5.0->optuna->optuna-integration[wandb]) (4.11.0)
Requirement already satisfied: colorama in c:\users\x-hp\anaconda3\lib\site-packages (from click!=8.0.0,>=7.1->wandb->optuna-integration[wandb]) (0.4.6)
Requirement already satisfied: six>=1.4.0 in c:\users\x-hp\anaconda3\lib\site-packages (from docker-pycreds>=0.4.0->wandb->optuna-integration[wandb]) (1.17.0)
Requirement already satisfied: gitdb<5,>=4.0.1 in c:\users\x-hp\anaconda3\lib\site-packages (from gitpython!=3.1.29,>=1.0.0->wandb->optuna-integration[wandb]) (4.0.7)
Requirement already satisfied: annotated-types>=0.4.0 in c:\users\x-hp\anaconda3\lib\site-packages (from pydantic<3,>=2.6->wandb->optuna-integration[wandb]) (0.6.0)
Requirement already satisfied: pydantic-core==2.20.1 in c:\users\x-hp\anaconda3\lib\site-packages (from pydantic<3,>=2.6->wandb->optuna-integration[wandb]) (2.20.1)
Requirement already satisfied: charset-normalizer<4,>=2 in c:\users\x-hp\anaconda3\lib\site-packages (from requests<3,>=2.0.0->wandb->optuna-integration[wandb]) (3.3.2)
Requirement already satisfied: idna<4,>=2.5 in c:\users\x-hp\anaconda3\lib\site-packages (from requests<3,>=2.0.0->wandb->optuna-integration[wandb]) (3.7)
Requirement already satisfied: urllib3<3,>=1.21.1 in c:\users\x-hp\anaconda3\lib\site-packages (from requests<3,>=2.0.0->wandb->optuna-integration[wandb]) (2.2.3)
Requirement already satisfied: certifi>=2017.4.17 in c:\users\x-hp\anaconda3\lib\site-packages (from requests<3,>=2.0.0->wandb->optuna-integration[wandb]) (2025.1.31)
Requirement already satisfied: greenlet!=0.4.17 in c:\users\x-hp\anaconda3\lib\site-packages (from sqlalchemy>=1.4.2->optuna->optuna-integration[wandb]) (3.0.1)
Requirement already satisfied: smmap<5,>=3.0.1 in c:\users\x-hp\anaconda3\lib\site-packages (from gitdb<5,>=4.0.1->gitpython!=3.1.29,>=1.0.0->wandb->optuna-integration[wandb]) (4.0.0)
Requirement already satisfied: MarkupSafe>=0.9.2 in c:\users\x-hp\anaconda3\lib\site-packages (from Mako->alembic>=1.5.0->optuna->optuna-integration[wandb]) (2.1.3)
Collecting optuna-integration[wandb]Note: you may need to restart the kernel to use updated packages.

[notice] A new release of pip is available: 24.2 -> 25.1

  Using cached optuna_integration-4.3.0-py3-none-any.whl.metadata (12 kB)
Requirement already satisfied: optuna in c:\users\x-hp\appdata\local\programs\python\python311\lib\site-packages (from optuna-integration[wandb]) (4.2.1)
[notice] To update, run: python.exe -m pip install --upgrade pip
Requirement already satisfied: wandb in c:\users\x-hp\appdata\local\programs\python\python311\lib\site-packages (from optuna-integration[wandb]) (0.19.8)
Requirement already satisfied: alembic>=1.5.0 in c:\users\x-hp\appdata\local\programs\python\python311\lib\site-packages (from optuna->optuna-integration[wandb]) (1.14.0)
Requirement already satisfied: colorlog in c:\users\x-hp\appdata\local\programs\python\python311\lib\site-packages (from optuna->optuna-integration[wandb]) (6.9.0)
Requirement already satisfied: numpy in c:\users\x-hp\appdata\local\programs\python\python311\lib\site-packages (from optuna->optuna-integration[wandb]) (1.26.0)
Requirement already satisfied: packaging>=20.0 in c:\users\x-hp\appdata\roaming\python\python311\site-packages (from optuna->optuna-integration[wandb]) (23.1)
Requirement already satisfied: sqlalchemy>=1.4.2 in c:\users\x-hp\appdata\local\programs\python\python311\lib\site-packages (from optuna->optuna-integration[wandb]) (2.0.37)
Requirement already satisfied: tqdm in c:\users\x-hp\appdata\local\programs\python\python311\lib\site-packages (from optuna->optuna-integration[wandb]) (4.67.1)
Requirement already satisfied: PyYAML in c:\users\x-hp\appdata\local\programs\python\python311\lib\site-packages (from optuna->optuna-integration[wandb]) (6.0.2)
Requirement already satisfied: click!=8.0.0,>=7.1 in c:\users\x-hp\appdata\local\programs\python\python311\lib\site-packages (from wandb->optuna-integration[wandb]) (8.1.7)
Requirement already satisfied: docker-pycreds>=0.4.0 in c:\users\x-hp\appdata\local\programs\python\python311\lib\site-packages (from wandb->optuna-integration[wandb]) (0.4.0)
Requirement already satisfied: gitpython!=3.1.29,>=1.0.0 in c:\users\x-hp\appdata\local\programs\python\python311\lib\site-packages (from wandb->optuna-integration[wandb]) (3.1.40)
Requirement already satisfied: platformdirs in c:\users\x-hp\appdata\roaming\python\python311\site-packages (from wandb->optuna-integration[wandb]) (3.10.0)
Requirement already satisfied: protobuf!=4.21.0,!=5.28.0,<6,>=3.19.0 in c:\users\x-hp\appdata\local\programs\python\python311\lib\site-packages (from wandb->optuna-integration[wandb]) (5.29.3)
Requirement already satisfied: psutil>=5.0.0 in c:\users\x-hp\appdata\roaming\python\python311\site-packages (from wandb->optuna-integration[wandb]) (5.9.5)
Requirement already satisfied: pydantic<3,>=2.6 in c:\users\x-hp\appdata\local\programs\python\python311\lib\site-packages (from wandb->optuna-integration[wandb]) (2.10.4)
Requirement already satisfied: requests<3,>=2.0.0 in c:\users\x-hp\appdata\local\programs\python\python311\lib\site-packages (from wandb->optuna-integration[wandb]) (2.32.3)
Requirement already satisfied: sentry-sdk>=2.0.0 in c:\users\x-hp\appdata\local\programs\python\python311\lib\site-packages (from wandb->optuna-integration[wandb]) (2.24.0)
Requirement already satisfied: setproctitle in c:\users\x-hp\appdata\local\programs\python\python311\lib\site-packages (from wandb->optuna-integration[wandb]) (1.3.5)
Requirement already satisfied: setuptools in c:\users\x-hp\appdata\local\programs\python\python311\lib\site-packages (from wandb->optuna-integration[wandb]) (65.5.0)
Requirement already satisfied: typing-extensions<5,>=4.4 in c:\users\x-hp\appdata\local\programs\python\python311\lib\site-packages (from wandb->optuna-integration[wandb]) (4.12.2)
Requirement already satisfied: Mako in c:\users\x-hp\appdata\local\programs\python\python311\lib\site-packages (from alembic>=1.5.0->optuna->optuna-integration[wandb]) (1.3.8)
Requirement already satisfied: colorama in c:\users\x-hp\appdata\roaming\python\python311\site-packages (from click!=8.0.0,>=7.1->wandb->optuna-integration[wandb]) (0.4.6)
Requirement already satisfied: six>=1.4.0 in c:\users\x-hp\appdata\roaming\python\python311\site-packages (from docker-pycreds>=0.4.0->wandb->optuna-integration[wandb]) (1.16.0)
Requirement already satisfied: gitdb<5,>=4.0.1 in c:\users\x-hp\appdata\local\programs\python\python311\lib\site-packages (from gitpython!=3.1.29,>=1.0.0->wandb->optuna-integration[wandb]) (4.0.11)
Requirement already satisfied: annotated-types>=0.6.0 in c:\users\x-hp\appdata\local\programs\python\python311\lib\site-packages (from pydantic<3,>=2.6->wandb->optuna-integration[wandb]) (0.7.0)
Requirement already satisfied: pydantic-core==2.27.2 in c:\users\x-hp\appdata\local\programs\python\python311\lib\site-packages (from pydantic<3,>=2.6->wandb->optuna-integration[wandb]) (2.27.2)
Requirement already satisfied: charset-normalizer<4,>=2 in c:\users\x-hp\appdata\local\programs\python\python311\lib\site-packages (from requests<3,>=2.0.0->wandb->optuna-integration[wandb]) (3.4.1)
Requirement already satisfied: idna<4,>=2.5 in c:\users\x-hp\appdata\local\programs\python\python311\lib\site-packages (from requests<3,>=2.0.0->wandb->optuna-integration[wandb]) (3.10)
Requirement already satisfied: urllib3<3,>=1.21.1 in c:\users\x-hp\appdata\local\programs\python\python311\lib\site-packages (from requests<3,>=2.0.0->wandb->optuna-integration[wandb]) (2.3.0)
Requirement already satisfied: certifi>=2017.4.17 in c:\users\x-hp\appdata\local\programs\python\python311\lib\site-packages (from requests<3,>=2.0.0->wandb->optuna-integration[wandb]) (2024.12.14)
Requirement already satisfied: greenlet!=0.4.17 in c:\users\x-hp\appdata\local\programs\python\python311\lib\site-packages (from sqlalchemy>=1.4.2->optuna->optuna-integration[wandb]) (3.1.1)
Requirement already satisfied: smmap<6,>=3.0.1 in c:\users\x-hp\appdata\local\programs\python\python311\lib\site-packages (from gitdb<5,>=4.0.1->gitpython!=3.1.29,>=1.0.0->wandb->optuna-integration[wandb]) (5.0.1)
Requirement already satisfied: MarkupSafe>=0.9.2 in c:\users\x-hp\appdata\local\programs\python\python311\lib\site-packages (from Mako->alembic>=1.5.0->optuna->optuna-integration[wandb]) (3.0.2)
Using cached optuna_integration-4.3.0-py3-none-any.whl (98 kB)
Installing collected packages: optuna-integration
Successfully installed optuna-integration-4.3.0
C:\Users\x-hp\AppData\Local\Temp\ipykernel_14124\3551299460.py:22: ExperimentalWarning: WeightsAndBiasesCallback is experimental (supported from v2.9.0). The interface can change in the future.
  wandb_callback = WeightsAndBiasesCallback(metric_name="accuracy", wandb_kwargs={"project": "diabetes"})
[I 2025-05-01 22:22:50,705] A new study created in memory with name: no-name-d8985519-6a59-4f51-8b8c-72cbd4838320
c:\Users\x-hp\AppData\Local\Programs\Python\Python311\Lib\site-packages\xgboost\training.py:183: UserWarning: [22:22:51] WARNING: C:\actions-runner\_work\xgboost\xgboost\src\learner.cc:738:
Parameters: { "use_label_encoder" } are not used.

  bst.update(dtrain, iteration=i, fobj=obj)
[I 2025-05-01 22:22:51,811] Trial 0 finished with value: 0.6851851851851852 and parameters: {'n_estimators': 176, 'max_depth': 8, 'learning_rate': 0.14192391775969737, 'subsample': 0.6409776478052065, 'colsample_bytree': 0.7185262310188173}. Best is trial 0 with value: 0.6851851851851852.
c:\Users\x-hp\AppData\Local\Programs\Python\Python311\Lib\site-packages\xgboost\training.py:183: UserWarning: [22:22:51] WARNING: C:\actions-runner\_work\xgboost\xgboost\src\learner.cc:738:
Parameters: { "use_label_encoder" } are not used.

  bst.update(dtrain, iteration=i, fobj=obj)
[I 2025-05-01 22:22:52,490] Trial 1 finished with value: 0.7098765432098766 and parameters: {'n_estimators': 278, 'max_depth': 9, 'learning_rate': 0.22968091230388868, 'subsample': 0.606964067310534, 'colsample_bytree': 0.7288190875624996}. Best is trial 1 with value: 0.7098765432098766.
c:\Users\x-hp\AppData\Local\Programs\Python\Python311\Lib\site-packages\xgboost\training.py:183: UserWarning: [22:22:52] WARNING: C:\actions-runner\_work\xgboost\xgboost\src\learner.cc:738:
Parameters: { "use_label_encoder" } are not used.

  bst.update(dtrain, iteration=i, fobj=obj)
