[I 2025-05-01 22:49:35,840] Trial 17 finished with value: 0.7098765432098766 and parameters: {'n_estimators': 82, 'max_depth': 15, 'min_samples_split': 5}. Best is trial 4 with value: 0.7345679012345679.
[I 2025-05-01 22:49:36,199] Trial 18 finished with value: 0.691358024691358 and parameters: {'n_estimators': 150, 'max_depth': 5, 'min_samples_split': 7}. Best is trial 4 with value: 0.7345679012345679.
[I 2025-05-01 22:49:36,784] Trial 19 finished with value: 0.7283950617283951 and parameters: {'n_estimators': 200, 'max_depth': 20, 'min_samples_split': 9}. Best is trial 4 with value: 0.7345679012345679.
[I 2025-05-01 22:49:37,149] Trial 20 finished with value: 0.7222222222222222 and parameters: {'n_estimators': 129, 'max_depth': 20, 'min_samples_split': 9}. Best is trial 4 with value: 0.7345679012345679.
[I 2025-05-01 22:49:37,771] Trial 21 finished with value: 0.691358024691358 and parameters: {'n_estimators': 198, 'max_depth': 18, 'min_samples_split': 9}. Best is trial 4 with value: 0.7345679012345679.
[I 2025-05-01 22:49:38,398] Trial 22 finished with value: 0.691358024691358 and parameters: {'n_estimators': 172, 'max_depth': 20, 'min_samples_split': 8}. Best is trial 4 with value: 0.7345679012345679.
[I 2025-05-01 22:49:38,909] Trial 23 finished with value: 0.7098765432098766 and parameters: {'n_estimators': 182, 'max_depth': 16, 'min_samples_split': 7}. Best is trial 4 with value: 0.7345679012345679.
[I 2025-05-01 22:49:39,401] Trial 24 finished with value: 0.7160493827160493 and parameters: {'n_estimators': 198, 'max_depth': 17, 'min_samples_split': 9}. Best is trial 4 with value: 0.7345679012345679.
[I 2025-05-01 22:49:39,818] Trial 25 finished with value: 0.7222222222222222 and parameters: {'n_estimators': 169, 'max_depth': 19, 'min_samples_split': 6}. Best is trial 4 with value: 0.7345679012345679.
[I 2025-05-01 22:49:40,223] Trial 26 finished with value: 0.7160493827160493 and parameters: {'n_estimators': 185, 'max_depth': 14, 'min_samples_split': 8}. Best is trial 4 with value: 0.7345679012345679.
[I 2025-05-01 22:49:40,393] Trial 27 finished with value: 0.7037037037037037 and parameters: {'n_estimators': 68, 'max_depth': 17, 'min_samples_split': 9}. Best is trial 4 with value: 0.7345679012345679.
[I 2025-05-01 22:49:40,643] Trial 28 finished with value: 0.7345679012345679 and parameters: {'n_estimators': 93, 'max_depth': 19, 'min_samples_split': 5}. Best is trial 4 with value: 0.7345679012345679.
[I 2025-05-01 22:49:41,002] Trial 29 finished with value: 0.6851851851851852 and parameters: {'n_estimators': 89, 'max_depth': 19, 'min_samples_split': 5}. Best is trial 4 with value: 0.7345679012345679.
[I 2025-05-01 22:49:41,260] Trial 30 finished with value: 0.7037037037037037 and parameters: {'n_estimators': 61, 'max_depth': 15, 'min_samples_split': 4}. Best is trial 4 with value: 0.7345679012345679.
[I 2025-05-01 22:49:41,559] Trial 31 finished with value: 0.7098765432098766 and parameters: {'n_estimators': 113, 'max_depth': 19, 'min_samples_split': 6}. Best is trial 4 with value: 0.7345679012345679.
[I 2025-05-01 22:49:41,834] Trial 32 finished with value: 0.7098765432098766 and parameters: {'n_estimators': 105, 'max_depth': 18, 'min_samples_split': 7}. Best is trial 4 with value: 0.7345679012345679.
[I 2025-05-01 22:49:42,100] Trial 33 finished with value: 0.7160493827160493 and parameters: {'n_estimators': 98, 'max_depth': 8, 'min_samples_split': 4}. Best is trial 4 with value: 0.7345679012345679.
[I 2025-05-01 22:49:42,469] Trial 34 finished with value: 0.7098765432098766 and parameters: {'n_estimators': 140, 'max_depth': 20, 'min_samples_split': 6}. Best is trial 4 with value: 0.7345679012345679.
[I 2025-05-01 22:49:42,952] Trial 35 finished with value: 0.7098765432098766 and parameters: {'n_estimators': 187, 'max_depth': 12, 'min_samples_split': 10}. Best is trial 4 with value: 0.7345679012345679.
[I 2025-05-01 22:49:43,192] Trial 36 finished with value: 0.7222222222222222 and parameters: {'n_estimators': 62, 'max_depth': 17, 'min_samples_split': 3}. Best is trial 4 with value: 0.7345679012345679.
[I 2025-05-01 22:49:43,494] Trial 37 finished with value: 0.7037037037037037 and parameters: {'n_estimators': 92, 'max_depth': 13, 'min_samples_split': 7}. Best is trial 4 with value: 0.7345679012345679.
[I 2025-05-01 22:49:43,817] Trial 38 finished with value: 0.7037037037037037 and parameters: {'n_estimators': 114, 'max_depth': 15, 'min_samples_split': 5}. Best is trial 4 with value: 0.7345679012345679.
[I 2025-05-01 22:49:44,296] Trial 39 finished with value: 0.7037037037037037 and parameters: {'n_estimators': 189, 'max_depth': 9, 'min_samples_split': 10}. Best is trial 4 with value: 0.7345679012345679.
[I 2025-05-01 22:49:44,528] Trial 40 finished with value: 0.7283950617283951 and parameters: {'n_estimators': 84, 'max_depth': 19, 'min_samples_split': 8}. Best is trial 4 with value: 0.7345679012345679.
[I 2025-05-01 22:49:44,791] Trial 41 finished with value: 0.6851851851851852 and parameters: {'n_estimators': 82, 'max_depth': 19, 'min_samples_split': 8}. Best is trial 4 with value: 0.7345679012345679.
[I 2025-05-01 22:49:45,000] Trial 42 finished with value: 0.7160493827160493 and parameters: {'n_estimators': 72, 'max_depth': 20, 'min_samples_split': 9}. Best is trial 4 with value: 0.7345679012345679.
[I 2025-05-01 22:49:45,305] Trial 43 finished with value: 0.7160493827160493 and parameters: {'n_estimators': 122, 'max_depth': 18, 'min_samples_split': 8}. Best is trial 4 with value: 0.7345679012345679.
[I 2025-05-01 22:49:45,466] Trial 44 finished with value: 0.7160493827160493 and parameters: {'n_estimators': 56, 'max_depth': 19, 'min_samples_split': 7}. Best is trial 4 with value: 0.7345679012345679.
[I 2025-05-01 22:49:45,683] Trial 45 finished with value: 0.7160493827160493 and parameters: {'n_estimators': 85, 'max_depth': 18, 'min_samples_split': 9}. Best is trial 4 with value: 0.7345679012345679.
[I 2025-05-01 22:49:45,964] Trial 46 finished with value: 0.7160493827160493 and parameters: {'n_estimators': 106, 'max_depth': 17, 'min_samples_split': 8}. Best is trial 4 with value: 0.7345679012345679.
[I 2025-05-01 22:49:46,425] Trial 47 finished with value: 0.7037037037037037 and parameters: {'n_estimators': 180, 'max_depth': 16, 'min_samples_split': 7}. Best is trial 4 with value: 0.7345679012345679.
[I 2025-05-01 22:49:46,625] Trial 48 finished with value: 0.6975308641975309 and parameters: {'n_estimators': 68, 'max_depth': 19, 'min_samples_split': 10}. Best is trial 4 with value: 0.7345679012345679.
[I 2025-05-01 22:49:47,019] Trial 49 finished with value: 0.7037037037037037 and parameters: {'n_estimators': 159, 'max_depth': 20, 'min_samples_split': 5}. Best is trial 4 with value: 0.7345679012345679.
Best params for RandomForest: {'n_estimators': 56, 'max_depth': 15, 'min_samples_split': 7}
Tuning XGBoost with Optuna...
[I 2025-05-01 22:49:47,171] A new study created in memory with name: no-name-a3dba2bd-650f-4252-b065-f9ba2044a561
[I 2025-05-01 22:49:47,315] Trial 0 finished with value: 0.7283950617283951 and parameters: {'n_estimators': 162, 'max_depth': 3, 'learning_rate': 0.020319717179109815}. Best is trial 0 with value: 0.7283950617283951.
[I 2025-05-01 22:49:47,494] Trial 1 finished with value: 0.7283950617283951 and parameters: {'n_estimators': 183, 'max_depth': 4, 'learning_rate': 0.21889460485902118}. Best is trial 0 with value: 0.7283950617283951.
[I 2025-05-01 22:49:47,703] Trial 2 finished with value: 0.7098765432098766 and parameters: {'n_estimators': 103, 'max_depth': 6, 'learning_rate': 0.017017448772590135}. Best is trial 0 with value: 0.7283950617283951.
[I 2025-05-01 22:49:47,980] Trial 3 finished with value: 0.7098765432098766 and parameters: {'n_estimators': 145, 'max_depth': 7, 'learning_rate': 0.04775113435810176}. Best is trial 0 with value: 0.7283950617283951.
[I 2025-05-01 22:49:48,267] Trial 4 finished with value: 0.7098765432098766 and parameters: {'n_estimators': 172, 'max_depth': 9, 'learning_rate': 0.29686928853439465}. Best is trial 0 with value: 0.7283950617283951.
[I 2025-05-01 22:49:48,531] Trial 5 finished with value: 0.7098765432098766 and parameters: {'n_estimators': 254, 'max_depth': 3, 'learning_rate': 0.17536557691650057}. Best is trial 0 with value: 0.7283950617283951.
[I 2025-05-01 22:49:48,795] Trial 6 finished with value: 0.6975308641975309 and parameters: {'n_estimators': 186, 'max_depth': 5, 'learning_rate': 0.11076200380724183}. Best is trial 0 with value: 0.7283950617283951.
[I 2025-05-01 22:49:49,335] Trial 7 finished with value: 0.7283950617283951 and parameters: {'n_estimators': 297, 'max_depth': 7, 'learning_rate': 0.284560181987242}. Best is trial 0 with value: 0.7283950617283951.
[I 2025-05-01 22:49:49,567] Trial 8 finished with value: 0.7222222222222222 and parameters: {'n_estimators': 240, 'max_depth': 4, 'learning_rate': 0.25014839355769575}. Best is trial 0 with value: 0.7283950617283951.
[I 2025-05-01 22:49:49,765] Trial 9 finished with value: 0.7222222222222222 and parameters: {'n_estimators': 186, 'max_depth': 4, 'learning_rate': 0.1457794498396206}. Best is trial 0 with value: 0.7283950617283951.
[I 2025-05-01 22:49:50,061] Trial 10 finished with value: 0.7098765432098766 and parameters: {'n_estimators': 121, 'max_depth': 10, 'learning_rate': 0.08881879797883485}. Best is trial 0 with value: 0.7283950617283951.
[I 2025-05-01 22:49:50,249] Trial 11 finished with value: 0.7222222222222222 and parameters: {'n_estimators': 225, 'max_depth': 3, 'learning_rate': 0.20417286939275958}. Best is trial 0 with value: 0.7283950617283951.
[I 2025-05-01 22:49:50,420] Trial 12 finished with value: 0.7160493827160493 and parameters: {'n_estimators': 151, 'max_depth': 5, 'learning_rate': 0.23544699114672082}. Best is trial 0 with value: 0.7283950617283951.
[I 2025-05-01 22:49:50,616] Trial 13 finished with value: 0.7160493827160493 and parameters: {'n_estimators': 216, 'max_depth': 3, 'learning_rate': 0.1375185987998885}. Best is trial 0 with value: 0.7283950617283951.
[I 2025-05-01 22:49:50,822] Trial 14 finished with value: 0.7222222222222222 and parameters: {'n_estimators': 154, 'max_depth': 5, 'learning_rate': 0.1977396793377238}. Best is trial 0 with value: 0.7283950617283951.
[I 2025-05-01 22:49:51,069] Trial 15 finished with value: 0.691358024691358 and parameters: {'n_estimators': 210, 'max_depth': 4, 'learning_rate': 0.07902199293076409}. Best is trial 0 with value: 0.7283950617283951.
[I 2025-05-01 22:49:51,293] Trial 16 finished with value: 0.7037037037037037 and parameters: {'n_estimators': 135, 'max_depth': 8, 'learning_rate': 0.2359367610400286}. Best is trial 0 with value: 0.7283950617283951.
[I 2025-05-01 22:49:51,640] Trial 17 finished with value: 0.7160493827160493 and parameters: {'n_estimators': 171, 'max_depth': 6, 'learning_rate': 0.016388827462773148}. Best is trial 0 with value: 0.7283950617283951.
[I 2025-05-01 22:49:51,866] Trial 18 finished with value: 0.7160493827160493 and parameters: {'n_estimators': 190, 'max_depth': 4, 'learning_rate': 0.1828604654902077}. Best is trial 0 with value: 0.7283950617283951.
[I 2025-05-01 22:49:52,134] Trial 19 finished with value: 0.6975308641975309 and parameters: {'n_estimators': 280, 'max_depth': 3, 'learning_rate': 0.11743332021727543}. Best is trial 0 with value: 0.7283950617283951.
[I 2025-05-01 22:49:52,410] Trial 20 finished with value: 0.7222222222222222 and parameters: {'n_estimators': 167, 'max_depth': 5, 'learning_rate': 0.05377149553325847}. Best is trial 0 with value: 0.7283950617283951.
[I 2025-05-01 22:49:52,732] Trial 21 finished with value: 0.7098765432098766 and parameters: {'n_estimators': 300, 'max_depth': 7, 'learning_rate': 0.2877810234229219}. Best is trial 0 with value: 0.7283950617283951.
[I 2025-05-01 22:49:53,037] Trial 22 finished with value: 0.6975308641975309 and parameters: {'n_estimators': 260, 'max_depth': 7, 'learning_rate': 0.2645648662546273}. Best is trial 0 with value: 0.7283950617283951.
[I 2025-05-01 22:49:53,391] Trial 23 finished with value: 0.7037037037037037 and parameters: {'n_estimators': 202, 'max_depth': 8, 'learning_rate': 0.21812631735980959}. Best is trial 0 with value: 0.7283950617283951.
[I 2025-05-01 22:49:53,749] Trial 24 finished with value: 0.7098765432098766 and parameters: {'n_estimators': 230, 'max_depth': 8, 'learning_rate': 0.2665851640748621}. Best is trial 0 with value: 0.7283950617283951.
[I 2025-05-01 22:49:53,978] Trial 25 finished with value: 0.7222222222222222 and parameters: {'n_estimators': 117, 'max_depth': 6, 'learning_rate': 0.16428331182482303}. Best is trial 0 with value: 0.7283950617283951.
[I 2025-05-01 22:49:54,274] Trial 26 finished with value: 0.7037037037037037 and parameters: {'n_estimators': 288, 'max_depth': 4, 'learning_rate': 0.2794249460471097}. Best is trial 0 with value: 0.7283950617283951.
[I 2025-05-01 22:49:54,618] Trial 27 finished with value: 0.691358024691358 and parameters: {'n_estimators': 265, 'max_depth': 9, 'learning_rate': 0.22687271415798754}. Best is trial 0 with value: 0.7283950617283951.
[I 2025-05-01 22:49:54,806] Trial 28 finished with value: 0.6975308641975309 and parameters: {'n_estimators': 159, 'max_depth': 3, 'learning_rate': 0.2021701405597685}. Best is trial 0 with value: 0.7283950617283951.
[I 2025-05-01 22:49:55,024] Trial 29 finished with value: 0.7098765432098766 and parameters: {'n_estimators': 138, 'max_depth': 6, 'learning_rate': 0.2666202080792595}. Best is trial 0 with value: 0.7283950617283951.
[I 2025-05-01 22:49:55,313] Trial 30 finished with value: 0.7222222222222222 and parameters: {'n_estimators': 196, 'max_depth': 5, 'learning_rate': 0.06181329831921274}. Best is trial 0 with value: 0.7283950617283951.
[I 2025-05-01 22:49:55,546] Trial 31 finished with value: 0.7037037037037037 and parameters: {'n_estimators': 243, 'max_depth': 4, 'learning_rate': 0.24739680922608093}. Best is trial 0 with value: 0.7283950617283951.
[I 2025-05-01 22:49:55,775] Trial 32 finished with value: 0.7037037037037037 and parameters: {'n_estimators': 237, 'max_depth': 4, 'learning_rate': 0.2524797075704461}. Best is trial 0 with value: 0.7283950617283951.
[I 2025-05-01 22:49:56,140] Trial 33 finished with value: 0.7037037037037037 and parameters: {'n_estimators': 180, 'max_depth': 7, 'learning_rate': 0.02843799056298793}. Best is trial 0 with value: 0.7283950617283951.
[I 2025-05-01 22:49:56,364] Trial 34 finished with value: 0.7098765432098766 and parameters: {'n_estimators': 247, 'max_depth': 3, 'learning_rate': 0.29580021452131167}. Best is trial 0 with value: 0.7283950617283951.
[I 2025-05-01 22:49:56,687] Trial 35 finished with value: 0.6975308641975309 and parameters: {'n_estimators': 274, 'max_depth': 6, 'learning_rate': 0.21453218980991307}. Best is trial 0 with value: 0.7283950617283951.
[I 2025-05-01 22:49:57,159] Trial 36 finished with value: 0.7160493827160493 and parameters: {'n_estimators': 205, 'max_depth': 4, 'learning_rate': 0.248531244661451}. Best is trial 0 with value: 0.7283950617283951.
[I 2025-05-01 22:49:57,467] Trial 37 finished with value: 0.7160493827160493 and parameters: {'n_estimators': 300, 'max_depth': 5, 'learning_rate': 0.2702819611272846}. Best is trial 0 with value: 0.7283950617283951.
[I 2025-05-01 22:49:57,608] Trial 38 finished with value: 0.7222222222222222 and parameters: {'n_estimators': 100, 'max_depth': 3, 'learning_rate': 0.18962715979475708}. Best is trial 0 with value: 0.7283950617283951.
[I 2025-05-01 22:49:57,901] Trial 39 finished with value: 0.6975308641975309 and parameters: {'n_estimators': 180, 'max_depth': 9, 'learning_rate': 0.1638841670840967}. Best is trial 0 with value: 0.7283950617283951.
[I 2025-05-01 22:49:58,122] Trial 40 finished with value: 0.7530864197530864 and parameters: {'n_estimators': 218, 'max_depth': 3, 'learning_rate': 0.29837475808045516}. Best is trial 40 with value: 0.7530864197530864.
[I 2025-05-01 22:49:58,340] Trial 41 finished with value: 0.7283950617283951 and parameters: {'n_estimators': 224, 'max_depth': 3, 'learning_rate': 0.2949048311596915}. Best is trial 40 with value: 0.7530864197530864.
[I 2025-05-01 22:49:58,655] Trial 42 finished with value: 0.7098765432098766 and parameters: {'n_estimators': 222, 'max_depth': 3, 'learning_rate': 0.2963795284546778}. Best is trial 40 with value: 0.7530864197530864.
[I 2025-05-01 22:49:58,906] Trial 43 finished with value: 0.7283950617283951 and parameters: {'n_estimators': 215, 'max_depth': 3, 'learning_rate': 0.2847436649459752}. Best is trial 40 with value: 0.7530864197530864.
[I 2025-05-01 22:49:59,143] Trial 44 finished with value: 0.7098765432098766 and parameters: {'n_estimators': 193, 'max_depth': 3, 'learning_rate': 0.12967025129537887}. Best is trial 40 with value: 0.7530864197530864.
[I 2025-05-01 22:49:59,357] Trial 45 finished with value: 0.7160493827160493 and parameters: {'n_estimators': 166, 'max_depth': 4, 'learning_rate': 0.2993840191846296}. Best is trial 40 with value: 0.7530864197530864.
[I 2025-05-01 22:49:59,534] Trial 46 finished with value: 0.691358024691358 and parameters: {'n_estimators': 141, 'max_depth': 3, 'learning_rate': 0.27678370267654423}. Best is trial 40 with value: 0.7530864197530864.
[I 2025-05-01 22:49:59,756] Trial 47 finished with value: 0.7098765432098766 and parameters: {'n_estimators': 178, 'max_depth': 4, 'learning_rate': 0.23450345332658007}. Best is trial 40 with value: 0.7530864197530864.
[I 2025-05-01 22:49:59,921] Trial 48 finished with value: 0.7283950617283951 and parameters: {'n_estimators': 130, 'max_depth': 3, 'learning_rate': 0.09240781087195468}. Best is trial 40 with value: 0.7530864197530864.
