[I 2025-05-01 23:55:03,358] Trial 83 finished with value: 0.7985133020344287 and parameters: {'n_estimators': 184, 'max_depth': 10, 'min_samples_split': 9, 'min_samples_leaf': 2}. Best is trial 13 with value: 0.8041079812206572.
[I 2025-05-01 23:55:05,471] Trial 84 finished with value: 0.7985133020344287 and parameters: {'n_estimators': 190, 'max_depth': 9, 'min_samples_split': 10, 'min_samples_leaf': 2}. Best is trial 13 with value: 0.8041079812206572.
[I 2025-05-01 23:55:07,705] Trial 85 finished with value: 0.7900625978090767 and parameters: {'n_estimators': 196, 'max_depth': 9, 'min_samples_split': 9, 'min_samples_leaf': 3}. Best is trial 13 with value: 0.8041079812206572.
[I 2025-05-01 23:55:09,841] Trial 86 finished with value: 0.7984741784037558 and parameters: {'n_estimators': 185, 'max_depth': 8, 'min_samples_split': 10, 'min_samples_leaf': 1}. Best is trial 13 with value: 0.8041079812206572.
[I 2025-05-01 23:55:10,960] Trial 87 finished with value: 0.7872456964006259 and parameters: {'n_estimators': 111, 'max_depth': 10, 'min_samples_split': 10, 'min_samples_leaf': 2}. Best is trial 13 with value: 0.8041079812206572.
[I 2025-05-01 23:55:12,903] Trial 88 finished with value: 0.7900625978090765 and parameters: {'n_estimators': 179, 'max_depth': 9, 'min_samples_split': 9, 'min_samples_leaf': 1}. Best is trial 13 with value: 0.8041079812206572.
[I 2025-05-01 23:55:15,260] Trial 89 finished with value: 0.7872456964006259 and parameters: {'n_estimators': 171, 'max_depth': 7, 'min_samples_split': 10, 'min_samples_leaf': 1}. Best is trial 13 with value: 0.8041079812206572.
[I 2025-05-01 23:55:16,999] Trial 90 finished with value: 0.7901017214397494 and parameters: {'n_estimators': 165, 'max_depth': 10, 'min_samples_split': 8, 'min_samples_leaf': 2}. Best is trial 13 with value: 0.8041079812206572.
[I 2025-05-01 23:55:19,201] Trial 91 finished with value: 0.8013302034428795 and parameters: {'n_estimators': 189, 'max_depth': 9, 'min_samples_split': 10, 'min_samples_leaf': 2}. Best is trial 13 with value: 0.8041079812206572.
[I 2025-05-01 23:55:21,495] Trial 92 finished with value: 0.7984350547730829 and parameters: {'n_estimators': 190, 'max_depth': 9, 'min_samples_split': 2, 'min_samples_leaf': 2}. Best is trial 13 with value: 0.8041079812206572.
[I 2025-05-01 23:55:23,756] Trial 93 finished with value: 0.7872848200312988 and parameters: {'n_estimators': 196, 'max_depth': 9, 'min_samples_split': 10, 'min_samples_leaf': 5}. Best is trial 13 with value: 0.8041079812206572.
[I 2025-05-01 23:55:25,756] Trial 94 finished with value: 0.8012910798122064 and parameters: {'n_estimators': 200, 'max_depth': 8, 'min_samples_split': 10, 'min_samples_leaf': 2}. Best is trial 13 with value: 0.8041079812206572.
[I 2025-05-01 23:55:27,761] Trial 95 finished with value: 0.7928794992175273 and parameters: {'n_estimators': 200, 'max_depth': 8, 'min_samples_split': 10, 'min_samples_leaf': 3}. Best is trial 13 with value: 0.8041079812206572.
[I 2025-05-01 23:55:30,495] Trial 96 finished with value: 0.7985133020344287 and parameters: {'n_estimators': 192, 'max_depth': 8, 'min_samples_split': 10, 'min_samples_leaf': 2}. Best is trial 13 with value: 0.8041079812206572.
[I 2025-05-01 23:55:32,428] Trial 97 finished with value: 0.7984741784037558 and parameters: {'n_estimators': 185, 'max_depth': 8, 'min_samples_split': 10, 'min_samples_leaf': 1}. Best is trial 13 with value: 0.8041079812206572.
[I 2025-05-01 23:55:34,660] Trial 98 finished with value: 0.8041079812206572 and parameters: {'n_estimators': 197, 'max_depth': 8, 'min_samples_split': 10, 'min_samples_leaf': 2}. Best is trial 13 with value: 0.8041079812206572.
[I 2025-05-01 23:55:36,645] Trial 99 finished with value: 0.7900234741784036 and parameters: {'n_estimators': 198, 'max_depth': 7, 'min_samples_split': 10, 'min_samples_leaf': 2}. Best is trial 13 with value: 0.8041079812206572.
✅ Best Random Forest Parameters: {'n_estimators': 197, 'max_depth': 8, 'min_samples_split': 10, 'min_samples_leaf': 2}
[I 2025-05-01 23:55:36,648] A new study created in memory with name: no-name-4eacb117-89e1-4566-b559-04527184779d
c:\Users\x-hp\AppData\Local\Programs\Python\Python311\Lib\site-packages\xgboost\training.py:183: UserWarning: [23:55:36] WARNING: C:\actions-runner\_work\xgboost\xgboost\src\learner.cc:738:
Parameters: { "use_label_encoder" } are not used.

  bst.update(dtrain, iteration=i, fobj=obj)
c:\Users\x-hp\AppData\Local\Programs\Python\Python311\Lib\site-packages\xgboost\training.py:183: UserWarning: [23:55:37] WARNING: C:\actions-runner\_work\xgboost\xgboost\src\learner.cc:738:
Parameters: { "use_label_encoder" } are not used.

  bst.update(dtrain, iteration=i, fobj=obj)
c:\Users\x-hp\AppData\Local\Programs\Python\Python311\Lib\site-packages\xgboost\training.py:183: UserWarning: [23:55:37] WARNING: C:\actions-runner\_work\xgboost\xgboost\src\learner.cc:738:
Parameters: { "use_label_encoder" } are not used.

  bst.update(dtrain, iteration=i, fobj=obj)
c:\Users\x-hp\AppData\Local\Programs\Python\Python311\Lib\site-packages\xgboost\training.py:183: UserWarning: [23:55:37] WARNING: C:\actions-runner\_work\xgboost\xgboost\src\learner.cc:738:
Parameters: { "use_label_encoder" } are not used.

  bst.update(dtrain, iteration=i, fobj=obj)
c:\Users\x-hp\AppData\Local\Programs\Python\Python311\Lib\site-packages\xgboost\training.py:183: UserWarning: [23:55:37] WARNING: C:\actions-runner\_work\xgboost\xgboost\src\learner.cc:738:
Parameters: { "use_label_encoder" } are not used.

  bst.update(dtrain, iteration=i, fobj=obj)
[I 2025-05-01 23:55:37,589] Trial 0 finished with value: 0.7591549295774647 and parameters: {'n_estimators': 157, 'max_depth': 5, 'learning_rate': 0.07937120394776405, 'subsample': 0.7503831010144125, 'colsample_bytree': 0.7992476960336733, 'gamma': 1.6398272265671898, 'min_child_weight': 8}. Best is trial 0 with value: 0.7591549295774647.
c:\Users\x-hp\AppData\Local\Programs\Python\Python311\Lib\site-packages\xgboost\training.py:183: UserWarning: [23:55:37] WARNING: C:\actions-runner\_work\xgboost\xgboost\src\learner.cc:738:
Parameters: { "use_label_encoder" } are not used.

  bst.update(dtrain, iteration=i, fobj=obj)
c:\Users\x-hp\AppData\Local\Programs\Python\Python311\Lib\site-packages\xgboost\training.py:183: UserWarning: [23:55:37] WARNING: C:\actions-runner\_work\xgboost\xgboost\src\learner.cc:738:
Parameters: { "use_label_encoder" } are not used.

  bst.update(dtrain, iteration=i, fobj=obj)
c:\Users\x-hp\AppData\Local\Programs\Python\Python311\Lib\site-packages\xgboost\training.py:183: UserWarning: [23:55:37] WARNING: C:\actions-runner\_work\xgboost\xgboost\src\learner.cc:738:
Parameters: { "use_label_encoder" } are not used.

  bst.update(dtrain, iteration=i, fobj=obj)
c:\Users\x-hp\AppData\Local\Programs\Python\Python311\Lib\site-packages\xgboost\training.py:183: UserWarning: [23:55:38] WARNING: C:\actions-runner\_work\xgboost\xgboost\src\learner.cc:738:
Parameters: { "use_label_encoder" } are not used.

  bst.update(dtrain, iteration=i, fobj=obj)
c:\Users\x-hp\AppData\Local\Programs\Python\Python311\Lib\site-packages\xgboost\training.py:183: UserWarning: [23:55:38] WARNING: C:\actions-runner\_work\xgboost\xgboost\src\learner.cc:738:
Parameters: { "use_label_encoder" } are not used.

  bst.update(dtrain, iteration=i, fobj=obj)
[I 2025-05-01 23:55:38,450] Trial 1 finished with value: 0.7816510172143974 and parameters: {'n_estimators': 268, 'max_depth': 5, 'learning_rate': 0.21628750800692678, 'subsample': 0.9357013651043353, 'colsample_bytree': 0.8840003265654393, 'gamma': 4.670409070569631, 'min_child_weight': 7}. Best is trial 1 with value: 0.7816510172143974.
c:\Users\x-hp\AppData\Local\Programs\Python\Python311\Lib\site-packages\xgboost\training.py:183: UserWarning: [23:55:38] WARNING: C:\actions-runner\_work\xgboost\xgboost\src\learner.cc:738:
Parameters: { "use_label_encoder" } are not used.

  bst.update(dtrain, iteration=i, fobj=obj)
c:\Users\x-hp\AppData\Local\Programs\Python\Python311\Lib\site-packages\xgboost\training.py:183: UserWarning: [23:55:38] WARNING: C:\actions-runner\_work\xgboost\xgboost\src\learner.cc:738:
Parameters: { "use_label_encoder" } are not used.

  bst.update(dtrain, iteration=i, fobj=obj)
c:\Users\x-hp\AppData\Local\Programs\Python\Python311\Lib\site-packages\xgboost\training.py:183: UserWarning: [23:55:38] WARNING: C:\actions-runner\_work\xgboost\xgboost\src\learner.cc:738:
Parameters: { "use_label_encoder" } are not used.

  bst.update(dtrain, iteration=i, fobj=obj)
c:\Users\x-hp\AppData\Local\Programs\Python\Python311\Lib\site-packages\xgboost\training.py:183: UserWarning: [23:55:38] WARNING: C:\actions-runner\_work\xgboost\xgboost\src\learner.cc:738:
Parameters: { "use_label_encoder" } are not used.

  bst.update(dtrain, iteration=i, fobj=obj)
c:\Users\x-hp\AppData\Local\Programs\Python\Python311\Lib\site-packages\xgboost\training.py:183: UserWarning: [23:55:38] WARNING: C:\actions-runner\_work\xgboost\xgboost\src\learner.cc:738:
Parameters: { "use_label_encoder" } are not used.

  bst.update(dtrain, iteration=i, fobj=obj)
[I 2025-05-01 23:55:39,007] Trial 2 finished with value: 0.7955790297339593 and parameters: {'n_estimators': 117, 'max_depth': 8, 'learning_rate': 0.10522086457220367, 'subsample': 0.8232593695367956, 'colsample_bytree': 0.801375405176611, 'gamma': 3.051892420014438, 'min_child_weight': 4}. Best is trial 2 with value: 0.7955790297339593.
c:\Users\x-hp\AppData\Local\Programs\Python\Python311\Lib\site-packages\xgboost\training.py:183: UserWarning: [23:55:39] WARNING: C:\actions-runner\_work\xgboost\xgboost\src\learner.cc:738:
Parameters: { "use_label_encoder" } are not used.

  bst.update(dtrain, iteration=i, fobj=obj)
c:\Users\x-hp\AppData\Local\Programs\Python\Python311\Lib\site-packages\xgboost\training.py:183: UserWarning: [23:55:39] WARNING: C:\actions-runner\_work\xgboost\xgboost\src\learner.cc:738:
Parameters: { "use_label_encoder" } are not used.

  bst.update(dtrain, iteration=i, fobj=obj)
c:\Users\x-hp\AppData\Local\Programs\Python\Python311\Lib\site-packages\xgboost\training.py:183: UserWarning: [23:55:39] WARNING: C:\actions-runner\_work\xgboost\xgboost\src\learner.cc:738:
Parameters: { "use_label_encoder" } are not used.

  bst.update(dtrain, iteration=i, fobj=obj)
c:\Users\x-hp\AppData\Local\Programs\Python\Python311\Lib\site-packages\xgboost\training.py:183: UserWarning: [23:55:39] WARNING: C:\actions-runner\_work\xgboost\xgboost\src\learner.cc:738:
Parameters: { "use_label_encoder" } are not used.

  bst.update(dtrain, iteration=i, fobj=obj)
c:\Users\x-hp\AppData\Local\Programs\Python\Python311\Lib\site-packages\xgboost\training.py:183: UserWarning: [23:55:39] WARNING: C:\actions-runner\_work\xgboost\xgboost\src\learner.cc:738:
Parameters: { "use_label_encoder" } are not used.

  bst.update(dtrain, iteration=i, fobj=obj)
[I 2025-05-01 23:55:39,538] Trial 3 finished with value: 0.7732003129890452 and parameters: {'n_estimators': 145, 'max_depth': 6, 'learning_rate': 0.22267159151453017, 'subsample': 0.8272825495651526, 'colsample_bytree': 0.8201714115201486, 'gamma': 3.2249119130624564, 'min_child_weight': 8}. Best is trial 2 with value: 0.7955790297339593.
c:\Users\x-hp\AppData\Local\Programs\Python\Python311\Lib\site-packages\xgboost\training.py:183: UserWarning: [23:55:39] WARNING: C:\actions-runner\_work\xgboost\xgboost\src\learner.cc:738:
Parameters: { "use_label_encoder" } are not used.

  bst.update(dtrain, iteration=i, fobj=obj)
c:\Users\x-hp\AppData\Local\Programs\Python\Python311\Lib\site-packages\xgboost\training.py:183: UserWarning: [23:55:39] WARNING: C:\actions-runner\_work\xgboost\xgboost\src\learner.cc:738:
Parameters: { "use_label_encoder" } are not used.

  bst.update(dtrain, iteration=i, fobj=obj)
c:\Users\x-hp\AppData\Local\Programs\Python\Python311\Lib\site-packages\xgboost\training.py:183: UserWarning: [23:55:39] WARNING: C:\actions-runner\_work\xgboost\xgboost\src\learner.cc:738:
Parameters: { "use_label_encoder" } are not used.

  bst.update(dtrain, iteration=i, fobj=obj)
c:\Users\x-hp\AppData\Local\Programs\Python\Python311\Lib\site-packages\xgboost\training.py:183: UserWarning: [23:55:40] WARNING: C:\actions-runner\_work\xgboost\xgboost\src\learner.cc:738:
Parameters: { "use_label_encoder" } are not used.

  bst.update(dtrain, iteration=i, fobj=obj)
c:\Users\x-hp\AppData\Local\Programs\Python\Python311\Lib\site-packages\xgboost\training.py:183: UserWarning: [23:55:40] WARNING: C:\actions-runner\_work\xgboost\xgboost\src\learner.cc:738:
Parameters: { "use_label_encoder" } are not used.

  bst.update(dtrain, iteration=i, fobj=obj)
[I 2025-05-01 23:55:40,277] Trial 4 finished with value: 0.776056338028169 and parameters: {'n_estimators': 263, 'max_depth': 7, 'learning_rate': 0.07417785672549965, 'subsample': 0.7758222221634994, 'colsample_bytree': 0.643246821416203, 'gamma': 3.195570933732111, 'min_child_weight': 4}. Best is trial 2 with value: 0.7955790297339593.
c:\Users\x-hp\AppData\Local\Programs\Python\Python311\Lib\site-packages\xgboost\training.py:183: UserWarning: [23:55:40] WARNING: C:\actions-runner\_work\xgboost\xgboost\src\learner.cc:738:
Parameters: { "use_label_encoder" } are not used.

  bst.update(dtrain, iteration=i, fobj=obj)
c:\Users\x-hp\AppData\Local\Programs\Python\Python311\Lib\site-packages\xgboost\training.py:183: UserWarning: [23:55:40] WARNING: C:\actions-runner\_work\xgboost\xgboost\src\learner.cc:738:
Parameters: { "use_label_encoder" } are not used.

  bst.update(dtrain, iteration=i, fobj=obj)
c:\Users\x-hp\AppData\Local\Programs\Python\Python311\Lib\site-packages\xgboost\training.py:183: UserWarning: [23:55:40] WARNING: C:\actions-runner\_work\xgboost\xgboost\src\learner.cc:738:
Parameters: { "use_label_encoder" } are not used.

  bst.update(dtrain, iteration=i, fobj=obj)
c:\Users\x-hp\AppData\Local\Programs\Python\Python311\Lib\site-packages\xgboost\training.py:183: UserWarning: [23:55:40] WARNING: C:\actions-runner\_work\xgboost\xgboost\src\learner.cc:738:
Parameters: { "use_label_encoder" } are not used.

  bst.update(dtrain, iteration=i, fobj=obj)
c:\Users\x-hp\AppData\Local\Programs\Python\Python311\Lib\site-packages\xgboost\training.py:183: UserWarning: [23:55:40] WARNING: C:\actions-runner\_work\xgboost\xgboost\src\learner.cc:738:
Parameters: { "use_label_encoder" } are not used.

  bst.update(dtrain, iteration=i, fobj=obj)
[I 2025-05-01 23:55:41,179] Trial 5 finished with value: 0.7787949921752739 and parameters: {'n_estimators': 297, 'max_depth': 6, 'learning_rate': 0.24228856971652232, 'subsample': 0.8976350789066382, 'colsample_bytree': 0.7177548158370876, 'gamma': 0.967370819894432, 'min_child_weight': 3}. Best is trial 2 with value: 0.7955790297339593.
c:\Users\x-hp\AppData\Local\Programs\Python\Python311\Lib\site-packages\xgboost\training.py:183: UserWarning: [23:55:41] WARNING: C:\actions-runner\_work\xgboost\xgboost\src\learner.cc:738:
Parameters: { "use_label_encoder" } are not used.

  bst.update(dtrain, iteration=i, fobj=obj)
c:\Users\x-hp\AppData\Local\Programs\Python\Python311\Lib\site-packages\xgboost\training.py:183: UserWarning: [23:55:41] WARNING: C:\actions-runner\_work\xgboost\xgboost\src\learner.cc:738:
Parameters: { "use_label_encoder" } are not used.

  bst.update(dtrain, iteration=i, fobj=obj)
c:\Users\x-hp\AppData\Local\Programs\Python\Python311\Lib\site-packages\xgboost\training.py:183: UserWarning: [23:55:41] WARNING: C:\actions-runner\_work\xgboost\xgboost\src\learner.cc:738:
Parameters: { "use_label_encoder" } are not used.

  bst.update(dtrain, iteration=i, fobj=obj)
c:\Users\x-hp\AppData\Local\Programs\Python\Python311\Lib\site-packages\xgboost\training.py:183: UserWarning: [23:55:41] WARNING: C:\actions-runner\_work\xgboost\xgboost\src\learner.cc:738:
Parameters: { "use_label_encoder" } are not used.

  bst.update(dtrain, iteration=i, fobj=obj)
c:\Users\x-hp\AppData\Local\Programs\Python\Python311\Lib\site-packages\xgboost\training.py:183: UserWarning: [23:55:41] WARNING: C:\actions-runner\_work\xgboost\xgboost\src\learner.cc:738:
Parameters: { "use_label_encoder" } are not used.

  bst.update(dtrain, iteration=i, fobj=obj)
[I 2025-05-01 23:55:41,757] Trial 6 finished with value: 0.7647496087636932 and parameters: {'n_estimators': 181, 'max_depth': 10, 'learning_rate': 0.1629713630908131, 'subsample': 0.609659530627996, 'colsample_bytree': 0.8579871783387422, 'gamma': 2.9439173690265115, 'min_child_weight': 7}. Best is trial 2 with value: 0.7955790297339593.
c:\Users\x-hp\AppData\Local\Programs\Python\Python311\Lib\site-packages\xgboost\training.py:183: UserWarning: [23:55:41] WARNING: C:\actions-runner\_work\xgboost\xgboost\src\learner.cc:738:
Parameters: { "use_label_encoder" } are not used.

  bst.update(dtrain, iteration=i, fobj=obj)
c:\Users\x-hp\AppData\Local\Programs\Python\Python311\Lib\site-packages\xgboost\training.py:183: UserWarning: [23:55:42] WARNING: C:\actions-runner\_work\xgboost\xgboost\src\learner.cc:738:
Parameters: { "use_label_encoder" } are not used.

  bst.update(dtrain, iteration=i, fobj=obj)
c:\Users\x-hp\AppData\Local\Programs\Python\Python311\Lib\site-packages\xgboost\training.py:183: UserWarning: [23:55:42] WARNING: C:\actions-runner\_work\xgboost\xgboost\src\learner.cc:738:
Parameters: { "use_label_encoder" } are not used.

  bst.update(dtrain, iteration=i, fobj=obj)
c:\Users\x-hp\AppData\Local\Programs\Python\Python311\Lib\site-packages\xgboost\training.py:183: UserWarning: [23:55:42] WARNING: C:\actions-runner\_work\xgboost\xgboost\src\learner.cc:738:
Parameters: { "use_label_encoder" } are not used.

  bst.update(dtrain, iteration=i, fobj=obj)
c:\Users\x-hp\AppData\Local\Programs\Python\Python311\Lib\site-packages\xgboost\training.py:183: UserWarning: [23:55:42] WARNING: C:\actions-runner\_work\xgboost\xgboost\src\learner.cc:738:
Parameters: { "use_label_encoder" } are not used.

  bst.update(dtrain, iteration=i, fobj=obj)
[I 2025-05-01 23:55:42,794] Trial 7 finished with value: 0.7814553990610328 and parameters: {'n_estimators': 238, 'max_depth': 6, 'learning_rate': 0.15478007169601665, 'subsample': 0.9743245883933829, 'colsample_bytree': 0.7209653181038529, 'gamma': 1.256420629492125, 'min_child_weight': 1}. Best is trial 2 with value: 0.7955790297339593.
c:\Users\x-hp\AppData\Local\Programs\Python\Python311\Lib\site-packages\xgboost\training.py:183: UserWarning: [23:55:42] WARNING: C:\actions-runner\_work\xgboost\xgboost\src\learner.cc:738:
Parameters: { "use_label_encoder" } are not used.

  bst.update(dtrain, iteration=i, fobj=obj)
c:\Users\x-hp\AppData\Local\Programs\Python\Python311\Lib\site-packages\xgboost\training.py:183: UserWarning: [23:55:42] WARNING: C:\actions-runner\_work\xgboost\xgboost\src\learner.cc:738:
Parameters: { "use_label_encoder" } are not used.

  bst.update(dtrain, iteration=i, fobj=obj)
c:\Users\x-hp\AppData\Local\Programs\Python\Python311\Lib\site-packages\xgboost\training.py:183: UserWarning: [23:55:43] WARNING: C:\actions-runner\_work\xgboost\xgboost\src\learner.cc:738:
Parameters: { "use_label_encoder" } are not used.

  bst.update(dtrain, iteration=i, fobj=obj)
c:\Users\x-hp\AppData\Local\Programs\Python\Python311\Lib\site-packages\xgboost\training.py:183: UserWarning: [23:55:43] WARNING: C:\actions-runner\_work\xgboost\xgboost\src\learner.cc:738:
Parameters: { "use_label_encoder" } are not used.

  bst.update(dtrain, iteration=i, fobj=obj)
c:\Users\x-hp\AppData\Local\Programs\Python\Python311\Lib\site-packages\xgboost\training.py:183: UserWarning: [23:55:43] WARNING: C:\actions-runner\_work\xgboost\xgboost\src\learner.cc:738:
Parameters: { "use_label_encoder" } are not used.

  bst.update(dtrain, iteration=i, fobj=obj)
[I 2025-05-01 23:55:43,538] Trial 8 finished with value: 0.7704225352112676 and parameters: {'n_estimators': 169, 'max_depth': 3, 'learning_rate': 0.018146239478544143, 'subsample': 0.7859564150476944, 'colsample_bytree': 0.9472430439947926, 'gamma': 2.8717733324182166, 'min_child_weight': 7}. Best is trial 2 with value: 0.7955790297339593.
c:\Users\x-hp\AppData\Local\Programs\Python\Python311\Lib\site-packages\xgboost\training.py:183: UserWarning: [23:55:43] WARNING: C:\actions-runner\_work\xgboost\xgboost\src\learner.cc:738:
Parameters: { "use_label_encoder" } are not used.

  bst.update(dtrain, iteration=i, fobj=obj)
c:\Users\x-hp\AppData\Local\Programs\Python\Python311\Lib\site-packages\xgboost\training.py:183: UserWarning: [23:55:43] WARNING: C:\actions-runner\_work\xgboost\xgboost\src\learner.cc:738:
Parameters: { "use_label_encoder" } are not used.

  bst.update(dtrain, iteration=i, fobj=obj)
c:\Users\x-hp\AppData\Local\Programs\Python\Python311\Lib\site-packages\xgboost\training.py:183: UserWarning: [23:55:43] WARNING: C:\actions-runner\_work\xgboost\xgboost\src\learner.cc:738:
Parameters: { "use_label_encoder" } are not used.

  bst.update(dtrain, iteration=i, fobj=obj)
c:\Users\x-hp\AppData\Local\Programs\Python\Python311\Lib\site-packages\xgboost\training.py:183: UserWarning: [23:55:44] WARNING: C:\actions-runner\_work\xgboost\xgboost\src\learner.cc:738:
Parameters: { "use_label_encoder" } are not used.

  bst.update(dtrain, iteration=i, fobj=obj)
c:\Users\x-hp\AppData\Local\Programs\Python\Python311\Lib\site-packages\xgboost\training.py:183: UserWarning: [23:55:44] WARNING: C:\actions-runner\_work\xgboost\xgboost\src\learner.cc:738:
Parameters: { "use_label_encoder" } are not used.

  bst.update(dtrain, iteration=i, fobj=obj)
