[I 2025-05-01 23:12:46,681] Trial 17 finished with value: 0.691358024691358 and parameters: {'n_estimators': 53, 'max_depth': 17, 'min_samples_split': 8}. Best is trial 9 with value: 0.7283950617283951.
[I 2025-05-01 23:12:47,059] Trial 18 finished with value: 0.7222222222222222 and parameters: {'n_estimators': 127, 'max_depth': 14, 'min_samples_split': 5}. Best is trial 9 with value: 0.7283950617283951.
[I 2025-05-01 23:12:47,318] Trial 19 finished with value: 0.7037037037037037 and parameters: {'n_estimators': 93, 'max_depth': 11, 'min_samples_split': 3}. Best is trial 9 with value: 0.7283950617283951.
[I 2025-05-01 23:12:47,634] Trial 20 finished with value: 0.7037037037037037 and parameters: {'n_estimators': 124, 'max_depth': 19, 'min_samples_split': 7}. Best is trial 9 with value: 0.7283950617283951.
[I 2025-05-01 23:12:47,887] Trial 21 finished with value: 0.6975308641975309 and parameters: {'n_estimators': 99, 'max_depth': 17, 'min_samples_split': 6}. Best is trial 9 with value: 0.7283950617283951.
[I 2025-05-01 23:12:48,073] Trial 22 finished with value: 0.7037037037037037 and parameters: {'n_estimators': 69, 'max_depth': 18, 'min_samples_split': 6}. Best is trial 9 with value: 0.7283950617283951.
[I 2025-05-01 23:12:48,348] Trial 23 finished with value: 0.7222222222222222 and parameters: {'n_estimators': 113, 'max_depth': 16, 'min_samples_split': 5}. Best is trial 9 with value: 0.7283950617283951.
[I 2025-05-01 23:12:48,562] Trial 24 finished with value: 0.7160493827160493 and parameters: {'n_estimators': 86, 'max_depth': 20, 'min_samples_split': 7}. Best is trial 9 with value: 0.7283950617283951.
[I 2025-05-01 23:12:48,751] Trial 25 finished with value: 0.7098765432098766 and parameters: {'n_estimators': 69, 'max_depth': 14, 'min_samples_split': 9}. Best is trial 9 with value: 0.7283950617283951.
[I 2025-05-01 23:12:49,039] Trial 26 finished with value: 0.7283950617283951 and parameters: {'n_estimators': 117, 'max_depth': 12, 'min_samples_split': 6}. Best is trial 9 with value: 0.7283950617283951.
[I 2025-05-01 23:12:49,360] Trial 27 finished with value: 0.6975308641975309 and parameters: {'n_estimators': 132, 'max_depth': 12, 'min_samples_split': 9}. Best is trial 9 with value: 0.7283950617283951.
[I 2025-05-01 23:12:49,608] Trial 28 finished with value: 0.7283950617283951 and parameters: {'n_estimators': 89, 'max_depth': 10, 'min_samples_split': 3}. Best is trial 9 with value: 0.7283950617283951.
[I 2025-05-01 23:12:50,067] Trial 29 finished with value: 0.7160493827160493 and parameters: {'n_estimators': 185, 'max_depth': 8, 'min_samples_split': 3}. Best is trial 9 with value: 0.7283950617283951.
[I 2025-05-01 23:12:50,412] Trial 30 finished with value: 0.7098765432098766 and parameters: {'n_estimators': 138, 'max_depth': 10, 'min_samples_split': 9}. Best is trial 9 with value: 0.7283950617283951.
[I 2025-05-01 23:12:50,897] Trial 31 finished with value: 0.7283950617283951 and parameters: {'n_estimators': 91, 'max_depth': 11, 'min_samples_split': 3}. Best is trial 9 with value: 0.7283950617283951.
[I 2025-05-01 23:12:51,286] Trial 32 finished with value: 0.7098765432098766 and parameters: {'n_estimators': 111, 'max_depth': 11, 'min_samples_split': 3}. Best is trial 9 with value: 0.7283950617283951.
[I 2025-05-01 23:12:51,554] Trial 33 finished with value: 0.7160493827160493 and parameters: {'n_estimators': 77, 'max_depth': 9, 'min_samples_split': 2}. Best is trial 9 with value: 0.7283950617283951.
[I 2025-05-01 23:12:51,754] Trial 34 finished with value: 0.6975308641975309 and parameters: {'n_estimators': 59, 'max_depth': 7, 'min_samples_split': 3}. Best is trial 9 with value: 0.7283950617283951.
[I 2025-05-01 23:12:52,002] Trial 35 finished with value: 0.7283950617283951 and parameters: {'n_estimators': 93, 'max_depth': 12, 'min_samples_split': 4}. Best is trial 9 with value: 0.7283950617283951.
[I 2025-05-01 23:12:52,304] Trial 36 finished with value: 0.7098765432098766 and parameters: {'n_estimators': 113, 'max_depth': 10, 'min_samples_split': 3}. Best is trial 9 with value: 0.7283950617283951.
[I 2025-05-01 23:12:52,495] Trial 37 finished with value: 0.6975308641975309 and parameters: {'n_estimators': 64, 'max_depth': 13, 'min_samples_split': 10}. Best is trial 9 with value: 0.7283950617283951.
[I 2025-05-01 23:12:52,745] Trial 38 finished with value: 0.7222222222222222 and parameters: {'n_estimators': 96, 'max_depth': 9, 'min_samples_split': 2}. Best is trial 9 with value: 0.7283950617283951.
[I 2025-05-01 23:12:52,954] Trial 39 finished with value: 0.7037037037037037 and parameters: {'n_estimators': 76, 'max_depth': 11, 'min_samples_split': 5}. Best is trial 9 with value: 0.7283950617283951.
[I 2025-05-01 23:12:53,825] Trial 40 finished with value: 0.7160493827160493 and parameters: {'n_estimators': 162, 'max_depth': 13, 'min_samples_split': 7}. Best is trial 9 with value: 0.7283950617283951.
[I 2025-05-01 23:12:54,334] Trial 41 finished with value: 0.7160493827160493 and parameters: {'n_estimators': 92, 'max_depth': 12, 'min_samples_split': 4}. Best is trial 9 with value: 0.7283950617283951.
[I 2025-05-01 23:12:54,707] Trial 42 finished with value: 0.7222222222222222 and parameters: {'n_estimators': 78, 'max_depth': 12, 'min_samples_split': 4}. Best is trial 9 with value: 0.7283950617283951.
[I 2025-05-01 23:12:55,003] Trial 43 finished with value: 0.7222222222222222 and parameters: {'n_estimators': 101, 'max_depth': 10, 'min_samples_split': 3}. Best is trial 9 with value: 0.7283950617283951.
[I 2025-05-01 23:12:55,303] Trial 44 finished with value: 0.7283950617283951 and parameters: {'n_estimators': 117, 'max_depth': 14, 'min_samples_split': 4}. Best is trial 9 with value: 0.7283950617283951.
[I 2025-05-01 23:12:55,599] Trial 45 finished with value: 0.7283950617283951 and parameters: {'n_estimators': 90, 'max_depth': 13, 'min_samples_split': 2}. Best is trial 9 with value: 0.7283950617283951.
[I 2025-05-01 23:12:55,837] Trial 46 finished with value: 0.6975308641975309 and parameters: {'n_estimators': 83, 'max_depth': 11, 'min_samples_split': 6}. Best is trial 9 with value: 0.7283950617283951.
[I 2025-05-01 23:12:56,270] Trial 47 finished with value: 0.7037037037037037 and parameters: {'n_estimators': 137, 'max_depth': 9, 'min_samples_split': 4}. Best is trial 9 with value: 0.7283950617283951.
[I 2025-05-01 23:12:56,611] Trial 48 finished with value: 0.7160493827160493 and parameters: {'n_estimators': 106, 'max_depth': 8, 'min_samples_split': 5}. Best is trial 9 with value: 0.7283950617283951.
[I 2025-05-01 23:12:56,819] Trial 49 finished with value: 0.7098765432098766 and parameters: {'n_estimators': 59, 'max_depth': 10, 'min_samples_split': 3}. Best is trial 9 with value: 0.7283950617283951.
[I 2025-05-01 23:12:56,994] Trial 50 finished with value: 0.7469135802469136 and parameters: {'n_estimators': 50, 'max_depth': 15, 'min_samples_split': 8}. Best is trial 50 with value: 0.7469135802469136.
[I 2025-05-01 23:12:57,301] Trial 51 finished with value: 0.7222222222222222 and parameters: {'n_estimators': 51, 'max_depth': 16, 'min_samples_split': 10}. Best is trial 50 with value: 0.7469135802469136.
[I 2025-05-01 23:12:57,520] Trial 52 finished with value: 0.7160493827160493 and parameters: {'n_estimators': 70, 'max_depth': 12, 'min_samples_split': 8}. Best is trial 50 with value: 0.7469135802469136.
[I 2025-05-01 23:12:57,698] Trial 53 finished with value: 0.7098765432098766 and parameters: {'n_estimators': 58, 'max_depth': 15, 'min_samples_split': 9}. Best is trial 50 with value: 0.7469135802469136.
[I 2025-05-01 23:12:57,903] Trial 54 finished with value: 0.7283950617283951 and parameters: {'n_estimators': 65, 'max_depth': 13, 'min_samples_split': 8}. Best is trial 50 with value: 0.7469135802469136.
[I 2025-05-01 23:12:58,132] Trial 55 finished with value: 0.7098765432098766 and parameters: {'n_estimators': 82, 'max_depth': 16, 'min_samples_split': 7}. Best is trial 50 with value: 0.7469135802469136.
[I 2025-05-01 23:12:58,387] Trial 56 finished with value: 0.7037037037037037 and parameters: {'n_estimators': 96, 'max_depth': 14, 'min_samples_split': 10}. Best is trial 50 with value: 0.7469135802469136.
[I 2025-05-01 23:12:58,561] Trial 57 finished with value: 0.7160493827160493 and parameters: {'n_estimators': 72, 'max_depth': 11, 'min_samples_split': 8}. Best is trial 50 with value: 0.7469135802469136.
[I 2025-05-01 23:12:58,786] Trial 58 finished with value: 0.7098765432098766 and parameters: {'n_estimators': 88, 'max_depth': 14, 'min_samples_split': 6}. Best is trial 50 with value: 0.7469135802469136.
[I 2025-05-01 23:12:58,949] Trial 59 finished with value: 0.7037037037037037 and parameters: {'n_estimators': 63, 'max_depth': 13, 'min_samples_split': 9}. Best is trial 50 with value: 0.7469135802469136.
[I 2025-05-01 23:12:59,143] Trial 60 finished with value: 0.7160493827160493 and parameters: {'n_estimators': 81, 'max_depth': 12, 'min_samples_split': 5}. Best is trial 50 with value: 0.7469135802469136.
[I 2025-05-01 23:12:59,412] Trial 61 finished with value: 0.7345679012345679 and parameters: {'n_estimators': 121, 'max_depth': 15, 'min_samples_split': 4}. Best is trial 50 with value: 0.7469135802469136.
[I 2025-05-01 23:12:59,753] Trial 62 finished with value: 0.7222222222222222 and parameters: {'n_estimators': 130, 'max_depth': 15, 'min_samples_split': 4}. Best is trial 50 with value: 0.7469135802469136.
[I 2025-05-01 23:13:00,272] Trial 63 finished with value: 0.7160493827160493 and parameters: {'n_estimators': 107, 'max_depth': 15, 'min_samples_split': 3}. Best is trial 50 with value: 0.7469135802469136.
[I 2025-05-01 23:13:00,702] Trial 64 finished with value: 0.7283950617283951 and parameters: {'n_estimators': 122, 'max_depth': 16, 'min_samples_split': 2}. Best is trial 50 with value: 0.7469135802469136.
[I 2025-05-01 23:13:01,199] Trial 65 finished with value: 0.7037037037037037 and parameters: {'n_estimators': 120, 'max_depth': 11, 'min_samples_split': 4}. Best is trial 50 with value: 0.7469135802469136.
[I 2025-05-01 23:13:01,805] Trial 66 finished with value: 0.7098765432098766 and parameters: {'n_estimators': 146, 'max_depth': 18, 'min_samples_split': 5}. Best is trial 50 with value: 0.7469135802469136.
[I 2025-05-01 23:13:01,994] Trial 67 finished with value: 0.7222222222222222 and parameters: {'n_estimators': 50, 'max_depth': 14, 'min_samples_split': 3}. Best is trial 50 with value: 0.7469135802469136.
[I 2025-05-01 23:13:02,281] Trial 68 finished with value: 0.7037037037037037 and parameters: {'n_estimators': 97, 'max_depth': 11, 'min_samples_split': 7}. Best is trial 50 with value: 0.7469135802469136.
[I 2025-05-01 23:13:02,580] Trial 69 finished with value: 0.7160493827160493 and parameters: {'n_estimators': 109, 'max_depth': 17, 'min_samples_split': 6}. Best is trial 50 with value: 0.7469135802469136.
[I 2025-05-01 23:13:02,835] Trial 70 finished with value: 0.6851851851851852 and parameters: {'n_estimators': 102, 'max_depth': 5, 'min_samples_split': 3}. Best is trial 50 with value: 0.7469135802469136.
[I 2025-05-01 23:13:03,185] Trial 71 finished with value: 0.7283950617283951 and parameters: {'n_estimators': 116, 'max_depth': 14, 'min_samples_split': 4}. Best is trial 50 with value: 0.7469135802469136.
[I 2025-05-01 23:13:03,502] Trial 72 finished with value: 0.7160493827160493 and parameters: {'n_estimators': 118, 'max_depth': 13, 'min_samples_split': 4}. Best is trial 50 with value: 0.7469135802469136.
[I 2025-05-01 23:13:03,779] Trial 73 finished with value: 0.7160493827160493 and parameters: {'n_estimators': 114, 'max_depth': 15, 'min_samples_split': 4}. Best is trial 50 with value: 0.7469135802469136.
[I 2025-05-01 23:13:04,078] Trial 74 finished with value: 0.7160493827160493 and parameters: {'n_estimators': 128, 'max_depth': 12, 'min_samples_split': 3}. Best is trial 50 with value: 0.7469135802469136.
[I 2025-05-01 23:13:04,426] Trial 75 finished with value: 0.7037037037037037 and parameters: {'n_estimators': 144, 'max_depth': 14, 'min_samples_split': 4}. Best is trial 50 with value: 0.7469135802469136.
[I 2025-05-01 23:13:04,743] Trial 76 finished with value: 0.7098765432098766 and parameters: {'n_estimators': 134, 'max_depth': 10, 'min_samples_split': 5}. Best is trial 50 with value: 0.7469135802469136.
[I 2025-05-01 23:13:05,143] Trial 77 finished with value: 0.7222222222222222 and parameters: {'n_estimators': 125, 'max_depth': 13, 'min_samples_split': 2}. Best is trial 50 with value: 0.7469135802469136.
[I 2025-05-01 23:13:05,369] Trial 78 finished with value: 0.7098765432098766 and parameters: {'n_estimators': 75, 'max_depth': 12, 'min_samples_split': 3}. Best is trial 50 with value: 0.7469135802469136.
[I 2025-05-01 23:13:05,622] Trial 79 finished with value: 0.7098765432098766 and parameters: {'n_estimators': 92, 'max_depth': 15, 'min_samples_split': 4}. Best is trial 50 with value: 0.7469135802469136.
[I 2025-05-01 23:13:05,860] Trial 80 finished with value: 0.7098765432098766 and parameters: {'n_estimators': 86, 'max_depth': 16, 'min_samples_split': 5}. Best is trial 50 with value: 0.7469135802469136.
[I 2025-05-01 23:13:06,115] Trial 81 finished with value: 0.7098765432098766 and parameters: {'n_estimators': 94, 'max_depth': 13, 'min_samples_split': 2}. Best is trial 50 with value: 0.7469135802469136.
[I 2025-05-01 23:13:06,391] Trial 82 finished with value: 0.7037037037037037 and parameters: {'n_estimators': 102, 'max_depth': 12, 'min_samples_split': 2}. Best is trial 50 with value: 0.7469135802469136.
[I 2025-05-01 23:13:06,726] Trial 83 finished with value: 0.7222222222222222 and parameters: {'n_estimators': 90, 'max_depth': 14, 'min_samples_split': 2}. Best is trial 50 with value: 0.7469135802469136.
[I 2025-05-01 23:13:06,976] Trial 84 finished with value: 0.7098765432098766 and parameters: {'n_estimators': 79, 'max_depth': 13, 'min_samples_split': 3}. Best is trial 50 with value: 0.7469135802469136.
[I 2025-05-01 23:13:07,292] Trial 85 finished with value: 0.6975308641975309 and parameters: {'n_estimators': 109, 'max_depth': 9, 'min_samples_split': 6}. Best is trial 50 with value: 0.7469135802469136.
[I 2025-05-01 23:13:07,501] Trial 86 finished with value: 0.7222222222222222 and parameters: {'n_estimators': 73, 'max_depth': 11, 'min_samples_split': 3}. Best is trial 50 with value: 0.7469135802469136.
[I 2025-05-01 23:13:07,737] Trial 87 finished with value: 0.7098765432098766 and parameters: {'n_estimators': 88, 'max_depth': 14, 'min_samples_split': 8}. Best is trial 50 with value: 0.7469135802469136.
[I 2025-05-01 23:13:07,943] Trial 88 finished with value: 0.7222222222222222 and parameters: {'n_estimators': 68, 'max_depth': 15, 'min_samples_split': 2}. Best is trial 50 with value: 0.7469135802469136.
[I 2025-05-01 23:13:08,206] Trial 89 finished with value: 0.7037037037037037 and parameters: {'n_estimators': 98, 'max_depth': 10, 'min_samples_split': 9}. Best is trial 50 with value: 0.7469135802469136.
[I 2025-05-01 23:13:08,384] Trial 90 finished with value: 0.7160493827160493 and parameters: {'n_estimators': 54, 'max_depth': 12, 'min_samples_split': 10}. Best is trial 50 with value: 0.7469135802469136.
[I 2025-05-01 23:13:08,563] Trial 91 finished with value: 0.691358024691358 and parameters: {'n_estimators': 60, 'max_depth': 13, 'min_samples_split': 8}. Best is trial 50 with value: 0.7469135802469136.
[I 2025-05-01 23:13:08,709] Trial 92 finished with value: 0.7160493827160493 and parameters: {'n_estimators': 56, 'max_depth': 13, 'min_samples_split': 7}. Best is trial 50 with value: 0.7469135802469136.
[I 2025-05-01 23:13:08,864] Trial 93 finished with value: 0.7098765432098766 and parameters: {'n_estimators': 63, 'max_depth': 13, 'min_samples_split': 9}. Best is trial 50 with value: 0.7469135802469136.
[I 2025-05-01 23:13:09,050] Trial 94 finished with value: 0.7160493827160493 and parameters: {'n_estimators': 67, 'max_depth': 12, 'min_samples_split': 4}. Best is trial 50 with value: 0.7469135802469136.
[I 2025-05-01 23:13:09,383] Trial 95 finished with value: 0.7345679012345679 and parameters: {'n_estimators': 81, 'max_depth': 14, 'min_samples_split': 7}. Best is trial 50 with value: 0.7469135802469136.
[I 2025-05-01 23:13:09,683] Trial 96 finished with value: 0.7037037037037037 and parameters: {'n_estimators': 84, 'max_depth': 14, 'min_samples_split': 7}. Best is trial 50 with value: 0.7469135802469136.
[I 2025-05-01 23:13:10,023] Trial 97 finished with value: 0.7037037037037037 and parameters: {'n_estimators': 104, 'max_depth': 15, 'min_samples_split': 6}. Best is trial 50 with value: 0.7469135802469136.
[I 2025-05-01 23:13:10,429] Trial 98 finished with value: 0.7222222222222222 and parameters: {'n_estimators': 161, 'max_depth': 16, 'min_samples_split': 5}. Best is trial 50 with value: 0.7469135802469136.
[I 2025-05-01 23:13:10,667] Trial 99 finished with value: 0.7283950617283951 and parameters: {'n_estimators': 89, 'max_depth': 11, 'min_samples_split': 8}. Best is trial 50 with value: 0.7469135802469136.
Best params for RandomForest: {'n_estimators': 50, 'max_depth': 15, 'min_samples_split': 8}
Tuning XGBoost with Optuna...
[I 2025-05-01 23:13:10,804] A new study created in memory with name: no-name-0d7e017e-7e88-4212-80a1-2d251eeba6e8
[I 2025-05-01 23:13:11,067] Trial 0 finished with value: 0.7283950617283951 and parameters: {'n_estimators': 169, 'max_depth': 6, 'learning_rate': 0.04442926395759113}. Best is trial 0 with value: 0.7283950617283951.
[I 2025-05-01 23:13:11,318] Trial 1 finished with value: 0.7098765432098766 and parameters: {'n_estimators': 108, 'max_depth': 9, 'learning_rate': 0.05670558569476221}. Best is trial 0 with value: 0.7283950617283951.
[I 2025-05-01 23:13:11,769] Trial 2 finished with value: 0.7037037037037037 and parameters: {'n_estimators': 223, 'max_depth': 8, 'learning_rate': 0.07454515206925666}. Best is trial 0 with value: 0.7283950617283951.
[I 2025-05-01 23:13:12,018] Trial 3 finished with value: 0.7098765432098766 and parameters: {'n_estimators': 164, 'max_depth': 10, 'learning_rate': 0.250788474341242}. Best is trial 0 with value: 0.7283950617283951.
[I 2025-05-01 23:13:12,525] Trial 4 finished with value: 0.7098765432098766 and parameters: {'n_estimators': 298, 'max_depth': 8, 'learning_rate': 0.05988641940591535}. Best is trial 0 with value: 0.7283950617283951.
[I 2025-05-01 23:13:12,811] Trial 5 finished with value: 0.7037037037037037 and parameters: {'n_estimators': 299, 'max_depth': 5, 'learning_rate': 0.2600649266439286}. Best is trial 0 with value: 0.7283950617283951.
[I 2025-05-01 23:13:13,063] Trial 6 finished with value: 0.691358024691358 and parameters: {'n_estimators': 216, 'max_depth': 5, 'learning_rate': 0.12790055900229966}. Best is trial 0 with value: 0.7283950617283951.
[I 2025-05-01 23:13:13,419] Trial 7 finished with value: 0.7037037037037037 and parameters: {'n_estimators': 280, 'max_depth': 7, 'learning_rate': 0.1643449274744039}. Best is trial 0 with value: 0.7283950617283951.
[I 2025-05-01 23:13:13,677] Trial 8 finished with value: 0.7098765432098766 and parameters: {'n_estimators': 118, 'max_depth': 9, 'learning_rate': 0.04569731538976856}. Best is trial 0 with value: 0.7283950617283951.
[I 2025-05-01 23:13:13,921] Trial 9 finished with value: 0.7222222222222222 and parameters: {'n_estimators': 273, 'max_depth': 4, 'learning_rate': 0.13388871356031162}. Best is trial 0 with value: 0.7283950617283951.
[I 2025-05-01 23:13:14,093] Trial 10 finished with value: 0.7160493827160493 and parameters: {'n_estimators': 165, 'max_depth': 3, 'learning_rate': 0.014360033155744557}. Best is trial 0 with value: 0.7283950617283951.
[I 2025-05-01 23:13:14,363] Trial 11 finished with value: 0.7222222222222222 and parameters: {'n_estimators': 250, 'max_depth': 4, 'learning_rate': 0.14086846453033264}. Best is trial 0 with value: 0.7283950617283951.
[I 2025-05-01 23:13:14,620] Trial 12 finished with value: 0.6975308641975309 and parameters: {'n_estimators': 176, 'max_depth': 6, 'learning_rate': 0.20171306392411148}. Best is trial 0 with value: 0.7283950617283951.
[I 2025-05-01 23:13:14,844] Trial 13 finished with value: 0.7160493827160493 and parameters: {'n_estimators': 247, 'max_depth': 3, 'learning_rate': 0.11086371172171328}. Best is trial 0 with value: 0.7283950617283951.
[I 2025-05-01 23:13:15,097] Trial 14 finished with value: 0.7222222222222222 and parameters: {'n_estimators': 196, 'max_depth': 5, 'learning_rate': 0.19362363868686855}. Best is trial 0 with value: 0.7283950617283951.
[I 2025-05-01 23:13:15,350] Trial 15 finished with value: 0.7037037037037037 and parameters: {'n_estimators': 145, 'max_depth': 6, 'learning_rate': 0.09242612139017979}. Best is trial 0 with value: 0.7283950617283951.
[I 2025-05-01 23:13:15,666] Trial 16 finished with value: 0.7222222222222222 and parameters: {'n_estimators': 256, 'max_depth': 4, 'learning_rate': 0.01840362991002531}. Best is trial 0 with value: 0.7283950617283951.
[I 2025-05-01 23:13:15,879] Trial 17 finished with value: 0.7098765432098766 and parameters: {'n_estimators': 140, 'max_depth': 7, 'learning_rate': 0.2978071525537062}. Best is trial 0 with value: 0.7283950617283951.
[I 2025-05-01 23:13:16,125] Trial 18 finished with value: 0.7222222222222222 and parameters: {'n_estimators': 201, 'max_depth': 4, 'learning_rate': 0.16994993662649738}. Best is trial 0 with value: 0.7283950617283951.
[I 2025-05-01 23:13:16,450] Trial 19 finished with value: 0.7222222222222222 and parameters: {'n_estimators': 229, 'max_depth': 6, 'learning_rate': 0.10290143508154653}. Best is trial 0 with value: 0.7283950617283951.
[I 2025-05-01 23:13:16,705] Trial 20 finished with value: 0.7037037037037037 and parameters: {'n_estimators': 187, 'max_depth': 5, 'learning_rate': 0.22749539582382097}. Best is trial 0 with value: 0.7283950617283951.
