[I 2025-05-01 22:53:21,119] Trial 83 finished with value: 0.7345679012345679 and parameters: {'n_estimators': 51, 'max_depth': 12, 'min_samples_split': 2}. Best is trial 51 with value: 0.7530864197530864.
[I 2025-05-01 22:53:21,279] Trial 84 finished with value: 0.7037037037037037 and parameters: {'n_estimators': 52, 'max_depth': 12, 'min_samples_split': 3}. Best is trial 51 with value: 0.7530864197530864.
[I 2025-05-01 22:53:21,459] Trial 85 finished with value: 0.6975308641975309 and parameters: {'n_estimators': 60, 'max_depth': 13, 'min_samples_split': 5}. Best is trial 51 with value: 0.7530864197530864.
[I 2025-05-01 22:53:21,723] Trial 86 finished with value: 0.7037037037037037 and parameters: {'n_estimators': 74, 'max_depth': 11, 'min_samples_split': 4}. Best is trial 51 with value: 0.7530864197530864.
[I 2025-05-01 22:53:22,140] Trial 87 finished with value: 0.7407407407407407 and parameters: {'n_estimators': 56, 'max_depth': 10, 'min_samples_split': 2}. Best is trial 51 with value: 0.7530864197530864.
[I 2025-05-01 22:53:22,398] Trial 88 finished with value: 0.7160493827160493 and parameters: {'n_estimators': 82, 'max_depth': 9, 'min_samples_split': 2}. Best is trial 51 with value: 0.7530864197530864.
[I 2025-05-01 22:53:22,568] Trial 89 finished with value: 0.7098765432098766 and parameters: {'n_estimators': 54, 'max_depth': 9, 'min_samples_split': 2}. Best is trial 51 with value: 0.7530864197530864.
[I 2025-05-01 22:53:22,742] Trial 90 finished with value: 0.7283950617283951 and parameters: {'n_estimators': 55, 'max_depth': 10, 'min_samples_split': 2}. Best is trial 51 with value: 0.7530864197530864.
[I 2025-05-01 22:53:22,935] Trial 91 finished with value: 0.7037037037037037 and parameters: {'n_estimators': 66, 'max_depth': 7, 'min_samples_split': 3}. Best is trial 51 with value: 0.7530864197530864.
[I 2025-05-01 22:53:23,120] Trial 92 finished with value: 0.7160493827160493 and parameters: {'n_estimators': 58, 'max_depth': 12, 'min_samples_split': 2}. Best is trial 51 with value: 0.7530864197530864.
[I 2025-05-01 22:53:23,291] Trial 93 finished with value: 0.7345679012345679 and parameters: {'n_estimators': 51, 'max_depth': 18, 'min_samples_split': 3}. Best is trial 51 with value: 0.7530864197530864.
[I 2025-05-01 22:53:23,473] Trial 94 finished with value: 0.7160493827160493 and parameters: {'n_estimators': 52, 'max_depth': 19, 'min_samples_split': 2}. Best is trial 51 with value: 0.7530864197530864.
[I 2025-05-01 22:53:23,651] Trial 95 finished with value: 0.7098765432098766 and parameters: {'n_estimators': 58, 'max_depth': 18, 'min_samples_split': 2}. Best is trial 51 with value: 0.7530864197530864.
[I 2025-05-01 22:53:23,914] Trial 96 finished with value: 0.7222222222222222 and parameters: {'n_estimators': 114, 'max_depth': 9, 'min_samples_split': 3}. Best is trial 51 with value: 0.7530864197530864.
[I 2025-05-01 22:53:24,119] Trial 97 finished with value: 0.7283950617283951 and parameters: {'n_estimators': 70, 'max_depth': 10, 'min_samples_split': 10}. Best is trial 51 with value: 0.7530864197530864.
[I 2025-05-01 22:53:24,274] Trial 98 finished with value: 0.7283950617283951 and parameters: {'n_estimators': 50, 'max_depth': 18, 'min_samples_split': 3}. Best is trial 51 with value: 0.7530864197530864.
[I 2025-05-01 22:53:24,580] Trial 99 finished with value: 0.7037037037037037 and parameters: {'n_estimators': 129, 'max_depth': 11, 'min_samples_split': 2}. Best is trial 51 with value: 0.7530864197530864.
Best params for RandomForest: {'n_estimators': 108, 'max_depth': 17, 'min_samples_split': 2}
Tuning XGBoost with Optuna...
[I 2025-05-01 22:53:24,861] A new study created in memory with name: no-name-ca68aacd-462e-4bd9-90a0-e7c02c10831c
[I 2025-05-01 22:53:25,139] Trial 0 finished with value: 0.7098765432098766 and parameters: {'n_estimators': 229, 'max_depth': 5, 'learning_rate': 0.047306516517450936}. Best is trial 0 with value: 0.7098765432098766.
[I 2025-05-01 22:53:25,297] Trial 1 finished with value: 0.7283950617283951 and parameters: {'n_estimators': 110, 'max_depth': 7, 'learning_rate': 0.2715754711507908}. Best is trial 1 with value: 0.7283950617283951.
[I 2025-05-01 22:53:25,567] Trial 2 finished with value: 0.7098765432098766 and parameters: {'n_estimators': 285, 'max_depth': 9, 'learning_rate': 0.2571073690101245}. Best is trial 1 with value: 0.7283950617283951.
[I 2025-05-01 22:53:25,851] Trial 3 finished with value: 0.7222222222222222 and parameters: {'n_estimators': 156, 'max_depth': 6, 'learning_rate': 0.026013818114806755}. Best is trial 1 with value: 0.7283950617283951.
[I 2025-05-01 22:53:26,094] Trial 4 finished with value: 0.7222222222222222 and parameters: {'n_estimators': 264, 'max_depth': 4, 'learning_rate': 0.21903320448381486}. Best is trial 1 with value: 0.7283950617283951.
[I 2025-05-01 22:53:26,451] Trial 5 finished with value: 0.691358024691358 and parameters: {'n_estimators': 183, 'max_depth': 7, 'learning_rate': 0.017744616972639488}. Best is trial 1 with value: 0.7283950617283951.
[I 2025-05-01 22:53:26,684] Trial 6 finished with value: 0.7283950617283951 and parameters: {'n_estimators': 186, 'max_depth': 4, 'learning_rate': 0.1481455883195592}. Best is trial 1 with value: 0.7283950617283951.
[I 2025-05-01 22:53:27,018] Trial 7 finished with value: 0.7407407407407407 and parameters: {'n_estimators': 230, 'max_depth': 4, 'learning_rate': 0.015587859161726298}. Best is trial 7 with value: 0.7407407407407407.
[I 2025-05-01 22:53:27,236] Trial 8 finished with value: 0.7283950617283951 and parameters: {'n_estimators': 128, 'max_depth': 9, 'learning_rate': 0.28809755485800825}. Best is trial 7 with value: 0.7407407407407407.
[I 2025-05-01 22:53:27,675] Trial 9 finished with value: 0.7098765432098766 and parameters: {'n_estimators': 223, 'max_depth': 9, 'learning_rate': 0.06146254222233353}. Best is trial 7 with value: 0.7407407407407407.
[I 2025-05-01 22:53:27,920] Trial 10 finished with value: 0.7037037037037037 and parameters: {'n_estimators': 248, 'max_depth': 3, 'learning_rate': 0.11888161210074026}. Best is trial 7 with value: 0.7407407407407407.
[I 2025-05-01 22:53:28,117] Trial 11 finished with value: 0.7098765432098766 and parameters: {'n_estimators': 100, 'max_depth': 7, 'learning_rate': 0.20089938237176225}. Best is trial 7 with value: 0.7407407407407407.
[I 2025-05-01 22:53:28,396] Trial 12 finished with value: 0.6975308641975309 and parameters: {'n_estimators': 152, 'max_depth': 6, 'learning_rate': 0.09200145967497698}. Best is trial 7 with value: 0.7407407407407407.
[I 2025-05-01 22:53:28,707] Trial 13 finished with value: 0.7098765432098766 and parameters: {'n_estimators': 205, 'max_depth': 8, 'learning_rate': 0.19321385416918718}. Best is trial 7 with value: 0.7407407407407407.
[I 2025-05-01 22:53:29,077] Trial 14 finished with value: 0.7037037037037037 and parameters: {'n_estimators': 108, 'max_depth': 5, 'learning_rate': 0.2982687231477308}. Best is trial 7 with value: 0.7407407407407407.
[I 2025-05-01 22:53:29,235] Trial 15 finished with value: 0.7160493827160493 and parameters: {'n_estimators': 155, 'max_depth': 3, 'learning_rate': 0.16006166136692046}. Best is trial 7 with value: 0.7407407407407407.
[I 2025-05-01 22:53:29,566] Trial 16 finished with value: 0.6975308641975309 and parameters: {'n_estimators': 290, 'max_depth': 8, 'learning_rate': 0.24788317095876206}. Best is trial 7 with value: 0.7407407407407407.
[I 2025-05-01 22:53:29,952] Trial 17 finished with value: 0.7160493827160493 and parameters: {'n_estimators': 211, 'max_depth': 10, 'learning_rate': 0.10041033646987232}. Best is trial 7 with value: 0.7407407407407407.
[I 2025-05-01 22:53:30,357] Trial 18 finished with value: 0.7222222222222222 and parameters: {'n_estimators': 255, 'max_depth': 5, 'learning_rate': 0.15350497067074967}. Best is trial 7 with value: 0.7407407407407407.
[I 2025-05-01 22:53:30,641] Trial 19 finished with value: 0.7098765432098766 and parameters: {'n_estimators': 177, 'max_depth': 4, 'learning_rate': 0.24624936659837812}. Best is trial 7 with value: 0.7407407407407407.
[I 2025-05-01 22:53:30,947] Trial 20 finished with value: 0.7222222222222222 and parameters: {'n_estimators': 123, 'max_depth': 6, 'learning_rate': 0.06835896618575357}. Best is trial 7 with value: 0.7407407407407407.
[I 2025-05-01 22:53:31,222] Trial 21 finished with value: 0.7283950617283951 and parameters: {'n_estimators': 182, 'max_depth': 4, 'learning_rate': 0.14857684568858998}. Best is trial 7 with value: 0.7407407407407407.
[I 2025-05-01 22:53:31,454] Trial 22 finished with value: 0.6975308641975309 and parameters: {'n_estimators': 235, 'max_depth': 3, 'learning_rate': 0.12133488070432981}. Best is trial 7 with value: 0.7407407407407407.
[I 2025-05-01 22:53:31,663] Trial 23 finished with value: 0.7037037037037037 and parameters: {'n_estimators': 134, 'max_depth': 5, 'learning_rate': 0.18386970689993204}. Best is trial 7 with value: 0.7407407407407407.
[I 2025-05-01 22:53:31,958] Trial 24 finished with value: 0.7098765432098766 and parameters: {'n_estimators': 191, 'max_depth': 4, 'learning_rate': 0.2672889818792664}. Best is trial 7 with value: 0.7407407407407407.
[I 2025-05-01 22:53:32,324] Trial 25 finished with value: 0.7037037037037037 and parameters: {'n_estimators': 270, 'max_depth': 7, 'learning_rate': 0.22419124830335907}. Best is trial 7 with value: 0.7407407407407407.
[I 2025-05-01 22:53:32,735] Trial 26 finished with value: 0.7037037037037037 and parameters: {'n_estimators': 214, 'max_depth': 8, 'learning_rate': 0.13351921035618475}. Best is trial 7 with value: 0.7407407407407407.
[I 2025-05-01 22:53:33,073] Trial 27 finished with value: 0.6975308641975309 and parameters: {'n_estimators': 242, 'max_depth': 6, 'learning_rate': 0.17494193462284097}. Best is trial 7 with value: 0.7407407407407407.
[I 2025-05-01 22:53:33,296] Trial 28 finished with value: 0.7098765432098766 and parameters: {'n_estimators': 170, 'max_depth': 4, 'learning_rate': 0.09445437731218223}. Best is trial 7 with value: 0.7407407407407407.
[I 2025-05-01 22:53:33,630] Trial 29 finished with value: 0.7283950617283951 and parameters: {'n_estimators': 230, 'max_depth': 5, 'learning_rate': 0.04521432406260992}. Best is trial 7 with value: 0.7407407407407407.
[I 2025-05-01 22:53:33,823] Trial 30 finished with value: 0.7222222222222222 and parameters: {'n_estimators': 195, 'max_depth': 3, 'learning_rate': 0.21971712756477946}. Best is trial 7 with value: 0.7407407407407407.
[I 2025-05-01 22:53:34,006] Trial 31 finished with value: 0.7160493827160493 and parameters: {'n_estimators': 130, 'max_depth': 10, 'learning_rate': 0.29461683038855413}. Best is trial 7 with value: 0.7407407407407407.
[I 2025-05-01 22:53:34,193] Trial 32 finished with value: 0.7160493827160493 and parameters: {'n_estimators': 115, 'max_depth': 9, 'learning_rate': 0.28044350523940914}. Best is trial 7 with value: 0.7407407407407407.
[I 2025-05-01 22:53:34,416] Trial 33 finished with value: 0.7037037037037037 and parameters: {'n_estimators': 141, 'max_depth': 9, 'learning_rate': 0.2688859012060773}. Best is trial 7 with value: 0.7407407407407407.
[I 2025-05-01 22:53:34,665] Trial 34 finished with value: 0.7098765432098766 and parameters: {'n_estimators': 166, 'max_depth': 8, 'learning_rate': 0.23858647326843851}. Best is trial 7 with value: 0.7407407407407407.
[I 2025-05-01 22:53:35,012] Trial 35 finished with value: 0.6975308641975309 and parameters: {'n_estimators': 145, 'max_depth': 7, 'learning_rate': 0.010199289289254981}. Best is trial 7 with value: 0.7407407407407407.
[I 2025-05-01 22:53:35,258] Trial 36 finished with value: 0.7098765432098766 and parameters: {'n_estimators': 117, 'max_depth': 6, 'learning_rate': 0.03915493731643367}. Best is trial 7 with value: 0.7407407407407407.
[I 2025-05-01 22:53:35,704] Trial 37 finished with value: 0.691358024691358 and parameters: {'n_estimators': 221, 'max_depth': 10, 'learning_rate': 0.07018006264946619}. Best is trial 7 with value: 0.7407407407407407.
[I 2025-05-01 22:53:36,025] Trial 38 finished with value: 0.7160493827160493 and parameters: {'n_estimators': 279, 'max_depth': 9, 'learning_rate': 0.2748607332970529}. Best is trial 7 with value: 0.7407407407407407.
[I 2025-05-01 22:53:36,212] Trial 39 finished with value: 0.6975308641975309 and parameters: {'n_estimators': 107, 'max_depth': 5, 'learning_rate': 0.2040169260287007}. Best is trial 7 with value: 0.7407407407407407.
[I 2025-05-01 22:53:36,454] Trial 40 finished with value: 0.7222222222222222 and parameters: {'n_estimators': 163, 'max_depth': 7, 'learning_rate': 0.28703941210699746}. Best is trial 7 with value: 0.7407407407407407.
[I 2025-05-01 22:53:36,685] Trial 41 finished with value: 0.7098765432098766 and parameters: {'n_estimators': 189, 'max_depth': 4, 'learning_rate': 0.15107141136156987}. Best is trial 7 with value: 0.7407407407407407.
[I 2025-05-01 22:53:36,913] Trial 42 finished with value: 0.7222222222222222 and parameters: {'n_estimators': 181, 'max_depth': 4, 'learning_rate': 0.1696125375070745}. Best is trial 7 with value: 0.7407407407407407.
[I 2025-05-01 22:53:37,163] Trial 43 finished with value: 0.691358024691358 and parameters: {'n_estimators': 204, 'max_depth': 4, 'learning_rate': 0.1349100524313362}. Best is trial 7 with value: 0.7407407407407407.
[I 2025-05-01 22:53:37,579] Trial 44 finished with value: 0.7283950617283951 and parameters: {'n_estimators': 131, 'max_depth': 5, 'learning_rate': 0.25731272530303156}. Best is trial 7 with value: 0.7407407407407407.
[I 2025-05-01 22:53:37,712] Trial 45 finished with value: 0.7283950617283951 and parameters: {'n_estimators': 102, 'max_depth': 3, 'learning_rate': 0.1411128306947134}. Best is trial 7 with value: 0.7407407407407407.
[I 2025-05-01 22:53:37,921] Trial 46 finished with value: 0.691358024691358 and parameters: {'n_estimators': 144, 'max_depth': 4, 'learning_rate': 0.11764815385788564}. Best is trial 7 with value: 0.7407407407407407.
[I 2025-05-01 22:53:38,167] Trial 47 finished with value: 0.7098765432098766 and parameters: {'n_estimators': 258, 'max_depth': 3, 'learning_rate': 0.20137845637424984}. Best is trial 7 with value: 0.7407407407407407.
[I 2025-05-01 22:53:38,418] Trial 48 finished with value: 0.691358024691358 and parameters: {'n_estimators': 156, 'max_depth': 6, 'learning_rate': 0.22984038162291054}. Best is trial 7 with value: 0.7407407407407407.
[I 2025-05-01 22:53:38,793] Trial 49 finished with value: 0.7222222222222222 and parameters: {'n_estimators': 300, 'max_depth': 5, 'learning_rate': 0.10697832457115142}. Best is trial 7 with value: 0.7407407407407407.
[I 2025-05-01 22:53:39,092] Trial 50 finished with value: 0.6975308641975309 and parameters: {'n_estimators': 222, 'max_depth': 8, 'learning_rate': 0.26081542029824134}. Best is trial 7 with value: 0.7407407407407407.
[I 2025-05-01 22:53:39,432] Trial 51 finished with value: 0.7160493827160493 and parameters: {'n_estimators': 230, 'max_depth': 5, 'learning_rate': 0.05757580814986689}. Best is trial 7 with value: 0.7407407407407407.
[I 2025-05-01 22:53:39,749] Trial 52 finished with value: 0.7098765432098766 and parameters: {'n_estimators': 242, 'max_depth': 4, 'learning_rate': 0.03193731480230511}. Best is trial 7 with value: 0.7407407407407407.
[I 2025-05-01 22:53:40,087] Trial 53 finished with value: 0.7345679012345679 and parameters: {'n_estimators': 212, 'max_depth': 5, 'learning_rate': 0.02199651350512523}. Best is trial 7 with value: 0.7407407407407407.
[I 2025-05-01 22:53:40,355] Trial 54 finished with value: 0.7222222222222222 and parameters: {'n_estimators': 211, 'max_depth': 4, 'learning_rate': 0.0794050522594443}. Best is trial 7 with value: 0.7407407407407407.
[I 2025-05-01 22:53:40,596] Trial 55 finished with value: 0.7407407407407407 and parameters: {'n_estimators': 173, 'max_depth': 4, 'learning_rate': 0.02104897479046496}. Best is trial 7 with value: 0.7407407407407407.
[I 2025-05-01 22:53:40,806] Trial 56 finished with value: 0.7283950617283951 and parameters: {'n_estimators': 197, 'max_depth': 3, 'learning_rate': 0.023037682301133497}. Best is trial 7 with value: 0.7407407407407407.
[I 2025-05-01 22:53:41,095] Trial 57 finished with value: 0.7283950617283951 and parameters: {'n_estimators': 174, 'max_depth': 5, 'learning_rate': 0.016283024580738346}. Best is trial 7 with value: 0.7407407407407407.
[I 2025-05-01 22:53:41,375] Trial 58 finished with value: 0.7037037037037037 and parameters: {'n_estimators': 216, 'max_depth': 4, 'learning_rate': 0.03242430666891319}. Best is trial 7 with value: 0.7407407407407407.
[I 2025-05-01 22:53:41,590] Trial 59 finished with value: 0.7222222222222222 and parameters: {'n_estimators': 204, 'max_depth': 3, 'learning_rate': 0.053772906907328014}. Best is trial 7 with value: 0.7407407407407407.
[I 2025-05-01 22:53:41,831] Trial 60 finished with value: 0.6851851851851852 and parameters: {'n_estimators': 121, 'max_depth': 6, 'learning_rate': 0.08008408496224889}. Best is trial 7 with value: 0.7407407407407407.
[I 2025-05-01 22:53:42,070] Trial 61 finished with value: 0.7222222222222222 and parameters: {'n_estimators': 187, 'max_depth': 4, 'learning_rate': 0.044965547340546155}. Best is trial 7 with value: 0.7407407407407407.
[I 2025-05-01 22:53:42,406] Trial 62 finished with value: 0.7407407407407407 and parameters: {'n_estimators': 180, 'max_depth': 4, 'learning_rate': 0.019895773607795306}. Best is trial 7 with value: 0.7407407407407407.
[I 2025-05-01 22:53:42,731] Trial 63 finished with value: 0.7283950617283951 and parameters: {'n_estimators': 161, 'max_depth': 5, 'learning_rate': 0.025797881931479746}. Best is trial 7 with value: 0.7407407407407407.
[I 2025-05-01 22:53:43,003] Trial 64 finished with value: 0.7283950617283951 and parameters: {'n_estimators': 177, 'max_depth': 4, 'learning_rate': 0.011058727957451529}. Best is trial 7 with value: 0.7407407407407407.
[I 2025-05-01 22:53:43,221] Trial 65 finished with value: 0.7222222222222222 and parameters: {'n_estimators': 150, 'max_depth': 4, 'learning_rate': 0.0345345611159148}. Best is trial 7 with value: 0.7407407407407407.
[I 2025-05-01 22:53:43,378] Trial 66 finished with value: 0.7345679012345679 and parameters: {'n_estimators': 111, 'max_depth': 3, 'learning_rate': 0.05209452406035562}. Best is trial 7 with value: 0.7407407407407407.
[I 2025-05-01 22:53:43,604] Trial 67 finished with value: 0.7283950617283951 and parameters: {'n_estimators': 209, 'max_depth': 3, 'learning_rate': 0.02068763922994276}. Best is trial 7 with value: 0.7407407407407407.
[I 2025-05-01 22:53:43,779] Trial 68 finished with value: 0.7283950617283951 and parameters: {'n_estimators': 136, 'max_depth': 3, 'learning_rate': 0.050961949499288235}. Best is trial 7 with value: 0.7407407407407407.
[I 2025-05-01 22:53:43,987] Trial 69 finished with value: 0.7222222222222222 and parameters: {'n_estimators': 198, 'max_depth': 3, 'learning_rate': 0.06429435144769398}. Best is trial 7 with value: 0.7407407407407407.
[I 2025-05-01 22:53:44,396] Trial 70 finished with value: 0.6975308641975309 and parameters: {'n_estimators': 236, 'max_depth': 7, 'learning_rate': 0.04108177995970912}. Best is trial 7 with value: 0.7407407407407407.
[I 2025-05-01 22:53:44,550] Trial 71 finished with value: 0.7345679012345679 and parameters: {'n_estimators': 107, 'max_depth': 4, 'learning_rate': 0.028778572654336303}. Best is trial 7 with value: 0.7407407407407407.
[I 2025-05-01 22:53:44,706] Trial 72 finished with value: 0.7345679012345679 and parameters: {'n_estimators': 111, 'max_depth': 4, 'learning_rate': 0.027879423335607004}. Best is trial 7 with value: 0.7407407407407407.
[I 2025-05-01 22:53:45,098] Trial 73 finished with value: 0.7283950617283951 and parameters: {'n_estimators': 112, 'max_depth': 4, 'learning_rate': 0.02648807508721592}. Best is trial 7 with value: 0.7407407407407407.
[I 2025-05-01 22:53:45,257] Trial 74 finished with value: 0.7098765432098766 and parameters: {'n_estimators': 107, 'max_depth': 3, 'learning_rate': 0.01123045084132681}. Best is trial 7 with value: 0.7407407407407407.
[I 2025-05-01 22:53:45,457] Trial 75 finished with value: 0.7345679012345679 and parameters: {'n_estimators': 123, 'max_depth': 4, 'learning_rate': 0.036940173505334656}. Best is trial 7 with value: 0.7407407407407407.
[I 2025-05-01 22:53:45,628] Trial 76 finished with value: 0.7407407407407407 and parameters: {'n_estimators': 101, 'max_depth': 4, 'learning_rate': 0.03742951137773558}. Best is trial 7 with value: 0.7407407407407407.
[I 2025-05-01 22:53:45,866] Trial 77 finished with value: 0.7345679012345679 and parameters: {'n_estimators': 116, 'max_depth': 5, 'learning_rate': 0.018924675632381874}. Best is trial 7 with value: 0.7407407407407407.
[I 2025-05-01 22:53:46,063] Trial 78 finished with value: 0.7283950617283951 and parameters: {'n_estimators': 104, 'max_depth': 5, 'learning_rate': 0.04711780828285797}. Best is trial 7 with value: 0.7407407407407407.
[I 2025-05-01 22:53:46,239] Trial 79 finished with value: 0.7345679012345679 and parameters: {'n_estimators': 100, 'max_depth': 4, 'learning_rate': 0.029255746052521184}. Best is trial 7 with value: 0.7407407407407407.
[I 2025-05-01 22:53:46,402] Trial 80 finished with value: 0.7283950617283951 and parameters: {'n_estimators': 121, 'max_depth': 3, 'learning_rate': 0.07647035563961505}. Best is trial 7 with value: 0.7407407407407407.
[I 2025-05-01 22:53:46,594] Trial 81 finished with value: 0.7222222222222222 and parameters: {'n_estimators': 125, 'max_depth': 4, 'learning_rate': 0.03865513881465617}. Best is trial 7 with value: 0.7407407407407407.
[I 2025-05-01 22:53:46,776] Trial 82 finished with value: 0.7283950617283951 and parameters: {'n_estimators': 114, 'max_depth': 4, 'learning_rate': 0.03645724046508799}. Best is trial 7 with value: 0.7407407407407407.
