[I 2025-05-03 23:35:06,652] Trial 1 finished with value: 0.7912444115809151 and parameters: {'n_estimators': 71, 'max_depth': 3, 'max_features': 'sqrt'}. Best is trial 0 with value: 0.8201891582843963.
[W 2025-05-03 23:35:06,677] Trial 2 failed with parameters: {'n_estimators': 162, 'max_depth': 15, 'max_features': 'auto'} because of the following error: ValueError('\nAll the 3 fits failed.\nIt is very likely that your model is misconfigured.\nYou can try to debug the error by setting error_score=\'raise\'.\n\nBelow are more details about the failures:\n--------------------------------------------------------------------------------\n3 fits failed with the following error:\nTraceback (most recent call last):\n  File "c:\\Users\\x-hp\\OneDrive - National Economics University\\Desktop\\ML Ops\\.venv\\Lib\\site-packages\\sklearn\\model_selection\\_validation.py", line 866, in _fit_and_score\n    estimator.fit(X_train, y_train, **fit_params)\n  File "c:\\Users\\x-hp\\OneDrive - National Economics University\\Desktop\\ML Ops\\.venv\\Lib\\site-packages\\sklearn\\base.py", line 1382, in wrapper\n    estimator._validate_params()\n  File "c:\\Users\\x-hp\\OneDrive - National Economics University\\Desktop\\ML Ops\\.venv\\Lib\\site-packages\\sklearn\\base.py", line 436, in _validate_params\n    validate_parameter_constraints(\n  File "c:\\Users\\x-hp\\OneDrive - National Economics University\\Desktop\\ML Ops\\.venv\\Lib\\site-packages\\sklearn\\utils\\_param_validation.py", line 98, in validate_parameter_constraints\n    raise InvalidParameterError(\nsklearn.utils._param_validation.InvalidParameterError: The \'max_features\' parameter of RandomForestClassifier must be an int in the range [1, inf), a float in the range (0.0, 1.0], a str among {\'sqrt\', \'log2\'} or None. Got \'auto\' instead.\n').
Traceback (most recent call last):
  File "c:\Users\x-hp\OneDrive - National Economics University\Desktop\ML Ops\.venv\Lib\site-packages\optuna\study\_optimize.py", line 197, in _run_trial
    value_or_values = func(trial)
                      ^^^^^^^^^^^
  File "C:\Users\x-hp\AppData\Local\Temp\ipykernel_17132\3335655494.py", line 10, in objective
    return cross_val_score(model, X_train, y_train, scoring='f1', cv=3).mean()
           ^^^^^^^^^^^^^^^^^^^^^^^^^^^^^^^^^^^^^^^^^^^^^^^^^^^^^^^^^^^^
  File "c:\Users\x-hp\OneDrive - National Economics University\Desktop\ML Ops\.venv\Lib\site-packages\sklearn\utils\_param_validation.py", line 216, in wrapper
    return func(*args, **kwargs)
           ^^^^^^^^^^^^^^^^^^^^^
  File "c:\Users\x-hp\OneDrive - National Economics University\Desktop\ML Ops\.venv\Lib\site-packages\sklearn\model_selection\_validation.py", line 684, in cross_val_score
    cv_results = cross_validate(
                 ^^^^^^^^^^^^^^^
  File "c:\Users\x-hp\OneDrive - National Economics University\Desktop\ML Ops\.venv\Lib\site-packages\sklearn\utils\_param_validation.py", line 216, in wrapper
    return func(*args, **kwargs)
           ^^^^^^^^^^^^^^^^^^^^^
  File "c:\Users\x-hp\OneDrive - National Economics University\Desktop\ML Ops\.venv\Lib\site-packages\sklearn\model_selection\_validation.py", line 431, in cross_validate
    _warn_or_raise_about_fit_failures(results, error_score)
  File "c:\Users\x-hp\OneDrive - National Economics University\Desktop\ML Ops\.venv\Lib\site-packages\sklearn\model_selection\_validation.py", line 517, in _warn_or_raise_about_fit_failures
    raise ValueError(all_fits_failed_message)
ValueError:
All the 3 fits failed.
It is very likely that your model is misconfigured.
You can try to debug the error by setting error_score='raise'.

Below are more details about the failures:
--------------------------------------------------------------------------------
3 fits failed with the following error:
Traceback (most recent call last):
  File "c:\Users\x-hp\OneDrive - National Economics University\Desktop\ML Ops\.venv\Lib\site-packages\sklearn\model_selection\_validation.py", line 866, in _fit_and_score
    estimator.fit(X_train, y_train, **fit_params)
  File "c:\Users\x-hp\OneDrive - National Economics University\Desktop\ML Ops\.venv\Lib\site-packages\sklearn\base.py", line 1382, in wrapper
    estimator._validate_params()
  File "c:\Users\x-hp\OneDrive - National Economics University\Desktop\ML Ops\.venv\Lib\site-packages\sklearn\base.py", line 436, in _validate_params
    validate_parameter_constraints(
  File "c:\Users\x-hp\OneDrive - National Economics University\Desktop\ML Ops\.venv\Lib\site-packages\sklearn\utils\_param_validation.py", line 98, in validate_parameter_constraints
    raise InvalidParameterError(
sklearn.utils._param_validation.InvalidParameterError: The 'max_features' parameter of RandomForestClassifier must be an int in the range [1, inf), a float in the range (0.0, 1.0], a str among {'sqrt', 'log2'} or None. Got 'auto' instead.

[W 2025-05-03 23:35:06,720] Trial 2 failed with value None.
Requirement already satisfied: wandb in c:\users\x-hp\onedrive - national economics university\desktop\ml ops\.venv\lib\site-packages (0.19.8)
Requirement already satisfied: imbalanced-learn in c:\users\x-hp\onedrive - national economics university\desktop\ml ops\.venv\lib\site-packages (0.13.0)

[notice] A new release of pip is available: 23.1.2 -> 25.1.1
Requirement already satisfied: xgboost in c:\users\x-hp\onedrive - national economics university\desktop\ml ops\.venv\lib\site-packages (3.0.0)
[notice] To update, run: python.exe -m pip install --upgrade pip
Requirement already satisfied: optuna in c:\users\x-hp\onedrive - national economics university\desktop\ml ops\.venv\lib\site-packages (4.3.0)
Requirement already satisfied: joblib in c:\users\x-hp\onedrive - national economics university\desktop\ml ops\.venv\lib\site-packages (1.4.2)
Requirement already satisfied: click!=8.0.0,>=7.1 in c:\users\x-hp\onedrive - national economics university\desktop\ml ops\.venv\lib\site-packages (from wandb) (8.1.8)
Requirement already satisfied: docker-pycreds>=0.4.0 in c:\users\x-hp\onedrive - national economics university\desktop\ml ops\.venv\lib\site-packages (from wandb) (0.4.0)
Requirement already satisfied: gitpython!=3.1.29,>=1.0.0 in c:\users\x-hp\onedrive - national economics university\desktop\ml ops\.venv\lib\site-packages (from wandb) (3.1.44)
Requirement already satisfied: platformdirs in c:\users\x-hp\onedrive - national economics university\desktop\ml ops\.venv\lib\site-packages (from wandb) (4.3.7)
Requirement already satisfied: protobuf!=4.21.0,!=5.28.0,<6,>=3.19.0 in c:\users\x-hp\onedrive - national economics university\desktop\ml ops\.venv\lib\site-packages (from wandb) (5.29.4)
Requirement already satisfied: psutil>=5.0.0 in c:\users\x-hp\onedrive - national economics university\desktop\ml ops\.venv\lib\site-packages (from wandb) (7.0.0)
Requirement already satisfied: pydantic<3,>=2.6 in c:\users\x-hp\onedrive - national economics university\desktop\ml ops\.venv\lib\site-packages (from wandb) (2.10.6)
Requirement already satisfied: pyyaml in c:\users\x-hp\onedrive - national economics university\desktop\ml ops\.venv\lib\site-packages (from wandb) (6.0.2)
Requirement already satisfied: requests<3,>=2.0.0 in c:\users\x-hp\onedrive - national economics university\desktop\ml ops\.venv\lib\site-packages (from wandb) (2.32.3)
Requirement already satisfied: sentry-sdk>=2.0.0 in c:\users\x-hp\onedrive - national economics university\desktop\ml ops\.venv\lib\site-packages (from wandb) (2.24.0)
Requirement already satisfied: setproctitle in c:\users\x-hp\onedrive - national economics university\desktop\ml ops\.venv\lib\site-packages (from wandb) (1.3.5)
Requirement already satisfied: setuptools in c:\users\x-hp\onedrive - national economics university\desktop\ml ops\.venv\lib\site-packages (from wandb) (65.5.0)
Requirement already satisfied: typing-extensions<5,>=4.4 in c:\users\x-hp\onedrive - national economics university\desktop\ml ops\.venv\lib\site-packages (from wandb) (4.12.2)
Requirement already satisfied: numpy<3,>=1.24.3 in c:\users\x-hp\onedrive - national economics university\desktop\ml ops\.venv\lib\site-packages (from imbalanced-learn) (2.1.3)
Requirement already satisfied: scipy<2,>=1.10.1 in c:\users\x-hp\onedrive - national economics university\desktop\ml ops\.venv\lib\site-packages (from imbalanced-learn) (1.15.2)
Requirement already satisfied: scikit-learn<2,>=1.3.2 in c:\users\x-hp\onedrive - national economics university\desktop\ml ops\.venv\lib\site-packages (from imbalanced-learn) (1.6.1)
Requirement already satisfied: sklearn-compat<1,>=0.1 in c:\users\x-hp\onedrive - national economics university\desktop\ml ops\.venv\lib\site-packages (from imbalanced-learn) (0.1.3)
Requirement already satisfied: threadpoolctl<4,>=2.0.0 in c:\users\x-hp\onedrive - national economics university\desktop\ml ops\.venv\lib\site-packages (from imbalanced-learn) (3.6.0)
Requirement already satisfied: alembic>=1.5.0 in c:\users\x-hp\onedrive - national economics university\desktop\ml ops\.venv\lib\site-packages (from optuna) (1.15.2)
Requirement already satisfied: colorlog in c:\users\x-hp\onedrive - national economics university\desktop\ml ops\.venv\lib\site-packages (from optuna) (6.9.0)
Requirement already satisfied: packaging>=20.0 in c:\users\x-hp\onedrive - national economics university\desktop\ml ops\.venv\lib\site-packages (from optuna) (24.2)
Requirement already satisfied: sqlalchemy>=1.4.2 in c:\users\x-hp\onedrive - national economics university\desktop\ml ops\.venv\lib\site-packages (from optuna) (2.0.40)
Requirement already satisfied: tqdm in c:\users\x-hp\onedrive - national economics university\desktop\ml ops\.venv\lib\site-packages (from optuna) (4.67.1)
Requirement already satisfied: Mako in c:\users\x-hp\onedrive - national economics university\desktop\ml ops\.venv\lib\site-packages (from alembic>=1.5.0->optuna) (1.3.10)
Requirement already satisfied: colorama in c:\users\x-hp\onedrive - national economics university\desktop\ml ops\.venv\lib\site-packages (from click!=8.0.0,>=7.1->wandb) (0.4.6)
Requirement already satisfied: six>=1.4.0 in c:\users\x-hp\onedrive - national economics university\desktop\ml ops\.venv\lib\site-packages (from docker-pycreds>=0.4.0->wandb) (1.17.0)
Requirement already satisfied: gitdb<5,>=4.0.1 in c:\users\x-hp\onedrive - national economics university\desktop\ml ops\.venv\lib\site-packages (from gitpython!=3.1.29,>=1.0.0->wandb) (4.0.12)
Requirement already satisfied: annotated-types>=0.6.0 in c:\users\x-hp\onedrive - national economics university\desktop\ml ops\.venv\lib\site-packages (from pydantic<3,>=2.6->wandb) (0.7.0)
Requirement already satisfied: pydantic-core==2.27.2 in c:\users\x-hp\onedrive - national economics university\desktop\ml ops\.venv\lib\site-packages (from pydantic<3,>=2.6->wandb) (2.27.2)
Requirement already satisfied: charset-normalizer<4,>=2 in c:\users\x-hp\onedrive - national economics university\desktop\ml ops\.venv\lib\site-packages (from requests<3,>=2.0.0->wandb) (3.4.1)
Requirement already satisfied: idna<4,>=2.5 in c:\users\x-hp\onedrive - national economics university\desktop\ml ops\.venv\lib\site-packages (from requests<3,>=2.0.0->wandb) (3.10)
Requirement already satisfied: urllib3<3,>=1.21.1 in c:\users\x-hp\onedrive - national economics university\desktop\ml ops\.venv\lib\site-packages (from requests<3,>=2.0.0->wandb) (2.3.0)
Requirement already satisfied: certifi>=2017.4.17 in c:\users\x-hp\onedrive - national economics university\desktop\ml ops\.venv\lib\site-packages (from requests<3,>=2.0.0->wandb) (2025.1.31)
Requirement already satisfied: greenlet>=1 in c:\users\x-hp\onedrive - national economics university\desktop\ml ops\.venv\lib\site-packages (from sqlalchemy>=1.4.2->optuna) (3.2.1)
Requirement already satisfied: smmap<6,>=3.0.1 in c:\users\x-hp\onedrive - national economics university\desktop\ml ops\.venv\lib\site-packages (from gitdb<5,>=4.0.1->gitpython!=3.1.29,>=1.0.0->wandb) (5.0.2)
Requirement already satisfied: MarkupSafe>=0.9.2 in c:\users\x-hp\onedrive - national economics university\desktop\ml ops\.venv\lib\site-packages (from Mako->alembic>=1.5.0->optuna) (3.0.2)
[34m[1mwandb[0m: [33mWARNING[0m Calling wandb.login() after wandb.init() has no effect.
[34m[1mwandb[0m:   1 of 1 files downloaded.
03-05-2025 23:46:40 Tập dữ liệu đã load với shape: (537, 9)
03-05-2025 23:46:40 Train shape: (429, 8), Validation shape: (108, 8)
03-05-2025 23:46:40 After SMOTE - Counts: {0: 280, 1: 280}
03-05-2025 23:46:40 Logistic Regression - {'accuracy': 0.7592592592592593, 'precision': 0.6304347826086957, 'recall': 0.7631578947368421, 'f1': 0.6904761904761905}

Logistic Regression Classification Report:
               precision    recall  f1-score   support

           0       0.85      0.76      0.80        70
           1       0.63      0.76      0.69        38

    accuracy                           0.76       108
   macro avg       0.74      0.76      0.75       108
weighted avg       0.78      0.76      0.76       108

Confusion Matrix:
[[53 17]
 [ 9 29]]
03-05-2025 23:46:41 Random Forest - {'accuracy': 0.7222222222222222, 'precision': 0.5833333333333334, 'recall': 0.7368421052631579, 'f1': 0.6511627906976745}

Random Forest Classification Report:
               precision    recall  f1-score   support

           0       0.83      0.71      0.77        70
           1       0.58      0.74      0.65        38

    accuracy                           0.72       108
   macro avg       0.71      0.73      0.71       108
weighted avg       0.75      0.72      0.73       108

Confusion Matrix:
[[50 20]
 [10 28]]
c:\Users\x-hp\OneDrive - National Economics University\Desktop\ML Ops\.venv\Lib\site-packages\xgboost\training.py:183: UserWarning: [23:46:41] WARNING: C:\actions-runner\_work\xgboost\xgboost\src\learner.cc:738:
Parameters: { "use_label_encoder" } are not used.

  bst.update(dtrain, iteration=i, fobj=obj)
03-05-2025 23:46:41 XGBoost - {'accuracy': 0.7592592592592593, 'precision': 0.6363636363636364, 'recall': 0.7368421052631579, 'f1': 0.6829268292682927}

XGBoost Classification Report:
               precision    recall  f1-score   support

           0       0.84      0.77      0.81        70
           1       0.64      0.74      0.68        38

    accuracy                           0.76       108
   macro avg       0.74      0.75      0.74       108
weighted avg       0.77      0.76      0.76       108

Confusion Matrix:
[[54 16]
 [10 28]]
[I 2025-05-03 23:46:41,478] A new study created in memory with name: no-name-43d9342b-451f-44d6-b4a8-0c77733fbe2b
c:\Users\x-hp\OneDrive - National Economics University\Desktop\ML Ops\.venv\Lib\site-packages\xgboost\training.py:183: UserWarning: [23:46:41] WARNING: C:\actions-runner\_work\xgboost\xgboost\src\learner.cc:738:
Parameters: { "use_label_encoder" } are not used.

  bst.update(dtrain, iteration=i, fobj=obj)
c:\Users\x-hp\OneDrive - National Economics University\Desktop\ML Ops\.venv\Lib\site-packages\xgboost\training.py:183: UserWarning: [23:46:41] WARNING: C:\actions-runner\_work\xgboost\xgboost\src\learner.cc:738:
Parameters: { "use_label_encoder" } are not used.

  bst.update(dtrain, iteration=i, fobj=obj)
c:\Users\x-hp\OneDrive - National Economics University\Desktop\ML Ops\.venv\Lib\site-packages\xgboost\training.py:183: UserWarning: [23:46:41] WARNING: C:\actions-runner\_work\xgboost\xgboost\src\learner.cc:738:
Parameters: { "use_label_encoder" } are not used.

  bst.update(dtrain, iteration=i, fobj=obj)
[I 2025-05-03 23:46:41,850] Trial 0 finished with value: 0.8047274158282098 and parameters: {'n_estimators': 233, 'max_depth': 3, 'learning_rate': 0.20625997443640645, 'subsample': 0.8116718688795481, 'colsample_bytree': 0.7857379506602221, 'gamma': 4.812885792863977, 'min_child_weight': 6}. Best is trial 0 with value: 0.8047274158282098.
c:\Users\x-hp\OneDrive - National Economics University\Desktop\ML Ops\.venv\Lib\site-packages\xgboost\training.py:183: UserWarning: [23:46:41] WARNING: C:\actions-runner\_work\xgboost\xgboost\src\learner.cc:738:
Parameters: { "use_label_encoder" } are not used.

  bst.update(dtrain, iteration=i, fobj=obj)
c:\Users\x-hp\OneDrive - National Economics University\Desktop\ML Ops\.venv\Lib\site-packages\xgboost\training.py:183: UserWarning: [23:46:42] WARNING: C:\actions-runner\_work\xgboost\xgboost\src\learner.cc:738:
Parameters: { "use_label_encoder" } are not used.

  bst.update(dtrain, iteration=i, fobj=obj)
c:\Users\x-hp\OneDrive - National Economics University\Desktop\ML Ops\.venv\Lib\site-packages\xgboost\training.py:183: UserWarning: [23:46:42] WARNING: C:\actions-runner\_work\xgboost\xgboost\src\learner.cc:738:
Parameters: { "use_label_encoder" } are not used.

  bst.update(dtrain, iteration=i, fobj=obj)
[I 2025-05-03 23:46:42,323] Trial 1 finished with value: 0.7999012569459305 and parameters: {'n_estimators': 203, 'max_depth': 10, 'learning_rate': 0.020087476329363405, 'subsample': 0.7416666384861741, 'colsample_bytree': 0.7143409215148881, 'gamma': 3.3201543846270978, 'min_child_weight': 2}. Best is trial 0 with value: 0.8047274158282098.
c:\Users\x-hp\OneDrive - National Economics University\Desktop\ML Ops\.venv\Lib\site-packages\xgboost\training.py:183: UserWarning: [23:46:42] WARNING: C:\actions-runner\_work\xgboost\xgboost\src\learner.cc:738:
Parameters: { "use_label_encoder" } are not used.

  bst.update(dtrain, iteration=i, fobj=obj)
c:\Users\x-hp\OneDrive - National Economics University\Desktop\ML Ops\.venv\Lib\site-packages\xgboost\training.py:183: UserWarning: [23:46:42] WARNING: C:\actions-runner\_work\xgboost\xgboost\src\learner.cc:738:
Parameters: { "use_label_encoder" } are not used.

  bst.update(dtrain, iteration=i, fobj=obj)
c:\Users\x-hp\OneDrive - National Economics University\Desktop\ML Ops\.venv\Lib\site-packages\xgboost\training.py:183: UserWarning: [23:46:42] WARNING: C:\actions-runner\_work\xgboost\xgboost\src\learner.cc:738:
Parameters: { "use_label_encoder" } are not used.

  bst.update(dtrain, iteration=i, fobj=obj)
[I 2025-05-03 23:46:42,675] Trial 2 finished with value: 0.778261712657342 and parameters: {'n_estimators': 163, 'max_depth': 3, 'learning_rate': 0.010199546645928821, 'subsample': 0.680833376487413, 'colsample_bytree': 0.9382922258850439, 'gamma': 4.949656083015635, 'min_child_weight': 10}. Best is trial 0 with value: 0.8047274158282098.
c:\Users\x-hp\OneDrive - National Economics University\Desktop\ML Ops\.venv\Lib\site-packages\xgboost\training.py:183: UserWarning: [23:46:42] WARNING: C:\actions-runner\_work\xgboost\xgboost\src\learner.cc:738:
Parameters: { "use_label_encoder" } are not used.

  bst.update(dtrain, iteration=i, fobj=obj)
c:\Users\x-hp\OneDrive - National Economics University\Desktop\ML Ops\.venv\Lib\site-packages\xgboost\training.py:183: UserWarning: [23:46:42] WARNING: C:\actions-runner\_work\xgboost\xgboost\src\learner.cc:738:
Parameters: { "use_label_encoder" } are not used.

  bst.update(dtrain, iteration=i, fobj=obj)
c:\Users\x-hp\OneDrive - National Economics University\Desktop\ML Ops\.venv\Lib\site-packages\xgboost\training.py:183: UserWarning: [23:46:43] WARNING: C:\actions-runner\_work\xgboost\xgboost\src\learner.cc:738:
Parameters: { "use_label_encoder" } are not used.

  bst.update(dtrain, iteration=i, fobj=obj)
[I 2025-05-03 23:46:43,196] Trial 3 finished with value: 0.7956643718548481 and parameters: {'n_estimators': 288, 'max_depth': 4, 'learning_rate': 0.19880130952736058, 'subsample': 0.8827808384104838, 'colsample_bytree': 0.6140860649262382, 'gamma': 0.7528231417522541, 'min_child_weight': 8}. Best is trial 0 with value: 0.8047274158282098.
c:\Users\x-hp\OneDrive - National Economics University\Desktop\ML Ops\.venv\Lib\site-packages\xgboost\training.py:183: UserWarning: [23:46:43] WARNING: C:\actions-runner\_work\xgboost\xgboost\src\learner.cc:738:
Parameters: { "use_label_encoder" } are not used.

  bst.update(dtrain, iteration=i, fobj=obj)
c:\Users\x-hp\OneDrive - National Economics University\Desktop\ML Ops\.venv\Lib\site-packages\xgboost\training.py:183: UserWarning: [23:46:43] WARNING: C:\actions-runner\_work\xgboost\xgboost\src\learner.cc:738:
Parameters: { "use_label_encoder" } are not used.

  bst.update(dtrain, iteration=i, fobj=obj)
c:\Users\x-hp\OneDrive - National Economics University\Desktop\ML Ops\.venv\Lib\site-packages\xgboost\training.py:183: UserWarning: [23:46:43] WARNING: C:\actions-runner\_work\xgboost\xgboost\src\learner.cc:738:
Parameters: { "use_label_encoder" } are not used.

  bst.update(dtrain, iteration=i, fobj=obj)
[I 2025-05-03 23:46:43,650] Trial 4 finished with value: 0.7924693663443302 and parameters: {'n_estimators': 207, 'max_depth': 9, 'learning_rate': 0.24343610530767235, 'subsample': 0.932127676516336, 'colsample_bytree': 0.8261479144269948, 'gamma': 0.9879934537359486, 'min_child_weight': 10}. Best is trial 0 with value: 0.8047274158282098.
c:\Users\x-hp\OneDrive - National Economics University\Desktop\ML Ops\.venv\Lib\site-packages\xgboost\training.py:183: UserWarning: [23:46:43] WARNING: C:\actions-runner\_work\xgboost\xgboost\src\learner.cc:738:
Parameters: { "use_label_encoder" } are not used.

  bst.update(dtrain, iteration=i, fobj=obj)
c:\Users\x-hp\OneDrive - National Economics University\Desktop\ML Ops\.venv\Lib\site-packages\xgboost\training.py:183: UserWarning: [23:46:43] WARNING: C:\actions-runner\_work\xgboost\xgboost\src\learner.cc:738:
Parameters: { "use_label_encoder" } are not used.

  bst.update(dtrain, iteration=i, fobj=obj)
c:\Users\x-hp\OneDrive - National Economics University\Desktop\ML Ops\.venv\Lib\site-packages\xgboost\training.py:183: UserWarning: [23:46:43] WARNING: C:\actions-runner\_work\xgboost\xgboost\src\learner.cc:738:
Parameters: { "use_label_encoder" } are not used.

  bst.update(dtrain, iteration=i, fobj=obj)
