[I 2025-05-03 23:59:36,182] Trial 472 finished with value: 0.8235126803979264 and parameters: {'n_estimators': 88, 'max_depth': 9, 'min_samples_split': 4, 'min_samples_leaf': 2}. Best is trial 137 with value: 0.827017243230078.
[I 2025-05-03 23:59:37,309] Trial 473 finished with value: 0.8235126803979264 and parameters: {'n_estimators': 91, 'max_depth': 9, 'min_samples_split': 2, 'min_samples_leaf': 2}. Best is trial 137 with value: 0.827017243230078.
[I 2025-05-03 23:59:38,290] Trial 474 finished with value: 0.8220300360581391 and parameters: {'n_estimators': 84, 'max_depth': 9, 'min_samples_split': 4, 'min_samples_leaf': 2}. Best is trial 137 with value: 0.827017243230078.
[I 2025-05-03 23:59:39,724] Trial 475 finished with value: 0.8119789134714508 and parameters: {'n_estimators': 130, 'max_depth': 10, 'min_samples_split': 4, 'min_samples_leaf': 2}. Best is trial 137 with value: 0.827017243230078.
[I 2025-05-03 23:59:40,669] Trial 476 finished with value: 0.8233375248300622 and parameters: {'n_estimators': 97, 'max_depth': 9, 'min_samples_split': 2, 'min_samples_leaf': 2}. Best is trial 137 with value: 0.827017243230078.
[I 2025-05-03 23:59:42,243] Trial 477 finished with value: 0.8135758835758836 and parameters: {'n_estimators': 178, 'max_depth': 9, 'min_samples_split': 4, 'min_samples_leaf': 2}. Best is trial 137 with value: 0.827017243230078.
[I 2025-05-03 23:59:43,172] Trial 478 finished with value: 0.8220475659606095 and parameters: {'n_estimators': 101, 'max_depth': 9, 'min_samples_split': 4, 'min_samples_leaf': 2}. Best is trial 137 with value: 0.827017243230078.
[I 2025-05-03 23:59:44,040] Trial 479 finished with value: 0.827017243230078 and parameters: {'n_estimators': 92, 'max_depth': 9, 'min_samples_split': 3, 'min_samples_leaf': 2}. Best is trial 137 with value: 0.827017243230078.
[I 2025-05-03 23:59:44,834] Trial 480 finished with value: 0.8204206125899121 and parameters: {'n_estimators': 87, 'max_depth': 10, 'min_samples_split': 4, 'min_samples_leaf': 2}. Best is trial 137 with value: 0.827017243230078.
[I 2025-05-03 23:59:45,706] Trial 481 finished with value: 0.8255193138970971 and parameters: {'n_estimators': 95, 'max_depth': 9, 'min_samples_split': 3, 'min_samples_leaf': 2}. Best is trial 137 with value: 0.827017243230078.
[I 2025-05-03 23:59:46,560] Trial 482 finished with value: 0.8235126803979264 and parameters: {'n_estimators': 90, 'max_depth': 9, 'min_samples_split': 2, 'min_samples_leaf': 2}. Best is trial 137 with value: 0.827017243230078.
[I 2025-05-03 23:59:47,389] Trial 483 finished with value: 0.8150166211673816 and parameters: {'n_estimators': 94, 'max_depth': 8, 'min_samples_split': 4, 'min_samples_leaf': 2}. Best is trial 137 with value: 0.827017243230078.
[I 2025-05-03 23:59:48,170] Trial 484 finished with value: 0.8235126803979264 and parameters: {'n_estimators': 89, 'max_depth': 9, 'min_samples_split': 4, 'min_samples_leaf': 2}. Best is trial 137 with value: 0.827017243230078.
[I 2025-05-03 23:59:49,080] Trial 485 finished with value: 0.8233375248300622 and parameters: {'n_estimators': 97, 'max_depth': 9, 'min_samples_split': 4, 'min_samples_leaf': 2}. Best is trial 137 with value: 0.827017243230078.
[I 2025-05-03 23:59:49,862] Trial 486 finished with value: 0.8235126803979264 and parameters: {'n_estimators': 86, 'max_depth': 9, 'min_samples_split': 2, 'min_samples_leaf': 2}. Best is trial 137 with value: 0.827017243230078.
[I 2025-05-03 23:59:50,674] Trial 487 finished with value: 0.827017243230078 and parameters: {'n_estimators': 92, 'max_depth': 9, 'min_samples_split': 3, 'min_samples_leaf': 2}. Best is trial 137 with value: 0.827017243230078.
[I 2025-05-03 23:59:51,448] Trial 488 finished with value: 0.8205649216208223 and parameters: {'n_estimators': 82, 'max_depth': 9, 'min_samples_split': 4, 'min_samples_leaf': 2}. Best is trial 137 with value: 0.827017243230078.
[I 2025-05-03 23:59:53,031] Trial 489 finished with value: 0.8150055741360088 and parameters: {'n_estimators': 158, 'max_depth': 9, 'min_samples_split': 4, 'min_samples_leaf': 2}. Best is trial 137 with value: 0.827017243230078.
[I 2025-05-03 23:59:53,915] Trial 490 finished with value: 0.8255193138970971 and parameters: {'n_estimators': 94, 'max_depth': 9, 'min_samples_split': 3, 'min_samples_leaf': 2}. Best is trial 137 with value: 0.827017243230078.
[I 2025-05-03 23:59:54,847] Trial 491 finished with value: 0.819914223925418 and parameters: {'n_estimators': 99, 'max_depth': 8, 'min_samples_split': 2, 'min_samples_leaf': 2}. Best is trial 137 with value: 0.827017243230078.
[I 2025-05-03 23:59:55,689] Trial 492 finished with value: 0.8186121908015577 and parameters: {'n_estimators': 90, 'max_depth': 9, 'min_samples_split': 5, 'min_samples_leaf': 2}. Best is trial 137 with value: 0.827017243230078.
[I 2025-05-03 23:59:56,449] Trial 493 finished with value: 0.8160362623930464 and parameters: {'n_estimators': 87, 'max_depth': 9, 'min_samples_split': 7, 'min_samples_leaf': 2}. Best is trial 137 with value: 0.827017243230078.
[I 2025-05-03 23:59:57,314] Trial 494 finished with value: 0.827017243230078 and parameters: {'n_estimators': 92, 'max_depth': 9, 'min_samples_split': 3, 'min_samples_leaf': 2}. Best is trial 137 with value: 0.827017243230078.
[I 2025-05-03 23:59:58,254] Trial 495 finished with value: 0.8220475659606095 and parameters: {'n_estimators': 103, 'max_depth': 9, 'min_samples_split': 4, 'min_samples_leaf': 2}. Best is trial 137 with value: 0.827017243230078.
[I 2025-05-03 23:59:59,109] Trial 496 finished with value: 0.8165878257163502 and parameters: {'n_estimators': 96, 'max_depth': 9, 'min_samples_split': 4, 'min_samples_leaf': 1}. Best is trial 137 with value: 0.827017243230078.
[I 2025-05-03 23:59:59,992] Trial 497 finished with value: 0.8235126803979264 and parameters: {'n_estimators': 89, 'max_depth': 9, 'min_samples_split': 4, 'min_samples_leaf': 2}. Best is trial 137 with value: 0.827017243230078.
[I 2025-05-04 00:00:01,302] Trial 498 finished with value: 0.8255193138970971 and parameters: {'n_estimators': 93, 'max_depth': 9, 'min_samples_split': 2, 'min_samples_leaf': 2}. Best is trial 137 with value: 0.827017243230078.
[I 2025-05-04 00:00:02,462] Trial 499 finished with value: 0.8255193138970971 and parameters: {'n_estimators': 99, 'max_depth': 9, 'min_samples_split': 3, 'min_samples_leaf': 2}. Best is trial 137 with value: 0.827017243230078.
04-05-2025 00:00:02 Best RF params: {'n_estimators': 92, 'max_depth': 9, 'min_samples_split': 3, 'min_samples_leaf': 2}
04-05-2025 00:00:03 Best model F1: 0.6741573033707865
04-05-2025 00:00:03 Đã lưu mô hình và scaler vào W&B: final_model.pkl
