[I 2025-05-03 23:53:53,147] Trial 88 finished with value: 0.8203385786245713 and parameters: {'n_estimators': 107, 'max_depth': 7, 'min_samples_split': 2, 'min_samples_leaf': 1}. Best is trial 19 with value: 0.8255193138970971.
[I 2025-05-03 23:53:54,037] Trial 89 finished with value: 0.8255193138970971 and parameters: {'n_estimators': 94, 'max_depth': 9, 'min_samples_split': 3, 'min_samples_leaf': 2}. Best is trial 19 with value: 0.8255193138970971.
[I 2025-05-03 23:53:55,387] Trial 90 finished with value: 0.8150166211673816 and parameters: {'n_estimators': 94, 'max_depth': 8, 'min_samples_split': 3, 'min_samples_leaf': 2}. Best is trial 19 with value: 0.8255193138970971.
[I 2025-05-03 23:53:56,374] Trial 91 finished with value: 0.8235126803979264 and parameters: {'n_estimators': 89, 'max_depth': 9, 'min_samples_split': 2, 'min_samples_leaf': 2}. Best is trial 19 with value: 0.8255193138970971.
[I 2025-05-03 23:53:57,173] Trial 92 finished with value: 0.8235126803979264 and parameters: {'n_estimators': 87, 'max_depth': 9, 'min_samples_split': 2, 'min_samples_leaf': 2}. Best is trial 19 with value: 0.8255193138970971.
[I 2025-05-03 23:53:58,050] Trial 93 finished with value: 0.8185714899282739 and parameters: {'n_estimators': 102, 'max_depth': 9, 'min_samples_split': 3, 'min_samples_leaf': 2}. Best is trial 19 with value: 0.8255193138970971.
[I 2025-05-03 23:53:58,810] Trial 94 finished with value: 0.8235126803979264 and parameters: {'n_estimators': 91, 'max_depth': 9, 'min_samples_split': 2, 'min_samples_leaf': 2}. Best is trial 19 with value: 0.8255193138970971.
[I 2025-05-03 23:53:59,595] Trial 95 finished with value: 0.8158505790196005 and parameters: {'n_estimators': 82, 'max_depth': 8, 'min_samples_split': 3, 'min_samples_leaf': 2}. Best is trial 19 with value: 0.8255193138970971.
[I 2025-05-03 23:54:00,595] Trial 96 finished with value: 0.8205982905982907 and parameters: {'n_estimators': 114, 'max_depth': 9, 'min_samples_split': 2, 'min_samples_leaf': 2}. Best is trial 19 with value: 0.8255193138970971.
[I 2025-05-03 23:54:01,411] Trial 97 finished with value: 0.8233375248300622 and parameters: {'n_estimators': 97, 'max_depth': 9, 'min_samples_split': 3, 'min_samples_leaf': 2}. Best is trial 19 with value: 0.8255193138970971.
[I 2025-05-03 23:54:02,338] Trial 98 finished with value: 0.813708947838983 and parameters: {'n_estimators': 104, 'max_depth': 9, 'min_samples_split': 3, 'min_samples_leaf': 3}. Best is trial 19 with value: 0.8255193138970971.
[I 2025-05-03 23:54:03,028] Trial 99 finished with value: 0.8200940860215055 and parameters: {'n_estimators': 80, 'max_depth': 8, 'min_samples_split': 2, 'min_samples_leaf': 2}. Best is trial 19 with value: 0.8255193138970971.
[I 2025-05-03 23:54:03,773] Trial 100 finished with value: 0.8155196351917663 and parameters: {'n_estimators': 84, 'max_depth': 7, 'min_samples_split': 4, 'min_samples_leaf': 1}. Best is trial 19 with value: 0.8255193138970971.
[I 2025-05-03 23:54:04,598] Trial 101 finished with value: 0.8235126803979264 and parameters: {'n_estimators': 87, 'max_depth': 9, 'min_samples_split': 2, 'min_samples_leaf': 2}. Best is trial 19 with value: 0.8255193138970971.
[I 2025-05-03 23:54:05,381] Trial 102 finished with value: 0.8235126803979264 and parameters: {'n_estimators': 88, 'max_depth': 9, 'min_samples_split': 2, 'min_samples_leaf': 2}. Best is trial 19 with value: 0.8255193138970971.
[I 2025-05-03 23:54:06,180] Trial 103 finished with value: 0.8255193138970971 and parameters: {'n_estimators': 93, 'max_depth': 9, 'min_samples_split': 2, 'min_samples_leaf': 2}. Best is trial 19 with value: 0.8255193138970971.
[I 2025-05-03 23:54:07,029] Trial 104 finished with value: 0.8098506772539921 and parameters: {'n_estimators': 94, 'max_depth': 9, 'min_samples_split': 3, 'min_samples_leaf': 5}. Best is trial 19 with value: 0.8255193138970971.
[I 2025-05-03 23:54:07,856] Trial 105 finished with value: 0.8255193138970971 and parameters: {'n_estimators': 98, 'max_depth': 9, 'min_samples_split': 2, 'min_samples_leaf': 2}. Best is trial 19 with value: 0.8255193138970971.
[I 2025-05-03 23:54:08,960] Trial 106 finished with value: 0.8100227939895581 and parameters: {'n_estimators': 134, 'max_depth': 8, 'min_samples_split': 4, 'min_samples_leaf': 2}. Best is trial 19 with value: 0.8255193138970971.
[I 2025-05-03 23:54:09,983] Trial 107 finished with value: 0.8211222797576743 and parameters: {'n_estimators': 109, 'max_depth': 9, 'min_samples_split': 3, 'min_samples_leaf': 2}. Best is trial 19 with value: 0.8255193138970971.
[I 2025-05-03 23:54:10,842] Trial 108 finished with value: 0.8185483205661819 and parameters: {'n_estimators': 97, 'max_depth': 10, 'min_samples_split': 4, 'min_samples_leaf': 2}. Best is trial 19 with value: 0.8255193138970971.
[I 2025-05-03 23:54:11,726] Trial 109 finished with value: 0.8220475659606095 and parameters: {'n_estimators': 101, 'max_depth': 9, 'min_samples_split': 2, 'min_samples_leaf': 2}. Best is trial 19 with value: 0.8255193138970971.
[I 2025-05-03 23:54:12,584] Trial 110 finished with value: 0.815994138273931 and parameters: {'n_estimators': 93, 'max_depth': 8, 'min_samples_split': 3, 'min_samples_leaf': 3}. Best is trial 19 with value: 0.8255193138970971.
[I 2025-05-03 23:54:13,376] Trial 111 finished with value: 0.8235126803979264 and parameters: {'n_estimators': 90, 'max_depth': 9, 'min_samples_split': 2, 'min_samples_leaf': 2}. Best is trial 19 with value: 0.8255193138970971.
[I 2025-05-03 23:54:14,049] Trial 112 finished with value: 0.8183870488085945 and parameters: {'n_estimators': 77, 'max_depth': 9, 'min_samples_split': 2, 'min_samples_leaf': 2}. Best is trial 19 with value: 0.8255193138970971.
[I 2025-05-03 23:54:14,991] Trial 113 finished with value: 0.818948366714196 and parameters: {'n_estimators': 105, 'max_depth': 9, 'min_samples_split': 2, 'min_samples_leaf': 2}. Best is trial 19 with value: 0.8255193138970971.
[I 2025-05-03 23:54:15,634] Trial 114 finished with value: 0.8220475659606095 and parameters: {'n_estimators': 69, 'max_depth': 9, 'min_samples_split': 3, 'min_samples_leaf': 2}. Best is trial 19 with value: 0.8255193138970971.
[I 2025-05-03 23:54:17,293] Trial 115 finished with value: 0.8128079024800337 and parameters: {'n_estimators': 171, 'max_depth': 10, 'min_samples_split': 2, 'min_samples_leaf': 2}. Best is trial 19 with value: 0.8255193138970971.
[I 2025-05-03 23:54:18,208] Trial 116 finished with value: 0.8255193138970971 and parameters: {'n_estimators': 99, 'max_depth': 9, 'min_samples_split': 3, 'min_samples_leaf': 2}. Best is trial 19 with value: 0.8255193138970971.
[I 2025-05-03 23:54:19,073] Trial 117 finished with value: 0.8179815273710295 and parameters: {'n_estimators': 100, 'max_depth': 10, 'min_samples_split': 3, 'min_samples_leaf': 2}. Best is trial 19 with value: 0.8255193138970971.
[I 2025-05-03 23:54:20,138] Trial 118 finished with value: 0.822571555119993 and parameters: {'n_estimators': 117, 'max_depth': 9, 'min_samples_split': 4, 'min_samples_leaf': 2}. Best is trial 19 with value: 0.8255193138970971.
[I 2025-05-03 23:54:21,083] Trial 119 finished with value: 0.8255193138970971 and parameters: {'n_estimators': 95, 'max_depth': 9, 'min_samples_split': 3, 'min_samples_leaf': 2}. Best is trial 19 with value: 0.8255193138970971.
[I 2025-05-03 23:54:22,029] Trial 120 finished with value: 0.8150166211673816 and parameters: {'n_estimators': 108, 'max_depth': 8, 'min_samples_split': 3, 'min_samples_leaf': 2}. Best is trial 19 with value: 0.8255193138970971.
[I 2025-05-03 23:54:22,883] Trial 121 finished with value: 0.8240541994597802 and parameters: {'n_estimators': 96, 'max_depth': 9, 'min_samples_split': 3, 'min_samples_leaf': 2}. Best is trial 19 with value: 0.8255193138970971.
[I 2025-05-03 23:54:23,816] Trial 122 finished with value: 0.8233375248300622 and parameters: {'n_estimators': 97, 'max_depth': 9, 'min_samples_split': 3, 'min_samples_leaf': 2}. Best is trial 19 with value: 0.8255193138970971.
[I 2025-05-03 23:54:24,672] Trial 123 finished with value: 0.8255193138970971 and parameters: {'n_estimators': 95, 'max_depth': 9, 'min_samples_split': 3, 'min_samples_leaf': 2}. Best is trial 19 with value: 0.8255193138970971.
[I 2025-05-03 23:54:25,481] Trial 124 finished with value: 0.8255193138970971 and parameters: {'n_estimators': 95, 'max_depth': 9, 'min_samples_split': 3, 'min_samples_leaf': 2}. Best is trial 19 with value: 0.8255193138970971.
[I 2025-05-03 23:54:26,797] Trial 125 finished with value: 0.818948366714196 and parameters: {'n_estimators': 150, 'max_depth': 9, 'min_samples_split': 3, 'min_samples_leaf': 2}. Best is trial 19 with value: 0.8255193138970971.
[I 2025-05-03 23:54:27,670] Trial 126 finished with value: 0.8255193138970971 and parameters: {'n_estimators': 95, 'max_depth': 9, 'min_samples_split': 3, 'min_samples_leaf': 2}. Best is trial 19 with value: 0.8255193138970971.
[I 2025-05-03 23:54:28,631] Trial 127 finished with value: 0.8211222797576743 and parameters: {'n_estimators': 112, 'max_depth': 9, 'min_samples_split': 3, 'min_samples_leaf': 2}. Best is trial 19 with value: 0.8255193138970971.
[I 2025-05-03 23:54:29,638] Trial 128 finished with value: 0.8220475659606095 and parameters: {'n_estimators': 103, 'max_depth': 9, 'min_samples_split': 4, 'min_samples_leaf': 2}. Best is trial 19 with value: 0.8255193138970971.
[I 2025-05-03 23:54:30,789] Trial 129 finished with value: 0.8130065709161253 and parameters: {'n_estimators': 93, 'max_depth': 8, 'min_samples_split': 3, 'min_samples_leaf': 2}. Best is trial 19 with value: 0.8255193138970971.
[I 2025-05-03 23:54:31,696] Trial 130 finished with value: 0.8255193138970971 and parameters: {'n_estimators': 100, 'max_depth': 9, 'min_samples_split': 3, 'min_samples_leaf': 2}. Best is trial 19 with value: 0.8255193138970971.
[I 2025-05-03 23:54:32,595] Trial 131 finished with value: 0.8255193138970971 and parameters: {'n_estimators': 100, 'max_depth': 9, 'min_samples_split': 3, 'min_samples_leaf': 2}. Best is trial 19 with value: 0.8255193138970971.
[I 2025-05-03 23:54:33,632] Trial 132 finished with value: 0.8255193138970971 and parameters: {'n_estimators': 98, 'max_depth': 9, 'min_samples_split': 3, 'min_samples_leaf': 2}. Best is trial 19 with value: 0.8255193138970971.
[I 2025-05-03 23:54:34,971] Trial 133 finished with value: 0.8034137402558454 and parameters: {'n_estimators': 105, 'max_depth': 4, 'min_samples_split': 3, 'min_samples_leaf': 2}. Best is trial 19 with value: 0.8255193138970971.
[I 2025-05-03 23:54:35,994] Trial 134 finished with value: 0.8104158130358904 and parameters: {'n_estimators': 101, 'max_depth': 6, 'min_samples_split': 3, 'min_samples_leaf': 2}. Best is trial 19 with value: 0.8255193138970971.
[I 2025-05-03 23:54:36,847] Trial 135 finished with value: 0.8255193138970971 and parameters: {'n_estimators': 94, 'max_depth': 9, 'min_samples_split': 3, 'min_samples_leaf': 2}. Best is trial 19 with value: 0.8255193138970971.
[I 2025-05-03 23:54:37,703] Trial 136 finished with value: 0.8255193138970971 and parameters: {'n_estimators': 99, 'max_depth': 9, 'min_samples_split': 3, 'min_samples_leaf': 2}. Best is trial 19 with value: 0.8255193138970971.
[I 2025-05-03 23:54:38,546] Trial 137 finished with value: 0.827017243230078 and parameters: {'n_estimators': 92, 'max_depth': 9, 'min_samples_split': 3, 'min_samples_leaf': 2}. Best is trial 137 with value: 0.827017243230078.
[I 2025-05-03 23:54:39,365] Trial 138 finished with value: 0.827017243230078 and parameters: {'n_estimators': 92, 'max_depth': 9, 'min_samples_split': 3, 'min_samples_leaf': 2}. Best is trial 137 with value: 0.827017243230078.
[I 2025-05-03 23:54:40,069] Trial 139 finished with value: 0.7793091537132989 and parameters: {'n_estimators': 92, 'max_depth': 2, 'min_samples_split': 3, 'min_samples_leaf': 2}. Best is trial 137 with value: 0.827017243230078.
[I 2025-05-03 23:54:40,863] Trial 140 finished with value: 0.8220300360581391 and parameters: {'n_estimators': 84, 'max_depth': 9, 'min_samples_split': 4, 'min_samples_leaf': 2}. Best is trial 137 with value: 0.827017243230078.
[I 2025-05-03 23:54:41,703] Trial 141 finished with value: 0.8255193138970971 and parameters: {'n_estimators': 95, 'max_depth': 9, 'min_samples_split': 3, 'min_samples_leaf': 2}. Best is trial 137 with value: 0.827017243230078.
[I 2025-05-03 23:54:42,507] Trial 142 finished with value: 0.8235126803979264 and parameters: {'n_estimators': 90, 'max_depth': 9, 'min_samples_split': 3, 'min_samples_leaf': 2}. Best is trial 137 with value: 0.827017243230078.
[I 2025-05-03 23:54:43,842] Trial 143 finished with value: 0.8240541994597802 and parameters: {'n_estimators': 96, 'max_depth': 9, 'min_samples_split': 3, 'min_samples_leaf': 2}. Best is trial 137 with value: 0.827017243230078.
[I 2025-05-03 23:54:44,633] Trial 144 finished with value: 0.8235126803979264 and parameters: {'n_estimators': 86, 'max_depth': 9, 'min_samples_split': 2, 'min_samples_leaf': 2}. Best is trial 137 with value: 0.827017243230078.
[I 2025-05-03 23:54:45,469] Trial 145 finished with value: 0.827017243230078 and parameters: {'n_estimators': 92, 'max_depth': 9, 'min_samples_split': 3, 'min_samples_leaf': 2}. Best is trial 137 with value: 0.827017243230078.
[I 2025-05-03 23:54:46,279] Trial 146 finished with value: 0.8235126803979264 and parameters: {'n_estimators': 89, 'max_depth': 9, 'min_samples_split': 3, 'min_samples_leaf': 2}. Best is trial 137 with value: 0.827017243230078.
[I 2025-05-03 23:54:47,085] Trial 147 finished with value: 0.8255193138970971 and parameters: {'n_estimators': 93, 'max_depth': 9, 'min_samples_split': 4, 'min_samples_leaf': 2}. Best is trial 137 with value: 0.827017243230078.
[I 2025-05-03 23:54:47,889] Trial 148 finished with value: 0.8235126803979264 and parameters: {'n_estimators': 91, 'max_depth': 9, 'min_samples_split': 2, 'min_samples_leaf': 2}. Best is trial 137 with value: 0.827017243230078.
[I 2025-05-03 23:54:48,817] Trial 149 finished with value: 0.818948366714196 and parameters: {'n_estimators': 105, 'max_depth': 9, 'min_samples_split': 3, 'min_samples_leaf': 2}. Best is trial 137 with value: 0.827017243230078.
[I 2025-05-03 23:54:49,653] Trial 150 finished with value: 0.8144998063795681 and parameters: {'n_estimators': 96, 'max_depth': 8, 'min_samples_split': 4, 'min_samples_leaf': 2}. Best is trial 137 with value: 0.827017243230078.
[I 2025-05-03 23:54:50,505] Trial 151 finished with value: 0.8185714899282739 and parameters: {'n_estimators': 102, 'max_depth': 9, 'min_samples_split': 3, 'min_samples_leaf': 2}. Best is trial 137 with value: 0.827017243230078.
[I 2025-05-03 23:54:51,413] Trial 152 finished with value: 0.8255193138970971 and parameters: {'n_estimators': 98, 'max_depth': 9, 'min_samples_split': 3, 'min_samples_leaf': 2}. Best is trial 137 with value: 0.827017243230078.
[I 2025-05-03 23:54:52,166] Trial 153 finished with value: 0.8235126803979264 and parameters: {'n_estimators': 87, 'max_depth': 9, 'min_samples_split': 3, 'min_samples_leaf': 2}. Best is trial 137 with value: 0.827017243230078.
[I 2025-05-03 23:54:52,984] Trial 154 finished with value: 0.8255193138970971 and parameters: {'n_estimators': 93, 'max_depth': 9, 'min_samples_split': 3, 'min_samples_leaf': 2}. Best is trial 137 with value: 0.827017243230078.
[I 2025-05-03 23:54:54,202] Trial 155 finished with value: 0.8220475659606095 and parameters: {'n_estimators': 101, 'max_depth': 9, 'min_samples_split': 2, 'min_samples_leaf': 2}. Best is trial 137 with value: 0.827017243230078.
[I 2025-05-03 23:54:55,200] Trial 156 finished with value: 0.8211222797576743 and parameters: {'n_estimators': 109, 'max_depth': 9, 'min_samples_split': 3, 'min_samples_leaf': 2}. Best is trial 137 with value: 0.827017243230078.
[I 2025-05-03 23:54:55,985] Trial 157 finished with value: 0.8125982939779129 and parameters: {'n_estimators': 90, 'max_depth': 9, 'min_samples_split': 3, 'min_samples_leaf': 4}. Best is trial 137 with value: 0.827017243230078.
[I 2025-05-03 23:54:56,768] Trial 158 finished with value: 0.8220300360581391 and parameters: {'n_estimators': 83, 'max_depth': 9, 'min_samples_split': 4, 'min_samples_leaf': 2}. Best is trial 137 with value: 0.827017243230078.
[I 2025-05-03 23:54:57,576] Trial 159 finished with value: 0.8240541994597802 and parameters: {'n_estimators': 96, 'max_depth': 9, 'min_samples_split': 2, 'min_samples_leaf': 2}. Best is trial 137 with value: 0.827017243230078.
[I 2025-05-03 23:54:58,476] Trial 160 finished with value: 0.819914223925418 and parameters: {'n_estimators': 99, 'max_depth': 8, 'min_samples_split': 3, 'min_samples_leaf': 2}. Best is trial 137 with value: 0.827017243230078.
[I 2025-05-03 23:54:59,410] Trial 161 finished with value: 0.8220475659606095 and parameters: {'n_estimators': 101, 'max_depth': 9, 'min_samples_split': 3, 'min_samples_leaf': 2}. Best is trial 137 with value: 0.827017243230078.
[I 2025-05-03 23:55:00,239] Trial 162 finished with value: 0.8255193138970971 and parameters: {'n_estimators': 94, 'max_depth': 9, 'min_samples_split': 3, 'min_samples_leaf': 2}. Best is trial 137 with value: 0.827017243230078.
[I 2025-05-03 23:55:01,130] Trial 163 finished with value: 0.818948366714196 and parameters: {'n_estimators': 105, 'max_depth': 9, 'min_samples_split': 3, 'min_samples_leaf': 2}. Best is trial 137 with value: 0.827017243230078.
[I 2025-05-03 23:55:02,035] Trial 164 finished with value: 0.8255193138970971 and parameters: {'n_estimators': 98, 'max_depth': 9, 'min_samples_split': 3, 'min_samples_leaf': 2}. Best is trial 137 with value: 0.827017243230078.
[I 2025-05-03 23:55:02,787] Trial 165 finished with value: 0.8235126803979264 and parameters: {'n_estimators': 88, 'max_depth': 9, 'min_samples_split': 3, 'min_samples_leaf': 2}. Best is trial 137 with value: 0.827017243230078.
[I 2025-05-03 23:55:03,610] Trial 166 finished with value: 0.827017243230078 and parameters: {'n_estimators': 92, 'max_depth': 9, 'min_samples_split': 4, 'min_samples_leaf': 2}. Best is trial 137 with value: 0.827017243230078.
[I 2025-05-03 23:55:04,434] Trial 167 finished with value: 0.8063511279422957 and parameters: {'n_estimators': 92, 'max_depth': 5, 'min_samples_split': 4, 'min_samples_leaf': 2}. Best is trial 137 with value: 0.827017243230078.
[I 2025-05-03 23:55:05,192] Trial 168 finished with value: 0.8235126803979264 and parameters: {'n_estimators': 86, 'max_depth': 9, 'min_samples_split': 4, 'min_samples_leaf': 2}. Best is trial 137 with value: 0.827017243230078.
[I 2025-05-03 23:55:06,681] Trial 169 finished with value: 0.8144998063795681 and parameters: {'n_estimators': 96, 'max_depth': 8, 'min_samples_split': 4, 'min_samples_leaf': 2}. Best is trial 137 with value: 0.827017243230078.
[I 2025-05-03 23:55:07,883] Trial 170 finished with value: 0.8235126803979264 and parameters: {'n_estimators': 91, 'max_depth': 9, 'min_samples_split': 4, 'min_samples_leaf': 2}. Best is trial 137 with value: 0.827017243230078.
[I 2025-05-03 23:55:08,889] Trial 171 finished with value: 0.8255193138970971 and parameters: {'n_estimators': 100, 'max_depth': 9, 'min_samples_split': 3, 'min_samples_leaf': 2}. Best is trial 137 with value: 0.827017243230078.
[I 2025-05-03 23:55:09,786] Trial 172 finished with value: 0.8220475659606095 and parameters: {'n_estimators': 103, 'max_depth': 9, 'min_samples_split': 3, 'min_samples_leaf': 2}. Best is trial 137 with value: 0.827017243230078.
[I 2025-05-03 23:55:10,638] Trial 173 finished with value: 0.8255193138970971 and parameters: {'n_estimators': 95, 'max_depth': 9, 'min_samples_split': 2, 'min_samples_leaf': 2}. Best is trial 137 with value: 0.827017243230078.
[I 2025-05-03 23:55:11,517] Trial 174 finished with value: 0.8255193138970971 and parameters: {'n_estimators': 98, 'max_depth': 9, 'min_samples_split': 3, 'min_samples_leaf': 2}. Best is trial 137 with value: 0.827017243230078.
[I 2025-05-03 23:55:12,330] Trial 175 finished with value: 0.8235126803979264 and parameters: {'n_estimators': 90, 'max_depth': 9, 'min_samples_split': 3, 'min_samples_leaf': 2}. Best is trial 137 with value: 0.827017243230078.
[I 2025-05-03 23:55:13,174] Trial 176 finished with value: 0.8255193138970971 and parameters: {'n_estimators': 93, 'max_depth': 9, 'min_samples_split': 4, 'min_samples_leaf': 2}. Best is trial 137 with value: 0.827017243230078.
[I 2025-05-03 23:55:14,040] Trial 177 finished with value: 0.8255193138970971 and parameters: {'n_estimators': 100, 'max_depth': 9, 'min_samples_split': 3, 'min_samples_leaf': 2}. Best is trial 137 with value: 0.827017243230078.
[I 2025-05-03 23:55:14,963] Trial 178 finished with value: 0.8211222797576743 and parameters: {'n_estimators': 107, 'max_depth': 9, 'min_samples_split': 2, 'min_samples_leaf': 2}. Best is trial 137 with value: 0.827017243230078.
[I 2025-05-03 23:55:15,777] Trial 179 finished with value: 0.8235126803979264 and parameters: {'n_estimators': 85, 'max_depth': 9, 'min_samples_split': 3, 'min_samples_leaf': 2}. Best is trial 137 with value: 0.827017243230078.
[I 2025-05-03 23:55:16,610] Trial 180 finished with value: 0.8255193138970971 and parameters: {'n_estimators': 95, 'max_depth': 9, 'min_samples_split': 4, 'min_samples_leaf': 2}. Best is trial 137 with value: 0.827017243230078.
[I 2025-05-03 23:55:17,463] Trial 181 finished with value: 0.8255193138970971 and parameters: {'n_estimators': 98, 'max_depth': 9, 'min_samples_split': 3, 'min_samples_leaf': 2}. Best is trial 137 with value: 0.827017243230078.
[I 2025-05-03 23:55:18,385] Trial 182 finished with value: 0.8185714899282739 and parameters: {'n_estimators': 102, 'max_depth': 9, 'min_samples_split': 3, 'min_samples_leaf': 2}. Best is trial 137 with value: 0.827017243230078.
[I 2025-05-03 23:55:19,156] Trial 183 finished with value: 0.8235126803979264 and parameters: {'n_estimators': 89, 'max_depth': 9, 'min_samples_split': 3, 'min_samples_leaf': 2}. Best is trial 137 with value: 0.827017243230078.
