[I 2025-05-03 23:58:13,322] Trial 376 finished with value: 0.8235126803979264 and parameters: {'n_estimators': 88, 'max_depth': 9, 'min_samples_split': 4, 'min_samples_leaf': 2}. Best is trial 137 with value: 0.827017243230078.
[I 2025-05-03 23:58:14,186] Trial 377 finished with value: 0.827017243230078 and parameters: {'n_estimators': 92, 'max_depth': 9, 'min_samples_split': 4, 'min_samples_leaf': 2}. Best is trial 137 with value: 0.827017243230078.
[I 2025-05-03 23:58:15,002] Trial 378 finished with value: 0.8235126803979264 and parameters: {'n_estimators': 91, 'max_depth': 9, 'min_samples_split': 4, 'min_samples_leaf': 2}. Best is trial 137 with value: 0.827017243230078.
[I 2025-05-03 23:58:15,746] Trial 379 finished with value: 0.8205649216208223 and parameters: {'n_estimators': 79, 'max_depth': 9, 'min_samples_split': 4, 'min_samples_leaf': 2}. Best is trial 137 with value: 0.827017243230078.
[I 2025-05-03 23:58:16,570] Trial 380 finished with value: 0.8144998063795681 and parameters: {'n_estimators': 89, 'max_depth': 8, 'min_samples_split': 4, 'min_samples_leaf': 2}. Best is trial 137 with value: 0.827017243230078.
[I 2025-05-03 23:58:17,384] Trial 381 finished with value: 0.8205330648873802 and parameters: {'n_estimators': 93, 'max_depth': 9, 'min_samples_split': 5, 'min_samples_leaf': 2}. Best is trial 137 with value: 0.827017243230078.
[I 2025-05-03 23:58:18,140] Trial 382 finished with value: 0.8235126803979264 and parameters: {'n_estimators': 85, 'max_depth': 9, 'min_samples_split': 4, 'min_samples_leaf': 2}. Best is trial 137 with value: 0.827017243230078.
[I 2025-05-03 23:58:19,054] Trial 383 finished with value: 0.8233375248300622 and parameters: {'n_estimators': 97, 'max_depth': 9, 'min_samples_split': 4, 'min_samples_leaf': 2}. Best is trial 137 with value: 0.827017243230078.
[I 2025-05-03 23:58:19,911] Trial 384 finished with value: 0.827017243230078 and parameters: {'n_estimators': 92, 'max_depth': 9, 'min_samples_split': 4, 'min_samples_leaf': 2}. Best is trial 137 with value: 0.827017243230078.
[I 2025-05-03 23:58:20,957] Trial 385 finished with value: 0.8191156462585033 and parameters: {'n_estimators': 118, 'max_depth': 9, 'min_samples_split': 4, 'min_samples_leaf': 2}. Best is trial 137 with value: 0.827017243230078.
[I 2025-05-03 23:58:22,085] Trial 386 finished with value: 0.8235126803979264 and parameters: {'n_estimators': 87, 'max_depth': 9, 'min_samples_split': 4, 'min_samples_leaf': 2}. Best is trial 137 with value: 0.827017243230078.
[I 2025-05-03 23:58:22,928] Trial 387 finished with value: 0.8159043956945072 and parameters: {'n_estimators': 91, 'max_depth': 10, 'min_samples_split': 4, 'min_samples_leaf': 2}. Best is trial 137 with value: 0.827017243230078.
[I 2025-05-03 23:58:23,643] Trial 388 finished with value: 0.8158505790196005 and parameters: {'n_estimators': 82, 'max_depth': 8, 'min_samples_split': 4, 'min_samples_leaf': 2}. Best is trial 137 with value: 0.827017243230078.
[I 2025-05-03 23:58:24,532] Trial 389 finished with value: 0.810530353101404 and parameters: {'n_estimators': 95, 'max_depth': 9, 'min_samples_split': 4, 'min_samples_leaf': 4}. Best is trial 137 with value: 0.827017243230078.
[I 2025-05-03 23:58:25,309] Trial 390 finished with value: 0.8235126803979264 and parameters: {'n_estimators': 89, 'max_depth': 9, 'min_samples_split': 4, 'min_samples_leaf': 2}. Best is trial 137 with value: 0.827017243230078.
[I 2025-05-03 23:58:26,108] Trial 391 finished with value: 0.8255193138970971 and parameters: {'n_estimators': 93, 'max_depth': 9, 'min_samples_split': 4, 'min_samples_leaf': 2}. Best is trial 137 with value: 0.827017243230078.
[I 2025-05-03 23:58:26,949] Trial 392 finished with value: 0.8235126803979264 and parameters: {'n_estimators': 91, 'max_depth': 9, 'min_samples_split': 4, 'min_samples_leaf': 2}. Best is trial 137 with value: 0.827017243230078.
[I 2025-05-03 23:58:27,715] Trial 393 finished with value: 0.8235126803979264 and parameters: {'n_estimators': 87, 'max_depth': 9, 'min_samples_split': 4, 'min_samples_leaf': 2}. Best is trial 137 with value: 0.827017243230078.
[I 2025-05-03 23:58:28,545] Trial 394 finished with value: 0.8238498144727866 and parameters: {'n_estimators': 96, 'max_depth': 9, 'min_samples_split': 5, 'min_samples_leaf': 2}. Best is trial 137 with value: 0.827017243230078.
[I 2025-05-03 23:58:29,434] Trial 395 finished with value: 0.8255193138970971 and parameters: {'n_estimators': 93, 'max_depth': 9, 'min_samples_split': 4, 'min_samples_leaf': 2}. Best is trial 137 with value: 0.827017243230078.
[I 2025-05-03 23:58:30,224] Trial 396 finished with value: 0.8063064034119378 and parameters: {'n_estimators': 84, 'max_depth': 9, 'min_samples_split': 8, 'min_samples_leaf': 2}. Best is trial 137 with value: 0.827017243230078.
[I 2025-05-03 23:58:31,005] Trial 397 finished with value: 0.8179792675743934 and parameters: {'n_estimators': 89, 'max_depth': 9, 'min_samples_split': 7, 'min_samples_leaf': 2}. Best is trial 137 with value: 0.827017243230078.
[I 2025-05-03 23:58:31,900] Trial 398 finished with value: 0.8165878257163502 and parameters: {'n_estimators': 96, 'max_depth': 9, 'min_samples_split': 4, 'min_samples_leaf': 1}. Best is trial 137 with value: 0.827017243230078.
[I 2025-05-03 23:58:32,796] Trial 399 finished with value: 0.8144240890595614 and parameters: {'n_estimators': 92, 'max_depth': 10, 'min_samples_split': 4, 'min_samples_leaf': 2}. Best is trial 137 with value: 0.827017243230078.
[I 2025-05-03 23:58:34,041] Trial 400 finished with value: 0.8255193138970971 and parameters: {'n_estimators': 98, 'max_depth': 9, 'min_samples_split': 4, 'min_samples_leaf': 2}. Best is trial 137 with value: 0.827017243230078.
[I 2025-05-03 23:58:35,302] Trial 401 finished with value: 0.8235126803979264 and parameters: {'n_estimators': 89, 'max_depth': 9, 'min_samples_split': 4, 'min_samples_leaf': 2}. Best is trial 137 with value: 0.827017243230078.
[I 2025-05-03 23:58:36,128] Trial 402 finished with value: 0.8199223068877931 and parameters: {'n_estimators': 86, 'max_depth': 9, 'min_samples_split': 5, 'min_samples_leaf': 2}. Best is trial 137 with value: 0.827017243230078.
[I 2025-05-03 23:58:36,974] Trial 403 finished with value: 0.8255193138970971 and parameters: {'n_estimators': 93, 'max_depth': 9, 'min_samples_split': 4, 'min_samples_leaf': 2}. Best is trial 137 with value: 0.827017243230078.
[I 2025-05-03 23:58:37,883] Trial 404 finished with value: 0.8255193138970971 and parameters: {'n_estimators': 95, 'max_depth': 9, 'min_samples_split': 4, 'min_samples_leaf': 2}. Best is trial 137 with value: 0.827017243230078.
[I 2025-05-03 23:58:38,682] Trial 405 finished with value: 0.8235126803979264 and parameters: {'n_estimators': 91, 'max_depth': 9, 'min_samples_split': 4, 'min_samples_leaf': 2}. Best is trial 137 with value: 0.827017243230078.
[I 2025-05-03 23:58:39,548] Trial 406 finished with value: 0.8255193138970971 and parameters: {'n_estimators': 98, 'max_depth': 9, 'min_samples_split': 4, 'min_samples_leaf': 2}. Best is trial 137 with value: 0.827017243230078.
[I 2025-05-03 23:58:40,401] Trial 407 finished with value: 0.8235126803979264 and parameters: {'n_estimators': 88, 'max_depth': 9, 'min_samples_split': 4, 'min_samples_leaf': 2}. Best is trial 137 with value: 0.827017243230078.
[I 2025-05-03 23:58:41,231] Trial 408 finished with value: 0.8255193138970971 and parameters: {'n_estimators': 94, 'max_depth': 9, 'min_samples_split': 4, 'min_samples_leaf': 2}. Best is trial 137 with value: 0.827017243230078.
[I 2025-05-03 23:58:42,633] Trial 409 finished with value: 0.8150055741360088 and parameters: {'n_estimators': 162, 'max_depth': 9, 'min_samples_split': 4, 'min_samples_leaf': 2}. Best is trial 137 with value: 0.827017243230078.
[I 2025-05-03 23:58:43,535] Trial 410 finished with value: 0.8235126803979264 and parameters: {'n_estimators': 91, 'max_depth': 9, 'min_samples_split': 4, 'min_samples_leaf': 2}. Best is trial 137 with value: 0.827017243230078.
[I 2025-05-03 23:58:44,266] Trial 411 finished with value: 0.8199520456238831 and parameters: {'n_estimators': 84, 'max_depth': 10, 'min_samples_split': 4, 'min_samples_leaf': 2}. Best is trial 137 with value: 0.827017243230078.
[I 2025-05-03 23:58:45,116] Trial 412 finished with value: 0.8109766950523795 and parameters: {'n_estimators': 96, 'max_depth': 6, 'min_samples_split': 5, 'min_samples_leaf': 2}. Best is trial 137 with value: 0.827017243230078.
[I 2025-05-03 23:58:46,059] Trial 413 finished with value: 0.8255193138970971 and parameters: {'n_estimators': 100, 'max_depth': 9, 'min_samples_split': 4, 'min_samples_leaf': 2}. Best is trial 137 with value: 0.827017243230078.
[I 2025-05-03 23:58:46,848] Trial 414 finished with value: 0.8235126803979264 and parameters: {'n_estimators': 89, 'max_depth': 9, 'min_samples_split': 4, 'min_samples_leaf': 2}. Best is trial 137 with value: 0.827017243230078.
[I 2025-05-03 23:58:47,696] Trial 415 finished with value: 0.827017243230078 and parameters: {'n_estimators': 92, 'max_depth': 9, 'min_samples_split': 4, 'min_samples_leaf': 2}. Best is trial 137 with value: 0.827017243230078.
[I 2025-05-03 23:58:48,514] Trial 416 finished with value: 0.8098145291156955 and parameters: {'n_estimators': 86, 'max_depth': 8, 'min_samples_split': 9, 'min_samples_leaf': 2}. Best is trial 137 with value: 0.827017243230078.
[I 2025-05-03 23:58:49,329] Trial 417 finished with value: 0.8235126803979264 and parameters: {'n_estimators': 91, 'max_depth': 9, 'min_samples_split': 4, 'min_samples_leaf': 2}. Best is trial 137 with value: 0.827017243230078.
[I 2025-05-03 23:58:50,768] Trial 418 finished with value: 0.8203936823077652 and parameters: {'n_estimators': 139, 'max_depth': 9, 'min_samples_split': 4, 'min_samples_leaf': 2}. Best is trial 137 with value: 0.827017243230078.
[I 2025-05-03 23:58:51,613] Trial 419 finished with value: 0.8205649216208223 and parameters: {'n_estimators': 82, 'max_depth': 9, 'min_samples_split': 4, 'min_samples_leaf': 2}. Best is trial 137 with value: 0.827017243230078.
[I 2025-05-03 23:58:52,430] Trial 420 finished with value: 0.8128110218185801 and parameters: {'n_estimators': 93, 'max_depth': 9, 'min_samples_split': 4, 'min_samples_leaf': 4}. Best is trial 137 with value: 0.827017243230078.
[I 2025-05-03 23:58:53,131] Trial 421 finished with value: 0.8183870488085945 and parameters: {'n_estimators': 76, 'max_depth': 9, 'min_samples_split': 4, 'min_samples_leaf': 2}. Best is trial 137 with value: 0.827017243230078.
[I 2025-05-03 23:58:53,955] Trial 422 finished with value: 0.8193538647342996 and parameters: {'n_estimators': 88, 'max_depth': 8, 'min_samples_split': 4, 'min_samples_leaf': 2}. Best is trial 137 with value: 0.827017243230078.
[I 2025-05-03 23:58:54,810] Trial 423 finished with value: 0.827017243230078 and parameters: {'n_estimators': 92, 'max_depth': 9, 'min_samples_split': 4, 'min_samples_leaf': 2}. Best is trial 137 with value: 0.827017243230078.
[I 2025-05-03 23:58:55,585] Trial 424 finished with value: 0.8235126803979264 and parameters: {'n_estimators': 87, 'max_depth': 9, 'min_samples_split': 4, 'min_samples_leaf': 2}. Best is trial 137 with value: 0.827017243230078.
[I 2025-05-03 23:58:56,423] Trial 425 finished with value: 0.8235126803979264 and parameters: {'n_estimators': 90, 'max_depth': 9, 'min_samples_split': 4, 'min_samples_leaf': 2}. Best is trial 137 with value: 0.827017243230078.
[I 2025-05-03 23:58:57,188] Trial 426 finished with value: 0.8220300360581391 and parameters: {'n_estimators': 84, 'max_depth': 9, 'min_samples_split': 4, 'min_samples_leaf': 2}. Best is trial 137 with value: 0.827017243230078.
[I 2025-05-03 23:58:57,903] Trial 427 finished with value: 0.8205649216208223 and parameters: {'n_estimators': 79, 'max_depth': 9, 'min_samples_split': 4, 'min_samples_leaf': 2}. Best is trial 137 with value: 0.827017243230078.
[I 2025-05-03 23:58:58,758] Trial 428 finished with value: 0.8255193138970971 and parameters: {'n_estimators': 93, 'max_depth': 9, 'min_samples_split': 4, 'min_samples_leaf': 2}. Best is trial 137 with value: 0.827017243230078.
[I 2025-05-03 23:58:59,589] Trial 429 finished with value: 0.8235126803979264 and parameters: {'n_estimators': 91, 'max_depth': 9, 'min_samples_split': 4, 'min_samples_leaf': 2}. Best is trial 137 with value: 0.827017243230078.
[I 2025-05-03 23:59:00,460] Trial 430 finished with value: 0.7971800383699698 and parameters: {'n_estimators': 95, 'max_depth': 4, 'min_samples_split': 5, 'min_samples_leaf': 2}. Best is trial 137 with value: 0.827017243230078.
[I 2025-05-03 23:59:01,310] Trial 431 finished with value: 0.8235126803979264 and parameters: {'n_estimators': 88, 'max_depth': 9, 'min_samples_split': 4, 'min_samples_leaf': 2}. Best is trial 137 with value: 0.827017243230078.
[I 2025-05-03 23:59:02,130] Trial 432 finished with value: 0.8205330648873802 and parameters: {'n_estimators': 92, 'max_depth': 9, 'min_samples_split': 5, 'min_samples_leaf': 2}. Best is trial 137 with value: 0.827017243230078.
[I 2025-05-03 23:59:02,978] Trial 433 finished with value: 0.8240541994597802 and parameters: {'n_estimators': 96, 'max_depth': 9, 'min_samples_split': 4, 'min_samples_leaf': 2}. Best is trial 137 with value: 0.827017243230078.
[I 2025-05-03 23:59:03,809] Trial 434 finished with value: 0.8204206125899121 and parameters: {'n_estimators': 85, 'max_depth': 10, 'min_samples_split': 4, 'min_samples_leaf': 2}. Best is trial 137 with value: 0.827017243230078.
[I 2025-05-03 23:59:04,636] Trial 435 finished with value: 0.8235126803979264 and parameters: {'n_estimators': 90, 'max_depth': 9, 'min_samples_split': 4, 'min_samples_leaf': 2}. Best is trial 137 with value: 0.827017243230078.
[I 2025-05-03 23:59:05,486] Trial 436 finished with value: 0.8255193138970971 and parameters: {'n_estimators': 94, 'max_depth': 9, 'min_samples_split': 4, 'min_samples_leaf': 2}. Best is trial 137 with value: 0.827017243230078.
[I 2025-05-03 23:59:06,322] Trial 437 finished with value: 0.8148700378755024 and parameters: {'n_estimators': 87, 'max_depth': 8, 'min_samples_split': 10, 'min_samples_leaf': 2}. Best is trial 137 with value: 0.827017243230078.
[I 2025-05-03 23:59:07,198] Trial 438 finished with value: 0.8233375248300622 and parameters: {'n_estimators': 97, 'max_depth': 9, 'min_samples_split': 2, 'min_samples_leaf': 2}. Best is trial 137 with value: 0.827017243230078.
[I 2025-05-03 23:59:08,082] Trial 439 finished with value: 0.827017243230078 and parameters: {'n_estimators': 92, 'max_depth': 9, 'min_samples_split': 4, 'min_samples_leaf': 2}. Best is trial 137 with value: 0.827017243230078.
[I 2025-05-03 23:59:08,951] Trial 440 finished with value: 0.827017243230078 and parameters: {'n_estimators': 92, 'max_depth': 9, 'min_samples_split': 4, 'min_samples_leaf': 2}. Best is trial 137 with value: 0.827017243230078.
[I 2025-05-03 23:59:09,762] Trial 441 finished with value: 0.8136993030610052 and parameters: {'n_estimators': 90, 'max_depth': 9, 'min_samples_split': 4, 'min_samples_leaf': 1}. Best is trial 137 with value: 0.827017243230078.
[I 2025-05-03 23:59:10,595] Trial 442 finished with value: 0.8255193138970971 and parameters: {'n_estimators': 94, 'max_depth': 9, 'min_samples_split': 4, 'min_samples_leaf': 2}. Best is trial 137 with value: 0.827017243230078.
[I 2025-05-03 23:59:11,443] Trial 443 finished with value: 0.8235126803979264 and parameters: {'n_estimators': 89, 'max_depth': 9, 'min_samples_split': 2, 'min_samples_leaf': 2}. Best is trial 137 with value: 0.827017243230078.
[I 2025-05-03 23:59:12,240] Trial 444 finished with value: 0.8235126803979264 and parameters: {'n_estimators': 86, 'max_depth': 9, 'min_samples_split': 4, 'min_samples_leaf': 2}. Best is trial 137 with value: 0.827017243230078.
[I 2025-05-03 23:59:13,084] Trial 445 finished with value: 0.8233375248300622 and parameters: {'n_estimators': 97, 'max_depth': 9, 'min_samples_split': 4, 'min_samples_leaf': 2}. Best is trial 137 with value: 0.827017243230078.
[I 2025-05-03 23:59:13,950] Trial 446 finished with value: 0.8144240890595614 and parameters: {'n_estimators': 93, 'max_depth': 10, 'min_samples_split': 2, 'min_samples_leaf': 2}. Best is trial 137 with value: 0.827017243230078.
[I 2025-05-03 23:59:14,741] Trial 447 finished with value: 0.8066704870147959 and parameters: {'n_estimators': 90, 'max_depth': 9, 'min_samples_split': 4, 'min_samples_leaf': 3}. Best is trial 137 with value: 0.827017243230078.
[I 2025-05-03 23:59:15,585] Trial 448 finished with value: 0.8255193138970971 and parameters: {'n_estimators': 94, 'max_depth': 9, 'min_samples_split': 4, 'min_samples_leaf': 2}. Best is trial 137 with value: 0.827017243230078.
[I 2025-05-03 23:59:16,483] Trial 449 finished with value: 0.8064856989494671 and parameters: {'n_estimators': 100, 'max_depth': 5, 'min_samples_split': 5, 'min_samples_leaf': 2}. Best is trial 137 with value: 0.827017243230078.
[I 2025-05-03 23:59:17,043] Trial 450 finished with value: 0.8197476606368893 and parameters: {'n_estimators': 59, 'max_depth': 9, 'min_samples_split': 2, 'min_samples_leaf': 2}. Best is trial 137 with value: 0.827017243230078.
[I 2025-05-03 23:59:17,782] Trial 451 finished with value: 0.8195177275265215 and parameters: {'n_estimators': 81, 'max_depth': 8, 'min_samples_split': 4, 'min_samples_leaf': 2}. Best is trial 137 with value: 0.827017243230078.
[I 2025-05-03 23:59:18,627] Trial 452 finished with value: 0.8235126803979264 and parameters: {'n_estimators': 88, 'max_depth': 9, 'min_samples_split': 4, 'min_samples_leaf': 2}. Best is trial 137 with value: 0.827017243230078.
[I 2025-05-03 23:59:19,440] Trial 453 finished with value: 0.827017243230078 and parameters: {'n_estimators': 92, 'max_depth': 9, 'min_samples_split': 2, 'min_samples_leaf': 2}. Best is trial 137 with value: 0.827017243230078.
[I 2025-05-03 23:59:20,287] Trial 454 finished with value: 0.8233375248300622 and parameters: {'n_estimators': 97, 'max_depth': 9, 'min_samples_split': 4, 'min_samples_leaf': 2}. Best is trial 137 with value: 0.827017243230078.
[I 2025-05-03 23:59:21,095] Trial 455 finished with value: 0.8235126803979264 and parameters: {'n_estimators': 85, 'max_depth': 9, 'min_samples_split': 4, 'min_samples_leaf': 2}. Best is trial 137 with value: 0.827017243230078.
[I 2025-05-03 23:59:21,985] Trial 456 finished with value: 0.8222339713087307 and parameters: {'n_estimators': 95, 'max_depth': 9, 'min_samples_split': 6, 'min_samples_leaf': 2}. Best is trial 137 with value: 0.827017243230078.
[I 2025-05-03 23:59:22,795] Trial 457 finished with value: 0.8235126803979264 and parameters: {'n_estimators': 91, 'max_depth': 9, 'min_samples_split': 4, 'min_samples_leaf': 2}. Best is trial 137 with value: 0.827017243230078.
[I 2025-05-03 23:59:23,624] Trial 458 finished with value: 0.8235126803979264 and parameters: {'n_estimators': 88, 'max_depth': 9, 'min_samples_split': 2, 'min_samples_leaf': 2}. Best is trial 137 with value: 0.827017243230078.
[I 2025-05-03 23:59:24,444] Trial 459 finished with value: 0.815914123922918 and parameters: {'n_estimators': 92, 'max_depth': 8, 'min_samples_split': 4, 'min_samples_leaf': 2}. Best is trial 137 with value: 0.827017243230078.
[I 2025-05-03 23:59:25,305] Trial 460 finished with value: 0.8233375248300622 and parameters: {'n_estimators': 97, 'max_depth': 9, 'min_samples_split': 4, 'min_samples_leaf': 2}. Best is trial 137 with value: 0.827017243230078.
[I 2025-05-03 23:59:26,086] Trial 461 finished with value: 0.8174000422945821 and parameters: {'n_estimators': 83, 'max_depth': 9, 'min_samples_split': 5, 'min_samples_leaf': 2}. Best is trial 137 with value: 0.827017243230078.
[I 2025-05-03 23:59:26,586] Trial 462 finished with value: 0.8214323522588289 and parameters: {'n_estimators': 51, 'max_depth': 9, 'min_samples_split': 2, 'min_samples_leaf': 2}. Best is trial 137 with value: 0.827017243230078.
[I 2025-05-03 23:59:27,583] Trial 463 finished with value: 0.7897646335146336 and parameters: {'n_estimators': 95, 'max_depth': 3, 'min_samples_split': 4, 'min_samples_leaf': 3}. Best is trial 137 with value: 0.827017243230078.
[I 2025-05-03 23:59:28,418] Trial 464 finished with value: 0.8236733001658375 and parameters: {'n_estimators': 89, 'max_depth': 10, 'min_samples_split': 5, 'min_samples_leaf': 2}. Best is trial 137 with value: 0.827017243230078.
[I 2025-05-03 23:59:29,332] Trial 465 finished with value: 0.8255193138970971 and parameters: {'n_estimators': 100, 'max_depth': 9, 'min_samples_split': 2, 'min_samples_leaf': 2}. Best is trial 137 with value: 0.827017243230078.
[I 2025-05-03 23:59:30,264] Trial 466 finished with value: 0.827017243230078 and parameters: {'n_estimators': 92, 'max_depth': 9, 'min_samples_split': 4, 'min_samples_leaf': 2}. Best is trial 137 with value: 0.827017243230078.
[I 2025-05-03 23:59:31,135] Trial 467 finished with value: 0.8255193138970971 and parameters: {'n_estimators': 94, 'max_depth': 9, 'min_samples_split': 4, 'min_samples_leaf': 2}. Best is trial 137 with value: 0.827017243230078.
[I 2025-05-03 23:59:31,902] Trial 468 finished with value: 0.8235126803979264 and parameters: {'n_estimators': 86, 'max_depth': 9, 'min_samples_split': 4, 'min_samples_leaf': 2}. Best is trial 137 with value: 0.827017243230078.
[I 2025-05-03 23:59:32,734] Trial 469 finished with value: 0.8235126803979264 and parameters: {'n_estimators': 90, 'max_depth': 9, 'min_samples_split': 4, 'min_samples_leaf': 2}. Best is trial 137 with value: 0.827017243230078.
[I 2025-05-03 23:59:33,818] Trial 470 finished with value: 0.8255193138970971 and parameters: {'n_estimators': 98, 'max_depth': 9, 'min_samples_split': 2, 'min_samples_leaf': 2}. Best is trial 137 with value: 0.827017243230078.
[I 2025-05-03 23:59:34,822] Trial 471 finished with value: 0.8255193138970971 and parameters: {'n_estimators': 94, 'max_depth': 9, 'min_samples_split': 4, 'min_samples_leaf': 2}. Best is trial 137 with value: 0.827017243230078.
