[I 2025-05-03 23:50:41,652] Trial 362 finished with value: 0.8256617434533379 and parameters: {'n_estimators': 212, 'max_depth': 6, 'learning_rate': 0.028764091686657126, 'subsample': 0.6635491856873077, 'colsample_bytree': 0.8002071347604468, 'gamma': 0.6940355238322266, 'min_child_weight': 3}. Best is trial 299 with value: 0.8272436783075081.
c:\Users\x-hp\OneDrive - National Economics University\Desktop\ML Ops\.venv\Lib\site-packages\xgboost\training.py:183: UserWarning: [23:50:41] WARNING: C:\actions-runner\_work\xgboost\xgboost\src\learner.cc:738:
Parameters: { "use_label_encoder" } are not used.

  bst.update(dtrain, iteration=i, fobj=obj)
c:\Users\x-hp\OneDrive - National Economics University\Desktop\ML Ops\.venv\Lib\site-packages\xgboost\training.py:183: UserWarning: [23:50:41] WARNING: C:\actions-runner\_work\xgboost\xgboost\src\learner.cc:738:
Parameters: { "use_label_encoder" } are not used.

  bst.update(dtrain, iteration=i, fobj=obj)
c:\Users\x-hp\OneDrive - National Economics University\Desktop\ML Ops\.venv\Lib\site-packages\xgboost\training.py:183: UserWarning: [23:50:42] WARNING: C:\actions-runner\_work\xgboost\xgboost\src\learner.cc:738:
Parameters: { "use_label_encoder" } are not used.

  bst.update(dtrain, iteration=i, fobj=obj)
[I 2025-05-03 23:50:42,315] Trial 363 finished with value: 0.8187369480537492 and parameters: {'n_estimators': 212, 'max_depth': 4, 'learning_rate': 0.0365394370960215, 'subsample': 0.6460390572076574, 'colsample_bytree': 0.7609274549036767, 'gamma': 0.8169150102717646, 'min_child_weight': 3}. Best is trial 299 with value: 0.8272436783075081.
c:\Users\x-hp\OneDrive - National Economics University\Desktop\ML Ops\.venv\Lib\site-packages\xgboost\training.py:183: UserWarning: [23:50:42] WARNING: C:\actions-runner\_work\xgboost\xgboost\src\learner.cc:738:
Parameters: { "use_label_encoder" } are not used.

  bst.update(dtrain, iteration=i, fobj=obj)
c:\Users\x-hp\OneDrive - National Economics University\Desktop\ML Ops\.venv\Lib\site-packages\xgboost\training.py:183: UserWarning: [23:50:42] WARNING: C:\actions-runner\_work\xgboost\xgboost\src\learner.cc:738:
Parameters: { "use_label_encoder" } are not used.

  bst.update(dtrain, iteration=i, fobj=obj)
c:\Users\x-hp\OneDrive - National Economics University\Desktop\ML Ops\.venv\Lib\site-packages\xgboost\training.py:183: UserWarning: [23:50:42] WARNING: C:\actions-runner\_work\xgboost\xgboost\src\learner.cc:738:
Parameters: { "use_label_encoder" } are not used.

  bst.update(dtrain, iteration=i, fobj=obj)
[I 2025-05-03 23:50:43,001] Trial 364 finished with value: 0.8133056133056132 and parameters: {'n_estimators': 199, 'max_depth': 6, 'learning_rate': 0.0486637853008106, 'subsample': 0.6243170832370315, 'colsample_bytree': 0.7873662911010543, 'gamma': 0.7132301982049974, 'min_child_weight': 3}. Best is trial 299 with value: 0.8272436783075081.
c:\Users\x-hp\OneDrive - National Economics University\Desktop\ML Ops\.venv\Lib\site-packages\xgboost\training.py:183: UserWarning: [23:50:43] WARNING: C:\actions-runner\_work\xgboost\xgboost\src\learner.cc:738:
Parameters: { "use_label_encoder" } are not used.

  bst.update(dtrain, iteration=i, fobj=obj)
c:\Users\x-hp\OneDrive - National Economics University\Desktop\ML Ops\.venv\Lib\site-packages\xgboost\training.py:183: UserWarning: [23:50:43] WARNING: C:\actions-runner\_work\xgboost\xgboost\src\learner.cc:738:
Parameters: { "use_label_encoder" } are not used.

  bst.update(dtrain, iteration=i, fobj=obj)
c:\Users\x-hp\OneDrive - National Economics University\Desktop\ML Ops\.venv\Lib\site-packages\xgboost\training.py:183: UserWarning: [23:50:43] WARNING: C:\actions-runner\_work\xgboost\xgboost\src\learner.cc:738:
Parameters: { "use_label_encoder" } are not used.

  bst.update(dtrain, iteration=i, fobj=obj)
[I 2025-05-03 23:50:43,513] Trial 365 finished with value: 0.8095743649408571 and parameters: {'n_estimators': 210, 'max_depth': 4, 'learning_rate': 0.09622083199163871, 'subsample': 0.6538401085302049, 'colsample_bytree': 0.9179958561517862, 'gamma': 2.473580024965865, 'min_child_weight': 3}. Best is trial 299 with value: 0.8272436783075081.
c:\Users\x-hp\OneDrive - National Economics University\Desktop\ML Ops\.venv\Lib\site-packages\xgboost\training.py:183: UserWarning: [23:50:43] WARNING: C:\actions-runner\_work\xgboost\xgboost\src\learner.cc:738:
Parameters: { "use_label_encoder" } are not used.

  bst.update(dtrain, iteration=i, fobj=obj)
c:\Users\x-hp\OneDrive - National Economics University\Desktop\ML Ops\.venv\Lib\site-packages\xgboost\training.py:183: UserWarning: [23:50:43] WARNING: C:\actions-runner\_work\xgboost\xgboost\src\learner.cc:738:
Parameters: { "use_label_encoder" } are not used.

  bst.update(dtrain, iteration=i, fobj=obj)
c:\Users\x-hp\OneDrive - National Economics University\Desktop\ML Ops\.venv\Lib\site-packages\xgboost\training.py:183: UserWarning: [23:50:44] WARNING: C:\actions-runner\_work\xgboost\xgboost\src\learner.cc:738:
Parameters: { "use_label_encoder" } are not used.

  bst.update(dtrain, iteration=i, fobj=obj)
[I 2025-05-03 23:50:44,279] Trial 366 finished with value: 0.8101917419986102 and parameters: {'n_estimators': 215, 'max_depth': 5, 'learning_rate': 0.028693039096387304, 'subsample': 0.7218350400030485, 'colsample_bytree': 0.9027381322340673, 'gamma': 0.6562394082702279, 'min_child_weight': 3}. Best is trial 299 with value: 0.8272436783075081.
c:\Users\x-hp\OneDrive - National Economics University\Desktop\ML Ops\.venv\Lib\site-packages\xgboost\training.py:183: UserWarning: [23:50:44] WARNING: C:\actions-runner\_work\xgboost\xgboost\src\learner.cc:738:
Parameters: { "use_label_encoder" } are not used.

  bst.update(dtrain, iteration=i, fobj=obj)
c:\Users\x-hp\OneDrive - National Economics University\Desktop\ML Ops\.venv\Lib\site-packages\xgboost\training.py:183: UserWarning: [23:50:44] WARNING: C:\actions-runner\_work\xgboost\xgboost\src\learner.cc:738:
Parameters: { "use_label_encoder" } are not used.

  bst.update(dtrain, iteration=i, fobj=obj)
c:\Users\x-hp\OneDrive - National Economics University\Desktop\ML Ops\.venv\Lib\site-packages\xgboost\training.py:183: UserWarning: [23:50:44] WARNING: C:\actions-runner\_work\xgboost\xgboost\src\learner.cc:738:
Parameters: { "use_label_encoder" } are not used.

  bst.update(dtrain, iteration=i, fobj=obj)
[I 2025-05-03 23:50:45,283] Trial 367 finished with value: 0.8178506375227687 and parameters: {'n_estimators': 221, 'max_depth': 6, 'learning_rate': 0.03215882960558172, 'subsample': 0.6612816762550435, 'colsample_bytree': 0.7313022284733187, 'gamma': 0.25449402537146887, 'min_child_weight': 2}. Best is trial 299 with value: 0.8272436783075081.
c:\Users\x-hp\OneDrive - National Economics University\Desktop\ML Ops\.venv\Lib\site-packages\xgboost\training.py:183: UserWarning: [23:50:45] WARNING: C:\actions-runner\_work\xgboost\xgboost\src\learner.cc:738:
Parameters: { "use_label_encoder" } are not used.

  bst.update(dtrain, iteration=i, fobj=obj)
c:\Users\x-hp\OneDrive - National Economics University\Desktop\ML Ops\.venv\Lib\site-packages\xgboost\training.py:183: UserWarning: [23:50:45] WARNING: C:\actions-runner\_work\xgboost\xgboost\src\learner.cc:738:
Parameters: { "use_label_encoder" } are not used.

  bst.update(dtrain, iteration=i, fobj=obj)
c:\Users\x-hp\OneDrive - National Economics University\Desktop\ML Ops\.venv\Lib\site-packages\xgboost\training.py:183: UserWarning: [23:50:46] WARNING: C:\actions-runner\_work\xgboost\xgboost\src\learner.cc:738:
Parameters: { "use_label_encoder" } are not used.

  bst.update(dtrain, iteration=i, fobj=obj)
[I 2025-05-03 23:50:46,175] Trial 368 finished with value: 0.8188175989168781 and parameters: {'n_estimators': 204, 'max_depth': 4, 'learning_rate': 0.03805566019937601, 'subsample': 0.6397344973185943, 'colsample_bytree': 0.7986277379162694, 'gamma': 0.8010035468887509, 'min_child_weight': 3}. Best is trial 299 with value: 0.8272436783075081.
c:\Users\x-hp\OneDrive - National Economics University\Desktop\ML Ops\.venv\Lib\site-packages\xgboost\training.py:183: UserWarning: [23:50:46] WARNING: C:\actions-runner\_work\xgboost\xgboost\src\learner.cc:738:
Parameters: { "use_label_encoder" } are not used.

  bst.update(dtrain, iteration=i, fobj=obj)
c:\Users\x-hp\OneDrive - National Economics University\Desktop\ML Ops\.venv\Lib\site-packages\xgboost\training.py:183: UserWarning: [23:50:46] WARNING: C:\actions-runner\_work\xgboost\xgboost\src\learner.cc:738:
Parameters: { "use_label_encoder" } are not used.

  bst.update(dtrain, iteration=i, fobj=obj)
c:\Users\x-hp\OneDrive - National Economics University\Desktop\ML Ops\.venv\Lib\site-packages\xgboost\training.py:183: UserWarning: [23:50:46] WARNING: C:\actions-runner\_work\xgboost\xgboost\src\learner.cc:738:
Parameters: { "use_label_encoder" } are not used.

  bst.update(dtrain, iteration=i, fobj=obj)
[I 2025-05-03 23:50:46,918] Trial 369 finished with value: 0.8197445769167081 and parameters: {'n_estimators': 219, 'max_depth': 5, 'learning_rate': 0.026619096697964355, 'subsample': 0.6332474585161565, 'colsample_bytree': 0.7983943365650932, 'gamma': 0.09522911600033944, 'min_child_weight': 3}. Best is trial 299 with value: 0.8272436783075081.
c:\Users\x-hp\OneDrive - National Economics University\Desktop\ML Ops\.venv\Lib\site-packages\xgboost\training.py:183: UserWarning: [23:50:47] WARNING: C:\actions-runner\_work\xgboost\xgboost\src\learner.cc:738:
Parameters: { "use_label_encoder" } are not used.

  bst.update(dtrain, iteration=i, fobj=obj)
c:\Users\x-hp\OneDrive - National Economics University\Desktop\ML Ops\.venv\Lib\site-packages\xgboost\training.py:183: UserWarning: [23:50:47] WARNING: C:\actions-runner\_work\xgboost\xgboost\src\learner.cc:738:
Parameters: { "use_label_encoder" } are not used.

  bst.update(dtrain, iteration=i, fobj=obj)
c:\Users\x-hp\OneDrive - National Economics University\Desktop\ML Ops\.venv\Lib\site-packages\xgboost\training.py:183: UserWarning: [23:50:47] WARNING: C:\actions-runner\_work\xgboost\xgboost\src\learner.cc:738:
Parameters: { "use_label_encoder" } are not used.

  bst.update(dtrain, iteration=i, fobj=obj)
[I 2025-05-03 23:50:47,555] Trial 370 finished with value: 0.8166721578923708 and parameters: {'n_estimators': 208, 'max_depth': 4, 'learning_rate': 0.03244352233197546, 'subsample': 0.6482727081302563, 'colsample_bytree': 0.8771095363761008, 'gamma': 0.9629914982362227, 'min_child_weight': 3}. Best is trial 299 with value: 0.8272436783075081.
c:\Users\x-hp\OneDrive - National Economics University\Desktop\ML Ops\.venv\Lib\site-packages\xgboost\training.py:183: UserWarning: [23:50:47] WARNING: C:\actions-runner\_work\xgboost\xgboost\src\learner.cc:738:
Parameters: { "use_label_encoder" } are not used.

  bst.update(dtrain, iteration=i, fobj=obj)
c:\Users\x-hp\OneDrive - National Economics University\Desktop\ML Ops\.venv\Lib\site-packages\xgboost\training.py:183: UserWarning: [23:50:47] WARNING: C:\actions-runner\_work\xgboost\xgboost\src\learner.cc:738:
Parameters: { "use_label_encoder" } are not used.

  bst.update(dtrain, iteration=i, fobj=obj)
c:\Users\x-hp\OneDrive - National Economics University\Desktop\ML Ops\.venv\Lib\site-packages\xgboost\training.py:183: UserWarning: [23:50:48] WARNING: C:\actions-runner\_work\xgboost\xgboost\src\learner.cc:738:
Parameters: { "use_label_encoder" } are not used.

  bst.update(dtrain, iteration=i, fobj=obj)
[I 2025-05-03 23:50:48,264] Trial 371 finished with value: 0.819096515090282 and parameters: {'n_estimators': 215, 'max_depth': 6, 'learning_rate': 0.04157467009651267, 'subsample': 0.6281130850858624, 'colsample_bytree': 0.8712927536894867, 'gamma': 0.6886221161385396, 'min_child_weight': 3}. Best is trial 299 with value: 0.8272436783075081.
c:\Users\x-hp\OneDrive - National Economics University\Desktop\ML Ops\.venv\Lib\site-packages\xgboost\training.py:183: UserWarning: [23:50:48] WARNING: C:\actions-runner\_work\xgboost\xgboost\src\learner.cc:738:
Parameters: { "use_label_encoder" } are not used.

  bst.update(dtrain, iteration=i, fobj=obj)
c:\Users\x-hp\OneDrive - National Economics University\Desktop\ML Ops\.venv\Lib\site-packages\xgboost\training.py:183: UserWarning: [23:50:48] WARNING: C:\actions-runner\_work\xgboost\xgboost\src\learner.cc:738:
Parameters: { "use_label_encoder" } are not used.

  bst.update(dtrain, iteration=i, fobj=obj)
c:\Users\x-hp\OneDrive - National Economics University\Desktop\ML Ops\.venv\Lib\site-packages\xgboost\training.py:183: UserWarning: [23:50:48] WARNING: C:\actions-runner\_work\xgboost\xgboost\src\learner.cc:738:
Parameters: { "use_label_encoder" } are not used.

  bst.update(dtrain, iteration=i, fobj=obj)
[I 2025-05-03 23:50:48,891] Trial 372 finished with value: 0.8052585393776321 and parameters: {'n_estimators': 253, 'max_depth': 6, 'learning_rate': 0.017456035871095975, 'subsample': 0.6423663144331985, 'colsample_bytree': 0.6578846534783718, 'gamma': 3.137227428789917, 'min_child_weight': 3}. Best is trial 299 with value: 0.8272436783075081.
c:\Users\x-hp\OneDrive - National Economics University\Desktop\ML Ops\.venv\Lib\site-packages\xgboost\training.py:183: UserWarning: [23:50:49] WARNING: C:\actions-runner\_work\xgboost\xgboost\src\learner.cc:738:
Parameters: { "use_label_encoder" } are not used.

  bst.update(dtrain, iteration=i, fobj=obj)
c:\Users\x-hp\OneDrive - National Economics University\Desktop\ML Ops\.venv\Lib\site-packages\xgboost\training.py:183: UserWarning: [23:50:49] WARNING: C:\actions-runner\_work\xgboost\xgboost\src\learner.cc:738:
Parameters: { "use_label_encoder" } are not used.

  bst.update(dtrain, iteration=i, fobj=obj)
c:\Users\x-hp\OneDrive - National Economics University\Desktop\ML Ops\.venv\Lib\site-packages\xgboost\training.py:183: UserWarning: [23:50:49] WARNING: C:\actions-runner\_work\xgboost\xgboost\src\learner.cc:738:
Parameters: { "use_label_encoder" } are not used.

  bst.update(dtrain, iteration=i, fobj=obj)
[I 2025-05-03 23:50:49,506] Trial 373 finished with value: 0.8086011669465334 and parameters: {'n_estimators': 224, 'max_depth': 3, 'learning_rate': 0.12246797555666614, 'subsample': 0.7035490610818911, 'colsample_bytree': 0.8969175517838982, 'gamma': 0.5178311558518303, 'min_child_weight': 3}. Best is trial 299 with value: 0.8272436783075081.
c:\Users\x-hp\OneDrive - National Economics University\Desktop\ML Ops\.venv\Lib\site-packages\xgboost\training.py:183: UserWarning: [23:50:49] WARNING: C:\actions-runner\_work\xgboost\xgboost\src\learner.cc:738:
Parameters: { "use_label_encoder" } are not used.

  bst.update(dtrain, iteration=i, fobj=obj)
c:\Users\x-hp\OneDrive - National Economics University\Desktop\ML Ops\.venv\Lib\site-packages\xgboost\training.py:183: UserWarning: [23:50:49] WARNING: C:\actions-runner\_work\xgboost\xgboost\src\learner.cc:738:
Parameters: { "use_label_encoder" } are not used.

  bst.update(dtrain, iteration=i, fobj=obj)
c:\Users\x-hp\OneDrive - National Economics University\Desktop\ML Ops\.venv\Lib\site-packages\xgboost\training.py:183: UserWarning: [23:50:49] WARNING: C:\actions-runner\_work\xgboost\xgboost\src\learner.cc:738:
Parameters: { "use_label_encoder" } are not used.

  bst.update(dtrain, iteration=i, fobj=obj)
[I 2025-05-03 23:50:50,124] Trial 374 finished with value: 0.7668477739397428 and parameters: {'n_estimators': 212, 'max_depth': 4, 'learning_rate': 0.26862041167539785, 'subsample': 0.6600673160844399, 'colsample_bytree': 0.7496387391802455, 'gamma': 0.3897448945870625, 'min_child_weight': 3}. Best is trial 299 with value: 0.8272436783075081.
c:\Users\x-hp\OneDrive - National Economics University\Desktop\ML Ops\.venv\Lib\site-packages\xgboost\training.py:183: UserWarning: [23:50:50] WARNING: C:\actions-runner\_work\xgboost\xgboost\src\learner.cc:738:
Parameters: { "use_label_encoder" } are not used.

  bst.update(dtrain, iteration=i, fobj=obj)
c:\Users\x-hp\OneDrive - National Economics University\Desktop\ML Ops\.venv\Lib\site-packages\xgboost\training.py:183: UserWarning: [23:50:50] WARNING: C:\actions-runner\_work\xgboost\xgboost\src\learner.cc:738:
Parameters: { "use_label_encoder" } are not used.

  bst.update(dtrain, iteration=i, fobj=obj)
c:\Users\x-hp\OneDrive - National Economics University\Desktop\ML Ops\.venv\Lib\site-packages\xgboost\training.py:183: UserWarning: [23:50:50] WARNING: C:\actions-runner\_work\xgboost\xgboost\src\learner.cc:738:
Parameters: { "use_label_encoder" } are not used.

  bst.update(dtrain, iteration=i, fobj=obj)
[I 2025-05-03 23:50:50,777] Trial 375 finished with value: 0.8201809764309765 and parameters: {'n_estimators': 229, 'max_depth': 5, 'learning_rate': 0.026175077675711048, 'subsample': 0.6527568320705016, 'colsample_bytree': 0.6979279497977087, 'gamma': 1.2568100101093453, 'min_child_weight': 3}. Best is trial 299 with value: 0.8272436783075081.
c:\Users\x-hp\OneDrive - National Economics University\Desktop\ML Ops\.venv\Lib\site-packages\xgboost\training.py:183: UserWarning: [23:50:50] WARNING: C:\actions-runner\_work\xgboost\xgboost\src\learner.cc:738:
Parameters: { "use_label_encoder" } are not used.

  bst.update(dtrain, iteration=i, fobj=obj)
c:\Users\x-hp\OneDrive - National Economics University\Desktop\ML Ops\.venv\Lib\site-packages\xgboost\training.py:183: UserWarning: [23:50:51] WARNING: C:\actions-runner\_work\xgboost\xgboost\src\learner.cc:738:
Parameters: { "use_label_encoder" } are not used.

  bst.update(dtrain, iteration=i, fobj=obj)
c:\Users\x-hp\OneDrive - National Economics University\Desktop\ML Ops\.venv\Lib\site-packages\xgboost\training.py:183: UserWarning: [23:50:51] WARNING: C:\actions-runner\_work\xgboost\xgboost\src\learner.cc:738:
Parameters: { "use_label_encoder" } are not used.

  bst.update(dtrain, iteration=i, fobj=obj)
[I 2025-05-03 23:50:51,444] Trial 376 finished with value: 0.8151918307188537 and parameters: {'n_estimators': 219, 'max_depth': 5, 'learning_rate': 0.021050898183222484, 'subsample': 0.6190648791621345, 'colsample_bytree': 0.8101628437840095, 'gamma': 0.8524294148403285, 'min_child_weight': 4}. Best is trial 299 with value: 0.8272436783075081.
c:\Users\x-hp\OneDrive - National Economics University\Desktop\ML Ops\.venv\Lib\site-packages\xgboost\training.py:183: UserWarning: [23:50:51] WARNING: C:\actions-runner\_work\xgboost\xgboost\src\learner.cc:738:
Parameters: { "use_label_encoder" } are not used.

  bst.update(dtrain, iteration=i, fobj=obj)
c:\Users\x-hp\OneDrive - National Economics University\Desktop\ML Ops\.venv\Lib\site-packages\xgboost\training.py:183: UserWarning: [23:50:51] WARNING: C:\actions-runner\_work\xgboost\xgboost\src\learner.cc:738:
Parameters: { "use_label_encoder" } are not used.

  bst.update(dtrain, iteration=i, fobj=obj)
c:\Users\x-hp\OneDrive - National Economics University\Desktop\ML Ops\.venv\Lib\site-packages\xgboost\training.py:183: UserWarning: [23:50:51] WARNING: C:\actions-runner\_work\xgboost\xgboost\src\learner.cc:738:
Parameters: { "use_label_encoder" } are not used.

  bst.update(dtrain, iteration=i, fobj=obj)
[I 2025-05-03 23:50:52,166] Trial 377 finished with value: 0.8123560014864363 and parameters: {'n_estimators': 259, 'max_depth': 4, 'learning_rate': 0.04685749141363122, 'subsample': 0.6377481664068895, 'colsample_bytree': 0.7417382557882239, 'gamma': 0.1612702769361106, 'min_child_weight': 3}. Best is trial 299 with value: 0.8272436783075081.
c:\Users\x-hp\OneDrive - National Economics University\Desktop\ML Ops\.venv\Lib\site-packages\xgboost\training.py:183: UserWarning: [23:50:52] WARNING: C:\actions-runner\_work\xgboost\xgboost\src\learner.cc:738:
Parameters: { "use_label_encoder" } are not used.

  bst.update(dtrain, iteration=i, fobj=obj)
c:\Users\x-hp\OneDrive - National Economics University\Desktop\ML Ops\.venv\Lib\site-packages\xgboost\training.py:183: UserWarning: [23:50:52] WARNING: C:\actions-runner\_work\xgboost\xgboost\src\learner.cc:738:
Parameters: { "use_label_encoder" } are not used.

  bst.update(dtrain, iteration=i, fobj=obj)
c:\Users\x-hp\OneDrive - National Economics University\Desktop\ML Ops\.venv\Lib\site-packages\xgboost\training.py:183: UserWarning: [23:50:52] WARNING: C:\actions-runner\_work\xgboost\xgboost\src\learner.cc:738:
Parameters: { "use_label_encoder" } are not used.

  bst.update(dtrain, iteration=i, fobj=obj)
[I 2025-05-03 23:50:53,002] Trial 378 finished with value: 0.8143205705705706 and parameters: {'n_estimators': 208, 'max_depth': 6, 'learning_rate': 0.03528403325131966, 'subsample': 0.7445829315571993, 'colsample_bytree': 0.9080629278922174, 'gamma': 0.609885702698961, 'min_child_weight': 3}. Best is trial 299 with value: 0.8272436783075081.
c:\Users\x-hp\OneDrive - National Economics University\Desktop\ML Ops\.venv\Lib\site-packages\xgboost\training.py:183: UserWarning: [23:50:53] WARNING: C:\actions-runner\_work\xgboost\xgboost\src\learner.cc:738:
Parameters: { "use_label_encoder" } are not used.

  bst.update(dtrain, iteration=i, fobj=obj)
c:\Users\x-hp\OneDrive - National Economics University\Desktop\ML Ops\.venv\Lib\site-packages\xgboost\training.py:183: UserWarning: [23:50:53] WARNING: C:\actions-runner\_work\xgboost\xgboost\src\learner.cc:738:
Parameters: { "use_label_encoder" } are not used.

  bst.update(dtrain, iteration=i, fobj=obj)
c:\Users\x-hp\OneDrive - National Economics University\Desktop\ML Ops\.venv\Lib\site-packages\xgboost\training.py:183: UserWarning: [23:50:53] WARNING: C:\actions-runner\_work\xgboost\xgboost\src\learner.cc:738:
Parameters: { "use_label_encoder" } are not used.

  bst.update(dtrain, iteration=i, fobj=obj)
