[I 2025-05-03 23:52:37,095] Trial 498 finished with value: 0.819510660763517 and parameters: {'n_estimators': 279, 'max_depth': 6, 'learning_rate': 0.038498037113309486, 'subsample': 0.6961313478453894, 'colsample_bytree': 0.7815836481612585, 'gamma': 1.2516477628952787, 'min_child_weight': 3}. Best is trial 413 with value: 0.829368162701496.
c:\Users\x-hp\OneDrive - National Economics University\Desktop\ML Ops\.venv\Lib\site-packages\xgboost\training.py:183: UserWarning: [23:52:37] WARNING: C:\actions-runner\_work\xgboost\xgboost\src\learner.cc:738:
Parameters: { "use_label_encoder" } are not used.

  bst.update(dtrain, iteration=i, fobj=obj)
c:\Users\x-hp\OneDrive - National Economics University\Desktop\ML Ops\.venv\Lib\site-packages\xgboost\training.py:183: UserWarning: [23:52:37] WARNING: C:\actions-runner\_work\xgboost\xgboost\src\learner.cc:738:
Parameters: { "use_label_encoder" } are not used.

  bst.update(dtrain, iteration=i, fobj=obj)
c:\Users\x-hp\OneDrive - National Economics University\Desktop\ML Ops\.venv\Lib\site-packages\xgboost\training.py:183: UserWarning: [23:52:37] WARNING: C:\actions-runner\_work\xgboost\xgboost\src\learner.cc:738:
Parameters: { "use_label_encoder" } are not used.

  bst.update(dtrain, iteration=i, fobj=obj)
[I 2025-05-03 23:52:37,898] Trial 499 finished with value: 0.819459234481597 and parameters: {'n_estimators': 257, 'max_depth': 6, 'learning_rate': 0.028202671509678985, 'subsample': 0.7328758642118334, 'colsample_bytree': 0.790510779856415, 'gamma': 1.058023849456872, 'min_child_weight': 4}. Best is trial 413 with value: 0.829368162701496.
03-05-2025 23:52:37 Best XGBoost params: {'n_estimators': 259, 'max_depth': 6, 'learning_rate': 0.023719575923161054, 'subsample': 0.6602751949519314, 'colsample_bytree': 0.6439894225553097, 'gamma': 0.9350879640445005, 'min_child_weight': 3}
[I 2025-05-03 23:52:37,905] A new study created in memory with name: no-name-fe42ef21-be50-426e-bd58-734c9b8deeb2
[I 2025-05-03 23:52:38,494] Trial 0 finished with value: 0.8168320764488411 and parameters: {'n_estimators': 63, 'max_depth': 8, 'min_samples_split': 5, 'min_samples_leaf': 2}. Best is trial 0 with value: 0.8168320764488411.
[I 2025-05-03 23:52:39,230] Trial 1 finished with value: 0.8023375390042057 and parameters: {'n_estimators': 93, 'max_depth': 4, 'min_samples_split': 4, 'min_samples_leaf': 2}. Best is trial 0 with value: 0.8168320764488411.
[I 2025-05-03 23:52:40,645] Trial 2 finished with value: 0.7954197023895356 and parameters: {'n_estimators': 182, 'max_depth': 3, 'min_samples_split': 6, 'min_samples_leaf': 5}. Best is trial 0 with value: 0.8168320764488411.
[I 2025-05-03 23:52:41,722] Trial 3 finished with value: 0.7911644299078854 and parameters: {'n_estimators': 135, 'max_depth': 3, 'min_samples_split': 9, 'min_samples_leaf': 3}. Best is trial 0 with value: 0.8168320764488411.
[I 2025-05-03 23:52:43,332] Trial 4 finished with value: 0.8005851725434613 and parameters: {'n_estimators': 165, 'max_depth': 4, 'min_samples_split': 9, 'min_samples_leaf': 4}. Best is trial 0 with value: 0.8168320764488411.
[I 2025-05-03 23:52:43,952] Trial 5 finished with value: 0.8083507195206763 and parameters: {'n_estimators': 69, 'max_depth': 5, 'min_samples_split': 10, 'min_samples_leaf': 2}. Best is trial 0 with value: 0.8168320764488411.
[I 2025-05-03 23:52:45,062] Trial 6 finished with value: 0.7931778640821237 and parameters: {'n_estimators': 146, 'max_depth': 3, 'min_samples_split': 7, 'min_samples_leaf': 4}. Best is trial 0 with value: 0.8168320764488411.
[I 2025-05-03 23:52:46,749] Trial 7 finished with value: 0.7752155988651303 and parameters: {'n_estimators': 191, 'max_depth': 2, 'min_samples_split': 3, 'min_samples_leaf': 1}. Best is trial 0 with value: 0.8168320764488411.
[I 2025-05-03 23:52:47,532] Trial 8 finished with value: 0.8123905346703274 and parameters: {'n_estimators': 88, 'max_depth': 6, 'min_samples_split': 8, 'min_samples_leaf': 1}. Best is trial 0 with value: 0.8168320764488411.
[I 2025-05-03 23:52:48,433] Trial 9 finished with value: 0.8120861989082518 and parameters: {'n_estimators': 111, 'max_depth': 6, 'min_samples_split': 8, 'min_samples_leaf': 1}. Best is trial 0 with value: 0.8168320764488411.
[I 2025-05-03 23:52:48,893] Trial 10 finished with value: 0.8066092061357638 and parameters: {'n_estimators': 50, 'max_depth': 9, 'min_samples_split': 5, 'min_samples_leaf': 3}. Best is trial 0 with value: 0.8168320764488411.
[I 2025-05-03 23:52:49,640] Trial 11 finished with value: 0.8184071462421979 and parameters: {'n_estimators': 86, 'max_depth': 8, 'min_samples_split': 6, 'min_samples_leaf': 2}. Best is trial 11 with value: 0.8184071462421979.
[I 2025-05-03 23:52:50,121] Trial 12 finished with value: 0.8177741728116553 and parameters: {'n_estimators': 52, 'max_depth': 9, 'min_samples_split': 2, 'min_samples_leaf': 2}. Best is trial 11 with value: 0.8184071462421979.
[I 2025-05-03 23:52:50,855] Trial 13 finished with value: 0.8204206125899121 and parameters: {'n_estimators': 85, 'max_depth': 10, 'min_samples_split': 2, 'min_samples_leaf': 2}. Best is trial 13 with value: 0.8204206125899121.
[I 2025-05-03 23:52:51,804] Trial 14 finished with value: 0.8149843964948432 and parameters: {'n_estimators': 111, 'max_depth': 10, 'min_samples_split': 2, 'min_samples_leaf': 3}. Best is trial 13 with value: 0.8204206125899121.
[I 2025-05-03 23:52:52,552] Trial 15 finished with value: 0.8173438144830433 and parameters: {'n_estimators': 87, 'max_depth': 8, 'min_samples_split': 4, 'min_samples_leaf': 2}. Best is trial 13 with value: 0.8204206125899121.
[I 2025-05-03 23:52:53,518] Trial 16 finished with value: 0.8165529559424581 and parameters: {'n_estimators': 109, 'max_depth': 10, 'min_samples_split': 6, 'min_samples_leaf': 3}. Best is trial 13 with value: 0.8204206125899121.
[I 2025-05-03 23:52:54,289] Trial 17 finished with value: 0.8126496918962912 and parameters: {'n_estimators': 77, 'max_depth': 7, 'min_samples_split': 3, 'min_samples_leaf': 4}. Best is trial 13 with value: 0.8204206125899121.
[I 2025-05-03 23:52:55,323] Trial 18 finished with value: 0.8138837701337702 and parameters: {'n_estimators': 129, 'max_depth': 8, 'min_samples_split': 7, 'min_samples_leaf': 1}. Best is trial 13 with value: 0.8204206125899121.
[I 2025-05-03 23:52:56,206] Trial 19 finished with value: 0.8255193138970971 and parameters: {'n_estimators': 100, 'max_depth': 9, 'min_samples_split': 4, 'min_samples_leaf': 2}. Best is trial 19 with value: 0.8255193138970971.
[I 2025-05-03 23:52:57,657] Trial 20 finished with value: 0.8086588170621783 and parameters: {'n_estimators': 102, 'max_depth': 10, 'min_samples_split': 3, 'min_samples_leaf': 1}. Best is trial 19 with value: 0.8255193138970971.
[I 2025-05-03 23:52:58,366] Trial 21 finished with value: 0.8205649216208223 and parameters: {'n_estimators': 78, 'max_depth': 9, 'min_samples_split': 4, 'min_samples_leaf': 2}. Best is trial 19 with value: 0.8255193138970971.
[I 2025-05-03 23:52:58,990] Trial 22 finished with value: 0.8183870488085945 and parameters: {'n_estimators': 71, 'max_depth': 9, 'min_samples_split': 4, 'min_samples_leaf': 2}. Best is trial 19 with value: 0.8255193138970971.
[I 2025-05-03 23:52:59,912] Trial 23 finished with value: 0.8137708060505987 and parameters: {'n_estimators': 101, 'max_depth': 7, 'min_samples_split': 2, 'min_samples_leaf': 2}. Best is trial 19 with value: 0.8255193138970971.
[I 2025-05-03 23:53:00,928] Trial 24 finished with value: 0.8151533534671342 and parameters: {'n_estimators': 121, 'max_depth': 9, 'min_samples_split': 5, 'min_samples_leaf': 3}. Best is trial 19 with value: 0.8255193138970971.
[I 2025-05-03 23:53:01,902] Trial 25 finished with value: 0.809475536103155 and parameters: {'n_estimators': 80, 'max_depth': 10, 'min_samples_split': 3, 'min_samples_leaf': 3}. Best is trial 19 with value: 0.8255193138970971.
[I 2025-05-03 23:53:02,748] Trial 26 finished with value: 0.8132011118100642 and parameters: {'n_estimators': 97, 'max_depth': 7, 'min_samples_split': 4, 'min_samples_leaf': 2}. Best is trial 19 with value: 0.8255193138970971.
[I 2025-05-03 23:53:03,282] Trial 27 finished with value: 0.8127586915075943 and parameters: {'n_estimators': 58, 'max_depth': 9, 'min_samples_split': 2, 'min_samples_leaf': 1}. Best is trial 19 with value: 0.8255193138970971.
[I 2025-05-03 23:53:04,302] Trial 28 finished with value: 0.8171439590365089 and parameters: {'n_estimators': 118, 'max_depth': 10, 'min_samples_split': 3, 'min_samples_leaf': 2}. Best is trial 19 with value: 0.8255193138970971.
[I 2025-05-03 23:53:04,998] Trial 29 finished with value: 0.8182617670089664 and parameters: {'n_estimators': 67, 'max_depth': 8, 'min_samples_split': 5, 'min_samples_leaf': 2}. Best is trial 19 with value: 0.8255193138970971.
[I 2025-05-03 23:53:05,695] Trial 30 finished with value: 0.8108033832380711 and parameters: {'n_estimators': 78, 'max_depth': 7, 'min_samples_split': 5, 'min_samples_leaf': 3}. Best is trial 19 with value: 0.8255193138970971.
[I 2025-05-03 23:53:06,399] Trial 31 finished with value: 0.8169907007957051 and parameters: {'n_estimators': 82, 'max_depth': 8, 'min_samples_split': 7, 'min_samples_leaf': 2}. Best is trial 19 with value: 0.8255193138970971.
[I 2025-05-03 23:53:07,231] Trial 32 finished with value: 0.8237811791383219 and parameters: {'n_estimators': 92, 'max_depth': 9, 'min_samples_split': 6, 'min_samples_leaf': 2}. Best is trial 19 with value: 0.8255193138970971.
[I 2025-05-03 23:53:08,043] Trial 33 finished with value: 0.8255193138970971 and parameters: {'n_estimators': 94, 'max_depth': 9, 'min_samples_split': 4, 'min_samples_leaf': 2}. Best is trial 19 with value: 0.8255193138970971.
[I 2025-05-03 23:53:08,894] Trial 34 finished with value: 0.8145060966543824 and parameters: {'n_estimators': 96, 'max_depth': 9, 'min_samples_split': 6, 'min_samples_leaf': 1}. Best is trial 19 with value: 0.8255193138970971.
[I 2025-05-03 23:53:10,134] Trial 35 finished with value: 0.8161121783972881 and parameters: {'n_estimators': 146, 'max_depth': 9, 'min_samples_split': 4, 'min_samples_leaf': 5}. Best is trial 19 with value: 0.8255193138970971.
[I 2025-05-03 23:53:10,728] Trial 36 finished with value: 0.8248052549954216 and parameters: {'n_estimators': 62, 'max_depth': 8, 'min_samples_split': 4, 'min_samples_leaf': 2}. Best is trial 19 with value: 0.8255193138970971.
[I 2025-05-03 23:53:12,041] Trial 37 finished with value: 0.8202980015134945 and parameters: {'n_estimators': 135, 'max_depth': 8, 'min_samples_split': 5, 'min_samples_leaf': 3}. Best is trial 19 with value: 0.8255193138970971.
[I 2025-05-03 23:53:12,669] Trial 38 finished with value: 0.8088850487997172 and parameters: {'n_estimators': 60, 'max_depth': 5, 'min_samples_split': 4, 'min_samples_leaf': 1}. Best is trial 19 with value: 0.8255193138970971.
[I 2025-05-03 23:53:13,567] Trial 39 finished with value: 0.8070940784508623 and parameters: {'n_estimators': 107, 'max_depth': 7, 'min_samples_split': 6, 'min_samples_leaf': 4}. Best is trial 19 with value: 0.8255193138970971.
[I 2025-05-03 23:53:14,386] Trial 40 finished with value: 0.812862457853738 and parameters: {'n_estimators': 95, 'max_depth': 8, 'min_samples_split': 10, 'min_samples_leaf': 2}. Best is trial 19 with value: 0.8255193138970971.
[I 2025-05-03 23:53:15,084] Trial 41 finished with value: 0.819848246991104 and parameters: {'n_estimators': 72, 'max_depth': 9, 'min_samples_split': 4, 'min_samples_leaf': 2}. Best is trial 19 with value: 0.8255193138970971.
[I 2025-05-03 23:53:15,781] Trial 42 finished with value: 0.8211929762304587 and parameters: {'n_estimators': 63, 'max_depth': 9, 'min_samples_split': 3, 'min_samples_leaf': 2}. Best is trial 19 with value: 0.8255193138970971.
[I 2025-05-03 23:53:16,363] Trial 43 finished with value: 0.8179959261419905 and parameters: {'n_estimators': 63, 'max_depth': 10, 'min_samples_split': 3, 'min_samples_leaf': 2}. Best is trial 19 with value: 0.8255193138970971.
[I 2025-05-03 23:53:16,923] Trial 44 finished with value: 0.8160640953529911 and parameters: {'n_estimators': 57, 'max_depth': 8, 'min_samples_split': 5, 'min_samples_leaf': 2}. Best is trial 19 with value: 0.8255193138970971.
[I 2025-05-03 23:53:18,218] Trial 45 finished with value: 0.7741502655420182 and parameters: {'n_estimators': 166, 'max_depth': 2, 'min_samples_split': 8, 'min_samples_leaf': 1}. Best is trial 19 with value: 0.8255193138970971.
[I 2025-05-03 23:53:19,044] Trial 46 finished with value: 0.8066704870147959 and parameters: {'n_estimators': 90, 'max_depth': 9, 'min_samples_split': 3, 'min_samples_leaf': 3}. Best is trial 19 with value: 0.8255193138970971.
[I 2025-05-03 23:53:20,723] Trial 47 finished with value: 0.8124094202898551 and parameters: {'n_estimators': 200, 'max_depth': 5, 'min_samples_split': 7, 'min_samples_leaf': 2}. Best is trial 19 with value: 0.8255193138970971.
[I 2025-05-03 23:53:21,328] Trial 48 finished with value: 0.8170003588385822 and parameters: {'n_estimators': 67, 'max_depth': 6, 'min_samples_split': 4, 'min_samples_leaf': 3}. Best is trial 19 with value: 0.8255193138970971.
[I 2025-05-03 23:53:21,817] Trial 49 finished with value: 0.8144509992225729 and parameters: {'n_estimators': 53, 'max_depth': 9, 'min_samples_split': 3, 'min_samples_leaf': 1}. Best is trial 19 with value: 0.8255193138970971.
[I 2025-05-03 23:53:22,517] Trial 50 finished with value: 0.8239368971327735 and parameters: {'n_estimators': 74, 'max_depth': 10, 'min_samples_split': 6, 'min_samples_leaf': 2}. Best is trial 19 with value: 0.8255193138970971.
[I 2025-05-03 23:53:23,165] Trial 51 finished with value: 0.8224037224037225 and parameters: {'n_estimators': 73, 'max_depth': 10, 'min_samples_split': 6, 'min_samples_leaf': 2}. Best is trial 19 with value: 0.8255193138970971.
[I 2025-05-03 23:53:23,843] Trial 52 finished with value: 0.8239368971327735 and parameters: {'n_estimators': 74, 'max_depth': 10, 'min_samples_split': 6, 'min_samples_leaf': 2}. Best is trial 19 with value: 0.8255193138970971.
[I 2025-05-03 23:53:24,642] Trial 53 finished with value: 0.8155160395998093 and parameters: {'n_estimators': 90, 'max_depth': 10, 'min_samples_split': 7, 'min_samples_leaf': 2}. Best is trial 19 with value: 0.8255193138970971.
[I 2025-05-03 23:53:25,504] Trial 54 finished with value: 0.8204361315560952 and parameters: {'n_estimators': 103, 'max_depth': 10, 'min_samples_split': 6, 'min_samples_leaf': 2}. Best is trial 19 with value: 0.8255193138970971.
[I 2025-05-03 23:53:26,208] Trial 55 finished with value: 0.8116150719974629 and parameters: {'n_estimators': 85, 'max_depth': 10, 'min_samples_split': 8, 'min_samples_leaf': 2}. Best is trial 19 with value: 0.8255193138970971.
[I 2025-05-03 23:53:27,215] Trial 56 finished with value: 0.8092166504368633 and parameters: {'n_estimators': 115, 'max_depth': 10, 'min_samples_split': 9, 'min_samples_leaf': 1}. Best is trial 19 with value: 0.8255193138970971.
[I 2025-05-03 23:53:27,851] Trial 57 finished with value: 0.8117479518689197 and parameters: {'n_estimators': 75, 'max_depth': 9, 'min_samples_split': 6, 'min_samples_leaf': 3}. Best is trial 19 with value: 0.8255193138970971.
[I 2025-05-03 23:53:28,648] Trial 58 finished with value: 0.813221007893139 and parameters: {'n_estimators': 92, 'max_depth': 8, 'min_samples_split': 5, 'min_samples_leaf': 2}. Best is trial 19 with value: 0.8255193138970971.
[I 2025-05-03 23:53:29,404] Trial 59 finished with value: 0.8129348019604089 and parameters: {'n_estimators': 83, 'max_depth': 9, 'min_samples_split': 7, 'min_samples_leaf': 3}. Best is trial 19 with value: 0.8255193138970971.
[I 2025-05-03 23:53:30,745] Trial 60 finished with value: 0.8174675398683183 and parameters: {'n_estimators': 127, 'max_depth': 10, 'min_samples_split': 6, 'min_samples_leaf': 2}. Best is trial 19 with value: 0.8255193138970971.
[I 2025-05-03 23:53:31,412] Trial 61 finished with value: 0.8210742566072516 and parameters: {'n_estimators': 72, 'max_depth': 10, 'min_samples_split': 6, 'min_samples_leaf': 2}. Best is trial 19 with value: 0.8255193138970971.
[I 2025-05-03 23:53:32,084] Trial 62 finished with value: 0.8214787234965848 and parameters: {'n_estimators': 65, 'max_depth': 10, 'min_samples_split': 5, 'min_samples_leaf': 2}. Best is trial 19 with value: 0.8255193138970971.
[I 2025-05-03 23:53:32,754] Trial 63 finished with value: 0.8188752651598273 and parameters: {'n_estimators': 75, 'max_depth': 9, 'min_samples_split': 6, 'min_samples_leaf': 2}. Best is trial 19 with value: 0.8255193138970971.
[I 2025-05-03 23:53:33,334] Trial 64 finished with value: 0.8120879809543092 and parameters: {'n_estimators': 50, 'max_depth': 10, 'min_samples_split': 7, 'min_samples_leaf': 2}. Best is trial 19 with value: 0.8255193138970971.
[I 2025-05-03 23:53:34,499] Trial 65 finished with value: 0.8219289403869641 and parameters: {'n_estimators': 99, 'max_depth': 9, 'min_samples_split': 5, 'min_samples_leaf': 2}. Best is trial 19 with value: 0.8255193138970971.
[I 2025-05-03 23:53:35,338] Trial 66 finished with value: 0.8073109364927205 and parameters: {'n_estimators': 82, 'max_depth': 10, 'min_samples_split': 5, 'min_samples_leaf': 1}. Best is trial 19 with value: 0.8255193138970971.
[I 2025-05-03 23:53:36,273] Trial 67 finished with value: 0.812248366811529 and parameters: {'n_estimators': 69, 'max_depth': 9, 'min_samples_split': 6, 'min_samples_leaf': 2}. Best is trial 19 with value: 0.8255193138970971.
[I 2025-05-03 23:53:37,369] Trial 68 finished with value: 0.8201554404145078 and parameters: {'n_estimators': 107, 'max_depth': 10, 'min_samples_split': 4, 'min_samples_leaf': 2}. Best is trial 19 with value: 0.8255193138970971.
[I 2025-05-03 23:53:38,343] Trial 69 finished with value: 0.8122768389527718 and parameters: {'n_estimators': 57, 'max_depth': 8, 'min_samples_split': 6, 'min_samples_leaf': 4}. Best is trial 19 with value: 0.8255193138970971.
[I 2025-05-03 23:53:39,127] Trial 70 finished with value: 0.8210058063693114 and parameters: {'n_estimators': 88, 'max_depth': 9, 'min_samples_split': 7, 'min_samples_leaf': 1}. Best is trial 19 with value: 0.8255193138970971.
[I 2025-05-03 23:53:39,971] Trial 71 finished with value: 0.8205330648873802 and parameters: {'n_estimators': 95, 'max_depth': 9, 'min_samples_split': 5, 'min_samples_leaf': 2}. Best is trial 19 with value: 0.8255193138970971.
[I 2025-05-03 23:53:40,825] Trial 72 finished with value: 0.813221007893139 and parameters: {'n_estimators': 99, 'max_depth': 8, 'min_samples_split': 5, 'min_samples_leaf': 2}. Best is trial 19 with value: 0.8255193138970971.
[I 2025-05-03 23:53:41,682] Trial 73 finished with value: 0.8034137402558454 and parameters: {'n_estimators': 104, 'max_depth': 4, 'min_samples_split': 4, 'min_samples_leaf': 2}. Best is trial 19 with value: 0.8255193138970971.
[I 2025-05-03 23:53:42,667] Trial 74 finished with value: 0.818948366714196 and parameters: {'n_estimators': 112, 'max_depth': 9, 'min_samples_split': 5, 'min_samples_leaf': 2}. Best is trial 19 with value: 0.8255193138970971.
[I 2025-05-03 23:53:43,350] Trial 75 finished with value: 0.8192690223190485 and parameters: {'n_estimators': 77, 'max_depth': 10, 'min_samples_split': 6, 'min_samples_leaf': 2}. Best is trial 19 with value: 0.8255193138970971.
[I 2025-05-03 23:53:44,365] Trial 76 finished with value: 0.8169417332150252 and parameters: {'n_estimators': 123, 'max_depth': 9, 'min_samples_split': 4, 'min_samples_leaf': 2}. Best is trial 19 with value: 0.8255193138970971.
[I 2025-05-03 23:53:45,147] Trial 77 finished with value: 0.8138202252304527 and parameters: {'n_estimators': 80, 'max_depth': 8, 'min_samples_split': 6, 'min_samples_leaf': 3}. Best is trial 19 with value: 0.8255193138970971.
[I 2025-05-03 23:53:45,887] Trial 78 finished with value: 0.8184868441586817 and parameters: {'n_estimators': 86, 'max_depth': 10, 'min_samples_split': 4, 'min_samples_leaf': 2}. Best is trial 19 with value: 0.8255193138970971.
[I 2025-05-03 23:53:46,521] Trial 79 finished with value: 0.8199223068877931 and parameters: {'n_estimators': 72, 'max_depth': 9, 'min_samples_split': 5, 'min_samples_leaf': 2}. Best is trial 19 with value: 0.8255193138970971.
[I 2025-05-03 23:53:47,120] Trial 80 finished with value: 0.817209611881743 and parameters: {'n_estimators': 61, 'max_depth': 10, 'min_samples_split': 5, 'min_samples_leaf': 3}. Best is trial 19 with value: 0.8255193138970971.
[I 2025-05-03 23:53:47,709] Trial 81 finished with value: 0.8195259042033235 and parameters: {'n_estimators': 66, 'max_depth': 10, 'min_samples_split': 5, 'min_samples_leaf': 2}. Best is trial 19 with value: 0.8255193138970971.
[I 2025-05-03 23:53:48,298] Trial 82 finished with value: 0.8179959261419905 and parameters: {'n_estimators': 65, 'max_depth': 10, 'min_samples_split': 4, 'min_samples_leaf': 2}. Best is trial 19 with value: 0.8255193138970971.
[I 2025-05-03 23:53:48,883] Trial 83 finished with value: 0.8129734017689493 and parameters: {'n_estimators': 55, 'max_depth': 10, 'min_samples_split': 6, 'min_samples_leaf': 2}. Best is trial 19 with value: 0.8255193138970971.
[I 2025-05-03 23:53:49,740] Trial 84 finished with value: 0.8219289403869641 and parameters: {'n_estimators': 99, 'max_depth': 9, 'min_samples_split': 5, 'min_samples_leaf': 2}. Best is trial 19 with value: 0.8255193138970971.
[I 2025-05-03 23:53:50,589] Trial 85 finished with value: 0.8255193138970971 and parameters: {'n_estimators': 98, 'max_depth': 9, 'min_samples_split': 4, 'min_samples_leaf': 2}. Best is trial 19 with value: 0.8255193138970971.
[I 2025-05-03 23:53:51,419] Trial 86 finished with value: 0.81600867781645 and parameters: {'n_estimators': 91, 'max_depth': 8, 'min_samples_split': 4, 'min_samples_leaf': 2}. Best is trial 19 with value: 0.8255193138970971.
[I 2025-05-03 23:53:52,235] Trial 87 finished with value: 0.8255193138970971 and parameters: {'n_estimators': 94, 'max_depth': 9, 'min_samples_split': 3, 'min_samples_leaf': 2}. Best is trial 19 with value: 0.8255193138970971.
