[I 2025-05-03 23:56:46,950] Trial 280 finished with value: 0.8255193138970971 and parameters: {'n_estimators': 93, 'max_depth': 9, 'min_samples_split': 4, 'min_samples_leaf': 2}. Best is trial 137 with value: 0.827017243230078.
[I 2025-05-03 23:56:47,817] Trial 281 finished with value: 0.8130065709161253 and parameters: {'n_estimators': 95, 'max_depth': 8, 'min_samples_split': 4, 'min_samples_leaf': 2}. Best is trial 137 with value: 0.827017243230078.
[I 2025-05-03 23:56:48,562] Trial 282 finished with value: 0.8220300360581391 and parameters: {'n_estimators': 81, 'max_depth': 9, 'min_samples_split': 4, 'min_samples_leaf': 2}. Best is trial 137 with value: 0.827017243230078.
[I 2025-05-03 23:56:49,370] Trial 283 finished with value: 0.8235126803979264 and parameters: {'n_estimators': 90, 'max_depth': 9, 'min_samples_split': 4, 'min_samples_leaf': 2}. Best is trial 137 with value: 0.827017243230078.
[I 2025-05-03 23:56:50,174] Trial 284 finished with value: 0.8199223068877931 and parameters: {'n_estimators': 86, 'max_depth': 9, 'min_samples_split': 5, 'min_samples_leaf': 2}. Best is trial 137 with value: 0.827017243230078.
[I 2025-05-03 23:56:51,379] Trial 285 finished with value: 0.8154741411020378 and parameters: {'n_estimators': 129, 'max_depth': 9, 'min_samples_split': 4, 'min_samples_leaf': 2}. Best is trial 137 with value: 0.827017243230078.
[I 2025-05-03 23:56:52,357] Trial 286 finished with value: 0.8240541994597802 and parameters: {'n_estimators': 96, 'max_depth': 9, 'min_samples_split': 4, 'min_samples_leaf': 2}. Best is trial 137 with value: 0.827017243230078.
[I 2025-05-03 23:56:53,219] Trial 287 finished with value: 0.8255193138970971 and parameters: {'n_estimators': 93, 'max_depth': 9, 'min_samples_split': 4, 'min_samples_leaf': 2}. Best is trial 137 with value: 0.827017243230078.
[I 2025-05-03 23:56:54,039] Trial 288 finished with value: 0.8235126803979264 and parameters: {'n_estimators': 91, 'max_depth': 9, 'min_samples_split': 4, 'min_samples_leaf': 2}. Best is trial 137 with value: 0.827017243230078.
[I 2025-05-03 23:56:54,869] Trial 289 finished with value: 0.8240541994597802 and parameters: {'n_estimators': 96, 'max_depth': 9, 'min_samples_split': 4, 'min_samples_leaf': 2}. Best is trial 137 with value: 0.827017243230078.
[I 2025-05-03 23:56:55,676] Trial 290 finished with value: 0.8221063738651679 and parameters: {'n_estimators': 88, 'max_depth': 10, 'min_samples_split': 4, 'min_samples_leaf': 2}. Best is trial 137 with value: 0.827017243230078.
[I 2025-05-03 23:56:56,499] Trial 291 finished with value: 0.8255193138970971 and parameters: {'n_estimators': 93, 'max_depth': 9, 'min_samples_split': 4, 'min_samples_leaf': 2}. Best is trial 137 with value: 0.827017243230078.
[I 2025-05-03 23:56:57,378] Trial 292 finished with value: 0.8233375248300622 and parameters: {'n_estimators': 97, 'max_depth': 9, 'min_samples_split': 2, 'min_samples_leaf': 2}. Best is trial 137 with value: 0.827017243230078.
[I 2025-05-03 23:56:58,680] Trial 293 finished with value: 0.8066657705003383 and parameters: {'n_estimators': 139, 'max_depth': 8, 'min_samples_split': 5, 'min_samples_leaf': 2}. Best is trial 137 with value: 0.827017243230078.
[I 2025-05-03 23:56:59,553] Trial 294 finished with value: 0.8186121908015577 and parameters: {'n_estimators': 90, 'max_depth': 9, 'min_samples_split': 5, 'min_samples_leaf': 2}. Best is trial 137 with value: 0.827017243230078.
[I 2025-05-03 23:57:00,437] Trial 295 finished with value: 0.8255193138970971 and parameters: {'n_estimators': 94, 'max_depth': 9, 'min_samples_split': 4, 'min_samples_leaf': 2}. Best is trial 137 with value: 0.827017243230078.
[I 2025-05-03 23:57:01,229] Trial 296 finished with value: 0.8215277777777779 and parameters: {'n_estimators': 84, 'max_depth': 6, 'min_samples_split': 2, 'min_samples_leaf': 2}. Best is trial 137 with value: 0.827017243230078.
[I 2025-05-03 23:57:02,105] Trial 297 finished with value: 0.8152410941303149 and parameters: {'n_estimators': 99, 'max_depth': 9, 'min_samples_split': 4, 'min_samples_leaf': 1}. Best is trial 137 with value: 0.827017243230078.
[I 2025-05-03 23:57:02,918] Trial 298 finished with value: 0.827017243230078 and parameters: {'n_estimators': 92, 'max_depth': 9, 'min_samples_split': 2, 'min_samples_leaf': 2}. Best is trial 137 with value: 0.827017243230078.
[I 2025-05-03 23:57:03,785] Trial 299 finished with value: 0.8235126803979264 and parameters: {'n_estimators': 87, 'max_depth': 9, 'min_samples_split': 2, 'min_samples_leaf': 2}. Best is trial 137 with value: 0.827017243230078.
[I 2025-05-03 23:57:04,613] Trial 300 finished with value: 0.8235126803979264 and parameters: {'n_estimators': 91, 'max_depth': 9, 'min_samples_split': 2, 'min_samples_leaf': 2}. Best is trial 137 with value: 0.827017243230078.
[I 2025-05-03 23:57:05,438] Trial 301 finished with value: 0.8255193138970971 and parameters: {'n_estimators': 93, 'max_depth': 9, 'min_samples_split': 2, 'min_samples_leaf': 2}. Best is trial 137 with value: 0.827017243230078.
[I 2025-05-03 23:57:06,262] Trial 302 finished with value: 0.8235126803979264 and parameters: {'n_estimators': 89, 'max_depth': 9, 'min_samples_split': 2, 'min_samples_leaf': 2}. Best is trial 137 with value: 0.827017243230078.
[I 2025-05-03 23:57:07,124] Trial 303 finished with value: 0.8240541994597802 and parameters: {'n_estimators': 96, 'max_depth': 9, 'min_samples_split': 2, 'min_samples_leaf': 2}. Best is trial 137 with value: 0.827017243230078.
[I 2025-05-03 23:57:07,950] Trial 304 finished with value: 0.8144240890595614 and parameters: {'n_estimators': 92, 'max_depth': 10, 'min_samples_split': 2, 'min_samples_leaf': 2}. Best is trial 137 with value: 0.827017243230078.
[I 2025-05-03 23:57:08,758] Trial 305 finished with value: 0.8235126803979264 and parameters: {'n_estimators': 86, 'max_depth': 9, 'min_samples_split': 4, 'min_samples_leaf': 2}. Best is trial 137 with value: 0.827017243230078.
[I 2025-05-03 23:57:09,570] Trial 306 finished with value: 0.8255193138970971 and parameters: {'n_estimators': 95, 'max_depth': 9, 'min_samples_split': 2, 'min_samples_leaf': 2}. Best is trial 137 with value: 0.827017243230078.
[I 2025-05-03 23:57:10,341] Trial 307 finished with value: 0.8235126803979264 and parameters: {'n_estimators': 89, 'max_depth': 9, 'min_samples_split': 4, 'min_samples_leaf': 2}. Best is trial 137 with value: 0.827017243230078.
[I 2025-05-03 23:57:11,108] Trial 308 finished with value: 0.8205649216208223 and parameters: {'n_estimators': 79, 'max_depth': 9, 'min_samples_split': 4, 'min_samples_leaf': 2}. Best is trial 137 with value: 0.827017243230078.
[I 2025-05-03 23:57:11,921] Trial 309 finished with value: 0.827017243230078 and parameters: {'n_estimators': 92, 'max_depth': 9, 'min_samples_split': 2, 'min_samples_leaf': 2}. Best is trial 137 with value: 0.827017243230078.
[I 2025-05-03 23:57:12,738] Trial 310 finished with value: 0.827017243230078 and parameters: {'n_estimators': 92, 'max_depth': 9, 'min_samples_split': 2, 'min_samples_leaf': 2}. Best is trial 137 with value: 0.827017243230078.
[I 2025-05-03 23:57:13,499] Trial 311 finished with value: 0.8102547164054769 and parameters: {'n_estimators': 83, 'max_depth': 9, 'min_samples_split': 2, 'min_samples_leaf': 3}. Best is trial 137 with value: 0.827017243230078.
[I 2025-05-03 23:57:14,302] Trial 312 finished with value: 0.8235126803979264 and parameters: {'n_estimators': 91, 'max_depth': 9, 'min_samples_split': 2, 'min_samples_leaf': 2}. Best is trial 137 with value: 0.827017243230078.
[I 2025-05-03 23:57:15,206] Trial 313 finished with value: 0.8235126803979264 and parameters: {'n_estimators': 87, 'max_depth': 9, 'min_samples_split': 2, 'min_samples_leaf': 2}. Best is trial 137 with value: 0.827017243230078.
[I 2025-05-03 23:57:16,063] Trial 314 finished with value: 0.8235126803979264 and parameters: {'n_estimators': 91, 'max_depth': 9, 'min_samples_split': 2, 'min_samples_leaf': 2}. Best is trial 137 with value: 0.827017243230078.
[I 2025-05-03 23:57:16,887] Trial 315 finished with value: 0.8130065709161253 and parameters: {'n_estimators': 93, 'max_depth': 8, 'min_samples_split': 2, 'min_samples_leaf': 2}. Best is trial 137 with value: 0.827017243230078.
[I 2025-05-03 23:57:17,658] Trial 316 finished with value: 0.8204206125899121 and parameters: {'n_estimators': 85, 'max_depth': 10, 'min_samples_split': 2, 'min_samples_leaf': 2}. Best is trial 137 with value: 0.827017243230078.
[I 2025-05-03 23:57:18,473] Trial 317 finished with value: 0.8235126803979264 and parameters: {'n_estimators': 89, 'max_depth': 9, 'min_samples_split': 2, 'min_samples_leaf': 2}. Best is trial 137 with value: 0.827017243230078.
[I 2025-05-03 23:57:19,337] Trial 318 finished with value: 0.8233375248300622 and parameters: {'n_estimators': 97, 'max_depth': 9, 'min_samples_split': 2, 'min_samples_leaf': 2}. Best is trial 137 with value: 0.827017243230078.
[I 2025-05-03 23:57:20,392] Trial 319 finished with value: 0.8178055301722679 and parameters: {'n_estimators': 122, 'max_depth': 9, 'min_samples_split': 2, 'min_samples_leaf': 2}. Best is trial 137 with value: 0.827017243230078.
[I 2025-05-03 23:57:22,687] Trial 320 finished with value: 0.8141681995317046 and parameters: {'n_estimators': 200, 'max_depth': 9, 'min_samples_split': 2, 'min_samples_leaf': 2}. Best is trial 137 with value: 0.827017243230078.
[I 2025-05-03 23:57:23,824] Trial 321 finished with value: 0.8255193138970971 and parameters: {'n_estimators': 93, 'max_depth': 9, 'min_samples_split': 2, 'min_samples_leaf': 2}. Best is trial 137 with value: 0.827017243230078.
[I 2025-05-03 23:57:24,697] Trial 322 finished with value: 0.8235126803979264 and parameters: {'n_estimators': 88, 'max_depth': 9, 'min_samples_split': 2, 'min_samples_leaf': 2}. Best is trial 137 with value: 0.827017243230078.
[I 2025-05-03 23:57:25,612] Trial 323 finished with value: 0.8233375248300622 and parameters: {'n_estimators': 97, 'max_depth': 9, 'min_samples_split': 4, 'min_samples_leaf': 2}. Best is trial 137 with value: 0.827017243230078.
[I 2025-05-03 23:57:26,446] Trial 324 finished with value: 0.8255193138970971 and parameters: {'n_estimators': 94, 'max_depth': 9, 'min_samples_split': 4, 'min_samples_leaf': 2}. Best is trial 137 with value: 0.827017243230078.
[I 2025-05-03 23:57:27,241] Trial 325 finished with value: 0.8235126803979264 and parameters: {'n_estimators': 90, 'max_depth': 9, 'min_samples_split': 2, 'min_samples_leaf': 2}. Best is trial 137 with value: 0.827017243230078.
[I 2025-05-03 23:57:28,426] Trial 326 finished with value: 0.8255193138970971 and parameters: {'n_estimators': 99, 'max_depth': 9, 'min_samples_split': 2, 'min_samples_leaf': 2}. Best is trial 137 with value: 0.827017243230078.
[I 2025-05-03 23:57:29,988] Trial 327 finished with value: 0.8115006352729653 and parameters: {'n_estimators': 171, 'max_depth': 8, 'min_samples_split': 4, 'min_samples_leaf': 2}. Best is trial 137 with value: 0.827017243230078.
[I 2025-05-03 23:57:30,845] Trial 328 finished with value: 0.8255193138970971 and parameters: {'n_estimators': 93, 'max_depth': 9, 'min_samples_split': 2, 'min_samples_leaf': 2}. Best is trial 137 with value: 0.827017243230078.
[I 2025-05-03 23:57:31,661] Trial 329 finished with value: 0.8235126803979264 and parameters: {'n_estimators': 86, 'max_depth': 9, 'min_samples_split': 4, 'min_samples_leaf': 2}. Best is trial 137 with value: 0.827017243230078.
[I 2025-05-03 23:57:32,535] Trial 330 finished with value: 0.8240541994597802 and parameters: {'n_estimators': 96, 'max_depth': 9, 'min_samples_split': 4, 'min_samples_leaf': 2}. Best is trial 137 with value: 0.827017243230078.
[I 2025-05-03 23:57:33,354] Trial 331 finished with value: 0.8194268429645989 and parameters: {'n_estimators': 82, 'max_depth': 7, 'min_samples_split': 2, 'min_samples_leaf': 2}. Best is trial 137 with value: 0.827017243230078.
[I 2025-05-03 23:57:34,626] Trial 332 finished with value: 0.8235126803979264 and parameters: {'n_estimators': 91, 'max_depth': 9, 'min_samples_split': 4, 'min_samples_leaf': 2}. Best is trial 137 with value: 0.827017243230078.
[I 2025-05-03 23:57:35,613] Trial 333 finished with value: 0.8179815273710295 and parameters: {'n_estimators': 100, 'max_depth': 10, 'min_samples_split': 2, 'min_samples_leaf': 2}. Best is trial 137 with value: 0.827017243230078.
[I 2025-05-03 23:57:36,436] Trial 334 finished with value: 0.8205330648873802 and parameters: {'n_estimators': 95, 'max_depth': 9, 'min_samples_split': 5, 'min_samples_leaf': 2}. Best is trial 137 with value: 0.827017243230078.
[I 2025-05-03 23:57:37,242] Trial 335 finished with value: 0.8235126803979264 and parameters: {'n_estimators': 89, 'max_depth': 9, 'min_samples_split': 4, 'min_samples_leaf': 2}. Best is trial 137 with value: 0.827017243230078.
[I 2025-05-03 23:57:38,035] Trial 336 finished with value: 0.8095586658086659 and parameters: {'n_estimators': 92, 'max_depth': 9, 'min_samples_split': 2, 'min_samples_leaf': 3}. Best is trial 137 with value: 0.827017243230078.
[I 2025-05-03 23:57:39,152] Trial 337 finished with value: 0.8233375248300622 and parameters: {'n_estimators': 97, 'max_depth': 9, 'min_samples_split': 4, 'min_samples_leaf': 2}. Best is trial 137 with value: 0.827017243230078.
[I 2025-05-03 23:57:40,408] Trial 338 finished with value: 0.8220475659606095 and parameters: {'n_estimators': 101, 'max_depth': 9, 'min_samples_split': 2, 'min_samples_leaf': 2}. Best is trial 137 with value: 0.827017243230078.
[I 2025-05-03 23:57:41,228] Trial 339 finished with value: 0.8235126803979264 and parameters: {'n_estimators': 87, 'max_depth': 9, 'min_samples_split': 4, 'min_samples_leaf': 2}. Best is trial 137 with value: 0.827017243230078.
[I 2025-05-03 23:57:42,012] Trial 340 finished with value: 0.7907463355553648 and parameters: {'n_estimators': 93, 'max_depth': 3, 'min_samples_split': 2, 'min_samples_leaf': 2}. Best is trial 137 with value: 0.827017243230078.
[I 2025-05-03 23:57:42,768] Trial 341 finished with value: 0.7813157872124696 and parameters: {'n_estimators': 90, 'max_depth': 2, 'min_samples_split': 5, 'min_samples_leaf': 2}. Best is trial 137 with value: 0.827017243230078.
[I 2025-05-03 23:57:43,709] Trial 342 finished with value: 0.8130065709161253 and parameters: {'n_estimators': 95, 'max_depth': 8, 'min_samples_split': 2, 'min_samples_leaf': 2}. Best is trial 137 with value: 0.827017243230078.
[I 2025-05-03 23:57:44,581] Trial 343 finished with value: 0.8255193138970971 and parameters: {'n_estimators': 99, 'max_depth': 9, 'min_samples_split': 3, 'min_samples_leaf': 2}. Best is trial 137 with value: 0.827017243230078.
[I 2025-05-03 23:57:45,392] Trial 344 finished with value: 0.8235126803979264 and parameters: {'n_estimators': 85, 'max_depth': 9, 'min_samples_split': 4, 'min_samples_leaf': 2}. Best is trial 137 with value: 0.827017243230078.
[I 2025-05-03 23:57:46,214] Trial 345 finished with value: 0.8063927001349686 and parameters: {'n_estimators': 92, 'max_depth': 10, 'min_samples_split': 3, 'min_samples_leaf': 1}. Best is trial 137 with value: 0.827017243230078.
[I 2025-05-03 23:57:47,035] Trial 346 finished with value: 0.8240541994597802 and parameters: {'n_estimators': 96, 'max_depth': 9, 'min_samples_split': 3, 'min_samples_leaf': 2}. Best is trial 137 with value: 0.827017243230078.
[I 2025-05-03 23:57:47,957] Trial 347 finished with value: 0.8220475659606095 and parameters: {'n_estimators': 103, 'max_depth': 9, 'min_samples_split': 2, 'min_samples_leaf': 2}. Best is trial 137 with value: 0.827017243230078.
[I 2025-05-03 23:57:48,976] Trial 348 finished with value: 0.8235126803979264 and parameters: {'n_estimators': 89, 'max_depth': 9, 'min_samples_split': 4, 'min_samples_leaf': 2}. Best is trial 137 with value: 0.827017243230078.
[I 2025-05-03 23:57:49,863] Trial 349 finished with value: 0.8150166211673816 and parameters: {'n_estimators': 94, 'max_depth': 8, 'min_samples_split': 2, 'min_samples_leaf': 2}. Best is trial 137 with value: 0.827017243230078.
[I 2025-05-03 23:57:50,785] Trial 350 finished with value: 0.8255193138970971 and parameters: {'n_estimators': 98, 'max_depth': 9, 'min_samples_split': 3, 'min_samples_leaf': 2}. Best is trial 137 with value: 0.827017243230078.
[I 2025-05-03 23:57:51,561] Trial 351 finished with value: 0.8235126803979264 and parameters: {'n_estimators': 88, 'max_depth': 9, 'min_samples_split': 3, 'min_samples_leaf': 2}. Best is trial 137 with value: 0.827017243230078.
[I 2025-05-03 23:57:52,363] Trial 352 finished with value: 0.827017243230078 and parameters: {'n_estimators': 92, 'max_depth': 9, 'min_samples_split': 4, 'min_samples_leaf': 2}. Best is trial 137 with value: 0.827017243230078.
[I 2025-05-03 23:57:53,166] Trial 353 finished with value: 0.8220300360581391 and parameters: {'n_estimators': 83, 'max_depth': 9, 'min_samples_split': 4, 'min_samples_leaf': 2}. Best is trial 137 with value: 0.827017243230078.
[I 2025-05-03 23:57:54,007] Trial 354 finished with value: 0.8235126803979264 and parameters: {'n_estimators': 91, 'max_depth': 9, 'min_samples_split': 4, 'min_samples_leaf': 2}. Best is trial 137 with value: 0.827017243230078.
[I 2025-05-03 23:57:54,823] Trial 355 finished with value: 0.8204206125899121 and parameters: {'n_estimators': 87, 'max_depth': 10, 'min_samples_split': 4, 'min_samples_leaf': 2}. Best is trial 137 with value: 0.827017243230078.
[I 2025-05-03 23:57:55,678] Trial 356 finished with value: 0.827017243230078 and parameters: {'n_estimators': 92, 'max_depth': 9, 'min_samples_split': 4, 'min_samples_leaf': 2}. Best is trial 137 with value: 0.827017243230078.
[I 2025-05-03 23:57:56,482] Trial 357 finished with value: 0.815227912480081 and parameters: {'n_estimators': 91, 'max_depth': 7, 'min_samples_split': 4, 'min_samples_leaf': 2}. Best is trial 137 with value: 0.827017243230078.
[I 2025-05-03 23:57:57,218] Trial 358 finished with value: 0.7984140870149862 and parameters: {'n_estimators': 85, 'max_depth': 4, 'min_samples_split': 4, 'min_samples_leaf': 3}. Best is trial 137 with value: 0.827017243230078.
[I 2025-05-03 23:57:58,075] Trial 359 finished with value: 0.827017243230078 and parameters: {'n_estimators': 92, 'max_depth': 9, 'min_samples_split': 4, 'min_samples_leaf': 2}. Best is trial 137 with value: 0.827017243230078.
[I 2025-05-03 23:57:58,868] Trial 360 finished with value: 0.8235126803979264 and parameters: {'n_estimators': 89, 'max_depth': 9, 'min_samples_split': 4, 'min_samples_leaf': 2}. Best is trial 137 with value: 0.827017243230078.
[I 2025-05-03 23:57:59,724] Trial 361 finished with value: 0.827017243230078 and parameters: {'n_estimators': 92, 'max_depth': 9, 'min_samples_split': 4, 'min_samples_leaf': 2}. Best is trial 137 with value: 0.827017243230078.
[I 2025-05-03 23:58:01,256] Trial 362 finished with value: 0.8235126803979264 and parameters: {'n_estimators': 87, 'max_depth': 9, 'min_samples_split': 4, 'min_samples_leaf': 2}. Best is trial 137 with value: 0.827017243230078.
[I 2025-05-03 23:58:02,041] Trial 363 finished with value: 0.8220300360581391 and parameters: {'n_estimators': 81, 'max_depth': 9, 'min_samples_split': 4, 'min_samples_leaf': 2}. Best is trial 137 with value: 0.827017243230078.
[I 2025-05-03 23:58:02,834] Trial 364 finished with value: 0.8235126803979264 and parameters: {'n_estimators': 91, 'max_depth': 9, 'min_samples_split': 4, 'min_samples_leaf': 2}. Best is trial 137 with value: 0.827017243230078.
[I 2025-05-03 23:58:03,699] Trial 365 finished with value: 0.8255193138970971 and parameters: {'n_estimators': 93, 'max_depth': 9, 'min_samples_split': 4, 'min_samples_leaf': 2}. Best is trial 137 with value: 0.827017243230078.
[I 2025-05-03 23:58:04,514] Trial 366 finished with value: 0.8235126803979264 and parameters: {'n_estimators': 89, 'max_depth': 9, 'min_samples_split': 4, 'min_samples_leaf': 2}. Best is trial 137 with value: 0.827017243230078.
[I 2025-05-03 23:58:05,322] Trial 367 finished with value: 0.8130065709161253 and parameters: {'n_estimators': 93, 'max_depth': 8, 'min_samples_split': 4, 'min_samples_leaf': 2}. Best is trial 137 with value: 0.827017243230078.
[I 2025-05-03 23:58:06,494] Trial 368 finished with value: 0.8235126803979264 and parameters: {'n_estimators': 85, 'max_depth': 9, 'min_samples_split': 4, 'min_samples_leaf': 2}. Best is trial 137 with value: 0.827017243230078.
[I 2025-05-03 23:58:07,411] Trial 369 finished with value: 0.8235126803979264 and parameters: {'n_estimators': 90, 'max_depth': 9, 'min_samples_split': 4, 'min_samples_leaf': 2}. Best is trial 137 with value: 0.827017243230078.
[I 2025-05-03 23:58:08,401] Trial 370 finished with value: 0.8255193138970971 and parameters: {'n_estimators': 94, 'max_depth': 9, 'min_samples_split': 4, 'min_samples_leaf': 2}. Best is trial 137 with value: 0.827017243230078.
[I 2025-05-03 23:58:09,222] Trial 371 finished with value: 0.8186121908015577 and parameters: {'n_estimators': 87, 'max_depth': 9, 'min_samples_split': 5, 'min_samples_leaf': 2}. Best is trial 137 with value: 0.827017243230078.
[I 2025-05-03 23:58:10,037] Trial 372 finished with value: 0.827017243230078 and parameters: {'n_estimators': 92, 'max_depth': 9, 'min_samples_split': 4, 'min_samples_leaf': 2}. Best is trial 137 with value: 0.827017243230078.
[I 2025-05-03 23:58:10,832] Trial 373 finished with value: 0.8104441622029562 and parameters: {'n_estimators': 91, 'max_depth': 10, 'min_samples_split': 4, 'min_samples_leaf': 5}. Best is trial 137 with value: 0.827017243230078.
[I 2025-05-03 23:58:11,648] Trial 374 finished with value: 0.8220300360581391 and parameters: {'n_estimators': 84, 'max_depth': 9, 'min_samples_split': 4, 'min_samples_leaf': 2}. Best is trial 137 with value: 0.827017243230078.
[I 2025-05-03 23:58:12,508] Trial 375 finished with value: 0.8255193138970971 and parameters: {'n_estimators': 95, 'max_depth': 9, 'min_samples_split': 4, 'min_samples_leaf': 2}. Best is trial 137 with value: 0.827017243230078.
