[I 2025-05-03 23:55:20,033] Trial 184 finished with value: 0.8255193138970971 and parameters: {'n_estimators': 98, 'max_depth': 9, 'min_samples_split': 3, 'min_samples_leaf': 2}. Best is trial 137 with value: 0.827017243230078.
[I 2025-05-03 23:55:20,891] Trial 185 finished with value: 0.8255193138970971 and parameters: {'n_estimators': 94, 'max_depth': 9, 'min_samples_split': 3, 'min_samples_leaf': 2}. Best is trial 137 with value: 0.827017243230078.
[I 2025-05-03 23:55:21,693] Trial 186 finished with value: 0.827017243230078 and parameters: {'n_estimators': 92, 'max_depth': 9, 'min_samples_split': 2, 'min_samples_leaf': 2}. Best is trial 137 with value: 0.827017243230078.
[I 2025-05-03 23:55:22,475] Trial 187 finished with value: 0.827017243230078 and parameters: {'n_estimators': 92, 'max_depth': 9, 'min_samples_split': 2, 'min_samples_leaf': 2}. Best is trial 137 with value: 0.827017243230078.
[I 2025-05-03 23:55:23,218] Trial 188 finished with value: 0.8220300360581391 and parameters: {'n_estimators': 81, 'max_depth': 9, 'min_samples_split': 2, 'min_samples_leaf': 2}. Best is trial 137 with value: 0.827017243230078.
[I 2025-05-03 23:55:24,019] Trial 189 finished with value: 0.8235126803979264 and parameters: {'n_estimators': 88, 'max_depth': 9, 'min_samples_split': 2, 'min_samples_leaf': 2}. Best is trial 137 with value: 0.827017243230078.
[I 2025-05-03 23:55:24,862] Trial 190 finished with value: 0.815914123922918 and parameters: {'n_estimators': 92, 'max_depth': 8, 'min_samples_split': 2, 'min_samples_leaf': 2}. Best is trial 137 with value: 0.827017243230078.
[I 2025-05-03 23:55:25,776] Trial 191 finished with value: 0.8255193138970971 and parameters: {'n_estimators': 95, 'max_depth': 9, 'min_samples_split': 2, 'min_samples_leaf': 2}. Best is trial 137 with value: 0.827017243230078.
[I 2025-05-03 23:55:26,574] Trial 192 finished with value: 0.8235126803979264 and parameters: {'n_estimators': 91, 'max_depth': 9, 'min_samples_split': 2, 'min_samples_leaf': 2}. Best is trial 137 with value: 0.827017243230078.
[I 2025-05-03 23:55:27,373] Trial 193 finished with value: 0.8255193138970971 and parameters: {'n_estimators': 93, 'max_depth': 9, 'min_samples_split': 2, 'min_samples_leaf': 2}. Best is trial 137 with value: 0.827017243230078.
[I 2025-05-03 23:55:28,229] Trial 194 finished with value: 0.8233375248300622 and parameters: {'n_estimators': 97, 'max_depth': 9, 'min_samples_split': 2, 'min_samples_leaf': 2}. Best is trial 137 with value: 0.827017243230078.
[I 2025-05-03 23:55:28,999] Trial 195 finished with value: 0.8235126803979264 and parameters: {'n_estimators': 87, 'max_depth': 9, 'min_samples_split': 2, 'min_samples_leaf': 2}. Best is trial 137 with value: 0.827017243230078.
[I 2025-05-03 23:55:29,937] Trial 196 finished with value: 0.8220475659606095 and parameters: {'n_estimators': 103, 'max_depth': 9, 'min_samples_split': 3, 'min_samples_leaf': 2}. Best is trial 137 with value: 0.827017243230078.
[I 2025-05-03 23:55:30,863] Trial 197 finished with value: 0.8255193138970971 and parameters: {'n_estimators': 100, 'max_depth': 9, 'min_samples_split': 3, 'min_samples_leaf': 2}. Best is trial 137 with value: 0.827017243230078.
[I 2025-05-03 23:55:31,669] Trial 198 finished with value: 0.8235126803979264 and parameters: {'n_estimators': 90, 'max_depth': 9, 'min_samples_split': 2, 'min_samples_leaf': 2}. Best is trial 137 with value: 0.827017243230078.
[I 2025-05-03 23:55:32,497] Trial 199 finished with value: 0.8255193138970971 and parameters: {'n_estimators': 95, 'max_depth': 9, 'min_samples_split': 4, 'min_samples_leaf': 2}. Best is trial 137 with value: 0.827017243230078.
[I 2025-05-03 23:55:33,407] Trial 200 finished with value: 0.8144240890595614 and parameters: {'n_estimators': 92, 'max_depth': 10, 'min_samples_split': 3, 'min_samples_leaf': 2}. Best is trial 137 with value: 0.827017243230078.
[I 2025-05-03 23:55:34,275] Trial 201 finished with value: 0.8255193138970971 and parameters: {'n_estimators': 98, 'max_depth': 9, 'min_samples_split': 3, 'min_samples_leaf': 2}. Best is trial 137 with value: 0.827017243230078.
[I 2025-05-03 23:55:35,107] Trial 202 finished with value: 0.8233375248300622 and parameters: {'n_estimators': 97, 'max_depth': 9, 'min_samples_split': 3, 'min_samples_leaf': 2}. Best is trial 137 with value: 0.827017243230078.
[I 2025-05-03 23:55:36,048] Trial 203 finished with value: 0.8220475659606095 and parameters: {'n_estimators': 101, 'max_depth': 9, 'min_samples_split': 3, 'min_samples_leaf': 2}. Best is trial 137 with value: 0.827017243230078.
[I 2025-05-03 23:55:36,859] Trial 204 finished with value: 0.8091208791208792 and parameters: {'n_estimators': 94, 'max_depth': 9, 'min_samples_split': 10, 'min_samples_leaf': 2}. Best is trial 137 with value: 0.827017243230078.
[I 2025-05-03 23:55:37,763] Trial 205 finished with value: 0.818948366714196 and parameters: {'n_estimators': 105, 'max_depth': 9, 'min_samples_split': 3, 'min_samples_leaf': 2}. Best is trial 137 with value: 0.827017243230078.
[I 2025-05-03 23:55:38,562] Trial 206 finished with value: 0.8068957747115263 and parameters: {'n_estimators': 85, 'max_depth': 9, 'min_samples_split': 9, 'min_samples_leaf': 2}. Best is trial 137 with value: 0.827017243230078.
[I 2025-05-03 23:55:39,339] Trial 207 finished with value: 0.8235126803979264 and parameters: {'n_estimators': 89, 'max_depth': 9, 'min_samples_split': 4, 'min_samples_leaf': 2}. Best is trial 137 with value: 0.827017243230078.
[I 2025-05-03 23:55:40,176] Trial 208 finished with value: 0.8233375248300622 and parameters: {'n_estimators': 97, 'max_depth': 9, 'min_samples_split': 3, 'min_samples_leaf': 2}. Best is trial 137 with value: 0.827017243230078.
[I 2025-05-03 23:55:41,370] Trial 209 finished with value: 0.8255193138970971 and parameters: {'n_estimators': 100, 'max_depth': 9, 'min_samples_split': 2, 'min_samples_leaf': 2}. Best is trial 137 with value: 0.827017243230078.
[I 2025-05-03 23:55:42,639] Trial 210 finished with value: 0.8255193138970971 and parameters: {'n_estimators': 93, 'max_depth': 9, 'min_samples_split': 3, 'min_samples_leaf': 2}. Best is trial 137 with value: 0.827017243230078.
[I 2025-05-03 23:55:43,527] Trial 211 finished with value: 0.8255193138970971 and parameters: {'n_estimators': 95, 'max_depth': 9, 'min_samples_split': 3, 'min_samples_leaf': 2}. Best is trial 137 with value: 0.827017243230078.
[I 2025-05-03 23:55:44,362] Trial 212 finished with value: 0.8235126803979264 and parameters: {'n_estimators': 91, 'max_depth': 9, 'min_samples_split': 3, 'min_samples_leaf': 2}. Best is trial 137 with value: 0.827017243230078.
[I 2025-05-03 23:55:45,978] Trial 213 finished with value: 0.8255193138970971 and parameters: {'n_estimators': 95, 'max_depth': 9, 'min_samples_split': 3, 'min_samples_leaf': 2}. Best is trial 137 with value: 0.827017243230078.
[I 2025-05-03 23:55:46,847] Trial 214 finished with value: 0.8255193138970971 and parameters: {'n_estimators': 99, 'max_depth': 9, 'min_samples_split': 3, 'min_samples_leaf': 2}. Best is trial 137 with value: 0.827017243230078.
[I 2025-05-03 23:55:47,707] Trial 215 finished with value: 0.827017243230078 and parameters: {'n_estimators': 92, 'max_depth': 9, 'min_samples_split': 3, 'min_samples_leaf': 2}. Best is trial 137 with value: 0.827017243230078.
[I 2025-05-03 23:55:48,482] Trial 216 finished with value: 0.8235126803979264 and parameters: {'n_estimators': 88, 'max_depth': 9, 'min_samples_split': 3, 'min_samples_leaf': 2}. Best is trial 137 with value: 0.827017243230078.
[I 2025-05-03 23:55:49,355] Trial 217 finished with value: 0.8220475659606095 and parameters: {'n_estimators': 103, 'max_depth': 9, 'min_samples_split': 3, 'min_samples_leaf': 2}. Best is trial 137 with value: 0.827017243230078.
[I 2025-05-03 23:55:50,267] Trial 218 finished with value: 0.8235126803979264 and parameters: {'n_estimators': 91, 'max_depth': 9, 'min_samples_split': 4, 'min_samples_leaf': 2}. Best is trial 137 with value: 0.827017243230078.
[I 2025-05-03 23:55:51,102] Trial 219 finished with value: 0.8233375248300622 and parameters: {'n_estimators': 97, 'max_depth': 9, 'min_samples_split': 2, 'min_samples_leaf': 2}. Best is trial 137 with value: 0.827017243230078.
[I 2025-05-03 23:55:52,190] Trial 220 finished with value: 0.8255193138970971 and parameters: {'n_estimators': 93, 'max_depth': 9, 'min_samples_split': 3, 'min_samples_leaf': 2}. Best is trial 137 with value: 0.827017243230078.
[I 2025-05-03 23:55:53,095] Trial 221 finished with value: 0.8255193138970971 and parameters: {'n_estimators': 94, 'max_depth': 9, 'min_samples_split': 3, 'min_samples_leaf': 2}. Best is trial 137 with value: 0.827017243230078.
[I 2025-05-03 23:55:53,980] Trial 222 finished with value: 0.8233375248300622 and parameters: {'n_estimators': 97, 'max_depth': 9, 'min_samples_split': 3, 'min_samples_leaf': 2}. Best is trial 137 with value: 0.827017243230078.
[I 2025-05-03 23:55:54,752] Trial 223 finished with value: 0.8235126803979264 and parameters: {'n_estimators': 88, 'max_depth': 9, 'min_samples_split': 3, 'min_samples_leaf': 2}. Best is trial 137 with value: 0.827017243230078.
[I 2025-05-03 23:55:55,574] Trial 224 finished with value: 0.8255193138970971 and parameters: {'n_estimators': 93, 'max_depth': 9, 'min_samples_split': 3, 'min_samples_leaf': 2}. Best is trial 137 with value: 0.827017243230078.
[I 2025-05-03 23:55:56,426] Trial 225 finished with value: 0.8255193138970971 and parameters: {'n_estimators': 100, 'max_depth': 9, 'min_samples_split': 3, 'min_samples_leaf': 2}. Best is trial 137 with value: 0.827017243230078.
[I 2025-05-03 23:55:57,222] Trial 226 finished with value: 0.8235126803979264 and parameters: {'n_estimators': 91, 'max_depth': 9, 'min_samples_split': 3, 'min_samples_leaf': 2}. Best is trial 137 with value: 0.827017243230078.
[I 2025-05-03 23:55:57,946] Trial 227 finished with value: 0.789346539162113 and parameters: {'n_estimators': 85, 'max_depth': 3, 'min_samples_split': 2, 'min_samples_leaf': 2}. Best is trial 137 with value: 0.827017243230078.
[I 2025-05-03 23:55:59,745] Trial 228 finished with value: 0.8121615660325338 and parameters: {'n_estimators': 187, 'max_depth': 9, 'min_samples_split': 4, 'min_samples_leaf': 2}. Best is trial 137 with value: 0.827017243230078.
[I 2025-05-03 23:56:00,638] Trial 229 finished with value: 0.8240541994597802 and parameters: {'n_estimators': 96, 'max_depth': 9, 'min_samples_split': 3, 'min_samples_leaf': 2}. Best is trial 137 with value: 0.827017243230078.
[I 2025-05-03 23:56:01,443] Trial 230 finished with value: 0.8235126803979264 and parameters: {'n_estimators': 90, 'max_depth': 9, 'min_samples_split': 3, 'min_samples_leaf': 2}. Best is trial 137 with value: 0.827017243230078.
[I 2025-05-03 23:56:02,292] Trial 231 finished with value: 0.8255193138970971 and parameters: {'n_estimators': 99, 'max_depth': 9, 'min_samples_split': 3, 'min_samples_leaf': 2}. Best is trial 137 with value: 0.827017243230078.
[I 2025-05-03 23:56:03,149] Trial 232 finished with value: 0.8185714899282739 and parameters: {'n_estimators': 102, 'max_depth': 9, 'min_samples_split': 3, 'min_samples_leaf': 2}. Best is trial 137 with value: 0.827017243230078.
[I 2025-05-03 23:56:04,024] Trial 233 finished with value: 0.8255193138970971 and parameters: {'n_estimators': 95, 'max_depth': 9, 'min_samples_split': 3, 'min_samples_leaf': 2}. Best is trial 137 with value: 0.827017243230078.
[I 2025-05-03 23:56:04,871] Trial 234 finished with value: 0.8255193138970971 and parameters: {'n_estimators': 99, 'max_depth': 9, 'min_samples_split': 3, 'min_samples_leaf': 2}. Best is trial 137 with value: 0.827017243230078.
[I 2025-05-03 23:56:05,686] Trial 235 finished with value: 0.8255193138970971 and parameters: {'n_estimators': 93, 'max_depth': 9, 'min_samples_split': 3, 'min_samples_leaf': 2}. Best is trial 137 with value: 0.827017243230078.
[I 2025-05-03 23:56:06,565] Trial 236 finished with value: 0.8255193138970971 and parameters: {'n_estimators': 98, 'max_depth': 9, 'min_samples_split': 3, 'min_samples_leaf': 2}. Best is trial 137 with value: 0.827017243230078.
[I 2025-05-03 23:56:07,455] Trial 237 finished with value: 0.818948366714196 and parameters: {'n_estimators': 105, 'max_depth': 9, 'min_samples_split': 2, 'min_samples_leaf': 2}. Best is trial 137 with value: 0.827017243230078.
[I 2025-05-03 23:56:08,295] Trial 238 finished with value: 0.8255193138970971 and parameters: {'n_estimators': 95, 'max_depth': 9, 'min_samples_split': 3, 'min_samples_leaf': 2}. Best is trial 137 with value: 0.827017243230078.
[I 2025-05-03 23:56:09,112] Trial 239 finished with value: 0.8235126803979264 and parameters: {'n_estimators': 89, 'max_depth': 9, 'min_samples_split': 4, 'min_samples_leaf': 2}. Best is trial 137 with value: 0.827017243230078.
[I 2025-05-03 23:56:10,426] Trial 240 finished with value: 0.8150055741360088 and parameters: {'n_estimators': 152, 'max_depth': 9, 'min_samples_split': 3, 'min_samples_leaf': 2}. Best is trial 137 with value: 0.827017243230078.
[I 2025-05-03 23:56:11,313] Trial 241 finished with value: 0.8240541994597802 and parameters: {'n_estimators': 96, 'max_depth': 9, 'min_samples_split': 3, 'min_samples_leaf': 2}. Best is trial 137 with value: 0.827017243230078.
[I 2025-05-03 23:56:12,747] Trial 242 finished with value: 0.8255193138970971 and parameters: {'n_estimators': 93, 'max_depth': 9, 'min_samples_split': 3, 'min_samples_leaf': 2}. Best is trial 137 with value: 0.827017243230078.
[I 2025-05-03 23:56:13,978] Trial 243 finished with value: 0.8220475659606095 and parameters: {'n_estimators': 101, 'max_depth': 9, 'min_samples_split': 3, 'min_samples_leaf': 2}. Best is trial 137 with value: 0.827017243230078.
[I 2025-05-03 23:56:14,871] Trial 244 finished with value: 0.8233375248300622 and parameters: {'n_estimators': 97, 'max_depth': 9, 'min_samples_split': 3, 'min_samples_leaf': 2}. Best is trial 137 with value: 0.827017243230078.
[I 2025-05-03 23:56:15,724] Trial 245 finished with value: 0.827017243230078 and parameters: {'n_estimators': 92, 'max_depth': 9, 'min_samples_split': 3, 'min_samples_leaf': 2}. Best is trial 137 with value: 0.827017243230078.
[I 2025-05-03 23:56:16,517] Trial 246 finished with value: 0.8235126803979264 and parameters: {'n_estimators': 91, 'max_depth': 9, 'min_samples_split': 3, 'min_samples_leaf': 2}. Best is trial 137 with value: 0.827017243230078.
[I 2025-05-03 23:56:17,325] Trial 247 finished with value: 0.8098506772539921 and parameters: {'n_estimators': 92, 'max_depth': 9, 'min_samples_split': 2, 'min_samples_leaf': 5}. Best is trial 137 with value: 0.827017243230078.
[I 2025-05-03 23:56:18,112] Trial 248 finished with value: 0.8235126803979264 and parameters: {'n_estimators': 86, 'max_depth': 9, 'min_samples_split': 3, 'min_samples_leaf': 2}. Best is trial 137 with value: 0.827017243230078.
[I 2025-05-03 23:56:18,943] Trial 249 finished with value: 0.8255193138970971 and parameters: {'n_estimators': 99, 'max_depth': 9, 'min_samples_split': 3, 'min_samples_leaf': 2}. Best is trial 137 with value: 0.827017243230078.
[I 2025-05-03 23:56:19,788] Trial 250 finished with value: 0.8255193138970971 and parameters: {'n_estimators': 95, 'max_depth': 9, 'min_samples_split': 4, 'min_samples_leaf': 2}. Best is trial 137 with value: 0.827017243230078.
[I 2025-05-03 23:56:20,604] Trial 251 finished with value: 0.8235126803979264 and parameters: {'n_estimators': 89, 'max_depth': 9, 'min_samples_split': 2, 'min_samples_leaf': 2}. Best is trial 137 with value: 0.827017243230078.
[I 2025-05-03 23:56:21,403] Trial 252 finished with value: 0.8255193138970971 and parameters: {'n_estimators': 93, 'max_depth': 9, 'min_samples_split': 3, 'min_samples_leaf': 2}. Best is trial 137 with value: 0.827017243230078.
[I 2025-05-03 23:56:22,265] Trial 253 finished with value: 0.8185714899282739 and parameters: {'n_estimators': 102, 'max_depth': 9, 'min_samples_split': 3, 'min_samples_leaf': 2}. Best is trial 137 with value: 0.827017243230078.
[I 2025-05-03 23:56:23,317] Trial 254 finished with value: 0.8233375248300622 and parameters: {'n_estimators': 97, 'max_depth': 9, 'min_samples_split': 3, 'min_samples_leaf': 2}. Best is trial 137 with value: 0.827017243230078.
[I 2025-05-03 23:56:24,504] Trial 255 finished with value: 0.8235126803979264 and parameters: {'n_estimators': 88, 'max_depth': 9, 'min_samples_split': 2, 'min_samples_leaf': 2}. Best is trial 137 with value: 0.827017243230078.
[I 2025-05-03 23:56:25,330] Trial 256 finished with value: 0.8235126803979264 and parameters: {'n_estimators': 91, 'max_depth': 9, 'min_samples_split': 4, 'min_samples_leaf': 2}. Best is trial 137 with value: 0.827017243230078.
[I 2025-05-03 23:56:26,180] Trial 257 finished with value: 0.8129767072772255 and parameters: {'n_estimators': 95, 'max_depth': 6, 'min_samples_split': 3, 'min_samples_leaf': 2}. Best is trial 137 with value: 0.827017243230078.
[I 2025-05-03 23:56:27,081] Trial 258 finished with value: 0.8107842211485634 and parameters: {'n_estimators': 99, 'max_depth': 10, 'min_samples_split': 3, 'min_samples_leaf': 4}. Best is trial 137 with value: 0.827017243230078.
[I 2025-05-03 23:56:28,007] Trial 259 finished with value: 0.8220475659606095 and parameters: {'n_estimators': 104, 'max_depth': 9, 'min_samples_split': 3, 'min_samples_leaf': 2}. Best is trial 137 with value: 0.827017243230078.
[I 2025-05-03 23:56:28,908] Trial 260 finished with value: 0.8255193138970971 and parameters: {'n_estimators': 93, 'max_depth': 9, 'min_samples_split': 2, 'min_samples_leaf': 2}. Best is trial 137 with value: 0.827017243230078.
[I 2025-05-03 23:56:29,805] Trial 261 finished with value: 0.8255193138970971 and parameters: {'n_estimators': 98, 'max_depth': 9, 'min_samples_split': 3, 'min_samples_leaf': 2}. Best is trial 137 with value: 0.827017243230078.
[I 2025-05-03 23:56:30,706] Trial 262 finished with value: 0.8211222797576743 and parameters: {'n_estimators': 107, 'max_depth': 9, 'min_samples_split': 4, 'min_samples_leaf': 2}. Best is trial 137 with value: 0.827017243230078.
[I 2025-05-03 23:56:31,460] Trial 263 finished with value: 0.807677500405252 and parameters: {'n_estimators': 83, 'max_depth': 8, 'min_samples_split': 8, 'min_samples_leaf': 2}. Best is trial 137 with value: 0.827017243230078.
[I 2025-05-03 23:56:32,234] Trial 264 finished with value: 0.8235126803979264 and parameters: {'n_estimators': 90, 'max_depth': 9, 'min_samples_split': 3, 'min_samples_leaf': 2}. Best is trial 137 with value: 0.827017243230078.
[I 2025-05-03 23:56:33,136] Trial 265 finished with value: 0.8185714899282739 and parameters: {'n_estimators': 102, 'max_depth': 9, 'min_samples_split': 2, 'min_samples_leaf': 2}. Best is trial 137 with value: 0.827017243230078.
[I 2025-05-03 23:56:34,422] Trial 266 finished with value: 0.8255193138970971 and parameters: {'n_estimators': 95, 'max_depth': 9, 'min_samples_split': 3, 'min_samples_leaf': 2}. Best is trial 137 with value: 0.827017243230078.
[I 2025-05-03 23:56:35,568] Trial 267 finished with value: 0.815914123922918 and parameters: {'n_estimators': 86, 'max_depth': 8, 'min_samples_split': 3, 'min_samples_leaf': 2}. Best is trial 137 with value: 0.827017243230078.
[I 2025-05-03 23:56:36,951] Trial 268 finished with value: 0.827017243230078 and parameters: {'n_estimators': 92, 'max_depth': 9, 'min_samples_split': 4, 'min_samples_leaf': 2}. Best is trial 137 with value: 0.827017243230078.
[I 2025-05-03 23:56:37,882] Trial 269 finished with value: 0.827017243230078 and parameters: {'n_estimators': 92, 'max_depth': 9, 'min_samples_split': 4, 'min_samples_leaf': 2}. Best is trial 137 with value: 0.827017243230078.
[I 2025-05-03 23:56:38,779] Trial 270 finished with value: 0.8235126803979264 and parameters: {'n_estimators': 88, 'max_depth': 9, 'min_samples_split': 4, 'min_samples_leaf': 2}. Best is trial 137 with value: 0.827017243230078.
[I 2025-05-03 23:56:39,567] Trial 271 finished with value: 0.8098511244245636 and parameters: {'n_estimators': 91, 'max_depth': 5, 'min_samples_split': 4, 'min_samples_leaf': 2}. Best is trial 137 with value: 0.827017243230078.
[I 2025-05-03 23:56:40,428] Trial 272 finished with value: 0.827017243230078 and parameters: {'n_estimators': 92, 'max_depth': 9, 'min_samples_split': 4, 'min_samples_leaf': 2}. Best is trial 137 with value: 0.827017243230078.
[I 2025-05-03 23:56:41,217] Trial 273 finished with value: 0.8221063738651679 and parameters: {'n_estimators': 88, 'max_depth': 10, 'min_samples_split': 4, 'min_samples_leaf': 2}. Best is trial 137 with value: 0.827017243230078.
[I 2025-05-03 23:56:42,035] Trial 274 finished with value: 0.827017243230078 and parameters: {'n_estimators': 92, 'max_depth': 9, 'min_samples_split': 4, 'min_samples_leaf': 2}. Best is trial 137 with value: 0.827017243230078.
[I 2025-05-03 23:56:42,853] Trial 275 finished with value: 0.8220300360581391 and parameters: {'n_estimators': 84, 'max_depth': 9, 'min_samples_split': 4, 'min_samples_leaf': 2}. Best is trial 137 with value: 0.827017243230078.
[I 2025-05-03 23:56:43,643] Trial 276 finished with value: 0.8235126803979264 and parameters: {'n_estimators': 91, 'max_depth': 9, 'min_samples_split': 4, 'min_samples_leaf': 2}. Best is trial 137 with value: 0.827017243230078.
[I 2025-05-03 23:56:44,536] Trial 277 finished with value: 0.8255193138970971 and parameters: {'n_estimators': 93, 'max_depth': 9, 'min_samples_split': 4, 'min_samples_leaf': 2}. Best is trial 137 with value: 0.827017243230078.
[I 2025-05-03 23:56:45,382] Trial 278 finished with value: 0.8235126803979264 and parameters: {'n_estimators': 90, 'max_depth': 9, 'min_samples_split': 4, 'min_samples_leaf': 2}. Best is trial 137 with value: 0.827017243230078.
[I 2025-05-03 23:56:46,142] Trial 279 finished with value: 0.8235126803979264 and parameters: {'n_estimators': 87, 'max_depth': 9, 'min_samples_split': 4, 'min_samples_leaf': 2}. Best is trial 137 with value: 0.827017243230078.
