02-05-2025 00:07:20 Downloading and reading train artifact
[34m[1mwandb[0m:   1 of 1 files downloaded.
02-05-2025 00:07:22 Spliting data into train/val
02-05-2025 00:07:22 x train: (375, 28)
02-05-2025 00:07:22 y train: (375,)
02-05-2025 00:07:22 x val: (162, 28)
02-05-2025 00:07:22 y val: (162,)
02-05-2025 00:07:22 Outlier Removal
02-05-2025 00:07:22 x_train shape [original]: (375, 28)
02-05-2025 00:07:22 x_train shape [outlier removal]: (357, 28)
02-05-2025 00:07:23 Data after SMOTE: (476, 28)
02-05-2025 00:07:23 [Logistic] Accuracy: 0.7469135802469136
02-05-2025 00:07:24 [Random Forest] Accuracy: 0.7222222222222222
c:\Users\x-hp\AppData\Local\Programs\Python\Python311\Lib\site-packages\xgboost\training.py:183: UserWarning: [00:07:24] WARNING: C:\actions-runner\_work\xgboost\xgboost\src\learner.cc:738:
Parameters: { "use_label_encoder" } are not used.

  bst.update(dtrain, iteration=i, fobj=obj)
02-05-2025 00:07:24 [XGBoost] Accuracy: 0.7222222222222222
                 Model  Accuracy
0  Logistic Regression  0.746914
1        Random Forest  0.722222
2              XGBoost  0.722222
[I 2025-05-02 00:07:27,088] A new study created in memory with name: no-name-16215ff0-f9a7-4404-9d74-f87f0a98735b
[I 2025-05-02 00:07:28,452] Trial 0 finished with value: 0.7845070422535212 and parameters: {'n_estimators': 73, 'max_depth': 5, 'min_samples_split': 8, 'min_samples_leaf': 4}. Best is trial 0 with value: 0.7845070422535212.
[I 2025-05-02 00:07:31,354] Trial 1 finished with value: 0.7844287949921751 and parameters: {'n_estimators': 189, 'max_depth': 8, 'min_samples_split': 6, 'min_samples_leaf': 1}. Best is trial 0 with value: 0.7845070422535212.
[I 2025-05-02 00:07:33,050] Trial 2 finished with value: 0.7704616588419405 and parameters: {'n_estimators': 172, 'max_depth': 2, 'min_samples_split': 4, 'min_samples_leaf': 5}. Best is trial 0 with value: 0.7845070422535212.
[I 2025-05-02 00:07:34,271] Trial 3 finished with value: 0.7817292644757433 and parameters: {'n_estimators': 92, 'max_depth': 3, 'min_samples_split': 7, 'min_samples_leaf': 3}. Best is trial 0 with value: 0.7845070422535212.
[I 2025-05-02 00:07:35,385] Trial 4 finished with value: 0.7704616588419405 and parameters: {'n_estimators': 95, 'max_depth': 2, 'min_samples_split': 3, 'min_samples_leaf': 5}. Best is trial 0 with value: 0.7845070422535212.
[I 2025-05-02 00:07:37,545] Trial 5 finished with value: 0.7788732394366196 and parameters: {'n_estimators': 174, 'max_depth': 4, 'min_samples_split': 3, 'min_samples_leaf': 5}. Best is trial 0 with value: 0.7845070422535212.
[I 2025-05-02 00:07:38,820] Trial 6 finished with value: 0.7816901408450704 and parameters: {'n_estimators': 118, 'max_depth': 3, 'min_samples_split': 4, 'min_samples_leaf': 2}. Best is trial 0 with value: 0.7845070422535212.
[I 2025-05-02 00:07:39,852] Trial 7 finished with value: 0.7815727699530515 and parameters: {'n_estimators': 56, 'max_depth': 7, 'min_samples_split': 4, 'min_samples_leaf': 4}. Best is trial 0 with value: 0.7845070422535212.
[I 2025-05-02 00:07:41,580] Trial 8 finished with value: 0.7844287949921753 and parameters: {'n_estimators': 160, 'max_depth': 8, 'min_samples_split': 8, 'min_samples_leaf': 3}. Best is trial 0 with value: 0.7845070422535212.
[I 2025-05-02 00:07:42,514] Trial 9 finished with value: 0.7816510172143974 and parameters: {'n_estimators': 90, 'max_depth': 7, 'min_samples_split': 10, 'min_samples_leaf': 5}. Best is trial 0 with value: 0.7845070422535212.
[I 2025-05-02 00:07:43,095] Trial 10 finished with value: 0.7816901408450704 and parameters: {'n_estimators': 50, 'max_depth': 10, 'min_samples_split': 10, 'min_samples_leaf': 4}. Best is trial 0 with value: 0.7845070422535212.
[I 2025-05-02 00:07:44,750] Trial 11 finished with value: 0.7872848200312988 and parameters: {'n_estimators': 147, 'max_depth': 5, 'min_samples_split': 8, 'min_samples_leaf': 3}. Best is trial 11 with value: 0.7872848200312988.
[I 2025-05-02 00:07:46,268] Trial 12 finished with value: 0.7901017214397494 and parameters: {'n_estimators': 141, 'max_depth': 5, 'min_samples_split': 8, 'min_samples_leaf': 2}. Best is trial 12 with value: 0.7901017214397494.
[I 2025-05-02 00:07:47,846] Trial 13 finished with value: 0.7901017214397494 and parameters: {'n_estimators': 141, 'max_depth': 5, 'min_samples_split': 8, 'min_samples_leaf': 2}. Best is trial 12 with value: 0.7901017214397494.
[I 2025-05-02 00:07:49,450] Trial 14 finished with value: 0.7844679186228483 and parameters: {'n_estimators': 135, 'max_depth': 5, 'min_samples_split': 6, 'min_samples_leaf': 1}. Best is trial 12 with value: 0.7901017214397494.
[I 2025-05-02 00:07:50,765] Trial 15 finished with value: 0.7816901408450704 and parameters: {'n_estimators': 118, 'max_depth': 6, 'min_samples_split': 9, 'min_samples_leaf': 2}. Best is trial 12 with value: 0.7901017214397494.
[I 2025-05-02 00:07:52,202] Trial 16 finished with value: 0.776056338028169 and parameters: {'n_estimators': 137, 'max_depth': 4, 'min_samples_split': 7, 'min_samples_leaf': 2}. Best is trial 12 with value: 0.7901017214397494.
[I 2025-05-02 00:07:54,388] Trial 17 finished with value: 0.7901017214397497 and parameters: {'n_estimators': 196, 'max_depth': 6, 'min_samples_split': 9, 'min_samples_leaf': 2}. Best is trial 17 with value: 0.7901017214397497.
[I 2025-05-02 00:07:56,536] Trial 18 finished with value: 0.7901017214397497 and parameters: {'n_estimators': 193, 'max_depth': 10, 'min_samples_split': 9, 'min_samples_leaf': 1}. Best is trial 17 with value: 0.7901017214397497.
[I 2025-05-02 00:07:58,617] Trial 19 finished with value: 0.7928403755868544 and parameters: {'n_estimators': 198, 'max_depth': 10, 'min_samples_split': 10, 'min_samples_leaf': 1}. Best is trial 19 with value: 0.7928403755868544.
[I 2025-05-02 00:08:00,996] Trial 20 finished with value: 0.8012128325508607 and parameters: {'n_estimators': 200, 'max_depth': 9, 'min_samples_split': 10, 'min_samples_leaf': 1}. Best is trial 20 with value: 0.8012128325508607.
[I 2025-05-02 00:08:03,631] Trial 21 finished with value: 0.8012128325508607 and parameters: {'n_estimators': 193, 'max_depth': 9, 'min_samples_split': 10, 'min_samples_leaf': 1}. Best is trial 20 with value: 0.8012128325508607.
[I 2025-05-02 00:08:07,890] Trial 22 finished with value: 0.8012128325508607 and parameters: {'n_estimators': 178, 'max_depth': 9, 'min_samples_split': 10, 'min_samples_leaf': 1}. Best is trial 20 with value: 0.8012128325508607.
[I 2025-05-02 00:08:12,772] Trial 23 finished with value: 0.8012128325508607 and parameters: {'n_estimators': 179, 'max_depth': 9, 'min_samples_split': 10, 'min_samples_leaf': 1}. Best is trial 20 with value: 0.8012128325508607.
[I 2025-05-02 00:08:16,570] Trial 24 finished with value: 0.7928403755868544 and parameters: {'n_estimators': 163, 'max_depth': 9, 'min_samples_split': 9, 'min_samples_leaf': 1}. Best is trial 20 with value: 0.8012128325508607.
[I 2025-05-02 00:08:18,941] Trial 25 finished with value: 0.8012128325508607 and parameters: {'n_estimators': 182, 'max_depth': 9, 'min_samples_split': 10, 'min_samples_leaf': 1}. Best is trial 20 with value: 0.8012128325508607.
[I 2025-05-02 00:08:21,144] Trial 26 finished with value: 0.7900234741784038 and parameters: {'n_estimators': 163, 'max_depth': 8, 'min_samples_split': 9, 'min_samples_leaf': 1}. Best is trial 20 with value: 0.8012128325508607.
[I 2025-05-02 00:08:23,441] Trial 27 finished with value: 0.7928794992175273 and parameters: {'n_estimators': 185, 'max_depth': 9, 'min_samples_split': 7, 'min_samples_leaf': 2}. Best is trial 20 with value: 0.8012128325508607.
[I 2025-05-02 00:08:25,543] Trial 28 finished with value: 0.7956181533646323 and parameters: {'n_estimators': 154, 'max_depth': 7, 'min_samples_split': 2, 'min_samples_leaf': 1}. Best is trial 20 with value: 0.8012128325508607.
[I 2025-05-02 00:08:27,769] Trial 29 finished with value: 0.8012910798122064 and parameters: {'n_estimators': 200, 'max_depth': 8, 'min_samples_split': 10, 'min_samples_leaf': 2}. Best is trial 29 with value: 0.8012910798122064.
[I 2025-05-02 00:08:30,523] Trial 30 finished with value: 0.7929186228482002 and parameters: {'n_estimators': 200, 'max_depth': 8, 'min_samples_split': 9, 'min_samples_leaf': 2}. Best is trial 29 with value: 0.8012910798122064.
[I 2025-05-02 00:08:32,462] Trial 31 finished with value: 0.8012128325508607 and parameters: {'n_estimators': 172, 'max_depth': 9, 'min_samples_split': 10, 'min_samples_leaf': 1}. Best is trial 29 with value: 0.8012910798122064.
[I 2025-05-02 00:08:35,362] Trial 32 finished with value: 0.7956181533646323 and parameters: {'n_estimators': 188, 'max_depth': 10, 'min_samples_split': 10, 'min_samples_leaf': 1}. Best is trial 29 with value: 0.8012910798122064.
[I 2025-05-02 00:08:37,935] Trial 33 finished with value: 0.7929186228482002 and parameters: {'n_estimators': 188, 'max_depth': 8, 'min_samples_split': 9, 'min_samples_leaf': 2}. Best is trial 29 with value: 0.8012910798122064.
[I 2025-05-02 00:08:40,733] Trial 34 finished with value: 0.8012128325508607 and parameters: {'n_estimators': 200, 'max_depth': 9, 'min_samples_split': 10, 'min_samples_leaf': 1}. Best is trial 29 with value: 0.8012910798122064.
[I 2025-05-02 00:08:42,781] Trial 35 finished with value: 0.7816118935837245 and parameters: {'n_estimators': 178, 'max_depth': 7, 'min_samples_split': 8, 'min_samples_leaf': 3}. Best is trial 29 with value: 0.8012910798122064.
[I 2025-05-02 00:08:44,960] Trial 36 finished with value: 0.795657276995305 and parameters: {'n_estimators': 191, 'max_depth': 10, 'min_samples_split': 6, 'min_samples_leaf': 2}. Best is trial 29 with value: 0.8012910798122064.
[I 2025-05-02 00:08:47,033] Trial 37 finished with value: 0.7872456964006259 and parameters: {'n_estimators': 170, 'max_depth': 8, 'min_samples_split': 9, 'min_samples_leaf': 1}. Best is trial 29 with value: 0.8012910798122064.
[I 2025-05-02 00:08:48,969] Trial 38 finished with value: 0.7900234741784036 and parameters: {'n_estimators': 180, 'max_depth': 9, 'min_samples_split': 5, 'min_samples_leaf': 3}. Best is trial 29 with value: 0.8012910798122064.
[I 2025-05-02 00:08:51,128] Trial 39 finished with value: 0.7872456964006259 and parameters: {'n_estimators': 169, 'max_depth': 7, 'min_samples_split': 10, 'min_samples_leaf': 1}. Best is trial 29 with value: 0.8012910798122064.
[I 2025-05-02 00:08:53,450] Trial 40 finished with value: 0.7816118935837245 and parameters: {'n_estimators': 192, 'max_depth': 8, 'min_samples_split': 5, 'min_samples_leaf': 2}. Best is trial 29 with value: 0.8012910798122064.
[I 2025-05-02 00:08:55,528] Trial 41 finished with value: 0.8012128325508607 and parameters: {'n_estimators': 178, 'max_depth': 9, 'min_samples_split': 10, 'min_samples_leaf': 1}. Best is trial 29 with value: 0.8012910798122064.
[I 2025-05-02 00:08:57,752] Trial 42 finished with value: 0.8012128325508607 and parameters: {'n_estimators': 186, 'max_depth': 9, 'min_samples_split': 10, 'min_samples_leaf': 1}. Best is trial 29 with value: 0.8012910798122064.
[I 2025-05-02 00:08:59,866] Trial 43 finished with value: 0.7900625978090767 and parameters: {'n_estimators': 155, 'max_depth': 10, 'min_samples_split': 10, 'min_samples_leaf': 1}. Best is trial 29 with value: 0.8012910798122064.
[I 2025-05-02 00:09:01,244] Trial 44 finished with value: 0.7956964006259781 and parameters: {'n_estimators': 99, 'max_depth': 8, 'min_samples_split': 9, 'min_samples_leaf': 1}. Best is trial 29 with value: 0.8012910798122064.
[I 2025-05-02 00:09:03,361] Trial 45 finished with value: 0.8041079812206572 and parameters: {'n_estimators': 177, 'max_depth': 9, 'min_samples_split': 8, 'min_samples_leaf': 1}. Best is trial 45 with value: 0.8041079812206572.
[I 2025-05-02 00:09:04,306] Trial 46 finished with value: 0.7956181533646323 and parameters: {'n_estimators': 79, 'max_depth': 10, 'min_samples_split': 8, 'min_samples_leaf': 2}. Best is trial 45 with value: 0.8041079812206572.
[I 2025-05-02 00:09:05,817] Trial 47 finished with value: 0.7872848200312988 and parameters: {'n_estimators': 125, 'max_depth': 8, 'min_samples_split': 7, 'min_samples_leaf': 3}. Best is trial 45 with value: 0.8041079812206572.
[I 2025-05-02 00:09:08,126] Trial 48 finished with value: 0.7985133020344287 and parameters: {'n_estimators': 192, 'max_depth': 9, 'min_samples_split': 8, 'min_samples_leaf': 1}. Best is trial 45 with value: 0.8041079812206572.
[I 2025-05-02 00:09:10,340] Trial 49 finished with value: 0.7928012519561815 and parameters: {'n_estimators': 167, 'max_depth': 7, 'min_samples_split': 9, 'min_samples_leaf': 2}. Best is trial 45 with value: 0.8041079812206572.
✅ Best RF Params: {'n_estimators': 177, 'max_depth': 9, 'min_samples_split': 8, 'min_samples_leaf': 1}
[I 2025-05-02 00:09:10,344] A new study created in memory with name: no-name-1316e150-18f7-46c3-a54d-8df1c64fde52
c:\Users\x-hp\AppData\Local\Programs\Python\Python311\Lib\site-packages\xgboost\training.py:183: UserWarning: [00:09:10] WARNING: C:\actions-runner\_work\xgboost\xgboost\src\learner.cc:738:
Parameters: { "use_label_encoder" } are not used.

  bst.update(dtrain, iteration=i, fobj=obj)
c:\Users\x-hp\AppData\Local\Programs\Python\Python311\Lib\site-packages\xgboost\training.py:183: UserWarning: [00:09:10] WARNING: C:\actions-runner\_work\xgboost\xgboost\src\learner.cc:738:
Parameters: { "use_label_encoder" } are not used.

  bst.update(dtrain, iteration=i, fobj=obj)
c:\Users\x-hp\AppData\Local\Programs\Python\Python311\Lib\site-packages\xgboost\training.py:183: UserWarning: [00:09:10] WARNING: C:\actions-runner\_work\xgboost\xgboost\src\learner.cc:738:
Parameters: { "use_label_encoder" } are not used.

  bst.update(dtrain, iteration=i, fobj=obj)
c:\Users\x-hp\AppData\Local\Programs\Python\Python311\Lib\site-packages\xgboost\training.py:183: UserWarning: [00:09:10] WARNING: C:\actions-runner\_work\xgboost\xgboost\src\learner.cc:738:
Parameters: { "use_label_encoder" } are not used.

  bst.update(dtrain, iteration=i, fobj=obj)
c:\Users\x-hp\AppData\Local\Programs\Python\Python311\Lib\site-packages\xgboost\training.py:183: UserWarning: [00:09:11] WARNING: C:\actions-runner\_work\xgboost\xgboost\src\learner.cc:738:
Parameters: { "use_label_encoder" } are not used.

  bst.update(dtrain, iteration=i, fobj=obj)
[I 2025-05-02 00:09:11,356] Trial 0 finished with value: 0.7928403755868544 and parameters: {'n_estimators': 287, 'max_depth': 3, 'learning_rate': 0.07785996126507058, 'subsample': 0.90457059902764, 'colsample_bytree': 0.8231590272788599, 'gamma': 3.5562739236647154, 'min_child_weight': 3}. Best is trial 0 with value: 0.7928403755868544.
c:\Users\x-hp\AppData\Local\Programs\Python\Python311\Lib\site-packages\xgboost\training.py:183: UserWarning: [00:09:11] WARNING: C:\actions-runner\_work\xgboost\xgboost\src\learner.cc:738:
Parameters: { "use_label_encoder" } are not used.

  bst.update(dtrain, iteration=i, fobj=obj)
c:\Users\x-hp\AppData\Local\Programs\Python\Python311\Lib\site-packages\xgboost\training.py:183: UserWarning: [00:09:11] WARNING: C:\actions-runner\_work\xgboost\xgboost\src\learner.cc:738:
Parameters: { "use_label_encoder" } are not used.

  bst.update(dtrain, iteration=i, fobj=obj)
c:\Users\x-hp\AppData\Local\Programs\Python\Python311\Lib\site-packages\xgboost\training.py:183: UserWarning: [00:09:11] WARNING: C:\actions-runner\_work\xgboost\xgboost\src\learner.cc:738:
Parameters: { "use_label_encoder" } are not used.

  bst.update(dtrain, iteration=i, fobj=obj)
c:\Users\x-hp\AppData\Local\Programs\Python\Python311\Lib\site-packages\xgboost\training.py:183: UserWarning: [00:09:12] WARNING: C:\actions-runner\_work\xgboost\xgboost\src\learner.cc:738:
Parameters: { "use_label_encoder" } are not used.

  bst.update(dtrain, iteration=i, fobj=obj)
c:\Users\x-hp\AppData\Local\Programs\Python\Python311\Lib\site-packages\xgboost\training.py:183: UserWarning: [00:09:12] WARNING: C:\actions-runner\_work\xgboost\xgboost\src\learner.cc:738:
Parameters: { "use_label_encoder" } are not used.

  bst.update(dtrain, iteration=i, fobj=obj)
[I 2025-05-02 00:09:12,534] Trial 1 finished with value: 0.7787949921752739 and parameters: {'n_estimators': 189, 'max_depth': 5, 'learning_rate': 0.034574993906016, 'subsample': 0.6070106894226974, 'colsample_bytree': 0.8244559808450937, 'gamma': 0.5732430922040005, 'min_child_weight': 2}. Best is trial 0 with value: 0.7928403755868544.
c:\Users\x-hp\AppData\Local\Programs\Python\Python311\Lib\site-packages\xgboost\training.py:183: UserWarning: [00:09:12] WARNING: C:\actions-runner\_work\xgboost\xgboost\src\learner.cc:738:
Parameters: { "use_label_encoder" } are not used.

  bst.update(dtrain, iteration=i, fobj=obj)
c:\Users\x-hp\AppData\Local\Programs\Python\Python311\Lib\site-packages\xgboost\training.py:183: UserWarning: [00:09:12] WARNING: C:\actions-runner\_work\xgboost\xgboost\src\learner.cc:738:
Parameters: { "use_label_encoder" } are not used.

  bst.update(dtrain, iteration=i, fobj=obj)
c:\Users\x-hp\AppData\Local\Programs\Python\Python311\Lib\site-packages\xgboost\training.py:183: UserWarning: [00:09:12] WARNING: C:\actions-runner\_work\xgboost\xgboost\src\learner.cc:738:
Parameters: { "use_label_encoder" } are not used.

  bst.update(dtrain, iteration=i, fobj=obj)
c:\Users\x-hp\AppData\Local\Programs\Python\Python311\Lib\site-packages\xgboost\training.py:183: UserWarning: [00:09:13] WARNING: C:\actions-runner\_work\xgboost\xgboost\src\learner.cc:738:
Parameters: { "use_label_encoder" } are not used.

  bst.update(dtrain, iteration=i, fobj=obj)
c:\Users\x-hp\AppData\Local\Programs\Python\Python311\Lib\site-packages\xgboost\training.py:183: UserWarning: [00:09:13] WARNING: C:\actions-runner\_work\xgboost\xgboost\src\learner.cc:738:
Parameters: { "use_label_encoder" } are not used.

  bst.update(dtrain, iteration=i, fobj=obj)
[I 2025-05-02 00:09:13,470] Trial 2 finished with value: 0.7591549295774648 and parameters: {'n_estimators': 209, 'max_depth': 5, 'learning_rate': 0.05225668287151775, 'subsample': 0.6888616445191088, 'colsample_bytree': 0.8052077490438089, 'gamma': 0.8134659683533713, 'min_child_weight': 4}. Best is trial 0 with value: 0.7928403755868544.
c:\Users\x-hp\AppData\Local\Programs\Python\Python311\Lib\site-packages\xgboost\training.py:183: UserWarning: [00:09:13] WARNING: C:\actions-runner\_work\xgboost\xgboost\src\learner.cc:738:
Parameters: { "use_label_encoder" } are not used.

  bst.update(dtrain, iteration=i, fobj=obj)
c:\Users\x-hp\AppData\Local\Programs\Python\Python311\Lib\site-packages\xgboost\training.py:183: UserWarning: [00:09:13] WARNING: C:\actions-runner\_work\xgboost\xgboost\src\learner.cc:738:
Parameters: { "use_label_encoder" } are not used.

  bst.update(dtrain, iteration=i, fobj=obj)
c:\Users\x-hp\AppData\Local\Programs\Python\Python311\Lib\site-packages\xgboost\training.py:183: UserWarning: [00:09:13] WARNING: C:\actions-runner\_work\xgboost\xgboost\src\learner.cc:738:
Parameters: { "use_label_encoder" } are not used.

  bst.update(dtrain, iteration=i, fobj=obj)
c:\Users\x-hp\AppData\Local\Programs\Python\Python311\Lib\site-packages\xgboost\training.py:183: UserWarning: [00:09:14] WARNING: C:\actions-runner\_work\xgboost\xgboost\src\learner.cc:738:
Parameters: { "use_label_encoder" } are not used.

  bst.update(dtrain, iteration=i, fobj=obj)
c:\Users\x-hp\AppData\Local\Programs\Python\Python311\Lib\site-packages\xgboost\training.py:183: UserWarning: [00:09:14] WARNING: C:\actions-runner\_work\xgboost\xgboost\src\learner.cc:738:
Parameters: { "use_label_encoder" } are not used.

  bst.update(dtrain, iteration=i, fobj=obj)
[I 2025-05-02 00:09:14,380] Trial 3 finished with value: 0.7787949921752739 and parameters: {'n_estimators': 257, 'max_depth': 4, 'learning_rate': 0.16555129702066537, 'subsample': 0.6908681151424292, 'colsample_bytree': 0.7203443548277506, 'gamma': 0.4035797575728578, 'min_child_weight': 1}. Best is trial 0 with value: 0.7928403755868544.
c:\Users\x-hp\AppData\Local\Programs\Python\Python311\Lib\site-packages\xgboost\training.py:183: UserWarning: [00:09:14] WARNING: C:\actions-runner\_work\xgboost\xgboost\src\learner.cc:738:
Parameters: { "use_label_encoder" } are not used.

  bst.update(dtrain, iteration=i, fobj=obj)
c:\Users\x-hp\AppData\Local\Programs\Python\Python311\Lib\site-packages\xgboost\training.py:183: UserWarning: [00:09:14] WARNING: C:\actions-runner\_work\xgboost\xgboost\src\learner.cc:738:
Parameters: { "use_label_encoder" } are not used.

  bst.update(dtrain, iteration=i, fobj=obj)
c:\Users\x-hp\AppData\Local\Programs\Python\Python311\Lib\site-packages\xgboost\training.py:183: UserWarning: [00:09:14] WARNING: C:\actions-runner\_work\xgboost\xgboost\src\learner.cc:738:
Parameters: { "use_label_encoder" } are not used.

  bst.update(dtrain, iteration=i, fobj=obj)
c:\Users\x-hp\AppData\Local\Programs\Python\Python311\Lib\site-packages\xgboost\training.py:183: UserWarning: [00:09:14] WARNING: C:\actions-runner\_work\xgboost\xgboost\src\learner.cc:738:
Parameters: { "use_label_encoder" } are not used.

  bst.update(dtrain, iteration=i, fobj=obj)
c:\Users\x-hp\AppData\Local\Programs\Python\Python311\Lib\site-packages\xgboost\training.py:183: UserWarning: [00:09:14] WARNING: C:\actions-runner\_work\xgboost\xgboost\src\learner.cc:738:
Parameters: { "use_label_encoder" } are not used.

  bst.update(dtrain, iteration=i, fobj=obj)
