[I 2025-05-02 00:09:32,014] Trial 28 finished with value: 0.795618153364632 and parameters: {'n_estimators': 160, 'max_depth': 7, 'learning_rate': 0.16824690405353362, 'subsample': 0.7953849265980519, 'colsample_bytree': 0.9777176724008069, 'gamma': 4.602078034884611, 'min_child_weight': 2}. Best is trial 23 with value: 0.8097417840375586.
c:\Users\x-hp\AppData\Local\Programs\Python\Python311\Lib\site-packages\xgboost\training.py:183: UserWarning: [00:09:32] WARNING: C:\actions-runner\_work\xgboost\xgboost\src\learner.cc:738:
Parameters: { "use_label_encoder" } are not used.

  bst.update(dtrain, iteration=i, fobj=obj)
c:\Users\x-hp\AppData\Local\Programs\Python\Python311\Lib\site-packages\xgboost\training.py:183: UserWarning: [00:09:32] WARNING: C:\actions-runner\_work\xgboost\xgboost\src\learner.cc:738:
Parameters: { "use_label_encoder" } are not used.

  bst.update(dtrain, iteration=i, fobj=obj)
c:\Users\x-hp\AppData\Local\Programs\Python\Python311\Lib\site-packages\xgboost\training.py:183: UserWarning: [00:09:32] WARNING: C:\actions-runner\_work\xgboost\xgboost\src\learner.cc:738:
Parameters: { "use_label_encoder" } are not used.

  bst.update(dtrain, iteration=i, fobj=obj)
c:\Users\x-hp\AppData\Local\Programs\Python\Python311\Lib\site-packages\xgboost\training.py:183: UserWarning: [00:09:32] WARNING: C:\actions-runner\_work\xgboost\xgboost\src\learner.cc:738:
Parameters: { "use_label_encoder" } are not used.

  bst.update(dtrain, iteration=i, fobj=obj)
c:\Users\x-hp\AppData\Local\Programs\Python\Python311\Lib\site-packages\xgboost\training.py:183: UserWarning: [00:09:32] WARNING: C:\actions-runner\_work\xgboost\xgboost\src\learner.cc:738:
Parameters: { "use_label_encoder" } are not used.

  bst.update(dtrain, iteration=i, fobj=obj)
[I 2025-05-02 00:09:32,998] Trial 29 finished with value: 0.7982785602503911 and parameters: {'n_estimators': 113, 'max_depth': 9, 'learning_rate': 0.29376498511770416, 'subsample': 0.8860505528443476, 'colsample_bytree': 0.8660933081373687, 'gamma': 3.389191285841667, 'min_child_weight': 3}. Best is trial 23 with value: 0.8097417840375586.
c:\Users\x-hp\AppData\Local\Programs\Python\Python311\Lib\site-packages\xgboost\training.py:183: UserWarning: [00:09:33] WARNING: C:\actions-runner\_work\xgboost\xgboost\src\learner.cc:738:
Parameters: { "use_label_encoder" } are not used.

  bst.update(dtrain, iteration=i, fobj=obj)
c:\Users\x-hp\AppData\Local\Programs\Python\Python311\Lib\site-packages\xgboost\training.py:183: UserWarning: [00:09:33] WARNING: C:\actions-runner\_work\xgboost\xgboost\src\learner.cc:738:
Parameters: { "use_label_encoder" } are not used.

  bst.update(dtrain, iteration=i, fobj=obj)
c:\Users\x-hp\AppData\Local\Programs\Python\Python311\Lib\site-packages\xgboost\training.py:183: UserWarning: [00:09:33] WARNING: C:\actions-runner\_work\xgboost\xgboost\src\learner.cc:738:
Parameters: { "use_label_encoder" } are not used.

  bst.update(dtrain, iteration=i, fobj=obj)
c:\Users\x-hp\AppData\Local\Programs\Python\Python311\Lib\site-packages\xgboost\training.py:183: UserWarning: [00:09:33] WARNING: C:\actions-runner\_work\xgboost\xgboost\src\learner.cc:738:
Parameters: { "use_label_encoder" } are not used.

  bst.update(dtrain, iteration=i, fobj=obj)
c:\Users\x-hp\AppData\Local\Programs\Python\Python311\Lib\site-packages\xgboost\training.py:183: UserWarning: [00:09:33] WARNING: C:\actions-runner\_work\xgboost\xgboost\src\learner.cc:738:
Parameters: { "use_label_encoder" } are not used.

  bst.update(dtrain, iteration=i, fobj=obj)
[I 2025-05-02 00:09:33,608] Trial 30 finished with value: 0.7647104851330203 and parameters: {'n_estimators': 153, 'max_depth': 8, 'learning_rate': 0.13679900481174517, 'subsample': 0.7690332132714468, 'colsample_bytree': 0.9323634742212258, 'gamma': 2.1923727142570204, 'min_child_weight': 6}. Best is trial 23 with value: 0.8097417840375586.
c:\Users\x-hp\AppData\Local\Programs\Python\Python311\Lib\site-packages\xgboost\training.py:183: UserWarning: [00:09:33] WARNING: C:\actions-runner\_work\xgboost\xgboost\src\learner.cc:738:
Parameters: { "use_label_encoder" } are not used.

  bst.update(dtrain, iteration=i, fobj=obj)
c:\Users\x-hp\AppData\Local\Programs\Python\Python311\Lib\site-packages\xgboost\training.py:183: UserWarning: [00:09:33] WARNING: C:\actions-runner\_work\xgboost\xgboost\src\learner.cc:738:
Parameters: { "use_label_encoder" } are not used.

  bst.update(dtrain, iteration=i, fobj=obj)
c:\Users\x-hp\AppData\Local\Programs\Python\Python311\Lib\site-packages\xgboost\training.py:183: UserWarning: [00:09:33] WARNING: C:\actions-runner\_work\xgboost\xgboost\src\learner.cc:738:
Parameters: { "use_label_encoder" } are not used.

  bst.update(dtrain, iteration=i, fobj=obj)
c:\Users\x-hp\AppData\Local\Programs\Python\Python311\Lib\site-packages\xgboost\training.py:183: UserWarning: [00:09:33] WARNING: C:\actions-runner\_work\xgboost\xgboost\src\learner.cc:738:
Parameters: { "use_label_encoder" } are not used.

  bst.update(dtrain, iteration=i, fobj=obj)
c:\Users\x-hp\AppData\Local\Programs\Python\Python311\Lib\site-packages\xgboost\training.py:183: UserWarning: [00:09:34] WARNING: C:\actions-runner\_work\xgboost\xgboost\src\learner.cc:738:
Parameters: { "use_label_encoder" } are not used.

  bst.update(dtrain, iteration=i, fobj=obj)
[I 2025-05-02 00:09:34,098] Trial 31 finished with value: 0.7928012519561815 and parameters: {'n_estimators': 115, 'max_depth': 9, 'learning_rate': 0.2989876040278467, 'subsample': 0.8836985140457718, 'colsample_bytree': 0.8829205861404752, 'gamma': 3.393010900808499, 'min_child_weight': 3}. Best is trial 23 with value: 0.8097417840375586.
c:\Users\x-hp\AppData\Local\Programs\Python\Python311\Lib\site-packages\xgboost\training.py:183: UserWarning: [00:09:34] WARNING: C:\actions-runner\_work\xgboost\xgboost\src\learner.cc:738:
Parameters: { "use_label_encoder" } are not used.

  bst.update(dtrain, iteration=i, fobj=obj)
c:\Users\x-hp\AppData\Local\Programs\Python\Python311\Lib\site-packages\xgboost\training.py:183: UserWarning: [00:09:34] WARNING: C:\actions-runner\_work\xgboost\xgboost\src\learner.cc:738:
Parameters: { "use_label_encoder" } are not used.

  bst.update(dtrain, iteration=i, fobj=obj)
c:\Users\x-hp\AppData\Local\Programs\Python\Python311\Lib\site-packages\xgboost\training.py:183: UserWarning: [00:09:34] WARNING: C:\actions-runner\_work\xgboost\xgboost\src\learner.cc:738:
Parameters: { "use_label_encoder" } are not used.

  bst.update(dtrain, iteration=i, fobj=obj)
c:\Users\x-hp\AppData\Local\Programs\Python\Python311\Lib\site-packages\xgboost\training.py:183: UserWarning: [00:09:34] WARNING: C:\actions-runner\_work\xgboost\xgboost\src\learner.cc:738:
Parameters: { "use_label_encoder" } are not used.

  bst.update(dtrain, iteration=i, fobj=obj)
c:\Users\x-hp\AppData\Local\Programs\Python\Python311\Lib\site-packages\xgboost\training.py:183: UserWarning: [00:09:34] WARNING: C:\actions-runner\_work\xgboost\xgboost\src\learner.cc:738:
Parameters: { "use_label_encoder" } are not used.

  bst.update(dtrain, iteration=i, fobj=obj)
[I 2025-05-02 00:09:34,917] Trial 32 finished with value: 0.7815727699530516 and parameters: {'n_estimators': 127, 'max_depth': 10, 'learning_rate': 0.2706871124066428, 'subsample': 0.8980654626280845, 'colsample_bytree': 0.8561943067644516, 'gamma': 0.004385738310789478, 'min_child_weight': 2}. Best is trial 23 with value: 0.8097417840375586.
c:\Users\x-hp\AppData\Local\Programs\Python\Python311\Lib\site-packages\xgboost\training.py:183: UserWarning: [00:09:35] WARNING: C:\actions-runner\_work\xgboost\xgboost\src\learner.cc:738:
Parameters: { "use_label_encoder" } are not used.

  bst.update(dtrain, iteration=i, fobj=obj)
c:\Users\x-hp\AppData\Local\Programs\Python\Python311\Lib\site-packages\xgboost\training.py:183: UserWarning: [00:09:35] WARNING: C:\actions-runner\_work\xgboost\xgboost\src\learner.cc:738:
Parameters: { "use_label_encoder" } are not used.

  bst.update(dtrain, iteration=i, fobj=obj)
c:\Users\x-hp\AppData\Local\Programs\Python\Python311\Lib\site-packages\xgboost\training.py:183: UserWarning: [00:09:35] WARNING: C:\actions-runner\_work\xgboost\xgboost\src\learner.cc:738:
Parameters: { "use_label_encoder" } are not used.

  bst.update(dtrain, iteration=i, fobj=obj)
c:\Users\x-hp\AppData\Local\Programs\Python\Python311\Lib\site-packages\xgboost\training.py:183: UserWarning: [00:09:35] WARNING: C:\actions-runner\_work\xgboost\xgboost\src\learner.cc:738:
Parameters: { "use_label_encoder" } are not used.

  bst.update(dtrain, iteration=i, fobj=obj)
c:\Users\x-hp\AppData\Local\Programs\Python\Python311\Lib\site-packages\xgboost\training.py:183: UserWarning: [00:09:35] WARNING: C:\actions-runner\_work\xgboost\xgboost\src\learner.cc:738:
Parameters: { "use_label_encoder" } are not used.

  bst.update(dtrain, iteration=i, fobj=obj)
[I 2025-05-02 00:09:35,476] Trial 33 finished with value: 0.7704616588419405 and parameters: {'n_estimators': 116, 'max_depth': 9, 'learning_rate': 0.23149306287017427, 'subsample': 0.6346520403003131, 'colsample_bytree': 0.9080784662818635, 'gamma': 3.0493966064708813, 'min_child_weight': 4}. Best is trial 23 with value: 0.8097417840375586.
c:\Users\x-hp\AppData\Local\Programs\Python\Python311\Lib\site-packages\xgboost\training.py:183: UserWarning: [00:09:35] WARNING: C:\actions-runner\_work\xgboost\xgboost\src\learner.cc:738:
Parameters: { "use_label_encoder" } are not used.

  bst.update(dtrain, iteration=i, fobj=obj)
c:\Users\x-hp\AppData\Local\Programs\Python\Python311\Lib\site-packages\xgboost\training.py:183: UserWarning: [00:09:35] WARNING: C:\actions-runner\_work\xgboost\xgboost\src\learner.cc:738:
Parameters: { "use_label_encoder" } are not used.

  bst.update(dtrain, iteration=i, fobj=obj)
c:\Users\x-hp\AppData\Local\Programs\Python\Python311\Lib\site-packages\xgboost\training.py:183: UserWarning: [00:09:35] WARNING: C:\actions-runner\_work\xgboost\xgboost\src\learner.cc:738:
Parameters: { "use_label_encoder" } are not used.

  bst.update(dtrain, iteration=i, fobj=obj)
c:\Users\x-hp\AppData\Local\Programs\Python\Python311\Lib\site-packages\xgboost\training.py:183: UserWarning: [00:09:35] WARNING: C:\actions-runner\_work\xgboost\xgboost\src\learner.cc:738:
Parameters: { "use_label_encoder" } are not used.

  bst.update(dtrain, iteration=i, fobj=obj)
c:\Users\x-hp\AppData\Local\Programs\Python\Python311\Lib\site-packages\xgboost\training.py:183: UserWarning: [00:09:36] WARNING: C:\actions-runner\_work\xgboost\xgboost\src\learner.cc:738:
Parameters: { "use_label_encoder" } are not used.

  bst.update(dtrain, iteration=i, fobj=obj)
[I 2025-05-02 00:09:36,102] Trial 34 finished with value: 0.7817683881064162 and parameters: {'n_estimators': 181, 'max_depth': 7, 'learning_rate': 0.2747804026807658, 'subsample': 0.9393874615832765, 'colsample_bytree': 0.807193703778686, 'gamma': 3.6922668850231184, 'min_child_weight': 1}. Best is trial 23 with value: 0.8097417840375586.
c:\Users\x-hp\AppData\Local\Programs\Python\Python311\Lib\site-packages\xgboost\training.py:183: UserWarning: [00:09:36] WARNING: C:\actions-runner\_work\xgboost\xgboost\src\learner.cc:738:
Parameters: { "use_label_encoder" } are not used.

  bst.update(dtrain, iteration=i, fobj=obj)
c:\Users\x-hp\AppData\Local\Programs\Python\Python311\Lib\site-packages\xgboost\training.py:183: UserWarning: [00:09:36] WARNING: C:\actions-runner\_work\xgboost\xgboost\src\learner.cc:738:
Parameters: { "use_label_encoder" } are not used.

  bst.update(dtrain, iteration=i, fobj=obj)
c:\Users\x-hp\AppData\Local\Programs\Python\Python311\Lib\site-packages\xgboost\training.py:183: UserWarning: [00:09:36] WARNING: C:\actions-runner\_work\xgboost\xgboost\src\learner.cc:738:
Parameters: { "use_label_encoder" } are not used.

  bst.update(dtrain, iteration=i, fobj=obj)
c:\Users\x-hp\AppData\Local\Programs\Python\Python311\Lib\site-packages\xgboost\training.py:183: UserWarning: [00:09:36] WARNING: C:\actions-runner\_work\xgboost\xgboost\src\learner.cc:738:
Parameters: { "use_label_encoder" } are not used.

  bst.update(dtrain, iteration=i, fobj=obj)
c:\Users\x-hp\AppData\Local\Programs\Python\Python311\Lib\site-packages\xgboost\training.py:183: UserWarning: [00:09:36] WARNING: C:\actions-runner\_work\xgboost\xgboost\src\learner.cc:738:
Parameters: { "use_label_encoder" } are not used.

  bst.update(dtrain, iteration=i, fobj=obj)
[I 2025-05-02 00:09:36,893] Trial 35 finished with value: 0.7900234741784036 and parameters: {'n_estimators': 133, 'max_depth': 10, 'learning_rate': 0.18649691114586098, 'subsample': 0.8549076843394455, 'colsample_bytree': 0.8696084922208136, 'gamma': 4.004503661948333, 'min_child_weight': 3}. Best is trial 23 with value: 0.8097417840375586.
c:\Users\x-hp\AppData\Local\Programs\Python\Python311\Lib\site-packages\xgboost\training.py:183: UserWarning: [00:09:37] WARNING: C:\actions-runner\_work\xgboost\xgboost\src\learner.cc:738:
Parameters: { "use_label_encoder" } are not used.

  bst.update(dtrain, iteration=i, fobj=obj)
c:\Users\x-hp\AppData\Local\Programs\Python\Python311\Lib\site-packages\xgboost\training.py:183: UserWarning: [00:09:37] WARNING: C:\actions-runner\_work\xgboost\xgboost\src\learner.cc:738:
Parameters: { "use_label_encoder" } are not used.

  bst.update(dtrain, iteration=i, fobj=obj)
c:\Users\x-hp\AppData\Local\Programs\Python\Python311\Lib\site-packages\xgboost\training.py:183: UserWarning: [00:09:37] WARNING: C:\actions-runner\_work\xgboost\xgboost\src\learner.cc:738:
Parameters: { "use_label_encoder" } are not used.

  bst.update(dtrain, iteration=i, fobj=obj)
c:\Users\x-hp\AppData\Local\Programs\Python\Python311\Lib\site-packages\xgboost\training.py:183: UserWarning: [00:09:37] WARNING: C:\actions-runner\_work\xgboost\xgboost\src\learner.cc:738:
Parameters: { "use_label_encoder" } are not used.

  bst.update(dtrain, iteration=i, fobj=obj)
c:\Users\x-hp\AppData\Local\Programs\Python\Python311\Lib\site-packages\xgboost\training.py:183: UserWarning: [00:09:37] WARNING: C:\actions-runner\_work\xgboost\xgboost\src\learner.cc:738:
Parameters: { "use_label_encoder" } are not used.

  bst.update(dtrain, iteration=i, fobj=obj)
[I 2025-05-02 00:09:37,446] Trial 36 finished with value: 0.7956181533646323 and parameters: {'n_estimators': 103, 'max_depth': 8, 'learning_rate': 0.16743606601719357, 'subsample': 0.8164129932493427, 'colsample_bytree': 0.9973458236560143, 'gamma': 3.035015154053137, 'min_child_weight': 2}. Best is trial 23 with value: 0.8097417840375586.
c:\Users\x-hp\AppData\Local\Programs\Python\Python311\Lib\site-packages\xgboost\training.py:183: UserWarning: [00:09:37] WARNING: C:\actions-runner\_work\xgboost\xgboost\src\learner.cc:738:
Parameters: { "use_label_encoder" } are not used.

  bst.update(dtrain, iteration=i, fobj=obj)
c:\Users\x-hp\AppData\Local\Programs\Python\Python311\Lib\site-packages\xgboost\training.py:183: UserWarning: [00:09:37] WARNING: C:\actions-runner\_work\xgboost\xgboost\src\learner.cc:738:
Parameters: { "use_label_encoder" } are not used.

  bst.update(dtrain, iteration=i, fobj=obj)
c:\Users\x-hp\AppData\Local\Programs\Python\Python311\Lib\site-packages\xgboost\training.py:183: UserWarning: [00:09:37] WARNING: C:\actions-runner\_work\xgboost\xgboost\src\learner.cc:738:
Parameters: { "use_label_encoder" } are not used.

  bst.update(dtrain, iteration=i, fobj=obj)
c:\Users\x-hp\AppData\Local\Programs\Python\Python311\Lib\site-packages\xgboost\training.py:183: UserWarning: [00:09:37] WARNING: C:\actions-runner\_work\xgboost\xgboost\src\learner.cc:738:
Parameters: { "use_label_encoder" } are not used.

  bst.update(dtrain, iteration=i, fobj=obj)
c:\Users\x-hp\AppData\Local\Programs\Python\Python311\Lib\site-packages\xgboost\training.py:183: UserWarning: [00:09:37] WARNING: C:\actions-runner\_work\xgboost\xgboost\src\learner.cc:738:
Parameters: { "use_label_encoder" } are not used.

  bst.update(dtrain, iteration=i, fobj=obj)
[I 2025-05-02 00:09:37,976] Trial 37 finished with value: 0.7984350547730829 and parameters: {'n_estimators': 115, 'max_depth': 9, 'learning_rate': 0.2051096712242503, 'subsample': 0.7025995069408355, 'colsample_bytree': 0.8368385336442928, 'gamma': 4.167002573492533, 'min_child_weight': 2}. Best is trial 23 with value: 0.8097417840375586.
c:\Users\x-hp\AppData\Local\Programs\Python\Python311\Lib\site-packages\xgboost\training.py:183: UserWarning: [00:09:38] WARNING: C:\actions-runner\_work\xgboost\xgboost\src\learner.cc:738:
Parameters: { "use_label_encoder" } are not used.

  bst.update(dtrain, iteration=i, fobj=obj)
c:\Users\x-hp\AppData\Local\Programs\Python\Python311\Lib\site-packages\xgboost\training.py:183: UserWarning: [00:09:38] WARNING: C:\actions-runner\_work\xgboost\xgboost\src\learner.cc:738:
Parameters: { "use_label_encoder" } are not used.

  bst.update(dtrain, iteration=i, fobj=obj)
c:\Users\x-hp\AppData\Local\Programs\Python\Python311\Lib\site-packages\xgboost\training.py:183: UserWarning: [00:09:38] WARNING: C:\actions-runner\_work\xgboost\xgboost\src\learner.cc:738:
Parameters: { "use_label_encoder" } are not used.

  bst.update(dtrain, iteration=i, fobj=obj)
c:\Users\x-hp\AppData\Local\Programs\Python\Python311\Lib\site-packages\xgboost\training.py:183: UserWarning: [00:09:38] WARNING: C:\actions-runner\_work\xgboost\xgboost\src\learner.cc:738:
Parameters: { "use_label_encoder" } are not used.

  bst.update(dtrain, iteration=i, fobj=obj)
c:\Users\x-hp\AppData\Local\Programs\Python\Python311\Lib\site-packages\xgboost\training.py:183: UserWarning: [00:09:38] WARNING: C:\actions-runner\_work\xgboost\xgboost\src\learner.cc:738:
Parameters: { "use_label_encoder" } are not used.

  bst.update(dtrain, iteration=i, fobj=obj)
[I 2025-05-02 00:09:38,527] Trial 38 finished with value: 0.8125586854460094 and parameters: {'n_estimators': 137, 'max_depth': 10, 'learning_rate': 0.2026324104011309, 'subsample': 0.6778800931845276, 'colsample_bytree': 0.7348668789339975, 'gamma': 4.207512174962662, 'min_child_weight': 1}. Best is trial 38 with value: 0.8125586854460094.
c:\Users\x-hp\AppData\Local\Programs\Python\Python311\Lib\site-packages\xgboost\training.py:183: UserWarning: [00:09:38] WARNING: C:\actions-runner\_work\xgboost\xgboost\src\learner.cc:738:
Parameters: { "use_label_encoder" } are not used.

  bst.update(dtrain, iteration=i, fobj=obj)
c:\Users\x-hp\AppData\Local\Programs\Python\Python311\Lib\site-packages\xgboost\training.py:183: UserWarning: [00:09:38] WARNING: C:\actions-runner\_work\xgboost\xgboost\src\learner.cc:738:
Parameters: { "use_label_encoder" } are not used.

  bst.update(dtrain, iteration=i, fobj=obj)
c:\Users\x-hp\AppData\Local\Programs\Python\Python311\Lib\site-packages\xgboost\training.py:183: UserWarning: [00:09:38] WARNING: C:\actions-runner\_work\xgboost\xgboost\src\learner.cc:738:
Parameters: { "use_label_encoder" } are not used.

  bst.update(dtrain, iteration=i, fobj=obj)
c:\Users\x-hp\AppData\Local\Programs\Python\Python311\Lib\site-packages\xgboost\training.py:183: UserWarning: [00:09:38] WARNING: C:\actions-runner\_work\xgboost\xgboost\src\learner.cc:738:
Parameters: { "use_label_encoder" } are not used.

  bst.update(dtrain, iteration=i, fobj=obj)
c:\Users\x-hp\AppData\Local\Programs\Python\Python311\Lib\site-packages\xgboost\training.py:183: UserWarning: [00:09:39] WARNING: C:\actions-runner\_work\xgboost\xgboost\src\learner.cc:738:
Parameters: { "use_label_encoder" } are not used.

  bst.update(dtrain, iteration=i, fobj=obj)
[I 2025-05-02 00:09:39,080] Trial 39 finished with value: 0.7872848200312988 and parameters: {'n_estimators': 154, 'max_depth': 10, 'learning_rate': 0.15496208561948452, 'subsample': 0.6649517963161755, 'colsample_bytree': 0.7549607907457834, 'gamma': 4.6898436701573445, 'min_child_weight': 1}. Best is trial 38 with value: 0.8125586854460094.
c:\Users\x-hp\AppData\Local\Programs\Python\Python311\Lib\site-packages\xgboost\training.py:183: UserWarning: [00:09:39] WARNING: C:\actions-runner\_work\xgboost\xgboost\src\learner.cc:738:
Parameters: { "use_label_encoder" } are not used.

  bst.update(dtrain, iteration=i, fobj=obj)
c:\Users\x-hp\AppData\Local\Programs\Python\Python311\Lib\site-packages\xgboost\training.py:183: UserWarning: [00:09:39] WARNING: C:\actions-runner\_work\xgboost\xgboost\src\learner.cc:738:
Parameters: { "use_label_encoder" } are not used.

  bst.update(dtrain, iteration=i, fobj=obj)
c:\Users\x-hp\AppData\Local\Programs\Python\Python311\Lib\site-packages\xgboost\training.py:183: UserWarning: [00:09:39] WARNING: C:\actions-runner\_work\xgboost\xgboost\src\learner.cc:738:
Parameters: { "use_label_encoder" } are not used.

  bst.update(dtrain, iteration=i, fobj=obj)
c:\Users\x-hp\AppData\Local\Programs\Python\Python311\Lib\site-packages\xgboost\training.py:183: UserWarning: [00:09:39] WARNING: C:\actions-runner\_work\xgboost\xgboost\src\learner.cc:738:
Parameters: { "use_label_encoder" } are not used.

  bst.update(dtrain, iteration=i, fobj=obj)
c:\Users\x-hp\AppData\Local\Programs\Python\Python311\Lib\site-packages\xgboost\training.py:183: UserWarning: [00:09:39] WARNING: C:\actions-runner\_work\xgboost\xgboost\src\learner.cc:738:
Parameters: { "use_label_encoder" } are not used.

  bst.update(dtrain, iteration=i, fobj=obj)
