[I 2025-05-04 01:18:40,425] Trial 167 finished with value: 0.8144246581393096 and parameters: {'n_estimators': 287, 'max_depth': 10, 'learning_rate': 0.014308555398174116, 'subsample': 0.626364730497047, 'colsample_bytree': 0.7769960058553026, 'gamma': 0.11309298873025453, 'min_child_weight': 3}. Best is trial 7 with value: 0.8309731505607795.
c:\Users\x-hp\OneDrive - National Economics University\Desktop\ML Ops\.venv\Lib\site-packages\xgboost\training.py:183: UserWarning: [01:18:40] WARNING: C:\actions-runner\_work\xgboost\xgboost\src\learner.cc:738:
Parameters: { "use_label_encoder" } are not used.

  bst.update(dtrain, iteration=i, fobj=obj)
c:\Users\x-hp\OneDrive - National Economics University\Desktop\ML Ops\.venv\Lib\site-packages\xgboost\training.py:183: UserWarning: [01:18:40] WARNING: C:\actions-runner\_work\xgboost\xgboost\src\learner.cc:738:
Parameters: { "use_label_encoder" } are not used.

  bst.update(dtrain, iteration=i, fobj=obj)
c:\Users\x-hp\OneDrive - National Economics University\Desktop\ML Ops\.venv\Lib\site-packages\xgboost\training.py:183: UserWarning: [01:18:41] WARNING: C:\actions-runner\_work\xgboost\xgboost\src\learner.cc:738:
Parameters: { "use_label_encoder" } are not used.

  bst.update(dtrain, iteration=i, fobj=obj)
[I 2025-05-04 01:18:41,469] Trial 168 finished with value: 0.8135421169582661 and parameters: {'n_estimators': 292, 'max_depth': 10, 'learning_rate': 0.03900326790887571, 'subsample': 0.6126393963960778, 'colsample_bytree': 0.7865656946357202, 'gamma': 0.24213234130510025, 'min_child_weight': 2}. Best is trial 7 with value: 0.8309731505607795.
c:\Users\x-hp\OneDrive - National Economics University\Desktop\ML Ops\.venv\Lib\site-packages\xgboost\training.py:183: UserWarning: [01:18:41] WARNING: C:\actions-runner\_work\xgboost\xgboost\src\learner.cc:738:
Parameters: { "use_label_encoder" } are not used.

  bst.update(dtrain, iteration=i, fobj=obj)
c:\Users\x-hp\OneDrive - National Economics University\Desktop\ML Ops\.venv\Lib\site-packages\xgboost\training.py:183: UserWarning: [01:18:42] WARNING: C:\actions-runner\_work\xgboost\xgboost\src\learner.cc:738:
Parameters: { "use_label_encoder" } are not used.

  bst.update(dtrain, iteration=i, fobj=obj)
c:\Users\x-hp\OneDrive - National Economics University\Desktop\ML Ops\.venv\Lib\site-packages\xgboost\training.py:183: UserWarning: [01:18:42] WARNING: C:\actions-runner\_work\xgboost\xgboost\src\learner.cc:738:
Parameters: { "use_label_encoder" } are not used.

  bst.update(dtrain, iteration=i, fobj=obj)
[I 2025-05-04 01:18:43,001] Trial 169 finished with value: 0.8217235636754876 and parameters: {'n_estimators': 287, 'max_depth': 10, 'learning_rate': 0.026801796271297328, 'subsample': 0.6719536493646594, 'colsample_bytree': 0.7327107596459812, 'gamma': 0.6034406454776203, 'min_child_weight': 3}. Best is trial 7 with value: 0.8309731505607795.
c:\Users\x-hp\OneDrive - National Economics University\Desktop\ML Ops\.venv\Lib\site-packages\xgboost\training.py:183: UserWarning: [01:18:43] WARNING: C:\actions-runner\_work\xgboost\xgboost\src\learner.cc:738:
Parameters: { "use_label_encoder" } are not used.

  bst.update(dtrain, iteration=i, fobj=obj)
c:\Users\x-hp\OneDrive - National Economics University\Desktop\ML Ops\.venv\Lib\site-packages\xgboost\training.py:183: UserWarning: [01:18:43] WARNING: C:\actions-runner\_work\xgboost\xgboost\src\learner.cc:738:
Parameters: { "use_label_encoder" } are not used.

  bst.update(dtrain, iteration=i, fobj=obj)
c:\Users\x-hp\OneDrive - National Economics University\Desktop\ML Ops\.venv\Lib\site-packages\xgboost\training.py:183: UserWarning: [01:18:43] WARNING: C:\actions-runner\_work\xgboost\xgboost\src\learner.cc:738:
Parameters: { "use_label_encoder" } are not used.

  bst.update(dtrain, iteration=i, fobj=obj)
[I 2025-05-04 01:18:44,006] Trial 170 finished with value: 0.8240339434742969 and parameters: {'n_estimators': 276, 'max_depth': 10, 'learning_rate': 0.0256129579874824, 'subsample': 0.655943405415815, 'colsample_bytree': 0.7336396287778679, 'gamma': 0.41878695329544746, 'min_child_weight': 3}. Best is trial 7 with value: 0.8309731505607795.
c:\Users\x-hp\OneDrive - National Economics University\Desktop\ML Ops\.venv\Lib\site-packages\xgboost\training.py:183: UserWarning: [01:18:44] WARNING: C:\actions-runner\_work\xgboost\xgboost\src\learner.cc:738:
Parameters: { "use_label_encoder" } are not used.

  bst.update(dtrain, iteration=i, fobj=obj)
c:\Users\x-hp\OneDrive - National Economics University\Desktop\ML Ops\.venv\Lib\site-packages\xgboost\training.py:183: UserWarning: [01:18:44] WARNING: C:\actions-runner\_work\xgboost\xgboost\src\learner.cc:738:
Parameters: { "use_label_encoder" } are not used.

  bst.update(dtrain, iteration=i, fobj=obj)
c:\Users\x-hp\OneDrive - National Economics University\Desktop\ML Ops\.venv\Lib\site-packages\xgboost\training.py:183: UserWarning: [01:18:44] WARNING: C:\actions-runner\_work\xgboost\xgboost\src\learner.cc:738:
Parameters: { "use_label_encoder" } are not used.

  bst.update(dtrain, iteration=i, fobj=obj)
[I 2025-05-04 01:18:44,987] Trial 171 finished with value: 0.8210729052403809 and parameters: {'n_estimators': 277, 'max_depth': 10, 'learning_rate': 0.023830538007494934, 'subsample': 0.6564311810765372, 'colsample_bytree': 0.7319022828381955, 'gamma': 0.6323609651687305, 'min_child_weight': 3}. Best is trial 7 with value: 0.8309731505607795.
c:\Users\x-hp\OneDrive - National Economics University\Desktop\ML Ops\.venv\Lib\site-packages\xgboost\training.py:183: UserWarning: [01:18:45] WARNING: C:\actions-runner\_work\xgboost\xgboost\src\learner.cc:738:
Parameters: { "use_label_encoder" } are not used.

  bst.update(dtrain, iteration=i, fobj=obj)
c:\Users\x-hp\OneDrive - National Economics University\Desktop\ML Ops\.venv\Lib\site-packages\xgboost\training.py:183: UserWarning: [01:18:45] WARNING: C:\actions-runner\_work\xgboost\xgboost\src\learner.cc:738:
Parameters: { "use_label_encoder" } are not used.

  bst.update(dtrain, iteration=i, fobj=obj)
c:\Users\x-hp\OneDrive - National Economics University\Desktop\ML Ops\.venv\Lib\site-packages\xgboost\training.py:183: UserWarning: [01:18:46] WARNING: C:\actions-runner\_work\xgboost\xgboost\src\learner.cc:738:
Parameters: { "use_label_encoder" } are not used.

  bst.update(dtrain, iteration=i, fobj=obj)
[I 2025-05-04 01:18:46,409] Trial 172 finished with value: 0.8184479279565061 and parameters: {'n_estimators': 287, 'max_depth': 10, 'learning_rate': 0.01494710032057114, 'subsample': 0.6520351997437723, 'colsample_bytree': 0.7337174493162651, 'gamma': 0.6793490497309657, 'min_child_weight': 3}. Best is trial 7 with value: 0.8309731505607795.
c:\Users\x-hp\OneDrive - National Economics University\Desktop\ML Ops\.venv\Lib\site-packages\xgboost\training.py:183: UserWarning: [01:18:46] WARNING: C:\actions-runner\_work\xgboost\xgboost\src\learner.cc:738:
Parameters: { "use_label_encoder" } are not used.

  bst.update(dtrain, iteration=i, fobj=obj)
c:\Users\x-hp\OneDrive - National Economics University\Desktop\ML Ops\.venv\Lib\site-packages\xgboost\training.py:183: UserWarning: [01:18:46] WARNING: C:\actions-runner\_work\xgboost\xgboost\src\learner.cc:738:
Parameters: { "use_label_encoder" } are not used.

  bst.update(dtrain, iteration=i, fobj=obj)
c:\Users\x-hp\OneDrive - National Economics University\Desktop\ML Ops\.venv\Lib\site-packages\xgboost\training.py:183: UserWarning: [01:18:47] WARNING: C:\actions-runner\_work\xgboost\xgboost\src\learner.cc:738:
Parameters: { "use_label_encoder" } are not used.

  bst.update(dtrain, iteration=i, fobj=obj)
[I 2025-05-04 01:18:47,475] Trial 173 finished with value: 0.8204522835247866 and parameters: {'n_estimators': 278, 'max_depth': 10, 'learning_rate': 0.022912931769395607, 'subsample': 0.6590466471891303, 'colsample_bytree': 0.7417868211655286, 'gamma': 0.4114692697141866, 'min_child_weight': 3}. Best is trial 7 with value: 0.8309731505607795.
c:\Users\x-hp\OneDrive - National Economics University\Desktop\ML Ops\.venv\Lib\site-packages\xgboost\training.py:183: UserWarning: [01:18:47] WARNING: C:\actions-runner\_work\xgboost\xgboost\src\learner.cc:738:
Parameters: { "use_label_encoder" } are not used.

  bst.update(dtrain, iteration=i, fobj=obj)
c:\Users\x-hp\OneDrive - National Economics University\Desktop\ML Ops\.venv\Lib\site-packages\xgboost\training.py:183: UserWarning: [01:18:47] WARNING: C:\actions-runner\_work\xgboost\xgboost\src\learner.cc:738:
Parameters: { "use_label_encoder" } are not used.

  bst.update(dtrain, iteration=i, fobj=obj)
c:\Users\x-hp\OneDrive - National Economics University\Desktop\ML Ops\.venv\Lib\site-packages\xgboost\training.py:183: UserWarning: [01:18:48] WARNING: C:\actions-runner\_work\xgboost\xgboost\src\learner.cc:738:
Parameters: { "use_label_encoder" } are not used.

  bst.update(dtrain, iteration=i, fobj=obj)
[I 2025-05-04 01:18:48,536] Trial 174 finished with value: 0.8136733324233324 and parameters: {'n_estimators': 268, 'max_depth': 10, 'learning_rate': 0.02894772634977806, 'subsample': 0.6438746776351671, 'colsample_bytree': 0.7288024761208106, 'gamma': 0.6058273375198412, 'min_child_weight': 3}. Best is trial 7 with value: 0.8309731505607795.
c:\Users\x-hp\OneDrive - National Economics University\Desktop\ML Ops\.venv\Lib\site-packages\xgboost\training.py:183: UserWarning: [01:18:48] WARNING: C:\actions-runner\_work\xgboost\xgboost\src\learner.cc:738:
Parameters: { "use_label_encoder" } are not used.

  bst.update(dtrain, iteration=i, fobj=obj)
c:\Users\x-hp\OneDrive - National Economics University\Desktop\ML Ops\.venv\Lib\site-packages\xgboost\training.py:183: UserWarning: [01:18:48] WARNING: C:\actions-runner\_work\xgboost\xgboost\src\learner.cc:738:
Parameters: { "use_label_encoder" } are not used.

  bst.update(dtrain, iteration=i, fobj=obj)
c:\Users\x-hp\OneDrive - National Economics University\Desktop\ML Ops\.venv\Lib\site-packages\xgboost\training.py:183: UserWarning: [01:18:49] WARNING: C:\actions-runner\_work\xgboost\xgboost\src\learner.cc:738:
Parameters: { "use_label_encoder" } are not used.

  bst.update(dtrain, iteration=i, fobj=obj)
[I 2025-05-04 01:18:49,400] Trial 175 finished with value: 0.8172331886552531 and parameters: {'n_estimators': 257, 'max_depth': 10, 'learning_rate': 0.03441793950577115, 'subsample': 0.6338501274311947, 'colsample_bytree': 0.7507073733811324, 'gamma': 0.8211108756022555, 'min_child_weight': 3}. Best is trial 7 with value: 0.8309731505607795.
c:\Users\x-hp\OneDrive - National Economics University\Desktop\ML Ops\.venv\Lib\site-packages\xgboost\training.py:183: UserWarning: [01:18:49] WARNING: C:\actions-runner\_work\xgboost\xgboost\src\learner.cc:738:
Parameters: { "use_label_encoder" } are not used.

  bst.update(dtrain, iteration=i, fobj=obj)
c:\Users\x-hp\OneDrive - National Economics University\Desktop\ML Ops\.venv\Lib\site-packages\xgboost\training.py:183: UserWarning: [01:18:49] WARNING: C:\actions-runner\_work\xgboost\xgboost\src\learner.cc:738:
Parameters: { "use_label_encoder" } are not used.

  bst.update(dtrain, iteration=i, fobj=obj)
c:\Users\x-hp\OneDrive - National Economics University\Desktop\ML Ops\.venv\Lib\site-packages\xgboost\training.py:183: UserWarning: [01:18:50] WARNING: C:\actions-runner\_work\xgboost\xgboost\src\learner.cc:738:
Parameters: { "use_label_encoder" } are not used.

  bst.update(dtrain, iteration=i, fobj=obj)
[I 2025-05-04 01:18:50,487] Trial 176 finished with value: 0.818167954050307 and parameters: {'n_estimators': 274, 'max_depth': 10, 'learning_rate': 0.010592192128041088, 'subsample': 0.6223723691059582, 'colsample_bytree': 0.7360893634225258, 'gamma': 0.48493494283933736, 'min_child_weight': 3}. Best is trial 7 with value: 0.8309731505607795.
c:\Users\x-hp\OneDrive - National Economics University\Desktop\ML Ops\.venv\Lib\site-packages\xgboost\training.py:183: UserWarning: [01:18:50] WARNING: C:\actions-runner\_work\xgboost\xgboost\src\learner.cc:738:
Parameters: { "use_label_encoder" } are not used.

  bst.update(dtrain, iteration=i, fobj=obj)
c:\Users\x-hp\OneDrive - National Economics University\Desktop\ML Ops\.venv\Lib\site-packages\xgboost\training.py:183: UserWarning: [01:18:51] WARNING: C:\actions-runner\_work\xgboost\xgboost\src\learner.cc:738:
Parameters: { "use_label_encoder" } are not used.

  bst.update(dtrain, iteration=i, fobj=obj)
c:\Users\x-hp\OneDrive - National Economics University\Desktop\ML Ops\.venv\Lib\site-packages\xgboost\training.py:183: UserWarning: [01:18:51] WARNING: C:\actions-runner\_work\xgboost\xgboost\src\learner.cc:738:
Parameters: { "use_label_encoder" } are not used.

  bst.update(dtrain, iteration=i, fobj=obj)
[I 2025-05-04 01:18:52,074] Trial 177 finished with value: 0.8183223828671645 and parameters: {'n_estimators': 296, 'max_depth': 10, 'learning_rate': 0.04018604445594807, 'subsample': 0.6437664833065656, 'colsample_bytree': 0.7475409441182437, 'gamma': 0.110441439731484, 'min_child_weight': 3}. Best is trial 7 with value: 0.8309731505607795.
c:\Users\x-hp\OneDrive - National Economics University\Desktop\ML Ops\.venv\Lib\site-packages\xgboost\training.py:183: UserWarning: [01:18:52] WARNING: C:\actions-runner\_work\xgboost\xgboost\src\learner.cc:738:
Parameters: { "use_label_encoder" } are not used.

  bst.update(dtrain, iteration=i, fobj=obj)
c:\Users\x-hp\OneDrive - National Economics University\Desktop\ML Ops\.venv\Lib\site-packages\xgboost\training.py:183: UserWarning: [01:18:52] WARNING: C:\actions-runner\_work\xgboost\xgboost\src\learner.cc:738:
Parameters: { "use_label_encoder" } are not used.

  bst.update(dtrain, iteration=i, fobj=obj)
c:\Users\x-hp\OneDrive - National Economics University\Desktop\ML Ops\.venv\Lib\site-packages\xgboost\training.py:183: UserWarning: [01:18:52] WARNING: C:\actions-runner\_work\xgboost\xgboost\src\learner.cc:738:
Parameters: { "use_label_encoder" } are not used.

  bst.update(dtrain, iteration=i, fobj=obj)
[I 2025-05-04 01:18:53,336] Trial 178 finished with value: 0.8106769047945518 and parameters: {'n_estimators': 288, 'max_depth': 10, 'learning_rate': 0.020706339743568582, 'subsample': 0.6532041107092744, 'colsample_bytree': 0.7614831579047158, 'gamma': 0.38061370157208896, 'min_child_weight': 2}. Best is trial 7 with value: 0.8309731505607795.
c:\Users\x-hp\OneDrive - National Economics University\Desktop\ML Ops\.venv\Lib\site-packages\xgboost\training.py:183: UserWarning: [01:18:53] WARNING: C:\actions-runner\_work\xgboost\xgboost\src\learner.cc:738:
Parameters: { "use_label_encoder" } are not used.

  bst.update(dtrain, iteration=i, fobj=obj)
c:\Users\x-hp\OneDrive - National Economics University\Desktop\ML Ops\.venv\Lib\site-packages\xgboost\training.py:183: UserWarning: [01:18:54] WARNING: C:\actions-runner\_work\xgboost\xgboost\src\learner.cc:738:
Parameters: { "use_label_encoder" } are not used.

  bst.update(dtrain, iteration=i, fobj=obj)
c:\Users\x-hp\OneDrive - National Economics University\Desktop\ML Ops\.venv\Lib\site-packages\xgboost\training.py:183: UserWarning: [01:18:54] WARNING: C:\actions-runner\_work\xgboost\xgboost\src\learner.cc:738:
Parameters: { "use_label_encoder" } are not used.

  bst.update(dtrain, iteration=i, fobj=obj)
[I 2025-05-04 01:18:54,925] Trial 179 finished with value: 0.8191860663307363 and parameters: {'n_estimators': 269, 'max_depth': 10, 'learning_rate': 0.02433425501797555, 'subsample': 0.6075677002200033, 'colsample_bytree': 0.828490509369745, 'gamma': 0.07806950371848977, 'min_child_weight': 3}. Best is trial 7 with value: 0.8309731505607795.
c:\Users\x-hp\OneDrive - National Economics University\Desktop\ML Ops\.venv\Lib\site-packages\xgboost\training.py:183: UserWarning: [01:18:55] WARNING: C:\actions-runner\_work\xgboost\xgboost\src\learner.cc:738:
Parameters: { "use_label_encoder" } are not used.

  bst.update(dtrain, iteration=i, fobj=obj)
c:\Users\x-hp\OneDrive - National Economics University\Desktop\ML Ops\.venv\Lib\site-packages\xgboost\training.py:183: UserWarning: [01:18:55] WARNING: C:\actions-runner\_work\xgboost\xgboost\src\learner.cc:738:
Parameters: { "use_label_encoder" } are not used.

  bst.update(dtrain, iteration=i, fobj=obj)
c:\Users\x-hp\OneDrive - National Economics University\Desktop\ML Ops\.venv\Lib\site-packages\xgboost\training.py:183: UserWarning: [01:18:55] WARNING: C:\actions-runner\_work\xgboost\xgboost\src\learner.cc:738:
Parameters: { "use_label_encoder" } are not used.

  bst.update(dtrain, iteration=i, fobj=obj)
[I 2025-05-04 01:18:55,962] Trial 180 finished with value: 0.8127601289134438 and parameters: {'n_estimators': 206, 'max_depth': 9, 'learning_rate': 0.017034608520609756, 'subsample': 0.6298240078752233, 'colsample_bytree': 0.7289584964521019, 'gamma': 2.6030033788716325, 'min_child_weight': 3}. Best is trial 7 with value: 0.8309731505607795.
c:\Users\x-hp\OneDrive - National Economics University\Desktop\ML Ops\.venv\Lib\site-packages\xgboost\training.py:183: UserWarning: [01:18:56] WARNING: C:\actions-runner\_work\xgboost\xgboost\src\learner.cc:738:
Parameters: { "use_label_encoder" } are not used.

  bst.update(dtrain, iteration=i, fobj=obj)
c:\Users\x-hp\OneDrive - National Economics University\Desktop\ML Ops\.venv\Lib\site-packages\xgboost\training.py:183: UserWarning: [01:18:56] WARNING: C:\actions-runner\_work\xgboost\xgboost\src\learner.cc:738:
Parameters: { "use_label_encoder" } are not used.

  bst.update(dtrain, iteration=i, fobj=obj)
c:\Users\x-hp\OneDrive - National Economics University\Desktop\ML Ops\.venv\Lib\site-packages\xgboost\training.py:183: UserWarning: [01:18:56] WARNING: C:\actions-runner\_work\xgboost\xgboost\src\learner.cc:738:
Parameters: { "use_label_encoder" } are not used.

  bst.update(dtrain, iteration=i, fobj=obj)
[I 2025-05-04 01:18:57,072] Trial 181 finished with value: 0.8212503037245306 and parameters: {'n_estimators': 276, 'max_depth': 10, 'learning_rate': 0.0267021848968935, 'subsample': 0.6585363651621823, 'colsample_bytree': 0.7415705610229308, 'gamma': 0.55283146749833, 'min_child_weight': 3}. Best is trial 7 with value: 0.8309731505607795.
c:\Users\x-hp\OneDrive - National Economics University\Desktop\ML Ops\.venv\Lib\site-packages\xgboost\training.py:183: UserWarning: [01:18:57] WARNING: C:\actions-runner\_work\xgboost\xgboost\src\learner.cc:738:
Parameters: { "use_label_encoder" } are not used.

  bst.update(dtrain, iteration=i, fobj=obj)
c:\Users\x-hp\OneDrive - National Economics University\Desktop\ML Ops\.venv\Lib\site-packages\xgboost\training.py:183: UserWarning: [01:18:57] WARNING: C:\actions-runner\_work\xgboost\xgboost\src\learner.cc:738:
Parameters: { "use_label_encoder" } are not used.

  bst.update(dtrain, iteration=i, fobj=obj)
c:\Users\x-hp\OneDrive - National Economics University\Desktop\ML Ops\.venv\Lib\site-packages\xgboost\training.py:183: UserWarning: [01:18:57] WARNING: C:\actions-runner\_work\xgboost\xgboost\src\learner.cc:738:
Parameters: { "use_label_encoder" } are not used.

  bst.update(dtrain, iteration=i, fobj=obj)
[I 2025-05-04 01:18:58,098] Trial 182 finished with value: 0.8229343120647469 and parameters: {'n_estimators': 281, 'max_depth': 10, 'learning_rate': 0.031459568671623, 'subsample': 0.670681504353545, 'colsample_bytree': 0.7457370150423487, 'gamma': 0.6345178800942831, 'min_child_weight': 3}. Best is trial 7 with value: 0.8309731505607795.
c:\Users\x-hp\OneDrive - National Economics University\Desktop\ML Ops\.venv\Lib\site-packages\xgboost\training.py:183: UserWarning: [01:18:58] WARNING: C:\actions-runner\_work\xgboost\xgboost\src\learner.cc:738:
Parameters: { "use_label_encoder" } are not used.

  bst.update(dtrain, iteration=i, fobj=obj)
c:\Users\x-hp\OneDrive - National Economics University\Desktop\ML Ops\.venv\Lib\site-packages\xgboost\training.py:183: UserWarning: [01:18:58] WARNING: C:\actions-runner\_work\xgboost\xgboost\src\learner.cc:738:
Parameters: { "use_label_encoder" } are not used.

  bst.update(dtrain, iteration=i, fobj=obj)
c:\Users\x-hp\OneDrive - National Economics University\Desktop\ML Ops\.venv\Lib\site-packages\xgboost\training.py:183: UserWarning: [01:18:58] WARNING: C:\actions-runner\_work\xgboost\xgboost\src\learner.cc:738:
Parameters: { "use_label_encoder" } are not used.

  bst.update(dtrain, iteration=i, fobj=obj)
[I 2025-05-04 01:18:58,961] Trial 183 finished with value: 0.8140624658954011 and parameters: {'n_estimators': 281, 'max_depth': 10, 'learning_rate': 0.034038703877743784, 'subsample': 0.6728861707059224, 'colsample_bytree': 0.7425550057178544, 'gamma': 0.7810691469260389, 'min_child_weight': 3}. Best is trial 7 with value: 0.8309731505607795.
c:\Users\x-hp\OneDrive - National Economics University\Desktop\ML Ops\.venv\Lib\site-packages\xgboost\training.py:183: UserWarning: [01:18:59] WARNING: C:\actions-runner\_work\xgboost\xgboost\src\learner.cc:738:
Parameters: { "use_label_encoder" } are not used.

  bst.update(dtrain, iteration=i, fobj=obj)
c:\Users\x-hp\OneDrive - National Economics University\Desktop\ML Ops\.venv\Lib\site-packages\xgboost\training.py:183: UserWarning: [01:18:59] WARNING: C:\actions-runner\_work\xgboost\xgboost\src\learner.cc:738:
Parameters: { "use_label_encoder" } are not used.

  bst.update(dtrain, iteration=i, fobj=obj)
c:\Users\x-hp\OneDrive - National Economics University\Desktop\ML Ops\.venv\Lib\site-packages\xgboost\training.py:183: UserWarning: [01:19:00] WARNING: C:\actions-runner\_work\xgboost\xgboost\src\learner.cc:738:
Parameters: { "use_label_encoder" } are not used.

  bst.update(dtrain, iteration=i, fobj=obj)
