[I 2025-05-04 01:26:33,901] Trial 490 finished with value: 0.8153427567240477 and parameters: {'n_estimators': 249, 'max_depth': 5, 'learning_rate': 0.03308391154114853, 'subsample': 0.6309687660310453, 'colsample_bytree': 0.8102323007702363, 'gamma': 0.7153719668077516, 'min_child_weight': 1}. Best is trial 7 with value: 0.8309731505607795.
c:\Users\x-hp\OneDrive - National Economics University\Desktop\ML Ops\.venv\Lib\site-packages\xgboost\training.py:183: UserWarning: [01:26:34] WARNING: C:\actions-runner\_work\xgboost\xgboost\src\learner.cc:738:
Parameters: { "use_label_encoder" } are not used.

  bst.update(dtrain, iteration=i, fobj=obj)
c:\Users\x-hp\OneDrive - National Economics University\Desktop\ML Ops\.venv\Lib\site-packages\xgboost\training.py:183: UserWarning: [01:26:34] WARNING: C:\actions-runner\_work\xgboost\xgboost\src\learner.cc:738:
Parameters: { "use_label_encoder" } are not used.

  bst.update(dtrain, iteration=i, fobj=obj)
c:\Users\x-hp\OneDrive - National Economics University\Desktop\ML Ops\.venv\Lib\site-packages\xgboost\training.py:183: UserWarning: [01:26:34] WARNING: C:\actions-runner\_work\xgboost\xgboost\src\learner.cc:738:
Parameters: { "use_label_encoder" } are not used.

  bst.update(dtrain, iteration=i, fobj=obj)
[I 2025-05-04 01:26:35,116] Trial 491 finished with value: 0.8174791042103501 and parameters: {'n_estimators': 239, 'max_depth': 5, 'learning_rate': 0.02631349144646438, 'subsample': 0.6420985478196067, 'colsample_bytree': 0.6610576542740116, 'gamma': 0.8029409806134395, 'min_child_weight': 1}. Best is trial 7 with value: 0.8309731505607795.
c:\Users\x-hp\OneDrive - National Economics University\Desktop\ML Ops\.venv\Lib\site-packages\xgboost\training.py:183: UserWarning: [01:26:35] WARNING: C:\actions-runner\_work\xgboost\xgboost\src\learner.cc:738:
Parameters: { "use_label_encoder" } are not used.

  bst.update(dtrain, iteration=i, fobj=obj)
c:\Users\x-hp\OneDrive - National Economics University\Desktop\ML Ops\.venv\Lib\site-packages\xgboost\training.py:183: UserWarning: [01:26:35] WARNING: C:\actions-runner\_work\xgboost\xgboost\src\learner.cc:738:
Parameters: { "use_label_encoder" } are not used.

  bst.update(dtrain, iteration=i, fobj=obj)
c:\Users\x-hp\OneDrive - National Economics University\Desktop\ML Ops\.venv\Lib\site-packages\xgboost\training.py:183: UserWarning: [01:26:36] WARNING: C:\actions-runner\_work\xgboost\xgboost\src\learner.cc:738:
Parameters: { "use_label_encoder" } are not used.

  bst.update(dtrain, iteration=i, fobj=obj)
[I 2025-05-04 01:26:36,334] Trial 492 finished with value: 0.8288270545981443 and parameters: {'n_estimators': 229, 'max_depth': 5, 'learning_rate': 0.01994714835893004, 'subsample': 0.6210202289509736, 'colsample_bytree': 0.8412753009255967, 'gamma': 1.52451712195457, 'min_child_weight': 1}. Best is trial 7 with value: 0.8309731505607795.
c:\Users\x-hp\OneDrive - National Economics University\Desktop\ML Ops\.venv\Lib\site-packages\xgboost\training.py:183: UserWarning: [01:26:36] WARNING: C:\actions-runner\_work\xgboost\xgboost\src\learner.cc:738:
Parameters: { "use_label_encoder" } are not used.

  bst.update(dtrain, iteration=i, fobj=obj)
c:\Users\x-hp\OneDrive - National Economics University\Desktop\ML Ops\.venv\Lib\site-packages\xgboost\training.py:183: UserWarning: [01:26:36] WARNING: C:\actions-runner\_work\xgboost\xgboost\src\learner.cc:738:
Parameters: { "use_label_encoder" } are not used.

  bst.update(dtrain, iteration=i, fobj=obj)
c:\Users\x-hp\OneDrive - National Economics University\Desktop\ML Ops\.venv\Lib\site-packages\xgboost\training.py:183: UserWarning: [01:26:37] WARNING: C:\actions-runner\_work\xgboost\xgboost\src\learner.cc:738:
Parameters: { "use_label_encoder" } are not used.

  bst.update(dtrain, iteration=i, fobj=obj)
[I 2025-05-04 01:26:37,655] Trial 493 finished with value: 0.8211937845510234 and parameters: {'n_estimators': 229, 'max_depth': 5, 'learning_rate': 0.023492690862593188, 'subsample': 0.6092509838717541, 'colsample_bytree': 0.8507573493531055, 'gamma': 0.6330953049188919, 'min_child_weight': 1}. Best is trial 7 with value: 0.8309731505607795.
c:\Users\x-hp\OneDrive - National Economics University\Desktop\ML Ops\.venv\Lib\site-packages\xgboost\training.py:183: UserWarning: [01:26:37] WARNING: C:\actions-runner\_work\xgboost\xgboost\src\learner.cc:738:
Parameters: { "use_label_encoder" } are not used.

  bst.update(dtrain, iteration=i, fobj=obj)
c:\Users\x-hp\OneDrive - National Economics University\Desktop\ML Ops\.venv\Lib\site-packages\xgboost\training.py:183: UserWarning: [01:26:38] WARNING: C:\actions-runner\_work\xgboost\xgboost\src\learner.cc:738:
Parameters: { "use_label_encoder" } are not used.

  bst.update(dtrain, iteration=i, fobj=obj)
c:\Users\x-hp\OneDrive - National Economics University\Desktop\ML Ops\.venv\Lib\site-packages\xgboost\training.py:183: UserWarning: [01:26:38] WARNING: C:\actions-runner\_work\xgboost\xgboost\src\learner.cc:738:
Parameters: { "use_label_encoder" } are not used.

  bst.update(dtrain, iteration=i, fobj=obj)
[I 2025-05-04 01:26:38,961] Trial 494 finished with value: 0.8135041540580584 and parameters: {'n_estimators': 222, 'max_depth': 3, 'learning_rate': 0.03548589420643698, 'subsample': 0.6004479194440053, 'colsample_bytree': 0.8444834181686939, 'gamma': 1.6877677811400904, 'min_child_weight': 1}. Best is trial 7 with value: 0.8309731505607795.
c:\Users\x-hp\OneDrive - National Economics University\Desktop\ML Ops\.venv\Lib\site-packages\xgboost\training.py:183: UserWarning: [01:26:39] WARNING: C:\actions-runner\_work\xgboost\xgboost\src\learner.cc:738:
Parameters: { "use_label_encoder" } are not used.

  bst.update(dtrain, iteration=i, fobj=obj)
c:\Users\x-hp\OneDrive - National Economics University\Desktop\ML Ops\.venv\Lib\site-packages\xgboost\training.py:183: UserWarning: [01:26:39] WARNING: C:\actions-runner\_work\xgboost\xgboost\src\learner.cc:738:
Parameters: { "use_label_encoder" } are not used.

  bst.update(dtrain, iteration=i, fobj=obj)
c:\Users\x-hp\OneDrive - National Economics University\Desktop\ML Ops\.venv\Lib\site-packages\xgboost\training.py:183: UserWarning: [01:26:40] WARNING: C:\actions-runner\_work\xgboost\xgboost\src\learner.cc:738:
Parameters: { "use_label_encoder" } are not used.

  bst.update(dtrain, iteration=i, fobj=obj)
[I 2025-05-04 01:26:40,579] Trial 495 finished with value: 0.8168694698126026 and parameters: {'n_estimators': 231, 'max_depth': 5, 'learning_rate': 0.02914850584298245, 'subsample': 0.6196066791454966, 'colsample_bytree': 0.8782069039224207, 'gamma': 0.5106740669273162, 'min_child_weight': 1}. Best is trial 7 with value: 0.8309731505607795.
c:\Users\x-hp\OneDrive - National Economics University\Desktop\ML Ops\.venv\Lib\site-packages\xgboost\training.py:183: UserWarning: [01:26:40] WARNING: C:\actions-runner\_work\xgboost\xgboost\src\learner.cc:738:
Parameters: { "use_label_encoder" } are not used.

  bst.update(dtrain, iteration=i, fobj=obj)
c:\Users\x-hp\OneDrive - National Economics University\Desktop\ML Ops\.venv\Lib\site-packages\xgboost\training.py:183: UserWarning: [01:26:41] WARNING: C:\actions-runner\_work\xgboost\xgboost\src\learner.cc:738:
Parameters: { "use_label_encoder" } are not used.

  bst.update(dtrain, iteration=i, fobj=obj)
c:\Users\x-hp\OneDrive - National Economics University\Desktop\ML Ops\.venv\Lib\site-packages\xgboost\training.py:183: UserWarning: [01:26:41] WARNING: C:\actions-runner\_work\xgboost\xgboost\src\learner.cc:738:
Parameters: { "use_label_encoder" } are not used.

  bst.update(dtrain, iteration=i, fobj=obj)
[I 2025-05-04 01:26:41,992] Trial 496 finished with value: 0.8175020494265123 and parameters: {'n_estimators': 219, 'max_depth': 5, 'learning_rate': 0.021510506555341327, 'subsample': 0.619585618189014, 'colsample_bytree': 0.7279228950980405, 'gamma': 0.5603026294108207, 'min_child_weight': 2}. Best is trial 7 with value: 0.8309731505607795.
c:\Users\x-hp\OneDrive - National Economics University\Desktop\ML Ops\.venv\Lib\site-packages\xgboost\training.py:183: UserWarning: [01:26:42] WARNING: C:\actions-runner\_work\xgboost\xgboost\src\learner.cc:738:
Parameters: { "use_label_encoder" } are not used.

  bst.update(dtrain, iteration=i, fobj=obj)
c:\Users\x-hp\OneDrive - National Economics University\Desktop\ML Ops\.venv\Lib\site-packages\xgboost\training.py:183: UserWarning: [01:26:42] WARNING: C:\actions-runner\_work\xgboost\xgboost\src\learner.cc:738:
Parameters: { "use_label_encoder" } are not used.

  bst.update(dtrain, iteration=i, fobj=obj)
c:\Users\x-hp\OneDrive - National Economics University\Desktop\ML Ops\.venv\Lib\site-packages\xgboost\training.py:183: UserWarning: [01:26:43] WARNING: C:\actions-runner\_work\xgboost\xgboost\src\learner.cc:738:
Parameters: { "use_label_encoder" } are not used.

  bst.update(dtrain, iteration=i, fobj=obj)
[I 2025-05-04 01:26:43,348] Trial 497 finished with value: 0.8194944693195207 and parameters: {'n_estimators': 227, 'max_depth': 5, 'learning_rate': 0.015175304588145762, 'subsample': 0.6077421883785064, 'colsample_bytree': 0.7890917289424032, 'gamma': 1.5128895807509168, 'min_child_weight': 1}. Best is trial 7 with value: 0.8309731505607795.
c:\Users\x-hp\OneDrive - National Economics University\Desktop\ML Ops\.venv\Lib\site-packages\xgboost\training.py:183: UserWarning: [01:26:43] WARNING: C:\actions-runner\_work\xgboost\xgboost\src\learner.cc:738:
Parameters: { "use_label_encoder" } are not used.

  bst.update(dtrain, iteration=i, fobj=obj)
c:\Users\x-hp\OneDrive - National Economics University\Desktop\ML Ops\.venv\Lib\site-packages\xgboost\training.py:183: UserWarning: [01:26:43] WARNING: C:\actions-runner\_work\xgboost\xgboost\src\learner.cc:738:
Parameters: { "use_label_encoder" } are not used.

  bst.update(dtrain, iteration=i, fobj=obj)
c:\Users\x-hp\OneDrive - National Economics University\Desktop\ML Ops\.venv\Lib\site-packages\xgboost\training.py:183: UserWarning: [01:26:44] WARNING: C:\actions-runner\_work\xgboost\xgboost\src\learner.cc:738:
Parameters: { "use_label_encoder" } are not used.

  bst.update(dtrain, iteration=i, fobj=obj)
[I 2025-05-04 01:26:44,362] Trial 498 finished with value: 0.808779229727539 and parameters: {'n_estimators': 264, 'max_depth': 5, 'learning_rate': 0.02661855300141892, 'subsample': 0.8755314042875195, 'colsample_bytree': 0.8630150737354297, 'gamma': 2.4981076699073985, 'min_child_weight': 1}. Best is trial 7 with value: 0.8309731505607795.
c:\Users\x-hp\OneDrive - National Economics University\Desktop\ML Ops\.venv\Lib\site-packages\xgboost\training.py:183: UserWarning: [01:26:44] WARNING: C:\actions-runner\_work\xgboost\xgboost\src\learner.cc:738:
Parameters: { "use_label_encoder" } are not used.

  bst.update(dtrain, iteration=i, fobj=obj)
c:\Users\x-hp\OneDrive - National Economics University\Desktop\ML Ops\.venv\Lib\site-packages\xgboost\training.py:183: UserWarning: [01:26:44] WARNING: C:\actions-runner\_work\xgboost\xgboost\src\learner.cc:738:
Parameters: { "use_label_encoder" } are not used.

  bst.update(dtrain, iteration=i, fobj=obj)
c:\Users\x-hp\OneDrive - National Economics University\Desktop\ML Ops\.venv\Lib\site-packages\xgboost\training.py:183: UserWarning: [01:26:45] WARNING: C:\actions-runner\_work\xgboost\xgboost\src\learner.cc:738:
Parameters: { "use_label_encoder" } are not used.

  bst.update(dtrain, iteration=i, fobj=obj)
[I 2025-05-04 01:26:45,258] Trial 499 finished with value: 0.801102953698707 and parameters: {'n_estimators': 225, 'max_depth': 5, 'learning_rate': 0.164143384527271, 'subsample': 0.6235846038199689, 'colsample_bytree': 0.6942982339841595, 'gamma': 0.7476462280635263, 'min_child_weight': 1}. Best is trial 7 with value: 0.8309731505607795.
04-05-2025 01:26:45 Best XGBoost params: {'n_estimators': 263, 'max_depth': 7, 'learning_rate': 0.163843267139881, 'subsample': 0.691000051319447, 'colsample_bytree': 0.6913587435822196, 'gamma': 2.6225620118282915, 'min_child_weight': 4}
[I 2025-05-04 01:26:45,268] A new study created in memory with name: no-name-f4aa28ce-92c0-4ff3-9fe4-35fd1df06d54
[I 2025-05-04 01:26:47,473] Trial 0 finished with value: 0.8049048229242112 and parameters: {'n_estimators': 108, 'max_depth': 5, 'min_samples_split': 9, 'min_samples_leaf': 1}. Best is trial 0 with value: 0.8049048229242112.
[I 2025-05-04 01:26:48,668] Trial 1 finished with value: 0.8131107185975376 and parameters: {'n_estimators': 68, 'max_depth': 10, 'min_samples_split': 7, 'min_samples_leaf': 2}. Best is trial 1 with value: 0.8131107185975376.
[I 2025-05-04 01:26:49,768] Trial 2 finished with value: 0.8129556818111591 and parameters: {'n_estimators': 83, 'max_depth': 10, 'min_samples_split': 7, 'min_samples_leaf': 3}. Best is trial 1 with value: 0.8131107185975376.
[I 2025-05-04 01:26:50,361] Trial 3 finished with value: 0.791145037424635 and parameters: {'n_estimators': 55, 'max_depth': 2, 'min_samples_split': 10, 'min_samples_leaf': 4}. Best is trial 1 with value: 0.8131107185975376.
[I 2025-05-04 01:26:52,639] Trial 4 finished with value: 0.8132454798784158 and parameters: {'n_estimators': 174, 'max_depth': 10, 'min_samples_split': 8, 'min_samples_leaf': 3}. Best is trial 4 with value: 0.8132454798784158.
[I 2025-05-04 01:26:53,144] Trial 5 finished with value: 0.7869125326075518 and parameters: {'n_estimators': 51, 'max_depth': 3, 'min_samples_split': 10, 'min_samples_leaf': 4}. Best is trial 4 with value: 0.8132454798784158.
[I 2025-05-04 01:26:54,111] Trial 6 finished with value: 0.8165343915343914 and parameters: {'n_estimators': 93, 'max_depth': 10, 'min_samples_split': 4, 'min_samples_leaf': 3}. Best is trial 6 with value: 0.8165343915343914.
[I 2025-05-04 01:26:54,702] Trial 7 finished with value: 0.8074912718290969 and parameters: {'n_estimators': 54, 'max_depth': 6, 'min_samples_split': 10, 'min_samples_leaf': 3}. Best is trial 6 with value: 0.8165343915343914.
[I 2025-05-04 01:26:56,457] Trial 8 finished with value: 0.8089644139367896 and parameters: {'n_estimators': 170, 'max_depth': 4, 'min_samples_split': 3, 'min_samples_leaf': 2}. Best is trial 6 with value: 0.8165343915343914.
[I 2025-05-04 01:26:57,817] Trial 9 finished with value: 0.8118899733806567 and parameters: {'n_estimators': 109, 'max_depth': 7, 'min_samples_split': 6, 'min_samples_leaf': 5}. Best is trial 6 with value: 0.8165343915343914.
[I 2025-05-04 01:27:00,380] Trial 10 finished with value: 0.8152226931523239 and parameters: {'n_estimators': 199, 'max_depth': 8, 'min_samples_split': 2, 'min_samples_leaf': 5}. Best is trial 6 with value: 0.8165343915343914.
[I 2025-05-04 01:27:01,931] Trial 11 finished with value: 0.8084138084138085 and parameters: {'n_estimators': 142, 'max_depth': 8, 'min_samples_split': 2, 'min_samples_leaf': 5}. Best is trial 6 with value: 0.8165343915343914.
[I 2025-05-04 01:27:04,182] Trial 12 finished with value: 0.8158960938257245 and parameters: {'n_estimators': 191, 'max_depth': 8, 'min_samples_split': 4, 'min_samples_leaf': 4}. Best is trial 6 with value: 0.8165343915343914.
[I 2025-05-04 01:27:06,064] Trial 13 finished with value: 0.8099837813405651 and parameters: {'n_estimators': 148, 'max_depth': 8, 'min_samples_split': 4, 'min_samples_leaf': 4}. Best is trial 6 with value: 0.8165343915343914.
[I 2025-05-04 01:27:07,241] Trial 14 finished with value: 0.8205330648873802 and parameters: {'n_estimators': 93, 'max_depth': 9, 'min_samples_split': 5, 'min_samples_leaf': 2}. Best is trial 14 with value: 0.8205330648873802.
[I 2025-05-04 01:27:08,372] Trial 15 finished with value: 0.8205330648873802 and parameters: {'n_estimators': 93, 'max_depth': 9, 'min_samples_split': 5, 'min_samples_leaf': 2}. Best is trial 14 with value: 0.8205330648873802.
[I 2025-05-04 01:27:10,076] Trial 16 finished with value: 0.8089113246928689 and parameters: {'n_estimators': 127, 'max_depth': 9, 'min_samples_split': 5, 'min_samples_leaf': 1}. Best is trial 14 with value: 0.8205330648873802.
[I 2025-05-04 01:27:11,031] Trial 17 finished with value: 0.8105421458810137 and parameters: {'n_estimators': 84, 'max_depth': 6, 'min_samples_split': 6, 'min_samples_leaf': 2}. Best is trial 14 with value: 0.8205330648873802.
[I 2025-05-04 01:27:12,289] Trial 18 finished with value: 0.8238498144727866 and parameters: {'n_estimators': 106, 'max_depth': 9, 'min_samples_split': 5, 'min_samples_leaf': 2}. Best is trial 18 with value: 0.8238498144727866.
[I 2025-05-04 01:27:13,658] Trial 19 finished with value: 0.8178428924783648 and parameters: {'n_estimators': 117, 'max_depth': 7, 'min_samples_split': 5, 'min_samples_leaf': 1}. Best is trial 18 with value: 0.8238498144727866.
[I 2025-05-04 01:27:15,488] Trial 20 finished with value: 0.8161589008363203 and parameters: {'n_estimators': 136, 'max_depth': 9, 'min_samples_split': 7, 'min_samples_leaf': 2}. Best is trial 18 with value: 0.8238498144727866.
[I 2025-05-04 01:27:16,638] Trial 21 finished with value: 0.8238498144727866 and parameters: {'n_estimators': 96, 'max_depth': 9, 'min_samples_split': 5, 'min_samples_leaf': 2}. Best is trial 18 with value: 0.8238498144727866.
[I 2025-05-04 01:27:17,882] Trial 22 finished with value: 0.8167729129509235 and parameters: {'n_estimators': 102, 'max_depth': 7, 'min_samples_split': 5, 'min_samples_leaf': 2}. Best is trial 18 with value: 0.8238498144727866.
[I 2025-05-04 01:27:18,785] Trial 23 finished with value: 0.8129469571093937 and parameters: {'n_estimators': 73, 'max_depth': 9, 'min_samples_split': 3, 'min_samples_leaf': 1}. Best is trial 18 with value: 0.8238498144727866.
[I 2025-05-04 01:27:20,433] Trial 24 finished with value: 0.8198253650357793 and parameters: {'n_estimators': 121, 'max_depth': 9, 'min_samples_split': 6, 'min_samples_leaf': 2}. Best is trial 18 with value: 0.8238498144727866.
[I 2025-05-04 01:27:21,255] Trial 25 finished with value: 0.8193840686226473 and parameters: {'n_estimators': 73, 'max_depth': 7, 'min_samples_split': 3, 'min_samples_leaf': 1}. Best is trial 18 with value: 0.8238498144727866.
[I 2025-05-04 01:27:22,581] Trial 26 finished with value: 0.820500471015935 and parameters: {'n_estimators': 99, 'max_depth': 8, 'min_samples_split': 6, 'min_samples_leaf': 2}. Best is trial 18 with value: 0.8238498144727866.
[I 2025-05-04 01:27:23,779] Trial 27 finished with value: 0.8081833379771525 and parameters: {'n_estimators': 86, 'max_depth': 5, 'min_samples_split': 4, 'min_samples_leaf': 3}. Best is trial 18 with value: 0.8238498144727866.
[I 2025-05-04 01:27:25,263] Trial 28 finished with value: 0.8165986690607037 and parameters: {'n_estimators': 132, 'max_depth': 10, 'min_samples_split': 5, 'min_samples_leaf': 3}. Best is trial 18 with value: 0.8238498144727866.
[I 2025-05-04 01:27:26,703] Trial 29 finished with value: 0.8074998855025163 and parameters: {'n_estimators': 111, 'max_depth': 5, 'min_samples_split': 8, 'min_samples_leaf': 1}. Best is trial 18 with value: 0.8238498144727866.
[I 2025-05-04 01:27:28,589] Trial 30 finished with value: 0.8116722408026756 and parameters: {'n_estimators': 153, 'max_depth': 9, 'min_samples_split': 8, 'min_samples_leaf': 2}. Best is trial 18 with value: 0.8238498144727866.
[I 2025-05-04 01:27:29,650] Trial 31 finished with value: 0.8205330648873802 and parameters: {'n_estimators': 94, 'max_depth': 9, 'min_samples_split': 5, 'min_samples_leaf': 2}. Best is trial 18 with value: 0.8238498144727866.
[I 2025-05-04 01:27:31,411] Trial 32 finished with value: 0.8204361315560952 and parameters: {'n_estimators': 103, 'max_depth': 10, 'min_samples_split': 6, 'min_samples_leaf': 2}. Best is trial 18 with value: 0.8238498144727866.
[I 2025-05-04 01:27:33,128] Trial 33 finished with value: 0.8136116027041241 and parameters: {'n_estimators': 79, 'max_depth': 9, 'min_samples_split': 4, 'min_samples_leaf': 1}. Best is trial 18 with value: 0.8238498144727866.
[I 2025-05-04 01:27:34,487] Trial 34 finished with value: 0.8104879226311418 and parameters: {'n_estimators': 66, 'max_depth': 8, 'min_samples_split': 7, 'min_samples_leaf': 2}. Best is trial 18 with value: 0.8238498144727866.
[I 2025-05-04 01:27:36,242] Trial 35 finished with value: 0.8214357588045355 and parameters: {'n_estimators': 92, 'max_depth': 10, 'min_samples_split': 5, 'min_samples_leaf': 2}. Best is trial 18 with value: 0.8238498144727866.
[I 2025-05-04 01:27:37,979] Trial 36 finished with value: 0.8149843964948432 and parameters: {'n_estimators': 114, 'max_depth': 10, 'min_samples_split': 5, 'min_samples_leaf': 3}. Best is trial 18 with value: 0.8238498144727866.
[I 2025-05-04 01:27:38,868] Trial 37 finished with value: 0.8080529450770567 and parameters: {'n_estimators': 61, 'max_depth': 10, 'min_samples_split': 7, 'min_samples_leaf': 3}. Best is trial 18 with value: 0.8238498144727866.
[I 2025-05-04 01:27:40,467] Trial 38 finished with value: 0.812622197590267 and parameters: {'n_estimators': 87, 'max_depth': 10, 'min_samples_split': 4, 'min_samples_leaf': 1}. Best is trial 18 with value: 0.8238498144727866.
[I 2025-05-04 01:27:41,289] Trial 39 finished with value: 0.7871047008547009 and parameters: {'n_estimators': 78, 'max_depth': 3, 'min_samples_split': 3, 'min_samples_leaf': 2}. Best is trial 18 with value: 0.8238498144727866.
[I 2025-05-04 01:27:42,509] Trial 40 finished with value: 0.8131743667083547 and parameters: {'n_estimators': 105, 'max_depth': 6, 'min_samples_split': 6, 'min_samples_leaf': 3}. Best is trial 18 with value: 0.8238498144727866.
[I 2025-05-04 01:27:43,765] Trial 41 finished with value: 0.8205330648873802 and parameters: {'n_estimators': 94, 'max_depth': 9, 'min_samples_split': 5, 'min_samples_leaf': 2}. Best is trial 18 with value: 0.8238498144727866.
[I 2025-05-04 01:27:44,841] Trial 42 finished with value: 0.8205330648873802 and parameters: {'n_estimators': 92, 'max_depth': 9, 'min_samples_split': 5, 'min_samples_leaf': 2}. Best is trial 18 with value: 0.8238498144727866.
