[I 2025-05-04 01:27:46,269] Trial 43 finished with value: 0.8245370370370372 and parameters: {'n_estimators': 98, 'max_depth': 10, 'min_samples_split': 6, 'min_samples_leaf': 2}. Best is trial 43 with value: 0.8245370370370372.
[I 2025-05-04 01:27:50,357] Trial 44 finished with value: 0.8179568223121421 and parameters: {'n_estimators': 125, 'max_depth': 10, 'min_samples_split': 6, 'min_samples_leaf': 2}. Best is trial 43 with value: 0.8245370370370372.
[I 2025-05-04 01:27:52,307] Trial 45 finished with value: 0.8109762171269775 and parameters: {'n_estimators': 109, 'max_depth': 10, 'min_samples_split': 7, 'min_samples_leaf': 3}. Best is trial 43 with value: 0.8245370370370372.
[I 2025-05-04 01:27:54,208] Trial 46 finished with value: 0.8150166211673816 and parameters: {'n_estimators': 117, 'max_depth': 8, 'min_samples_split': 4, 'min_samples_leaf': 2}. Best is trial 43 with value: 0.8245370370370372.
[I 2025-05-04 01:27:55,764] Trial 47 finished with value: 0.8143552842864827 and parameters: {'n_estimators': 98, 'max_depth': 10, 'min_samples_split': 6, 'min_samples_leaf': 3}. Best is trial 43 with value: 0.8245370370370372.
[I 2025-05-04 01:27:57,357] Trial 48 finished with value: 0.8114341209365863 and parameters: {'n_estimators': 79, 'max_depth': 10, 'min_samples_split': 4, 'min_samples_leaf': 1}. Best is trial 43 with value: 0.8245370370370372.
[I 2025-05-04 01:27:58,655] Trial 49 finished with value: 0.8168016103718303 and parameters: {'n_estimators': 62, 'max_depth': 8, 'min_samples_split': 9, 'min_samples_leaf': 2}. Best is trial 43 with value: 0.8245370370370372.
[I 2025-05-04 01:28:01,740] Trial 50 finished with value: 0.8135303388494878 and parameters: {'n_estimators': 89, 'max_depth': 9, 'min_samples_split': 6, 'min_samples_leaf': 4}. Best is trial 43 with value: 0.8245370370370372.
[I 2025-05-04 01:28:05,541] Trial 51 finished with value: 0.8225362502805464 and parameters: {'n_estimators': 97, 'max_depth': 9, 'min_samples_split': 5, 'min_samples_leaf': 2}. Best is trial 43 with value: 0.8245370370370372.
[I 2025-05-04 01:28:08,810] Trial 52 finished with value: 0.8219289403869641 and parameters: {'n_estimators': 99, 'max_depth': 9, 'min_samples_split': 5, 'min_samples_leaf': 2}. Best is trial 43 with value: 0.8245370370370372.
[I 2025-05-04 01:28:11,019] Trial 53 finished with value: 0.8233742559805334 and parameters: {'n_estimators': 108, 'max_depth': 10, 'min_samples_split': 5, 'min_samples_leaf': 2}. Best is trial 43 with value: 0.8245370370370372.
[I 2025-05-04 01:28:13,167] Trial 54 finished with value: 0.7785323484505366 and parameters: {'n_estimators': 107, 'max_depth': 2, 'min_samples_split': 5, 'min_samples_leaf': 2}. Best is trial 43 with value: 0.8245370370370372.
[I 2025-05-04 01:28:14,971] Trial 55 finished with value: 0.8255193138970971 and parameters: {'n_estimators': 100, 'max_depth': 9, 'min_samples_split': 4, 'min_samples_leaf': 2}. Best is trial 55 with value: 0.8255193138970971.
[I 2025-05-04 01:28:18,790] Trial 56 finished with value: 0.8050011600993724 and parameters: {'n_estimators': 121, 'max_depth': 8, 'min_samples_split': 4, 'min_samples_leaf': 1}. Best is trial 55 with value: 0.8255193138970971.
[I 2025-05-04 01:28:22,052] Trial 57 finished with value: 0.8116690339488267 and parameters: {'n_estimators': 112, 'max_depth': 9, 'min_samples_split': 3, 'min_samples_leaf': 3}. Best is trial 55 with value: 0.8255193138970971.
[I 2025-05-04 01:28:26,670] Trial 58 finished with value: 0.8186777215794933 and parameters: {'n_estimators': 105, 'max_depth': 8, 'min_samples_split': 6, 'min_samples_leaf': 2}. Best is trial 55 with value: 0.8255193138970971.
[W 2025-05-04 01:28:29,062] Trial 59 failed with parameters: {'n_estimators': 98, 'max_depth': 10, 'min_samples_split': 4, 'min_samples_leaf': 2} because of the following error: KeyboardInterrupt().
Traceback (most recent call last):
  File "c:\Users\x-hp\OneDrive - National Economics University\Desktop\ML Ops\.venv\Lib\site-packages\optuna\study\_optimize.py", line 197, in _run_trial
    value_or_values = func(trial)
                      ^^^^^^^^^^^
  File "C:\Users\x-hp\AppData\Local\Temp\ipykernel_18468\2649409722.py", line 12, in objective
    return cross_val_score(model, X_train, y_train, scoring='f1', cv=3).mean()
           ^^^^^^^^^^^^^^^^^^^^^^^^^^^^^^^^^^^^^^^^^^^^^^^^^^^^^^^^^^^^
  File "c:\Users\x-hp\OneDrive - National Economics University\Desktop\ML Ops\.venv\Lib\site-packages\sklearn\utils\_param_validation.py", line 216, in wrapper
    return func(*args, **kwargs)
           ^^^^^^^^^^^^^^^^^^^^^
  File "c:\Users\x-hp\OneDrive - National Economics University\Desktop\ML Ops\.venv\Lib\site-packages\sklearn\model_selection\_validation.py", line 684, in cross_val_score
    cv_results = cross_validate(
                 ^^^^^^^^^^^^^^^
  File "c:\Users\x-hp\OneDrive - National Economics University\Desktop\ML Ops\.venv\Lib\site-packages\sklearn\utils\_param_validation.py", line 216, in wrapper
    return func(*args, **kwargs)
           ^^^^^^^^^^^^^^^^^^^^^
  File "c:\Users\x-hp\OneDrive - National Economics University\Desktop\ML Ops\.venv\Lib\site-packages\sklearn\model_selection\_validation.py", line 411, in cross_validate
    results = parallel(
              ^^^^^^^^^
  File "c:\Users\x-hp\OneDrive - National Economics University\Desktop\ML Ops\.venv\Lib\site-packages\sklearn\utils\parallel.py", line 77, in __call__
    return super().__call__(iterable_with_config)
           ^^^^^^^^^^^^^^^^^^^^^^^^^^^^^^^^^^^^^^
  File "c:\Users\x-hp\OneDrive - National Economics University\Desktop\ML Ops\.venv\Lib\site-packages\joblib\parallel.py", line 1918, in __call__
    return output if self.return_generator else list(output)
                                                ^^^^^^^^^^^^
  File "c:\Users\x-hp\OneDrive - National Economics University\Desktop\ML Ops\.venv\Lib\site-packages\joblib\parallel.py", line 1847, in _get_sequential_output
    res = func(*args, **kwargs)
          ^^^^^^^^^^^^^^^^^^^^^
  File "c:\Users\x-hp\OneDrive - National Economics University\Desktop\ML Ops\.venv\Lib\site-packages\sklearn\utils\parallel.py", line 139, in __call__
    return self.function(*args, **kwargs)
           ^^^^^^^^^^^^^^^^^^^^^^^^^^^^^^
  File "c:\Users\x-hp\OneDrive - National Economics University\Desktop\ML Ops\.venv\Lib\site-packages\sklearn\model_selection\_validation.py", line 866, in _fit_and_score
    estimator.fit(X_train, y_train, **fit_params)
  File "c:\Users\x-hp\OneDrive - National Economics University\Desktop\ML Ops\.venv\Lib\site-packages\sklearn\base.py", line 1389, in wrapper
    return fit_method(estimator, *args, **kwargs)
           ^^^^^^^^^^^^^^^^^^^^^^^^^^^^^^^^^^^^^^
  File "c:\Users\x-hp\OneDrive - National Economics University\Desktop\ML Ops\.venv\Lib\site-packages\sklearn\ensemble\_forest.py", line 487, in fit
    trees = Parallel(
            ^^^^^^^^^
  File "c:\Users\x-hp\OneDrive - National Economics University\Desktop\ML Ops\.venv\Lib\site-packages\sklearn\utils\parallel.py", line 77, in __call__
    return super().__call__(iterable_with_config)
           ^^^^^^^^^^^^^^^^^^^^^^^^^^^^^^^^^^^^^^
  File "c:\Users\x-hp\OneDrive - National Economics University\Desktop\ML Ops\.venv\Lib\site-packages\joblib\parallel.py", line 1918, in __call__
    return output if self.return_generator else list(output)
                                                ^^^^^^^^^^^^
  File "c:\Users\x-hp\OneDrive - National Economics University\Desktop\ML Ops\.venv\Lib\site-packages\joblib\parallel.py", line 1847, in _get_sequential_output
    res = func(*args, **kwargs)
          ^^^^^^^^^^^^^^^^^^^^^
  File "c:\Users\x-hp\OneDrive - National Economics University\Desktop\ML Ops\.venv\Lib\site-packages\sklearn\utils\parallel.py", line 139, in __call__
    return self.function(*args, **kwargs)
           ^^^^^^^^^^^^^^^^^^^^^^^^^^^^^^
  File "c:\Users\x-hp\OneDrive - National Economics University\Desktop\ML Ops\.venv\Lib\site-packages\sklearn\ensemble\_forest.py", line 176, in _parallel_build_trees
    indices = _generate_sample_indices(
              ^^^^^^^^^^^^^^^^^^^^^^^^^
  File "c:\Users\x-hp\OneDrive - National Economics University\Desktop\ML Ops\.venv\Lib\site-packages\sklearn\ensemble\_forest.py", line 130, in _generate_sample_indices
    sample_indices = random_instance.randint(
                     ^^^^^^^^^^^^^^^^^^^^^^^^
KeyboardInterrupt
[W 2025-05-04 01:28:31,375] Trial 59 failed with value None.
