[I 2025-05-04 01:20:44,781] Trial 252 finished with value: 0.8125478798358395 and parameters: {'n_estimators': 197, 'max_depth': 10, 'learning_rate': 0.04856619904430483, 'subsample': 0.6173050205284895, 'colsample_bytree': 0.7396608131538893, 'gamma': 0.07574645016646428, 'min_child_weight': 4}. Best is trial 7 with value: 0.8309731505607795.
c:\Users\x-hp\OneDrive - National Economics University\Desktop\ML Ops\.venv\Lib\site-packages\xgboost\training.py:183: UserWarning: [01:20:44] WARNING: C:\actions-runner\_work\xgboost\xgboost\src\learner.cc:738:
Parameters: { "use_label_encoder" } are not used.

  bst.update(dtrain, iteration=i, fobj=obj)
c:\Users\x-hp\OneDrive - National Economics University\Desktop\ML Ops\.venv\Lib\site-packages\xgboost\training.py:183: UserWarning: [01:20:45] WARNING: C:\actions-runner\_work\xgboost\xgboost\src\learner.cc:738:
Parameters: { "use_label_encoder" } are not used.

  bst.update(dtrain, iteration=i, fobj=obj)
c:\Users\x-hp\OneDrive - National Economics University\Desktop\ML Ops\.venv\Lib\site-packages\xgboost\training.py:183: UserWarning: [01:20:45] WARNING: C:\actions-runner\_work\xgboost\xgboost\src\learner.cc:738:
Parameters: { "use_label_encoder" } are not used.

  bst.update(dtrain, iteration=i, fobj=obj)
[I 2025-05-04 01:20:45,491] Trial 253 finished with value: 0.8052585393776321 and parameters: {'n_estimators': 220, 'max_depth': 10, 'learning_rate': 0.03347783436160427, 'subsample': 0.6149357606076953, 'colsample_bytree': 0.7232468951882404, 'gamma': 4.012619893499998, 'min_child_weight': 3}. Best is trial 7 with value: 0.8309731505607795.
c:\Users\x-hp\OneDrive - National Economics University\Desktop\ML Ops\.venv\Lib\site-packages\xgboost\training.py:183: UserWarning: [01:20:45] WARNING: C:\actions-runner\_work\xgboost\xgboost\src\learner.cc:738:
Parameters: { "use_label_encoder" } are not used.

  bst.update(dtrain, iteration=i, fobj=obj)
c:\Users\x-hp\OneDrive - National Economics University\Desktop\ML Ops\.venv\Lib\site-packages\xgboost\training.py:183: UserWarning: [01:20:45] WARNING: C:\actions-runner\_work\xgboost\xgboost\src\learner.cc:738:
Parameters: { "use_label_encoder" } are not used.

  bst.update(dtrain, iteration=i, fobj=obj)
c:\Users\x-hp\OneDrive - National Economics University\Desktop\ML Ops\.venv\Lib\site-packages\xgboost\training.py:183: UserWarning: [01:20:46] WARNING: C:\actions-runner\_work\xgboost\xgboost\src\learner.cc:738:
Parameters: { "use_label_encoder" } are not used.

  bst.update(dtrain, iteration=i, fobj=obj)
[I 2025-05-04 01:20:46,325] Trial 254 finished with value: 0.815128786557358 and parameters: {'n_estimators': 205, 'max_depth': 10, 'learning_rate': 0.04132568392795284, 'subsample': 0.6101085551535442, 'colsample_bytree': 0.6972486644881201, 'gamma': 0.22392445951123177, 'min_child_weight': 4}. Best is trial 7 with value: 0.8309731505607795.
c:\Users\x-hp\OneDrive - National Economics University\Desktop\ML Ops\.venv\Lib\site-packages\xgboost\training.py:183: UserWarning: [01:20:46] WARNING: C:\actions-runner\_work\xgboost\xgboost\src\learner.cc:738:
Parameters: { "use_label_encoder" } are not used.

  bst.update(dtrain, iteration=i, fobj=obj)
c:\Users\x-hp\OneDrive - National Economics University\Desktop\ML Ops\.venv\Lib\site-packages\xgboost\training.py:183: UserWarning: [01:20:46] WARNING: C:\actions-runner\_work\xgboost\xgboost\src\learner.cc:738:
Parameters: { "use_label_encoder" } are not used.

  bst.update(dtrain, iteration=i, fobj=obj)
c:\Users\x-hp\OneDrive - National Economics University\Desktop\ML Ops\.venv\Lib\site-packages\xgboost\training.py:183: UserWarning: [01:20:47] WARNING: C:\actions-runner\_work\xgboost\xgboost\src\learner.cc:738:
Parameters: { "use_label_encoder" } are not used.

  bst.update(dtrain, iteration=i, fobj=obj)
[I 2025-05-04 01:20:47,385] Trial 255 finished with value: 0.8128522710369143 and parameters: {'n_estimators': 215, 'max_depth': 10, 'learning_rate': 0.051975228082620686, 'subsample': 0.6213802026884003, 'colsample_bytree': 0.7100429463927644, 'gamma': 0.338601168906981, 'min_child_weight': 3}. Best is trial 7 with value: 0.8309731505607795.
c:\Users\x-hp\OneDrive - National Economics University\Desktop\ML Ops\.venv\Lib\site-packages\xgboost\training.py:183: UserWarning: [01:20:47] WARNING: C:\actions-runner\_work\xgboost\xgboost\src\learner.cc:738:
Parameters: { "use_label_encoder" } are not used.

  bst.update(dtrain, iteration=i, fobj=obj)
c:\Users\x-hp\OneDrive - National Economics University\Desktop\ML Ops\.venv\Lib\site-packages\xgboost\training.py:183: UserWarning: [01:20:47] WARNING: C:\actions-runner\_work\xgboost\xgboost\src\learner.cc:738:
Parameters: { "use_label_encoder" } are not used.

  bst.update(dtrain, iteration=i, fobj=obj)
c:\Users\x-hp\OneDrive - National Economics University\Desktop\ML Ops\.venv\Lib\site-packages\xgboost\training.py:183: UserWarning: [01:20:48] WARNING: C:\actions-runner\_work\xgboost\xgboost\src\learner.cc:738:
Parameters: { "use_label_encoder" } are not used.

  bst.update(dtrain, iteration=i, fobj=obj)
[I 2025-05-04 01:20:48,599] Trial 256 finished with value: 0.7917313756938998 and parameters: {'n_estimators': 300, 'max_depth': 10, 'learning_rate': 0.1572375223412993, 'subsample': 0.6923827119699847, 'colsample_bytree': 0.7533703645223501, 'gamma': 0.16359159246553623, 'min_child_weight': 3}. Best is trial 7 with value: 0.8309731505607795.
c:\Users\x-hp\OneDrive - National Economics University\Desktop\ML Ops\.venv\Lib\site-packages\xgboost\training.py:183: UserWarning: [01:20:48] WARNING: C:\actions-runner\_work\xgboost\xgboost\src\learner.cc:738:
Parameters: { "use_label_encoder" } are not used.

  bst.update(dtrain, iteration=i, fobj=obj)
c:\Users\x-hp\OneDrive - National Economics University\Desktop\ML Ops\.venv\Lib\site-packages\xgboost\training.py:183: UserWarning: [01:20:49] WARNING: C:\actions-runner\_work\xgboost\xgboost\src\learner.cc:738:
Parameters: { "use_label_encoder" } are not used.

  bst.update(dtrain, iteration=i, fobj=obj)
c:\Users\x-hp\OneDrive - National Economics University\Desktop\ML Ops\.venv\Lib\site-packages\xgboost\training.py:183: UserWarning: [01:20:49] WARNING: C:\actions-runner\_work\xgboost\xgboost\src\learner.cc:738:
Parameters: { "use_label_encoder" } are not used.

  bst.update(dtrain, iteration=i, fobj=obj)
[I 2025-05-04 01:20:49,504] Trial 257 finished with value: 0.7939086294416243 and parameters: {'n_estimators': 292, 'max_depth': 10, 'learning_rate': 0.2970563839360134, 'subsample': 0.6117699332533667, 'colsample_bytree': 0.7708629315375094, 'gamma': 0.432315855695276, 'min_child_weight': 3}. Best is trial 7 with value: 0.8309731505607795.
c:\Users\x-hp\OneDrive - National Economics University\Desktop\ML Ops\.venv\Lib\site-packages\xgboost\training.py:183: UserWarning: [01:20:49] WARNING: C:\actions-runner\_work\xgboost\xgboost\src\learner.cc:738:
Parameters: { "use_label_encoder" } are not used.

  bst.update(dtrain, iteration=i, fobj=obj)
c:\Users\x-hp\OneDrive - National Economics University\Desktop\ML Ops\.venv\Lib\site-packages\xgboost\training.py:183: UserWarning: [01:20:50] WARNING: C:\actions-runner\_work\xgboost\xgboost\src\learner.cc:738:
Parameters: { "use_label_encoder" } are not used.

  bst.update(dtrain, iteration=i, fobj=obj)
c:\Users\x-hp\OneDrive - National Economics University\Desktop\ML Ops\.venv\Lib\site-packages\xgboost\training.py:183: UserWarning: [01:20:50] WARNING: C:\actions-runner\_work\xgboost\xgboost\src\learner.cc:738:
Parameters: { "use_label_encoder" } are not used.

  bst.update(dtrain, iteration=i, fobj=obj)
[I 2025-05-04 01:20:50,474] Trial 258 finished with value: 0.821423726185631 and parameters: {'n_estimators': 208, 'max_depth': 10, 'learning_rate': 0.027958237907639398, 'subsample': 0.6247712819766058, 'colsample_bytree': 0.7340862153403772, 'gamma': 0.007890051295439265, 'min_child_weight': 4}. Best is trial 7 with value: 0.8309731505607795.
c:\Users\x-hp\OneDrive - National Economics University\Desktop\ML Ops\.venv\Lib\site-packages\xgboost\training.py:183: UserWarning: [01:20:50] WARNING: C:\actions-runner\_work\xgboost\xgboost\src\learner.cc:738:
Parameters: { "use_label_encoder" } are not used.

  bst.update(dtrain, iteration=i, fobj=obj)
c:\Users\x-hp\OneDrive - National Economics University\Desktop\ML Ops\.venv\Lib\site-packages\xgboost\training.py:183: UserWarning: [01:20:51] WARNING: C:\actions-runner\_work\xgboost\xgboost\src\learner.cc:738:
Parameters: { "use_label_encoder" } are not used.

  bst.update(dtrain, iteration=i, fobj=obj)
c:\Users\x-hp\OneDrive - National Economics University\Desktop\ML Ops\.venv\Lib\site-packages\xgboost\training.py:183: UserWarning: [01:20:51] WARNING: C:\actions-runner\_work\xgboost\xgboost\src\learner.cc:738:
Parameters: { "use_label_encoder" } are not used.

  bst.update(dtrain, iteration=i, fobj=obj)
[I 2025-05-04 01:20:51,699] Trial 259 finished with value: 0.8219995475580287 and parameters: {'n_estimators': 293, 'max_depth': 10, 'learning_rate': 0.021743107178813482, 'subsample': 0.6508927911427618, 'colsample_bytree': 0.7464541157788506, 'gamma': 0.263628114557025, 'min_child_weight': 3}. Best is trial 7 with value: 0.8309731505607795.
c:\Users\x-hp\OneDrive - National Economics University\Desktop\ML Ops\.venv\Lib\site-packages\xgboost\training.py:183: UserWarning: [01:20:51] WARNING: C:\actions-runner\_work\xgboost\xgboost\src\learner.cc:738:
Parameters: { "use_label_encoder" } are not used.

  bst.update(dtrain, iteration=i, fobj=obj)
c:\Users\x-hp\OneDrive - National Economics University\Desktop\ML Ops\.venv\Lib\site-packages\xgboost\training.py:183: UserWarning: [01:20:52] WARNING: C:\actions-runner\_work\xgboost\xgboost\src\learner.cc:738:
Parameters: { "use_label_encoder" } are not used.

  bst.update(dtrain, iteration=i, fobj=obj)
c:\Users\x-hp\OneDrive - National Economics University\Desktop\ML Ops\.venv\Lib\site-packages\xgboost\training.py:183: UserWarning: [01:20:52] WARNING: C:\actions-runner\_work\xgboost\xgboost\src\learner.cc:738:
Parameters: { "use_label_encoder" } are not used.

  bst.update(dtrain, iteration=i, fobj=obj)
[I 2025-05-04 01:20:52,492] Trial 260 finished with value: 0.8201009553862333 and parameters: {'n_estimators': 226, 'max_depth': 10, 'learning_rate': 0.03568565887464296, 'subsample': 0.6503991559556938, 'colsample_bytree': 0.7440918297082251, 'gamma': 2.330247800333287, 'min_child_weight': 3}. Best is trial 7 with value: 0.8309731505607795.
c:\Users\x-hp\OneDrive - National Economics University\Desktop\ML Ops\.venv\Lib\site-packages\xgboost\training.py:183: UserWarning: [01:20:52] WARNING: C:\actions-runner\_work\xgboost\xgboost\src\learner.cc:738:
Parameters: { "use_label_encoder" } are not used.

  bst.update(dtrain, iteration=i, fobj=obj)
c:\Users\x-hp\OneDrive - National Economics University\Desktop\ML Ops\.venv\Lib\site-packages\xgboost\training.py:183: UserWarning: [01:20:52] WARNING: C:\actions-runner\_work\xgboost\xgboost\src\learner.cc:738:
Parameters: { "use_label_encoder" } are not used.

  bst.update(dtrain, iteration=i, fobj=obj)
c:\Users\x-hp\OneDrive - National Economics University\Desktop\ML Ops\.venv\Lib\site-packages\xgboost\training.py:183: UserWarning: [01:20:53] WARNING: C:\actions-runner\_work\xgboost\xgboost\src\learner.cc:738:
Parameters: { "use_label_encoder" } are not used.

  bst.update(dtrain, iteration=i, fobj=obj)
[I 2025-05-04 01:20:53,727] Trial 261 finished with value: 0.8215993341621483 and parameters: {'n_estimators': 270, 'max_depth': 8, 'learning_rate': 0.0315012128258926, 'subsample': 0.6503757572646844, 'colsample_bytree': 0.7281014015931763, 'gamma': 0.2893516844821834, 'min_child_weight': 3}. Best is trial 7 with value: 0.8309731505607795.
c:\Users\x-hp\OneDrive - National Economics University\Desktop\ML Ops\.venv\Lib\site-packages\xgboost\training.py:183: UserWarning: [01:20:53] WARNING: C:\actions-runner\_work\xgboost\xgboost\src\learner.cc:738:
Parameters: { "use_label_encoder" } are not used.

  bst.update(dtrain, iteration=i, fobj=obj)
c:\Users\x-hp\OneDrive - National Economics University\Desktop\ML Ops\.venv\Lib\site-packages\xgboost\training.py:183: UserWarning: [01:20:54] WARNING: C:\actions-runner\_work\xgboost\xgboost\src\learner.cc:738:
Parameters: { "use_label_encoder" } are not used.

  bst.update(dtrain, iteration=i, fobj=obj)
c:\Users\x-hp\OneDrive - National Economics University\Desktop\ML Ops\.venv\Lib\site-packages\xgboost\training.py:183: UserWarning: [01:20:54] WARNING: C:\actions-runner\_work\xgboost\xgboost\src\learner.cc:738:
Parameters: { "use_label_encoder" } are not used.

  bst.update(dtrain, iteration=i, fobj=obj)
[I 2025-05-04 01:20:54,863] Trial 262 finished with value: 0.8127649943491817 and parameters: {'n_estimators': 280, 'max_depth': 10, 'learning_rate': 0.022191273427239654, 'subsample': 0.6622088675459458, 'colsample_bytree': 0.7434614782909306, 'gamma': 0.38581282156232866, 'min_child_weight': 5}. Best is trial 7 with value: 0.8309731505607795.
c:\Users\x-hp\OneDrive - National Economics University\Desktop\ML Ops\.venv\Lib\site-packages\xgboost\training.py:183: UserWarning: [01:20:55] WARNING: C:\actions-runner\_work\xgboost\xgboost\src\learner.cc:738:
Parameters: { "use_label_encoder" } are not used.

  bst.update(dtrain, iteration=i, fobj=obj)
c:\Users\x-hp\OneDrive - National Economics University\Desktop\ML Ops\.venv\Lib\site-packages\xgboost\training.py:183: UserWarning: [01:20:55] WARNING: C:\actions-runner\_work\xgboost\xgboost\src\learner.cc:738:
Parameters: { "use_label_encoder" } are not used.

  bst.update(dtrain, iteration=i, fobj=obj)
c:\Users\x-hp\OneDrive - National Economics University\Desktop\ML Ops\.venv\Lib\site-packages\xgboost\training.py:183: UserWarning: [01:20:55] WARNING: C:\actions-runner\_work\xgboost\xgboost\src\learner.cc:738:
Parameters: { "use_label_encoder" } are not used.

  bst.update(dtrain, iteration=i, fobj=obj)
[I 2025-05-04 01:20:55,976] Trial 263 finished with value: 0.8132766902556144 and parameters: {'n_estimators': 237, 'max_depth': 10, 'learning_rate': 0.04331870662096968, 'subsample': 0.6714660556919911, 'colsample_bytree': 0.7581543700323187, 'gamma': 0.5055447689171048, 'min_child_weight': 3}. Best is trial 7 with value: 0.8309731505607795.
c:\Users\x-hp\OneDrive - National Economics University\Desktop\ML Ops\.venv\Lib\site-packages\xgboost\training.py:183: UserWarning: [01:20:56] WARNING: C:\actions-runner\_work\xgboost\xgboost\src\learner.cc:738:
Parameters: { "use_label_encoder" } are not used.

  bst.update(dtrain, iteration=i, fobj=obj)
c:\Users\x-hp\OneDrive - National Economics University\Desktop\ML Ops\.venv\Lib\site-packages\xgboost\training.py:183: UserWarning: [01:20:56] WARNING: C:\actions-runner\_work\xgboost\xgboost\src\learner.cc:738:
Parameters: { "use_label_encoder" } are not used.

  bst.update(dtrain, iteration=i, fobj=obj)
c:\Users\x-hp\OneDrive - National Economics University\Desktop\ML Ops\.venv\Lib\site-packages\xgboost\training.py:183: UserWarning: [01:20:56] WARNING: C:\actions-runner\_work\xgboost\xgboost\src\learner.cc:738:
Parameters: { "use_label_encoder" } are not used.

  bst.update(dtrain, iteration=i, fobj=obj)
[I 2025-05-04 01:20:57,074] Trial 264 finished with value: 0.8161510207497735 and parameters: {'n_estimators': 293, 'max_depth': 10, 'learning_rate': 0.03658282890964099, 'subsample': 0.656862158749732, 'colsample_bytree': 0.734112623737602, 'gamma': 0.24775163025741626, 'min_child_weight': 4}. Best is trial 7 with value: 0.8309731505607795.
c:\Users\x-hp\OneDrive - National Economics University\Desktop\ML Ops\.venv\Lib\site-packages\xgboost\training.py:183: UserWarning: [01:20:57] WARNING: C:\actions-runner\_work\xgboost\xgboost\src\learner.cc:738:
Parameters: { "use_label_encoder" } are not used.

  bst.update(dtrain, iteration=i, fobj=obj)
c:\Users\x-hp\OneDrive - National Economics University\Desktop\ML Ops\.venv\Lib\site-packages\xgboost\training.py:183: UserWarning: [01:20:57] WARNING: C:\actions-runner\_work\xgboost\xgboost\src\learner.cc:738:
Parameters: { "use_label_encoder" } are not used.

  bst.update(dtrain, iteration=i, fobj=obj)
c:\Users\x-hp\OneDrive - National Economics University\Desktop\ML Ops\.venv\Lib\site-packages\xgboost\training.py:183: UserWarning: [01:20:57] WARNING: C:\actions-runner\_work\xgboost\xgboost\src\learner.cc:738:
Parameters: { "use_label_encoder" } are not used.

  bst.update(dtrain, iteration=i, fobj=obj)
[I 2025-05-04 01:20:58,321] Trial 265 finished with value: 0.8222644397996296 and parameters: {'n_estimators': 244, 'max_depth': 9, 'learning_rate': 0.028212056169136204, 'subsample': 0.6031288649485562, 'colsample_bytree': 0.7447635600894021, 'gamma': 0.16878961856649594, 'min_child_weight': 3}. Best is trial 7 with value: 0.8309731505607795.
c:\Users\x-hp\OneDrive - National Economics University\Desktop\ML Ops\.venv\Lib\site-packages\xgboost\training.py:183: UserWarning: [01:20:58] WARNING: C:\actions-runner\_work\xgboost\xgboost\src\learner.cc:738:
Parameters: { "use_label_encoder" } are not used.

  bst.update(dtrain, iteration=i, fobj=obj)
c:\Users\x-hp\OneDrive - National Economics University\Desktop\ML Ops\.venv\Lib\site-packages\xgboost\training.py:183: UserWarning: [01:20:58] WARNING: C:\actions-runner\_work\xgboost\xgboost\src\learner.cc:738:
Parameters: { "use_label_encoder" } are not used.

  bst.update(dtrain, iteration=i, fobj=obj)
c:\Users\x-hp\OneDrive - National Economics University\Desktop\ML Ops\.venv\Lib\site-packages\xgboost\training.py:183: UserWarning: [01:20:59] WARNING: C:\actions-runner\_work\xgboost\xgboost\src\learner.cc:738:
Parameters: { "use_label_encoder" } are not used.

  bst.update(dtrain, iteration=i, fobj=obj)
[I 2025-05-04 01:20:59,461] Trial 266 finished with value: 0.8201781298227999 and parameters: {'n_estimators': 233, 'max_depth': 9, 'learning_rate': 0.02485015724189273, 'subsample': 0.6005866482042204, 'colsample_bytree': 0.7474915962783135, 'gamma': 0.308239589988847, 'min_child_weight': 3}. Best is trial 7 with value: 0.8309731505607795.
c:\Users\x-hp\OneDrive - National Economics University\Desktop\ML Ops\.venv\Lib\site-packages\xgboost\training.py:183: UserWarning: [01:20:59] WARNING: C:\actions-runner\_work\xgboost\xgboost\src\learner.cc:738:
Parameters: { "use_label_encoder" } are not used.

  bst.update(dtrain, iteration=i, fobj=obj)
c:\Users\x-hp\OneDrive - National Economics University\Desktop\ML Ops\.venv\Lib\site-packages\xgboost\training.py:183: UserWarning: [01:20:59] WARNING: C:\actions-runner\_work\xgboost\xgboost\src\learner.cc:738:
Parameters: { "use_label_encoder" } are not used.

  bst.update(dtrain, iteration=i, fobj=obj)
c:\Users\x-hp\OneDrive - National Economics University\Desktop\ML Ops\.venv\Lib\site-packages\xgboost\training.py:183: UserWarning: [01:21:00] WARNING: C:\actions-runner\_work\xgboost\xgboost\src\learner.cc:738:
Parameters: { "use_label_encoder" } are not used.

  bst.update(dtrain, iteration=i, fobj=obj)
[I 2025-05-04 01:21:00,566] Trial 267 finished with value: 0.8216301247917112 and parameters: {'n_estimators': 243, 'max_depth': 9, 'learning_rate': 0.049039183856996044, 'subsample': 0.6842659957233174, 'colsample_bytree': 0.7154345189756399, 'gamma': 0.41673948321513166, 'min_child_weight': 3}. Best is trial 7 with value: 0.8309731505607795.
c:\Users\x-hp\OneDrive - National Economics University\Desktop\ML Ops\.venv\Lib\site-packages\xgboost\training.py:183: UserWarning: [01:21:00] WARNING: C:\actions-runner\_work\xgboost\xgboost\src\learner.cc:738:
Parameters: { "use_label_encoder" } are not used.

  bst.update(dtrain, iteration=i, fobj=obj)
c:\Users\x-hp\OneDrive - National Economics University\Desktop\ML Ops\.venv\Lib\site-packages\xgboost\training.py:183: UserWarning: [01:21:01] WARNING: C:\actions-runner\_work\xgboost\xgboost\src\learner.cc:738:
Parameters: { "use_label_encoder" } are not used.

  bst.update(dtrain, iteration=i, fobj=obj)
c:\Users\x-hp\OneDrive - National Economics University\Desktop\ML Ops\.venv\Lib\site-packages\xgboost\training.py:183: UserWarning: [01:21:01] WARNING: C:\actions-runner\_work\xgboost\xgboost\src\learner.cc:738:
Parameters: { "use_label_encoder" } are not used.

  bst.update(dtrain, iteration=i, fobj=obj)
[I 2025-05-04 01:21:01,525] Trial 268 finished with value: 0.8011778287637487 and parameters: {'n_estimators': 236, 'max_depth': 9, 'learning_rate': 0.16309075070954732, 'subsample': 0.6154662585932725, 'colsample_bytree': 0.7250454467781302, 'gamma': 0.17488440461409077, 'min_child_weight': 4}. Best is trial 7 with value: 0.8309731505607795.
c:\Users\x-hp\OneDrive - National Economics University\Desktop\ML Ops\.venv\Lib\site-packages\xgboost\training.py:183: UserWarning: [01:21:01] WARNING: C:\actions-runner\_work\xgboost\xgboost\src\learner.cc:738:
Parameters: { "use_label_encoder" } are not used.

  bst.update(dtrain, iteration=i, fobj=obj)
c:\Users\x-hp\OneDrive - National Economics University\Desktop\ML Ops\.venv\Lib\site-packages\xgboost\training.py:183: UserWarning: [01:21:01] WARNING: C:\actions-runner\_work\xgboost\xgboost\src\learner.cc:738:
Parameters: { "use_label_encoder" } are not used.

  bst.update(dtrain, iteration=i, fobj=obj)
c:\Users\x-hp\OneDrive - National Economics University\Desktop\ML Ops\.venv\Lib\site-packages\xgboost\training.py:183: UserWarning: [01:21:02] WARNING: C:\actions-runner\_work\xgboost\xgboost\src\learner.cc:738:
Parameters: { "use_label_encoder" } are not used.

  bst.update(dtrain, iteration=i, fobj=obj)
