02-05-2025 02:58:23 Downloading and reading train artifact
[34m[1mwandb[0m:   1 of 1 files downloaded.
02-05-2025 02:58:25 Spliting data into train/val
02-05-2025 02:58:25 x train: (375, 28)
02-05-2025 02:58:25 y train: (375,)
02-05-2025 02:58:25 x val: (162, 28)
02-05-2025 02:58:25 y val: (162,)
02-05-2025 02:58:25 Outlier Removal
02-05-2025 02:58:26 x_train shape [original]: (375, 28)
02-05-2025 02:58:26 x_train shape [outlier removal]: (357, 28)
02-05-2025 02:58:26 Data after SMOTE: (476, 28)
02-05-2025 02:58:26 [Logistic] Accuracy: 0.7469135802469136
02-05-2025 02:58:27 [Random Forest] Accuracy: 0.7222222222222222
c:\Users\x-hp\AppData\Local\Programs\Python\Python311\Lib\site-packages\xgboost\training.py:183: UserWarning: [02:58:27] WARNING: C:\actions-runner\_work\xgboost\xgboost\src\learner.cc:738:
Parameters: { "use_label_encoder" } are not used.

  bst.update(dtrain, iteration=i, fobj=obj)
02-05-2025 02:58:27 [XGBoost] Accuracy: 0.7222222222222222
                 Model  Accuracy
0  Logistic Regression  0.746914
1        Random Forest  0.722222
2              XGBoost  0.722222
[I 2025-05-02 02:58:30,309] A new study created in memory with name: no-name-3d7f4403-5b72-4b8a-bbd6-2ea0a8ba1e55
[I 2025-05-02 02:58:32,548] Trial 0 finished with value: 0.7816510172143974 and parameters: {'n_estimators': 140, 'max_depth': 4, 'min_samples_split': 3, 'min_samples_leaf': 1}. Best is trial 0 with value: 0.7816510172143974.
[I 2025-05-02 02:58:33,430] Trial 1 finished with value: 0.7956964006259781 and parameters: {'n_estimators': 63, 'max_depth': 10, 'min_samples_split': 7, 'min_samples_leaf': 4}. Best is trial 1 with value: 0.7956964006259781.
[I 2025-05-02 02:58:35,423] Trial 2 finished with value: 0.7816901408450704 and parameters: {'n_estimators': 138, 'max_depth': 4, 'min_samples_split': 6, 'min_samples_leaf': 1}. Best is trial 1 with value: 0.7956964006259781.
[I 2025-05-02 02:58:36,714] Trial 3 finished with value: 0.7956964006259781 and parameters: {'n_estimators': 89, 'max_depth': 5, 'min_samples_split': 5, 'min_samples_leaf': 3}. Best is trial 1 with value: 0.7956964006259781.
[I 2025-05-02 02:58:37,655] Trial 4 finished with value: 0.7817292644757433 and parameters: {'n_estimators': 71, 'max_depth': 3, 'min_samples_split': 7, 'min_samples_leaf': 5}. Best is trial 1 with value: 0.7956964006259781.
[I 2025-05-02 02:58:39,250] Trial 5 finished with value: 0.7843896713615024 and parameters: {'n_estimators': 91, 'max_depth': 7, 'min_samples_split': 8, 'min_samples_leaf': 4}. Best is trial 1 with value: 0.7956964006259781.
[I 2025-05-02 02:58:40,734] Trial 6 finished with value: 0.7760954616588419 and parameters: {'n_estimators': 88, 'max_depth': 3, 'min_samples_split': 7, 'min_samples_leaf': 3}. Best is trial 1 with value: 0.7956964006259781.
[I 2025-05-02 02:58:42,301] Trial 7 finished with value: 0.7843896713615022 and parameters: {'n_estimators': 114, 'max_depth': 10, 'min_samples_split': 3, 'min_samples_leaf': 4}. Best is trial 1 with value: 0.7956964006259781.
[I 2025-05-02 02:58:43,856] Trial 8 finished with value: 0.787206572769953 and parameters: {'n_estimators': 128, 'max_depth': 6, 'min_samples_split': 6, 'min_samples_leaf': 2}. Best is trial 1 with value: 0.7956964006259781.
[I 2025-05-02 02:58:46,022] Trial 9 finished with value: 0.7789123630672925 and parameters: {'n_estimators': 163, 'max_depth': 5, 'min_samples_split': 9, 'min_samples_leaf': 1}. Best is trial 1 with value: 0.7956964006259781.
[I 2025-05-02 02:58:46,889] Trial 10 finished with value: 0.7816118935837245 and parameters: {'n_estimators': 59, 'max_depth': 10, 'min_samples_split': 10, 'min_samples_leaf': 5}. Best is trial 1 with value: 0.7956964006259781.
[I 2025-05-02 02:58:47,747] Trial 11 finished with value: 0.784467918622848 and parameters: {'n_estimators': 50, 'max_depth': 8, 'min_samples_split': 5, 'min_samples_leaf': 3}. Best is trial 1 with value: 0.7956964006259781.
[I 2025-05-02 02:58:49,114] Trial 12 finished with value: 0.7928403755868544 and parameters: {'n_estimators': 92, 'max_depth': 8, 'min_samples_split': 4, 'min_samples_leaf': 4}. Best is trial 1 with value: 0.7956964006259781.
[I 2025-05-02 02:58:51,702] Trial 13 finished with value: 0.7844287949921751 and parameters: {'n_estimators': 200, 'max_depth': 6, 'min_samples_split': 5, 'min_samples_leaf': 2}. Best is trial 1 with value: 0.7956964006259781.
[I 2025-05-02 02:58:52,707] Trial 14 finished with value: 0.7676447574334897 and parameters: {'n_estimators': 74, 'max_depth': 2, 'min_samples_split': 2, 'min_samples_leaf': 3}. Best is trial 1 with value: 0.7956964006259781.
[I 2025-05-02 02:58:54,356] Trial 15 finished with value: 0.7928403755868544 and parameters: {'n_estimators': 107, 'max_depth': 9, 'min_samples_split': 8, 'min_samples_leaf': 4}. Best is trial 1 with value: 0.7956964006259781.
[I 2025-05-02 02:58:55,384] Trial 16 finished with value: 0.7816118935837245 and parameters: {'n_estimators': 70, 'max_depth': 7, 'min_samples_split': 5, 'min_samples_leaf': 2}. Best is trial 1 with value: 0.7956964006259781.
[I 2025-05-02 02:58:56,804] Trial 17 finished with value: 0.7873239436619718 and parameters: {'n_estimators': 104, 'max_depth': 5, 'min_samples_split': 7, 'min_samples_leaf': 5}. Best is trial 1 with value: 0.7956964006259781.
[I 2025-05-02 02:58:57,910] Trial 18 finished with value: 0.7844287949921751 and parameters: {'n_estimators': 80, 'max_depth': 9, 'min_samples_split': 4, 'min_samples_leaf': 3}. Best is trial 1 with value: 0.7956964006259781.
[I 2025-05-02 02:58:58,598] Trial 19 finished with value: 0.7844287949921753 and parameters: {'n_estimators': 50, 'max_depth': 6, 'min_samples_split': 10, 'min_samples_leaf': 4}. Best is trial 1 with value: 0.7956964006259781.
[I 2025-05-02 02:59:00,629] Trial 20 finished with value: 0.7872848200312988 and parameters: {'n_estimators': 158, 'max_depth': 5, 'min_samples_split': 8, 'min_samples_leaf': 2}. Best is trial 1 with value: 0.7956964006259781.
[I 2025-05-02 02:59:01,953] Trial 21 finished with value: 0.7928403755868544 and parameters: {'n_estimators': 96, 'max_depth': 8, 'min_samples_split': 4, 'min_samples_leaf': 4}. Best is trial 1 with value: 0.7956964006259781.
[I 2025-05-02 02:59:02,817] Trial 22 finished with value: 0.8012519561815337 and parameters: {'n_estimators': 65, 'max_depth': 9, 'min_samples_split': 4, 'min_samples_leaf': 4}. Best is trial 22 with value: 0.8012519561815337.
[I 2025-05-02 02:59:03,661] Trial 23 finished with value: 0.7872456964006259 and parameters: {'n_estimators': 64, 'max_depth': 10, 'min_samples_split': 6, 'min_samples_leaf': 3}. Best is trial 22 with value: 0.8012519561815337.
[I 2025-05-02 02:59:04,740] Trial 24 finished with value: 0.78716744913928 and parameters: {'n_estimators': 82, 'max_depth': 9, 'min_samples_split': 3, 'min_samples_leaf': 5}. Best is trial 22 with value: 0.8012519561815337.
[I 2025-05-02 02:59:05,619] Trial 25 finished with value: 0.7843896713615022 and parameters: {'n_estimators': 60, 'max_depth': 7, 'min_samples_split': 5, 'min_samples_leaf': 4}. Best is trial 22 with value: 0.8012519561815337.
[I 2025-05-02 02:59:07,238] Trial 26 finished with value: 0.7844287949921751 and parameters: {'n_estimators': 117, 'max_depth': 9, 'min_samples_split': 2, 'min_samples_leaf': 3}. Best is trial 22 with value: 0.8012519561815337.
[I 2025-05-02 02:59:08,260] Trial 27 finished with value: 0.7928403755868544 and parameters: {'n_estimators': 78, 'max_depth': 10, 'min_samples_split': 6, 'min_samples_leaf': 4}. Best is trial 22 with value: 0.8012519561815337.
[I 2025-05-02 02:59:09,931] Trial 28 finished with value: 0.7843505477308295 and parameters: {'n_estimators': 100, 'max_depth': 8, 'min_samples_split': 4, 'min_samples_leaf': 5}. Best is trial 22 with value: 0.8012519561815337.
[I 2025-05-02 02:59:10,786] Trial 29 finished with value: 0.7872456964006259 and parameters: {'n_estimators': 56, 'max_depth': 4, 'min_samples_split': 3, 'min_samples_leaf': 3}. Best is trial 22 with value: 0.8012519561815337.
[I 2025-05-02 02:59:11,703] Trial 30 finished with value: 0.8012519561815337 and parameters: {'n_estimators': 65, 'max_depth': 9, 'min_samples_split': 7, 'min_samples_leaf': 4}. Best is trial 22 with value: 0.8012519561815337.
[I 2025-05-02 02:59:13,137] Trial 31 finished with value: 0.8012519561815337 and parameters: {'n_estimators': 66, 'max_depth': 9, 'min_samples_split': 7, 'min_samples_leaf': 4}. Best is trial 22 with value: 0.8012519561815337.
[I 2025-05-02 02:59:14,321] Trial 32 finished with value: 0.8012519561815337 and parameters: {'n_estimators': 65, 'max_depth': 9, 'min_samples_split': 7, 'min_samples_leaf': 4}. Best is trial 22 with value: 0.8012519561815337.
[I 2025-05-02 02:59:17,566] Trial 33 finished with value: 0.795657276995305 and parameters: {'n_estimators': 65, 'max_depth': 9, 'min_samples_split': 9, 'min_samples_leaf': 4}. Best is trial 22 with value: 0.8012519561815337.
[I 2025-05-02 02:59:20,687] Trial 34 finished with value: 0.7983959311424099 and parameters: {'n_estimators': 70, 'max_depth': 8, 'min_samples_split': 7, 'min_samples_leaf': 5}. Best is trial 22 with value: 0.8012519561815337.
[I 2025-05-02 02:59:23,604] Trial 35 finished with value: 0.795657276995305 and parameters: {'n_estimators': 85, 'max_depth': 9, 'min_samples_split': 8, 'min_samples_leaf': 4}. Best is trial 22 with value: 0.8012519561815337.
[I 2025-05-02 02:59:25,663] Trial 36 finished with value: 0.7928403755868544 and parameters: {'n_estimators': 50, 'max_depth': 10, 'min_samples_split': 6, 'min_samples_leaf': 4}. Best is trial 22 with value: 0.8012519561815337.
[I 2025-05-02 02:59:28,542] Trial 37 finished with value: 0.7732003129890455 and parameters: {'n_estimators': 75, 'max_depth': 7, 'min_samples_split': 7, 'min_samples_leaf': 5}. Best is trial 22 with value: 0.8012519561815337.
[I 2025-05-02 02:59:32,043] Trial 38 finished with value: 0.7843896713615022 and parameters: {'n_estimators': 154, 'max_depth': 9, 'min_samples_split': 9, 'min_samples_leaf': 4}. Best is trial 22 with value: 0.8012519561815337.
[I 2025-05-02 02:59:34,457] Trial 39 finished with value: 0.7900234741784036 and parameters: {'n_estimators': 184, 'max_depth': 8, 'min_samples_split': 6, 'min_samples_leaf': 4}. Best is trial 22 with value: 0.8012519561815337.
[I 2025-05-02 02:59:36,309] Trial 40 finished with value: 0.7815727699530516 and parameters: {'n_estimators': 133, 'max_depth': 10, 'min_samples_split': 7, 'min_samples_leaf': 5}. Best is trial 22 with value: 0.8012519561815337.
[I 2025-05-02 02:59:37,568] Trial 41 finished with value: 0.7900234741784036 and parameters: {'n_estimators': 71, 'max_depth': 8, 'min_samples_split': 7, 'min_samples_leaf': 5}. Best is trial 22 with value: 0.8012519561815337.
[I 2025-05-02 02:59:38,488] Trial 42 finished with value: 0.7843896713615022 and parameters: {'n_estimators': 65, 'max_depth': 9, 'min_samples_split': 8, 'min_samples_leaf': 5}. Best is trial 22 with value: 0.8012519561815337.
[I 2025-05-02 02:59:39,273] Trial 43 finished with value: 0.7872456964006259 and parameters: {'n_estimators': 57, 'max_depth': 8, 'min_samples_split': 7, 'min_samples_leaf': 5}. Best is trial 22 with value: 0.8012519561815337.
[I 2025-05-02 02:59:40,299] Trial 44 finished with value: 0.7928012519561815 and parameters: {'n_estimators': 67, 'max_depth': 10, 'min_samples_split': 8, 'min_samples_leaf': 4}. Best is trial 22 with value: 0.8012519561815337.
[I 2025-05-02 02:59:41,921] Trial 45 finished with value: 0.795657276995305 and parameters: {'n_estimators': 85, 'max_depth': 9, 'min_samples_split': 7, 'min_samples_leaf': 4}. Best is trial 22 with value: 0.8012519561815337.
[I 2025-05-02 02:59:43,108] Trial 46 finished with value: 0.7844287949921753 and parameters: {'n_estimators': 92, 'max_depth': 7, 'min_samples_split': 6, 'min_samples_leaf': 5}. Best is trial 22 with value: 0.8012519561815337.
[I 2025-05-02 02:59:43,928] Trial 47 finished with value: 0.7844287949921751 and parameters: {'n_estimators': 58, 'max_depth': 8, 'min_samples_split': 7, 'min_samples_leaf': 3}. Best is trial 22 with value: 0.8012519561815337.
[I 2025-05-02 02:59:44,838] Trial 48 finished with value: 0.7732003129890455 and parameters: {'n_estimators': 75, 'max_depth': 10, 'min_samples_split': 9, 'min_samples_leaf': 4}. Best is trial 22 with value: 0.8012519561815337.
[I 2025-05-02 02:59:46,424] Trial 49 finished with value: 0.7956572769953052 and parameters: {'n_estimators': 113, 'max_depth': 9, 'min_samples_split': 6, 'min_samples_leaf': 1}. Best is trial 22 with value: 0.8012519561815337.
[I 2025-05-02 02:59:47,337] Trial 50 finished with value: 0.7816118935837245 and parameters: {'n_estimators': 69, 'max_depth': 7, 'min_samples_split': 8, 'min_samples_leaf': 5}. Best is trial 22 with value: 0.8012519561815337.
[I 2025-05-02 02:59:48,204] Trial 51 finished with value: 0.7928794992175273 and parameters: {'n_estimators': 62, 'max_depth': 10, 'min_samples_split': 7, 'min_samples_leaf': 4}. Best is trial 22 with value: 0.8012519561815337.
[I 2025-05-02 02:59:48,921] Trial 52 finished with value: 0.795657276995305 and parameters: {'n_estimators': 55, 'max_depth': 9, 'min_samples_split': 7, 'min_samples_leaf': 3}. Best is trial 22 with value: 0.8012519561815337.
[I 2025-05-02 02:59:49,879] Trial 53 finished with value: 0.7872456964006259 and parameters: {'n_estimators': 77, 'max_depth': 10, 'min_samples_split': 6, 'min_samples_leaf': 4}. Best is trial 22 with value: 0.8012519561815337.
[I 2025-05-02 02:59:50,871] Trial 54 finished with value: 0.7956181533646323 and parameters: {'n_estimators': 70, 'max_depth': 9, 'min_samples_split': 8, 'min_samples_leaf': 4}. Best is trial 22 with value: 0.8012519561815337.
[I 2025-05-02 02:59:52,103] Trial 55 finished with value: 0.7872456964006259 and parameters: {'n_estimators': 88, 'max_depth': 8, 'min_samples_split': 7, 'min_samples_leaf': 3}. Best is trial 22 with value: 0.8012519561815337.
[I 2025-05-02 02:59:53,120] Trial 56 finished with value: 0.787206572769953 and parameters: {'n_estimators': 81, 'max_depth': 10, 'min_samples_split': 5, 'min_samples_leaf': 4}. Best is trial 22 with value: 0.8012519561815337.
[I 2025-05-02 02:59:55,053] Trial 57 finished with value: 0.7843896713615022 and parameters: {'n_estimators': 142, 'max_depth': 8, 'min_samples_split': 8, 'min_samples_leaf': 4}. Best is trial 22 with value: 0.8012519561815337.
[I 2025-05-02 02:59:55,895] Trial 58 finished with value: 0.7984741784037558 and parameters: {'n_estimators': 53, 'max_depth': 9, 'min_samples_split': 7, 'min_samples_leaf': 4}. Best is trial 22 with value: 0.8012519561815337.
[I 2025-05-02 02:59:57,657] Trial 59 finished with value: 0.784467918622848 and parameters: {'n_estimators': 51, 'max_depth': 3, 'min_samples_split': 6, 'min_samples_leaf': 5}. Best is trial 22 with value: 0.8012519561815337.
[I 2025-05-02 02:59:59,176] Trial 60 finished with value: 0.7984741784037558 and parameters: {'n_estimators': 61, 'max_depth': 9, 'min_samples_split': 7, 'min_samples_leaf': 3}. Best is trial 22 with value: 0.8012519561815337.
[I 2025-05-02 03:00:00,821] Trial 61 finished with value: 0.7984741784037558 and parameters: {'n_estimators': 61, 'max_depth': 9, 'min_samples_split': 7, 'min_samples_leaf': 3}. Best is trial 22 with value: 0.8012519561815337.
[I 2025-05-02 03:00:02,344] Trial 62 finished with value: 0.7985133020344289 and parameters: {'n_estimators': 61, 'max_depth': 9, 'min_samples_split': 6, 'min_samples_leaf': 3}. Best is trial 22 with value: 0.8012519561815337.
[I 2025-05-02 03:00:03,726] Trial 63 finished with value: 0.7816510172143974 and parameters: {'n_estimators': 56, 'max_depth': 9, 'min_samples_split': 5, 'min_samples_leaf': 2}. Best is trial 22 with value: 0.8012519561815337.
[I 2025-05-02 03:00:05,030] Trial 64 finished with value: 0.7985133020344289 and parameters: {'n_estimators': 63, 'max_depth': 9, 'min_samples_split': 6, 'min_samples_leaf': 3}. Best is trial 22 with value: 0.8012519561815337.
[I 2025-05-02 03:00:06,039] Trial 65 finished with value: 0.784467918622848 and parameters: {'n_estimators': 53, 'max_depth': 9, 'min_samples_split': 4, 'min_samples_leaf': 3}. Best is trial 22 with value: 0.8012519561815337.
[I 2025-05-02 03:00:09,651] Trial 66 finished with value: 0.7844287949921751 and parameters: {'n_estimators': 66, 'max_depth': 10, 'min_samples_split': 5, 'min_samples_leaf': 3}. Best is trial 22 with value: 0.8012519561815337.
[I 2025-05-02 03:00:14,290] Trial 67 finished with value: 0.7900234741784036 and parameters: {'n_estimators': 73, 'max_depth': 6, 'min_samples_split': 6, 'min_samples_leaf': 2}. Best is trial 22 with value: 0.8012519561815337.
[I 2025-05-02 03:00:16,569] Trial 68 finished with value: 0.7928794992175273 and parameters: {'n_estimators': 62, 'max_depth': 9, 'min_samples_split': 6, 'min_samples_leaf': 3}. Best is trial 22 with value: 0.8012519561815337.
[I 2025-05-02 03:00:19,744] Trial 69 finished with value: 0.7928403755868544 and parameters: {'n_estimators': 97, 'max_depth': 8, 'min_samples_split': 6, 'min_samples_leaf': 4}. Best is trial 22 with value: 0.8012519561815337.
[I 2025-05-02 03:00:22,193] Trial 70 finished with value: 0.7788341158059466 and parameters: {'n_estimators': 80, 'max_depth': 8, 'min_samples_split': 4, 'min_samples_leaf': 3}. Best is trial 22 with value: 0.8012519561815337.
[I 2025-05-02 03:00:23,849] Trial 71 finished with value: 0.7928794992175273 and parameters: {'n_estimators': 60, 'max_depth': 9, 'min_samples_split': 3, 'min_samples_leaf': 3}. Best is trial 22 with value: 0.8012519561815337.
[I 2025-05-02 03:00:25,319] Trial 72 finished with value: 0.7928403755868544 and parameters: {'n_estimators': 53, 'max_depth': 9, 'min_samples_split': 7, 'min_samples_leaf': 3}. Best is trial 22 with value: 0.8012519561815337.
[I 2025-05-02 03:00:28,140] Trial 73 finished with value: 0.8012519561815337 and parameters: {'n_estimators': 65, 'max_depth': 9, 'min_samples_split': 8, 'min_samples_leaf': 4}. Best is trial 22 with value: 0.8012519561815337.
[I 2025-05-02 03:00:30,098] Trial 74 finished with value: 0.7704616588419405 and parameters: {'n_estimators': 66, 'max_depth': 2, 'min_samples_split': 8, 'min_samples_leaf': 4}. Best is trial 22 with value: 0.8012519561815337.
[I 2025-05-02 03:00:32,569] Trial 75 finished with value: 0.7872456964006259 and parameters: {'n_estimators': 73, 'max_depth': 9, 'min_samples_split': 9, 'min_samples_leaf': 4}. Best is trial 22 with value: 0.8012519561815337.
[I 2025-05-02 03:00:35,297] Trial 76 finished with value: 0.7844679186228483 and parameters: {'n_estimators': 85, 'max_depth': 10, 'min_samples_split': 2, 'min_samples_leaf': 4}. Best is trial 22 with value: 0.8012519561815337.
[I 2025-05-02 03:00:37,730] Trial 77 finished with value: 0.7956964006259779 and parameters: {'n_estimators': 55, 'max_depth': 9, 'min_samples_split': 8, 'min_samples_leaf': 4}. Best is trial 22 with value: 0.8012519561815337.
[I 2025-05-02 03:00:38,941] Trial 78 finished with value: 0.8012128325508607 and parameters: {'n_estimators': 67, 'max_depth': 8, 'min_samples_split': 7, 'min_samples_leaf': 4}. Best is trial 22 with value: 0.8012519561815337.
[I 2025-05-02 03:00:40,282] Trial 79 finished with value: 0.8040297339593113 and parameters: {'n_estimators': 69, 'max_depth': 8, 'min_samples_split': 8, 'min_samples_leaf': 4}. Best is trial 79 with value: 0.8040297339593113.
[I 2025-05-02 03:00:41,549] Trial 80 finished with value: 0.78716744913928 and parameters: {'n_estimators': 76, 'max_depth': 7, 'min_samples_split': 8, 'min_samples_leaf': 4}. Best is trial 79 with value: 0.8040297339593113.
[I 2025-05-02 03:00:42,303] Trial 81 finished with value: 0.7928012519561815 and parameters: {'n_estimators': 68, 'max_depth': 8, 'min_samples_split': 9, 'min_samples_leaf': 4}. Best is trial 79 with value: 0.8040297339593113.
[I 2025-05-02 03:00:42,962] Trial 82 finished with value: 0.8039906103286384 and parameters: {'n_estimators': 64, 'max_depth': 8, 'min_samples_split': 8, 'min_samples_leaf': 4}. Best is trial 79 with value: 0.8040297339593113.
[I 2025-05-02 03:00:43,683] Trial 83 finished with value: 0.7843505477308295 and parameters: {'n_estimators': 72, 'max_depth': 8, 'min_samples_split': 10, 'min_samples_leaf': 4}. Best is trial 79 with value: 0.8040297339593113.
[I 2025-05-02 03:00:44,309] Trial 84 finished with value: 0.8068857589984351 and parameters: {'n_estimators': 58, 'max_depth': 8, 'min_samples_split': 8, 'min_samples_leaf': 4}. Best is trial 84 with value: 0.8068857589984351.
[I 2025-05-02 03:00:44,991] Trial 85 finished with value: 0.78716744913928 and parameters: {'n_estimators': 67, 'max_depth': 7, 'min_samples_split': 8, 'min_samples_leaf': 4}. Best is trial 84 with value: 0.8068857589984351.
[I 2025-05-02 03:00:45,988] Trial 86 finished with value: 0.7956181533646323 and parameters: {'n_estimators': 78, 'max_depth': 8, 'min_samples_split': 9, 'min_samples_leaf': 4}. Best is trial 84 with value: 0.8068857589984351.
[I 2025-05-02 03:00:46,620] Trial 87 finished with value: 0.8068857589984351 and parameters: {'n_estimators': 58, 'max_depth': 8, 'min_samples_split': 8, 'min_samples_leaf': 4}. Best is trial 84 with value: 0.8068857589984351.
[I 2025-05-02 03:00:47,282] Trial 88 finished with value: 0.78716744913928 and parameters: {'n_estimators': 64, 'max_depth': 7, 'min_samples_split': 8, 'min_samples_leaf': 4}. Best is trial 84 with value: 0.8068857589984351.
[I 2025-05-02 03:00:47,860] Trial 89 finished with value: 0.7900625978090767 and parameters: {'n_estimators': 58, 'max_depth': 8, 'min_samples_split': 9, 'min_samples_leaf': 4}. Best is trial 84 with value: 0.8068857589984351.
[I 2025-05-02 03:00:48,787] Trial 90 finished with value: 0.7901017214397494 and parameters: {'n_estimators': 50, 'max_depth': 6, 'min_samples_split': 8, 'min_samples_leaf': 4}. Best is trial 84 with value: 0.8068857589984351.
