[I 2025-05-02 04:13:15,181] Trial 92 finished with value: 0.7175899432767535 and parameters: {'n_estimators': 202, 'max_depth': 4, 'learning_rate': 0.11471390757631277, 'subsample': 0.9222425205273092, 'colsample_bytree': 0.8032498523537037, 'gamma': 2.8644450913319783, 'min_child_weight': 2}. Best is trial 88 with value: 0.7263881179977387.
c:\Users\x-hp\AppData\Local\Programs\Python\Python311\Lib\site-packages\xgboost\training.py:183: UserWarning: [04:13:15] WARNING: C:\actions-runner\_work\xgboost\xgboost\src\learner.cc:738:
Parameters: { "use_label_encoder" } are not used.

  bst.update(dtrain, iteration=i, fobj=obj)
c:\Users\x-hp\AppData\Local\Programs\Python\Python311\Lib\site-packages\xgboost\training.py:183: UserWarning: [04:13:15] WARNING: C:\actions-runner\_work\xgboost\xgboost\src\learner.cc:738:
Parameters: { "use_label_encoder" } are not used.

  bst.update(dtrain, iteration=i, fobj=obj)
c:\Users\x-hp\AppData\Local\Programs\Python\Python311\Lib\site-packages\xgboost\training.py:183: UserWarning: [04:13:15] WARNING: C:\actions-runner\_work\xgboost\xgboost\src\learner.cc:738:
Parameters: { "use_label_encoder" } are not used.

  bst.update(dtrain, iteration=i, fobj=obj)
c:\Users\x-hp\AppData\Local\Programs\Python\Python311\Lib\site-packages\xgboost\training.py:183: UserWarning: [04:13:16] WARNING: C:\actions-runner\_work\xgboost\xgboost\src\learner.cc:738:
Parameters: { "use_label_encoder" } are not used.

  bst.update(dtrain, iteration=i, fobj=obj)
c:\Users\x-hp\AppData\Local\Programs\Python\Python311\Lib\site-packages\xgboost\training.py:183: UserWarning: [04:13:16] WARNING: C:\actions-runner\_work\xgboost\xgboost\src\learner.cc:738:
Parameters: { "use_label_encoder" } are not used.

  bst.update(dtrain, iteration=i, fobj=obj)
[I 2025-05-02 04:13:16,315] Trial 93 finished with value: 0.6905044231131188 and parameters: {'n_estimators': 173, 'max_depth': 4, 'learning_rate': 0.1174119706251816, 'subsample': 0.8490858892855804, 'colsample_bytree': 0.8027928048291803, 'gamma': 3.122119565801467, 'min_child_weight': 2}. Best is trial 88 with value: 0.7263881179977387.
c:\Users\x-hp\AppData\Local\Programs\Python\Python311\Lib\site-packages\xgboost\training.py:183: UserWarning: [04:13:16] WARNING: C:\actions-runner\_work\xgboost\xgboost\src\learner.cc:738:
Parameters: { "use_label_encoder" } are not used.

  bst.update(dtrain, iteration=i, fobj=obj)
c:\Users\x-hp\AppData\Local\Programs\Python\Python311\Lib\site-packages\xgboost\training.py:183: UserWarning: [04:13:16] WARNING: C:\actions-runner\_work\xgboost\xgboost\src\learner.cc:738:
Parameters: { "use_label_encoder" } are not used.

  bst.update(dtrain, iteration=i, fobj=obj)
c:\Users\x-hp\AppData\Local\Programs\Python\Python311\Lib\site-packages\xgboost\training.py:183: UserWarning: [04:13:16] WARNING: C:\actions-runner\_work\xgboost\xgboost\src\learner.cc:738:
Parameters: { "use_label_encoder" } are not used.

  bst.update(dtrain, iteration=i, fobj=obj)
c:\Users\x-hp\AppData\Local\Programs\Python\Python311\Lib\site-packages\xgboost\training.py:183: UserWarning: [04:13:16] WARNING: C:\actions-runner\_work\xgboost\xgboost\src\learner.cc:738:
Parameters: { "use_label_encoder" } are not used.

  bst.update(dtrain, iteration=i, fobj=obj)
c:\Users\x-hp\AppData\Local\Programs\Python\Python311\Lib\site-packages\xgboost\training.py:183: UserWarning: [04:13:17] WARNING: C:\actions-runner\_work\xgboost\xgboost\src\learner.cc:738:
Parameters: { "use_label_encoder" } are not used.

  bst.update(dtrain, iteration=i, fobj=obj)
[I 2025-05-02 04:13:17,225] Trial 94 finished with value: 0.6889744637824581 and parameters: {'n_estimators': 190, 'max_depth': 4, 'learning_rate': 0.11952231066858947, 'subsample': 0.9221478973869396, 'colsample_bytree': 0.7730879206113161, 'gamma': 2.9020719660512695, 'min_child_weight': 3}. Best is trial 88 with value: 0.7263881179977387.
c:\Users\x-hp\AppData\Local\Programs\Python\Python311\Lib\site-packages\xgboost\training.py:183: UserWarning: [04:13:17] WARNING: C:\actions-runner\_work\xgboost\xgboost\src\learner.cc:738:
Parameters: { "use_label_encoder" } are not used.

  bst.update(dtrain, iteration=i, fobj=obj)
c:\Users\x-hp\AppData\Local\Programs\Python\Python311\Lib\site-packages\xgboost\training.py:183: UserWarning: [04:13:17] WARNING: C:\actions-runner\_work\xgboost\xgboost\src\learner.cc:738:
Parameters: { "use_label_encoder" } are not used.

  bst.update(dtrain, iteration=i, fobj=obj)
c:\Users\x-hp\AppData\Local\Programs\Python\Python311\Lib\site-packages\xgboost\training.py:183: UserWarning: [04:13:17] WARNING: C:\actions-runner\_work\xgboost\xgboost\src\learner.cc:738:
Parameters: { "use_label_encoder" } are not used.

  bst.update(dtrain, iteration=i, fobj=obj)
c:\Users\x-hp\AppData\Local\Programs\Python\Python311\Lib\site-packages\xgboost\training.py:183: UserWarning: [04:13:17] WARNING: C:\actions-runner\_work\xgboost\xgboost\src\learner.cc:738:
Parameters: { "use_label_encoder" } are not used.

  bst.update(dtrain, iteration=i, fobj=obj)
c:\Users\x-hp\AppData\Local\Programs\Python\Python311\Lib\site-packages\xgboost\training.py:183: UserWarning: [04:13:17] WARNING: C:\actions-runner\_work\xgboost\xgboost\src\learner.cc:738:
Parameters: { "use_label_encoder" } are not used.

  bst.update(dtrain, iteration=i, fobj=obj)
[I 2025-05-02 04:13:17,912] Trial 95 finished with value: 0.7074352217830479 and parameters: {'n_estimators': 163, 'max_depth': 3, 'learning_rate': 0.13094666368886282, 'subsample': 0.9599985225635291, 'colsample_bytree': 0.8382707482490742, 'gamma': 2.6304484724283106, 'min_child_weight': 2}. Best is trial 88 with value: 0.7263881179977387.
c:\Users\x-hp\AppData\Local\Programs\Python\Python311\Lib\site-packages\xgboost\training.py:183: UserWarning: [04:13:18] WARNING: C:\actions-runner\_work\xgboost\xgboost\src\learner.cc:738:
Parameters: { "use_label_encoder" } are not used.

  bst.update(dtrain, iteration=i, fobj=obj)
c:\Users\x-hp\AppData\Local\Programs\Python\Python311\Lib\site-packages\xgboost\training.py:183: UserWarning: [04:13:18] WARNING: C:\actions-runner\_work\xgboost\xgboost\src\learner.cc:738:
Parameters: { "use_label_encoder" } are not used.

  bst.update(dtrain, iteration=i, fobj=obj)
c:\Users\x-hp\AppData\Local\Programs\Python\Python311\Lib\site-packages\xgboost\training.py:183: UserWarning: [04:13:18] WARNING: C:\actions-runner\_work\xgboost\xgboost\src\learner.cc:738:
Parameters: { "use_label_encoder" } are not used.

  bst.update(dtrain, iteration=i, fobj=obj)
c:\Users\x-hp\AppData\Local\Programs\Python\Python311\Lib\site-packages\xgboost\training.py:183: UserWarning: [04:13:18] WARNING: C:\actions-runner\_work\xgboost\xgboost\src\learner.cc:738:
Parameters: { "use_label_encoder" } are not used.

  bst.update(dtrain, iteration=i, fobj=obj)
c:\Users\x-hp\AppData\Local\Programs\Python\Python311\Lib\site-packages\xgboost\training.py:183: UserWarning: [04:13:18] WARNING: C:\actions-runner\_work\xgboost\xgboost\src\learner.cc:738:
Parameters: { "use_label_encoder" } are not used.

  bst.update(dtrain, iteration=i, fobj=obj)
[I 2025-05-02 04:13:18,747] Trial 96 finished with value: 0.6860142417658069 and parameters: {'n_estimators': 201, 'max_depth': 4, 'learning_rate': 0.144325214639492, 'subsample': 0.9475023984390464, 'colsample_bytree': 0.8131221687118582, 'gamma': 3.036297532737639, 'min_child_weight': 1}. Best is trial 88 with value: 0.7263881179977387.
c:\Users\x-hp\AppData\Local\Programs\Python\Python311\Lib\site-packages\xgboost\training.py:183: UserWarning: [04:13:18] WARNING: C:\actions-runner\_work\xgboost\xgboost\src\learner.cc:738:
Parameters: { "use_label_encoder" } are not used.

  bst.update(dtrain, iteration=i, fobj=obj)
c:\Users\x-hp\AppData\Local\Programs\Python\Python311\Lib\site-packages\xgboost\training.py:183: UserWarning: [04:13:19] WARNING: C:\actions-runner\_work\xgboost\xgboost\src\learner.cc:738:
Parameters: { "use_label_encoder" } are not used.

  bst.update(dtrain, iteration=i, fobj=obj)
c:\Users\x-hp\AppData\Local\Programs\Python\Python311\Lib\site-packages\xgboost\training.py:183: UserWarning: [04:13:19] WARNING: C:\actions-runner\_work\xgboost\xgboost\src\learner.cc:738:
Parameters: { "use_label_encoder" } are not used.

  bst.update(dtrain, iteration=i, fobj=obj)
c:\Users\x-hp\AppData\Local\Programs\Python\Python311\Lib\site-packages\xgboost\training.py:183: UserWarning: [04:13:19] WARNING: C:\actions-runner\_work\xgboost\xgboost\src\learner.cc:738:
Parameters: { "use_label_encoder" } are not used.

  bst.update(dtrain, iteration=i, fobj=obj)
c:\Users\x-hp\AppData\Local\Programs\Python\Python311\Lib\site-packages\xgboost\training.py:183: UserWarning: [04:13:19] WARNING: C:\actions-runner\_work\xgboost\xgboost\src\learner.cc:738:
Parameters: { "use_label_encoder" } are not used.

  bst.update(dtrain, iteration=i, fobj=obj)
[I 2025-05-02 04:13:19,549] Trial 97 finished with value: 0.7033526756931012 and parameters: {'n_estimators': 285, 'max_depth': 3, 'learning_rate': 0.09135662395922652, 'subsample': 0.8886215683001192, 'colsample_bytree': 0.7831435553930712, 'gamma': 3.2810045866879802, 'min_child_weight': 1}. Best is trial 88 with value: 0.7263881179977387.
c:\Users\x-hp\AppData\Local\Programs\Python\Python311\Lib\site-packages\xgboost\training.py:183: UserWarning: [04:13:19] WARNING: C:\actions-runner\_work\xgboost\xgboost\src\learner.cc:738:
Parameters: { "use_label_encoder" } are not used.

  bst.update(dtrain, iteration=i, fobj=obj)
c:\Users\x-hp\AppData\Local\Programs\Python\Python311\Lib\site-packages\xgboost\training.py:183: UserWarning: [04:13:19] WARNING: C:\actions-runner\_work\xgboost\xgboost\src\learner.cc:738:
Parameters: { "use_label_encoder" } are not used.

  bst.update(dtrain, iteration=i, fobj=obj)
c:\Users\x-hp\AppData\Local\Programs\Python\Python311\Lib\site-packages\xgboost\training.py:183: UserWarning: [04:13:19] WARNING: C:\actions-runner\_work\xgboost\xgboost\src\learner.cc:738:
Parameters: { "use_label_encoder" } are not used.

  bst.update(dtrain, iteration=i, fobj=obj)
c:\Users\x-hp\AppData\Local\Programs\Python\Python311\Lib\site-packages\xgboost\training.py:183: UserWarning: [04:13:20] WARNING: C:\actions-runner\_work\xgboost\xgboost\src\learner.cc:738:
Parameters: { "use_label_encoder" } are not used.

  bst.update(dtrain, iteration=i, fobj=obj)
c:\Users\x-hp\AppData\Local\Programs\Python\Python311\Lib\site-packages\xgboost\training.py:183: UserWarning: [04:13:20] WARNING: C:\actions-runner\_work\xgboost\xgboost\src\learner.cc:738:
Parameters: { "use_label_encoder" } are not used.

  bst.update(dtrain, iteration=i, fobj=obj)
[I 2025-05-02 04:13:20,193] Trial 98 finished with value: 0.6805787757314121 and parameters: {'n_estimators': 185, 'max_depth': 4, 'learning_rate': 0.0996363967223772, 'subsample': 0.9059817138899426, 'colsample_bytree': 0.7596859320674274, 'gamma': 3.7500330639636754, 'min_child_weight': 2}. Best is trial 88 with value: 0.7263881179977387.
c:\Users\x-hp\AppData\Local\Programs\Python\Python311\Lib\site-packages\xgboost\training.py:183: UserWarning: [04:13:20] WARNING: C:\actions-runner\_work\xgboost\xgboost\src\learner.cc:738:
Parameters: { "use_label_encoder" } are not used.

  bst.update(dtrain, iteration=i, fobj=obj)
c:\Users\x-hp\AppData\Local\Programs\Python\Python311\Lib\site-packages\xgboost\training.py:183: UserWarning: [04:13:20] WARNING: C:\actions-runner\_work\xgboost\xgboost\src\learner.cc:738:
Parameters: { "use_label_encoder" } are not used.

  bst.update(dtrain, iteration=i, fobj=obj)
c:\Users\x-hp\AppData\Local\Programs\Python\Python311\Lib\site-packages\xgboost\training.py:183: UserWarning: [04:13:20] WARNING: C:\actions-runner\_work\xgboost\xgboost\src\learner.cc:738:
Parameters: { "use_label_encoder" } are not used.

  bst.update(dtrain, iteration=i, fobj=obj)
c:\Users\x-hp\AppData\Local\Programs\Python\Python311\Lib\site-packages\xgboost\training.py:183: UserWarning: [04:13:20] WARNING: C:\actions-runner\_work\xgboost\xgboost\src\learner.cc:738:
Parameters: { "use_label_encoder" } are not used.

  bst.update(dtrain, iteration=i, fobj=obj)
c:\Users\x-hp\AppData\Local\Programs\Python\Python311\Lib\site-packages\xgboost\training.py:183: UserWarning: [04:13:20] WARNING: C:\actions-runner\_work\xgboost\xgboost\src\learner.cc:738:
Parameters: { "use_label_encoder" } are not used.

  bst.update(dtrain, iteration=i, fobj=obj)
[I 2025-05-02 04:13:20,877] Trial 99 finished with value: 0.6627828007936865 and parameters: {'n_estimators': 211, 'max_depth': 4, 'learning_rate': 0.1584871711586715, 'subsample': 0.9836861477279791, 'colsample_bytree': 0.8748850522761085, 'gamma': 3.543766389070598, 'min_child_weight': 3}. Best is trial 88 with value: 0.7263881179977387.
✅ Best XGBoost Parameters: {'n_estimators': 173, 'max_depth': 3, 'learning_rate': 0.1190189196479002, 'subsample': 0.8938506136081646, 'colsample_bytree': 0.8080499753799478, 'gamma': 3.198138137857171, 'min_child_weight': 2}
✅ Best model selected based on F1: XGBoost
02-05-2025 04:13:22 Retraining best model on original full dataset...
02-05-2025 04:13:23 ✅ Exported and logged final model to W&B as artifact: final_model_xgboost.pkl
Requirement already satisfied: wandb in c:\users\x-hp\anaconda3\lib\site-packages (0.19.8)
Requirement already satisfied: click!=8.0.0,>=7.1 in c:\users\x-hp\anaconda3\lib\site-packages (from wandb) (8.1.7)
Requirement already satisfied: docker-pycreds>=0.4.0 in c:\users\x-hp\anaconda3\lib\site-packages (from wandb) (0.4.0)
Requirement already satisfied: gitpython!=3.1.29,>=1.0.0 in c:\users\x-hp\anaconda3\lib\site-packages (from wandb) (3.1.43)
Requirement already satisfied: platformdirs in c:\users\x-hp\anaconda3\lib\site-packages (from wandb) (3.10.0)
Requirement already satisfied: protobuf!=4.21.0,!=5.28.0,<6,>=3.19.0 in c:\users\x-hp\anaconda3\lib\site-packages (from wandb) (4.25.3)
Requirement already satisfied: psutil>=5.0.0 in c:\users\x-hp\anaconda3\lib\site-packages (from wandb) (5.9.0)
Requirement already satisfied: pydantic<3,>=2.6 in c:\users\x-hp\anaconda3\lib\site-packages (from wandb) (2.8.2)
Requirement already satisfied: pyyaml in c:\users\x-hp\anaconda3\lib\site-packages (from wandb) (6.0.1)
Requirement already satisfied: requests<3,>=2.0.0 in c:\users\x-hp\anaconda3\lib\site-packages (from wandb) (2.32.3)
Requirement already satisfied: sentry-sdk>=2.0.0 in c:\users\x-hp\anaconda3\lib\site-packages (from wandb) (2.18.0)
Requirement already satisfied: setproctitle in c:\users\x-hp\anaconda3\lib\site-packages (from wandb) (1.3.5)
Requirement already satisfied: setuptools in c:\users\x-hp\anaconda3\lib\site-packages (from wandb) (75.1.0)
Requirement already satisfied: colorama in c:\users\x-hp\anaconda3\lib\site-packages (from click!=8.0.0,>=7.1->wandb) (0.4.6)
Requirement already satisfied: six>=1.4.0 in c:\users\x-hp\anaconda3\lib\site-packages (from docker-pycreds>=0.4.0->wandb) (1.17.0)
Requirement already satisfied: gitdb<5,>=4.0.1 in c:\users\x-hp\anaconda3\lib\site-packages (from gitpython!=3.1.29,>=1.0.0->wandb) (4.0.7)
Requirement already satisfied: annotated-types>=0.4.0 in c:\users\x-hp\anaconda3\lib\site-packages (from pydantic<3,>=2.6->wandb) (0.6.0)
Requirement already satisfied: pydantic-core==2.20.1 in c:\users\x-hp\anaconda3\lib\site-packages (from pydantic<3,>=2.6->wandb) (2.20.1)
Requirement already satisfied: typing-extensions>=4.6.1 in c:\users\x-hp\anaconda3\lib\site-packages (from pydantic<3,>=2.6->wandb) (4.11.0)
Requirement already satisfied: charset-normalizer<4,>=2 in c:\users\x-hp\anaconda3\lib\site-packages (from requests<3,>=2.0.0->wandb) (3.3.2)
Requirement already satisfied: idna<4,>=2.5 in c:\users\x-hp\anaconda3\lib\site-packages (from requests<3,>=2.0.0->wandb) (3.7)
Requirement already satisfied: urllib3<3,>=1.21.1 in c:\users\x-hp\anaconda3\lib\site-packages (from requests<3,>=2.0.0->wandb) (2.2.3)
Requirement already satisfied: certifi>=2017.4.17 in c:\users\x-hp\anaconda3\lib\site-packages (from requests<3,>=2.0.0->wandb) (2025.1.31)
Requirement already satisfied: smmap<5,>=3.0.1 in c:\users\x-hp\anaconda3\lib\site-packages (from gitdb<5,>=4.0.1->gitpython!=3.1.29,>=1.0.0->wandb) (4.0.0)
[34m[1mwandb[0m: [33mWARNING[0m Calling wandb.login() after wandb.init() has no effect.
02-05-2025 04:19:00 Downloading and reading train artifact
[34m[1mwandb[0m:   1 of 1 files downloaded.
02-05-2025 04:19:04 Spliting data into train/val
02-05-2025 04:19:04 x train: (375, 8)
02-05-2025 04:19:04 y train: (375,)
02-05-2025 04:19:04 x val: (162, 8)
02-05-2025 04:19:04 y val: (162,)
02-05-2025 04:19:04 Outlier Removal
02-05-2025 04:19:04 x_train shape [original]: (375, 8)
02-05-2025 04:19:04 x_train shape [outlier removal]: (357, 8)
02-05-2025 04:19:04 Data after SMOTE: (476, 8)
02-05-2025 04:19:05 [Logistic] Accuracy: 0.7037037037037037
02-05-2025 04:19:07 [Random Forest] Accuracy: 0.691358024691358
c:\Users\x-hp\AppData\Local\Programs\Python\Python311\Lib\site-packages\xgboost\training.py:183: UserWarning: [04:19:07] WARNING: C:\actions-runner\_work\xgboost\xgboost\src\learner.cc:738:
Parameters: { "use_label_encoder" } are not used.

  bst.update(dtrain, iteration=i, fobj=obj)
02-05-2025 04:19:07 [XGBoost] Accuracy: 0.7098765432098766
                 Model  Accuracy
0  Logistic Regression  0.703704
1        Random Forest  0.691358
2              XGBoost  0.709877
[I 2025-05-02 04:19:11,509] A new study created in memory with name: no-name-820db407-32d3-411f-91ad-c530169083ed
[I 2025-05-02 04:19:17,689] Trial 0 finished with value: 0.6192376728962095 and parameters: {'n_estimators': 164, 'max_depth': 4, 'min_samples_split': 2, 'min_samples_leaf': 3}. Best is trial 0 with value: 0.6192376728962095.
[I 2025-05-02 04:19:20,120] Trial 1 finished with value: 0.6556337898703924 and parameters: {'n_estimators': 71, 'max_depth': 9, 'min_samples_split': 3, 'min_samples_leaf': 1}. Best is trial 1 with value: 0.6556337898703924.
[I 2025-05-02 04:19:21,967] Trial 2 finished with value: 0.6100422832980973 and parameters: {'n_estimators': 67, 'max_depth': 3, 'min_samples_split': 7, 'min_samples_leaf': 2}. Best is trial 1 with value: 0.6556337898703924.
[I 2025-05-02 04:19:25,133] Trial 3 finished with value: 0.6022922813620488 and parameters: {'n_estimators': 128, 'max_depth': 4, 'min_samples_split': 7, 'min_samples_leaf': 3}. Best is trial 1 with value: 0.6556337898703924.
[I 2025-05-02 04:19:28,223] Trial 4 finished with value: 0.6292749224683428 and parameters: {'n_estimators': 113, 'max_depth': 4, 'min_samples_split': 7, 'min_samples_leaf': 5}. Best is trial 1 with value: 0.6556337898703924.
[I 2025-05-02 04:19:29,895] Trial 5 finished with value: 0.5824060150375939 and parameters: {'n_estimators': 65, 'max_depth': 2, 'min_samples_split': 5, 'min_samples_leaf': 5}. Best is trial 1 with value: 0.6556337898703924.
[I 2025-05-02 04:19:33,270] Trial 6 finished with value: 0.6391015747537486 and parameters: {'n_estimators': 126, 'max_depth': 6, 'min_samples_split': 7, 'min_samples_leaf': 4}. Best is trial 1 with value: 0.6556337898703924.
[I 2025-05-02 04:19:38,110] Trial 7 finished with value: 0.6256092902688379 and parameters: {'n_estimators': 200, 'max_depth': 6, 'min_samples_split': 6, 'min_samples_leaf': 5}. Best is trial 1 with value: 0.6556337898703924.
[I 2025-05-02 04:19:41,896] Trial 8 finished with value: 0.6388995545517284 and parameters: {'n_estimators': 158, 'max_depth': 6, 'min_samples_split': 4, 'min_samples_leaf': 5}. Best is trial 1 with value: 0.6556337898703924.
[I 2025-05-02 04:19:44,371] Trial 9 finished with value: 0.6602136441819767 and parameters: {'n_estimators': 118, 'max_depth': 10, 'min_samples_split': 6, 'min_samples_leaf': 3}. Best is trial 9 with value: 0.6602136441819767.
[I 2025-05-02 04:19:47,590] Trial 10 finished with value: 0.6586728617972298 and parameters: {'n_estimators': 97, 'max_depth': 10, 'min_samples_split': 10, 'min_samples_leaf': 2}. Best is trial 9 with value: 0.6602136441819767.
[I 2025-05-02 04:19:51,651] Trial 11 finished with value: 0.6493362193362193 and parameters: {'n_estimators': 101, 'max_depth': 10, 'min_samples_split': 10, 'min_samples_leaf': 2}. Best is trial 9 with value: 0.6602136441819767.
[I 2025-05-02 04:19:55,450] Trial 12 finished with value: 0.6695636422370927 and parameters: {'n_estimators': 94, 'max_depth': 8, 'min_samples_split': 10, 'min_samples_leaf': 2}. Best is trial 12 with value: 0.6695636422370927.
[I 2025-05-02 04:19:58,111] Trial 13 finished with value: 0.6540000612801421 and parameters: {'n_estimators': 87, 'max_depth': 8, 'min_samples_split': 9, 'min_samples_leaf': 1}. Best is trial 12 with value: 0.6695636422370927.
[I 2025-05-02 04:20:02,012] Trial 14 finished with value: 0.6398585415903575 and parameters: {'n_estimators': 143, 'max_depth': 8, 'min_samples_split': 9, 'min_samples_leaf': 4}. Best is trial 12 with value: 0.6695636422370927.
[I 2025-05-02 04:20:03,216] Trial 15 finished with value: 0.6617372023522606 and parameters: {'n_estimators': 53, 'max_depth': 8, 'min_samples_split': 5, 'min_samples_leaf': 3}. Best is trial 12 with value: 0.6695636422370927.
[I 2025-05-02 04:20:06,903] Trial 16 finished with value: 0.6808170337933908 and parameters: {'n_estimators': 59, 'max_depth': 8, 'min_samples_split': 4, 'min_samples_leaf': 2}. Best is trial 16 with value: 0.6808170337933908.
[I 2025-05-02 04:20:09,700] Trial 17 finished with value: 0.6408799171842651 and parameters: {'n_estimators': 82, 'max_depth': 7, 'min_samples_split': 2, 'min_samples_leaf': 2}. Best is trial 16 with value: 0.6808170337933908.
[I 2025-05-02 04:20:11,442] Trial 18 finished with value: 0.6271539313399779 and parameters: {'n_estimators': 51, 'max_depth': 7, 'min_samples_split': 4, 'min_samples_leaf': 1}. Best is trial 16 with value: 0.6808170337933908.
[I 2025-05-02 04:20:14,120] Trial 19 finished with value: 0.6443101825710521 and parameters: {'n_estimators': 83, 'max_depth': 9, 'min_samples_split': 8, 'min_samples_leaf': 2}. Best is trial 16 with value: 0.6808170337933908.
