[I 2025-05-02 04:26:01,299] Trial 211 finished with value: 0.7059578966308309 and parameters: {'n_estimators': 141, 'max_depth': 10, 'min_samples_split': 3, 'min_samples_leaf': 2}. Best is trial 91 with value: 0.7059578966308309.
[I 2025-05-02 04:26:02,744] Trial 212 finished with value: 0.6968669875399217 and parameters: {'n_estimators': 140, 'max_depth': 10, 'min_samples_split': 3, 'min_samples_leaf': 2}. Best is trial 91 with value: 0.7059578966308309.
[I 2025-05-02 04:26:04,334] Trial 213 finished with value: 0.6976084446643576 and parameters: {'n_estimators': 137, 'max_depth': 10, 'min_samples_split': 3, 'min_samples_leaf': 2}. Best is trial 91 with value: 0.7059578966308309.
[I 2025-05-02 04:26:05,883] Trial 214 finished with value: 0.6968669875399217 and parameters: {'n_estimators': 144, 'max_depth': 10, 'min_samples_split': 3, 'min_samples_leaf': 2}. Best is trial 91 with value: 0.7059578966308309.
[I 2025-05-02 04:26:07,204] Trial 215 finished with value: 0.6968669875399217 and parameters: {'n_estimators': 140, 'max_depth': 10, 'min_samples_split': 3, 'min_samples_leaf': 2}. Best is trial 91 with value: 0.7059578966308309.
[I 2025-05-02 04:26:08,662] Trial 216 finished with value: 0.6998268184067294 and parameters: {'n_estimators': 142, 'max_depth': 10, 'min_samples_split': 3, 'min_samples_leaf': 2}. Best is trial 91 with value: 0.7059578966308309.
[I 2025-05-02 04:26:09,576] Trial 217 finished with value: 0.6802792027583887 and parameters: {'n_estimators': 71, 'max_depth': 10, 'min_samples_split': 3, 'min_samples_leaf': 2}. Best is trial 91 with value: 0.7059578966308309.
[I 2025-05-02 04:26:11,008] Trial 218 finished with value: 0.6976084446643576 and parameters: {'n_estimators': 137, 'max_depth': 10, 'min_samples_split': 3, 'min_samples_leaf': 2}. Best is trial 91 with value: 0.7059578966308309.
[I 2025-05-02 04:26:12,842] Trial 219 finished with value: 0.6968669875399217 and parameters: {'n_estimators': 144, 'max_depth': 10, 'min_samples_split': 3, 'min_samples_leaf': 2}. Best is trial 91 with value: 0.7059578966308309.
[I 2025-05-02 04:26:14,297] Trial 220 finished with value: 0.6915478386037515 and parameters: {'n_estimators': 134, 'max_depth': 10, 'min_samples_split': 3, 'min_samples_leaf': 2}. Best is trial 91 with value: 0.7059578966308309.
[I 2025-05-02 04:26:15,830] Trial 221 finished with value: 0.6968669875399217 and parameters: {'n_estimators': 138, 'max_depth': 10, 'min_samples_split': 3, 'min_samples_leaf': 2}. Best is trial 91 with value: 0.7059578966308309.
[I 2025-05-02 04:26:17,149] Trial 222 finished with value: 0.7059578966308309 and parameters: {'n_estimators': 139, 'max_depth': 10, 'min_samples_split': 3, 'min_samples_leaf': 2}. Best is trial 91 with value: 0.7059578966308309.
[I 2025-05-02 04:26:18,586] Trial 223 finished with value: 0.7059578966308309 and parameters: {'n_estimators': 141, 'max_depth': 10, 'min_samples_split': 3, 'min_samples_leaf': 2}. Best is trial 91 with value: 0.7059578966308309.
[I 2025-05-02 04:26:20,148] Trial 224 finished with value: 0.6637262995402531 and parameters: {'n_estimators': 145, 'max_depth': 5, 'min_samples_split': 3, 'min_samples_leaf': 2}. Best is trial 91 with value: 0.7059578966308309.
[I 2025-05-02 04:26:21,530] Trial 225 finished with value: 0.7059578966308309 and parameters: {'n_estimators': 139, 'max_depth': 10, 'min_samples_split': 3, 'min_samples_leaf': 2}. Best is trial 91 with value: 0.7059578966308309.
[I 2025-05-02 04:26:22,840] Trial 226 finished with value: 0.6859974223225305 and parameters: {'n_estimators': 135, 'max_depth': 10, 'min_samples_split': 4, 'min_samples_leaf': 2}. Best is trial 91 with value: 0.7059578966308309.
[I 2025-05-02 04:26:24,407] Trial 227 finished with value: 0.6998268184067294 and parameters: {'n_estimators': 142, 'max_depth': 10, 'min_samples_split': 3, 'min_samples_leaf': 2}. Best is trial 91 with value: 0.7059578966308309.
[I 2025-05-02 04:26:26,048] Trial 228 finished with value: 0.6703867910063723 and parameters: {'n_estimators': 137, 'max_depth': 10, 'min_samples_split': 7, 'min_samples_leaf': 2}. Best is trial 91 with value: 0.7059578966308309.
[I 2025-05-02 04:26:27,456] Trial 229 finished with value: 0.6968669875399217 and parameters: {'n_estimators': 145, 'max_depth': 10, 'min_samples_split': 3, 'min_samples_leaf': 2}. Best is trial 91 with value: 0.7059578966308309.
[I 2025-05-02 04:26:28,872] Trial 230 finished with value: 0.6968669875399217 and parameters: {'n_estimators': 140, 'max_depth': 10, 'min_samples_split': 3, 'min_samples_leaf': 2}. Best is trial 91 with value: 0.7059578966308309.
[I 2025-05-02 04:26:30,438] Trial 231 finished with value: 0.7059578966308309 and parameters: {'n_estimators': 139, 'max_depth': 10, 'min_samples_split': 3, 'min_samples_leaf': 2}. Best is trial 91 with value: 0.7059578966308309.
[I 2025-05-02 04:26:31,928] Trial 232 finished with value: 0.6998268184067294 and parameters: {'n_estimators': 142, 'max_depth': 10, 'min_samples_split': 3, 'min_samples_leaf': 2}. Best is trial 91 with value: 0.7059578966308309.
[I 2025-05-02 04:26:33,299] Trial 233 finished with value: 0.6976084446643576 and parameters: {'n_estimators': 137, 'max_depth': 10, 'min_samples_split': 3, 'min_samples_leaf': 2}. Best is trial 91 with value: 0.7059578966308309.
[I 2025-05-02 04:26:34,809] Trial 234 finished with value: 0.7059578966308309 and parameters: {'n_estimators': 139, 'max_depth': 10, 'min_samples_split': 3, 'min_samples_leaf': 2}. Best is trial 91 with value: 0.7059578966308309.
[I 2025-05-02 04:26:36,411] Trial 235 finished with value: 0.6915478386037515 and parameters: {'n_estimators': 133, 'max_depth': 10, 'min_samples_split': 3, 'min_samples_leaf': 2}. Best is trial 91 with value: 0.7059578966308309.
[I 2025-05-02 04:26:38,141] Trial 236 finished with value: 0.7026020265473398 and parameters: {'n_estimators': 146, 'max_depth': 10, 'min_samples_split': 3, 'min_samples_leaf': 2}. Best is trial 91 with value: 0.7059578966308309.
[I 2025-05-02 04:26:39,823] Trial 237 finished with value: 0.6998268184067294 and parameters: {'n_estimators': 142, 'max_depth': 10, 'min_samples_split': 3, 'min_samples_leaf': 2}. Best is trial 91 with value: 0.7059578966308309.
[I 2025-05-02 04:26:41,779] Trial 238 finished with value: 0.6859974223225305 and parameters: {'n_estimators': 135, 'max_depth': 10, 'min_samples_split': 3, 'min_samples_leaf': 2}. Best is trial 91 with value: 0.7059578966308309.
[I 2025-05-02 04:26:43,283] Trial 239 finished with value: 0.6968669875399217 and parameters: {'n_estimators': 140, 'max_depth': 10, 'min_samples_split': 3, 'min_samples_leaf': 2}. Best is trial 91 with value: 0.7059578966308309.
[I 2025-05-02 04:26:45,000] Trial 240 finished with value: 0.6976084446643576 and parameters: {'n_estimators': 137, 'max_depth': 10, 'min_samples_split': 4, 'min_samples_leaf': 2}. Best is trial 91 with value: 0.7059578966308309.
[I 2025-05-02 04:26:46,551] Trial 241 finished with value: 0.6998268184067294 and parameters: {'n_estimators': 142, 'max_depth': 10, 'min_samples_split': 3, 'min_samples_leaf': 2}. Best is trial 91 with value: 0.7059578966308309.
[I 2025-05-02 04:26:47,947] Trial 242 finished with value: 0.7059578966308309 and parameters: {'n_estimators': 141, 'max_depth': 10, 'min_samples_split': 3, 'min_samples_leaf': 2}. Best is trial 91 with value: 0.7059578966308309.
[I 2025-05-02 04:26:49,439] Trial 243 finished with value: 0.6968669875399217 and parameters: {'n_estimators': 144, 'max_depth': 10, 'min_samples_split': 3, 'min_samples_leaf': 2}. Best is trial 91 with value: 0.7059578966308309.
[I 2025-05-02 04:26:51,005] Trial 244 finished with value: 0.7059578966308309 and parameters: {'n_estimators': 139, 'max_depth': 10, 'min_samples_split': 3, 'min_samples_leaf': 2}. Best is trial 91 with value: 0.7059578966308309.
[I 2025-05-02 04:26:52,311] Trial 245 finished with value: 0.6968669875399217 and parameters: {'n_estimators': 136, 'max_depth': 10, 'min_samples_split': 3, 'min_samples_leaf': 2}. Best is trial 91 with value: 0.7059578966308309.
[I 2025-05-02 04:26:53,983] Trial 246 finished with value: 0.7026020265473398 and parameters: {'n_estimators': 146, 'max_depth': 10, 'min_samples_split': 3, 'min_samples_leaf': 2}. Best is trial 91 with value: 0.7059578966308309.
[I 2025-05-02 04:26:55,536] Trial 247 finished with value: 0.7059578966308309 and parameters: {'n_estimators': 141, 'max_depth': 10, 'min_samples_split': 3, 'min_samples_leaf': 2}. Best is trial 91 with value: 0.7059578966308309.
[I 2025-05-02 04:26:56,884] Trial 248 finished with value: 0.6915478386037515 and parameters: {'n_estimators': 133, 'max_depth': 10, 'min_samples_split': 3, 'min_samples_leaf': 2}. Best is trial 91 with value: 0.7059578966308309.
[I 2025-05-02 04:26:58,868] Trial 249 finished with value: 0.6968669875399217 and parameters: {'n_estimators': 138, 'max_depth': 10, 'min_samples_split': 3, 'min_samples_leaf': 2}. Best is trial 91 with value: 0.7059578966308309.
[I 2025-05-02 04:27:03,241] Trial 250 finished with value: 0.6968669875399217 and parameters: {'n_estimators': 143, 'max_depth': 10, 'min_samples_split': 3, 'min_samples_leaf': 2}. Best is trial 91 with value: 0.7059578966308309.
[I 2025-05-02 04:27:06,843] Trial 251 finished with value: 0.6968669875399217 and parameters: {'n_estimators': 140, 'max_depth': 10, 'min_samples_split': 3, 'min_samples_leaf': 2}. Best is trial 91 with value: 0.7059578966308309.
[I 2025-05-02 04:27:10,628] Trial 252 finished with value: 0.6968669875399217 and parameters: {'n_estimators': 136, 'max_depth': 10, 'min_samples_split': 3, 'min_samples_leaf': 2}. Best is trial 91 with value: 0.7059578966308309.
[I 2025-05-02 04:27:14,185] Trial 253 finished with value: 0.6789210699661832 and parameters: {'n_estimators': 146, 'max_depth': 10, 'min_samples_split': 5, 'min_samples_leaf': 2}. Best is trial 91 with value: 0.7059578966308309.
[I 2025-05-02 04:27:16,742] Trial 254 finished with value: 0.6968669875399217 and parameters: {'n_estimators': 143, 'max_depth': 10, 'min_samples_split': 3, 'min_samples_leaf': 2}. Best is trial 91 with value: 0.7059578966308309.
[I 2025-05-02 04:27:18,539] Trial 255 finished with value: 0.6770651244932164 and parameters: {'n_estimators': 130, 'max_depth': 9, 'min_samples_split': 3, 'min_samples_leaf': 2}. Best is trial 91 with value: 0.7059578966308309.
[I 2025-05-02 04:27:20,302] Trial 256 finished with value: 0.7059578966308309 and parameters: {'n_estimators': 139, 'max_depth': 10, 'min_samples_split': 3, 'min_samples_leaf': 2}. Best is trial 91 with value: 0.7059578966308309.
[I 2025-05-02 04:27:22,188] Trial 257 finished with value: 0.6859974223225305 and parameters: {'n_estimators': 135, 'max_depth': 10, 'min_samples_split': 2, 'min_samples_leaf': 2}. Best is trial 91 with value: 0.7059578966308309.
[I 2025-05-02 04:27:24,489] Trial 258 finished with value: 0.7059578966308309 and parameters: {'n_estimators': 141, 'max_depth': 10, 'min_samples_split': 4, 'min_samples_leaf': 2}. Best is trial 91 with value: 0.7059578966308309.
[I 2025-05-02 04:27:28,711] Trial 259 finished with value: 0.6600606673407482 and parameters: {'n_estimators': 145, 'max_depth': 6, 'min_samples_split': 3, 'min_samples_leaf': 2}. Best is trial 91 with value: 0.7059578966308309.
[I 2025-05-02 04:27:30,454] Trial 260 finished with value: 0.6968669875399217 and parameters: {'n_estimators': 138, 'max_depth': 10, 'min_samples_split': 2, 'min_samples_leaf': 2}. Best is trial 91 with value: 0.7059578966308309.
[I 2025-05-02 04:27:32,391] Trial 261 finished with value: 0.6968669875399217 and parameters: {'n_estimators': 132, 'max_depth': 10, 'min_samples_split': 3, 'min_samples_leaf': 2}. Best is trial 91 with value: 0.7059578966308309.
[I 2025-05-02 04:27:33,937] Trial 262 finished with value: 0.6968669875399217 and parameters: {'n_estimators': 143, 'max_depth': 10, 'min_samples_split': 3, 'min_samples_leaf': 2}. Best is trial 91 with value: 0.7059578966308309.
[I 2025-05-02 04:27:35,684] Trial 263 finished with value: 0.6976084446643576 and parameters: {'n_estimators': 137, 'max_depth': 10, 'min_samples_split': 2, 'min_samples_leaf': 2}. Best is trial 91 with value: 0.7059578966308309.
[I 2025-05-02 04:27:37,377] Trial 264 finished with value: 0.6968669875399217 and parameters: {'n_estimators': 140, 'max_depth': 10, 'min_samples_split': 3, 'min_samples_leaf': 2}. Best is trial 91 with value: 0.7059578966308309.
[I 2025-05-02 04:27:38,991] Trial 265 finished with value: 0.7026020265473398 and parameters: {'n_estimators': 146, 'max_depth': 10, 'min_samples_split': 2, 'min_samples_leaf': 2}. Best is trial 91 with value: 0.7059578966308309.
[I 2025-05-02 04:27:41,006] Trial 266 finished with value: 0.6770651244932164 and parameters: {'n_estimators': 133, 'max_depth': 9, 'min_samples_split': 3, 'min_samples_leaf': 2}. Best is trial 91 with value: 0.7059578966308309.
[I 2025-05-02 04:27:42,657] Trial 267 finished with value: 0.6548117717104228 and parameters: {'n_estimators': 142, 'max_depth': 10, 'min_samples_split': 10, 'min_samples_leaf': 2}. Best is trial 91 with value: 0.7059578966308309.
[I 2025-05-02 04:27:44,235] Trial 268 finished with value: 0.6968669875399217 and parameters: {'n_estimators': 136, 'max_depth': 10, 'min_samples_split': 3, 'min_samples_leaf': 2}. Best is trial 91 with value: 0.7059578966308309.
[I 2025-05-02 04:27:47,146] Trial 269 finished with value: 0.667638376630051 and parameters: {'n_estimators': 139, 'max_depth': 7, 'min_samples_split': 2, 'min_samples_leaf': 2}. Best is trial 91 with value: 0.7059578966308309.
[I 2025-05-02 04:27:48,831] Trial 270 finished with value: 0.6968669875399217 and parameters: {'n_estimators': 144, 'max_depth': 10, 'min_samples_split': 3, 'min_samples_leaf': 2}. Best is trial 91 with value: 0.7059578966308309.
[I 2025-05-02 04:27:50,544] Trial 271 finished with value: 0.6545994832041343 and parameters: {'n_estimators': 141, 'max_depth': 10, 'min_samples_split': 8, 'min_samples_leaf': 2}. Best is trial 91 with value: 0.7059578966308309.
[I 2025-05-02 04:27:52,122] Trial 272 finished with value: 0.6859974223225305 and parameters: {'n_estimators': 135, 'max_depth': 10, 'min_samples_split': 2, 'min_samples_leaf': 2}. Best is trial 91 with value: 0.7059578966308309.
[I 2025-05-02 04:27:53,867] Trial 273 finished with value: 0.6756470479874734 and parameters: {'n_estimators': 147, 'max_depth': 10, 'min_samples_split': 3, 'min_samples_leaf': 3}. Best is trial 91 with value: 0.7059578966308309.
[I 2025-05-02 04:27:57,297] Trial 274 finished with value: 0.7059578966308309 and parameters: {'n_estimators': 139, 'max_depth': 10, 'min_samples_split': 3, 'min_samples_leaf': 2}. Best is trial 91 with value: 0.7059578966308309.
[I 2025-05-02 04:27:59,585] Trial 275 finished with value: 0.6968669875399217 and parameters: {'n_estimators': 143, 'max_depth': 10, 'min_samples_split': 2, 'min_samples_leaf': 2}. Best is trial 91 with value: 0.7059578966308309.
[I 2025-05-02 04:28:01,366] Trial 276 finished with value: 0.6820484346571303 and parameters: {'n_estimators': 138, 'max_depth': 10, 'min_samples_split': 6, 'min_samples_leaf': 2}. Best is trial 91 with value: 0.7059578966308309.
[I 2025-05-02 04:28:03,008] Trial 277 finished with value: 0.67760190376975 and parameters: {'n_estimators': 134, 'max_depth': 8, 'min_samples_split': 4, 'min_samples_leaf': 2}. Best is trial 91 with value: 0.7059578966308309.
[I 2025-05-02 04:28:04,976] Trial 278 finished with value: 0.6770651244932164 and parameters: {'n_estimators': 131, 'max_depth': 9, 'min_samples_split': 3, 'min_samples_leaf': 2}. Best is trial 91 with value: 0.7059578966308309.
[I 2025-05-02 04:28:07,168] Trial 279 finished with value: 0.6505200078622005 and parameters: {'n_estimators': 147, 'max_depth': 10, 'min_samples_split': 9, 'min_samples_leaf': 2}. Best is trial 91 with value: 0.7059578966308309.
[I 2025-05-02 04:28:09,427] Trial 280 finished with value: 0.7059578966308309 and parameters: {'n_estimators': 141, 'max_depth': 10, 'min_samples_split': 2, 'min_samples_leaf': 2}. Best is trial 91 with value: 0.7059578966308309.
[I 2025-05-02 04:28:12,191] Trial 281 finished with value: 0.6976084446643576 and parameters: {'n_estimators': 137, 'max_depth': 10, 'min_samples_split': 3, 'min_samples_leaf': 2}. Best is trial 91 with value: 0.7059578966308309.
[I 2025-05-02 04:28:15,599] Trial 282 finished with value: 0.6968669875399217 and parameters: {'n_estimators': 144, 'max_depth': 10, 'min_samples_split': 3, 'min_samples_leaf': 2}. Best is trial 91 with value: 0.7059578966308309.
[I 2025-05-02 04:28:18,120] Trial 283 finished with value: 0.7059578966308309 and parameters: {'n_estimators': 141, 'max_depth': 10, 'min_samples_split': 3, 'min_samples_leaf': 2}. Best is trial 91 with value: 0.7059578966308309.
[I 2025-05-02 04:28:20,641] Trial 284 finished with value: 0.6148269301757674 and parameters: {'n_estimators': 136, 'max_depth': 4, 'min_samples_split': 2, 'min_samples_leaf': 2}. Best is trial 91 with value: 0.7059578966308309.
[I 2025-05-02 04:28:22,565] Trial 285 finished with value: 0.7059578966308309 and parameters: {'n_estimators': 139, 'max_depth': 10, 'min_samples_split': 3, 'min_samples_leaf': 2}. Best is trial 91 with value: 0.7059578966308309.
[I 2025-05-02 04:28:24,112] Trial 286 finished with value: 0.6968669875399217 and parameters: {'n_estimators': 144, 'max_depth': 10, 'min_samples_split': 2, 'min_samples_leaf': 2}. Best is trial 91 with value: 0.7059578966308309.
[I 2025-05-02 04:28:25,745] Trial 287 finished with value: 0.688588007736944 and parameters: {'n_estimators': 127, 'max_depth': 10, 'min_samples_split': 3, 'min_samples_leaf': 2}. Best is trial 91 with value: 0.7059578966308309.
[I 2025-05-02 04:28:27,540] Trial 288 finished with value: 0.6915478386037515 and parameters: {'n_estimators': 133, 'max_depth': 10, 'min_samples_split': 3, 'min_samples_leaf': 2}. Best is trial 91 with value: 0.7059578966308309.
[I 2025-05-02 04:28:28,905] Trial 289 finished with value: 0.7059578966308309 and parameters: {'n_estimators': 141, 'max_depth': 10, 'min_samples_split': 2, 'min_samples_leaf': 2}. Best is trial 91 with value: 0.7059578966308309.
[I 2025-05-02 04:28:31,721] Trial 290 finished with value: 0.7026020265473398 and parameters: {'n_estimators': 148, 'max_depth': 10, 'min_samples_split': 3, 'min_samples_leaf': 2}. Best is trial 91 with value: 0.7059578966308309.
[I 2025-05-02 04:28:33,152] Trial 291 finished with value: 0.6976084446643576 and parameters: {'n_estimators': 137, 'max_depth': 10, 'min_samples_split': 4, 'min_samples_leaf': 2}. Best is trial 91 with value: 0.7059578966308309.
[I 2025-05-02 04:28:33,970] Trial 292 finished with value: 0.6538770924615211 and parameters: {'n_estimators': 84, 'max_depth': 10, 'min_samples_split': 3, 'min_samples_leaf': 2}. Best is trial 91 with value: 0.7059578966308309.
[I 2025-05-02 04:28:35,998] Trial 293 finished with value: 0.6707226297786287 and parameters: {'n_estimators': 144, 'max_depth': 9, 'min_samples_split': 2, 'min_samples_leaf': 2}. Best is trial 91 with value: 0.7059578966308309.
[I 2025-05-02 04:28:39,106] Trial 294 finished with value: 0.6968669875399217 and parameters: {'n_estimators': 138, 'max_depth': 10, 'min_samples_split': 3, 'min_samples_leaf': 2}. Best is trial 91 with value: 0.7059578966308309.
[I 2025-05-02 04:28:42,178] Trial 295 finished with value: 0.6998268184067294 and parameters: {'n_estimators': 142, 'max_depth': 10, 'min_samples_split': 2, 'min_samples_leaf': 2}. Best is trial 91 with value: 0.7059578966308309.
[I 2025-05-02 04:28:43,717] Trial 296 finished with value: 0.6915478386037515 and parameters: {'n_estimators': 134, 'max_depth': 10, 'min_samples_split': 3, 'min_samples_leaf': 2}. Best is trial 91 with value: 0.7059578966308309.
[I 2025-05-02 04:28:45,009] Trial 297 finished with value: 0.6748965897600883 and parameters: {'n_estimators': 99, 'max_depth': 10, 'min_samples_split': 3, 'min_samples_leaf': 2}. Best is trial 91 with value: 0.7059578966308309.
[I 2025-05-02 04:28:46,832] Trial 298 finished with value: 0.6974216380182001 and parameters: {'n_estimators': 147, 'max_depth': 10, 'min_samples_split': 2, 'min_samples_leaf': 2}. Best is trial 91 with value: 0.7059578966308309.
[I 2025-05-02 04:28:48,251] Trial 299 finished with value: 0.645293623304509 and parameters: {'n_estimators': 130, 'max_depth': 10, 'min_samples_split': 3, 'min_samples_leaf': 4}. Best is trial 91 with value: 0.7059578966308309.
[I 2025-05-02 04:28:49,700] Trial 300 finished with value: 0.6968669875399217 and parameters: {'n_estimators': 140, 'max_depth': 10, 'min_samples_split': 2, 'min_samples_leaf': 2}. Best is trial 91 with value: 0.7059578966308309.
[I 2025-05-02 04:28:51,366] Trial 301 finished with value: 0.6968669875399217 and parameters: {'n_estimators': 136, 'max_depth': 10, 'min_samples_split': 3, 'min_samples_leaf': 2}. Best is trial 91 with value: 0.7059578966308309.
[I 2025-05-02 04:28:53,385] Trial 302 finished with value: 0.6968669875399217 and parameters: {'n_estimators': 144, 'max_depth': 10, 'min_samples_split': 3, 'min_samples_leaf': 2}. Best is trial 91 with value: 0.7059578966308309.
[I 2025-05-02 04:28:54,841] Trial 303 finished with value: 0.6968669875399217 and parameters: {'n_estimators': 140, 'max_depth': 10, 'min_samples_split': 3, 'min_samples_leaf': 2}. Best is trial 91 with value: 0.7059578966308309.
[I 2025-05-02 04:28:56,419] Trial 304 finished with value: 0.6968669875399217 and parameters: {'n_estimators': 138, 'max_depth': 10, 'min_samples_split': 2, 'min_samples_leaf': 2}. Best is trial 91 with value: 0.7059578966308309.
[I 2025-05-02 04:28:57,895] Trial 305 finished with value: 0.6770651244932164 and parameters: {'n_estimators': 134, 'max_depth': 9, 'min_samples_split': 3, 'min_samples_leaf': 2}. Best is trial 91 with value: 0.7059578966308309.
