[I 2025-05-02 04:32:37,255] Trial 401 finished with value: 0.67760190376975 and parameters: {'n_estimators': 134, 'max_depth': 8, 'min_samples_split': 2, 'min_samples_leaf': 2}. Best is trial 91 with value: 0.7059578966308309.
[I 2025-05-02 04:32:38,876] Trial 402 finished with value: 0.6968669875399217 and parameters: {'n_estimators': 145, 'max_depth': 10, 'min_samples_split': 3, 'min_samples_leaf': 2}. Best is trial 91 with value: 0.7059578966308309.
[I 2025-05-02 04:32:40,807] Trial 403 finished with value: 0.7059578966308309 and parameters: {'n_estimators': 141, 'max_depth': 10, 'min_samples_split': 3, 'min_samples_leaf': 2}. Best is trial 91 with value: 0.7059578966308309.
[I 2025-05-02 04:32:43,864] Trial 404 finished with value: 0.7026020265473398 and parameters: {'n_estimators': 149, 'max_depth': 10, 'min_samples_split': 3, 'min_samples_leaf': 2}. Best is trial 91 with value: 0.7059578966308309.
[I 2025-05-02 04:32:45,377] Trial 405 finished with value: 0.6636768476451802 and parameters: {'n_estimators': 129, 'max_depth': 10, 'min_samples_split': 2, 'min_samples_leaf': 3}. Best is trial 91 with value: 0.7059578966308309.
[I 2025-05-02 04:32:48,563] Trial 406 finished with value: 0.6734978379192393 and parameters: {'n_estimators': 137, 'max_depth': 9, 'min_samples_split': 2, 'min_samples_leaf': 2}. Best is trial 91 with value: 0.7059578966308309.
[I 2025-05-02 04:32:50,275] Trial 407 finished with value: 0.6968669875399217 and parameters: {'n_estimators': 144, 'max_depth': 10, 'min_samples_split': 3, 'min_samples_leaf': 2}. Best is trial 91 with value: 0.7059578966308309.
[I 2025-05-02 04:32:53,390] Trial 408 finished with value: 0.7059578966308309 and parameters: {'n_estimators': 139, 'max_depth': 10, 'min_samples_split': 3, 'min_samples_leaf': 2}. Best is trial 91 with value: 0.7059578966308309.
[I 2025-05-02 04:32:55,029] Trial 409 finished with value: 0.6998268184067294 and parameters: {'n_estimators': 142, 'max_depth': 10, 'min_samples_split': 3, 'min_samples_leaf': 2}. Best is trial 91 with value: 0.7059578966308309.
[I 2025-05-02 04:32:56,530] Trial 410 finished with value: 0.6915478386037515 and parameters: {'n_estimators': 134, 'max_depth': 10, 'min_samples_split': 2, 'min_samples_leaf': 2}. Best is trial 91 with value: 0.7059578966308309.
[I 2025-05-02 04:32:58,062] Trial 411 finished with value: 0.6974216380182001 and parameters: {'n_estimators': 147, 'max_depth': 10, 'min_samples_split': 2, 'min_samples_leaf': 2}. Best is trial 91 with value: 0.7059578966308309.
[I 2025-05-02 04:32:59,983] Trial 412 finished with value: 0.6968669875399217 and parameters: {'n_estimators': 138, 'max_depth': 10, 'min_samples_split': 3, 'min_samples_leaf': 2}. Best is trial 91 with value: 0.7059578966308309.
[I 2025-05-02 04:33:04,261] Trial 413 finished with value: 0.6915478386037515 and parameters: {'n_estimators': 131, 'max_depth': 10, 'min_samples_split': 3, 'min_samples_leaf': 2}. Best is trial 91 with value: 0.7059578966308309.
[I 2025-05-02 04:33:06,997] Trial 414 finished with value: 0.6968669875399217 and parameters: {'n_estimators': 143, 'max_depth': 10, 'min_samples_split': 3, 'min_samples_leaf': 2}. Best is trial 91 with value: 0.7059578966308309.
[I 2025-05-02 04:33:10,212] Trial 415 finished with value: 0.6976084446643576 and parameters: {'n_estimators': 137, 'max_depth': 10, 'min_samples_split': 2, 'min_samples_leaf': 2}. Best is trial 91 with value: 0.7059578966308309.
[I 2025-05-02 04:33:15,657] Trial 416 finished with value: 0.6916865990107821 and parameters: {'n_estimators': 152, 'max_depth': 10, 'min_samples_split': 3, 'min_samples_leaf': 2}. Best is trial 91 with value: 0.7059578966308309.
[I 2025-05-02 04:33:19,214] Trial 417 finished with value: 0.6734978379192393 and parameters: {'n_estimators': 141, 'max_depth': 9, 'min_samples_split': 4, 'min_samples_leaf': 2}. Best is trial 91 with value: 0.7059578966308309.
[I 2025-05-02 04:33:21,553] Trial 418 finished with value: 0.7026020265473398 and parameters: {'n_estimators': 146, 'max_depth': 10, 'min_samples_split': 3, 'min_samples_leaf': 2}. Best is trial 91 with value: 0.7059578966308309.
[I 2025-05-02 04:33:23,911] Trial 419 finished with value: 0.6915478386037515 and parameters: {'n_estimators': 134, 'max_depth': 10, 'min_samples_split': 2, 'min_samples_leaf': 2}. Best is trial 91 with value: 0.7059578966308309.
[I 2025-05-02 04:33:26,133] Trial 420 finished with value: 0.6968669875399217 and parameters: {'n_estimators': 140, 'max_depth': 10, 'min_samples_split': 3, 'min_samples_leaf': 2}. Best is trial 91 with value: 0.7059578966308309.
[I 2025-05-02 04:33:28,080] Trial 421 finished with value: 0.6968669875399217 and parameters: {'n_estimators': 136, 'max_depth': 10, 'min_samples_split': 2, 'min_samples_leaf': 2}. Best is trial 91 with value: 0.7059578966308309.
[I 2025-05-02 04:33:29,751] Trial 422 finished with value: 0.6968669875399217 and parameters: {'n_estimators': 143, 'max_depth': 10, 'min_samples_split': 3, 'min_samples_leaf': 2}. Best is trial 91 with value: 0.7059578966308309.
[I 2025-05-02 04:33:31,410] Trial 423 finished with value: 0.7059578966308309 and parameters: {'n_estimators': 139, 'max_depth': 10, 'min_samples_split': 3, 'min_samples_leaf': 2}. Best is trial 91 with value: 0.7059578966308309.
[I 2025-05-02 04:33:32,967] Trial 424 finished with value: 0.7026020265473398 and parameters: {'n_estimators': 149, 'max_depth': 10, 'min_samples_split': 2, 'min_samples_leaf': 2}. Best is trial 91 with value: 0.7059578966308309.
[I 2025-05-02 04:33:34,779] Trial 425 finished with value: 0.6968669875399217 and parameters: {'n_estimators': 144, 'max_depth': 10, 'min_samples_split': 3, 'min_samples_leaf': 2}. Best is trial 91 with value: 0.7059578966308309.
[I 2025-05-02 04:33:36,727] Trial 426 finished with value: 0.6968669875399217 and parameters: {'n_estimators': 132, 'max_depth': 10, 'min_samples_split': 3, 'min_samples_leaf': 2}. Best is trial 91 with value: 0.7059578966308309.
[I 2025-05-02 04:33:38,272] Trial 427 finished with value: 0.638156304717749 and parameters: {'n_estimators': 137, 'max_depth': 10, 'min_samples_split': 2, 'min_samples_leaf': 5}. Best is trial 91 with value: 0.7059578966308309.
[I 2025-05-02 04:33:40,450] Trial 428 finished with value: 0.7059578966308309 and parameters: {'n_estimators': 141, 'max_depth': 10, 'min_samples_split': 3, 'min_samples_leaf': 2}. Best is trial 91 with value: 0.7059578966308309.
[I 2025-05-02 04:33:41,948] Trial 429 finished with value: 0.6859974223225305 and parameters: {'n_estimators': 135, 'max_depth': 10, 'min_samples_split': 3, 'min_samples_leaf': 2}. Best is trial 91 with value: 0.7059578966308309.
[I 2025-05-02 04:33:43,465] Trial 430 finished with value: 0.7059578966308309 and parameters: {'n_estimators': 139, 'max_depth': 10, 'min_samples_split': 2, 'min_samples_leaf': 2}. Best is trial 91 with value: 0.7059578966308309.
[I 2025-05-02 04:33:45,331] Trial 431 finished with value: 0.7026020265473398 and parameters: {'n_estimators': 146, 'max_depth': 10, 'min_samples_split': 3, 'min_samples_leaf': 2}. Best is trial 91 with value: 0.7059578966308309.
[I 2025-05-02 04:33:47,238] Trial 432 finished with value: 0.6998268184067294 and parameters: {'n_estimators': 142, 'max_depth': 10, 'min_samples_split': 2, 'min_samples_leaf': 2}. Best is trial 91 with value: 0.7059578966308309.
[I 2025-05-02 04:33:48,751] Trial 433 finished with value: 0.6976084446643576 and parameters: {'n_estimators': 137, 'max_depth': 10, 'min_samples_split': 3, 'min_samples_leaf': 2}. Best is trial 91 with value: 0.7059578966308309.
[I 2025-05-02 04:33:50,094] Trial 434 finished with value: 0.688588007736944 and parameters: {'n_estimators': 125, 'max_depth': 10, 'min_samples_split': 4, 'min_samples_leaf': 2}. Best is trial 91 with value: 0.7059578966308309.
[I 2025-05-02 04:33:52,373] Trial 435 finished with value: 0.6734978379192393 and parameters: {'n_estimators': 140, 'max_depth': 9, 'min_samples_split': 3, 'min_samples_leaf': 2}. Best is trial 91 with value: 0.7059578966308309.
[I 2025-05-02 04:33:55,892] Trial 436 finished with value: 0.6915478386037515 and parameters: {'n_estimators': 133, 'max_depth': 10, 'min_samples_split': 2, 'min_samples_leaf': 2}. Best is trial 91 with value: 0.7059578966308309.
[I 2025-05-02 04:33:58,058] Trial 437 finished with value: 0.7026020265473398 and parameters: {'n_estimators': 146, 'max_depth': 10, 'min_samples_split': 3, 'min_samples_leaf': 2}. Best is trial 91 with value: 0.7059578966308309.
[I 2025-05-02 04:34:00,101] Trial 438 finished with value: 0.6968669875399217 and parameters: {'n_estimators': 144, 'max_depth': 10, 'min_samples_split': 3, 'min_samples_leaf': 2}. Best is trial 91 with value: 0.7059578966308309.
[I 2025-05-02 04:34:01,771] Trial 439 finished with value: 0.6489682432581987 and parameters: {'n_estimators': 138, 'max_depth': 10, 'min_samples_split': 2, 'min_samples_leaf': 4}. Best is trial 91 with value: 0.7059578966308309.
[I 2025-05-02 04:34:03,670] Trial 440 finished with value: 0.6998268184067294 and parameters: {'n_estimators': 142, 'max_depth': 10, 'min_samples_split': 3, 'min_samples_leaf': 2}. Best is trial 91 with value: 0.7059578966308309.
[I 2025-05-02 04:34:06,653] Trial 441 finished with value: 0.6798403326338269 and parameters: {'n_estimators': 198, 'max_depth': 10, 'min_samples_split': 2, 'min_samples_leaf': 2}. Best is trial 91 with value: 0.7059578966308309.
[I 2025-05-02 04:34:08,928] Trial 442 finished with value: 0.6968669875399217 and parameters: {'n_estimators': 136, 'max_depth': 10, 'min_samples_split': 3, 'min_samples_leaf': 2}. Best is trial 91 with value: 0.7059578966308309.
[I 2025-05-02 04:34:11,466] Trial 443 finished with value: 0.6773642063558807 and parameters: {'n_estimators': 148, 'max_depth': 7, 'min_samples_split': 3, 'min_samples_leaf': 2}. Best is trial 91 with value: 0.7059578966308309.
[I 2025-05-02 04:34:13,708] Trial 444 finished with value: 0.6915478386037515 and parameters: {'n_estimators': 131, 'max_depth': 10, 'min_samples_split': 2, 'min_samples_leaf': 2}. Best is trial 91 with value: 0.7059578966308309.
[I 2025-05-02 04:34:16,177] Trial 445 finished with value: 0.6968669875399217 and parameters: {'n_estimators': 140, 'max_depth': 10, 'min_samples_split': 4, 'min_samples_leaf': 2}. Best is trial 91 with value: 0.7059578966308309.
[I 2025-05-02 04:34:18,943] Trial 446 finished with value: 0.6707226297786287 and parameters: {'n_estimators': 143, 'max_depth': 9, 'min_samples_split': 3, 'min_samples_leaf': 2}. Best is trial 91 with value: 0.7059578966308309.
[I 2025-05-02 04:34:21,408] Trial 447 finished with value: 0.6859974223225305 and parameters: {'n_estimators': 135, 'max_depth': 10, 'min_samples_split': 3, 'min_samples_leaf': 2}. Best is trial 91 with value: 0.7059578966308309.
[I 2025-05-02 04:34:23,347] Trial 448 finished with value: 0.6887195557754687 and parameters: {'n_estimators': 112, 'max_depth': 10, 'min_samples_split': 2, 'min_samples_leaf': 2}. Best is trial 91 with value: 0.7059578966308309.
[I 2025-05-02 04:34:26,107] Trial 449 finished with value: 0.7059578966308309 and parameters: {'n_estimators': 139, 'max_depth': 10, 'min_samples_split': 3, 'min_samples_leaf': 2}. Best is trial 91 with value: 0.7059578966308309.
[I 2025-05-02 04:34:27,936] Trial 450 finished with value: 0.6968669875399217 and parameters: {'n_estimators': 145, 'max_depth': 10, 'min_samples_split': 2, 'min_samples_leaf': 2}. Best is trial 91 with value: 0.7059578966308309.
[I 2025-05-02 04:34:29,420] Trial 451 finished with value: 0.6946464298775897 and parameters: {'n_estimators': 151, 'max_depth': 10, 'min_samples_split': 3, 'min_samples_leaf': 2}. Best is trial 91 with value: 0.7059578966308309.
[I 2025-05-02 04:34:31,152] Trial 452 finished with value: 0.6789210699661832 and parameters: {'n_estimators': 141, 'max_depth': 10, 'min_samples_split': 5, 'min_samples_leaf': 2}. Best is trial 91 with value: 0.7059578966308309.
[I 2025-05-02 04:34:32,622] Trial 453 finished with value: 0.6915478386037516 and parameters: {'n_estimators': 129, 'max_depth': 10, 'min_samples_split': 3, 'min_samples_leaf': 2}. Best is trial 91 with value: 0.7059578966308309.
[I 2025-05-02 04:34:34,037] Trial 454 finished with value: 0.653199071459941 and parameters: {'n_estimators': 90, 'max_depth': 10, 'min_samples_split': 2, 'min_samples_leaf': 2}. Best is trial 91 with value: 0.7059578966308309.
[I 2025-05-02 04:34:35,551] Trial 455 finished with value: 0.6741514961330141 and parameters: {'n_estimators': 136, 'max_depth': 9, 'min_samples_split': 3, 'min_samples_leaf': 1}. Best is trial 91 with value: 0.7059578966308309.
[I 2025-05-02 04:34:37,028] Trial 456 finished with value: 0.7059578966308309 and parameters: {'n_estimators': 139, 'max_depth': 10, 'min_samples_split': 4, 'min_samples_leaf': 2}. Best is trial 91 with value: 0.7059578966308309.
[I 2025-05-02 04:34:38,470] Trial 457 finished with value: 0.6968669875399217 and parameters: {'n_estimators': 143, 'max_depth': 10, 'min_samples_split': 3, 'min_samples_leaf': 2}. Best is trial 91 with value: 0.7059578966308309.
[I 2025-05-02 04:34:39,714] Trial 458 finished with value: 0.6128994261552402 and parameters: {'n_estimators': 133, 'max_depth': 3, 'min_samples_split': 2, 'min_samples_leaf': 2}. Best is trial 91 with value: 0.7059578966308309.
[I 2025-05-02 04:34:41,218] Trial 459 finished with value: 0.6974216380182001 and parameters: {'n_estimators': 147, 'max_depth': 10, 'min_samples_split': 3, 'min_samples_leaf': 2}. Best is trial 91 with value: 0.7059578966308309.
[I 2025-05-02 04:34:42,522] Trial 460 finished with value: 0.6477794556864325 and parameters: {'n_estimators': 138, 'max_depth': 5, 'min_samples_split': 9, 'min_samples_leaf': 2}. Best is trial 91 with value: 0.7059578966308309.
[I 2025-05-02 04:34:44,122] Trial 461 finished with value: 0.7059578966308309 and parameters: {'n_estimators': 141, 'max_depth': 10, 'min_samples_split': 2, 'min_samples_leaf': 2}. Best is trial 91 with value: 0.7059578966308309.
[I 2025-05-02 04:34:45,934] Trial 462 finished with value: 0.6859974223225305 and parameters: {'n_estimators': 135, 'max_depth': 10, 'min_samples_split': 3, 'min_samples_leaf': 2}. Best is trial 91 with value: 0.7059578966308309.
[I 2025-05-02 04:34:47,512] Trial 463 finished with value: 0.6820484346571303 and parameters: {'n_estimators': 144, 'max_depth': 10, 'min_samples_split': 6, 'min_samples_leaf': 2}. Best is trial 91 with value: 0.7059578966308309.
[I 2025-05-02 04:34:49,074] Trial 464 finished with value: 0.6703867910063723 and parameters: {'n_estimators': 141, 'max_depth': 10, 'min_samples_split': 7, 'min_samples_leaf': 2}. Best is trial 91 with value: 0.7059578966308309.
[I 2025-05-02 04:34:50,415] Trial 465 finished with value: 0.6976084446643576 and parameters: {'n_estimators': 137, 'max_depth': 10, 'min_samples_split': 3, 'min_samples_leaf': 2}. Best is trial 91 with value: 0.7059578966308309.
[I 2025-05-02 04:34:52,076] Trial 466 finished with value: 0.7026020265473398 and parameters: {'n_estimators': 149, 'max_depth': 10, 'min_samples_split': 2, 'min_samples_leaf': 2}. Best is trial 91 with value: 0.7059578966308309.
[I 2025-05-02 04:34:53,547] Trial 467 finished with value: 0.6968669875399217 and parameters: {'n_estimators': 145, 'max_depth': 10, 'min_samples_split': 3, 'min_samples_leaf': 2}. Best is trial 91 with value: 0.7059578966308309.
[I 2025-05-02 04:34:54,815] Trial 468 finished with value: 0.6148269301757674 and parameters: {'n_estimators': 133, 'max_depth': 4, 'min_samples_split': 3, 'min_samples_leaf': 2}. Best is trial 91 with value: 0.7059578966308309.
[I 2025-05-02 04:34:56,456] Trial 469 finished with value: 0.7059578966308309 and parameters: {'n_estimators': 139, 'max_depth': 10, 'min_samples_split': 2, 'min_samples_leaf': 2}. Best is trial 91 with value: 0.7059578966308309.
[I 2025-05-02 04:34:57,941] Trial 470 finished with value: 0.6998268184067294 and parameters: {'n_estimators': 142, 'max_depth': 10, 'min_samples_split': 3, 'min_samples_leaf': 2}. Best is trial 91 with value: 0.7059578966308309.
[I 2025-05-02 04:34:59,316] Trial 471 finished with value: 0.6976084446643576 and parameters: {'n_estimators': 137, 'max_depth': 10, 'min_samples_split': 3, 'min_samples_leaf': 2}. Best is trial 91 with value: 0.7059578966308309.
[I 2025-05-02 04:35:00,760] Trial 472 finished with value: 0.7059578966308309 and parameters: {'n_estimators': 141, 'max_depth': 10, 'min_samples_split': 2, 'min_samples_leaf': 2}. Best is trial 91 with value: 0.7059578966308309.
[I 2025-05-02 04:35:02,377] Trial 473 finished with value: 0.6968669875399217 and parameters: {'n_estimators': 145, 'max_depth': 10, 'min_samples_split': 3, 'min_samples_leaf': 2}. Best is trial 91 with value: 0.7059578966308309.
[I 2025-05-02 04:35:03,657] Trial 474 finished with value: 0.6770651244932164 and parameters: {'n_estimators': 130, 'max_depth': 9, 'min_samples_split': 2, 'min_samples_leaf': 2}. Best is trial 91 with value: 0.7059578966308309.
[I 2025-05-02 04:35:05,044] Trial 475 finished with value: 0.6692314448836187 and parameters: {'n_estimators': 137, 'max_depth': 6, 'min_samples_split': 3, 'min_samples_leaf': 2}. Best is trial 91 with value: 0.7059578966308309.
[I 2025-05-02 04:35:06,378] Trial 476 finished with value: 0.6915478386037515 and parameters: {'n_estimators': 134, 'max_depth': 10, 'min_samples_split': 2, 'min_samples_leaf': 2}. Best is trial 91 with value: 0.7059578966308309.
[I 2025-05-02 04:35:07,921] Trial 477 finished with value: 0.6968669875399217 and parameters: {'n_estimators': 140, 'max_depth': 10, 'min_samples_split': 3, 'min_samples_leaf': 2}. Best is trial 91 with value: 0.7059578966308309.
[I 2025-05-02 04:35:09,407] Trial 478 finished with value: 0.5961789088104877 and parameters: {'n_estimators': 143, 'max_depth': 2, 'min_samples_split': 3, 'min_samples_leaf': 2}. Best is trial 91 with value: 0.7059578966308309.
[I 2025-05-02 04:35:10,978] Trial 479 finished with value: 0.6916865990107821 and parameters: {'n_estimators': 156, 'max_depth': 10, 'min_samples_split': 3, 'min_samples_leaf': 2}. Best is trial 91 with value: 0.7059578966308309.
[I 2025-05-02 04:35:12,466] Trial 480 finished with value: 0.7026020265473398 and parameters: {'n_estimators': 149, 'max_depth': 10, 'min_samples_split': 2, 'min_samples_leaf': 2}. Best is trial 91 with value: 0.7059578966308309.
[I 2025-05-02 04:35:13,856] Trial 481 finished with value: 0.7059578966308309 and parameters: {'n_estimators': 139, 'max_depth': 10, 'min_samples_split': 4, 'min_samples_leaf': 2}. Best is trial 91 with value: 0.7059578966308309.
[I 2025-05-02 04:35:15,289] Trial 482 finished with value: 0.7026020265473398 and parameters: {'n_estimators': 146, 'max_depth': 10, 'min_samples_split': 3, 'min_samples_leaf': 2}. Best is trial 91 with value: 0.7059578966308309.
[I 2025-05-02 04:35:16,682] Trial 483 finished with value: 0.6859974223225305 and parameters: {'n_estimators': 135, 'max_depth': 10, 'min_samples_split': 3, 'min_samples_leaf': 2}. Best is trial 91 with value: 0.7059578966308309.
[I 2025-05-02 04:35:17,986] Trial 484 finished with value: 0.6128994261552402 and parameters: {'n_estimators': 142, 'max_depth': 3, 'min_samples_split': 2, 'min_samples_leaf': 2}. Best is trial 91 with value: 0.7059578966308309.
[I 2025-05-02 04:35:19,357] Trial 485 finished with value: 0.6968669875399217 and parameters: {'n_estimators': 138, 'max_depth': 10, 'min_samples_split': 3, 'min_samples_leaf': 2}. Best is trial 91 with value: 0.7059578966308309.
[I 2025-05-02 04:35:21,367] Trial 486 finished with value: 0.6506127722406791 and parameters: {'n_estimators': 143, 'max_depth': 10, 'min_samples_split': 2, 'min_samples_leaf': 4}. Best is trial 91 with value: 0.7059578966308309.
[I 2025-05-02 04:35:22,651] Trial 487 finished with value: 0.688588007736944 and parameters: {'n_estimators': 127, 'max_depth': 10, 'min_samples_split': 3, 'min_samples_leaf': 2}. Best is trial 91 with value: 0.7059578966308309.
[I 2025-05-02 04:35:24,015] Trial 488 finished with value: 0.6770651244932164 and parameters: {'n_estimators': 133, 'max_depth': 9, 'min_samples_split': 3, 'min_samples_leaf': 2}. Best is trial 91 with value: 0.7059578966308309.
[I 2025-05-02 04:35:25,396] Trial 489 finished with value: 0.6560456619635244 and parameters: {'n_estimators': 139, 'max_depth': 10, 'min_samples_split': 10, 'min_samples_leaf': 2}. Best is trial 91 with value: 0.7059578966308309.
[I 2025-05-02 04:35:27,300] Trial 490 finished with value: 0.6974216380182001 and parameters: {'n_estimators': 147, 'max_depth': 10, 'min_samples_split': 2, 'min_samples_leaf': 2}. Best is trial 91 with value: 0.7059578966308309.
[I 2025-05-02 04:35:28,637] Trial 491 finished with value: 0.6968669875399217 and parameters: {'n_estimators': 136, 'max_depth': 10, 'min_samples_split': 3, 'min_samples_leaf': 2}. Best is trial 91 with value: 0.7059578966308309.
[I 2025-05-02 04:35:30,012] Trial 492 finished with value: 0.7059578966308309 and parameters: {'n_estimators': 141, 'max_depth': 10, 'min_samples_split': 4, 'min_samples_leaf': 2}. Best is trial 91 with value: 0.7059578966308309.
[I 2025-05-02 04:35:31,452] Trial 493 finished with value: 0.6839260277904513 and parameters: {'n_estimators': 144, 'max_depth': 10, 'min_samples_split': 2, 'min_samples_leaf': 3}. Best is trial 91 with value: 0.7059578966308309.
[I 2025-05-02 04:35:32,961] Trial 494 finished with value: 0.6968669875399217 and parameters: {'n_estimators': 132, 'max_depth': 10, 'min_samples_split': 3, 'min_samples_leaf': 2}. Best is trial 91 with value: 0.7059578966308309.
[I 2025-05-02 04:35:34,304] Trial 495 finished with value: 0.6968669875399217 and parameters: {'n_estimators': 138, 'max_depth': 10, 'min_samples_split': 3, 'min_samples_leaf': 2}. Best is trial 91 with value: 0.7059578966308309.
