[I 2025-05-02 03:54:46,254] Trial 35 finished with value: 0.7984741784037558 and parameters: {'n_estimators': 164, 'max_depth': 10, 'min_samples_split': 4, 'min_samples_leaf': 2}. Best is trial 29 with value: 0.8040688575899845.
[I 2025-05-02 03:54:49,054] Trial 36 finished with value: 0.8012519561815337 and parameters: {'n_estimators': 165, 'max_depth': 9, 'min_samples_split': 5, 'min_samples_leaf': 1}. Best is trial 29 with value: 0.8040688575899845.
[I 2025-05-02 03:54:51,602] Trial 37 finished with value: 0.8097809076682315 and parameters: {'n_estimators': 183, 'max_depth': 10, 'min_samples_split': 3, 'min_samples_leaf': 1}. Best is trial 37 with value: 0.8097809076682315.
[I 2025-05-02 03:54:54,191] Trial 38 finished with value: 0.7957355242566508 and parameters: {'n_estimators': 185, 'max_depth': 9, 'min_samples_split': 3, 'min_samples_leaf': 3}. Best is trial 37 with value: 0.8097809076682315.
[I 2025-05-02 03:54:57,378] Trial 39 finished with value: 0.7956964006259781 and parameters: {'n_estimators': 200, 'max_depth': 9, 'min_samples_split': 3, 'min_samples_leaf': 2}. Best is trial 37 with value: 0.8097809076682315.
[I 2025-05-02 03:54:59,888] Trial 40 finished with value: 0.7732394366197182 and parameters: {'n_estimators': 191, 'max_depth': 10, 'min_samples_split': 4, 'min_samples_leaf': 5}. Best is trial 37 with value: 0.8097809076682315.
[I 2025-05-02 03:55:02,535] Trial 41 finished with value: 0.8040688575899845 and parameters: {'n_estimators': 176, 'max_depth': 10, 'min_samples_split': 5, 'min_samples_leaf': 1}. Best is trial 37 with value: 0.8097809076682315.
[I 2025-05-02 03:55:04,591] Trial 42 finished with value: 0.8040688575899845 and parameters: {'n_estimators': 150, 'max_depth': 10, 'min_samples_split': 5, 'min_samples_leaf': 1}. Best is trial 37 with value: 0.8097809076682315.
[I 2025-05-02 03:55:06,889] Trial 43 finished with value: 0.8069640062597807 and parameters: {'n_estimators': 162, 'max_depth': 10, 'min_samples_split': 3, 'min_samples_leaf': 1}. Best is trial 37 with value: 0.8097809076682315.
[I 2025-05-02 03:55:09,392] Trial 44 finished with value: 0.8013302034428795 and parameters: {'n_estimators': 178, 'max_depth': 9, 'min_samples_split': 3, 'min_samples_leaf': 1}. Best is trial 37 with value: 0.8097809076682315.
[I 2025-05-02 03:55:11,757] Trial 45 finished with value: 0.7985915492957746 and parameters: {'n_estimators': 161, 'max_depth': 9, 'min_samples_split': 2, 'min_samples_leaf': 1}. Best is trial 37 with value: 0.8097809076682315.
[I 2025-05-02 03:55:14,058] Trial 46 finished with value: 0.8012910798122066 and parameters: {'n_estimators': 167, 'max_depth': 10, 'min_samples_split': 3, 'min_samples_leaf': 2}. Best is trial 37 with value: 0.8097809076682315.
[I 2025-05-02 03:55:16,445] Trial 47 finished with value: 0.7957355242566508 and parameters: {'n_estimators': 182, 'max_depth': 9, 'min_samples_split': 4, 'min_samples_leaf': 3}. Best is trial 37 with value: 0.8097809076682315.
[I 2025-05-02 03:55:18,683] Trial 48 finished with value: 0.8041079812206572 and parameters: {'n_estimators': 156, 'max_depth': 10, 'min_samples_split': 2, 'min_samples_leaf': 2}. Best is trial 37 with value: 0.8097809076682315.
[I 2025-05-02 03:55:22,273] Trial 49 finished with value: 0.7872848200312988 and parameters: {'n_estimators': 193, 'max_depth': 5, 'min_samples_split': 2, 'min_samples_leaf': 2}. Best is trial 37 with value: 0.8097809076682315.
[I 2025-05-02 03:55:24,390] Trial 50 finished with value: 0.8041079812206572 and parameters: {'n_estimators': 155, 'max_depth': 10, 'min_samples_split': 2, 'min_samples_leaf': 2}. Best is trial 37 with value: 0.8097809076682315.
[I 2025-05-02 03:55:26,938] Trial 51 finished with value: 0.8012910798122066 and parameters: {'n_estimators': 160, 'max_depth': 10, 'min_samples_split': 2, 'min_samples_leaf': 2}. Best is trial 37 with value: 0.8097809076682315.
[I 2025-05-02 03:55:29,780] Trial 52 finished with value: 0.8012910798122064 and parameters: {'n_estimators': 157, 'max_depth': 10, 'min_samples_split': 2, 'min_samples_leaf': 3}. Best is trial 37 with value: 0.8097809076682315.
[I 2025-05-02 03:55:32,527] Trial 53 finished with value: 0.8012910798122066 and parameters: {'n_estimators': 168, 'max_depth': 10, 'min_samples_split': 3, 'min_samples_leaf': 2}. Best is trial 37 with value: 0.8097809076682315.
[I 2025-05-02 03:55:34,464] Trial 54 finished with value: 0.784507042253521 and parameters: {'n_estimators': 146, 'max_depth': 10, 'min_samples_split': 2, 'min_samples_leaf': 4}. Best is trial 37 with value: 0.8097809076682315.
[I 2025-05-02 03:55:36,647] Trial 55 finished with value: 0.8013302034428795 and parameters: {'n_estimators': 154, 'max_depth': 9, 'min_samples_split': 3, 'min_samples_leaf': 1}. Best is trial 37 with value: 0.8097809076682315.
[I 2025-05-02 03:55:38,980] Trial 56 finished with value: 0.8125195618153365 and parameters: {'n_estimators': 141, 'max_depth': 10, 'min_samples_split': 3, 'min_samples_leaf': 2}. Best is trial 56 with value: 0.8125195618153365.
[I 2025-05-02 03:55:40,979] Trial 57 finished with value: 0.8125195618153365 and parameters: {'n_estimators': 141, 'max_depth': 10, 'min_samples_split': 3, 'min_samples_leaf': 2}. Best is trial 56 with value: 0.8125195618153365.
[I 2025-05-02 03:55:43,085] Trial 58 finished with value: 0.8012910798122064 and parameters: {'n_estimators': 127, 'max_depth': 10, 'min_samples_split': 3, 'min_samples_leaf': 2}. Best is trial 56 with value: 0.8125195618153365.
[I 2025-05-02 03:55:45,078] Trial 59 finished with value: 0.7957355242566508 and parameters: {'n_estimators': 141, 'max_depth': 10, 'min_samples_split': 2, 'min_samples_leaf': 3}. Best is trial 56 with value: 0.8125195618153365.
[I 2025-05-02 03:55:47,694] Trial 60 finished with value: 0.776056338028169 and parameters: {'n_estimators': 177, 'max_depth': 4, 'min_samples_split': 2, 'min_samples_leaf': 2}. Best is trial 56 with value: 0.8125195618153365.
[I 2025-05-02 03:55:49,853] Trial 61 finished with value: 0.8097026604068857 and parameters: {'n_estimators': 142, 'max_depth': 10, 'min_samples_split': 3, 'min_samples_leaf': 2}. Best is trial 56 with value: 0.8125195618153365.
[I 2025-05-02 03:55:51,824] Trial 62 finished with value: 0.8012128325508607 and parameters: {'n_estimators': 116, 'max_depth': 10, 'min_samples_split': 3, 'min_samples_leaf': 2}. Best is trial 56 with value: 0.8125195618153365.
[I 2025-05-02 03:55:53,744] Trial 63 finished with value: 0.7957355242566508 and parameters: {'n_estimators': 132, 'max_depth': 10, 'min_samples_split': 3, 'min_samples_leaf': 3}. Best is trial 56 with value: 0.8125195618153365.
[I 2025-05-02 03:55:55,710] Trial 64 finished with value: 0.8125195618153365 and parameters: {'n_estimators': 141, 'max_depth': 10, 'min_samples_split': 4, 'min_samples_leaf': 2}. Best is trial 56 with value: 0.8125195618153365.
[I 2025-05-02 03:55:57,709] Trial 65 finished with value: 0.8125195618153365 and parameters: {'n_estimators': 141, 'max_depth': 10, 'min_samples_split': 4, 'min_samples_leaf': 2}. Best is trial 56 with value: 0.8125195618153365.
[I 2025-05-02 03:55:59,446] Trial 66 finished with value: 0.7985133020344287 and parameters: {'n_estimators': 124, 'max_depth': 9, 'min_samples_split': 4, 'min_samples_leaf': 2}. Best is trial 56 with value: 0.8125195618153365.
[I 2025-05-02 03:56:01,466] Trial 67 finished with value: 0.8097026604068857 and parameters: {'n_estimators': 142, 'max_depth': 10, 'min_samples_split': 4, 'min_samples_leaf': 2}. Best is trial 56 with value: 0.8125195618153365.
[I 2025-05-02 03:56:03,501] Trial 68 finished with value: 0.7957746478873238 and parameters: {'n_estimators': 140, 'max_depth': 9, 'min_samples_split': 4, 'min_samples_leaf': 3}. Best is trial 56 with value: 0.8125195618153365.
[I 2025-05-02 03:56:05,367] Trial 69 finished with value: 0.8012519561815334 and parameters: {'n_estimators': 135, 'max_depth': 10, 'min_samples_split': 4, 'min_samples_leaf': 2}. Best is trial 56 with value: 0.8125195618153365.
[I 2025-05-02 03:56:06,670] Trial 70 finished with value: 0.7984350547730829 and parameters: {'n_estimators': 89, 'max_depth': 8, 'min_samples_split': 4, 'min_samples_leaf': 2}. Best is trial 56 with value: 0.8125195618153365.
[I 2025-05-02 03:56:08,769] Trial 71 finished with value: 0.8068857589984348 and parameters: {'n_estimators': 144, 'max_depth': 10, 'min_samples_split': 3, 'min_samples_leaf': 2}. Best is trial 56 with value: 0.8125195618153365.
[I 2025-05-02 03:56:10,524] Trial 72 finished with value: 0.8068857589984348 and parameters: {'n_estimators': 128, 'max_depth': 10, 'min_samples_split': 4, 'min_samples_leaf': 2}. Best is trial 56 with value: 0.8125195618153365.
[I 2025-05-02 03:56:12,622] Trial 73 finished with value: 0.8125195618153365 and parameters: {'n_estimators': 139, 'max_depth': 10, 'min_samples_split': 3, 'min_samples_leaf': 2}. Best is trial 56 with value: 0.8125195618153365.
[I 2025-05-02 03:56:14,632] Trial 74 finished with value: 0.7956964006259781 and parameters: {'n_estimators': 120, 'max_depth': 9, 'min_samples_split': 3, 'min_samples_leaf': 2}. Best is trial 56 with value: 0.8125195618153365.
[I 2025-05-02 03:56:15,647] Trial 75 finished with value: 0.784467918622848 and parameters: {'n_estimators': 73, 'max_depth': 10, 'min_samples_split': 4, 'min_samples_leaf': 2}. Best is trial 56 with value: 0.8125195618153365.
[I 2025-05-02 03:56:17,431] Trial 76 finished with value: 0.7929577464788732 and parameters: {'n_estimators': 131, 'max_depth': 10, 'min_samples_split': 3, 'min_samples_leaf': 3}. Best is trial 56 with value: 0.8125195618153365.
[I 2025-05-02 03:56:19,721] Trial 77 finished with value: 0.7956572769953052 and parameters: {'n_estimators': 137, 'max_depth': 9, 'min_samples_split': 4, 'min_samples_leaf': 2}. Best is trial 56 with value: 0.8125195618153365.
[I 2025-05-02 03:56:21,724] Trial 78 finished with value: 0.7732003129890452 and parameters: {'n_estimators': 142, 'max_depth': 2, 'min_samples_split': 3, 'min_samples_leaf': 2}. Best is trial 56 with value: 0.8125195618153365.
[I 2025-05-02 03:56:23,363] Trial 79 finished with value: 0.8012519561815337 and parameters: {'n_estimators': 108, 'max_depth': 10, 'min_samples_split': 4, 'min_samples_leaf': 2}. Best is trial 56 with value: 0.8125195618153365.
[I 2025-05-02 03:56:25,341] Trial 80 finished with value: 0.7928794992175273 and parameters: {'n_estimators': 145, 'max_depth': 9, 'min_samples_split': 3, 'min_samples_leaf': 2}. Best is trial 56 with value: 0.8125195618153365.
[I 2025-05-02 03:56:27,180] Trial 81 finished with value: 0.7957355242566508 and parameters: {'n_estimators': 135, 'max_depth': 10, 'min_samples_split': 3, 'min_samples_leaf': 3}. Best is trial 56 with value: 0.8125195618153365.
[I 2025-05-02 03:56:29,180] Trial 82 finished with value: 0.8068857589984348 and parameters: {'n_estimators': 140, 'max_depth': 10, 'min_samples_split': 3, 'min_samples_leaf': 2}. Best is trial 56 with value: 0.8125195618153365.
[I 2025-05-02 03:56:32,304] Trial 83 finished with value: 0.8096635367762129 and parameters: {'n_estimators': 147, 'max_depth': 10, 'min_samples_split': 4, 'min_samples_leaf': 2}. Best is trial 56 with value: 0.8125195618153365.
[I 2025-05-02 03:56:34,547] Trial 84 finished with value: 0.8040688575899843 and parameters: {'n_estimators': 130, 'max_depth': 10, 'min_samples_split': 4, 'min_samples_leaf': 2}. Best is trial 56 with value: 0.8125195618153365.
[I 2025-05-02 03:56:36,578] Trial 85 finished with value: 0.7956572769953052 and parameters: {'n_estimators': 146, 'max_depth': 9, 'min_samples_split': 4, 'min_samples_leaf': 2}. Best is trial 56 with value: 0.8125195618153365.
[I 2025-05-02 03:56:38,656] Trial 86 finished with value: 0.8068857589984348 and parameters: {'n_estimators': 138, 'max_depth': 10, 'min_samples_split': 4, 'min_samples_leaf': 2}. Best is trial 56 with value: 0.8125195618153365.
[I 2025-05-02 03:56:40,216] Trial 87 finished with value: 0.7732394366197182 and parameters: {'n_estimators': 116, 'max_depth': 3, 'min_samples_split': 3, 'min_samples_leaf': 2}. Best is trial 56 with value: 0.8125195618153365.
[I 2025-05-02 03:56:42,152] Trial 88 finished with value: 0.7901017214397494 and parameters: {'n_estimators': 124, 'max_depth': 9, 'min_samples_split': 4, 'min_samples_leaf': 4}. Best is trial 56 with value: 0.8125195618153365.
[I 2025-05-02 03:56:44,165] Trial 89 finished with value: 0.7985133020344287 and parameters: {'n_estimators': 149, 'max_depth': 10, 'min_samples_split': 6, 'min_samples_leaf': 3}. Best is trial 56 with value: 0.8125195618153365.
[I 2025-05-02 03:56:46,112] Trial 90 finished with value: 0.776017214397496 and parameters: {'n_estimators': 153, 'max_depth': 10, 'min_samples_split': 3, 'min_samples_leaf': 5}. Best is trial 56 with value: 0.8125195618153365.
[I 2025-05-02 03:56:48,125] Trial 91 finished with value: 0.8069640062597807 and parameters: {'n_estimators': 159, 'max_depth': 10, 'min_samples_split': 3, 'min_samples_leaf': 1}. Best is trial 56 with value: 0.8125195618153365.
[I 2025-05-02 03:56:50,171] Trial 92 finished with value: 0.7901799687010953 and parameters: {'n_estimators': 163, 'max_depth': 10, 'min_samples_split': 10, 'min_samples_leaf': 2}. Best is trial 56 with value: 0.8125195618153365.
[I 2025-05-02 03:56:51,934] Trial 93 finished with value: 0.8070031298904536 and parameters: {'n_estimators': 133, 'max_depth': 10, 'min_samples_split': 3, 'min_samples_leaf': 1}. Best is trial 56 with value: 0.8125195618153365.
[I 2025-05-02 03:56:54,109] Trial 94 finished with value: 0.8068857589984348 and parameters: {'n_estimators': 143, 'max_depth': 10, 'min_samples_split': 4, 'min_samples_leaf': 2}. Best is trial 56 with value: 0.8125195618153365.
[I 2025-05-02 03:56:55,792] Trial 95 finished with value: 0.7956572769953052 and parameters: {'n_estimators': 135, 'max_depth': 9, 'min_samples_split': 3, 'min_samples_leaf': 2}. Best is trial 56 with value: 0.8125195618153365.
[I 2025-05-02 03:56:57,708] Trial 96 finished with value: 0.7957355242566511 and parameters: {'n_estimators': 147, 'max_depth': 10, 'min_samples_split': 2, 'min_samples_leaf': 1}. Best is trial 56 with value: 0.8125195618153365.
[I 2025-05-02 03:56:59,935] Trial 97 finished with value: 0.8040688575899843 and parameters: {'n_estimators': 134, 'max_depth': 10, 'min_samples_split': 3, 'min_samples_leaf': 2}. Best is trial 56 with value: 0.8125195618153365.
[I 2025-05-02 03:57:01,808] Trial 98 finished with value: 0.7985133020344287 and parameters: {'n_estimators': 128, 'max_depth': 9, 'min_samples_split': 4, 'min_samples_leaf': 1}. Best is trial 56 with value: 0.8125195618153365.
[I 2025-05-02 03:57:03,624] Trial 99 finished with value: 0.7928794992175273 and parameters: {'n_estimators': 139, 'max_depth': 7, 'min_samples_split': 3, 'min_samples_leaf': 2}. Best is trial 56 with value: 0.8125195618153365.
✅ Best Random Forest Parameters: {'n_estimators': 141, 'max_depth': 10, 'min_samples_split': 3, 'min_samples_leaf': 2}
[I 2025-05-02 03:57:03,632] A new study created in memory with name: no-name-a3e52ae1-7b4b-46ee-9038-738e160bc205
c:\Users\x-hp\AppData\Local\Programs\Python\Python311\Lib\site-packages\xgboost\training.py:183: UserWarning: [03:57:03] WARNING: C:\actions-runner\_work\xgboost\xgboost\src\learner.cc:738:
Parameters: { "use_label_encoder" } are not used.

  bst.update(dtrain, iteration=i, fobj=obj)
c:\Users\x-hp\AppData\Local\Programs\Python\Python311\Lib\site-packages\xgboost\training.py:183: UserWarning: [03:57:03] WARNING: C:\actions-runner\_work\xgboost\xgboost\src\learner.cc:738:
Parameters: { "use_label_encoder" } are not used.

  bst.update(dtrain, iteration=i, fobj=obj)
c:\Users\x-hp\AppData\Local\Programs\Python\Python311\Lib\site-packages\xgboost\training.py:183: UserWarning: [03:57:03] WARNING: C:\actions-runner\_work\xgboost\xgboost\src\learner.cc:738:
Parameters: { "use_label_encoder" } are not used.

  bst.update(dtrain, iteration=i, fobj=obj)
c:\Users\x-hp\AppData\Local\Programs\Python\Python311\Lib\site-packages\xgboost\training.py:183: UserWarning: [03:57:04] WARNING: C:\actions-runner\_work\xgboost\xgboost\src\learner.cc:738:
Parameters: { "use_label_encoder" } are not used.

  bst.update(dtrain, iteration=i, fobj=obj)
c:\Users\x-hp\AppData\Local\Programs\Python\Python311\Lib\site-packages\xgboost\training.py:183: UserWarning: [03:57:04] WARNING: C:\actions-runner\_work\xgboost\xgboost\src\learner.cc:738:
Parameters: { "use_label_encoder" } are not used.

  bst.update(dtrain, iteration=i, fobj=obj)
[I 2025-05-02 03:57:04,316] Trial 0 finished with value: 0.7761345852895148 and parameters: {'n_estimators': 116, 'max_depth': 3, 'learning_rate': 0.04621013699432877, 'subsample': 0.8975125813626366, 'colsample_bytree': 0.6974345110633817, 'gamma': 0.9482539551124786, 'min_child_weight': 4}. Best is trial 0 with value: 0.7761345852895148.
c:\Users\x-hp\AppData\Local\Programs\Python\Python311\Lib\site-packages\xgboost\training.py:183: UserWarning: [03:57:04] WARNING: C:\actions-runner\_work\xgboost\xgboost\src\learner.cc:738:
Parameters: { "use_label_encoder" } are not used.

  bst.update(dtrain, iteration=i, fobj=obj)
c:\Users\x-hp\AppData\Local\Programs\Python\Python311\Lib\site-packages\xgboost\training.py:183: UserWarning: [03:57:04] WARNING: C:\actions-runner\_work\xgboost\xgboost\src\learner.cc:738:
Parameters: { "use_label_encoder" } are not used.

  bst.update(dtrain, iteration=i, fobj=obj)
c:\Users\x-hp\AppData\Local\Programs\Python\Python311\Lib\site-packages\xgboost\training.py:183: UserWarning: [03:57:04] WARNING: C:\actions-runner\_work\xgboost\xgboost\src\learner.cc:738:
Parameters: { "use_label_encoder" } are not used.

  bst.update(dtrain, iteration=i, fobj=obj)
c:\Users\x-hp\AppData\Local\Programs\Python\Python311\Lib\site-packages\xgboost\training.py:183: UserWarning: [03:57:04] WARNING: C:\actions-runner\_work\xgboost\xgboost\src\learner.cc:738:
Parameters: { "use_label_encoder" } are not used.

  bst.update(dtrain, iteration=i, fobj=obj)
c:\Users\x-hp\AppData\Local\Programs\Python\Python311\Lib\site-packages\xgboost\training.py:183: UserWarning: [03:57:04] WARNING: C:\actions-runner\_work\xgboost\xgboost\src\learner.cc:738:
Parameters: { "use_label_encoder" } are not used.

  bst.update(dtrain, iteration=i, fobj=obj)
[I 2025-05-02 03:57:04,819] Trial 1 finished with value: 0.8125978090766823 and parameters: {'n_estimators': 116, 'max_depth': 3, 'learning_rate': 0.15161327469013983, 'subsample': 0.6727574848100859, 'colsample_bytree': 0.9401475829469241, 'gamma': 3.9844615188642662, 'min_child_weight': 1}. Best is trial 1 with value: 0.8125978090766823.
c:\Users\x-hp\AppData\Local\Programs\Python\Python311\Lib\site-packages\xgboost\training.py:183: UserWarning: [03:57:04] WARNING: C:\actions-runner\_work\xgboost\xgboost\src\learner.cc:738:
Parameters: { "use_label_encoder" } are not used.

  bst.update(dtrain, iteration=i, fobj=obj)
c:\Users\x-hp\AppData\Local\Programs\Python\Python311\Lib\site-packages\xgboost\training.py:183: UserWarning: [03:57:04] WARNING: C:\actions-runner\_work\xgboost\xgboost\src\learner.cc:738:
Parameters: { "use_label_encoder" } are not used.

  bst.update(dtrain, iteration=i, fobj=obj)
c:\Users\x-hp\AppData\Local\Programs\Python\Python311\Lib\site-packages\xgboost\training.py:183: UserWarning: [03:57:05] WARNING: C:\actions-runner\_work\xgboost\xgboost\src\learner.cc:738:
Parameters: { "use_label_encoder" } are not used.

  bst.update(dtrain, iteration=i, fobj=obj)
c:\Users\x-hp\AppData\Local\Programs\Python\Python311\Lib\site-packages\xgboost\training.py:183: UserWarning: [03:57:05] WARNING: C:\actions-runner\_work\xgboost\xgboost\src\learner.cc:738:
Parameters: { "use_label_encoder" } are not used.

  bst.update(dtrain, iteration=i, fobj=obj)
c:\Users\x-hp\AppData\Local\Programs\Python\Python311\Lib\site-packages\xgboost\training.py:183: UserWarning: [03:57:05] WARNING: C:\actions-runner\_work\xgboost\xgboost\src\learner.cc:738:
Parameters: { "use_label_encoder" } are not used.

  bst.update(dtrain, iteration=i, fobj=obj)
[I 2025-05-02 03:57:05,332] Trial 2 finished with value: 0.7759389671361502 and parameters: {'n_estimators': 122, 'max_depth': 5, 'learning_rate': 0.2723386792425811, 'subsample': 0.679233177367577, 'colsample_bytree': 0.6933816762060139, 'gamma': 2.2575495213469217, 'min_child_weight': 7}. Best is trial 1 with value: 0.8125978090766823.
c:\Users\x-hp\AppData\Local\Programs\Python\Python311\Lib\site-packages\xgboost\training.py:183: UserWarning: [03:57:05] WARNING: C:\actions-runner\_work\xgboost\xgboost\src\learner.cc:738:
Parameters: { "use_label_encoder" } are not used.

  bst.update(dtrain, iteration=i, fobj=obj)
c:\Users\x-hp\AppData\Local\Programs\Python\Python311\Lib\site-packages\xgboost\training.py:183: UserWarning: [03:57:05] WARNING: C:\actions-runner\_work\xgboost\xgboost\src\learner.cc:738:
Parameters: { "use_label_encoder" } are not used.

  bst.update(dtrain, iteration=i, fobj=obj)
c:\Users\x-hp\AppData\Local\Programs\Python\Python311\Lib\site-packages\xgboost\training.py:183: UserWarning: [03:57:05] WARNING: C:\actions-runner\_work\xgboost\xgboost\src\learner.cc:738:
Parameters: { "use_label_encoder" } are not used.

  bst.update(dtrain, iteration=i, fobj=obj)
c:\Users\x-hp\AppData\Local\Programs\Python\Python311\Lib\site-packages\xgboost\training.py:183: UserWarning: [03:57:05] WARNING: C:\actions-runner\_work\xgboost\xgboost\src\learner.cc:738:
Parameters: { "use_label_encoder" } are not used.

  bst.update(dtrain, iteration=i, fobj=obj)
c:\Users\x-hp\AppData\Local\Programs\Python\Python311\Lib\site-packages\xgboost\training.py:183: UserWarning: [03:57:06] WARNING: C:\actions-runner\_work\xgboost\xgboost\src\learner.cc:738:
Parameters: { "use_label_encoder" } are not used.

  bst.update(dtrain, iteration=i, fobj=obj)
