[I 2025-05-02 04:23:20,379] Trial 116 finished with value: 0.673601921030013 and parameters: {'n_estimators': 152, 'max_depth': 9, 'min_samples_split': 2, 'min_samples_leaf': 2}. Best is trial 91 with value: 0.7059578966308309.
[I 2025-05-02 04:23:22,448] Trial 117 finished with value: 0.6834076192078042 and parameters: {'n_estimators': 162, 'max_depth': 10, 'min_samples_split': 3, 'min_samples_leaf': 2}. Best is trial 91 with value: 0.7059578966308309.
[I 2025-05-02 04:23:24,686] Trial 118 finished with value: 0.6863674500746119 and parameters: {'n_estimators': 159, 'max_depth': 10, 'min_samples_split': 2, 'min_samples_leaf': 2}. Best is trial 91 with value: 0.7059578966308309.
[I 2025-05-02 04:23:26,370] Trial 119 finished with value: 0.6946464298775897 and parameters: {'n_estimators': 151, 'max_depth': 10, 'min_samples_split': 2, 'min_samples_leaf': 2}. Best is trial 91 with value: 0.7059578966308309.
[I 2025-05-02 04:23:28,139] Trial 120 finished with value: 0.673601921030013 and parameters: {'n_estimators': 157, 'max_depth': 9, 'min_samples_split': 3, 'min_samples_leaf': 2}. Best is trial 91 with value: 0.7059578966308309.
[I 2025-05-02 04:23:29,579] Trial 121 finished with value: 0.7026020265473398 and parameters: {'n_estimators': 148, 'max_depth': 10, 'min_samples_split': 2, 'min_samples_leaf': 2}. Best is trial 91 with value: 0.7059578966308309.
[I 2025-05-02 04:23:31,044] Trial 122 finished with value: 0.6974216380182001 and parameters: {'n_estimators': 147, 'max_depth': 10, 'min_samples_split': 2, 'min_samples_leaf': 2}. Best is trial 91 with value: 0.7059578966308309.
[I 2025-05-02 04:23:32,710] Trial 123 finished with value: 0.6916865990107821 and parameters: {'n_estimators': 153, 'max_depth': 10, 'min_samples_split': 2, 'min_samples_leaf': 2}. Best is trial 91 with value: 0.7059578966308309.
[I 2025-05-02 04:23:34,220] Trial 124 finished with value: 0.7026020265473398 and parameters: {'n_estimators': 150, 'max_depth': 10, 'min_samples_split': 3, 'min_samples_leaf': 2}. Best is trial 91 with value: 0.7059578966308309.
[I 2025-05-02 04:23:35,488] Trial 125 finished with value: 0.7059578966308309 and parameters: {'n_estimators': 139, 'max_depth': 10, 'min_samples_split': 3, 'min_samples_leaf': 2}. Best is trial 91 with value: 0.7059578966308309.
[I 2025-05-02 04:23:37,084] Trial 126 finished with value: 0.7059578966308309 and parameters: {'n_estimators': 139, 'max_depth': 10, 'min_samples_split': 2, 'min_samples_leaf': 2}. Best is trial 91 with value: 0.7059578966308309.
[I 2025-05-02 04:23:38,849] Trial 127 finished with value: 0.7059578966308309 and parameters: {'n_estimators': 139, 'max_depth': 10, 'min_samples_split': 2, 'min_samples_leaf': 2}. Best is trial 91 with value: 0.7059578966308309.
[I 2025-05-02 04:23:40,166] Trial 128 finished with value: 0.6915478386037516 and parameters: {'n_estimators': 129, 'max_depth': 10, 'min_samples_split': 2, 'min_samples_leaf': 2}. Best is trial 91 with value: 0.7059578966308309.
[I 2025-05-02 04:23:41,852] Trial 129 finished with value: 0.7059578966308309 and parameters: {'n_estimators': 139, 'max_depth': 10, 'min_samples_split': 3, 'min_samples_leaf': 2}. Best is trial 91 with value: 0.7059578966308309.
[I 2025-05-02 04:23:43,431] Trial 130 finished with value: 0.6420614056205564 and parameters: {'n_estimators': 139, 'max_depth': 6, 'min_samples_split': 3, 'min_samples_leaf': 4}. Best is trial 91 with value: 0.7059578966308309.
[I 2025-05-02 04:23:44,900] Trial 131 finished with value: 0.6968669875399217 and parameters: {'n_estimators': 138, 'max_depth': 10, 'min_samples_split': 2, 'min_samples_leaf': 2}. Best is trial 91 with value: 0.7059578966308309.
[I 2025-05-02 04:23:46,240] Trial 132 finished with value: 0.6915478386037515 and parameters: {'n_estimators': 134, 'max_depth': 10, 'min_samples_split': 2, 'min_samples_leaf': 2}. Best is trial 91 with value: 0.7059578966308309.
[I 2025-05-02 04:23:47,974] Trial 133 finished with value: 0.6968669875399217 and parameters: {'n_estimators': 145, 'max_depth': 10, 'min_samples_split': 3, 'min_samples_leaf': 2}. Best is trial 91 with value: 0.7059578966308309.
[I 2025-05-02 04:23:49,404] Trial 134 finished with value: 0.6968669875399217 and parameters: {'n_estimators': 140, 'max_depth': 10, 'min_samples_split': 2, 'min_samples_leaf': 2}. Best is trial 91 with value: 0.7059578966308309.
[I 2025-05-02 04:23:50,618] Trial 135 finished with value: 0.6968669875399217 and parameters: {'n_estimators': 132, 'max_depth': 10, 'min_samples_split': 2, 'min_samples_leaf': 2}. Best is trial 91 with value: 0.7059578966308309.
[I 2025-05-02 04:23:51,989] Trial 136 finished with value: 0.6823842734293867 and parameters: {'n_estimators': 122, 'max_depth': 9, 'min_samples_split': 2, 'min_samples_leaf': 2}. Best is trial 91 with value: 0.7059578966308309.
[I 2025-05-02 04:23:53,730] Trial 137 finished with value: 0.6916865990107821 and parameters: {'n_estimators': 154, 'max_depth': 10, 'min_samples_split': 2, 'min_samples_leaf': 2}. Best is trial 91 with value: 0.7059578966308309.
[I 2025-05-02 04:23:54,977] Trial 138 finished with value: 0.6148269301757674 and parameters: {'n_estimators': 135, 'max_depth': 4, 'min_samples_split': 3, 'min_samples_leaf': 2}. Best is trial 91 with value: 0.7059578966308309.
[I 2025-05-02 04:23:56,413] Trial 139 finished with value: 0.6968669875399217 and parameters: {'n_estimators': 145, 'max_depth': 10, 'min_samples_split': 2, 'min_samples_leaf': 2}. Best is trial 91 with value: 0.7059578966308309.
[I 2025-05-02 04:23:57,938] Trial 140 finished with value: 0.7059578966308309 and parameters: {'n_estimators': 139, 'max_depth': 10, 'min_samples_split': 3, 'min_samples_leaf': 2}. Best is trial 91 with value: 0.7059578966308309.
[I 2025-05-02 04:23:59,423] Trial 141 finished with value: 0.7059578966308309 and parameters: {'n_estimators': 139, 'max_depth': 10, 'min_samples_split': 3, 'min_samples_leaf': 2}. Best is trial 91 with value: 0.7059578966308309.
[I 2025-05-02 04:24:01,087] Trial 142 finished with value: 0.6915478386037516 and parameters: {'n_estimators': 129, 'max_depth': 10, 'min_samples_split': 3, 'min_samples_leaf': 2}. Best is trial 91 with value: 0.7059578966308309.
[I 2025-05-02 04:24:02,985] Trial 143 finished with value: 0.7059578966308309 and parameters: {'n_estimators': 139, 'max_depth': 10, 'min_samples_split': 3, 'min_samples_leaf': 2}. Best is trial 91 with value: 0.7059578966308309.
[I 2025-05-02 04:24:04,453] Trial 144 finished with value: 0.6968669875399217 and parameters: {'n_estimators': 138, 'max_depth': 10, 'min_samples_split': 3, 'min_samples_leaf': 2}. Best is trial 91 with value: 0.7059578966308309.
[I 2025-05-02 04:24:05,686] Trial 145 finished with value: 0.6789210699661832 and parameters: {'n_estimators': 133, 'max_depth': 10, 'min_samples_split': 5, 'min_samples_leaf': 2}. Best is trial 91 with value: 0.7059578966308309.
[I 2025-05-02 04:24:06,970] Trial 146 finished with value: 0.5961789088104877 and parameters: {'n_estimators': 140, 'max_depth': 2, 'min_samples_split': 4, 'min_samples_leaf': 2}. Best is trial 91 with value: 0.7059578966308309.
[I 2025-05-02 04:24:08,607] Trial 147 finished with value: 0.7059578966308309 and parameters: {'n_estimators': 141, 'max_depth': 10, 'min_samples_split': 3, 'min_samples_leaf': 2}. Best is trial 91 with value: 0.7059578966308309.
[I 2025-05-02 04:24:09,986] Trial 148 finished with value: 0.6734978379192393 and parameters: {'n_estimators': 137, 'max_depth': 9, 'min_samples_split': 3, 'min_samples_leaf': 2}. Best is trial 91 with value: 0.7059578966308309.
[I 2025-05-02 04:24:11,194] Trial 149 finished with value: 0.6857597249086611 and parameters: {'n_estimators': 115, 'max_depth': 10, 'min_samples_split': 3, 'min_samples_leaf': 2}. Best is trial 91 with value: 0.7059578966308309.
[I 2025-05-02 04:24:12,786] Trial 150 finished with value: 0.7059578966308309 and parameters: {'n_estimators': 141, 'max_depth': 10, 'min_samples_split': 3, 'min_samples_leaf': 2}. Best is trial 91 with value: 0.7059578966308309.
[I 2025-05-02 04:24:14,326] Trial 151 finished with value: 0.6968669875399217 and parameters: {'n_estimators': 143, 'max_depth': 10, 'min_samples_split': 3, 'min_samples_leaf': 2}. Best is trial 91 with value: 0.7059578966308309.
[I 2025-05-02 04:24:15,568] Trial 152 finished with value: 0.6915478386037515 and parameters: {'n_estimators': 134, 'max_depth': 10, 'min_samples_split': 3, 'min_samples_leaf': 2}. Best is trial 91 with value: 0.7059578966308309.
[I 2025-05-02 04:24:17,229] Trial 153 finished with value: 0.6968669875399217 and parameters: {'n_estimators': 140, 'max_depth': 10, 'min_samples_split': 3, 'min_samples_leaf': 2}. Best is trial 91 with value: 0.7059578966308309.
[I 2025-05-02 04:24:18,993] Trial 154 finished with value: 0.6915478386037516 and parameters: {'n_estimators': 129, 'max_depth': 10, 'min_samples_split': 4, 'min_samples_leaf': 2}. Best is trial 91 with value: 0.7059578966308309.
[I 2025-05-02 04:24:20,409] Trial 155 finished with value: 0.6968669875399217 and parameters: {'n_estimators': 145, 'max_depth': 10, 'min_samples_split': 3, 'min_samples_leaf': 2}. Best is trial 91 with value: 0.7059578966308309.
[I 2025-05-02 04:24:21,734] Trial 156 finished with value: 0.6968669875399217 and parameters: {'n_estimators': 136, 'max_depth': 10, 'min_samples_split': 3, 'min_samples_leaf': 2}. Best is trial 91 with value: 0.7059578966308309.
[I 2025-05-02 04:24:23,292] Trial 157 finished with value: 0.6968669875399217 and parameters: {'n_estimators': 140, 'max_depth': 10, 'min_samples_split': 3, 'min_samples_leaf': 2}. Best is trial 91 with value: 0.7059578966308309.
[I 2025-05-02 04:24:24,823] Trial 158 finished with value: 0.6968669875399217 and parameters: {'n_estimators': 143, 'max_depth': 10, 'min_samples_split': 3, 'min_samples_leaf': 2}. Best is trial 91 with value: 0.7059578966308309.
[I 2025-05-02 04:24:26,452] Trial 159 finished with value: 0.6915478386037515 and parameters: {'n_estimators': 131, 'max_depth': 10, 'min_samples_split': 4, 'min_samples_leaf': 2}. Best is trial 91 with value: 0.7059578966308309.
[I 2025-05-02 04:24:27,741] Trial 160 finished with value: 0.6480175548049825 and parameters: {'n_estimators': 125, 'max_depth': 9, 'min_samples_split': 3, 'min_samples_leaf': 5}. Best is trial 91 with value: 0.7059578966308309.
[I 2025-05-02 04:24:29,385] Trial 161 finished with value: 0.6820484346571303 and parameters: {'n_estimators': 145, 'max_depth': 10, 'min_samples_split': 6, 'min_samples_leaf': 2}. Best is trial 91 with value: 0.7059578966308309.
[I 2025-05-02 04:24:30,844] Trial 162 finished with value: 0.6968669875399217 and parameters: {'n_estimators': 138, 'max_depth': 10, 'min_samples_split': 3, 'min_samples_leaf': 2}. Best is trial 91 with value: 0.7059578966308309.
[I 2025-05-02 04:24:32,566] Trial 163 finished with value: 0.6916865990107821 and parameters: {'n_estimators': 152, 'max_depth': 10, 'min_samples_split': 3, 'min_samples_leaf': 2}. Best is trial 91 with value: 0.7059578966308309.
[I 2025-05-02 04:24:34,140] Trial 164 finished with value: 0.7059578966308309 and parameters: {'n_estimators': 141, 'max_depth': 10, 'min_samples_split': 2, 'min_samples_leaf': 2}. Best is trial 91 with value: 0.7059578966308309.
[I 2025-05-02 04:24:35,490] Trial 165 finished with value: 0.7059578966308309 and parameters: {'n_estimators': 141, 'max_depth': 10, 'min_samples_split': 2, 'min_samples_leaf': 2}. Best is trial 91 with value: 0.7059578966308309.
[I 2025-05-02 04:24:36,840] Trial 166 finished with value: 0.6968669875399217 and parameters: {'n_estimators': 136, 'max_depth': 10, 'min_samples_split': 3, 'min_samples_leaf': 2}. Best is trial 91 with value: 0.7059578966308309.
[I 2025-05-02 04:24:38,437] Trial 167 finished with value: 0.6739010028926773 and parameters: {'n_estimators': 141, 'max_depth': 7, 'min_samples_split': 2, 'min_samples_leaf': 2}. Best is trial 91 with value: 0.7059578966308309.
[I 2025-05-02 04:24:40,467] Trial 168 finished with value: 0.6915478386037515 and parameters: {'n_estimators': 133, 'max_depth': 10, 'min_samples_split': 4, 'min_samples_leaf': 2}. Best is trial 91 with value: 0.7059578966308309.
[I 2025-05-02 04:24:42,659] Trial 169 finished with value: 0.6998268184067294 and parameters: {'n_estimators': 142, 'max_depth': 10, 'min_samples_split': 2, 'min_samples_leaf': 2}. Best is trial 91 with value: 0.7059578966308309.
[I 2025-05-02 04:24:44,663] Trial 170 finished with value: 0.6505200078622005 and parameters: {'n_estimators': 145, 'max_depth': 10, 'min_samples_split': 9, 'min_samples_leaf': 2}. Best is trial 91 with value: 0.7059578966308309.
[I 2025-05-02 04:24:46,230] Trial 171 finished with value: 0.6968669875399217 and parameters: {'n_estimators': 138, 'max_depth': 10, 'min_samples_split': 2, 'min_samples_leaf': 2}. Best is trial 91 with value: 0.7059578966308309.
[I 2025-05-02 04:24:47,789] Trial 172 finished with value: 0.7059578966308309 and parameters: {'n_estimators': 141, 'max_depth': 10, 'min_samples_split': 2, 'min_samples_leaf': 2}. Best is trial 91 with value: 0.7059578966308309.
[I 2025-05-02 04:24:50,502] Trial 173 finished with value: 0.7059578966308309 and parameters: {'n_estimators': 141, 'max_depth': 10, 'min_samples_split': 2, 'min_samples_leaf': 2}. Best is trial 91 with value: 0.7059578966308309.
[I 2025-05-02 04:24:52,227] Trial 174 finished with value: 0.6968669875399217 and parameters: {'n_estimators': 136, 'max_depth': 10, 'min_samples_split': 2, 'min_samples_leaf': 2}. Best is trial 91 with value: 0.7059578966308309.
[I 2025-05-02 04:24:54,077] Trial 175 finished with value: 0.6968669875399217 and parameters: {'n_estimators': 140, 'max_depth': 10, 'min_samples_split': 2, 'min_samples_leaf': 2}. Best is trial 91 with value: 0.7059578966308309.
[I 2025-05-02 04:24:56,087] Trial 176 finished with value: 0.6998268184067294 and parameters: {'n_estimators': 142, 'max_depth': 10, 'min_samples_split': 2, 'min_samples_leaf': 2}. Best is trial 91 with value: 0.7059578966308309.
[I 2025-05-02 04:24:58,179] Trial 177 finished with value: 0.6915478386037515 and parameters: {'n_estimators': 133, 'max_depth': 10, 'min_samples_split': 3, 'min_samples_leaf': 2}. Best is trial 91 with value: 0.7059578966308309.
[I 2025-05-02 04:25:00,428] Trial 178 finished with value: 0.6968669875399217 and parameters: {'n_estimators': 145, 'max_depth': 10, 'min_samples_split': 2, 'min_samples_leaf': 2}. Best is trial 91 with value: 0.7059578966308309.
[I 2025-05-02 04:25:01,911] Trial 179 finished with value: 0.6968669875399217 and parameters: {'n_estimators': 138, 'max_depth': 10, 'min_samples_split': 3, 'min_samples_leaf': 2}. Best is trial 91 with value: 0.7059578966308309.
[I 2025-05-02 04:25:03,756] Trial 180 finished with value: 0.688588007736944 and parameters: {'n_estimators': 127, 'max_depth': 10, 'min_samples_split': 2, 'min_samples_leaf': 2}. Best is trial 91 with value: 0.7059578966308309.
[I 2025-05-02 04:25:05,384] Trial 181 finished with value: 0.6998268184067294 and parameters: {'n_estimators': 142, 'max_depth': 10, 'min_samples_split': 2, 'min_samples_leaf': 2}. Best is trial 91 with value: 0.7059578966308309.
[I 2025-05-02 04:25:07,635] Trial 182 finished with value: 0.7026020265473398 and parameters: {'n_estimators': 146, 'max_depth': 10, 'min_samples_split': 2, 'min_samples_leaf': 2}. Best is trial 91 with value: 0.7059578966308309.
[I 2025-05-02 04:25:10,194] Trial 183 finished with value: 0.6859974223225305 and parameters: {'n_estimators': 135, 'max_depth': 10, 'min_samples_split': 2, 'min_samples_leaf': 2}. Best is trial 91 with value: 0.7059578966308309.
[I 2025-05-02 04:25:12,483] Trial 184 finished with value: 0.6968669875399217 and parameters: {'n_estimators': 140, 'max_depth': 10, 'min_samples_split': 2, 'min_samples_leaf': 2}. Best is trial 91 with value: 0.7059578966308309.
[I 2025-05-02 04:25:14,881] Trial 185 finished with value: 0.6968669875399217 and parameters: {'n_estimators': 144, 'max_depth': 10, 'min_samples_split': 2, 'min_samples_leaf': 2}. Best is trial 91 with value: 0.7059578966308309.
[I 2025-05-02 04:25:18,720] Trial 186 finished with value: 0.6915478386037515 and parameters: {'n_estimators': 131, 'max_depth': 10, 'min_samples_split': 2, 'min_samples_leaf': 2}. Best is trial 91 with value: 0.7059578966308309.
[I 2025-05-02 04:25:21,812] Trial 187 finished with value: 0.6946464298775897 and parameters: {'n_estimators': 151, 'max_depth': 10, 'min_samples_split': 2, 'min_samples_leaf': 2}. Best is trial 91 with value: 0.7059578966308309.
[I 2025-05-02 04:25:23,597] Trial 188 finished with value: 0.6976084446643576 and parameters: {'n_estimators': 137, 'max_depth': 10, 'min_samples_split': 3, 'min_samples_leaf': 2}. Best is trial 91 with value: 0.7059578966308309.
[I 2025-05-02 04:25:25,270] Trial 189 finished with value: 0.6974216380182001 and parameters: {'n_estimators': 147, 'max_depth': 10, 'min_samples_split': 2, 'min_samples_leaf': 2}. Best is trial 91 with value: 0.7059578966308309.
[I 2025-05-02 04:25:26,650] Trial 190 finished with value: 0.7059578966308309 and parameters: {'n_estimators': 141, 'max_depth': 10, 'min_samples_split': 3, 'min_samples_leaf': 2}. Best is trial 91 with value: 0.7059578966308309.
[I 2025-05-02 04:25:28,652] Trial 191 finished with value: 0.7059578966308309 and parameters: {'n_estimators': 141, 'max_depth': 10, 'min_samples_split': 3, 'min_samples_leaf': 2}. Best is trial 91 with value: 0.7059578966308309.
[I 2025-05-02 04:25:30,424] Trial 192 finished with value: 0.7059578966308309 and parameters: {'n_estimators': 141, 'max_depth': 10, 'min_samples_split': 3, 'min_samples_leaf': 2}. Best is trial 91 with value: 0.7059578966308309.
[I 2025-05-02 04:25:32,061] Trial 193 finished with value: 0.7059578966308309 and parameters: {'n_estimators': 139, 'max_depth': 10, 'min_samples_split': 3, 'min_samples_leaf': 2}. Best is trial 91 with value: 0.7059578966308309.
[I 2025-05-02 04:25:33,583] Trial 194 finished with value: 0.7059578966308309 and parameters: {'n_estimators': 139, 'max_depth': 10, 'min_samples_split': 3, 'min_samples_leaf': 2}. Best is trial 91 with value: 0.7059578966308309.
[I 2025-05-02 04:25:35,129] Trial 195 finished with value: 0.6859974223225305 and parameters: {'n_estimators': 135, 'max_depth': 10, 'min_samples_split': 3, 'min_samples_leaf': 2}. Best is trial 91 with value: 0.7059578966308309.
[I 2025-05-02 04:25:36,481] Trial 196 finished with value: 0.7059578966308309 and parameters: {'n_estimators': 139, 'max_depth': 10, 'min_samples_split': 3, 'min_samples_leaf': 2}. Best is trial 91 with value: 0.7059578966308309.
[I 2025-05-02 04:25:37,880] Trial 197 finished with value: 0.7059578966308309 and parameters: {'n_estimators': 141, 'max_depth': 10, 'min_samples_split': 3, 'min_samples_leaf': 2}. Best is trial 91 with value: 0.7059578966308309.
[I 2025-05-02 04:25:39,579] Trial 198 finished with value: 0.6976084446643576 and parameters: {'n_estimators': 137, 'max_depth': 10, 'min_samples_split': 3, 'min_samples_leaf': 2}. Best is trial 91 with value: 0.7059578966308309.
[I 2025-05-02 04:25:41,005] Trial 199 finished with value: 0.6517166576345201 and parameters: {'n_estimators': 132, 'max_depth': 10, 'min_samples_split': 3, 'min_samples_leaf': 4}. Best is trial 91 with value: 0.7059578966308309.
[I 2025-05-02 04:25:42,721] Trial 200 finished with value: 0.6998268184067294 and parameters: {'n_estimators': 142, 'max_depth': 10, 'min_samples_split': 3, 'min_samples_leaf': 2}. Best is trial 91 with value: 0.7059578966308309.
[I 2025-05-02 04:25:45,483] Trial 201 finished with value: 0.7059578966308309 and parameters: {'n_estimators': 139, 'max_depth': 10, 'min_samples_split': 3, 'min_samples_leaf': 2}. Best is trial 91 with value: 0.7059578966308309.
[I 2025-05-02 04:25:46,837] Trial 202 finished with value: 0.7059578966308309 and parameters: {'n_estimators': 139, 'max_depth': 10, 'min_samples_split': 3, 'min_samples_leaf': 2}. Best is trial 91 with value: 0.7059578966308309.
[I 2025-05-02 04:25:48,221] Trial 203 finished with value: 0.6859974223225305 and parameters: {'n_estimators': 135, 'max_depth': 10, 'min_samples_split': 3, 'min_samples_leaf': 2}. Best is trial 91 with value: 0.7059578966308309.
[I 2025-05-02 04:25:49,911] Trial 204 finished with value: 0.6968669875399217 and parameters: {'n_estimators': 143, 'max_depth': 10, 'min_samples_split': 3, 'min_samples_leaf': 2}. Best is trial 91 with value: 0.7059578966308309.
[I 2025-05-02 04:25:51,767] Trial 205 finished with value: 0.6968669875399217 and parameters: {'n_estimators': 138, 'max_depth': 10, 'min_samples_split': 3, 'min_samples_leaf': 2}. Best is trial 91 with value: 0.7059578966308309.
[I 2025-05-02 04:25:53,230] Trial 206 finished with value: 0.6968669875399217 and parameters: {'n_estimators': 140, 'max_depth': 10, 'min_samples_split': 3, 'min_samples_leaf': 2}. Best is trial 91 with value: 0.7059578966308309.
[I 2025-05-02 04:25:54,711] Trial 207 finished with value: 0.6148269301757674 and parameters: {'n_estimators': 135, 'max_depth': 4, 'min_samples_split': 4, 'min_samples_leaf': 2}. Best is trial 91 with value: 0.7059578966308309.
[I 2025-05-02 04:25:56,169] Trial 208 finished with value: 0.6968669875399217 and parameters: {'n_estimators': 143, 'max_depth': 10, 'min_samples_split': 3, 'min_samples_leaf': 2}. Best is trial 91 with value: 0.7059578966308309.
[I 2025-05-02 04:25:57,494] Trial 209 finished with value: 0.6915478386037515 and parameters: {'n_estimators': 130, 'max_depth': 10, 'min_samples_split': 3, 'min_samples_leaf': 2}. Best is trial 91 with value: 0.7059578966308309.
[I 2025-05-02 04:25:59,248] Trial 210 finished with value: 0.6915478386037515 and parameters: {'n_estimators': 133, 'max_depth': 10, 'min_samples_split': 3, 'min_samples_leaf': 2}. Best is trial 91 with value: 0.7059578966308309.
