[I 2025-05-02 04:20:18,064] Trial 20 finished with value: 0.6321021255988826 and parameters: {'n_estimators': 102, 'max_depth': 7, 'min_samples_split': 4, 'min_samples_leaf': 4}. Best is trial 16 with value: 0.6808170337933908.
[I 2025-05-02 04:20:19,730] Trial 21 finished with value: 0.6605844756538558 and parameters: {'n_estimators': 56, 'max_depth': 8, 'min_samples_split': 5, 'min_samples_leaf': 3}. Best is trial 16 with value: 0.6808170337933908.
[I 2025-05-02 04:20:22,110] Trial 22 finished with value: 0.6599446131821409 and parameters: {'n_estimators': 73, 'max_depth': 9, 'min_samples_split': 5, 'min_samples_leaf': 2}. Best is trial 16 with value: 0.6808170337933908.
[I 2025-05-02 04:20:23,740] Trial 23 finished with value: 0.6617372023522606 and parameters: {'n_estimators': 52, 'max_depth': 8, 'min_samples_split': 3, 'min_samples_leaf': 3}. Best is trial 16 with value: 0.6808170337933908.
[I 2025-05-02 04:20:25,260] Trial 24 finished with value: 0.6520902656494163 and parameters: {'n_estimators': 62, 'max_depth': 7, 'min_samples_split': 3, 'min_samples_leaf': 1}. Best is trial 16 with value: 0.6808170337933908.
[I 2025-05-02 04:20:26,935] Trial 25 finished with value: 0.6386885465955234 and parameters: {'n_estimators': 90, 'max_depth': 5, 'min_samples_split': 5, 'min_samples_leaf': 2}. Best is trial 16 with value: 0.6808170337933908.
[I 2025-05-02 04:20:28,848] Trial 26 finished with value: 0.6397647413743621 and parameters: {'n_estimators': 78, 'max_depth': 9, 'min_samples_split': 6, 'min_samples_leaf': 4}. Best is trial 16 with value: 0.6808170337933908.
[I 2025-05-02 04:20:33,866] Trial 27 finished with value: 0.6692662398352651 and parameters: {'n_estimators': 109, 'max_depth': 8, 'min_samples_split': 8, 'min_samples_leaf': 3}. Best is trial 16 with value: 0.6808170337933908.
[I 2025-05-02 04:20:39,005] Trial 28 finished with value: 0.6516396523373267 and parameters: {'n_estimators': 141, 'max_depth': 9, 'min_samples_split': 9, 'min_samples_leaf': 2}. Best is trial 16 with value: 0.6808170337933908.
[I 2025-05-02 04:20:41,988] Trial 29 finished with value: 0.6514641430920501 and parameters: {'n_estimators': 113, 'max_depth': 5, 'min_samples_split': 8, 'min_samples_leaf': 3}. Best is trial 16 with value: 0.6808170337933908.
[I 2025-05-02 04:20:46,565] Trial 30 finished with value: 0.6538490495012234 and parameters: {'n_estimators': 186, 'max_depth': 7, 'min_samples_split': 8, 'min_samples_leaf': 1}. Best is trial 16 with value: 0.6808170337933908.
[I 2025-05-02 04:20:49,145] Trial 31 finished with value: 0.6484406119815971 and parameters: {'n_estimators': 96, 'max_depth': 8, 'min_samples_split': 10, 'min_samples_leaf': 3}. Best is trial 16 with value: 0.6808170337933908.
[I 2025-05-02 04:20:51,880] Trial 32 finished with value: 0.6546640316205534 and parameters: {'n_estimators': 59, 'max_depth': 8, 'min_samples_split': 4, 'min_samples_leaf': 3}. Best is trial 16 with value: 0.6808170337933908.
[I 2025-05-02 04:20:54,184] Trial 33 finished with value: 0.6764638293960842 and parameters: {'n_estimators': 107, 'max_depth': 9, 'min_samples_split': 2, 'min_samples_leaf': 2}. Best is trial 16 with value: 0.6808170337933908.
[I 2025-05-02 04:20:56,350] Trial 34 finished with value: 0.6823842734293867 and parameters: {'n_estimators': 108, 'max_depth': 9, 'min_samples_split': 2, 'min_samples_leaf': 2}. Best is trial 34 with value: 0.6823842734293867.
[I 2025-05-02 04:20:58,991] Trial 35 finished with value: 0.6770651244932164 and parameters: {'n_estimators': 133, 'max_depth': 9, 'min_samples_split': 2, 'min_samples_leaf': 2}. Best is trial 34 with value: 0.6823842734293867.
[I 2025-05-02 04:21:01,134] Trial 36 finished with value: 0.6770292666452501 and parameters: {'n_estimators': 137, 'max_depth': 10, 'min_samples_split': 2, 'min_samples_leaf': 1}. Best is trial 34 with value: 0.6823842734293867.
[I 2025-05-02 04:21:02,841] Trial 37 finished with value: 0.6654474914464535 and parameters: {'n_estimators': 138, 'max_depth': 10, 'min_samples_split': 2, 'min_samples_leaf': 1}. Best is trial 34 with value: 0.6823842734293867.
[I 2025-05-02 04:21:04,363] Trial 38 finished with value: 0.6885543417915876 and parameters: {'n_estimators': 166, 'max_depth': 10, 'min_samples_split': 3, 'min_samples_leaf': 1}. Best is trial 38 with value: 0.6885543417915876.
[I 2025-05-02 04:21:05,890] Trial 39 finished with value: 0.6853120815793139 and parameters: {'n_estimators': 165, 'max_depth': 9, 'min_samples_split': 3, 'min_samples_leaf': 1}. Best is trial 38 with value: 0.6885543417915876.
[I 2025-05-02 04:21:07,468] Trial 40 finished with value: 0.6885543417915876 and parameters: {'n_estimators': 170, 'max_depth': 10, 'min_samples_split': 3, 'min_samples_leaf': 1}. Best is trial 38 with value: 0.6885543417915876.
[I 2025-05-02 04:21:09,029] Trial 41 finished with value: 0.6885543417915876 and parameters: {'n_estimators': 170, 'max_depth': 10, 'min_samples_split': 3, 'min_samples_leaf': 1}. Best is trial 38 with value: 0.6885543417915876.
[I 2025-05-02 04:21:10,584] Trial 42 finished with value: 0.6885543417915876 and parameters: {'n_estimators': 173, 'max_depth': 10, 'min_samples_split': 3, 'min_samples_leaf': 1}. Best is trial 38 with value: 0.6885543417915876.
[I 2025-05-02 04:21:12,384] Trial 43 finished with value: 0.6885543417915876 and parameters: {'n_estimators': 171, 'max_depth': 10, 'min_samples_split': 3, 'min_samples_leaf': 1}. Best is trial 38 with value: 0.6885543417915876.
[I 2025-05-02 04:21:14,105] Trial 44 finished with value: 0.6885543417915876 and parameters: {'n_estimators': 173, 'max_depth': 10, 'min_samples_split': 3, 'min_samples_leaf': 1}. Best is trial 38 with value: 0.6885543417915876.
[I 2025-05-02 04:21:16,029] Trial 45 finished with value: 0.6934523009752611 and parameters: {'n_estimators': 183, 'max_depth': 10, 'min_samples_split': 3, 'min_samples_leaf': 1}. Best is trial 45 with value: 0.6934523009752611.
[I 2025-05-02 04:21:17,589] Trial 46 finished with value: 0.6904924701084536 and parameters: {'n_estimators': 153, 'max_depth': 10, 'min_samples_split': 3, 'min_samples_leaf': 1}. Best is trial 45 with value: 0.6934523009752611.
[I 2025-05-02 04:21:18,930] Trial 47 finished with value: 0.590915750915751 and parameters: {'n_estimators': 152, 'max_depth': 2, 'min_samples_split': 4, 'min_samples_leaf': 1}. Best is trial 45 with value: 0.6934523009752611.
[I 2025-05-02 04:21:20,824] Trial 48 finished with value: 0.6885543417915876 and parameters: {'n_estimators': 185, 'max_depth': 10, 'min_samples_split': 3, 'min_samples_leaf': 1}. Best is trial 45 with value: 0.6934523009752611.
[I 2025-05-02 04:21:22,715] Trial 49 finished with value: 0.6885543417915876 and parameters: {'n_estimators': 185, 'max_depth': 10, 'min_samples_split': 3, 'min_samples_leaf': 1}. Best is trial 45 with value: 0.6934523009752611.
[I 2025-05-02 04:21:24,537] Trial 50 finished with value: 0.6725200673441913 and parameters: {'n_estimators': 197, 'max_depth': 10, 'min_samples_split': 4, 'min_samples_leaf': 1}. Best is trial 45 with value: 0.6934523009752611.
[I 2025-05-02 04:21:26,218] Trial 51 finished with value: 0.6904924701084536 and parameters: {'n_estimators': 155, 'max_depth': 10, 'min_samples_split': 3, 'min_samples_leaf': 1}. Best is trial 45 with value: 0.6934523009752611.
[I 2025-05-02 04:21:27,854] Trial 52 finished with value: 0.6602671029173138 and parameters: {'n_estimators': 152, 'max_depth': 10, 'min_samples_split': 4, 'min_samples_leaf': 1}. Best is trial 45 with value: 0.6934523009752611.
[I 2025-05-02 04:21:29,291] Trial 53 finished with value: 0.6155572334642102 and parameters: {'n_estimators': 161, 'max_depth': 3, 'min_samples_split': 2, 'min_samples_leaf': 1}. Best is trial 45 with value: 0.6934523009752611.
[I 2025-05-02 04:21:30,967] Trial 54 finished with value: 0.6834192993767463 and parameters: {'n_estimators': 151, 'max_depth': 10, 'min_samples_split': 3, 'min_samples_leaf': 1}. Best is trial 45 with value: 0.6934523009752611.
[I 2025-05-02 04:21:32,779] Trial 55 finished with value: 0.660979312898719 and parameters: {'n_estimators': 178, 'max_depth': 10, 'min_samples_split': 4, 'min_samples_leaf': 1}. Best is trial 45 with value: 0.6934523009752611.
[I 2025-05-02 04:21:34,330] Trial 56 finished with value: 0.6853120815793139 and parameters: {'n_estimators': 166, 'max_depth': 9, 'min_samples_split': 3, 'min_samples_leaf': 1}. Best is trial 45 with value: 0.6934523009752611.
[I 2025-05-02 04:21:36,025] Trial 57 finished with value: 0.6766746567161721 and parameters: {'n_estimators': 159, 'max_depth': 10, 'min_samples_split': 2, 'min_samples_leaf': 1}. Best is trial 45 with value: 0.6934523009752611.
[I 2025-05-02 04:21:38,082] Trial 58 finished with value: 0.6699929326431435 and parameters: {'n_estimators': 193, 'max_depth': 9, 'min_samples_split': 5, 'min_samples_leaf': 1}. Best is trial 45 with value: 0.6934523009752611.
[I 2025-05-02 04:21:39,581] Trial 59 finished with value: 0.6863791302435539 and parameters: {'n_estimators': 147, 'max_depth': 10, 'min_samples_split': 3, 'min_samples_leaf': 1}. Best is trial 45 with value: 0.6934523009752611.
[I 2025-05-02 04:21:41,790] Trial 60 finished with value: 0.6770651244932164 and parameters: {'n_estimators': 178, 'max_depth': 9, 'min_samples_split': 4, 'min_samples_leaf': 2}. Best is trial 45 with value: 0.6934523009752611.
[I 2025-05-02 04:21:43,513] Trial 61 finished with value: 0.6885543417915876 and parameters: {'n_estimators': 170, 'max_depth': 10, 'min_samples_split': 3, 'min_samples_leaf': 1}. Best is trial 45 with value: 0.6934523009752611.
[I 2025-05-02 04:21:45,543] Trial 62 finished with value: 0.6885543417915876 and parameters: {'n_estimators': 179, 'max_depth': 10, 'min_samples_split': 3, 'min_samples_leaf': 1}. Best is trial 45 with value: 0.6934523009752611.
[I 2025-05-02 04:21:47,246] Trial 63 finished with value: 0.6804141223956404 and parameters: {'n_estimators': 156, 'max_depth': 9, 'min_samples_split': 3, 'min_samples_leaf': 1}. Best is trial 45 with value: 0.6934523009752611.
[I 2025-05-02 04:21:49,016] Trial 64 finished with value: 0.6858490277819259 and parameters: {'n_estimators': 192, 'max_depth': 10, 'min_samples_split': 3, 'min_samples_leaf': 1}. Best is trial 45 with value: 0.6934523009752611.
[I 2025-05-02 04:21:52,572] Trial 65 finished with value: 0.678133152039091 and parameters: {'n_estimators': 174, 'max_depth': 10, 'min_samples_split': 2, 'min_samples_leaf': 1}. Best is trial 45 with value: 0.6934523009752611.
[I 2025-05-02 04:21:54,920] Trial 66 finished with value: 0.6296107981446707 and parameters: {'n_estimators': 166, 'max_depth': 9, 'min_samples_split': 4, 'min_samples_leaf': 5}. Best is trial 45 with value: 0.6934523009752611.
[I 2025-05-02 04:21:57,651] Trial 67 finished with value: 0.6732660822577566 and parameters: {'n_estimators': 162, 'max_depth': 9, 'min_samples_split': 4, 'min_samples_leaf': 1}. Best is trial 45 with value: 0.6934523009752611.
[I 2025-05-02 04:22:00,043] Trial 68 finished with value: 0.6916865990107821 and parameters: {'n_estimators': 156, 'max_depth': 10, 'min_samples_split': 3, 'min_samples_leaf': 2}. Best is trial 45 with value: 0.6934523009752611.
[I 2025-05-02 04:22:02,804] Trial 69 finished with value: 0.6916865990107821 and parameters: {'n_estimators': 155, 'max_depth': 10, 'min_samples_split': 2, 'min_samples_leaf': 2}. Best is trial 45 with value: 0.6934523009752611.
[I 2025-05-02 04:22:04,998] Trial 70 finished with value: 0.6734978379192393 and parameters: {'n_estimators': 146, 'max_depth': 9, 'min_samples_split': 2, 'min_samples_leaf': 2}. Best is trial 45 with value: 0.6934523009752611.
[I 2025-05-02 04:22:07,123] Trial 71 finished with value: 0.6916865990107821 and parameters: {'n_estimators': 154, 'max_depth': 10, 'min_samples_split': 2, 'min_samples_leaf': 2}. Best is trial 45 with value: 0.6934523009752611.
[I 2025-05-02 04:22:08,513] Trial 72 finished with value: 0.688588007736944 and parameters: {'n_estimators': 125, 'max_depth': 10, 'min_samples_split': 2, 'min_samples_leaf': 2}. Best is trial 45 with value: 0.6934523009752611.
[I 2025-05-02 04:22:09,821] Trial 73 finished with value: 0.6915478386037515 and parameters: {'n_estimators': 131, 'max_depth': 10, 'min_samples_split': 2, 'min_samples_leaf': 2}. Best is trial 45 with value: 0.6934523009752611.
[I 2025-05-02 04:22:11,122] Trial 74 finished with value: 0.6915478386037516 and parameters: {'n_estimators': 121, 'max_depth': 10, 'min_samples_split': 2, 'min_samples_leaf': 2}. Best is trial 45 with value: 0.6934523009752611.
[I 2025-05-02 04:22:12,453] Trial 75 finished with value: 0.6607664686734455 and parameters: {'n_estimators': 121, 'max_depth': 5, 'min_samples_split': 2, 'min_samples_leaf': 2}. Best is trial 45 with value: 0.6934523009752611.
[I 2025-05-02 04:22:13,693] Trial 76 finished with value: 0.6770651244932164 and parameters: {'n_estimators': 132, 'max_depth': 9, 'min_samples_split': 2, 'min_samples_leaf': 2}. Best is trial 45 with value: 0.6934523009752611.
[I 2025-05-02 04:22:15,174] Trial 77 finished with value: 0.6916865990107821 and parameters: {'n_estimators': 156, 'max_depth': 10, 'min_samples_split': 2, 'min_samples_leaf': 2}. Best is trial 45 with value: 0.6934523009752611.
[I 2025-05-02 04:22:16,587] Trial 78 finished with value: 0.6770651244932164 and parameters: {'n_estimators': 131, 'max_depth': 9, 'min_samples_split': 2, 'min_samples_leaf': 2}. Best is trial 45 with value: 0.6934523009752611.
[I 2025-05-02 04:22:18,147] Trial 79 finished with value: 0.6998268184067294 and parameters: {'n_estimators': 142, 'max_depth': 10, 'min_samples_split': 2, 'min_samples_leaf': 2}. Best is trial 79 with value: 0.6998268184067294.
[I 2025-05-02 04:22:19,667] Trial 80 finished with value: 0.6968669875399217 and parameters: {'n_estimators': 145, 'max_depth': 10, 'min_samples_split': 2, 'min_samples_leaf': 2}. Best is trial 79 with value: 0.6998268184067294.
[I 2025-05-02 04:22:21,429] Trial 81 finished with value: 0.6998268184067294 and parameters: {'n_estimators': 142, 'max_depth': 10, 'min_samples_split': 2, 'min_samples_leaf': 2}. Best is trial 79 with value: 0.6998268184067294.
[I 2025-05-02 04:22:22,970] Trial 82 finished with value: 0.6968669875399217 and parameters: {'n_estimators': 143, 'max_depth': 10, 'min_samples_split': 2, 'min_samples_leaf': 2}. Best is trial 79 with value: 0.6998268184067294.
[I 2025-05-02 04:22:24,293] Trial 83 finished with value: 0.6968669875399217 and parameters: {'n_estimators': 143, 'max_depth': 10, 'min_samples_split': 2, 'min_samples_leaf': 2}. Best is trial 79 with value: 0.6998268184067294.
[I 2025-05-02 04:22:25,666] Trial 84 finished with value: 0.6734978379192393 and parameters: {'n_estimators': 140, 'max_depth': 9, 'min_samples_split': 2, 'min_samples_leaf': 2}. Best is trial 79 with value: 0.6998268184067294.
[I 2025-05-02 04:22:27,301] Trial 85 finished with value: 0.6839260277904513 and parameters: {'n_estimators': 145, 'max_depth': 10, 'min_samples_split': 2, 'min_samples_leaf': 3}. Best is trial 79 with value: 0.6998268184067294.
[I 2025-05-02 04:22:28,682] Trial 86 finished with value: 0.6968669875399217 and parameters: {'n_estimators': 136, 'max_depth': 10, 'min_samples_split': 2, 'min_samples_leaf': 2}. Best is trial 79 with value: 0.6998268184067294.
[I 2025-05-02 04:22:30,954] Trial 87 finished with value: 0.6692314448836187 and parameters: {'n_estimators': 135, 'max_depth': 6, 'min_samples_split': 2, 'min_samples_leaf': 2}. Best is trial 79 with value: 0.6998268184067294.
[I 2025-05-02 04:22:33,755] Trial 88 finished with value: 0.6786068788542812 and parameters: {'n_estimators': 142, 'max_depth': 10, 'min_samples_split': 6, 'min_samples_leaf': 3}. Best is trial 79 with value: 0.6998268184067294.
[I 2025-05-02 04:22:35,832] Trial 89 finished with value: 0.673601921030013 and parameters: {'n_estimators': 149, 'max_depth': 9, 'min_samples_split': 2, 'min_samples_leaf': 2}. Best is trial 79 with value: 0.6998268184067294.
[I 2025-05-02 04:22:38,564] Trial 90 finished with value: 0.6968669875399217 and parameters: {'n_estimators': 143, 'max_depth': 10, 'min_samples_split': 2, 'min_samples_leaf': 2}. Best is trial 79 with value: 0.6998268184067294.
[I 2025-05-02 04:22:40,187] Trial 91 finished with value: 0.7059578966308309 and parameters: {'n_estimators': 139, 'max_depth': 10, 'min_samples_split': 2, 'min_samples_leaf': 2}. Best is trial 91 with value: 0.7059578966308309.
[I 2025-05-02 04:22:42,024] Trial 92 finished with value: 0.7059578966308309 and parameters: {'n_estimators': 139, 'max_depth': 10, 'min_samples_split': 2, 'min_samples_leaf': 2}. Best is trial 91 with value: 0.7059578966308309.
[I 2025-05-02 04:22:43,336] Trial 93 finished with value: 0.6945076694705592 and parameters: {'n_estimators': 128, 'max_depth': 10, 'min_samples_split': 2, 'min_samples_leaf': 2}. Best is trial 91 with value: 0.7059578966308309.
[I 2025-05-02 04:22:44,757] Trial 94 finished with value: 0.6968669875399217 and parameters: {'n_estimators': 138, 'max_depth': 10, 'min_samples_split': 2, 'min_samples_leaf': 2}. Best is trial 91 with value: 0.7059578966308309.
[I 2025-05-02 04:22:46,164] Trial 95 finished with value: 0.6976084446643576 and parameters: {'n_estimators': 137, 'max_depth': 10, 'min_samples_split': 2, 'min_samples_leaf': 2}. Best is trial 91 with value: 0.7059578966308309.
[I 2025-05-02 04:22:47,825] Trial 96 finished with value: 0.6707226297786287 and parameters: {'n_estimators': 144, 'max_depth': 9, 'min_samples_split': 2, 'min_samples_leaf': 2}. Best is trial 91 with value: 0.7059578966308309.
[I 2025-05-02 04:22:49,161] Trial 97 finished with value: 0.6968669875399217 and parameters: {'n_estimators': 140, 'max_depth': 10, 'min_samples_split': 2, 'min_samples_leaf': 2}. Best is trial 91 with value: 0.7059578966308309.
[I 2025-05-02 04:22:50,463] Trial 98 finished with value: 0.6859974223225305 and parameters: {'n_estimators': 135, 'max_depth': 10, 'min_samples_split': 2, 'min_samples_leaf': 2}. Best is trial 91 with value: 0.7059578966308309.
[I 2025-05-02 04:22:52,094] Trial 99 finished with value: 0.6757059399425426 and parameters: {'n_estimators': 126, 'max_depth': 9, 'min_samples_split': 7, 'min_samples_leaf': 2}. Best is trial 91 with value: 0.7059578966308309.
[I 2025-05-02 04:22:53,649] Trial 100 finished with value: 0.7026020265473398 and parameters: {'n_estimators': 150, 'max_depth': 10, 'min_samples_split': 2, 'min_samples_leaf': 2}. Best is trial 91 with value: 0.7059578966308309.
[I 2025-05-02 04:22:55,181] Trial 101 finished with value: 0.6998268184067294 and parameters: {'n_estimators': 142, 'max_depth': 10, 'min_samples_split': 2, 'min_samples_leaf': 2}. Best is trial 91 with value: 0.7059578966308309.
[I 2025-05-02 04:22:56,869] Trial 102 finished with value: 0.7026020265473398 and parameters: {'n_estimators': 148, 'max_depth': 10, 'min_samples_split': 2, 'min_samples_leaf': 2}. Best is trial 91 with value: 0.7059578966308309.
[I 2025-05-02 04:22:58,532] Trial 103 finished with value: 0.7026020265473398 and parameters: {'n_estimators': 149, 'max_depth': 10, 'min_samples_split': 2, 'min_samples_leaf': 2}. Best is trial 91 with value: 0.7059578966308309.
[I 2025-05-02 04:23:00,286] Trial 104 finished with value: 0.7026020265473398 and parameters: {'n_estimators': 149, 'max_depth': 10, 'min_samples_split': 2, 'min_samples_leaf': 2}. Best is trial 91 with value: 0.7059578966308309.
[I 2025-05-02 04:23:02,443] Trial 105 finished with value: 0.7026020265473398 and parameters: {'n_estimators': 149, 'max_depth': 10, 'min_samples_split': 2, 'min_samples_leaf': 2}. Best is trial 91 with value: 0.7059578966308309.
[I 2025-05-02 04:23:03,831] Trial 106 finished with value: 0.6102731635289775 and parameters: {'n_estimators': 149, 'max_depth': 3, 'min_samples_split': 2, 'min_samples_leaf': 3}. Best is trial 91 with value: 0.7059578966308309.
[I 2025-05-02 04:23:05,371] Trial 107 finished with value: 0.7026020265473398 and parameters: {'n_estimators': 148, 'max_depth': 10, 'min_samples_split': 2, 'min_samples_leaf': 2}. Best is trial 91 with value: 0.7059578966308309.
[I 2025-05-02 04:23:08,198] Trial 108 finished with value: 0.7026020265473398 and parameters: {'n_estimators': 149, 'max_depth': 10, 'min_samples_split': 2, 'min_samples_leaf': 2}. Best is trial 91 with value: 0.7059578966308309.
[I 2025-05-02 04:23:09,646] Trial 109 finished with value: 0.6789210699661832 and parameters: {'n_estimators': 150, 'max_depth': 9, 'min_samples_split': 2, 'min_samples_leaf': 2}. Best is trial 91 with value: 0.7059578966308309.
[I 2025-05-02 04:23:11,225] Trial 110 finished with value: 0.6863674500746119 and parameters: {'n_estimators': 160, 'max_depth': 10, 'min_samples_split': 2, 'min_samples_leaf': 2}. Best is trial 91 with value: 0.7059578966308309.
[I 2025-05-02 04:23:12,969] Trial 111 finished with value: 0.7026020265473398 and parameters: {'n_estimators': 149, 'max_depth': 10, 'min_samples_split': 2, 'min_samples_leaf': 2}. Best is trial 91 with value: 0.7059578966308309.
[I 2025-05-02 04:23:14,412] Trial 112 finished with value: 0.7026020265473398 and parameters: {'n_estimators': 148, 'max_depth': 10, 'min_samples_split': 2, 'min_samples_leaf': 2}. Best is trial 91 with value: 0.7059578966308309.
[I 2025-05-02 04:23:15,828] Trial 113 finished with value: 0.7026020265473398 and parameters: {'n_estimators': 148, 'max_depth': 10, 'min_samples_split': 2, 'min_samples_leaf': 2}. Best is trial 91 with value: 0.7059578966308309.
[I 2025-05-02 04:23:17,424] Trial 114 finished with value: 0.6974216380182001 and parameters: {'n_estimators': 147, 'max_depth': 10, 'min_samples_split': 2, 'min_samples_leaf': 2}. Best is trial 91 with value: 0.7059578966308309.
[I 2025-05-02 04:23:18,928] Trial 115 finished with value: 0.7026020265473398 and parameters: {'n_estimators': 148, 'max_depth': 10, 'min_samples_split': 3, 'min_samples_leaf': 2}. Best is trial 91 with value: 0.7059578966308309.
