[I 2025-05-02 04:10:26,349] Trial 74 finished with value: 0.6856794547520189 and parameters: {'n_estimators': 146, 'max_depth': 9, 'min_samples_split': 5, 'min_samples_leaf': 1}. Best is trial 73 with value: 0.6880387728213815.
[I 2025-05-02 04:10:29,905] Trial 75 finished with value: 0.685008265523938 and parameters: {'n_estimators': 138, 'max_depth': 10, 'min_samples_split': 5, 'min_samples_leaf': 1}. Best is trial 73 with value: 0.6880387728213815.
[I 2025-05-02 04:10:32,839] Trial 76 finished with value: 0.6788904181363737 and parameters: {'n_estimators': 148, 'max_depth': 8, 'min_samples_split': 5, 'min_samples_leaf': 1}. Best is trial 73 with value: 0.6880387728213815.
[I 2025-05-02 04:10:36,608] Trial 77 finished with value: 0.6128994261552402 and parameters: {'n_estimators': 143, 'max_depth': 3, 'min_samples_split': 6, 'min_samples_leaf': 2}. Best is trial 73 with value: 0.6880387728213815.
[I 2025-05-02 04:10:39,451] Trial 78 finished with value: 0.6478643578643578 and parameters: {'n_estimators': 153, 'max_depth': 10, 'min_samples_split': 5, 'min_samples_leaf': 4}. Best is trial 73 with value: 0.6880387728213815.
[I 2025-05-02 04:10:43,437] Trial 79 finished with value: 0.6748686225992695 and parameters: {'n_estimators': 131, 'max_depth': 9, 'min_samples_split': 6, 'min_samples_leaf': 1}. Best is trial 73 with value: 0.6880387728213815.
[I 2025-05-02 04:10:47,263] Trial 80 finished with value: 0.6723226049313006 and parameters: {'n_estimators': 160, 'max_depth': 10, 'min_samples_split': 4, 'min_samples_leaf': 1}. Best is trial 73 with value: 0.6880387728213815.
[I 2025-05-02 04:10:51,203] Trial 81 finished with value: 0.6856794547520189 and parameters: {'n_estimators': 144, 'max_depth': 9, 'min_samples_split': 5, 'min_samples_leaf': 1}. Best is trial 73 with value: 0.6880387728213815.
[I 2025-05-02 04:10:54,206] Trial 82 finished with value: 0.6856794547520189 and parameters: {'n_estimators': 138, 'max_depth': 9, 'min_samples_split': 5, 'min_samples_leaf': 1}. Best is trial 73 with value: 0.6880387728213815.
[I 2025-05-02 04:10:56,704] Trial 83 finished with value: 0.6757059399425426 and parameters: {'n_estimators': 147, 'max_depth': 10, 'min_samples_split': 6, 'min_samples_leaf': 1}. Best is trial 73 with value: 0.6880387728213815.
[I 2025-05-02 04:10:59,136] Trial 84 finished with value: 0.6655862518534841 and parameters: {'n_estimators': 111, 'max_depth': 9, 'min_samples_split': 4, 'min_samples_leaf': 1}. Best is trial 73 with value: 0.6880387728213815.
[I 2025-05-02 04:11:02,271] Trial 85 finished with value: 0.6786068788542812 and parameters: {'n_estimators': 136, 'max_depth': 8, 'min_samples_split': 6, 'min_samples_leaf': 1}. Best is trial 73 with value: 0.6880387728213815.
[I 2025-05-02 04:11:05,538] Trial 86 finished with value: 0.6734264903251415 and parameters: {'n_estimators': 129, 'max_depth': 10, 'min_samples_split': 5, 'min_samples_leaf': 1}. Best is trial 73 with value: 0.6880387728213815.
[I 2025-05-02 04:11:08,995] Trial 87 finished with value: 0.6584631927531482 and parameters: {'n_estimators': 150, 'max_depth': 6, 'min_samples_split': 5, 'min_samples_leaf': 1}. Best is trial 73 with value: 0.6880387728213815.
[I 2025-05-02 04:11:11,978] Trial 88 finished with value: 0.6819096742500997 and parameters: {'n_estimators': 156, 'max_depth': 10, 'min_samples_split': 6, 'min_samples_leaf': 3}. Best is trial 73 with value: 0.6880387728213815.
[I 2025-05-02 04:11:14,141] Trial 89 finished with value: 0.6689695868647261 and parameters: {'n_estimators': 124, 'max_depth': 9, 'min_samples_split': 4, 'min_samples_leaf': 1}. Best is trial 73 with value: 0.6880387728213815.
[I 2025-05-02 04:11:16,236] Trial 90 finished with value: 0.6690931367823996 and parameters: {'n_estimators': 141, 'max_depth': 10, 'min_samples_split': 5, 'min_samples_leaf': 3}. Best is trial 73 with value: 0.6880387728213815.
[I 2025-05-02 04:11:18,289] Trial 91 finished with value: 0.6856794547520189 and parameters: {'n_estimators': 145, 'max_depth': 9, 'min_samples_split': 5, 'min_samples_leaf': 1}. Best is trial 73 with value: 0.6880387728213815.
[I 2025-05-02 04:11:22,352] Trial 92 finished with value: 0.6856794547520189 and parameters: {'n_estimators': 145, 'max_depth': 9, 'min_samples_split': 5, 'min_samples_leaf': 1}. Best is trial 73 with value: 0.6880387728213815.
[I 2025-05-02 04:11:24,892] Trial 93 finished with value: 0.6786068788542812 and parameters: {'n_estimators': 152, 'max_depth': 8, 'min_samples_split': 6, 'min_samples_leaf': 1}. Best is trial 73 with value: 0.6880387728213815.
[I 2025-05-02 04:11:26,823] Trial 94 finished with value: 0.6782719124461215 and parameters: {'n_estimators': 135, 'max_depth': 10, 'min_samples_split': 4, 'min_samples_leaf': 1}. Best is trial 73 with value: 0.6880387728213815.
[I 2025-05-02 04:11:27,691] Trial 95 finished with value: 0.6670034559951303 and parameters: {'n_estimators': 56, 'max_depth': 9, 'min_samples_split': 6, 'min_samples_leaf': 1}. Best is trial 73 with value: 0.6880387728213815.
[I 2025-05-02 04:11:31,234] Trial 96 finished with value: 0.6856794547520189 and parameters: {'n_estimators': 162, 'max_depth': 9, 'min_samples_split': 5, 'min_samples_leaf': 1}. Best is trial 73 with value: 0.6880387728213815.
[I 2025-05-02 04:11:33,683] Trial 97 finished with value: 0.6868674245607973 and parameters: {'n_estimators': 147, 'max_depth': 10, 'min_samples_split': 7, 'min_samples_leaf': 1}. Best is trial 73 with value: 0.6880387728213815.
[I 2025-05-02 04:11:37,264] Trial 98 finished with value: 0.6391346076684802 and parameters: {'n_estimators': 168, 'max_depth': 10, 'min_samples_split': 7, 'min_samples_leaf': 5}. Best is trial 73 with value: 0.6880387728213815.
[I 2025-05-02 04:11:40,920] Trial 99 finished with value: 0.6868674245607973 and parameters: {'n_estimators': 149, 'max_depth': 10, 'min_samples_split': 7, 'min_samples_leaf': 1}. Best is trial 73 with value: 0.6880387728213815.
✅ Best Random Forest Parameters: {'n_estimators': 147, 'max_depth': 10, 'min_samples_split': 5, 'min_samples_leaf': 1}
[I 2025-05-02 04:11:40,927] A new study created in memory with name: no-name-a43a95f6-d79d-4e83-a10e-ab85bb48b8ee
c:\Users\x-hp\AppData\Local\Programs\Python\Python311\Lib\site-packages\xgboost\training.py:183: UserWarning: [04:11:40] WARNING: C:\actions-runner\_work\xgboost\xgboost\src\learner.cc:738:
Parameters: { "use_label_encoder" } are not used.

  bst.update(dtrain, iteration=i, fobj=obj)
c:\Users\x-hp\AppData\Local\Programs\Python\Python311\Lib\site-packages\xgboost\training.py:183: UserWarning: [04:11:41] WARNING: C:\actions-runner\_work\xgboost\xgboost\src\learner.cc:738:
Parameters: { "use_label_encoder" } are not used.

  bst.update(dtrain, iteration=i, fobj=obj)
c:\Users\x-hp\AppData\Local\Programs\Python\Python311\Lib\site-packages\xgboost\training.py:183: UserWarning: [04:11:41] WARNING: C:\actions-runner\_work\xgboost\xgboost\src\learner.cc:738:
Parameters: { "use_label_encoder" } are not used.

  bst.update(dtrain, iteration=i, fobj=obj)
c:\Users\x-hp\AppData\Local\Programs\Python\Python311\Lib\site-packages\xgboost\training.py:183: UserWarning: [04:11:41] WARNING: C:\actions-runner\_work\xgboost\xgboost\src\learner.cc:738:
Parameters: { "use_label_encoder" } are not used.

  bst.update(dtrain, iteration=i, fobj=obj)
c:\Users\x-hp\AppData\Local\Programs\Python\Python311\Lib\site-packages\xgboost\training.py:183: UserWarning: [04:11:41] WARNING: C:\actions-runner\_work\xgboost\xgboost\src\learner.cc:738:
Parameters: { "use_label_encoder" } are not used.

  bst.update(dtrain, iteration=i, fobj=obj)
[I 2025-05-02 04:11:41,328] Trial 0 finished with value: 0.6175197894214217 and parameters: {'n_estimators': 109, 'max_depth': 9, 'learning_rate': 0.29333404573066313, 'subsample': 0.7138427698239164, 'colsample_bytree': 0.9674966362357883, 'gamma': 2.609676587162984, 'min_child_weight': 6}. Best is trial 0 with value: 0.6175197894214217.
c:\Users\x-hp\AppData\Local\Programs\Python\Python311\Lib\site-packages\xgboost\training.py:183: UserWarning: [04:11:41] WARNING: C:\actions-runner\_work\xgboost\xgboost\src\learner.cc:738:
Parameters: { "use_label_encoder" } are not used.

  bst.update(dtrain, iteration=i, fobj=obj)
c:\Users\x-hp\AppData\Local\Programs\Python\Python311\Lib\site-packages\xgboost\training.py:183: UserWarning: [04:11:41] WARNING: C:\actions-runner\_work\xgboost\xgboost\src\learner.cc:738:
Parameters: { "use_label_encoder" } are not used.

  bst.update(dtrain, iteration=i, fobj=obj)
c:\Users\x-hp\AppData\Local\Programs\Python\Python311\Lib\site-packages\xgboost\training.py:183: UserWarning: [04:11:41] WARNING: C:\actions-runner\_work\xgboost\xgboost\src\learner.cc:738:
Parameters: { "use_label_encoder" } are not used.

  bst.update(dtrain, iteration=i, fobj=obj)
c:\Users\x-hp\AppData\Local\Programs\Python\Python311\Lib\site-packages\xgboost\training.py:183: UserWarning: [04:11:41] WARNING: C:\actions-runner\_work\xgboost\xgboost\src\learner.cc:738:
Parameters: { "use_label_encoder" } are not used.

  bst.update(dtrain, iteration=i, fobj=obj)
c:\Users\x-hp\AppData\Local\Programs\Python\Python311\Lib\site-packages\xgboost\training.py:183: UserWarning: [04:11:41] WARNING: C:\actions-runner\_work\xgboost\xgboost\src\learner.cc:738:
Parameters: { "use_label_encoder" } are not used.

  bst.update(dtrain, iteration=i, fobj=obj)
[I 2025-05-02 04:11:41,901] Trial 1 finished with value: 0.6364158981115503 and parameters: {'n_estimators': 182, 'max_depth': 4, 'learning_rate': 0.16940676301796997, 'subsample': 0.6268919478629675, 'colsample_bytree': 0.9269152144747037, 'gamma': 2.3613698502542912, 'min_child_weight': 5}. Best is trial 1 with value: 0.6364158981115503.
c:\Users\x-hp\AppData\Local\Programs\Python\Python311\Lib\site-packages\xgboost\training.py:183: UserWarning: [04:11:41] WARNING: C:\actions-runner\_work\xgboost\xgboost\src\learner.cc:738:
Parameters: { "use_label_encoder" } are not used.

  bst.update(dtrain, iteration=i, fobj=obj)
c:\Users\x-hp\AppData\Local\Programs\Python\Python311\Lib\site-packages\xgboost\training.py:183: UserWarning: [04:11:42] WARNING: C:\actions-runner\_work\xgboost\xgboost\src\learner.cc:738:
Parameters: { "use_label_encoder" } are not used.

  bst.update(dtrain, iteration=i, fobj=obj)
c:\Users\x-hp\AppData\Local\Programs\Python\Python311\Lib\site-packages\xgboost\training.py:183: UserWarning: [04:11:42] WARNING: C:\actions-runner\_work\xgboost\xgboost\src\learner.cc:738:
Parameters: { "use_label_encoder" } are not used.

  bst.update(dtrain, iteration=i, fobj=obj)
c:\Users\x-hp\AppData\Local\Programs\Python\Python311\Lib\site-packages\xgboost\training.py:183: UserWarning: [04:11:42] WARNING: C:\actions-runner\_work\xgboost\xgboost\src\learner.cc:738:
Parameters: { "use_label_encoder" } are not used.

  bst.update(dtrain, iteration=i, fobj=obj)
c:\Users\x-hp\AppData\Local\Programs\Python\Python311\Lib\site-packages\xgboost\training.py:183: UserWarning: [04:11:42] WARNING: C:\actions-runner\_work\xgboost\xgboost\src\learner.cc:738:
Parameters: { "use_label_encoder" } are not used.

  bst.update(dtrain, iteration=i, fobj=obj)
[I 2025-05-02 04:11:42,452] Trial 2 finished with value: 0.6687617886276536 and parameters: {'n_estimators': 236, 'max_depth': 8, 'learning_rate': 0.22224185420475692, 'subsample': 0.8269952706257023, 'colsample_bytree': 0.7030268651007597, 'gamma': 4.31183365031383, 'min_child_weight': 4}. Best is trial 2 with value: 0.6687617886276536.
c:\Users\x-hp\AppData\Local\Programs\Python\Python311\Lib\site-packages\xgboost\training.py:183: UserWarning: [04:11:42] WARNING: C:\actions-runner\_work\xgboost\xgboost\src\learner.cc:738:
Parameters: { "use_label_encoder" } are not used.

  bst.update(dtrain, iteration=i, fobj=obj)
c:\Users\x-hp\AppData\Local\Programs\Python\Python311\Lib\site-packages\xgboost\training.py:183: UserWarning: [04:11:42] WARNING: C:\actions-runner\_work\xgboost\xgboost\src\learner.cc:738:
Parameters: { "use_label_encoder" } are not used.

  bst.update(dtrain, iteration=i, fobj=obj)
c:\Users\x-hp\AppData\Local\Programs\Python\Python311\Lib\site-packages\xgboost\training.py:183: UserWarning: [04:11:42] WARNING: C:\actions-runner\_work\xgboost\xgboost\src\learner.cc:738:
Parameters: { "use_label_encoder" } are not used.

  bst.update(dtrain, iteration=i, fobj=obj)
c:\Users\x-hp\AppData\Local\Programs\Python\Python311\Lib\site-packages\xgboost\training.py:183: UserWarning: [04:11:42] WARNING: C:\actions-runner\_work\xgboost\xgboost\src\learner.cc:738:
Parameters: { "use_label_encoder" } are not used.

  bst.update(dtrain, iteration=i, fobj=obj)
c:\Users\x-hp\AppData\Local\Programs\Python\Python311\Lib\site-packages\xgboost\training.py:183: UserWarning: [04:11:42] WARNING: C:\actions-runner\_work\xgboost\xgboost\src\learner.cc:738:
Parameters: { "use_label_encoder" } are not used.

  bst.update(dtrain, iteration=i, fobj=obj)
[I 2025-05-02 04:11:43,010] Trial 3 finished with value: 0.6301336344814605 and parameters: {'n_estimators': 219, 'max_depth': 6, 'learning_rate': 0.10517684287234866, 'subsample': 0.8557974801485848, 'colsample_bytree': 0.6731308458668289, 'gamma': 4.111103460631858, 'min_child_weight': 7}. Best is trial 2 with value: 0.6687617886276536.
c:\Users\x-hp\AppData\Local\Programs\Python\Python311\Lib\site-packages\xgboost\training.py:183: UserWarning: [04:11:43] WARNING: C:\actions-runner\_work\xgboost\xgboost\src\learner.cc:738:
Parameters: { "use_label_encoder" } are not used.

  bst.update(dtrain, iteration=i, fobj=obj)
c:\Users\x-hp\AppData\Local\Programs\Python\Python311\Lib\site-packages\xgboost\training.py:183: UserWarning: [04:11:43] WARNING: C:\actions-runner\_work\xgboost\xgboost\src\learner.cc:738:
Parameters: { "use_label_encoder" } are not used.

  bst.update(dtrain, iteration=i, fobj=obj)
c:\Users\x-hp\AppData\Local\Programs\Python\Python311\Lib\site-packages\xgboost\training.py:183: UserWarning: [04:11:43] WARNING: C:\actions-runner\_work\xgboost\xgboost\src\learner.cc:738:
Parameters: { "use_label_encoder" } are not used.

  bst.update(dtrain, iteration=i, fobj=obj)
c:\Users\x-hp\AppData\Local\Programs\Python\Python311\Lib\site-packages\xgboost\training.py:183: UserWarning: [04:11:43] WARNING: C:\actions-runner\_work\xgboost\xgboost\src\learner.cc:738:
Parameters: { "use_label_encoder" } are not used.

  bst.update(dtrain, iteration=i, fobj=obj)
c:\Users\x-hp\AppData\Local\Programs\Python\Python311\Lib\site-packages\xgboost\training.py:183: UserWarning: [04:11:43] WARNING: C:\actions-runner\_work\xgboost\xgboost\src\learner.cc:738:
Parameters: { "use_label_encoder" } are not used.

  bst.update(dtrain, iteration=i, fobj=obj)
[I 2025-05-02 04:11:43,747] Trial 4 finished with value: 0.6153765619723066 and parameters: {'n_estimators': 258, 'max_depth': 10, 'learning_rate': 0.19285239626538653, 'subsample': 0.8416669999622786, 'colsample_bytree': 0.7572425750481062, 'gamma': 0.41249344293137036, 'min_child_weight': 10}. Best is trial 2 with value: 0.6687617886276536.
c:\Users\x-hp\AppData\Local\Programs\Python\Python311\Lib\site-packages\xgboost\training.py:183: UserWarning: [04:11:43] WARNING: C:\actions-runner\_work\xgboost\xgboost\src\learner.cc:738:
Parameters: { "use_label_encoder" } are not used.

  bst.update(dtrain, iteration=i, fobj=obj)
c:\Users\x-hp\AppData\Local\Programs\Python\Python311\Lib\site-packages\xgboost\training.py:183: UserWarning: [04:11:43] WARNING: C:\actions-runner\_work\xgboost\xgboost\src\learner.cc:738:
Parameters: { "use_label_encoder" } are not used.

  bst.update(dtrain, iteration=i, fobj=obj)
c:\Users\x-hp\AppData\Local\Programs\Python\Python311\Lib\site-packages\xgboost\training.py:183: UserWarning: [04:11:43] WARNING: C:\actions-runner\_work\xgboost\xgboost\src\learner.cc:738:
Parameters: { "use_label_encoder" } are not used.

  bst.update(dtrain, iteration=i, fobj=obj)
c:\Users\x-hp\AppData\Local\Programs\Python\Python311\Lib\site-packages\xgboost\training.py:183: UserWarning: [04:11:44] WARNING: C:\actions-runner\_work\xgboost\xgboost\src\learner.cc:738:
Parameters: { "use_label_encoder" } are not used.

  bst.update(dtrain, iteration=i, fobj=obj)
c:\Users\x-hp\AppData\Local\Programs\Python\Python311\Lib\site-packages\xgboost\training.py:183: UserWarning: [04:11:44] WARNING: C:\actions-runner\_work\xgboost\xgboost\src\learner.cc:738:
Parameters: { "use_label_encoder" } are not used.

  bst.update(dtrain, iteration=i, fobj=obj)
[I 2025-05-02 04:11:44,225] Trial 5 finished with value: 0.6791509636302356 and parameters: {'n_estimators': 115, 'max_depth': 5, 'learning_rate': 0.1671878513060319, 'subsample': 0.9373839274048523, 'colsample_bytree': 0.7217293516309425, 'gamma': 2.457053100322024, 'min_child_weight': 1}. Best is trial 5 with value: 0.6791509636302356.
c:\Users\x-hp\AppData\Local\Programs\Python\Python311\Lib\site-packages\xgboost\training.py:183: UserWarning: [04:11:44] WARNING: C:\actions-runner\_work\xgboost\xgboost\src\learner.cc:738:
Parameters: { "use_label_encoder" } are not used.

  bst.update(dtrain, iteration=i, fobj=obj)
c:\Users\x-hp\AppData\Local\Programs\Python\Python311\Lib\site-packages\xgboost\training.py:183: UserWarning: [04:11:44] WARNING: C:\actions-runner\_work\xgboost\xgboost\src\learner.cc:738:
Parameters: { "use_label_encoder" } are not used.

  bst.update(dtrain, iteration=i, fobj=obj)
c:\Users\x-hp\AppData\Local\Programs\Python\Python311\Lib\site-packages\xgboost\training.py:183: UserWarning: [04:11:44] WARNING: C:\actions-runner\_work\xgboost\xgboost\src\learner.cc:738:
Parameters: { "use_label_encoder" } are not used.

  bst.update(dtrain, iteration=i, fobj=obj)
c:\Users\x-hp\AppData\Local\Programs\Python\Python311\Lib\site-packages\xgboost\training.py:183: UserWarning: [04:11:44] WARNING: C:\actions-runner\_work\xgboost\xgboost\src\learner.cc:738:
Parameters: { "use_label_encoder" } are not used.

  bst.update(dtrain, iteration=i, fobj=obj)
c:\Users\x-hp\AppData\Local\Programs\Python\Python311\Lib\site-packages\xgboost\training.py:183: UserWarning: [04:11:44] WARNING: C:\actions-runner\_work\xgboost\xgboost\src\learner.cc:738:
Parameters: { "use_label_encoder" } are not used.

  bst.update(dtrain, iteration=i, fobj=obj)
[I 2025-05-02 04:11:44,892] Trial 6 finished with value: 0.6239108409321175 and parameters: {'n_estimators': 235, 'max_depth': 5, 'learning_rate': 0.26361206808048754, 'subsample': 0.6089125198432412, 'colsample_bytree': 0.9365751641431103, 'gamma': 4.08787736146347, 'min_child_weight': 8}. Best is trial 5 with value: 0.6791509636302356.
c:\Users\x-hp\AppData\Local\Programs\Python\Python311\Lib\site-packages\xgboost\training.py:183: UserWarning: [04:11:44] WARNING: C:\actions-runner\_work\xgboost\xgboost\src\learner.cc:738:
Parameters: { "use_label_encoder" } are not used.

  bst.update(dtrain, iteration=i, fobj=obj)
c:\Users\x-hp\AppData\Local\Programs\Python\Python311\Lib\site-packages\xgboost\training.py:183: UserWarning: [04:11:45] WARNING: C:\actions-runner\_work\xgboost\xgboost\src\learner.cc:738:
Parameters: { "use_label_encoder" } are not used.

  bst.update(dtrain, iteration=i, fobj=obj)
c:\Users\x-hp\AppData\Local\Programs\Python\Python311\Lib\site-packages\xgboost\training.py:183: UserWarning: [04:11:45] WARNING: C:\actions-runner\_work\xgboost\xgboost\src\learner.cc:738:
Parameters: { "use_label_encoder" } are not used.

  bst.update(dtrain, iteration=i, fobj=obj)
c:\Users\x-hp\AppData\Local\Programs\Python\Python311\Lib\site-packages\xgboost\training.py:183: UserWarning: [04:11:45] WARNING: C:\actions-runner\_work\xgboost\xgboost\src\learner.cc:738:
Parameters: { "use_label_encoder" } are not used.

  bst.update(dtrain, iteration=i, fobj=obj)
c:\Users\x-hp\AppData\Local\Programs\Python\Python311\Lib\site-packages\xgboost\training.py:183: UserWarning: [04:11:45] WARNING: C:\actions-runner\_work\xgboost\xgboost\src\learner.cc:738:
Parameters: { "use_label_encoder" } are not used.

  bst.update(dtrain, iteration=i, fobj=obj)
[I 2025-05-02 04:11:45,403] Trial 7 finished with value: 0.6548089591567853 and parameters: {'n_estimators': 101, 'max_depth': 8, 'learning_rate': 0.055137588951268156, 'subsample': 0.7482687717639682, 'colsample_bytree': 0.9086410351179952, 'gamma': 2.139793287348204, 'min_child_weight': 6}. Best is trial 5 with value: 0.6791509636302356.
c:\Users\x-hp\AppData\Local\Programs\Python\Python311\Lib\site-packages\xgboost\training.py:183: UserWarning: [04:11:45] WARNING: C:\actions-runner\_work\xgboost\xgboost\src\learner.cc:738:
Parameters: { "use_label_encoder" } are not used.

  bst.update(dtrain, iteration=i, fobj=obj)
c:\Users\x-hp\AppData\Local\Programs\Python\Python311\Lib\site-packages\xgboost\training.py:183: UserWarning: [04:11:45] WARNING: C:\actions-runner\_work\xgboost\xgboost\src\learner.cc:738:
Parameters: { "use_label_encoder" } are not used.

  bst.update(dtrain, iteration=i, fobj=obj)
c:\Users\x-hp\AppData\Local\Programs\Python\Python311\Lib\site-packages\xgboost\training.py:183: UserWarning: [04:11:45] WARNING: C:\actions-runner\_work\xgboost\xgboost\src\learner.cc:738:
Parameters: { "use_label_encoder" } are not used.

  bst.update(dtrain, iteration=i, fobj=obj)
c:\Users\x-hp\AppData\Local\Programs\Python\Python311\Lib\site-packages\xgboost\training.py:183: UserWarning: [04:11:45] WARNING: C:\actions-runner\_work\xgboost\xgboost\src\learner.cc:738:
Parameters: { "use_label_encoder" } are not used.

  bst.update(dtrain, iteration=i, fobj=obj)
c:\Users\x-hp\AppData\Local\Programs\Python\Python311\Lib\site-packages\xgboost\training.py:183: UserWarning: [04:11:46] WARNING: C:\actions-runner\_work\xgboost\xgboost\src\learner.cc:738:
Parameters: { "use_label_encoder" } are not used.

  bst.update(dtrain, iteration=i, fobj=obj)
