[I 2025-05-02 03:58:26,794] Trial 99 finished with value: 0.8209311424100157 and parameters: {'n_estimators': 235, 'max_depth': 6, 'learning_rate': 0.06116769795774714, 'subsample': 0.8785063691642399, 'colsample_bytree': 0.9146678439104559, 'gamma': 2.9031635042594353, 'min_child_weight': 2}. Best is trial 68 with value: 0.8237089201877934.
✅ Best XGBoost Parameters: {'n_estimators': 227, 'max_depth': 3, 'learning_rate': 0.09668632746569038, 'subsample': 0.8791794300176844, 'colsample_bytree': 0.9224914880553556, 'gamma': 3.720754367606462, 'min_child_weight': 1}
✅ Best model selected based on F1: XGBoost
02-05-2025 03:58:28 Retraining best model on original full dataset...
02-05-2025 03:58:28 ✅ Exported and logged final model to W&B as artifact: final_model_xgboost.pkl
Requirement already satisfied: wandb in c:\users\x-hp\anaconda3\lib\site-packages (0.19.8)
Requirement already satisfied: click!=8.0.0,>=7.1 in c:\users\x-hp\anaconda3\lib\site-packages (from wandb) (8.1.7)
Requirement already satisfied: docker-pycreds>=0.4.0 in c:\users\x-hp\anaconda3\lib\site-packages (from wandb) (0.4.0)
Requirement already satisfied: gitpython!=3.1.29,>=1.0.0 in c:\users\x-hp\anaconda3\lib\site-packages (from wandb) (3.1.43)
Requirement already satisfied: platformdirs in c:\users\x-hp\anaconda3\lib\site-packages (from wandb) (3.10.0)
Requirement already satisfied: protobuf!=4.21.0,!=5.28.0,<6,>=3.19.0 in c:\users\x-hp\anaconda3\lib\site-packages (from wandb) (4.25.3)
Requirement already satisfied: psutil>=5.0.0 in c:\users\x-hp\anaconda3\lib\site-packages (from wandb) (5.9.0)
Requirement already satisfied: pydantic<3,>=2.6 in c:\users\x-hp\anaconda3\lib\site-packages (from wandb) (2.8.2)
Requirement already satisfied: pyyaml in c:\users\x-hp\anaconda3\lib\site-packages (from wandb) (6.0.1)
Requirement already satisfied: requests<3,>=2.0.0 in c:\users\x-hp\anaconda3\lib\site-packages (from wandb) (2.32.3)
Requirement already satisfied: sentry-sdk>=2.0.0 in c:\users\x-hp\anaconda3\lib\site-packages (from wandb) (2.18.0)
Requirement already satisfied: setproctitle in c:\users\x-hp\anaconda3\lib\site-packages (from wandb) (1.3.5)
Requirement already satisfied: setuptools in c:\users\x-hp\anaconda3\lib\site-packages (from wandb) (75.1.0)
Requirement already satisfied: colorama in c:\users\x-hp\anaconda3\lib\site-packages (from click!=8.0.0,>=7.1->wandb) (0.4.6)
Requirement already satisfied: six>=1.4.0 in c:\users\x-hp\anaconda3\lib\site-packages (from docker-pycreds>=0.4.0->wandb) (1.17.0)
Requirement already satisfied: gitdb<5,>=4.0.1 in c:\users\x-hp\anaconda3\lib\site-packages (from gitpython!=3.1.29,>=1.0.0->wandb) (4.0.7)
Requirement already satisfied: annotated-types>=0.4.0 in c:\users\x-hp\anaconda3\lib\site-packages (from pydantic<3,>=2.6->wandb) (0.6.0)
Requirement already satisfied: pydantic-core==2.20.1 in c:\users\x-hp\anaconda3\lib\site-packages (from pydantic<3,>=2.6->wandb) (2.20.1)
Requirement already satisfied: typing-extensions>=4.6.1 in c:\users\x-hp\anaconda3\lib\site-packages (from pydantic<3,>=2.6->wandb) (4.11.0)
Requirement already satisfied: charset-normalizer<4,>=2 in c:\users\x-hp\anaconda3\lib\site-packages (from requests<3,>=2.0.0->wandb) (3.3.2)
Requirement already satisfied: idna<4,>=2.5 in c:\users\x-hp\anaconda3\lib\site-packages (from requests<3,>=2.0.0->wandb) (3.7)
Requirement already satisfied: urllib3<3,>=1.21.1 in c:\users\x-hp\anaconda3\lib\site-packages (from requests<3,>=2.0.0->wandb) (2.2.3)
Requirement already satisfied: certifi>=2017.4.17 in c:\users\x-hp\anaconda3\lib\site-packages (from requests<3,>=2.0.0->wandb) (2025.1.31)
Requirement already satisfied: smmap<5,>=3.0.1 in c:\users\x-hp\anaconda3\lib\site-packages (from gitdb<5,>=4.0.1->gitpython!=3.1.29,>=1.0.0->wandb) (4.0.0)
[34m[1mwandb[0m: [33mWARNING[0m Calling wandb.login() after wandb.init() has no effect.
02-05-2025 04:06:06 Downloading and reading train artifact
[34m[1mwandb[0m:   1 of 1 files downloaded.
02-05-2025 04:06:08 Spliting data into train/val
02-05-2025 04:06:08 x train: (375, 8)
02-05-2025 04:06:08 y train: (375,)
02-05-2025 04:06:08 x val: (162, 8)
02-05-2025 04:06:08 y val: (162,)
02-05-2025 04:06:08 Outlier Removal
02-05-2025 04:06:08 x_train shape [original]: (375, 8)
02-05-2025 04:06:08 x_train shape [outlier removal]: (357, 8)
02-05-2025 04:06:09 Data after SMOTE: (476, 8)
02-05-2025 04:06:09 [Logistic] Accuracy: 0.7037037037037037
02-05-2025 04:06:09 [Random Forest] Accuracy: 0.691358024691358
c:\Users\x-hp\AppData\Local\Programs\Python\Python311\Lib\site-packages\xgboost\training.py:183: UserWarning: [04:06:09] WARNING: C:\actions-runner\_work\xgboost\xgboost\src\learner.cc:738:
Parameters: { "use_label_encoder" } are not used.

  bst.update(dtrain, iteration=i, fobj=obj)
02-05-2025 04:06:09 [XGBoost] Accuracy: 0.7098765432098766
                 Model  Accuracy
0  Logistic Regression  0.703704
1        Random Forest  0.691358
2              XGBoost  0.709877
[I 2025-05-02 04:06:12,442] A new study created in memory with name: no-name-f8928361-41dd-45b4-9fe0-16a4492506a1
[I 2025-05-02 04:06:16,143] Trial 0 finished with value: 0.6329007045701269 and parameters: {'n_estimators': 117, 'max_depth': 10, 'min_samples_split': 9, 'min_samples_leaf': 4}. Best is trial 0 with value: 0.6329007045701269.
[I 2025-05-02 04:06:18,364] Trial 1 finished with value: 0.6332628611698379 and parameters: {'n_estimators': 116, 'max_depth': 4, 'min_samples_split': 4, 'min_samples_leaf': 5}. Best is trial 1 with value: 0.6332628611698379.
[I 2025-05-02 04:06:21,724] Trial 2 finished with value: 0.6731595457682414 and parameters: {'n_estimators': 146, 'max_depth': 10, 'min_samples_split': 9, 'min_samples_leaf': 1}. Best is trial 2 with value: 0.6731595457682414.
[I 2025-05-02 04:06:25,603] Trial 3 finished with value: 0.6865348422510642 and parameters: {'n_estimators': 149, 'max_depth': 9, 'min_samples_split': 9, 'min_samples_leaf': 3}. Best is trial 3 with value: 0.6865348422510642.
[I 2025-05-02 04:06:29,587] Trial 4 finished with value: 0.5934798534798535 and parameters: {'n_estimators': 125, 'max_depth': 2, 'min_samples_split': 5, 'min_samples_leaf': 4}. Best is trial 3 with value: 0.6865348422510642.
[I 2025-05-02 04:06:36,278] Trial 5 finished with value: 0.6259033402908714 and parameters: {'n_estimators': 188, 'max_depth': 10, 'min_samples_split': 3, 'min_samples_leaf': 5}. Best is trial 3 with value: 0.6865348422510642.
[I 2025-05-02 04:06:41,172] Trial 6 finished with value: 0.6026063858622 and parameters: {'n_estimators': 133, 'max_depth': 3, 'min_samples_split': 5, 'min_samples_leaf': 5}. Best is trial 3 with value: 0.6865348422510642.
[I 2025-05-02 04:06:44,828] Trial 7 finished with value: 0.6514641430920501 and parameters: {'n_estimators': 151, 'max_depth': 5, 'min_samples_split': 8, 'min_samples_leaf': 3}. Best is trial 3 with value: 0.6865348422510642.
[I 2025-05-02 04:06:48,635] Trial 8 finished with value: 0.6419220641144733 and parameters: {'n_estimators': 159, 'max_depth': 10, 'min_samples_split': 4, 'min_samples_leaf': 5}. Best is trial 3 with value: 0.6865348422510642.
[I 2025-05-02 04:06:51,052] Trial 9 finished with value: 0.6721917280562376 and parameters: {'n_estimators': 177, 'max_depth': 10, 'min_samples_split': 9, 'min_samples_leaf': 1}. Best is trial 3 with value: 0.6865348422510642.
[I 2025-05-02 04:06:52,525] Trial 10 finished with value: 0.6482539682539683 and parameters: {'n_estimators': 70, 'max_depth': 7, 'min_samples_split': 7, 'min_samples_leaf': 2}. Best is trial 3 with value: 0.6865348422510642.
[I 2025-05-02 04:06:53,918] Trial 11 finished with value: 0.6575934418947994 and parameters: {'n_estimators': 82, 'max_depth': 8, 'min_samples_split': 10, 'min_samples_leaf': 1}. Best is trial 3 with value: 0.6865348422510642.
[I 2025-05-02 04:06:57,436] Trial 12 finished with value: 0.6525832442526666 and parameters: {'n_estimators': 157, 'max_depth': 8, 'min_samples_split': 7, 'min_samples_leaf': 2}. Best is trial 3 with value: 0.6865348422510642.
[I 2025-05-02 04:06:59,653] Trial 13 finished with value: 0.6695636422370927 and parameters: {'n_estimators': 94, 'max_depth': 8, 'min_samples_split': 10, 'min_samples_leaf': 2}. Best is trial 3 with value: 0.6865348422510642.
[I 2025-05-02 04:07:02,866] Trial 14 finished with value: 0.6510207666729405 and parameters: {'n_estimators': 142, 'max_depth': 6, 'min_samples_split': 8, 'min_samples_leaf': 3}. Best is trial 3 with value: 0.6865348422510642.
[I 2025-05-02 04:07:04,285] Trial 15 finished with value: 0.6581000216473347 and parameters: {'n_estimators': 50, 'max_depth': 9, 'min_samples_split': 7, 'min_samples_leaf': 1}. Best is trial 3 with value: 0.6865348422510642.
[I 2025-05-02 04:07:08,421] Trial 16 finished with value: 0.6503085566915354 and parameters: {'n_estimators': 173, 'max_depth': 7, 'min_samples_split': 9, 'min_samples_leaf': 4}. Best is trial 3 with value: 0.6865348422510642.
[I 2025-05-02 04:07:12,490] Trial 17 finished with value: 0.6770651244932164 and parameters: {'n_estimators': 200, 'max_depth': 9, 'min_samples_split': 2, 'min_samples_leaf': 2}. Best is trial 3 with value: 0.6865348422510642.
[I 2025-05-02 04:07:17,479] Trial 18 finished with value: 0.6454945867962218 and parameters: {'n_estimators': 199, 'max_depth': 6, 'min_samples_split': 2, 'min_samples_leaf': 3}. Best is trial 3 with value: 0.6865348422510642.
[I 2025-05-02 04:07:21,840] Trial 19 finished with value: 0.676041778714799 and parameters: {'n_estimators': 171, 'max_depth': 9, 'min_samples_split': 2, 'min_samples_leaf': 2}. Best is trial 3 with value: 0.6865348422510642.
[I 2025-05-02 04:07:26,450] Trial 20 finished with value: 0.6675421354906276 and parameters: {'n_estimators': 200, 'max_depth': 7, 'min_samples_split': 6, 'min_samples_leaf': 3}. Best is trial 3 with value: 0.6865348422510642.
[I 2025-05-02 04:07:30,015] Trial 21 finished with value: 0.676041778714799 and parameters: {'n_estimators': 172, 'max_depth': 9, 'min_samples_split': 2, 'min_samples_leaf': 2}. Best is trial 3 with value: 0.6865348422510642.
[I 2025-05-02 04:07:33,212] Trial 22 finished with value: 0.6734978379192393 and parameters: {'n_estimators': 184, 'max_depth': 9, 'min_samples_split': 3, 'min_samples_leaf': 2}. Best is trial 3 with value: 0.6865348422510642.
[I 2025-05-02 04:07:37,287] Trial 23 finished with value: 0.6756470479874734 and parameters: {'n_estimators': 164, 'max_depth': 9, 'min_samples_split': 3, 'min_samples_leaf': 3}. Best is trial 3 with value: 0.6865348422510642.
[I 2025-05-02 04:07:41,527] Trial 24 finished with value: 0.6750289200983003 and parameters: {'n_estimators': 189, 'max_depth': 8, 'min_samples_split': 2, 'min_samples_leaf': 2}. Best is trial 3 with value: 0.6865348422510642.
[I 2025-05-02 04:07:44,785] Trial 25 finished with value: 0.6756470479874734 and parameters: {'n_estimators': 166, 'max_depth': 9, 'min_samples_split': 4, 'min_samples_leaf': 3}. Best is trial 3 with value: 0.6865348422510642.
[I 2025-05-02 04:07:49,281] Trial 26 finished with value: 0.6649330626203891 and parameters: {'n_estimators': 182, 'max_depth': 7, 'min_samples_split': 5, 'min_samples_leaf': 2}. Best is trial 3 with value: 0.6865348422510642.
[I 2025-05-02 04:07:51,993] Trial 27 finished with value: 0.6577267693546763 and parameters: {'n_estimators': 138, 'max_depth': 5, 'min_samples_split': 3, 'min_samples_leaf': 4}. Best is trial 3 with value: 0.6865348422510642.
[I 2025-05-02 04:07:55,360] Trial 28 finished with value: 0.6768098253363835 and parameters: {'n_estimators': 192, 'max_depth': 8, 'min_samples_split': 6, 'min_samples_leaf': 2}. Best is trial 3 with value: 0.6865348422510642.
[I 2025-05-02 04:07:57,549] Trial 29 finished with value: 0.6492287692702845 and parameters: {'n_estimators': 107, 'max_depth': 8, 'min_samples_split': 6, 'min_samples_leaf': 3}. Best is trial 3 with value: 0.6865348422510642.
[I 2025-05-02 04:08:01,210] Trial 30 finished with value: 0.6850681791402894 and parameters: {'n_estimators': 195, 'max_depth': 10, 'min_samples_split': 8, 'min_samples_leaf': 1}. Best is trial 3 with value: 0.6865348422510642.
[I 2025-05-02 04:08:05,730] Trial 31 finished with value: 0.6850681791402894 and parameters: {'n_estimators': 191, 'max_depth': 10, 'min_samples_split': 8, 'min_samples_leaf': 1}. Best is trial 3 with value: 0.6865348422510642.
[I 2025-05-02 04:08:09,445] Trial 32 finished with value: 0.6797490302041191 and parameters: {'n_estimators': 200, 'max_depth': 10, 'min_samples_split': 8, 'min_samples_leaf': 1}. Best is trial 3 with value: 0.6865348422510642.
[I 2025-05-02 04:08:13,879] Trial 33 finished with value: 0.6850681791402894 and parameters: {'n_estimators': 192, 'max_depth': 10, 'min_samples_split': 8, 'min_samples_leaf': 1}. Best is trial 3 with value: 0.6865348422510642.
[I 2025-05-02 04:08:18,783] Trial 34 finished with value: 0.6850681791402894 and parameters: {'n_estimators': 180, 'max_depth': 10, 'min_samples_split': 8, 'min_samples_leaf': 1}. Best is trial 3 with value: 0.6865348422510642.
[I 2025-05-02 04:08:20,913] Trial 35 finished with value: 0.6587135367244225 and parameters: {'n_estimators': 116, 'max_depth': 10, 'min_samples_split': 9, 'min_samples_leaf': 1}. Best is trial 3 with value: 0.6865348422510642.
[I 2025-05-02 04:08:22,869] Trial 36 finished with value: 0.6695107239206618 and parameters: {'n_estimators': 126, 'max_depth': 10, 'min_samples_split': 10, 'min_samples_leaf': 1}. Best is trial 3 with value: 0.6865348422510642.
[I 2025-05-02 04:08:25,075] Trial 37 finished with value: 0.6868674245607973 and parameters: {'n_estimators': 150, 'max_depth': 10, 'min_samples_split': 7, 'min_samples_leaf': 1}. Best is trial 37 with value: 0.6868674245607973.
[I 2025-05-02 04:08:28,946] Trial 38 finished with value: 0.5934798534798535 and parameters: {'n_estimators': 151, 'max_depth': 2, 'min_samples_split': 7, 'min_samples_leaf': 1}. Best is trial 37 with value: 0.6868674245607973.
[I 2025-05-02 04:08:30,738] Trial 39 finished with value: 0.6560872740981598 and parameters: {'n_estimators': 106, 'max_depth': 10, 'min_samples_split': 9, 'min_samples_leaf': 1}. Best is trial 37 with value: 0.6868674245607973.
[I 2025-05-02 04:08:33,100] Trial 40 finished with value: 0.6227210112632688 and parameters: {'n_estimators': 149, 'max_depth': 4, 'min_samples_split': 7, 'min_samples_leaf': 5}. Best is trial 37 with value: 0.6868674245607973.
[I 2025-05-02 04:08:37,178] Trial 41 finished with value: 0.6850681791402894 and parameters: {'n_estimators': 189, 'max_depth': 10, 'min_samples_split': 8, 'min_samples_leaf': 1}. Best is trial 37 with value: 0.6868674245607973.
[I 2025-05-02 04:08:39,851] Trial 42 finished with value: 0.6797490302041191 and parameters: {'n_estimators': 135, 'max_depth': 10, 'min_samples_split': 8, 'min_samples_leaf': 1}. Best is trial 37 with value: 0.6868674245607973.
[I 2025-05-02 04:08:43,593] Trial 43 finished with value: 0.673486403941493 and parameters: {'n_estimators': 159, 'max_depth': 9, 'min_samples_split': 8, 'min_samples_leaf': 1}. Best is trial 37 with value: 0.6868674245607973.
[I 2025-05-02 04:08:46,134] Trial 44 finished with value: 0.6614979021174834 and parameters: {'n_estimators': 128, 'max_depth': 10, 'min_samples_split': 9, 'min_samples_leaf': 1}. Best is trial 37 with value: 0.6868674245607973.
[I 2025-05-02 04:08:50,835] Trial 45 finished with value: 0.6698923236032266 and parameters: {'n_estimators': 190, 'max_depth': 9, 'min_samples_split': 7, 'min_samples_leaf': 1}. Best is trial 37 with value: 0.6868674245607973.
[I 2025-05-02 04:08:53,496] Trial 46 finished with value: 0.6702802545168571 and parameters: {'n_estimators': 177, 'max_depth': 10, 'min_samples_split': 10, 'min_samples_leaf': 1}. Best is trial 37 with value: 0.6868674245607973.
[I 2025-05-02 04:08:56,178] Trial 47 finished with value: 0.6595592598066621 and parameters: {'n_estimators': 166, 'max_depth': 10, 'min_samples_split': 8, 'min_samples_leaf': 4}. Best is trial 37 with value: 0.6868674245607973.
[I 2025-05-02 04:09:00,234] Trial 48 finished with value: 0.6752114725393967 and parameters: {'n_estimators': 193, 'max_depth': 9, 'min_samples_split': 7, 'min_samples_leaf': 1}. Best is trial 37 with value: 0.6868674245607973.
[I 2025-05-02 04:09:03,642] Trial 49 finished with value: 0.645297157622739 and parameters: {'n_estimators': 157, 'max_depth': 10, 'min_samples_split': 9, 'min_samples_leaf': 2}. Best is trial 37 with value: 0.6868674245607973.
[I 2025-05-02 04:09:07,553] Trial 50 finished with value: 0.6321659665534977 and parameters: {'n_estimators': 180, 'max_depth': 8, 'min_samples_split': 9, 'min_samples_leaf': 5}. Best is trial 37 with value: 0.6868674245607973.
[I 2025-05-02 04:09:11,619] Trial 51 finished with value: 0.6850681791402894 and parameters: {'n_estimators': 183, 'max_depth': 10, 'min_samples_split': 8, 'min_samples_leaf': 1}. Best is trial 37 with value: 0.6868674245607973.
[I 2025-05-02 04:09:16,631] Trial 52 finished with value: 0.6797490302041191 and parameters: {'n_estimators': 195, 'max_depth': 9, 'min_samples_split': 8, 'min_samples_leaf': 1}. Best is trial 37 with value: 0.6868674245607973.
[I 2025-05-02 04:09:20,550] Trial 53 finished with value: 0.6514190404107147 and parameters: {'n_estimators': 176, 'max_depth': 10, 'min_samples_split': 8, 'min_samples_leaf': 4}. Best is trial 37 with value: 0.6868674245607973.
[I 2025-05-02 04:09:24,727] Trial 54 finished with value: 0.6817653837444707 and parameters: {'n_estimators': 184, 'max_depth': 10, 'min_samples_split': 7, 'min_samples_leaf': 1}. Best is trial 37 with value: 0.6868674245607973.
[I 2025-05-02 04:09:28,183] Trial 55 finished with value: 0.6463969518360502 and parameters: {'n_estimators': 171, 'max_depth': 9, 'min_samples_split': 9, 'min_samples_leaf': 1}. Best is trial 37 with value: 0.6868674245607973.
[I 2025-05-02 04:09:30,824] Trial 56 finished with value: 0.6574731133376229 and parameters: {'n_estimators': 146, 'max_depth': 10, 'min_samples_split': 8, 'min_samples_leaf': 2}. Best is trial 37 with value: 0.6868674245607973.
[I 2025-05-02 04:09:34,699] Trial 57 finished with value: 0.6764462348083006 and parameters: {'n_estimators': 163, 'max_depth': 9, 'min_samples_split': 7, 'min_samples_leaf': 1}. Best is trial 37 with value: 0.6868674245607973.
[I 2025-05-02 04:09:38,483] Trial 58 finished with value: 0.6517311314204802 and parameters: {'n_estimators': 186, 'max_depth': 9, 'min_samples_split': 10, 'min_samples_leaf': 2}. Best is trial 37 with value: 0.6868674245607973.
[I 2025-05-02 04:09:41,126] Trial 59 finished with value: 0.68722882318627 and parameters: {'n_estimators': 141, 'max_depth': 10, 'min_samples_split': 6, 'min_samples_leaf': 1}. Best is trial 59 with value: 0.68722882318627.
[I 2025-05-02 04:09:43,993] Trial 60 finished with value: 0.675879917184265 and parameters: {'n_estimators': 120, 'max_depth': 10, 'min_samples_split': 5, 'min_samples_leaf': 2}. Best is trial 59 with value: 0.68722882318627.
[I 2025-05-02 04:09:47,029] Trial 61 finished with value: 0.68722882318627 and parameters: {'n_estimators': 141, 'max_depth': 10, 'min_samples_split': 6, 'min_samples_leaf': 1}. Best is trial 59 with value: 0.68722882318627.
[I 2025-05-02 04:09:50,225] Trial 62 finished with value: 0.68722882318627 and parameters: {'n_estimators': 142, 'max_depth': 10, 'min_samples_split': 6, 'min_samples_leaf': 1}. Best is trial 59 with value: 0.68722882318627.
[I 2025-05-02 04:09:53,476] Trial 63 finished with value: 0.6856794547520189 and parameters: {'n_estimators': 141, 'max_depth': 9, 'min_samples_split': 5, 'min_samples_leaf': 1}. Best is trial 59 with value: 0.68722882318627.
[I 2025-05-02 04:09:56,405] Trial 64 finished with value: 0.6856794547520189 and parameters: {'n_estimators': 140, 'max_depth': 9, 'min_samples_split': 5, 'min_samples_leaf': 1}. Best is trial 59 with value: 0.68722882318627.
[I 2025-05-02 04:09:59,107] Trial 65 finished with value: 0.667929373835829 and parameters: {'n_estimators': 142, 'max_depth': 8, 'min_samples_split': 5, 'min_samples_leaf': 1}. Best is trial 59 with value: 0.68722882318627.
[I 2025-05-02 04:10:01,243] Trial 66 finished with value: 0.6821289742725536 and parameters: {'n_estimators': 133, 'max_depth': 9, 'min_samples_split': 6, 'min_samples_leaf': 2}. Best is trial 59 with value: 0.68722882318627.
[I 2025-05-02 04:10:04,713] Trial 67 finished with value: 0.6640638746210623 and parameters: {'n_estimators': 142, 'max_depth': 8, 'min_samples_split': 4, 'min_samples_leaf': 1}. Best is trial 59 with value: 0.68722882318627.
[I 2025-05-02 04:10:08,126] Trial 68 finished with value: 0.6630629274107535 and parameters: {'n_estimators': 155, 'max_depth': 7, 'min_samples_split': 5, 'min_samples_leaf': 1}. Best is trial 59 with value: 0.68722882318627.
[I 2025-05-02 04:10:11,314] Trial 69 finished with value: 0.685008265523938 and parameters: {'n_estimators': 139, 'max_depth': 9, 'min_samples_split': 6, 'min_samples_leaf': 2}. Best is trial 59 with value: 0.68722882318627.
[I 2025-05-02 04:10:15,069] Trial 70 finished with value: 0.6415176151761518 and parameters: {'n_estimators': 152, 'max_depth': 5, 'min_samples_split': 6, 'min_samples_leaf': 1}. Best is trial 59 with value: 0.68722882318627.
[I 2025-05-02 04:10:17,826] Trial 71 finished with value: 0.6748686225992695 and parameters: {'n_estimators': 131, 'max_depth': 9, 'min_samples_split': 6, 'min_samples_leaf': 1}. Best is trial 59 with value: 0.68722882318627.
[I 2025-05-02 04:10:21,024] Trial 72 finished with value: 0.6678090014184264 and parameters: {'n_estimators': 121, 'max_depth': 9, 'min_samples_split': 4, 'min_samples_leaf': 1}. Best is trial 59 with value: 0.68722882318627.
[I 2025-05-02 04:10:23,287] Trial 73 finished with value: 0.6880387728213815 and parameters: {'n_estimators': 147, 'max_depth': 10, 'min_samples_split': 5, 'min_samples_leaf': 1}. Best is trial 73 with value: 0.6880387728213815.
