[I 2025-05-02 04:39:08,541] Trial 334 finished with value: 0.6785683364254793 and parameters: {'n_estimators': 291, 'max_depth': 10, 'learning_rate': 0.29997894452862806, 'subsample': 0.9524431557437121, 'colsample_bytree': 0.8981005031629294, 'gamma': 2.081001627314287, 'min_child_weight': 1}. Best is trial 270 with value: 0.7467670188642833.
c:\Users\x-hp\AppData\Local\Programs\Python\Python311\Lib\site-packages\xgboost\training.py:183: UserWarning: [04:39:08] WARNING: C:\actions-runner\_work\xgboost\xgboost\src\learner.cc:738:
Parameters: { "use_label_encoder" } are not used.

  bst.update(dtrain, iteration=i, fobj=obj)
c:\Users\x-hp\AppData\Local\Programs\Python\Python311\Lib\site-packages\xgboost\training.py:183: UserWarning: [04:39:08] WARNING: C:\actions-runner\_work\xgboost\xgboost\src\learner.cc:738:
Parameters: { "use_label_encoder" } are not used.

  bst.update(dtrain, iteration=i, fobj=obj)
c:\Users\x-hp\AppData\Local\Programs\Python\Python311\Lib\site-packages\xgboost\training.py:183: UserWarning: [04:39:08] WARNING: C:\actions-runner\_work\xgboost\xgboost\src\learner.cc:738:
Parameters: { "use_label_encoder" } are not used.

  bst.update(dtrain, iteration=i, fobj=obj)
c:\Users\x-hp\AppData\Local\Programs\Python\Python311\Lib\site-packages\xgboost\training.py:183: UserWarning: [04:39:09] WARNING: C:\actions-runner\_work\xgboost\xgboost\src\learner.cc:738:
Parameters: { "use_label_encoder" } are not used.

  bst.update(dtrain, iteration=i, fobj=obj)
c:\Users\x-hp\AppData\Local\Programs\Python\Python311\Lib\site-packages\xgboost\training.py:183: UserWarning: [04:39:09] WARNING: C:\actions-runner\_work\xgboost\xgboost\src\learner.cc:738:
Parameters: { "use_label_encoder" } are not used.

  bst.update(dtrain, iteration=i, fobj=obj)
[I 2025-05-02 04:39:09,226] Trial 335 finished with value: 0.7114093463472345 and parameters: {'n_estimators': 274, 'max_depth': 10, 'learning_rate': 0.2852253695250094, 'subsample': 0.9289350367424656, 'colsample_bytree': 0.9080436594950513, 'gamma': 2.4291567338737865, 'min_child_weight': 1}. Best is trial 270 with value: 0.7467670188642833.
c:\Users\x-hp\AppData\Local\Programs\Python\Python311\Lib\site-packages\xgboost\training.py:183: UserWarning: [04:39:09] WARNING: C:\actions-runner\_work\xgboost\xgboost\src\learner.cc:738:
Parameters: { "use_label_encoder" } are not used.

  bst.update(dtrain, iteration=i, fobj=obj)
c:\Users\x-hp\AppData\Local\Programs\Python\Python311\Lib\site-packages\xgboost\training.py:183: UserWarning: [04:39:09] WARNING: C:\actions-runner\_work\xgboost\xgboost\src\learner.cc:738:
Parameters: { "use_label_encoder" } are not used.

  bst.update(dtrain, iteration=i, fobj=obj)
c:\Users\x-hp\AppData\Local\Programs\Python\Python311\Lib\site-packages\xgboost\training.py:183: UserWarning: [04:39:09] WARNING: C:\actions-runner\_work\xgboost\xgboost\src\learner.cc:738:
Parameters: { "use_label_encoder" } are not used.

  bst.update(dtrain, iteration=i, fobj=obj)
c:\Users\x-hp\AppData\Local\Programs\Python\Python311\Lib\site-packages\xgboost\training.py:183: UserWarning: [04:39:09] WARNING: C:\actions-runner\_work\xgboost\xgboost\src\learner.cc:738:
Parameters: { "use_label_encoder" } are not used.

  bst.update(dtrain, iteration=i, fobj=obj)
c:\Users\x-hp\AppData\Local\Programs\Python\Python311\Lib\site-packages\xgboost\training.py:183: UserWarning: [04:39:09] WARNING: C:\actions-runner\_work\xgboost\xgboost\src\learner.cc:738:
Parameters: { "use_label_encoder" } are not used.

  bst.update(dtrain, iteration=i, fobj=obj)
[I 2025-05-02 04:39:09,921] Trial 336 finished with value: 0.7288467468393464 and parameters: {'n_estimators': 258, 'max_depth': 10, 'learning_rate': 0.29348735443540064, 'subsample': 0.9238190228927832, 'colsample_bytree': 0.9258826860517259, 'gamma': 2.2607479084849977, 'min_child_weight': 1}. Best is trial 270 with value: 0.7467670188642833.
c:\Users\x-hp\AppData\Local\Programs\Python\Python311\Lib\site-packages\xgboost\training.py:183: UserWarning: [04:39:10] WARNING: C:\actions-runner\_work\xgboost\xgboost\src\learner.cc:738:
Parameters: { "use_label_encoder" } are not used.

  bst.update(dtrain, iteration=i, fobj=obj)
c:\Users\x-hp\AppData\Local\Programs\Python\Python311\Lib\site-packages\xgboost\training.py:183: UserWarning: [04:39:10] WARNING: C:\actions-runner\_work\xgboost\xgboost\src\learner.cc:738:
Parameters: { "use_label_encoder" } are not used.

  bst.update(dtrain, iteration=i, fobj=obj)
c:\Users\x-hp\AppData\Local\Programs\Python\Python311\Lib\site-packages\xgboost\training.py:183: UserWarning: [04:39:10] WARNING: C:\actions-runner\_work\xgboost\xgboost\src\learner.cc:738:
Parameters: { "use_label_encoder" } are not used.

  bst.update(dtrain, iteration=i, fobj=obj)
c:\Users\x-hp\AppData\Local\Programs\Python\Python311\Lib\site-packages\xgboost\training.py:183: UserWarning: [04:39:10] WARNING: C:\actions-runner\_work\xgboost\xgboost\src\learner.cc:738:
Parameters: { "use_label_encoder" } are not used.

  bst.update(dtrain, iteration=i, fobj=obj)
c:\Users\x-hp\AppData\Local\Programs\Python\Python311\Lib\site-packages\xgboost\training.py:183: UserWarning: [04:39:10] WARNING: C:\actions-runner\_work\xgboost\xgboost\src\learner.cc:738:
Parameters: { "use_label_encoder" } are not used.

  bst.update(dtrain, iteration=i, fobj=obj)
[I 2025-05-02 04:39:10,677] Trial 337 finished with value: 0.6752630654369784 and parameters: {'n_estimators': 262, 'max_depth': 10, 'learning_rate': 0.2888832131449386, 'subsample': 0.7962713572077058, 'colsample_bytree': 0.933457599887755, 'gamma': 2.2704745453374366, 'min_child_weight': 1}. Best is trial 270 with value: 0.7467670188642833.
c:\Users\x-hp\AppData\Local\Programs\Python\Python311\Lib\site-packages\xgboost\training.py:183: UserWarning: [04:39:10] WARNING: C:\actions-runner\_work\xgboost\xgboost\src\learner.cc:738:
Parameters: { "use_label_encoder" } are not used.

  bst.update(dtrain, iteration=i, fobj=obj)
c:\Users\x-hp\AppData\Local\Programs\Python\Python311\Lib\site-packages\xgboost\training.py:183: UserWarning: [04:39:10] WARNING: C:\actions-runner\_work\xgboost\xgboost\src\learner.cc:738:
Parameters: { "use_label_encoder" } are not used.

  bst.update(dtrain, iteration=i, fobj=obj)
c:\Users\x-hp\AppData\Local\Programs\Python\Python311\Lib\site-packages\xgboost\training.py:183: UserWarning: [04:39:11] WARNING: C:\actions-runner\_work\xgboost\xgboost\src\learner.cc:738:
Parameters: { "use_label_encoder" } are not used.

  bst.update(dtrain, iteration=i, fobj=obj)
c:\Users\x-hp\AppData\Local\Programs\Python\Python311\Lib\site-packages\xgboost\training.py:183: UserWarning: [04:39:11] WARNING: C:\actions-runner\_work\xgboost\xgboost\src\learner.cc:738:
Parameters: { "use_label_encoder" } are not used.

  bst.update(dtrain, iteration=i, fobj=obj)
c:\Users\x-hp\AppData\Local\Programs\Python\Python311\Lib\site-packages\xgboost\training.py:183: UserWarning: [04:39:11] WARNING: C:\actions-runner\_work\xgboost\xgboost\src\learner.cc:738:
Parameters: { "use_label_encoder" } are not used.

  bst.update(dtrain, iteration=i, fobj=obj)
[I 2025-05-02 04:39:11,431] Trial 338 finished with value: 0.6869565217391305 and parameters: {'n_estimators': 270, 'max_depth': 10, 'learning_rate': 0.28315203034881187, 'subsample': 0.9135426306896327, 'colsample_bytree': 0.9165534251269427, 'gamma': 2.5234848107713255, 'min_child_weight': 1}. Best is trial 270 with value: 0.7467670188642833.
c:\Users\x-hp\AppData\Local\Programs\Python\Python311\Lib\site-packages\xgboost\training.py:183: UserWarning: [04:39:11] WARNING: C:\actions-runner\_work\xgboost\xgboost\src\learner.cc:738:
Parameters: { "use_label_encoder" } are not used.

  bst.update(dtrain, iteration=i, fobj=obj)
c:\Users\x-hp\AppData\Local\Programs\Python\Python311\Lib\site-packages\xgboost\training.py:183: UserWarning: [04:39:11] WARNING: C:\actions-runner\_work\xgboost\xgboost\src\learner.cc:738:
Parameters: { "use_label_encoder" } are not used.

  bst.update(dtrain, iteration=i, fobj=obj)
c:\Users\x-hp\AppData\Local\Programs\Python\Python311\Lib\site-packages\xgboost\training.py:183: UserWarning: [04:39:12] WARNING: C:\actions-runner\_work\xgboost\xgboost\src\learner.cc:738:
Parameters: { "use_label_encoder" } are not used.

  bst.update(dtrain, iteration=i, fobj=obj)
c:\Users\x-hp\AppData\Local\Programs\Python\Python311\Lib\site-packages\xgboost\training.py:183: UserWarning: [04:39:12] WARNING: C:\actions-runner\_work\xgboost\xgboost\src\learner.cc:738:
Parameters: { "use_label_encoder" } are not used.

  bst.update(dtrain, iteration=i, fobj=obj)
c:\Users\x-hp\AppData\Local\Programs\Python\Python311\Lib\site-packages\xgboost\training.py:183: UserWarning: [04:39:12] WARNING: C:\actions-runner\_work\xgboost\xgboost\src\learner.cc:738:
Parameters: { "use_label_encoder" } are not used.

  bst.update(dtrain, iteration=i, fobj=obj)
[I 2025-05-02 04:39:12,559] Trial 339 finished with value: 0.637488109588017 and parameters: {'n_estimators': 248, 'max_depth': 10, 'learning_rate': 0.2915211656976963, 'subsample': 0.9358847631343293, 'colsample_bytree': 0.9228863965581731, 'gamma': 2.3772437128049777, 'min_child_weight': 8}. Best is trial 270 with value: 0.7467670188642833.
c:\Users\x-hp\AppData\Local\Programs\Python\Python311\Lib\site-packages\xgboost\training.py:183: UserWarning: [04:39:12] WARNING: C:\actions-runner\_work\xgboost\xgboost\src\learner.cc:738:
Parameters: { "use_label_encoder" } are not used.

  bst.update(dtrain, iteration=i, fobj=obj)
c:\Users\x-hp\AppData\Local\Programs\Python\Python311\Lib\site-packages\xgboost\training.py:183: UserWarning: [04:39:12] WARNING: C:\actions-runner\_work\xgboost\xgboost\src\learner.cc:738:
Parameters: { "use_label_encoder" } are not used.

  bst.update(dtrain, iteration=i, fobj=obj)
c:\Users\x-hp\AppData\Local\Programs\Python\Python311\Lib\site-packages\xgboost\training.py:183: UserWarning: [04:39:12] WARNING: C:\actions-runner\_work\xgboost\xgboost\src\learner.cc:738:
Parameters: { "use_label_encoder" } are not used.

  bst.update(dtrain, iteration=i, fobj=obj)
c:\Users\x-hp\AppData\Local\Programs\Python\Python311\Lib\site-packages\xgboost\training.py:183: UserWarning: [04:39:13] WARNING: C:\actions-runner\_work\xgboost\xgboost\src\learner.cc:738:
Parameters: { "use_label_encoder" } are not used.

  bst.update(dtrain, iteration=i, fobj=obj)
c:\Users\x-hp\AppData\Local\Programs\Python\Python311\Lib\site-packages\xgboost\training.py:183: UserWarning: [04:39:13] WARNING: C:\actions-runner\_work\xgboost\xgboost\src\learner.cc:738:
Parameters: { "use_label_encoder" } are not used.

  bst.update(dtrain, iteration=i, fobj=obj)
[I 2025-05-02 04:39:13,281] Trial 340 finished with value: 0.6714562569213731 and parameters: {'n_estimators': 254, 'max_depth': 10, 'learning_rate': 0.2944562502016422, 'subsample': 0.6371652181368528, 'colsample_bytree': 0.8746878100163714, 'gamma': 2.0613666726713458, 'min_child_weight': 1}. Best is trial 270 with value: 0.7467670188642833.
c:\Users\x-hp\AppData\Local\Programs\Python\Python311\Lib\site-packages\xgboost\training.py:183: UserWarning: [04:39:13] WARNING: C:\actions-runner\_work\xgboost\xgboost\src\learner.cc:738:
Parameters: { "use_label_encoder" } are not used.

  bst.update(dtrain, iteration=i, fobj=obj)
c:\Users\x-hp\AppData\Local\Programs\Python\Python311\Lib\site-packages\xgboost\training.py:183: UserWarning: [04:39:13] WARNING: C:\actions-runner\_work\xgboost\xgboost\src\learner.cc:738:
Parameters: { "use_label_encoder" } are not used.

  bst.update(dtrain, iteration=i, fobj=obj)
c:\Users\x-hp\AppData\Local\Programs\Python\Python311\Lib\site-packages\xgboost\training.py:183: UserWarning: [04:39:13] WARNING: C:\actions-runner\_work\xgboost\xgboost\src\learner.cc:738:
Parameters: { "use_label_encoder" } are not used.

  bst.update(dtrain, iteration=i, fobj=obj)
c:\Users\x-hp\AppData\Local\Programs\Python\Python311\Lib\site-packages\xgboost\training.py:183: UserWarning: [04:39:13] WARNING: C:\actions-runner\_work\xgboost\xgboost\src\learner.cc:738:
Parameters: { "use_label_encoder" } are not used.

  bst.update(dtrain, iteration=i, fobj=obj)
c:\Users\x-hp\AppData\Local\Programs\Python\Python311\Lib\site-packages\xgboost\training.py:183: UserWarning: [04:39:13] WARNING: C:\actions-runner\_work\xgboost\xgboost\src\learner.cc:738:
Parameters: { "use_label_encoder" } are not used.

  bst.update(dtrain, iteration=i, fobj=obj)
[I 2025-05-02 04:39:14,039] Trial 341 finished with value: 0.7203825488931871 and parameters: {'n_estimators': 277, 'max_depth': 10, 'learning_rate': 0.10843055919051087, 'subsample': 0.9216954050002241, 'colsample_bytree': 0.8537077429367458, 'gamma': 2.27016268481891, 'min_child_weight': 1}. Best is trial 270 with value: 0.7467670188642833.
c:\Users\x-hp\AppData\Local\Programs\Python\Python311\Lib\site-packages\xgboost\training.py:183: UserWarning: [04:39:14] WARNING: C:\actions-runner\_work\xgboost\xgboost\src\learner.cc:738:
Parameters: { "use_label_encoder" } are not used.

  bst.update(dtrain, iteration=i, fobj=obj)
c:\Users\x-hp\AppData\Local\Programs\Python\Python311\Lib\site-packages\xgboost\training.py:183: UserWarning: [04:39:14] WARNING: C:\actions-runner\_work\xgboost\xgboost\src\learner.cc:738:
Parameters: { "use_label_encoder" } are not used.

  bst.update(dtrain, iteration=i, fobj=obj)
c:\Users\x-hp\AppData\Local\Programs\Python\Python311\Lib\site-packages\xgboost\training.py:183: UserWarning: [04:39:14] WARNING: C:\actions-runner\_work\xgboost\xgboost\src\learner.cc:738:
Parameters: { "use_label_encoder" } are not used.

  bst.update(dtrain, iteration=i, fobj=obj)
c:\Users\x-hp\AppData\Local\Programs\Python\Python311\Lib\site-packages\xgboost\training.py:183: UserWarning: [04:39:14] WARNING: C:\actions-runner\_work\xgboost\xgboost\src\learner.cc:738:
Parameters: { "use_label_encoder" } are not used.

  bst.update(dtrain, iteration=i, fobj=obj)
c:\Users\x-hp\AppData\Local\Programs\Python\Python311\Lib\site-packages\xgboost\training.py:183: UserWarning: [04:39:14] WARNING: C:\actions-runner\_work\xgboost\xgboost\src\learner.cc:738:
Parameters: { "use_label_encoder" } are not used.

  bst.update(dtrain, iteration=i, fobj=obj)
[I 2025-05-02 04:39:14,800] Trial 342 finished with value: 0.7188563899868248 and parameters: {'n_estimators': 272, 'max_depth': 10, 'learning_rate': 0.2865567011920494, 'subsample': 0.9136670098151348, 'colsample_bytree': 0.9326875074493731, 'gamma': 2.421977819243049, 'min_child_weight': 1}. Best is trial 270 with value: 0.7467670188642833.
c:\Users\x-hp\AppData\Local\Programs\Python\Python311\Lib\site-packages\xgboost\training.py:183: UserWarning: [04:39:14] WARNING: C:\actions-runner\_work\xgboost\xgboost\src\learner.cc:738:
Parameters: { "use_label_encoder" } are not used.

  bst.update(dtrain, iteration=i, fobj=obj)
c:\Users\x-hp\AppData\Local\Programs\Python\Python311\Lib\site-packages\xgboost\training.py:183: UserWarning: [04:39:15] WARNING: C:\actions-runner\_work\xgboost\xgboost\src\learner.cc:738:
Parameters: { "use_label_encoder" } are not used.

  bst.update(dtrain, iteration=i, fobj=obj)
c:\Users\x-hp\AppData\Local\Programs\Python\Python311\Lib\site-packages\xgboost\training.py:183: UserWarning: [04:39:15] WARNING: C:\actions-runner\_work\xgboost\xgboost\src\learner.cc:738:
Parameters: { "use_label_encoder" } are not used.

  bst.update(dtrain, iteration=i, fobj=obj)
c:\Users\x-hp\AppData\Local\Programs\Python\Python311\Lib\site-packages\xgboost\training.py:183: UserWarning: [04:39:15] WARNING: C:\actions-runner\_work\xgboost\xgboost\src\learner.cc:738:
Parameters: { "use_label_encoder" } are not used.

  bst.update(dtrain, iteration=i, fobj=obj)
c:\Users\x-hp\AppData\Local\Programs\Python\Python311\Lib\site-packages\xgboost\training.py:183: UserWarning: [04:39:15] WARNING: C:\actions-runner\_work\xgboost\xgboost\src\learner.cc:738:
Parameters: { "use_label_encoder" } are not used.

  bst.update(dtrain, iteration=i, fobj=obj)
[I 2025-05-02 04:39:15,463] Trial 343 finished with value: 0.6863963249822442 and parameters: {'n_estimators': 256, 'max_depth': 10, 'learning_rate': 0.279742883600113, 'subsample': 0.9473472265230838, 'colsample_bytree': 0.8916280723016657, 'gamma': 2.1904678228155827, 'min_child_weight': 1}. Best is trial 270 with value: 0.7467670188642833.
c:\Users\x-hp\AppData\Local\Programs\Python\Python311\Lib\site-packages\xgboost\training.py:183: UserWarning: [04:39:15] WARNING: C:\actions-runner\_work\xgboost\xgboost\src\learner.cc:738:
Parameters: { "use_label_encoder" } are not used.

  bst.update(dtrain, iteration=i, fobj=obj)
c:\Users\x-hp\AppData\Local\Programs\Python\Python311\Lib\site-packages\xgboost\training.py:183: UserWarning: [04:39:15] WARNING: C:\actions-runner\_work\xgboost\xgboost\src\learner.cc:738:
Parameters: { "use_label_encoder" } are not used.

  bst.update(dtrain, iteration=i, fobj=obj)
c:\Users\x-hp\AppData\Local\Programs\Python\Python311\Lib\site-packages\xgboost\training.py:183: UserWarning: [04:39:15] WARNING: C:\actions-runner\_work\xgboost\xgboost\src\learner.cc:738:
Parameters: { "use_label_encoder" } are not used.

  bst.update(dtrain, iteration=i, fobj=obj)
c:\Users\x-hp\AppData\Local\Programs\Python\Python311\Lib\site-packages\xgboost\training.py:183: UserWarning: [04:39:15] WARNING: C:\actions-runner\_work\xgboost\xgboost\src\learner.cc:738:
Parameters: { "use_label_encoder" } are not used.

  bst.update(dtrain, iteration=i, fobj=obj)
c:\Users\x-hp\AppData\Local\Programs\Python\Python311\Lib\site-packages\xgboost\training.py:183: UserWarning: [04:39:16] WARNING: C:\actions-runner\_work\xgboost\xgboost\src\learner.cc:738:
Parameters: { "use_label_encoder" } are not used.

  bst.update(dtrain, iteration=i, fobj=obj)
[I 2025-05-02 04:39:16,158] Trial 344 finished with value: 0.6928228738303832 and parameters: {'n_estimators': 265, 'max_depth': 10, 'learning_rate': 0.2998565126144002, 'subsample': 0.7669746484174775, 'colsample_bytree': 0.7462194873226783, 'gamma': 2.326758666664674, 'min_child_weight': 1}. Best is trial 270 with value: 0.7467670188642833.
c:\Users\x-hp\AppData\Local\Programs\Python\Python311\Lib\site-packages\xgboost\training.py:183: UserWarning: [04:39:16] WARNING: C:\actions-runner\_work\xgboost\xgboost\src\learner.cc:738:
Parameters: { "use_label_encoder" } are not used.

  bst.update(dtrain, iteration=i, fobj=obj)
c:\Users\x-hp\AppData\Local\Programs\Python\Python311\Lib\site-packages\xgboost\training.py:183: UserWarning: [04:39:16] WARNING: C:\actions-runner\_work\xgboost\xgboost\src\learner.cc:738:
Parameters: { "use_label_encoder" } are not used.

  bst.update(dtrain, iteration=i, fobj=obj)
c:\Users\x-hp\AppData\Local\Programs\Python\Python311\Lib\site-packages\xgboost\training.py:183: UserWarning: [04:39:16] WARNING: C:\actions-runner\_work\xgboost\xgboost\src\learner.cc:738:
Parameters: { "use_label_encoder" } are not used.

  bst.update(dtrain, iteration=i, fobj=obj)
c:\Users\x-hp\AppData\Local\Programs\Python\Python311\Lib\site-packages\xgboost\training.py:183: UserWarning: [04:39:16] WARNING: C:\actions-runner\_work\xgboost\xgboost\src\learner.cc:738:
Parameters: { "use_label_encoder" } are not used.

  bst.update(dtrain, iteration=i, fobj=obj)
c:\Users\x-hp\AppData\Local\Programs\Python\Python311\Lib\site-packages\xgboost\training.py:183: UserWarning: [04:39:16] WARNING: C:\actions-runner\_work\xgboost\xgboost\src\learner.cc:738:
Parameters: { "use_label_encoder" } are not used.

  bst.update(dtrain, iteration=i, fobj=obj)
[I 2025-05-02 04:39:16,894] Trial 345 finished with value: 0.7058016408431561 and parameters: {'n_estimators': 286, 'max_depth': 10, 'learning_rate': 0.290576444264343, 'subsample': 0.9300087906453088, 'colsample_bytree': 0.8671829109126041, 'gamma': 2.102286573734, 'min_child_weight': 1}. Best is trial 270 with value: 0.7467670188642833.
c:\Users\x-hp\AppData\Local\Programs\Python\Python311\Lib\site-packages\xgboost\training.py:183: UserWarning: [04:39:17] WARNING: C:\actions-runner\_work\xgboost\xgboost\src\learner.cc:738:
Parameters: { "use_label_encoder" } are not used.

  bst.update(dtrain, iteration=i, fobj=obj)
c:\Users\x-hp\AppData\Local\Programs\Python\Python311\Lib\site-packages\xgboost\training.py:183: UserWarning: [04:39:17] WARNING: C:\actions-runner\_work\xgboost\xgboost\src\learner.cc:738:
Parameters: { "use_label_encoder" } are not used.

  bst.update(dtrain, iteration=i, fobj=obj)
c:\Users\x-hp\AppData\Local\Programs\Python\Python311\Lib\site-packages\xgboost\training.py:183: UserWarning: [04:39:17] WARNING: C:\actions-runner\_work\xgboost\xgboost\src\learner.cc:738:
Parameters: { "use_label_encoder" } are not used.

  bst.update(dtrain, iteration=i, fobj=obj)
c:\Users\x-hp\AppData\Local\Programs\Python\Python311\Lib\site-packages\xgboost\training.py:183: UserWarning: [04:39:17] WARNING: C:\actions-runner\_work\xgboost\xgboost\src\learner.cc:738:
Parameters: { "use_label_encoder" } are not used.

  bst.update(dtrain, iteration=i, fobj=obj)
c:\Users\x-hp\AppData\Local\Programs\Python\Python311\Lib\site-packages\xgboost\training.py:183: UserWarning: [04:39:17] WARNING: C:\actions-runner\_work\xgboost\xgboost\src\learner.cc:738:
Parameters: { "use_label_encoder" } are not used.

  bst.update(dtrain, iteration=i, fobj=obj)
