[I 2025-05-02 04:38:21,872] Trial 262 finished with value: 0.7323236714975845 and parameters: {'n_estimators': 181, 'max_depth': 10, 'learning_rate': 0.2907665825083558, 'subsample': 0.9092647756044804, 'colsample_bytree': 0.9037292222607177, 'gamma': 2.158345106034691, 'min_child_weight': 1}. Best is trial 255 with value: 0.7373807111497082.
c:\Users\x-hp\AppData\Local\Programs\Python\Python311\Lib\site-packages\xgboost\training.py:183: UserWarning: [04:38:22] WARNING: C:\actions-runner\_work\xgboost\xgboost\src\learner.cc:738:
Parameters: { "use_label_encoder" } are not used.

  bst.update(dtrain, iteration=i, fobj=obj)
c:\Users\x-hp\AppData\Local\Programs\Python\Python311\Lib\site-packages\xgboost\training.py:183: UserWarning: [04:38:22] WARNING: C:\actions-runner\_work\xgboost\xgboost\src\learner.cc:738:
Parameters: { "use_label_encoder" } are not used.

  bst.update(dtrain, iteration=i, fobj=obj)
c:\Users\x-hp\AppData\Local\Programs\Python\Python311\Lib\site-packages\xgboost\training.py:183: UserWarning: [04:38:22] WARNING: C:\actions-runner\_work\xgboost\xgboost\src\learner.cc:738:
Parameters: { "use_label_encoder" } are not used.

  bst.update(dtrain, iteration=i, fobj=obj)
c:\Users\x-hp\AppData\Local\Programs\Python\Python311\Lib\site-packages\xgboost\training.py:183: UserWarning: [04:38:22] WARNING: C:\actions-runner\_work\xgboost\xgboost\src\learner.cc:738:
Parameters: { "use_label_encoder" } are not used.

  bst.update(dtrain, iteration=i, fobj=obj)
c:\Users\x-hp\AppData\Local\Programs\Python\Python311\Lib\site-packages\xgboost\training.py:183: UserWarning: [04:38:22] WARNING: C:\actions-runner\_work\xgboost\xgboost\src\learner.cc:738:
Parameters: { "use_label_encoder" } are not used.

  bst.update(dtrain, iteration=i, fobj=obj)
[I 2025-05-02 04:38:22,437] Trial 263 finished with value: 0.7393629929221436 and parameters: {'n_estimators': 181, 'max_depth': 10, 'learning_rate': 0.29787608316033587, 'subsample': 0.9080918418000333, 'colsample_bytree': 0.9053139751916761, 'gamma': 2.1689115186149914, 'min_child_weight': 1}. Best is trial 263 with value: 0.7393629929221436.
c:\Users\x-hp\AppData\Local\Programs\Python\Python311\Lib\site-packages\xgboost\training.py:183: UserWarning: [04:38:22] WARNING: C:\actions-runner\_work\xgboost\xgboost\src\learner.cc:738:
Parameters: { "use_label_encoder" } are not used.

  bst.update(dtrain, iteration=i, fobj=obj)
c:\Users\x-hp\AppData\Local\Programs\Python\Python311\Lib\site-packages\xgboost\training.py:183: UserWarning: [04:38:22] WARNING: C:\actions-runner\_work\xgboost\xgboost\src\learner.cc:738:
Parameters: { "use_label_encoder" } are not used.

  bst.update(dtrain, iteration=i, fobj=obj)
c:\Users\x-hp\AppData\Local\Programs\Python\Python311\Lib\site-packages\xgboost\training.py:183: UserWarning: [04:38:22] WARNING: C:\actions-runner\_work\xgboost\xgboost\src\learner.cc:738:
Parameters: { "use_label_encoder" } are not used.

  bst.update(dtrain, iteration=i, fobj=obj)
c:\Users\x-hp\AppData\Local\Programs\Python\Python311\Lib\site-packages\xgboost\training.py:183: UserWarning: [04:38:23] WARNING: C:\actions-runner\_work\xgboost\xgboost\src\learner.cc:738:
Parameters: { "use_label_encoder" } are not used.

  bst.update(dtrain, iteration=i, fobj=obj)
c:\Users\x-hp\AppData\Local\Programs\Python\Python311\Lib\site-packages\xgboost\training.py:183: UserWarning: [04:38:23] WARNING: C:\actions-runner\_work\xgboost\xgboost\src\learner.cc:738:
Parameters: { "use_label_encoder" } are not used.

  bst.update(dtrain, iteration=i, fobj=obj)
[I 2025-05-02 04:38:23,301] Trial 264 finished with value: 0.7228415888767415 and parameters: {'n_estimators': 181, 'max_depth': 10, 'learning_rate': 0.2999731977770656, 'subsample': 0.9245912415282553, 'colsample_bytree': 0.9038136994313672, 'gamma': 2.1446537312137206, 'min_child_weight': 1}. Best is trial 263 with value: 0.7393629929221436.
c:\Users\x-hp\AppData\Local\Programs\Python\Python311\Lib\site-packages\xgboost\training.py:183: UserWarning: [04:38:23] WARNING: C:\actions-runner\_work\xgboost\xgboost\src\learner.cc:738:
Parameters: { "use_label_encoder" } are not used.

  bst.update(dtrain, iteration=i, fobj=obj)
c:\Users\x-hp\AppData\Local\Programs\Python\Python311\Lib\site-packages\xgboost\training.py:183: UserWarning: [04:38:23] WARNING: C:\actions-runner\_work\xgboost\xgboost\src\learner.cc:738:
Parameters: { "use_label_encoder" } are not used.

  bst.update(dtrain, iteration=i, fobj=obj)
c:\Users\x-hp\AppData\Local\Programs\Python\Python311\Lib\site-packages\xgboost\training.py:183: UserWarning: [04:38:23] WARNING: C:\actions-runner\_work\xgboost\xgboost\src\learner.cc:738:
Parameters: { "use_label_encoder" } are not used.

  bst.update(dtrain, iteration=i, fobj=obj)
c:\Users\x-hp\AppData\Local\Programs\Python\Python311\Lib\site-packages\xgboost\training.py:183: UserWarning: [04:38:23] WARNING: C:\actions-runner\_work\xgboost\xgboost\src\learner.cc:738:
Parameters: { "use_label_encoder" } are not used.

  bst.update(dtrain, iteration=i, fobj=obj)
c:\Users\x-hp\AppData\Local\Programs\Python\Python311\Lib\site-packages\xgboost\training.py:183: UserWarning: [04:38:23] WARNING: C:\actions-runner\_work\xgboost\xgboost\src\learner.cc:738:
Parameters: { "use_label_encoder" } are not used.

  bst.update(dtrain, iteration=i, fobj=obj)
[I 2025-05-02 04:38:23,871] Trial 265 finished with value: 0.7057265467451803 and parameters: {'n_estimators': 181, 'max_depth': 10, 'learning_rate': 0.2970851883768844, 'subsample': 0.918186550648662, 'colsample_bytree': 0.9171140453420602, 'gamma': 2.1372975947758444, 'min_child_weight': 1}. Best is trial 263 with value: 0.7393629929221436.
c:\Users\x-hp\AppData\Local\Programs\Python\Python311\Lib\site-packages\xgboost\training.py:183: UserWarning: [04:38:24] WARNING: C:\actions-runner\_work\xgboost\xgboost\src\learner.cc:738:
Parameters: { "use_label_encoder" } are not used.

  bst.update(dtrain, iteration=i, fobj=obj)
c:\Users\x-hp\AppData\Local\Programs\Python\Python311\Lib\site-packages\xgboost\training.py:183: UserWarning: [04:38:24] WARNING: C:\actions-runner\_work\xgboost\xgboost\src\learner.cc:738:
Parameters: { "use_label_encoder" } are not used.

  bst.update(dtrain, iteration=i, fobj=obj)
c:\Users\x-hp\AppData\Local\Programs\Python\Python311\Lib\site-packages\xgboost\training.py:183: UserWarning: [04:38:24] WARNING: C:\actions-runner\_work\xgboost\xgboost\src\learner.cc:738:
Parameters: { "use_label_encoder" } are not used.

  bst.update(dtrain, iteration=i, fobj=obj)
c:\Users\x-hp\AppData\Local\Programs\Python\Python311\Lib\site-packages\xgboost\training.py:183: UserWarning: [04:38:24] WARNING: C:\actions-runner\_work\xgboost\xgboost\src\learner.cc:738:
Parameters: { "use_label_encoder" } are not used.

  bst.update(dtrain, iteration=i, fobj=obj)
c:\Users\x-hp\AppData\Local\Programs\Python\Python311\Lib\site-packages\xgboost\training.py:183: UserWarning: [04:38:24] WARNING: C:\actions-runner\_work\xgboost\xgboost\src\learner.cc:738:
Parameters: { "use_label_encoder" } are not used.

  bst.update(dtrain, iteration=i, fobj=obj)
[I 2025-05-02 04:38:24,440] Trial 266 finished with value: 0.7153876586095431 and parameters: {'n_estimators': 189, 'max_depth': 10, 'learning_rate': 0.2917227510036308, 'subsample': 0.9235068858576279, 'colsample_bytree': 0.901729449252813, 'gamma': 2.175221415289587, 'min_child_weight': 1}. Best is trial 263 with value: 0.7393629929221436.
c:\Users\x-hp\AppData\Local\Programs\Python\Python311\Lib\site-packages\xgboost\training.py:183: UserWarning: [04:38:24] WARNING: C:\actions-runner\_work\xgboost\xgboost\src\learner.cc:738:
Parameters: { "use_label_encoder" } are not used.

  bst.update(dtrain, iteration=i, fobj=obj)
c:\Users\x-hp\AppData\Local\Programs\Python\Python311\Lib\site-packages\xgboost\training.py:183: UserWarning: [04:38:24] WARNING: C:\actions-runner\_work\xgboost\xgboost\src\learner.cc:738:
Parameters: { "use_label_encoder" } are not used.

  bst.update(dtrain, iteration=i, fobj=obj)
c:\Users\x-hp\AppData\Local\Programs\Python\Python311\Lib\site-packages\xgboost\training.py:183: UserWarning: [04:38:24] WARNING: C:\actions-runner\_work\xgboost\xgboost\src\learner.cc:738:
Parameters: { "use_label_encoder" } are not used.

  bst.update(dtrain, iteration=i, fobj=obj)
c:\Users\x-hp\AppData\Local\Programs\Python\Python311\Lib\site-packages\xgboost\training.py:183: UserWarning: [04:38:24] WARNING: C:\actions-runner\_work\xgboost\xgboost\src\learner.cc:738:
Parameters: { "use_label_encoder" } are not used.

  bst.update(dtrain, iteration=i, fobj=obj)
c:\Users\x-hp\AppData\Local\Programs\Python\Python311\Lib\site-packages\xgboost\training.py:183: UserWarning: [04:38:24] WARNING: C:\actions-runner\_work\xgboost\xgboost\src\learner.cc:738:
Parameters: { "use_label_encoder" } are not used.

  bst.update(dtrain, iteration=i, fobj=obj)
[I 2025-05-02 04:38:25,019] Trial 267 finished with value: 0.7217687074829933 and parameters: {'n_estimators': 175, 'max_depth': 10, 'learning_rate': 0.29921908161334293, 'subsample': 0.9110141399230456, 'colsample_bytree': 0.8959887950466167, 'gamma': 2.054303918247542, 'min_child_weight': 1}. Best is trial 263 with value: 0.7393629929221436.
c:\Users\x-hp\AppData\Local\Programs\Python\Python311\Lib\site-packages\xgboost\training.py:183: UserWarning: [04:38:25] WARNING: C:\actions-runner\_work\xgboost\xgboost\src\learner.cc:738:
Parameters: { "use_label_encoder" } are not used.

  bst.update(dtrain, iteration=i, fobj=obj)
c:\Users\x-hp\AppData\Local\Programs\Python\Python311\Lib\site-packages\xgboost\training.py:183: UserWarning: [04:38:25] WARNING: C:\actions-runner\_work\xgboost\xgboost\src\learner.cc:738:
Parameters: { "use_label_encoder" } are not used.

  bst.update(dtrain, iteration=i, fobj=obj)
c:\Users\x-hp\AppData\Local\Programs\Python\Python311\Lib\site-packages\xgboost\training.py:183: UserWarning: [04:38:25] WARNING: C:\actions-runner\_work\xgboost\xgboost\src\learner.cc:738:
Parameters: { "use_label_encoder" } are not used.

  bst.update(dtrain, iteration=i, fobj=obj)
c:\Users\x-hp\AppData\Local\Programs\Python\Python311\Lib\site-packages\xgboost\training.py:183: UserWarning: [04:38:25] WARNING: C:\actions-runner\_work\xgboost\xgboost\src\learner.cc:738:
Parameters: { "use_label_encoder" } are not used.

  bst.update(dtrain, iteration=i, fobj=obj)
c:\Users\x-hp\AppData\Local\Programs\Python\Python311\Lib\site-packages\xgboost\training.py:183: UserWarning: [04:38:25] WARNING: C:\actions-runner\_work\xgboost\xgboost\src\learner.cc:738:
Parameters: { "use_label_encoder" } are not used.

  bst.update(dtrain, iteration=i, fobj=obj)
[I 2025-05-02 04:38:25,642] Trial 268 finished with value: 0.6970999618416032 and parameters: {'n_estimators': 173, 'max_depth': 10, 'learning_rate': 0.2998912550893044, 'subsample': 0.9113923747753963, 'colsample_bytree': 0.8902261996289021, 'gamma': 2.084884680594557, 'min_child_weight': 1}. Best is trial 263 with value: 0.7393629929221436.
c:\Users\x-hp\AppData\Local\Programs\Python\Python311\Lib\site-packages\xgboost\training.py:183: UserWarning: [04:38:25] WARNING: C:\actions-runner\_work\xgboost\xgboost\src\learner.cc:738:
Parameters: { "use_label_encoder" } are not used.

  bst.update(dtrain, iteration=i, fobj=obj)
c:\Users\x-hp\AppData\Local\Programs\Python\Python311\Lib\site-packages\xgboost\training.py:183: UserWarning: [04:38:25] WARNING: C:\actions-runner\_work\xgboost\xgboost\src\learner.cc:738:
Parameters: { "use_label_encoder" } are not used.

  bst.update(dtrain, iteration=i, fobj=obj)
c:\Users\x-hp\AppData\Local\Programs\Python\Python311\Lib\site-packages\xgboost\training.py:183: UserWarning: [04:38:25] WARNING: C:\actions-runner\_work\xgboost\xgboost\src\learner.cc:738:
Parameters: { "use_label_encoder" } are not used.

  bst.update(dtrain, iteration=i, fobj=obj)
c:\Users\x-hp\AppData\Local\Programs\Python\Python311\Lib\site-packages\xgboost\training.py:183: UserWarning: [04:38:26] WARNING: C:\actions-runner\_work\xgboost\xgboost\src\learner.cc:738:
Parameters: { "use_label_encoder" } are not used.

  bst.update(dtrain, iteration=i, fobj=obj)
c:\Users\x-hp\AppData\Local\Programs\Python\Python311\Lib\site-packages\xgboost\training.py:183: UserWarning: [04:38:26] WARNING: C:\actions-runner\_work\xgboost\xgboost\src\learner.cc:738:
Parameters: { "use_label_encoder" } are not used.

  bst.update(dtrain, iteration=i, fobj=obj)
[I 2025-05-02 04:38:26,258] Trial 269 finished with value: 0.7174992291088499 and parameters: {'n_estimators': 184, 'max_depth': 10, 'learning_rate': 0.2944978914713143, 'subsample': 0.9070321634541285, 'colsample_bytree': 0.9015171016100958, 'gamma': 2.061885733062367, 'min_child_weight': 1}. Best is trial 263 with value: 0.7393629929221436.
c:\Users\x-hp\AppData\Local\Programs\Python\Python311\Lib\site-packages\xgboost\training.py:183: UserWarning: [04:38:26] WARNING: C:\actions-runner\_work\xgboost\xgboost\src\learner.cc:738:
Parameters: { "use_label_encoder" } are not used.

  bst.update(dtrain, iteration=i, fobj=obj)
c:\Users\x-hp\AppData\Local\Programs\Python\Python311\Lib\site-packages\xgboost\training.py:183: UserWarning: [04:38:26] WARNING: C:\actions-runner\_work\xgboost\xgboost\src\learner.cc:738:
Parameters: { "use_label_encoder" } are not used.

  bst.update(dtrain, iteration=i, fobj=obj)
c:\Users\x-hp\AppData\Local\Programs\Python\Python311\Lib\site-packages\xgboost\training.py:183: UserWarning: [04:38:26] WARNING: C:\actions-runner\_work\xgboost\xgboost\src\learner.cc:738:
Parameters: { "use_label_encoder" } are not used.

  bst.update(dtrain, iteration=i, fobj=obj)
c:\Users\x-hp\AppData\Local\Programs\Python\Python311\Lib\site-packages\xgboost\training.py:183: UserWarning: [04:38:26] WARNING: C:\actions-runner\_work\xgboost\xgboost\src\learner.cc:738:
Parameters: { "use_label_encoder" } are not used.

  bst.update(dtrain, iteration=i, fobj=obj)
c:\Users\x-hp\AppData\Local\Programs\Python\Python311\Lib\site-packages\xgboost\training.py:183: UserWarning: [04:38:26] WARNING: C:\actions-runner\_work\xgboost\xgboost\src\learner.cc:738:
Parameters: { "use_label_encoder" } are not used.

  bst.update(dtrain, iteration=i, fobj=obj)
[I 2025-05-02 04:38:26,830] Trial 270 finished with value: 0.7467670188642833 and parameters: {'n_estimators': 184, 'max_depth': 10, 'learning_rate': 0.2949424037202682, 'subsample': 0.9085237438425097, 'colsample_bytree': 0.899500021587377, 'gamma': 2.265477208921092, 'min_child_weight': 1}. Best is trial 270 with value: 0.7467670188642833.
c:\Users\x-hp\AppData\Local\Programs\Python\Python311\Lib\site-packages\xgboost\training.py:183: UserWarning: [04:38:26] WARNING: C:\actions-runner\_work\xgboost\xgboost\src\learner.cc:738:
Parameters: { "use_label_encoder" } are not used.

  bst.update(dtrain, iteration=i, fobj=obj)
c:\Users\x-hp\AppData\Local\Programs\Python\Python311\Lib\site-packages\xgboost\training.py:183: UserWarning: [04:38:27] WARNING: C:\actions-runner\_work\xgboost\xgboost\src\learner.cc:738:
Parameters: { "use_label_encoder" } are not used.

  bst.update(dtrain, iteration=i, fobj=obj)
c:\Users\x-hp\AppData\Local\Programs\Python\Python311\Lib\site-packages\xgboost\training.py:183: UserWarning: [04:38:27] WARNING: C:\actions-runner\_work\xgboost\xgboost\src\learner.cc:738:
Parameters: { "use_label_encoder" } are not used.

  bst.update(dtrain, iteration=i, fobj=obj)
c:\Users\x-hp\AppData\Local\Programs\Python\Python311\Lib\site-packages\xgboost\training.py:183: UserWarning: [04:38:27] WARNING: C:\actions-runner\_work\xgboost\xgboost\src\learner.cc:738:
Parameters: { "use_label_encoder" } are not used.

  bst.update(dtrain, iteration=i, fobj=obj)
c:\Users\x-hp\AppData\Local\Programs\Python\Python311\Lib\site-packages\xgboost\training.py:183: UserWarning: [04:38:27] WARNING: C:\actions-runner\_work\xgboost\xgboost\src\learner.cc:738:
Parameters: { "use_label_encoder" } are not used.

  bst.update(dtrain, iteration=i, fobj=obj)
[I 2025-05-02 04:38:27,415] Trial 271 finished with value: 0.7024934277047523 and parameters: {'n_estimators': 184, 'max_depth': 10, 'learning_rate': 0.29999301332946443, 'subsample': 0.9058922431983423, 'colsample_bytree': 0.8982333116223765, 'gamma': 2.2981115014732145, 'min_child_weight': 1}. Best is trial 270 with value: 0.7467670188642833.
c:\Users\x-hp\AppData\Local\Programs\Python\Python311\Lib\site-packages\xgboost\training.py:183: UserWarning: [04:38:27] WARNING: C:\actions-runner\_work\xgboost\xgboost\src\learner.cc:738:
Parameters: { "use_label_encoder" } are not used.

  bst.update(dtrain, iteration=i, fobj=obj)
c:\Users\x-hp\AppData\Local\Programs\Python\Python311\Lib\site-packages\xgboost\training.py:183: UserWarning: [04:38:27] WARNING: C:\actions-runner\_work\xgboost\xgboost\src\learner.cc:738:
Parameters: { "use_label_encoder" } are not used.

  bst.update(dtrain, iteration=i, fobj=obj)
c:\Users\x-hp\AppData\Local\Programs\Python\Python311\Lib\site-packages\xgboost\training.py:183: UserWarning: [04:38:27] WARNING: C:\actions-runner\_work\xgboost\xgboost\src\learner.cc:738:
Parameters: { "use_label_encoder" } are not used.

  bst.update(dtrain, iteration=i, fobj=obj)
c:\Users\x-hp\AppData\Local\Programs\Python\Python311\Lib\site-packages\xgboost\training.py:183: UserWarning: [04:38:27] WARNING: C:\actions-runner\_work\xgboost\xgboost\src\learner.cc:738:
Parameters: { "use_label_encoder" } are not used.

  bst.update(dtrain, iteration=i, fobj=obj)
c:\Users\x-hp\AppData\Local\Programs\Python\Python311\Lib\site-packages\xgboost\training.py:183: UserWarning: [04:38:27] WARNING: C:\actions-runner\_work\xgboost\xgboost\src\learner.cc:738:
Parameters: { "use_label_encoder" } are not used.

  bst.update(dtrain, iteration=i, fobj=obj)
[I 2025-05-02 04:38:27,983] Trial 272 finished with value: 0.7298614180850206 and parameters: {'n_estimators': 187, 'max_depth': 10, 'learning_rate': 0.2938271548417532, 'subsample': 0.9110866601238506, 'colsample_bytree': 0.8995706588351661, 'gamma': 2.1619988540796946, 'min_child_weight': 1}. Best is trial 270 with value: 0.7467670188642833.
c:\Users\x-hp\AppData\Local\Programs\Python\Python311\Lib\site-packages\xgboost\training.py:183: UserWarning: [04:38:28] WARNING: C:\actions-runner\_work\xgboost\xgboost\src\learner.cc:738:
Parameters: { "use_label_encoder" } are not used.

  bst.update(dtrain, iteration=i, fobj=obj)
c:\Users\x-hp\AppData\Local\Programs\Python\Python311\Lib\site-packages\xgboost\training.py:183: UserWarning: [04:38:28] WARNING: C:\actions-runner\_work\xgboost\xgboost\src\learner.cc:738:
Parameters: { "use_label_encoder" } are not used.

  bst.update(dtrain, iteration=i, fobj=obj)
c:\Users\x-hp\AppData\Local\Programs\Python\Python311\Lib\site-packages\xgboost\training.py:183: UserWarning: [04:38:28] WARNING: C:\actions-runner\_work\xgboost\xgboost\src\learner.cc:738:
Parameters: { "use_label_encoder" } are not used.

  bst.update(dtrain, iteration=i, fobj=obj)
c:\Users\x-hp\AppData\Local\Programs\Python\Python311\Lib\site-packages\xgboost\training.py:183: UserWarning: [04:38:28] WARNING: C:\actions-runner\_work\xgboost\xgboost\src\learner.cc:738:
Parameters: { "use_label_encoder" } are not used.

  bst.update(dtrain, iteration=i, fobj=obj)
c:\Users\x-hp\AppData\Local\Programs\Python\Python311\Lib\site-packages\xgboost\training.py:183: UserWarning: [04:38:28] WARNING: C:\actions-runner\_work\xgboost\xgboost\src\learner.cc:738:
Parameters: { "use_label_encoder" } are not used.

  bst.update(dtrain, iteration=i, fobj=obj)
[I 2025-05-02 04:38:28,545] Trial 273 finished with value: 0.7093276971035659 and parameters: {'n_estimators': 188, 'max_depth': 10, 'learning_rate': 0.2917392350892224, 'subsample': 0.917623468280211, 'colsample_bytree': 0.9192026896228417, 'gamma': 2.227748766649743, 'min_child_weight': 1}. Best is trial 270 with value: 0.7467670188642833.
c:\Users\x-hp\AppData\Local\Programs\Python\Python311\Lib\site-packages\xgboost\training.py:183: UserWarning: [04:38:28] WARNING: C:\actions-runner\_work\xgboost\xgboost\src\learner.cc:738:
Parameters: { "use_label_encoder" } are not used.

  bst.update(dtrain, iteration=i, fobj=obj)
c:\Users\x-hp\AppData\Local\Programs\Python\Python311\Lib\site-packages\xgboost\training.py:183: UserWarning: [04:38:29] WARNING: C:\actions-runner\_work\xgboost\xgboost\src\learner.cc:738:
Parameters: { "use_label_encoder" } are not used.

  bst.update(dtrain, iteration=i, fobj=obj)
c:\Users\x-hp\AppData\Local\Programs\Python\Python311\Lib\site-packages\xgboost\training.py:183: UserWarning: [04:38:29] WARNING: C:\actions-runner\_work\xgboost\xgboost\src\learner.cc:738:
Parameters: { "use_label_encoder" } are not used.

  bst.update(dtrain, iteration=i, fobj=obj)
c:\Users\x-hp\AppData\Local\Programs\Python\Python311\Lib\site-packages\xgboost\training.py:183: UserWarning: [04:38:29] WARNING: C:\actions-runner\_work\xgboost\xgboost\src\learner.cc:738:
Parameters: { "use_label_encoder" } are not used.

  bst.update(dtrain, iteration=i, fobj=obj)
c:\Users\x-hp\AppData\Local\Programs\Python\Python311\Lib\site-packages\xgboost\training.py:183: UserWarning: [04:38:29] WARNING: C:\actions-runner\_work\xgboost\xgboost\src\learner.cc:738:
Parameters: { "use_label_encoder" } are not used.

  bst.update(dtrain, iteration=i, fobj=obj)
