[I 2025-05-02 03:03:03,426] Trial 94 finished with value: 0.8012519561815337 and parameters: {'n_estimators': 275, 'max_depth': 10, 'learning_rate': 0.18675960290132843, 'subsample': 0.9046823988813936, 'colsample_bytree': 0.7154340786938912, 'gamma': 1.8841981604863713, 'min_child_weight': 1}. Best is trial 71 with value: 0.8152582159624412.
c:\Users\x-hp\AppData\Local\Programs\Python\Python311\Lib\site-packages\xgboost\training.py:183: UserWarning: [03:03:03] WARNING: C:\actions-runner\_work\xgboost\xgboost\src\learner.cc:738:
Parameters: { "use_label_encoder" } are not used.

  bst.update(dtrain, iteration=i, fobj=obj)
c:\Users\x-hp\AppData\Local\Programs\Python\Python311\Lib\site-packages\xgboost\training.py:183: UserWarning: [03:03:03] WARNING: C:\actions-runner\_work\xgboost\xgboost\src\learner.cc:738:
Parameters: { "use_label_encoder" } are not used.

  bst.update(dtrain, iteration=i, fobj=obj)
c:\Users\x-hp\AppData\Local\Programs\Python\Python311\Lib\site-packages\xgboost\training.py:183: UserWarning: [03:03:03] WARNING: C:\actions-runner\_work\xgboost\xgboost\src\learner.cc:738:
Parameters: { "use_label_encoder" } are not used.

  bst.update(dtrain, iteration=i, fobj=obj)
c:\Users\x-hp\AppData\Local\Programs\Python\Python311\Lib\site-packages\xgboost\training.py:183: UserWarning: [03:03:04] WARNING: C:\actions-runner\_work\xgboost\xgboost\src\learner.cc:738:
Parameters: { "use_label_encoder" } are not used.

  bst.update(dtrain, iteration=i, fobj=obj)
c:\Users\x-hp\AppData\Local\Programs\Python\Python311\Lib\site-packages\xgboost\training.py:183: UserWarning: [03:03:04] WARNING: C:\actions-runner\_work\xgboost\xgboost\src\learner.cc:738:
Parameters: { "use_label_encoder" } are not used.

  bst.update(dtrain, iteration=i, fobj=obj)
[I 2025-05-02 03:03:04,449] Trial 95 finished with value: 0.7957355242566511 and parameters: {'n_estimators': 289, 'max_depth': 3, 'learning_rate': 0.1459757642463958, 'subsample': 0.8957199600511444, 'colsample_bytree': 0.6826819720450467, 'gamma': 4.782774459884158, 'min_child_weight': 2}. Best is trial 71 with value: 0.8152582159624412.
c:\Users\x-hp\AppData\Local\Programs\Python\Python311\Lib\site-packages\xgboost\training.py:183: UserWarning: [03:03:04] WARNING: C:\actions-runner\_work\xgboost\xgboost\src\learner.cc:738:
Parameters: { "use_label_encoder" } are not used.

  bst.update(dtrain, iteration=i, fobj=obj)
c:\Users\x-hp\AppData\Local\Programs\Python\Python311\Lib\site-packages\xgboost\training.py:183: UserWarning: [03:03:04] WARNING: C:\actions-runner\_work\xgboost\xgboost\src\learner.cc:738:
Parameters: { "use_label_encoder" } are not used.

  bst.update(dtrain, iteration=i, fobj=obj)
c:\Users\x-hp\AppData\Local\Programs\Python\Python311\Lib\site-packages\xgboost\training.py:183: UserWarning: [03:03:04] WARNING: C:\actions-runner\_work\xgboost\xgboost\src\learner.cc:738:
Parameters: { "use_label_encoder" } are not used.

  bst.update(dtrain, iteration=i, fobj=obj)
c:\Users\x-hp\AppData\Local\Programs\Python\Python311\Lib\site-packages\xgboost\training.py:183: UserWarning: [03:03:05] WARNING: C:\actions-runner\_work\xgboost\xgboost\src\learner.cc:738:
Parameters: { "use_label_encoder" } are not used.

  bst.update(dtrain, iteration=i, fobj=obj)
c:\Users\x-hp\AppData\Local\Programs\Python\Python311\Lib\site-packages\xgboost\training.py:183: UserWarning: [03:03:05] WARNING: C:\actions-runner\_work\xgboost\xgboost\src\learner.cc:738:
Parameters: { "use_label_encoder" } are not used.

  bst.update(dtrain, iteration=i, fobj=obj)
[I 2025-05-02 03:03:05,462] Trial 96 finished with value: 0.8011737089201878 and parameters: {'n_estimators': 271, 'max_depth': 5, 'learning_rate': 0.2027741709509094, 'subsample': 0.9404202364546612, 'colsample_bytree': 0.8187331198667444, 'gamma': 3.0354975973977836, 'min_child_weight': 4}. Best is trial 71 with value: 0.8152582159624412.
c:\Users\x-hp\AppData\Local\Programs\Python\Python311\Lib\site-packages\xgboost\training.py:183: UserWarning: [03:03:05] WARNING: C:\actions-runner\_work\xgboost\xgboost\src\learner.cc:738:
Parameters: { "use_label_encoder" } are not used.

  bst.update(dtrain, iteration=i, fobj=obj)
c:\Users\x-hp\AppData\Local\Programs\Python\Python311\Lib\site-packages\xgboost\training.py:183: UserWarning: [03:03:05] WARNING: C:\actions-runner\_work\xgboost\xgboost\src\learner.cc:738:
Parameters: { "use_label_encoder" } are not used.

  bst.update(dtrain, iteration=i, fobj=obj)
c:\Users\x-hp\AppData\Local\Programs\Python\Python311\Lib\site-packages\xgboost\training.py:183: UserWarning: [03:03:06] WARNING: C:\actions-runner\_work\xgboost\xgboost\src\learner.cc:738:
Parameters: { "use_label_encoder" } are not used.

  bst.update(dtrain, iteration=i, fobj=obj)
c:\Users\x-hp\AppData\Local\Programs\Python\Python311\Lib\site-packages\xgboost\training.py:183: UserWarning: [03:03:06] WARNING: C:\actions-runner\_work\xgboost\xgboost\src\learner.cc:738:
Parameters: { "use_label_encoder" } are not used.

  bst.update(dtrain, iteration=i, fobj=obj)
c:\Users\x-hp\AppData\Local\Programs\Python\Python311\Lib\site-packages\xgboost\training.py:183: UserWarning: [03:03:06] WARNING: C:\actions-runner\_work\xgboost\xgboost\src\learner.cc:738:
Parameters: { "use_label_encoder" } are not used.

  bst.update(dtrain, iteration=i, fobj=obj)
[I 2025-05-02 03:03:06,610] Trial 97 finished with value: 0.8124413145539906 and parameters: {'n_estimators': 300, 'max_depth': 10, 'learning_rate': 0.1575806399938394, 'subsample': 0.8632806011121044, 'colsample_bytree': 0.999029159101251, 'gamma': 3.5931181397547562, 'min_child_weight': 3}. Best is trial 71 with value: 0.8152582159624412.
c:\Users\x-hp\AppData\Local\Programs\Python\Python311\Lib\site-packages\xgboost\training.py:183: UserWarning: [03:03:06] WARNING: C:\actions-runner\_work\xgboost\xgboost\src\learner.cc:738:
Parameters: { "use_label_encoder" } are not used.

  bst.update(dtrain, iteration=i, fobj=obj)
c:\Users\x-hp\AppData\Local\Programs\Python\Python311\Lib\site-packages\xgboost\training.py:183: UserWarning: [03:03:06] WARNING: C:\actions-runner\_work\xgboost\xgboost\src\learner.cc:738:
Parameters: { "use_label_encoder" } are not used.

  bst.update(dtrain, iteration=i, fobj=obj)
c:\Users\x-hp\AppData\Local\Programs\Python\Python311\Lib\site-packages\xgboost\training.py:183: UserWarning: [03:03:07] WARNING: C:\actions-runner\_work\xgboost\xgboost\src\learner.cc:738:
Parameters: { "use_label_encoder" } are not used.

  bst.update(dtrain, iteration=i, fobj=obj)
c:\Users\x-hp\AppData\Local\Programs\Python\Python311\Lib\site-packages\xgboost\training.py:183: UserWarning: [03:03:07] WARNING: C:\actions-runner\_work\xgboost\xgboost\src\learner.cc:738:
Parameters: { "use_label_encoder" } are not used.

  bst.update(dtrain, iteration=i, fobj=obj)
c:\Users\x-hp\AppData\Local\Programs\Python\Python311\Lib\site-packages\xgboost\training.py:183: UserWarning: [03:03:07] WARNING: C:\actions-runner\_work\xgboost\xgboost\src\learner.cc:738:
Parameters: { "use_label_encoder" } are not used.

  bst.update(dtrain, iteration=i, fobj=obj)
[I 2025-05-02 03:03:07,553] Trial 98 finished with value: 0.8041471048513303 and parameters: {'n_estimators': 244, 'max_depth': 10, 'learning_rate': 0.1560938255210913, 'subsample': 0.8660390816920929, 'colsample_bytree': 0.9973304451588559, 'gamma': 3.581066736257469, 'min_child_weight': 3}. Best is trial 71 with value: 0.8152582159624412.
c:\Users\x-hp\AppData\Local\Programs\Python\Python311\Lib\site-packages\xgboost\training.py:183: UserWarning: [03:03:07] WARNING: C:\actions-runner\_work\xgboost\xgboost\src\learner.cc:738:
Parameters: { "use_label_encoder" } are not used.

  bst.update(dtrain, iteration=i, fobj=obj)
c:\Users\x-hp\AppData\Local\Programs\Python\Python311\Lib\site-packages\xgboost\training.py:183: UserWarning: [03:03:07] WARNING: C:\actions-runner\_work\xgboost\xgboost\src\learner.cc:738:
Parameters: { "use_label_encoder" } are not used.

  bst.update(dtrain, iteration=i, fobj=obj)
c:\Users\x-hp\AppData\Local\Programs\Python\Python311\Lib\site-packages\xgboost\training.py:183: UserWarning: [03:03:08] WARNING: C:\actions-runner\_work\xgboost\xgboost\src\learner.cc:738:
Parameters: { "use_label_encoder" } are not used.

  bst.update(dtrain, iteration=i, fobj=obj)
c:\Users\x-hp\AppData\Local\Programs\Python\Python311\Lib\site-packages\xgboost\training.py:183: UserWarning: [03:03:08] WARNING: C:\actions-runner\_work\xgboost\xgboost\src\learner.cc:738:
Parameters: { "use_label_encoder" } are not used.

  bst.update(dtrain, iteration=i, fobj=obj)
c:\Users\x-hp\AppData\Local\Programs\Python\Python311\Lib\site-packages\xgboost\training.py:183: UserWarning: [03:03:08] WARNING: C:\actions-runner\_work\xgboost\xgboost\src\learner.cc:738:
Parameters: { "use_label_encoder" } are not used.

  bst.update(dtrain, iteration=i, fobj=obj)
[I 2025-05-02 03:03:08,611] Trial 99 finished with value: 0.8069640062597807 and parameters: {'n_estimators': 297, 'max_depth': 10, 'learning_rate': 0.14025945841355447, 'subsample': 0.8663628790554184, 'colsample_bytree': 0.9978687581489785, 'gamma': 3.7659803538863983, 'min_child_weight': 3}. Best is trial 71 with value: 0.8152582159624412.
✅ Best XGBoost Parameters: {'n_estimators': 282, 'max_depth': 4, 'learning_rate': 0.15214518842241645, 'subsample': 0.7892267728875495, 'colsample_bytree': 0.9879046080667583, 'gamma': 3.5123474987395036, 'min_child_weight': 1}
✅ Best model selected based on F1: XGBoost
02-05-2025 03:03:09 Retraining best model on original full dataset...
02-05-2025 03:03:10 ✅ Exported and logged final model to W&B as artifact: final_model_xgboost.pkl
Requirement already satisfied: wandb in c:\users\x-hp\anaconda3\lib\site-packages (0.19.8)
Requirement already satisfied: click!=8.0.0,>=7.1 in c:\users\x-hp\anaconda3\lib\site-packages (from wandb) (8.1.7)
Requirement already satisfied: docker-pycreds>=0.4.0 in c:\users\x-hp\anaconda3\lib\site-packages (from wandb) (0.4.0)
Requirement already satisfied: gitpython!=3.1.29,>=1.0.0 in c:\users\x-hp\anaconda3\lib\site-packages (from wandb) (3.1.43)
Requirement already satisfied: platformdirs in c:\users\x-hp\anaconda3\lib\site-packages (from wandb) (3.10.0)
Requirement already satisfied: protobuf!=4.21.0,!=5.28.0,<6,>=3.19.0 in c:\users\x-hp\anaconda3\lib\site-packages (from wandb) (4.25.3)
Requirement already satisfied: psutil>=5.0.0 in c:\users\x-hp\anaconda3\lib\site-packages (from wandb) (5.9.0)
Requirement already satisfied: pydantic<3,>=2.6 in c:\users\x-hp\anaconda3\lib\site-packages (from wandb) (2.8.2)
Requirement already satisfied: pyyaml in c:\users\x-hp\anaconda3\lib\site-packages (from wandb) (6.0.1)
Requirement already satisfied: requests<3,>=2.0.0 in c:\users\x-hp\anaconda3\lib\site-packages (from wandb) (2.32.3)
Requirement already satisfied: sentry-sdk>=2.0.0 in c:\users\x-hp\anaconda3\lib\site-packages (from wandb) (2.18.0)
Requirement already satisfied: setproctitle in c:\users\x-hp\anaconda3\lib\site-packages (from wandb) (1.3.5)
Requirement already satisfied: setuptools in c:\users\x-hp\anaconda3\lib\site-packages (from wandb) (75.1.0)
Requirement already satisfied: colorama in c:\users\x-hp\anaconda3\lib\site-packages (from click!=8.0.0,>=7.1->wandb) (0.4.6)
Requirement already satisfied: six>=1.4.0 in c:\users\x-hp\anaconda3\lib\site-packages (from docker-pycreds>=0.4.0->wandb) (1.17.0)
Requirement already satisfied: gitdb<5,>=4.0.1 in c:\users\x-hp\anaconda3\lib\site-packages (from gitpython!=3.1.29,>=1.0.0->wandb) (4.0.7)
Requirement already satisfied: annotated-types>=0.4.0 in c:\users\x-hp\anaconda3\lib\site-packages (from pydantic<3,>=2.6->wandb) (0.6.0)
Requirement already satisfied: pydantic-core==2.20.1 in c:\users\x-hp\anaconda3\lib\site-packages (from pydantic<3,>=2.6->wandb) (2.20.1)
Requirement already satisfied: typing-extensions>=4.6.1 in c:\users\x-hp\anaconda3\lib\site-packages (from pydantic<3,>=2.6->wandb) (4.11.0)
Requirement already satisfied: charset-normalizer<4,>=2 in c:\users\x-hp\anaconda3\lib\site-packages (from requests<3,>=2.0.0->wandb) (3.3.2)
Requirement already satisfied: idna<4,>=2.5 in c:\users\x-hp\anaconda3\lib\site-packages (from requests<3,>=2.0.0->wandb) (3.7)
Requirement already satisfied: urllib3<3,>=1.21.1 in c:\users\x-hp\anaconda3\lib\site-packages (from requests<3,>=2.0.0->wandb) (2.2.3)
Requirement already satisfied: certifi>=2017.4.17 in c:\users\x-hp\anaconda3\lib\site-packages (from requests<3,>=2.0.0->wandb) (2025.1.31)
Requirement already satisfied: smmap<5,>=3.0.1 in c:\users\x-hp\anaconda3\lib\site-packages (from gitdb<5,>=4.0.1->gitpython!=3.1.29,>=1.0.0->wandb) (4.0.0)
[34m[1mwandb[0m: [33mWARNING[0m Calling wandb.login() after wandb.init() has no effect.
02-05-2025 03:53:19 Downloading and reading train artifact
[34m[1mwandb[0m:   1 of 1 files downloaded.
02-05-2025 03:53:24 Spliting data into train/val
02-05-2025 03:53:24 x train: (375, 8)
02-05-2025 03:53:24 y train: (375,)
02-05-2025 03:53:24 x val: (162, 8)
02-05-2025 03:53:24 y val: (162,)
02-05-2025 03:53:24 Outlier Removal
02-05-2025 03:53:24 x_train shape [original]: (375, 8)
02-05-2025 03:53:24 x_train shape [outlier removal]: (357, 8)
02-05-2025 03:53:24 Data after SMOTE: (476, 8)
02-05-2025 03:53:25 [Logistic] Accuracy: 0.7037037037037037
02-05-2025 03:53:25 [Random Forest] Accuracy: 0.691358024691358
c:\Users\x-hp\AppData\Local\Programs\Python\Python311\Lib\site-packages\xgboost\training.py:183: UserWarning: [03:53:25] WARNING: C:\actions-runner\_work\xgboost\xgboost\src\learner.cc:738:
Parameters: { "use_label_encoder" } are not used.

  bst.update(dtrain, iteration=i, fobj=obj)
02-05-2025 03:53:25 [XGBoost] Accuracy: 0.7098765432098766
                 Model  Accuracy
0  Logistic Regression  0.703704
1        Random Forest  0.691358
2              XGBoost  0.709877
[I 2025-05-02 03:53:30,696] A new study created in memory with name: no-name-2d637f35-3954-4623-b0f5-4fffa29569b1
[I 2025-05-02 03:53:32,828] Trial 0 finished with value: 0.7703834115805946 and parameters: {'n_estimators': 122, 'max_depth': 2, 'min_samples_split': 5, 'min_samples_leaf': 1}. Best is trial 0 with value: 0.7703834115805946.
[I 2025-05-02 03:53:35,304] Trial 1 finished with value: 0.7929577464788732 and parameters: {'n_estimators': 156, 'max_depth': 7, 'min_samples_split': 2, 'min_samples_leaf': 1}. Best is trial 1 with value: 0.7929577464788732.
[I 2025-05-02 03:53:37,891] Trial 2 finished with value: 0.7845070422535212 and parameters: {'n_estimators': 185, 'max_depth': 10, 'min_samples_split': 8, 'min_samples_leaf': 4}. Best is trial 1 with value: 0.7929577464788732.
[I 2025-05-02 03:53:39,485] Trial 3 finished with value: 0.776017214397496 and parameters: {'n_estimators': 119, 'max_depth': 4, 'min_samples_split': 8, 'min_samples_leaf': 5}. Best is trial 1 with value: 0.7929577464788732.
[I 2025-05-02 03:53:41,814] Trial 4 finished with value: 0.7872456964006259 and parameters: {'n_estimators': 172, 'max_depth': 5, 'min_samples_split': 2, 'min_samples_leaf': 4}. Best is trial 1 with value: 0.7929577464788732.
[I 2025-05-02 03:53:43,067] Trial 5 finished with value: 0.7817292644757433 and parameters: {'n_estimators': 96, 'max_depth': 5, 'min_samples_split': 2, 'min_samples_leaf': 3}. Best is trial 1 with value: 0.7929577464788732.
[I 2025-05-02 03:53:45,144] Trial 6 finished with value: 0.7787949921752737 and parameters: {'n_estimators': 159, 'max_depth': 10, 'min_samples_split': 7, 'min_samples_leaf': 5}. Best is trial 1 with value: 0.7929577464788732.
[I 2025-05-02 03:53:48,552] Trial 7 finished with value: 0.7676838810641626 and parameters: {'n_estimators': 186, 'max_depth': 3, 'min_samples_split': 9, 'min_samples_leaf': 3}. Best is trial 1 with value: 0.7929577464788732.
[I 2025-05-02 03:53:52,284] Trial 8 finished with value: 0.784467918622848 and parameters: {'n_estimators': 199, 'max_depth': 9, 'min_samples_split': 10, 'min_samples_leaf': 4}. Best is trial 1 with value: 0.7929577464788732.
[I 2025-05-02 03:53:53,633] Trial 9 finished with value: 0.7732394366197182 and parameters: {'n_estimators': 87, 'max_depth': 4, 'min_samples_split': 4, 'min_samples_leaf': 4}. Best is trial 1 with value: 0.7929577464788732.
[I 2025-05-02 03:53:56,066] Trial 10 finished with value: 0.7872456964006259 and parameters: {'n_estimators': 153, 'max_depth': 7, 'min_samples_split': 4, 'min_samples_leaf': 1}. Best is trial 1 with value: 0.7929577464788732.
[I 2025-05-02 03:53:58,573] Trial 11 finished with value: 0.7928794992175273 and parameters: {'n_estimators': 157, 'max_depth': 7, 'min_samples_split': 2, 'min_samples_leaf': 2}. Best is trial 1 with value: 0.7929577464788732.
[I 2025-05-02 03:54:00,108] Trial 12 finished with value: 0.7873239436619718 and parameters: {'n_estimators': 51, 'max_depth': 7, 'min_samples_split': 3, 'min_samples_leaf': 2}. Best is trial 1 with value: 0.7929577464788732.
[I 2025-05-02 03:54:02,471] Trial 13 finished with value: 0.7985133020344287 and parameters: {'n_estimators': 143, 'max_depth': 8, 'min_samples_split': 6, 'min_samples_leaf': 2}. Best is trial 13 with value: 0.7985133020344287.
[I 2025-05-02 03:54:04,349] Trial 14 finished with value: 0.7929577464788732 and parameters: {'n_estimators': 136, 'max_depth': 8, 'min_samples_split': 6, 'min_samples_leaf': 2}. Best is trial 13 with value: 0.7985133020344287.
[I 2025-05-02 03:54:06,859] Trial 15 finished with value: 0.8013302034428793 and parameters: {'n_estimators': 138, 'max_depth': 8, 'min_samples_split': 6, 'min_samples_leaf': 1}. Best is trial 15 with value: 0.8013302034428793.
[I 2025-05-02 03:54:08,346] Trial 16 finished with value: 0.7985524256651017 and parameters: {'n_estimators': 105, 'max_depth': 9, 'min_samples_split': 6, 'min_samples_leaf': 2}. Best is trial 15 with value: 0.8013302034428793.
[I 2025-05-02 03:54:09,749] Trial 17 finished with value: 0.7985133020344287 and parameters: {'n_estimators': 100, 'max_depth': 9, 'min_samples_split': 7, 'min_samples_leaf': 1}. Best is trial 15 with value: 0.8013302034428793.
[I 2025-05-02 03:54:10,943] Trial 18 finished with value: 0.7956964006259779 and parameters: {'n_estimators': 72, 'max_depth': 9, 'min_samples_split': 5, 'min_samples_leaf': 2}. Best is trial 15 with value: 0.8013302034428793.
[I 2025-05-02 03:54:12,696] Trial 19 finished with value: 0.8012519561815337 and parameters: {'n_estimators': 111, 'max_depth': 8, 'min_samples_split': 7, 'min_samples_leaf': 1}. Best is trial 15 with value: 0.8013302034428793.
[I 2025-05-02 03:54:14,226] Trial 20 finished with value: 0.7816901408450704 and parameters: {'n_estimators': 112, 'max_depth': 6, 'min_samples_split': 8, 'min_samples_leaf': 1}. Best is trial 15 with value: 0.8013302034428793.
[I 2025-05-02 03:54:16,068] Trial 21 finished with value: 0.8040688575899843 and parameters: {'n_estimators': 133, 'max_depth': 8, 'min_samples_split': 7, 'min_samples_leaf': 1}. Best is trial 21 with value: 0.8040688575899843.
[I 2025-05-02 03:54:18,192] Trial 22 finished with value: 0.8040688575899843 and parameters: {'n_estimators': 137, 'max_depth': 8, 'min_samples_split': 7, 'min_samples_leaf': 1}. Best is trial 21 with value: 0.8040688575899843.
[I 2025-05-02 03:54:20,100] Trial 23 finished with value: 0.7928403755868544 and parameters: {'n_estimators': 138, 'max_depth': 6, 'min_samples_split': 5, 'min_samples_leaf': 1}. Best is trial 21 with value: 0.8040688575899843.
[I 2025-05-02 03:54:22,633] Trial 24 finished with value: 0.8012519561815334 and parameters: {'n_estimators': 131, 'max_depth': 8, 'min_samples_split': 7, 'min_samples_leaf': 1}. Best is trial 21 with value: 0.8040688575899843.
[I 2025-05-02 03:54:24,551] Trial 25 finished with value: 0.7845461658841939 and parameters: {'n_estimators': 144, 'max_depth': 10, 'min_samples_split': 9, 'min_samples_leaf': 2}. Best is trial 21 with value: 0.8040688575899843.
[I 2025-05-02 03:54:26,333] Trial 26 finished with value: 0.7984350547730829 and parameters: {'n_estimators': 127, 'max_depth': 8, 'min_samples_split': 9, 'min_samples_leaf': 3}. Best is trial 21 with value: 0.8040688575899843.
[I 2025-05-02 03:54:28,665] Trial 27 finished with value: 0.7816901408450704 and parameters: {'n_estimators': 172, 'max_depth': 6, 'min_samples_split': 8, 'min_samples_leaf': 1}. Best is trial 21 with value: 0.8040688575899843.
[I 2025-05-02 03:54:30,956] Trial 28 finished with value: 0.7928794992175273 and parameters: {'n_estimators': 172, 'max_depth': 7, 'min_samples_split': 6, 'min_samples_leaf': 2}. Best is trial 21 with value: 0.8040688575899843.
[I 2025-05-02 03:54:33,071] Trial 29 finished with value: 0.8040688575899845 and parameters: {'n_estimators': 148, 'max_depth': 9, 'min_samples_split': 5, 'min_samples_leaf': 1}. Best is trial 29 with value: 0.8040688575899845.
[I 2025-05-02 03:54:34,946] Trial 30 finished with value: 0.7732003129890452 and parameters: {'n_estimators': 121, 'max_depth': 2, 'min_samples_split': 4, 'min_samples_leaf': 1}. Best is trial 29 with value: 0.8040688575899845.
[I 2025-05-02 03:54:37,189] Trial 31 finished with value: 0.8040688575899845 and parameters: {'n_estimators': 152, 'max_depth': 9, 'min_samples_split': 5, 'min_samples_leaf': 1}. Best is trial 29 with value: 0.8040688575899845.
[I 2025-05-02 03:54:39,197] Trial 32 finished with value: 0.8040688575899845 and parameters: {'n_estimators': 149, 'max_depth': 9, 'min_samples_split': 5, 'min_samples_leaf': 1}. Best is trial 29 with value: 0.8040688575899845.
[I 2025-05-02 03:54:41,557] Trial 33 finished with value: 0.8040688575899845 and parameters: {'n_estimators': 149, 'max_depth': 10, 'min_samples_split': 5, 'min_samples_leaf': 1}. Best is trial 29 with value: 0.8040688575899845.
[I 2025-05-02 03:54:43,707] Trial 34 finished with value: 0.8040688575899845 and parameters: {'n_estimators': 150, 'max_depth': 10, 'min_samples_split': 5, 'min_samples_leaf': 1}. Best is trial 29 with value: 0.8040688575899845.
