[I 2025-05-03 22:57:04,003] Trial 15 finished with value: 0.79758886499218 and parameters: {'max_depth': 3, 'n_estimators': 60, 'learning_rate': 0.013029619784516824, 'subsample': 0.7666294308983789, 'colsample_bytree': 0.8691718250458947}. Best is trial 14 with value: 0.8186657355850806.
c:\Users\x-hp\OneDrive - National Economics University\Desktop\ML Ops\.venv\Lib\site-packages\xgboost\training.py:183: UserWarning: [22:57:04] WARNING: C:\actions-runner\_work\xgboost\xgboost\src\learner.cc:738:
Parameters: { "use_label_encoder" } are not used.

  bst.update(dtrain, iteration=i, fobj=obj)
c:\Users\x-hp\OneDrive - National Economics University\Desktop\ML Ops\.venv\Lib\site-packages\xgboost\training.py:183: UserWarning: [22:57:04] WARNING: C:\actions-runner\_work\xgboost\xgboost\src\learner.cc:738:
Parameters: { "use_label_encoder" } are not used.

  bst.update(dtrain, iteration=i, fobj=obj)
c:\Users\x-hp\OneDrive - National Economics University\Desktop\ML Ops\.venv\Lib\site-packages\xgboost\training.py:183: UserWarning: [22:57:04] WARNING: C:\actions-runner\_work\xgboost\xgboost\src\learner.cc:738:
Parameters: { "use_label_encoder" } are not used.

  bst.update(dtrain, iteration=i, fobj=obj)
[I 2025-05-03 22:57:04,405] Trial 16 finished with value: 0.8211373879576644 and parameters: {'max_depth': 5, 'n_estimators': 81, 'learning_rate': 0.05900643033202987, 'subsample': 0.6161188509150971, 'colsample_bytree': 0.8998555467029093}. Best is trial 16 with value: 0.8211373879576644.
c:\Users\x-hp\OneDrive - National Economics University\Desktop\ML Ops\.venv\Lib\site-packages\xgboost\training.py:183: UserWarning: [22:57:04] WARNING: C:\actions-runner\_work\xgboost\xgboost\src\learner.cc:738:
Parameters: { "use_label_encoder" } are not used.

  bst.update(dtrain, iteration=i, fobj=obj)
c:\Users\x-hp\OneDrive - National Economics University\Desktop\ML Ops\.venv\Lib\site-packages\xgboost\training.py:183: UserWarning: [22:57:04] WARNING: C:\actions-runner\_work\xgboost\xgboost\src\learner.cc:738:
Parameters: { "use_label_encoder" } are not used.

  bst.update(dtrain, iteration=i, fobj=obj)
c:\Users\x-hp\OneDrive - National Economics University\Desktop\ML Ops\.venv\Lib\site-packages\xgboost\training.py:183: UserWarning: [22:57:04] WARNING: C:\actions-runner\_work\xgboost\xgboost\src\learner.cc:738:
Parameters: { "use_label_encoder" } are not used.

  bst.update(dtrain, iteration=i, fobj=obj)
[I 2025-05-03 22:57:04,803] Trial 17 finished with value: 0.8131300649630001 and parameters: {'max_depth': 4, 'n_estimators': 78, 'learning_rate': 0.06568932840725113, 'subsample': 0.5993387908687455, 'colsample_bytree': 0.9110938801242177}. Best is trial 16 with value: 0.8211373879576644.
c:\Users\x-hp\OneDrive - National Economics University\Desktop\ML Ops\.venv\Lib\site-packages\xgboost\training.py:183: UserWarning: [22:57:04] WARNING: C:\actions-runner\_work\xgboost\xgboost\src\learner.cc:738:
Parameters: { "use_label_encoder" } are not used.

  bst.update(dtrain, iteration=i, fobj=obj)
c:\Users\x-hp\OneDrive - National Economics University\Desktop\ML Ops\.venv\Lib\site-packages\xgboost\training.py:183: UserWarning: [22:57:04] WARNING: C:\actions-runner\_work\xgboost\xgboost\src\learner.cc:738:
Parameters: { "use_label_encoder" } are not used.

  bst.update(dtrain, iteration=i, fobj=obj)
c:\Users\x-hp\OneDrive - National Economics University\Desktop\ML Ops\.venv\Lib\site-packages\xgboost\training.py:183: UserWarning: [22:57:05] WARNING: C:\actions-runner\_work\xgboost\xgboost\src\learner.cc:738:
Parameters: { "use_label_encoder" } are not used.

  bst.update(dtrain, iteration=i, fobj=obj)
[I 2025-05-03 22:57:05,166] Trial 18 finished with value: 0.813408599308167 and parameters: {'max_depth': 7, 'n_estimators': 52, 'learning_rate': 0.06869210954141476, 'subsample': 0.5528446162455851, 'colsample_bytree': 0.8650329260126302}. Best is trial 16 with value: 0.8211373879576644.
c:\Users\x-hp\OneDrive - National Economics University\Desktop\ML Ops\.venv\Lib\site-packages\xgboost\training.py:183: UserWarning: [22:57:05] WARNING: C:\actions-runner\_work\xgboost\xgboost\src\learner.cc:738:
Parameters: { "use_label_encoder" } are not used.

  bst.update(dtrain, iteration=i, fobj=obj)
c:\Users\x-hp\OneDrive - National Economics University\Desktop\ML Ops\.venv\Lib\site-packages\xgboost\training.py:183: UserWarning: [22:57:05] WARNING: C:\actions-runner\_work\xgboost\xgboost\src\learner.cc:738:
Parameters: { "use_label_encoder" } are not used.

  bst.update(dtrain, iteration=i, fobj=obj)
c:\Users\x-hp\OneDrive - National Economics University\Desktop\ML Ops\.venv\Lib\site-packages\xgboost\training.py:183: UserWarning: [22:57:05] WARNING: C:\actions-runner\_work\xgboost\xgboost\src\learner.cc:738:
Parameters: { "use_label_encoder" } are not used.

  bst.update(dtrain, iteration=i, fobj=obj)
[I 2025-05-03 22:57:05,560] Trial 19 finished with value: 0.8287667456860909 and parameters: {'max_depth': 5, 'n_estimators': 77, 'learning_rate': 0.04506859845586465, 'subsample': 0.6620479674077185, 'colsample_bytree': 0.6826390789507337}. Best is trial 19 with value: 0.8287667456860909.
Best params: {'max_depth': 5, 'n_estimators': 77, 'learning_rate': 0.04506859845586465, 'subsample': 0.6620479674077185, 'colsample_bytree': 0.6826390789507337}

Validation Report:
              precision    recall  f1-score   support

           0       0.87      0.69      0.77        70
           1       0.58      0.82      0.68        38

    accuracy                           0.73       108
   macro avg       0.73      0.75      0.72       108
weighted avg       0.77      0.73      0.74       108

Confusion Matrix:
 [[48 22]
 [ 7 31]]
Model saved and logged as final_model_xgboost.pkl
